#
# There is insufficient memory for the Java Runtime Environment to continue.
# Native memory allocation (mmap) failed to map 178257920 bytes for committing reserved memory.
# Possible reasons:
#   The system is out of physical RAM or swap space
#   The process is running with CompressedOops enabled, and the Java Heap may be blocking the growth of the native heap
# Possible solutions:
#   Reduce memory load on the system
#   Increase physical memory or swap space
#   Check if swap backing store is full
#   Decrease Java heap size (-Xmx/-Xms)
#   Decrease number of Java threads
#   Decrease Java thread stack sizes (-Xss)
#   Set larger code cache with -XX:ReservedCodeCacheSize=
#   JVM is running with Unscaled Compressed Oops mode in which the Java heap is
#     placed in the first 4GB address space. The Java Heap base address is the
#     maximum limit for the native heap growth. Please use -XX:HeapBaseMinAddress
#     to set the Java Heap base and to place the Java Heap above 4GB virtual address.
# This output file may be truncated or incomplete.
#
#  Out of Memory Error (os_linux.cpp:2706), pid=36758, tid=36780
#
# JRE version: OpenJDK Runtime Environment (10.0.2+13) (build 10.0.2+13-Ubuntu-1ubuntu0.18.04.2)
# Java VM: OpenJDK 64-Bit Server VM (10.0.2+13-Ubuntu-1ubuntu0.18.04.2, mixed mode, tiered, compressed oops, g1 gc, linux-amd64)
# Core dump will be written. Default location: Core dumps may be processed with "/usr/share/apport/apport %p %s %c %d %P" (or dumping to /home/arslan/Desktop/learnobot/blockly-games/core.36758)
#

---------------  S U M M A R Y ------------

Command Line: third-party/closure-compiler.jar --generate_exports --compilation_level ADVANCED_OPTIMIZATIONS --dependency_mode=STRICT --externs externs/gviz-externs.js --externs externs/interpreter-externs.js --externs externs/prettify-externs.js --externs externs/soundJS-externs.js --externs externs/storage-externs.js --externs appengine/third-party/blockly/externs/svg-externs.js --language_out ECMASCRIPT5_STRICT --entry_point=Puzzle --js='appengine/third-party/**.js' --js='!appengine/third-party/blockly/*.js' --js='!appengine/third-party/blockly/tests/**.js' --js='!appengine/third-party/blockly/externs/**.js' --js='!appengine/third-party/blockly/demos/**.js' --js='appengine/generated/en/*.js' --js='appengine/js/*.js' --warning_level QUIET --js='appengine/puzzle/generated/en/*.js' --js='appengine/puzzle/js/*.js'

Host: Intel(R) Core(TM) i7-6700HQ CPU @ 2.60GHz, 8 cores, 3G, Ubuntu 18.04.1 LTS
Time: Thu Oct  4 04:09:44 2018 PDT elapsed time: 7 seconds (0d 0h 0m 7s)

---------------  T H R E A D  ---------------

Current thread (0x00007f0830139800):  VMThread "VM Thread" [stack: 0x00007f07e5700000,0x00007f07e5800000] [id=36780]

Stack: [0x00007f07e5700000,0x00007f07e5800000],  sp=0x00007f07e57fe0a0,  free space=1016k
Native frames: (J=compiled Java code, A=aot compiled Java code, j=interpreted, Vv=VM code, C=native code)
V  [libjvm.so+0xd27e04]
V  [libjvm.so+0xd289ab]
V  [libjvm.so+0x64d415]
V  [libjvm.so+0xb2d728]
V  [libjvm.so+0xb25f7d]
V  [libjvm.so+0x7662ff]
V  [libjvm.so+0x76653e]
V  [libjvm.so+0x769500]
V  [libjvm.so+0x7efa1c]
V  [libjvm.so+0x7f06df]
V  [libjvm.so+0x7f0b59]
V  [libjvm.so+0x7162cf]
V  [libjvm.so+0x71a3ba]
V  [libjvm.so+0xd39f68]
V  [libjvm.so+0xd387d1]
V  [libjvm.so+0xd35a9b]
V  [libjvm.so+0xd370be]
V  [libjvm.so+0xd374e8]
V  [libjvm.so+0xb33ca0]

VM_Operation (0x00007f078f7e0200): G1IncCollectionPause, mode: safepoint, requested by thread 0x00007f0830500000


---------------  P R O C E S S  ---------------

Threads class SMR info:
_java_thread_list=0x00007f08304ff710, length=12, elements={
0x00007f0830012000, 0x00007f0830143800, 0x00007f0830145800, 0x00007f083014e800,
0x00007f0830159000, 0x00007f083015b000, 0x00007f083015d000, 0x00007f083015f000,
0x00007f0830161000, 0x00007f083021d800, 0x00007f083022c800, 0x00007f0830500000
}

Java Threads: ( => current thread )
  0x00007f0830012000 JavaThread "main" [_thread_blocked, id=36759, stack(0x00007f0838c2e000,0x00007f0838d2f000)]
  0x00007f0830143800 JavaThread "Reference Handler" daemon [_thread_blocked, id=36781, stack(0x00007f07e55fd000,0x00007f07e56fe000)]
  0x00007f0830145800 JavaThread "Finalizer" daemon [_thread_blocked, id=36782, stack(0x00007f07e54fc000,0x00007f07e55fd000)]
  0x00007f083014e800 JavaThread "Signal Dispatcher" daemon [_thread_blocked, id=36783, stack(0x00007f07e4a2c000,0x00007f07e4b2d000)]
  0x00007f0830159000 JavaThread "C2 CompilerThread0" daemon [_thread_blocked, id=36784, stack(0x00007f07e492b000,0x00007f07e4a2c000)]
  0x00007f083015b000 JavaThread "C2 CompilerThread1" daemon [_thread_in_native, id=36785, stack(0x00007f07e482a000,0x00007f07e492b000)]
  0x00007f083015d000 JavaThread "C2 CompilerThread2" daemon [_thread_in_native, id=36786, stack(0x00007f07e4729000,0x00007f07e482a000)]
  0x00007f083015f000 JavaThread "C1 CompilerThread3" daemon [_thread_blocked, id=36787, stack(0x00007f07e4628000,0x00007f07e4729000)]
  0x00007f0830161000 JavaThread "Sweeper thread" daemon [_thread_blocked, id=36788, stack(0x00007f07e4527000,0x00007f07e4628000)]
  0x00007f083021d800 JavaThread "Service Thread" daemon [_thread_blocked, id=36789, stack(0x00007f07e4426000,0x00007f07e4527000)]
  0x00007f083022c800 JavaThread "Common-Cleaner" daemon [_thread_blocked, id=36791, stack(0x00007f07e4223000,0x00007f07e4324000)]
  0x00007f0830500000 JavaThread "jscompiler" daemon [_thread_blocked, id=36796, stack(0x00007f078b7e7000,0x00007f078f7e8000)]

Other Threads:
=>0x00007f0830139800 VMThread "VM Thread" [stack: 0x00007f07e5700000,0x00007f07e5800000] [id=36780]
  0x00007f0830220000 WatcherThread [stack: 0x00007f07e4326000,0x00007f07e4426000] [id=36790]
  0x00007f0830029000 GCTaskThread "GC Thread#0" [stack: 0x00007f0834d53000,0x00007f0834e53000] [id=36760]
  0x00007f083002a800 GCTaskThread "GC Thread#1" [stack: 0x00007f0834c51000,0x00007f0834d51000] [id=36761]
  0x00007f083002c000 GCTaskThread "GC Thread#2" [stack: 0x00007f0834b4f000,0x00007f0834c4f000] [id=36762]
  0x00007f083002e000 GCTaskThread "GC Thread#3" [stack: 0x00007f0834a4d000,0x00007f0834b4d000] [id=36763]
  0x00007f083002f800 GCTaskThread "GC Thread#4" [stack: 0x00007f083494b000,0x00007f0834a4b000] [id=36764]
  0x00007f0830031000 GCTaskThread "GC Thread#5" [stack: 0x00007f0834849000,0x00007f0834949000] [id=36765]
  0x00007f0830033000 GCTaskThread "GC Thread#6" [stack: 0x00007f0834747000,0x00007f0834847000] [id=36766]
  0x00007f0830034800 GCTaskThread "GC Thread#7" [stack: 0x00007f0834645000,0x00007f0834745000] [id=36767]
  0x00007f083006c800 ConcurrentGCThread "G1 Main Marker" [stack: 0x00007f08153b3000,0x00007f08154b3000] [id=36768]
  0x00007f083006e800 ConcurrentGCThread "G1 Conc#0" [stack: 0x00007f08152b1000,0x00007f08153b1000] [id=36769]
  0x00007f0830070000 ConcurrentGCThread "G1 Conc#1" [stack: 0x00007f08151af000,0x00007f08152af000] [id=36770]
  0x00007f08300a4000 ConcurrentGCThread "G1 Refine#0" [stack: 0x00007f08148a5000,0x00007f08149a5000] [id=36771]
  0x00007f08300a6000 ConcurrentGCThread "G1 Refine#1" [stack: 0x00007f08147a3000,0x00007f08148a3000] [id=36772]
  0x00007f08300a7800 ConcurrentGCThread "G1 Refine#2" [stack: 0x00007f08146a1000,0x00007f08147a1000] [id=36773]
  0x00007f08300a9800 ConcurrentGCThread "G1 Refine#3" [stack: 0x00007f081459f000,0x00007f081469f000] [id=36774]
  0x00007f08300ab000 ConcurrentGCThread "G1 Refine#4" [stack: 0x00007f081449d000,0x00007f081459d000] [id=36775]
  0x00007f08300ac800 ConcurrentGCThread "G1 Refine#5" [stack: 0x00007f081439b000,0x00007f081449b000] [id=36776]
  0x00007f08300ae800 ConcurrentGCThread "G1 Refine#6" [stack: 0x00007f0814299000,0x00007f0814399000] [id=36777]
  0x00007f08300b0000 ConcurrentGCThread "G1 Refine#7" [stack: 0x00007f0814197000,0x00007f0814297000] [id=36778]
  0x00007f08300b2000 ConcurrentGCThread "G1 Young RemSet Sampling" [stack: 0x00007f0814095000,0x00007f0814195000] [id=36779]

Threads with active compile tasks:
C2 CompilerThread02692       4       com.google.javascript.jscomp.parsing.parser.Scanner::scanIdentifierOrKeyword (311 bytes)
C2 CompilerThread12289       4       com.google.javascript.jscomp.parsing.parser.Parser::parseConditional (71 bytes)
C2 CompilerThread22670       4       com.google.javascript.jscomp.parsing.parser.Parser::parseArguments (119 bytes)

VM state:at safepoint (normal execution)

VM Mutex/Monitor currently owned by a thread:  ([mutex/lock_event])
[0x00007f083000e660] Threads_lock - owner thread: 0x00007f0830139800
[0x00007f083000ec00] Heap_lock - owner thread: 0x00007f0830500000

Heap address: 0x00000000c2a00000, size: 982 MB, Compressed Oops mode: 32-bit
Narrow klass base: 0x0000000000000000, Narrow klass shift: 3
Compressed class space size: 1073741824 Address: 0x0000000100000000

Heap:
 garbage-first heap   total 380928K, used 93821K [0x00000000c2a00000, 0x0000000100000000)
  region size 1024K, 9 young (9216K), 9 survivors (9216K)
 Metaspace       used 16437K, capacity 16598K, committed 17024K, reserved 1064960K
  class space    used 1478K, capacity 1553K, committed 1664K, reserved 1048576K
Heap Regions: E=young(eden), S=young(survivor), O=old, HS=humongous(starts), HC=humongous(continues), CS=collection set, F=free, A=archive, TS=gc time stamp, AC=allocation context, TAMS=top-at-mark-start (previous, next)
|   0|0x00000000c2a00000, 0x00000000c2b00000, 0x00000000c2b00000|100%| O|  |TS  0|AC  0|TAMS 0x00000000c2b00000, 0x00000000c2b00000|
|   1|0x00000000c2b00000, 0x00000000c2c00000, 0x00000000c2c00000|100%| O|  |TS  0|AC  0|TAMS 0x00000000c2c00000, 0x00000000c2c00000|
|   2|0x00000000c2c00000, 0x00000000c2d00000, 0x00000000c2d00000|100%| O|  |TS  0|AC  0|TAMS 0x00000000c2d00000, 0x00000000c2d00000|
|   3|0x00000000c2d00000, 0x00000000c2e00000, 0x00000000c2e00000|100%| O|  |TS  0|AC  0|TAMS 0x00000000c2e00000, 0x00000000c2e00000|
|   4|0x00000000c2e00000, 0x00000000c2f00000, 0x00000000c2f00000|100%| O|  |TS  0|AC  0|TAMS 0x00000000c2f00000, 0x00000000c2f00000|
|   5|0x00000000c2f00000, 0x00000000c3000000, 0x00000000c3000000|100%| O|  |TS  0|AC  0|TAMS 0x00000000c3000000, 0x00000000c3000000|
|   6|0x00000000c3000000, 0x00000000c3100000, 0x00000000c3100000|100%| O|  |TS  0|AC  0|TAMS 0x00000000c3100000, 0x00000000c3100000|
|   7|0x00000000c3100000, 0x00000000c3200000, 0x00000000c3200000|100%| O|  |TS  0|AC  0|TAMS 0x00000000c3200000, 0x00000000c3200000|
|   8|0x00000000c3200000, 0x00000000c3300000, 0x00000000c3300000|100%| O|  |TS  0|AC  0|TAMS 0x00000000c3300000, 0x00000000c3300000|
|   9|0x00000000c3300000, 0x00000000c3400000, 0x00000000c3400000|100%| O|  |TS  0|AC  0|TAMS 0x00000000c3400000, 0x00000000c3400000|
|  10|0x00000000c3400000, 0x00000000c3500000, 0x00000000c3500000|100%| O|  |TS  0|AC  0|TAMS 0x00000000c3500000, 0x00000000c3500000|
|  11|0x00000000c3500000, 0x00000000c3600000, 0x00000000c3600000|100%| O|  |TS  0|AC  0|TAMS 0x00000000c3600000, 0x00000000c3600000|
|  12|0x00000000c3600000, 0x00000000c3700000, 0x00000000c3700000|100%| O|  |TS  0|AC  0|TAMS 0x00000000c3700000, 0x00000000c3700000|
|  13|0x00000000c3700000, 0x00000000c3800000, 0x00000000c3800000|100%| O|  |TS  0|AC  0|TAMS 0x00000000c3800000, 0x00000000c3800000|
|  14|0x00000000c3800000, 0x00000000c3900000, 0x00000000c3900000|100%| O|  |TS  0|AC  0|TAMS 0x00000000c3900000, 0x00000000c3900000|
|  15|0x00000000c3900000, 0x00000000c3a00000, 0x00000000c3a00000|100%|HS|  |TS  0|AC  0|TAMS 0x00000000c3a00000, 0x00000000c3a00000|
|  16|0x00000000c3a00000, 0x00000000c3b00000, 0x00000000c3b00000|100%| O|  |TS  0|AC  0|TAMS 0x00000000c3b00000, 0x00000000c3b00000|
|  17|0x00000000c3b00000, 0x00000000c3c00000, 0x00000000c3c00000|100%| O|  |TS  0|AC  0|TAMS 0x00000000c3c00000, 0x00000000c3c00000|
|  18|0x00000000c3c00000, 0x00000000c3d00000, 0x00000000c3d00000|100%| O|  |TS  0|AC  0|TAMS 0x00000000c3d00000, 0x00000000c3d00000|
|  19|0x00000000c3d00000, 0x00000000c3e00000, 0x00000000c3e00000|100%| O|  |TS  0|AC  0|TAMS 0x00000000c3e00000, 0x00000000c3e00000|
|  20|0x00000000c3e00000, 0x00000000c3f00000, 0x00000000c3f00000|100%| O|  |TS  0|AC  0|TAMS 0x00000000c3f00000, 0x00000000c3f00000|
|  21|0x00000000c3f00000, 0x00000000c4000000, 0x00000000c4000000|100%| O|  |TS  0|AC  0|TAMS 0x00000000c4000000, 0x00000000c4000000|
|  22|0x00000000c4000000, 0x00000000c4100000, 0x00000000c4100000|100%|HS|  |TS  0|AC  0|TAMS 0x00000000c4100000, 0x00000000c4100000|
|  23|0x00000000c4100000, 0x00000000c4200000, 0x00000000c4200000|100%| O|  |TS  0|AC  0|TAMS 0x00000000c4200000, 0x00000000c4200000|
|  24|0x00000000c4200000, 0x00000000c4300000, 0x00000000c4300000|100%| O|  |TS  0|AC  0|TAMS 0x00000000c4300000, 0x00000000c4300000|
|  25|0x00000000c4300000, 0x00000000c4400000, 0x00000000c4400000|100%| O|  |TS  0|AC  0|TAMS 0x00000000c4400000, 0x00000000c4400000|
|  26|0x00000000c4400000, 0x00000000c4500000, 0x00000000c4500000|100%| O|  |TS  0|AC  0|TAMS 0x00000000c4500000, 0x00000000c4500000|
|  27|0x00000000c4500000, 0x00000000c4600000, 0x00000000c4600000|100%| O|  |TS  0|AC  0|TAMS 0x00000000c4600000, 0x00000000c4600000|
|  28|0x00000000c4600000, 0x00000000c4700000, 0x00000000c4700000|100%| O|  |TS  0|AC  0|TAMS 0x00000000c4700000, 0x00000000c4700000|
|  29|0x00000000c4700000, 0x00000000c4800000, 0x00000000c4800000|100%| O|  |TS  0|AC  0|TAMS 0x00000000c4800000, 0x00000000c4800000|
|  30|0x00000000c4800000, 0x00000000c4900000, 0x00000000c4900000|100%| O|  |TS  0|AC  0|TAMS 0x00000000c4900000, 0x00000000c4900000|
|  31|0x00000000c4900000, 0x00000000c4a00000, 0x00000000c4a00000|100%| O|  |TS  0|AC  0|TAMS 0x00000000c4a00000, 0x00000000c4a00000|
|  32|0x00000000c4a00000, 0x00000000c4b00000, 0x00000000c4b00000|100%| O|  |TS  0|AC  0|TAMS 0x00000000c4b00000, 0x00000000c4b00000|
|  33|0x00000000c4b00000, 0x00000000c4c00000, 0x00000000c4c00000|100%| O|  |TS  0|AC  0|TAMS 0x00000000c4c00000, 0x00000000c4c00000|
|  34|0x00000000c4c00000, 0x00000000c4d00000, 0x00000000c4d00000|100%| O|  |TS  0|AC  0|TAMS 0x00000000c4d00000, 0x00000000c4d00000|
|  35|0x00000000c4d00000, 0x00000000c4e00000, 0x00000000c4e00000|100%| O|  |TS  0|AC  0|TAMS 0x00000000c4e00000, 0x00000000c4e00000|
|  36|0x00000000c4e00000, 0x00000000c4f00000, 0x00000000c4f00000|100%| O|  |TS  0|AC  0|TAMS 0x00000000c4f00000, 0x00000000c4f00000|
|  37|0x00000000c4f00000, 0x00000000c5000000, 0x00000000c5000000|100%| O|  |TS  0|AC  0|TAMS 0x00000000c5000000, 0x00000000c5000000|
|  38|0x00000000c5000000, 0x00000000c5100000, 0x00000000c5100000|100%| O|  |TS  0|AC  0|TAMS 0x00000000c5100000, 0x00000000c5100000|
|  39|0x00000000c5100000, 0x00000000c5200000, 0x00000000c5200000|100%| O|  |TS  0|AC  0|TAMS 0x00000000c5200000, 0x00000000c5200000|
|  40|0x00000000c5200000, 0x00000000c5300000, 0x00000000c5300000|100%| O|  |TS  0|AC  0|TAMS 0x00000000c5300000, 0x00000000c5300000|
|  41|0x00000000c5300000, 0x00000000c5400000, 0x00000000c5400000|100%| O|  |TS  0|AC  0|TAMS 0x00000000c5400000, 0x00000000c5400000|
|  42|0x00000000c5400000, 0x00000000c5500000, 0x00000000c5500000|100%| O|  |TS  0|AC  0|TAMS 0x00000000c5500000, 0x00000000c5500000|
|  43|0x00000000c5500000, 0x00000000c5600000, 0x00000000c5600000|100%| O|  |TS  0|AC  0|TAMS 0x00000000c5600000, 0x00000000c5600000|
|  44|0x00000000c5600000, 0x00000000c5700000, 0x00000000c5700000|100%| O|  |TS  0|AC  0|TAMS 0x00000000c5700000, 0x00000000c5700000|
|  45|0x00000000c5700000, 0x00000000c5800000, 0x00000000c5800000|100%| O|  |TS  0|AC  0|TAMS 0x00000000c5800000, 0x00000000c5800000|
|  46|0x00000000c5800000, 0x00000000c5900000, 0x00000000c5900000|100%| O|  |TS  0|AC  0|TAMS 0x00000000c5900000, 0x00000000c5900000|
|  47|0x00000000c5900000, 0x00000000c5a00000, 0x00000000c5a00000|100%| O|  |TS  0|AC  0|TAMS 0x00000000c5a00000, 0x00000000c5a00000|
|  48|0x00000000c5a00000, 0x00000000c5b00000, 0x00000000c5b00000|100%| O|  |TS  0|AC  0|TAMS 0x00000000c5b00000, 0x00000000c5b00000|
|  49|0x00000000c5b00000, 0x00000000c5c00000, 0x00000000c5c00000|100%| O|  |TS  0|AC  0|TAMS 0x00000000c5c00000, 0x00000000c5c00000|
|  50|0x00000000c5c00000, 0x00000000c5d00000, 0x00000000c5d00000|100%| O|  |TS  0|AC  0|TAMS 0x00000000c5d00000, 0x00000000c5d00000|
|  51|0x00000000c5d00000, 0x00000000c5e00000, 0x00000000c5e00000|100%| O|  |TS  0|AC  0|TAMS 0x00000000c5e00000, 0x00000000c5e00000|
|  52|0x00000000c5e00000, 0x00000000c5f00000, 0x00000000c5f00000|100%| O|  |TS  0|AC  0|TAMS 0x00000000c5f00000, 0x00000000c5f00000|
|  53|0x00000000c5f00000, 0x00000000c6000000, 0x00000000c6000000|100%| O|  |TS  0|AC  0|TAMS 0x00000000c6000000, 0x00000000c6000000|
|  54|0x00000000c6000000, 0x00000000c6100000, 0x00000000c6100000|100%| O|  |TS  1|AC  0|TAMS 0x00000000c6077600, 0x00000000c6077600|
|  55|0x00000000c6100000, 0x00000000c6200000, 0x00000000c6200000|100%| O|  |TS  3|AC  0|TAMS 0x00000000c6100000, 0x00000000c6100000|
|  56|0x00000000c6200000, 0x00000000c6300000, 0x00000000c6300000|100%| O|  |TS  1|AC  0|TAMS 0x00000000c6200000, 0x00000000c6200000|
|  57|0x00000000c6300000, 0x00000000c6400000, 0x00000000c6400000|100%| O|  |TS  1|AC  0|TAMS 0x00000000c6300000, 0x00000000c6300000|
|  58|0x00000000c6400000, 0x00000000c6500000, 0x00000000c6500000|100%| O|  |TS  1|AC  0|TAMS 0x00000000c6400000, 0x00000000c6400000|
|  59|0x00000000c6500000, 0x00000000c6600000, 0x00000000c6600000|100%| O|  |TS  1|AC  0|TAMS 0x00000000c6500000, 0x00000000c6500000|
|  60|0x00000000c6600000, 0x00000000c6700000, 0x00000000c6700000|100%| O|  |TS  2|AC  0|TAMS 0x00000000c6600000, 0x00000000c6600000|
|  61|0x00000000c6700000, 0x00000000c6800000, 0x00000000c6800000|100%| O|  |TS  2|AC  0|TAMS 0x00000000c6700000, 0x00000000c6700000|
|  62|0x00000000c6800000, 0x00000000c6900000, 0x00000000c6900000|100%| O|  |TS  2|AC  0|TAMS 0x00000000c6800000, 0x00000000c6800000|
|  63|0x00000000c6900000, 0x00000000c6a00000, 0x00000000c6a00000|100%| O|  |TS  2|AC  0|TAMS 0x00000000c6900000, 0x00000000c6900000|
|  64|0x00000000c6a00000, 0x00000000c6b00000, 0x00000000c6b00000|100%| O|  |TS  2|AC  0|TAMS 0x00000000c6a00000, 0x00000000c6a00000|
|  65|0x00000000c6b00000, 0x00000000c6c00000, 0x00000000c6c00000|100%| O|  |TS  3|AC  0|TAMS 0x00000000c6b00000, 0x00000000c6b00000|
|  66|0x00000000c6c00000, 0x00000000c6d00000, 0x00000000c6d00000|100%| O|  |TS  3|AC  0|TAMS 0x00000000c6c00000, 0x00000000c6c00000|
|  67|0x00000000c6d00000, 0x00000000c6e00000, 0x00000000c6e00000|100%| O|  |TS  3|AC  0|TAMS 0x00000000c6d00000, 0x00000000c6d00000|
|  68|0x00000000c6e00000, 0x00000000c6f00000, 0x00000000c6f00000|100%| O|  |TS  3|AC  0|TAMS 0x00000000c6e00000, 0x00000000c6e00000|
|  69|0x00000000c6f00000, 0x00000000c7000000, 0x00000000c7000000|100%| O|  |TS  3|AC  0|TAMS 0x00000000c6f00000, 0x00000000c6f00000|
|  70|0x00000000c7000000, 0x00000000c7100000, 0x00000000c7100000|100%| O|  |TS  3|AC  0|TAMS 0x00000000c7000000, 0x00000000c7000000|
|  71|0x00000000c7100000, 0x00000000c7200000, 0x00000000c7200000|100%| O|  |TS  3|AC  0|TAMS 0x00000000c7100000, 0x00000000c7100000|
|  72|0x00000000c7200000, 0x00000000c7300000, 0x00000000c7300000|100%| O|  |TS  4|AC  0|TAMS 0x00000000c7200000, 0x00000000c7200000|
|  73|0x00000000c7300000, 0x00000000c7300000, 0x00000000c7400000|  0%| F|  |TS  4|AC  0|TAMS 0x00000000c7300000, 0x00000000c7300000|
|  74|0x00000000c7400000, 0x00000000c7500000, 0x00000000c7500000|100%| O|  |TS  4|AC  0|TAMS 0x00000000c7400000, 0x00000000c7400000|
|  75|0x00000000c7500000, 0x00000000c7600000, 0x00000000c7600000|100%| O|  |TS  4|AC  0|TAMS 0x00000000c7500000, 0x00000000c7500000|
|  76|0x00000000c7600000, 0x00000000c7700000, 0x00000000c7700000|100%| O|  |TS  4|AC  0|TAMS 0x00000000c7600000, 0x00000000c7600000|
|  77|0x00000000c7700000, 0x00000000c7800000, 0x00000000c7800000|100%| O|  |TS  4|AC  0|TAMS 0x00000000c7700000, 0x00000000c7700000|
|  78|0x00000000c7800000, 0x00000000c7900000, 0x00000000c7900000|100%| O|  |TS  4|AC  0|TAMS 0x00000000c7800000, 0x00000000c7800000|
|  79|0x00000000c7900000, 0x00000000c7a00000, 0x00000000c7a00000|100%| O|  |TS  4|AC  0|TAMS 0x00000000c7900000, 0x00000000c7900000|
|  80|0x00000000c7a00000, 0x00000000c7b00000, 0x00000000c7b00000|100%| O|  |TS  4|AC  0|TAMS 0x00000000c7a00000, 0x00000000c7a00000|
|  81|0x00000000c7b00000, 0x00000000c7c00000, 0x00000000c7c00000|100%| O|  |TS  4|AC  0|TAMS 0x00000000c7b00000, 0x00000000c7b00000|
|  82|0x00000000c7c00000, 0x00000000c7d00000, 0x00000000c7d00000|100%| O|  |TS  4|AC  0|TAMS 0x00000000c7c00000, 0x00000000c7c00000|
|  83|0x00000000c7d00000, 0x00000000c7d9f600, 0x00000000c7e00000| 62%| O|  |TS  4|AC  0|TAMS 0x00000000c7d00000, 0x00000000c7d00000|
|  84|0x00000000c7e00000, 0x00000000c7e00000, 0x00000000c7f00000|  0%| F|  |TS  0|AC  0|TAMS 0x00000000c7e00000, 0x00000000c7e00000|
|  85|0x00000000c7f00000, 0x00000000c7f00000, 0x00000000c8000000|  0%| F|  |TS  0|AC  0|TAMS 0x00000000c7f00000, 0x00000000c7f00000|
|  86|0x00000000c8000000, 0x00000000c8000000, 0x00000000c8100000|  0%| F|  |TS  0|AC  0|TAMS 0x00000000c8000000, 0x00000000c8000000|
|  87|0x00000000c8100000, 0x00000000c8100000, 0x00000000c8200000|  0%| F|  |TS  0|AC  0|TAMS 0x00000000c8100000, 0x00000000c8100000|
|  88|0x00000000c8200000, 0x00000000c8200000, 0x00000000c8300000|  0%| F|  |TS  0|AC  0|TAMS 0x00000000c8200000, 0x00000000c8200000|
|  89|0x00000000c8300000, 0x00000000c8300000, 0x00000000c8400000|  0%| F|  |TS  0|AC  0|TAMS 0x00000000c8300000, 0x00000000c8300000|
|  90|0x00000000c8400000, 0x00000000c8400000, 0x00000000c8500000|  0%| F|  |TS  0|AC  0|TAMS 0x00000000c8400000, 0x00000000c8400000|
|  91|0x00000000c8500000, 0x00000000c8500000, 0x00000000c8600000|  0%| F|  |TS  0|AC  0|TAMS 0x00000000c8500000, 0x00000000c8500000|
|  92|0x00000000c8600000, 0x00000000c8600000, 0x00000000c8700000|  0%| F|  |TS  0|AC  0|TAMS 0x00000000c8600000, 0x00000000c8600000|
|  93|0x00000000c8700000, 0x00000000c8700000, 0x00000000c8800000|  0%| F|  |TS  0|AC  0|TAMS 0x00000000c8700000, 0x00000000c8700000|
|  94|0x00000000c8800000, 0x00000000c8800000, 0x00000000c8900000|  0%| F|  |TS  0|AC  0|TAMS 0x00000000c8800000, 0x00000000c8800000|
|  95|0x00000000c8900000, 0x00000000c8900000, 0x00000000c8a00000|  0%| F|  |TS  0|AC  0|TAMS 0x00000000c8900000, 0x00000000c8900000|
|  96|0x00000000c8a00000, 0x00000000c8a00000, 0x00000000c8b00000|  0%| F|  |TS  0|AC  0|TAMS 0x00000000c8a00000, 0x00000000c8a00000|
|  97|0x00000000c8b00000, 0x00000000c8b00000, 0x00000000c8c00000|  0%| F|  |TS  0|AC  0|TAMS 0x00000000c8b00000, 0x00000000c8b00000|
|  98|0x00000000c8c00000, 0x00000000c8c00000, 0x00000000c8d00000|  0%| F|  |TS  0|AC  0|TAMS 0x00000000c8c00000, 0x00000000c8c00000|
|  99|0x00000000c8d00000, 0x00000000c8d00000, 0x00000000c8e00000|  0%| F|  |TS  0|AC  0|TAMS 0x00000000c8d00000, 0x00000000c8d00000|
| 100|0x00000000c8e00000, 0x00000000c8e00000, 0x00000000c8f00000|  0%| F|  |TS  0|AC  0|TAMS 0x00000000c8e00000, 0x00000000c8e00000|
| 101|0x00000000c8f00000, 0x00000000c8f00000, 0x00000000c9000000|  0%| F|  |TS  0|AC  0|TAMS 0x00000000c8f00000, 0x00000000c8f00000|
| 102|0x00000000c9000000, 0x00000000c9000000, 0x00000000c9100000|  0%| F|  |TS  0|AC  0|TAMS 0x00000000c9000000, 0x00000000c9000000|
| 103|0x00000000c9100000, 0x00000000c9100000, 0x00000000c9200000|  0%| F|  |TS  0|AC  0|TAMS 0x00000000c9100000, 0x00000000c9100000|
| 104|0x00000000c9200000, 0x00000000c9200000, 0x00000000c9300000|  0%| F|  |TS  0|AC  0|TAMS 0x00000000c9200000, 0x00000000c9200000|
| 105|0x00000000c9300000, 0x00000000c9300000, 0x00000000c9400000|  0%| F|  |TS  0|AC  0|TAMS 0x00000000c9300000, 0x00000000c9300000|
| 106|0x00000000c9400000, 0x00000000c9400000, 0x00000000c9500000|  0%| F|  |TS  0|AC  0|TAMS 0x00000000c9400000, 0x00000000c9400000|
| 107|0x00000000c9500000, 0x00000000c9500000, 0x00000000c9600000|  0%| F|  |TS  0|AC  0|TAMS 0x00000000c9500000, 0x00000000c9500000|
| 108|0x00000000c9600000, 0x00000000c9600000, 0x00000000c9700000|  0%| F|  |TS  0|AC  0|TAMS 0x00000000c9600000, 0x00000000c9600000|
| 109|0x00000000c9700000, 0x00000000c9700000, 0x00000000c9800000|  0%| F|  |TS  0|AC  0|TAMS 0x00000000c9700000, 0x00000000c9700000|
| 110|0x00000000c9800000, 0x00000000c9800000, 0x00000000c9900000|  0%| F|  |TS  0|AC  0|TAMS 0x00000000c9800000, 0x00000000c9800000|
| 111|0x00000000c9900000, 0x00000000c9900000, 0x00000000c9a00000|  0%| F|  |TS  0|AC  0|TAMS 0x00000000c9900000, 0x00000000c9900000|
| 112|0x00000000c9a00000, 0x00000000c9a00000, 0x00000000c9b00000|  0%| F|  |TS  0|AC  0|TAMS 0x00000000c9a00000, 0x00000000c9a00000|
| 113|0x00000000c9b00000, 0x00000000c9b00000, 0x00000000c9c00000|  0%| F|  |TS  0|AC  0|TAMS 0x00000000c9b00000, 0x00000000c9b00000|
| 114|0x00000000c9c00000, 0x00000000c9c00000, 0x00000000c9d00000|  0%| F|  |TS  0|AC  0|TAMS 0x00000000c9c00000, 0x00000000c9c00000|
| 115|0x00000000c9d00000, 0x00000000c9d00000, 0x00000000c9e00000|  0%| F|  |TS  0|AC  0|TAMS 0x00000000c9d00000, 0x00000000c9d00000|
| 116|0x00000000c9e00000, 0x00000000c9e00000, 0x00000000c9f00000|  0%| F|  |TS  0|AC  0|TAMS 0x00000000c9e00000, 0x00000000c9e00000|
| 117|0x00000000c9f00000, 0x00000000c9f00000, 0x00000000ca000000|  0%| F|  |TS  0|AC  0|TAMS 0x00000000c9f00000, 0x00000000c9f00000|
| 118|0x00000000ca000000, 0x00000000ca000000, 0x00000000ca100000|  0%| F|  |TS  0|AC  0|TAMS 0x00000000ca000000, 0x00000000ca000000|
| 119|0x00000000ca100000, 0x00000000ca100000, 0x00000000ca200000|  0%| F|  |TS  0|AC  0|TAMS 0x00000000ca100000, 0x00000000ca100000|
| 120|0x00000000ca200000, 0x00000000ca200000, 0x00000000ca300000|  0%| F|  |TS  0|AC  0|TAMS 0x00000000ca200000, 0x00000000ca200000|
| 121|0x00000000ca300000, 0x00000000ca300000, 0x00000000ca400000|  0%| F|  |TS  3|AC  0|TAMS 0x00000000ca300000, 0x00000000ca300000|
| 122|0x00000000ca400000, 0x00000000ca400000, 0x00000000ca500000|  0%| F|  |TS  3|AC  0|TAMS 0x00000000ca400000, 0x00000000ca400000|
| 123|0x00000000ca500000, 0x00000000ca500000, 0x00000000ca600000|  0%| F|  |TS  3|AC  0|TAMS 0x00000000ca500000, 0x00000000ca500000|
| 124|0x00000000ca600000, 0x00000000ca600000, 0x00000000ca700000|  0%| F|  |TS  3|AC  0|TAMS 0x00000000ca600000, 0x00000000ca600000|
| 125|0x00000000ca700000, 0x00000000ca800000, 0x00000000ca800000|100%| S|CS|TS  4|AC  0|TAMS 0x00000000ca700000, 0x00000000ca700000|
| 126|0x00000000ca800000, 0x00000000ca900000, 0x00000000ca900000|100%| S|CS|TS  4|AC  0|TAMS 0x00000000ca800000, 0x00000000ca800000|
| 127|0x00000000ca900000, 0x00000000caa00000, 0x00000000caa00000|100%| S|CS|TS  4|AC  0|TAMS 0x00000000ca900000, 0x00000000ca900000|
| 128|0x00000000caa00000, 0x00000000cab00000, 0x00000000cab00000|100%| S|CS|TS  4|AC  0|TAMS 0x00000000caa00000, 0x00000000caa00000|
| 129|0x00000000cab00000, 0x00000000cac00000, 0x00000000cac00000|100%| S|CS|TS  4|AC  0|TAMS 0x00000000cab00000, 0x00000000cab00000|
| 130|0x00000000cac00000, 0x00000000cad00000, 0x00000000cad00000|100%| S|CS|TS  4|AC  0|TAMS 0x00000000cac00000, 0x00000000cac00000|
| 131|0x00000000cad00000, 0x00000000cae00000, 0x00000000cae00000|100%| S|CS|TS  4|AC  0|TAMS 0x00000000cad00000, 0x00000000cad00000|
| 132|0x00000000cae00000, 0x00000000caf00000, 0x00000000caf00000|100%| S|CS|TS  4|AC  0|TAMS 0x00000000cae00000, 0x00000000cae00000|
| 133|0x00000000caf00000, 0x00000000cb000000, 0x00000000cb000000|100%| S|CS|TS  4|AC  0|TAMS 0x00000000caf00000, 0x00000000caf00000|
| 134|0x00000000cb000000, 0x00000000cb000000, 0x00000000cb100000|  0%| F|  |TS  4|AC  0|TAMS 0x00000000cb000000, 0x00000000cb000000|
| 135|0x00000000cb100000, 0x00000000cb100000, 0x00000000cb200000|  0%| F|  |TS  4|AC  0|TAMS 0x00000000cb100000, 0x00000000cb100000|
| 136|0x00000000cb200000, 0x00000000cb200000, 0x00000000cb300000|  0%| F|  |TS  4|AC  0|TAMS 0x00000000cb200000, 0x00000000cb200000|
| 137|0x00000000cb300000, 0x00000000cb300000, 0x00000000cb400000|  0%| F|  |TS  4|AC  0|TAMS 0x00000000cb300000, 0x00000000cb300000|
| 138|0x00000000cb400000, 0x00000000cb400000, 0x00000000cb500000|  0%| F|  |TS  4|AC  0|TAMS 0x00000000cb400000, 0x00000000cb400000|
| 139|0x00000000cb500000, 0x00000000cb500000, 0x00000000cb600000|  0%| F|  |TS  4|AC  0|TAMS 0x00000000cb500000, 0x00000000cb500000|
| 140|0x00000000cb600000, 0x00000000cb600000, 0x00000000cb700000|  0%| F|  |TS  4|AC  0|TAMS 0x00000000cb600000, 0x00000000cb600000|
| 141|0x00000000cb700000, 0x00000000cb700000, 0x00000000cb800000|  0%| F|  |TS  4|AC  0|TAMS 0x00000000cb700000, 0x00000000cb700000|
| 142|0x00000000cb800000, 0x00000000cb800000, 0x00000000cb900000|  0%| F|  |TS  4|AC  0|TAMS 0x00000000cb800000, 0x00000000cb800000|
| 143|0x00000000cb900000, 0x00000000cb900000, 0x00000000cba00000|  0%| F|  |TS  4|AC  0|TAMS 0x00000000cb900000, 0x00000000cb900000|
| 144|0x00000000cba00000, 0x00000000cba00000, 0x00000000cbb00000|  0%| F|  |TS  4|AC  0|TAMS 0x00000000cba00000, 0x00000000cba00000|
| 145|0x00000000cbb00000, 0x00000000cbb00000, 0x00000000cbc00000|  0%| F|  |TS  4|AC  0|TAMS 0x00000000cbb00000, 0x00000000cbb00000|
| 146|0x00000000cbc00000, 0x00000000cbc00000, 0x00000000cbd00000|  0%| F|  |TS  4|AC  0|TAMS 0x00000000cbc00000, 0x00000000cbc00000|
| 147|0x00000000cbd00000, 0x00000000cbd00000, 0x00000000cbe00000|  0%| F|  |TS  4|AC  0|TAMS 0x00000000cbd00000, 0x00000000cbd00000|
| 148|0x00000000cbe00000, 0x00000000cbe00000, 0x00000000cbf00000|  0%| F|  |TS  4|AC  0|TAMS 0x00000000cbe00000, 0x00000000cbe00000|
| 149|0x00000000cbf00000, 0x00000000cbf00000, 0x00000000cc000000|  0%| F|  |TS  4|AC  0|TAMS 0x00000000cbf00000, 0x00000000cbf00000|
| 150|0x00000000cc000000, 0x00000000cc000000, 0x00000000cc100000|  0%| F|  |TS  4|AC  0|TAMS 0x00000000cc000000, 0x00000000cc000000|
| 151|0x00000000cc100000, 0x00000000cc100000, 0x00000000cc200000|  0%| F|  |TS  4|AC  0|TAMS 0x00000000cc100000, 0x00000000cc100000|
| 152|0x00000000cc200000, 0x00000000cc200000, 0x00000000cc300000|  0%| F|  |TS  4|AC  0|TAMS 0x00000000cc200000, 0x00000000cc200000|
| 153|0x00000000cc300000, 0x00000000cc300000, 0x00000000cc400000|  0%| F|  |TS  4|AC  0|TAMS 0x00000000cc300000, 0x00000000cc300000|
| 154|0x00000000cc400000, 0x00000000cc400000, 0x00000000cc500000|  0%| F|  |TS  4|AC  0|TAMS 0x00000000cc400000, 0x00000000cc400000|
| 155|0x00000000cc500000, 0x00000000cc500000, 0x00000000cc600000|  0%| F|  |TS  4|AC  0|TAMS 0x00000000cc500000, 0x00000000cc500000|
| 156|0x00000000cc600000, 0x00000000cc600000, 0x00000000cc700000|  0%| F|  |TS  4|AC  0|TAMS 0x00000000cc600000, 0x00000000cc600000|
| 157|0x00000000cc700000, 0x00000000cc700000, 0x00000000cc800000|  0%| F|  |TS  4|AC  0|TAMS 0x00000000cc700000, 0x00000000cc700000|
| 158|0x00000000cc800000, 0x00000000cc800000, 0x00000000cc900000|  0%| F|  |TS  4|AC  0|TAMS 0x00000000cc800000, 0x00000000cc800000|
| 159|0x00000000cc900000, 0x00000000cc900000, 0x00000000cca00000|  0%| F|  |TS  4|AC  0|TAMS 0x00000000cc900000, 0x00000000cc900000|
| 160|0x00000000cca00000, 0x00000000cca00000, 0x00000000ccb00000|  0%| F|  |TS  4|AC  0|TAMS 0x00000000cca00000, 0x00000000cca00000|
| 161|0x00000000ccb00000, 0x00000000ccb00000, 0x00000000ccc00000|  0%| F|  |TS  4|AC  0|TAMS 0x00000000ccb00000, 0x00000000ccb00000|
| 162|0x00000000ccc00000, 0x00000000ccc00000, 0x00000000ccd00000|  0%| F|  |TS  4|AC  0|TAMS 0x00000000ccc00000, 0x00000000ccc00000|
| 163|0x00000000ccd00000, 0x00000000ccd00000, 0x00000000cce00000|  0%| F|  |TS  4|AC  0|TAMS 0x00000000ccd00000, 0x00000000ccd00000|
| 164|0x00000000cce00000, 0x00000000cce00000, 0x00000000ccf00000|  0%| F|  |TS  4|AC  0|TAMS 0x00000000cce00000, 0x00000000cce00000|
| 165|0x00000000ccf00000, 0x00000000ccf00000, 0x00000000cd000000|  0%| F|  |TS  4|AC  0|TAMS 0x00000000ccf00000, 0x00000000ccf00000|
| 166|0x00000000cd000000, 0x00000000cd000000, 0x00000000cd100000|  0%| F|  |TS  4|AC  0|TAMS 0x00000000cd000000, 0x00000000cd000000|
| 167|0x00000000cd100000, 0x00000000cd100000, 0x00000000cd200000|  0%| F|  |TS  4|AC  0|TAMS 0x00000000cd100000, 0x00000000cd100000|
| 168|0x00000000cd200000, 0x00000000cd200000, 0x00000000cd300000|  0%| F|  |TS  4|AC  0|TAMS 0x00000000cd200000, 0x00000000cd200000|
| 169|0x00000000cd300000, 0x00000000cd300000, 0x00000000cd400000|  0%| F|  |TS  4|AC  0|TAMS 0x00000000cd300000, 0x00000000cd300000|
| 170|0x00000000cd400000, 0x00000000cd400000, 0x00000000cd500000|  0%| F|  |TS  4|AC  0|TAMS 0x00000000cd400000, 0x00000000cd400000|
| 171|0x00000000cd500000, 0x00000000cd500000, 0x00000000cd600000|  0%| F|  |TS  4|AC  0|TAMS 0x00000000cd500000, 0x00000000cd500000|
| 172|0x00000000cd600000, 0x00000000cd600000, 0x00000000cd700000|  0%| F|  |TS  4|AC  0|TAMS 0x00000000cd600000, 0x00000000cd600000|
| 173|0x00000000cd700000, 0x00000000cd700000, 0x00000000cd800000|  0%| F|  |TS  4|AC  0|TAMS 0x00000000cd700000, 0x00000000cd700000|
| 174|0x00000000cd800000, 0x00000000cd800000, 0x00000000cd900000|  0%| F|  |TS  4|AC  0|TAMS 0x00000000cd800000, 0x00000000cd800000|
| 175|0x00000000cd900000, 0x00000000cd900000, 0x00000000cda00000|  0%| F|  |TS  4|AC  0|TAMS 0x00000000cd900000, 0x00000000cd900000|
| 176|0x00000000cda00000, 0x00000000cda00000, 0x00000000cdb00000|  0%| F|  |TS  4|AC  0|TAMS 0x00000000cda00000, 0x00000000cda00000|
| 177|0x00000000cdb00000, 0x00000000cdb00000, 0x00000000cdc00000|  0%| F|  |TS  4|AC  0|TAMS 0x00000000cdb00000, 0x00000000cdb00000|
| 178|0x00000000cdc00000, 0x00000000cdc00000, 0x00000000cdd00000|  0%| F|  |TS  4|AC  0|TAMS 0x00000000cdc00000, 0x00000000cdc00000|
| 179|0x00000000cdd00000, 0x00000000cdd00000, 0x00000000cde00000|  0%| F|  |TS  4|AC  0|TAMS 0x00000000cdd00000, 0x00000000cdd00000|
| 180|0x00000000cde00000, 0x00000000cde00000, 0x00000000cdf00000|  0%| F|  |TS  4|AC  0|TAMS 0x00000000cde00000, 0x00000000cde00000|
| 181|0x00000000cdf00000, 0x00000000cdf00000, 0x00000000ce000000|  0%| F|  |TS  4|AC  0|TAMS 0x00000000cdf00000, 0x00000000cdf00000|
| 182|0x00000000ce000000, 0x00000000ce000000, 0x00000000ce100000|  0%| F|  |TS  4|AC  0|TAMS 0x00000000ce000000, 0x00000000ce000000|
| 183|0x00000000ce100000, 0x00000000ce100000, 0x00000000ce200000|  0%| F|  |TS  4|AC  0|TAMS 0x00000000ce100000, 0x00000000ce100000|
| 184|0x00000000ce200000, 0x00000000ce200000, 0x00000000ce300000|  0%| F|  |TS  4|AC  0|TAMS 0x00000000ce200000, 0x00000000ce200000|
| 185|0x00000000ce300000, 0x00000000ce300000, 0x00000000ce400000|  0%| F|  |TS  4|AC  0|TAMS 0x00000000ce300000, 0x00000000ce300000|
| 186|0x00000000ce400000, 0x00000000ce400000, 0x00000000ce500000|  0%| F|  |TS  4|AC  0|TAMS 0x00000000ce400000, 0x00000000ce400000|
| 187|0x00000000ce500000, 0x00000000ce500000, 0x00000000ce600000|  0%| F|  |TS  4|AC  0|TAMS 0x00000000ce500000, 0x00000000ce500000|
| 188|0x00000000ce600000, 0x00000000ce600000, 0x00000000ce700000|  0%| F|  |TS  4|AC  0|TAMS 0x00000000ce600000, 0x00000000ce600000|
| 189|0x00000000ce700000, 0x00000000ce700000, 0x00000000ce800000|  0%| F|  |TS  4|AC  0|TAMS 0x00000000ce700000, 0x00000000ce700000|
| 190|0x00000000ce800000, 0x00000000ce800000, 0x00000000ce900000|  0%| F|  |TS  4|AC  0|TAMS 0x00000000ce800000, 0x00000000ce800000|
| 191|0x00000000ce900000, 0x00000000ce900000, 0x00000000cea00000|  0%| F|  |TS  4|AC  0|TAMS 0x00000000ce900000, 0x00000000ce900000|
| 192|0x00000000cea00000, 0x00000000cea00000, 0x00000000ceb00000|  0%| F|  |TS  4|AC  0|TAMS 0x00000000cea00000, 0x00000000cea00000|
| 193|0x00000000ceb00000, 0x00000000ceb00000, 0x00000000cec00000|  0%| F|  |TS  4|AC  0|TAMS 0x00000000ceb00000, 0x00000000ceb00000|
| 194|0x00000000cec00000, 0x00000000cec00000, 0x00000000ced00000|  0%| F|  |TS  4|AC  0|TAMS 0x00000000cec00000, 0x00000000cec00000|
| 195|0x00000000ced00000, 0x00000000ced00000, 0x00000000cee00000|  0%| F|  |TS  4|AC  0|TAMS 0x00000000ced00000, 0x00000000ced00000|
| 196|0x00000000cee00000, 0x00000000cee00000, 0x00000000cef00000|  0%| F|  |TS  4|AC  0|TAMS 0x00000000cee00000, 0x00000000cee00000|
| 197|0x00000000cef00000, 0x00000000cef00000, 0x00000000cf000000|  0%| F|  |TS  4|AC  0|TAMS 0x00000000cef00000, 0x00000000cef00000|
| 198|0x00000000cf000000, 0x00000000cf000000, 0x00000000cf100000|  0%| F|  |TS  4|AC  0|TAMS 0x00000000cf000000, 0x00000000cf000000|
| 199|0x00000000cf100000, 0x00000000cf100000, 0x00000000cf200000|  0%| F|  |TS  4|AC  0|TAMS 0x00000000cf100000, 0x00000000cf100000|
| 200|0x00000000cf200000, 0x00000000cf200000, 0x00000000cf300000|  0%| F|  |TS  4|AC  0|TAMS 0x00000000cf200000, 0x00000000cf200000|
| 201|0x00000000cf300000, 0x00000000cf300000, 0x00000000cf400000|  0%| F|  |TS  4|AC  0|TAMS 0x00000000cf300000, 0x00000000cf300000|

Card table byte_map: [0x00007f081754e000,0x00007f0817739000] byte_map_base: 0x00007f0816f39000

Marking Bits (Prev, Next): (CMBitMap*) 0x00007f083006bea0, (CMBitMap*) 0x00007f083006bed8
 Prev Bits: [0x00007f081640b000, 0x00007f0817363000)
 Next Bits: [0x00007f08154b3000, 0x00007f081640b000)

Polling page: 0x00007f0838d43000

CodeHeap 'non-profiled nmethods': size=120032Kb used=2390Kb max_used=2390Kb free=117641Kb
 bounds [0x00007f081f5ee000, 0x00007f081f85e000, 0x00007f0826b26000]
CodeHeap 'profiled nmethods': size=120028Kb used=7021Kb max_used=7021Kb free=113006Kb
 bounds [0x00007f08180b7000, 0x00007f0818797000, 0x00007f081f5ee000]
CodeHeap 'non-nmethods': size=5700Kb used=1069Kb max_used=1132Kb free=4630Kb
 bounds [0x00007f0817b26000, 0x00007f0817d96000, 0x00007f08180b7000]
 total_blobs=3715 nmethods=2610 adapters=297
 compilation: enabled

Compilation events (10 events):
Event: 7.262 Thread 0x00007f083015f000 2681       2       com.google.javascript.rhino.dtoa.DToA::stuffBits (36 bytes)
Event: 7.263 Thread 0x00007f083015f000 nmethod 2681 0x00007f0818791290 code [0x00007f0818791440, 0x00007f08187915f0]
Event: 7.267 Thread 0x00007f083015f000 2687       3       java.math.BigInteger::stripLeadingZeroBytes (141 bytes)
Event: 7.268 Thread 0x00007f083015f000 nmethod 2687 0x00007f0818791710 code [0x00007f0818791900, 0x00007f0818791eb0]
Event: 7.332 Thread 0x00007f083015f000 2691       2       com.google.javascript.jscomp.PrepareAst$PrepareAnnotations::visit (36 bytes)
Event: 7.333 Thread 0x00007f083015f000 nmethod 2691 0x00007f0818792190 code [0x00007f0818792360, 0x00007f0818792528]
Event: 7.343 Thread 0x00007f0830159000 nmethod 2287 0x00007f081f834b90 code [0x00007f081f835480, 0x00007f081f83d380]
Event: 7.344 Thread 0x00007f0830159000 2346       4       com.google.javascript.jscomp.parsing.parser.Parser::peekFunction (6 bytes)
Event: 7.356 Thread 0x00007f0830159000 nmethod 2346 0x00007f081f842b90 code [0x00007f081f842d60, 0x00007f081f8433f8]
Event: 7.356 Thread 0x00007f0830159000 2692       4       com.google.javascript.jscomp.parsing.parser.Scanner::scanIdentifierOrKeyword (311 bytes)

GC Heap History (10 events):
Event: 4.909 GC heap after
{Heap after GC invocations=15 (full 0):
 garbage-first heap   total 103424K, used 52853K [0x00000000c2a00000, 0x0000000100000000)
  region size 1024K, 4 young (4096K), 4 survivors (4096K)
 Metaspace       used 16361K, capacity 16533K, committed 16768K, reserved 1064960K
  class space    used 1478K, capacity 1553K, committed 1664K, reserved 1048576K
}
Event: 5.024 GC heap before
{Heap before GC invocations=15 (full 0):
 garbage-first heap   total 103424K, used 75381K [0x00000000c2a00000, 0x0000000100000000)
  region size 1024K, 26 young (26624K), 4 survivors (4096K)
 Metaspace       used 16361K, capacity 16533K, committed 16768K, reserved 1064960K
  class space    used 1478K, capacity 1553K, committed 1664K, reserved 1048576K
}
Event: 5.057 GC heap after
{Heap after GC invocations=16 (full 0):
 garbage-first heap   total 206848K, used 59869K [0x00000000c2a00000, 0x0000000100000000)
  region size 1024K, 4 young (4096K), 4 survivors (4096K)
 Metaspace       used 16361K, capacity 16533K, committed 16768K, reserved 1064960K
  class space    used 1478K, capacity 1553K, committed 1664K, reserved 1048576K
}
Event: 5.677 GC heap before
{Heap before GC invocations=17 (full 0):
 garbage-first heap   total 206848K, used 113117K [0x00000000c2a00000, 0x0000000100000000)
  region size 1024K, 55 young (56320K), 4 survivors (4096K)
 Metaspace       used 16362K, capacity 16533K, committed 16768K, reserved 1064960K
  class space    used 1478K, capacity 1553K, committed 1664K, reserved 1048576K
}
Event: 5.709 GC heap after
{Heap after GC invocations=18 (full 0):
 garbage-first heap   total 206848K, used 67724K [0x00000000c2a00000, 0x0000000100000000)
  region size 1024K, 7 young (7168K), 7 survivors (7168K)
 Metaspace       used 16362K, capacity 16533K, committed 16768K, reserved 1064960K
  class space    used 1478K, capacity 1553K, committed 1664K, reserved 1048576K
}
Event: 6.197 GC heap before
{Heap before GC invocations=18 (full 0):
 garbage-first heap   total 206848K, used 135308K [0x00000000c2a00000, 0x0000000100000000)
  region size 1024K, 72 young (73728K), 7 survivors (7168K)
 Metaspace       used 16372K, capacity 16598K, committed 17024K, reserved 1064960K
  class space    used 1478K, capacity 1553K, committed 1664K, reserved 1048576K
}
Event: 6.249 GC heap after
{Heap after GC invocations=19 (full 0):
 garbage-first heap   total 206848K, used 75571K [0x00000000c2a00000, 0x0000000100000000)
  region size 1024K, 9 young (9216K), 9 survivors (9216K)
 Metaspace       used 16372K, capacity 16598K, committed 17024K, reserved 1064960K
  class space    used 1478K, capacity 1553K, committed 1664K, reserved 1048576K
}
Event: 6.798 GC heap before
{Heap before GC invocations=19 (full 0):
 garbage-first heap   total 206848K, used 135987K [0x00000000c2a00000, 0x0000000100000000)
  region size 1024K, 68 young (69632K), 9 survivors (9216K)
 Metaspace       used 16391K, capacity 16598K, committed 17024K, reserved 1064960K
  class space    used 1478K, capacity 1553K, committed 1664K, reserved 1048576K
}
Event: 6.825 GC heap after
{Heap after GC invocations=20 (full 0):
 garbage-first heap   total 206848K, used 82899K [0x00000000c2a00000, 0x0000000100000000)
  region size 1024K, 9 young (9216K), 9 survivors (9216K)
 Metaspace       used 16391K, capacity 16598K, committed 17024K, reserved 1064960K
  class space    used 1478K, capacity 1553K, committed 1664K, reserved 1048576K
}
Event: 7.362 GC heap before
{Heap before GC invocations=20 (full 0):
 garbage-first heap   total 206848K, used 144339K [0x00000000c2a00000, 0x0000000100000000)
  region size 1024K, 68 young (69632K), 9 survivors (9216K)
 Metaspace       used 16437K, capacity 16598K, committed 17024K, reserved 1064960K
  class space    used 1478K, capacity 1553K, committed 1664K, reserved 1048576K
}

Deoptimization events (10 events):
Event: 3.209 Thread 0x00007f0830500000 Uncommon trap: reason=class_check action=maybe_recompile pc=0x00007f081f6a56d8 method=java.util.regex.Pattern$BmpCharProperty.match(Ljava/util/regex/Matcher;ILjava/lang/CharSequence;)Z @ 19 c2
Event: 3.209 Thread 0x00007f0830500000 Uncommon trap: reason=unstable_if action=reinterpret pc=0x00007f081f6a557c method=java.util.regex.Pattern$BmpCharProperty.match(Ljava/util/regex/Matcher;ILjava/lang/CharSequence;)Z @ 39 c2
Event: 3.209 Thread 0x00007f0830500000 Uncommon trap: reason=unstable_if action=reinterpret pc=0x00007f081f6a557c method=java.util.regex.Pattern$BmpCharProperty.match(Ljava/util/regex/Matcher;ILjava/lang/CharSequence;)Z @ 39 c2
Event: 3.209 Thread 0x00007f0830500000 Uncommon trap: reason=unstable_if action=reinterpret pc=0x00007f081f6ad49c method=java.util.regex.Pattern$BmpCharProperty.match(Ljava/util/regex/Matcher;ILjava/lang/CharSequence;)Z @ 39 c2
Event: 3.221 Thread 0x00007f0830500000 Uncommon trap: reason=unstable_if action=reinterpret pc=0x00007f081f6ee6c4 method=com.google.javascript.rhino.Node.mergeLineCharNo(II)I @ 15 c2
Event: 3.259 Thread 0x00007f0830500000 Uncommon trap: reason=unstable_if action=reinterpret pc=0x00007f081f6953a8 method=com.google.javascript.jscomp.parsing.parser.LineNumberTable.computeLineStartOffsets(Ljava/lang/String;)[I @ 53 c2
Event: 3.502 Thread 0x00007f0830500000 Uncommon trap: reason=unstable_if action=reinterpret pc=0x00007f081f7115dc method=com.google.javascript.jscomp.parsing.parser.Parser.parse(Lcom/google/javascript/jscomp/parsing/parser/Parser$Expression;)Lcom/google/javascript/jscomp/parsing/parser/trees/P
Event: 4.214 Thread 0x00007f0830500000 Uncommon trap: reason=unstable_if action=reinterpret pc=0x00007f081f6613b0 method=java.lang.AbstractStringBuilder.isLatin1()Z @ 10 c2
Event: 7.128 Thread 0x00007f0830500000 Uncommon trap: reason=unstable_if action=reinterpret pc=0x00007f081f741e84 method=com.google.javascript.jscomp.parsing.parser.Scanner.isIdentifierPart(C)Z @ 91 c2
Event: 7.332 Thread 0x00007f0830500000 Uncommon trap: reason=unstable_if action=reinterpret pc=0x00007f081f7d8d28 method=com.google.javascript.jscomp.PrepareAst$PrepareAnnotations.annotateCalls(Lcom/google/javascript/rhino/Node;)V @ 58 c2

Classes redefined (0 events):
No events

Internal exceptions (10 events):
Event: 1.648 Thread 0x00007f0830012000 Exception <a 'java/lang/NoSuchMethodError'{0x00000000c65bf938}: java.lang.invoke.Invokers$Holder.invoke_MT(Ljava/lang/Object;Ljava/lang/Object;Ljava/lang/Object;Ljava/lang/Object;Ljava/lang/Object;Ljava/lang/Object;Ljava/lang/Object;Ljava/lang/Object;Ljav
Event: 1.651 Thread 0x00007f0830012000 Exception <a 'java/lang/NoSuchMethodError'{0x00000000c65cba30}: java.lang.invoke.DirectMethodHandle$Holder.invokeSpecial(Ljava/lang/Object;Ljava/lang/Object;Ljava/lang/Object;)I> (0x00000000c65cba30) thrown at [/build/openjdk-lts-xioZJb/openjdk-lts-10.0.2
Event: 1.652 Thread 0x00007f0830012000 Exception <a 'java/lang/NoSuchMethodError'{0x00000000c65d16a8}: method resolution failed> (0x00000000c65d16a8) thrown at [/build/openjdk-lts-xioZJb/openjdk-lts-10.0.2+13/src/hotspot/share/prims/methodHandles.cpp, line 1226]
Event: 1.653 Thread 0x00007f0830012000 Exception <a 'java/lang/NoSuchMethodError'{0x00000000c65d4a40}: java.lang.Object.lambda$thenComparing$36697e65$1(Ljava/util/Comparator;Ljava/lang/Object;Ljava/lang/Object;)I> (0x00000000c65d4a40) thrown at [/build/openjdk-lts-xioZJb/openjdk-lts-10.0.2+13/
Event: 1.817 Thread 0x00007f0830012000 Exception <a 'java/lang/NoSuchMethodError'{0x00000000c616f188}: java.lang.invoke.DirectMethodHandle$Holder.invokeStaticInit(Ljava/lang/Object;Ljava/lang/Object;)I> (0x00000000c616f188) thrown at [/build/openjdk-lts-xioZJb/openjdk-lts-10.0.2+13/src/hotspot
Event: 2.051 Thread 0x00007f0830500000 Implicit null exception at 0x00007f081f628e5a to 0x00007f081f628f52
Event: 2.059 Thread 0x00007f0830500000 Implicit null exception at 0x00007f081f63b44f to 0x00007f081f63b54a
Event: 2.745 Thread 0x00007f0830500000 Implicit null exception at 0x00007f081f62fcb7 to 0x00007f081f630132
Event: 2.746 Thread 0x00007f0830500000 Implicit null exception at 0x00007f081f6309b1 to 0x00007f081f630b72
Event: 2.755 Thread 0x00007f0830500000 Implicit null exception at 0x00007f081f6289ee to 0x00007f081f628ad6

Events (10 events):
Event: 7.100 Thread 0x00007f0830500000 DEOPT UNPACKING pc=0x00007f0817b4ddba sp=0x00007f078f7dc568 mode 0
Event: 7.118 Thread 0x00007f0830500000 DEOPT PACKING pc=0x00007f0818731e43 sp=0x00007f078f7dd660
Event: 7.118 Thread 0x00007f0830500000 DEOPT UNPACKING pc=0x00007f0817b4ddba sp=0x00007f078f7dcb78 mode 0
Event: 7.128 Thread 0x00007f0830500000 Uncommon trap: trap_request=0xffffff55 fr.pc=0x00007f081f741e84 relative=0x00000000000024c4
Event: 7.128 Thread 0x00007f0830500000 DEOPT PACKING pc=0x00007f081f741e84 sp=0x00007f078f7dbca0
Event: 7.128 Thread 0x00007f0830500000 DEOPT UNPACKING pc=0x00007f0817b4dfa5 sp=0x00007f078f7dbc08 mode 2
Event: 7.332 Thread 0x00007f0830500000 Uncommon trap: trap_request=0xffffff55 fr.pc=0x00007f081f7d8d28 relative=0x00000000000007a8
Event: 7.332 Thread 0x00007f0830500000 DEOPT PACKING pc=0x00007f081f7d8d28 sp=0x00007f078f7e47e0
Event: 7.332 Thread 0x00007f0830500000 DEOPT UNPACKING pc=0x00007f0817b4dfa5 sp=0x00007f078f7e4748 mode 2
Event: 7.362 Executing VM operation: G1IncCollectionPause


Dynamic libraries:
c2a00000-cf400000 rw-p 00000000 00:00 0 
d9e00000-100000000 ---p 00000000 00:00 0 
100000000-1001a0000 rw-p 00000000 00:00 0 
1001a0000-140000000 ---p 00000000 00:00 0 
558670b1e000-558670b1f000 r-xp 00000000 08:01 930679                     /usr/lib/jvm/java-11-openjdk-amd64/bin/java
558670d1f000-558670d20000 r--p 00001000 08:01 930679                     /usr/lib/jvm/java-11-openjdk-amd64/bin/java
558670d20000-558670d21000 rw-p 00002000 08:01 930679                     /usr/lib/jvm/java-11-openjdk-amd64/bin/java
55867136c000-55867138d000 rw-p 00000000 00:00 0                          [heap]
7f0784000000-7f078418a000 rw-p 00000000 00:00 0 
7f078418a000-7f0788000000 ---p 00000000 00:00 0 
7f078b5e7000-7f078b6e7000 rw-p 00000000 00:00 0 
7f078b6e7000-7f078b7e7000 ---p 00000000 00:00 0 
7f078b7e7000-7f078b7eb000 ---p 00000000 00:00 0 
7f078b7eb000-7f078f9e8000 rw-p 00000000 00:00 0 
7f078f9e8000-7f078fbe8000 rw-p 00000000 00:00 0 
7f078fbe8000-7f078fde8000 rw-p 00000000 00:00 0 
7f078fde8000-7f078fdff000 r-xp 00000000 08:01 948617                     /usr/lib/jvm/java-11-openjdk-amd64/lib/libnet.so
7f078fdff000-7f078fffe000 ---p 00017000 08:01 948617                     /usr/lib/jvm/java-11-openjdk-amd64/lib/libnet.so
7f078fffe000-7f078ffff000 r--p 00016000 08:01 948617                     /usr/lib/jvm/java-11-openjdk-amd64/lib/libnet.so
7f078ffff000-7f0790000000 rw-p 00017000 08:01 948617                     /usr/lib/jvm/java-11-openjdk-amd64/lib/libnet.so
7f0790000000-7f0790021000 rw-p 00000000 00:00 0 
7f0790021000-7f0794000000 ---p 00000000 00:00 0 
7f0794000000-7f0794021000 rw-p 00000000 00:00 0 
7f0794021000-7f0798000000 ---p 00000000 00:00 0 
7f0798000000-7f0798021000 rw-p 00000000 00:00 0 
7f0798021000-7f079c000000 ---p 00000000 00:00 0 
7f079c000000-7f079c021000 rw-p 00000000 00:00 0 
7f079c021000-7f07a0000000 ---p 00000000 00:00 0 
7f07a0000000-7f07a1c27000 rw-p 00000000 00:00 0 
7f07a1c27000-7f07a4000000 ---p 00000000 00:00 0 
7f07a4000000-7f07a4be5000 rw-p 00000000 00:00 0 
7f07a4be5000-7f07a8000000 ---p 00000000 00:00 0 
7f07a8000000-7f07a98d8000 rw-p 00000000 00:00 0 
7f07a98d8000-7f07ac000000 ---p 00000000 00:00 0 
7f07ac000000-7f07ad913000 rw-p 00000000 00:00 0 
7f07ad913000-7f07b0000000 ---p 00000000 00:00 0 
7f07b0000000-7f07b0021000 rw-p 00000000 00:00 0 
7f07b0021000-7f07b4000000 ---p 00000000 00:00 0 
7f07b4000000-7f07b4021000 rw-p 00000000 00:00 0 
7f07b4021000-7f07b8000000 ---p 00000000 00:00 0 
7f07b8000000-7f07b807d000 rw-p 00000000 00:00 0 
7f07b807d000-7f07bc000000 ---p 00000000 00:00 0 
7f07bc000000-7f07bc021000 rw-p 00000000 00:00 0 
7f07bc021000-7f07c0000000 ---p 00000000 00:00 0 
7f07c0000000-7f07c0021000 rw-p 00000000 00:00 0 
7f07c0021000-7f07c4000000 ---p 00000000 00:00 0 
7f07c4000000-7f07c4021000 rw-p 00000000 00:00 0 
7f07c4021000-7f07c8000000 ---p 00000000 00:00 0 
7f07c8000000-7f07c8021000 rw-p 00000000 00:00 0 
7f07c8021000-7f07cc000000 ---p 00000000 00:00 0 
7f07cc000000-7f07cc021000 rw-p 00000000 00:00 0 
7f07cc021000-7f07d0000000 ---p 00000000 00:00 0 
7f07d0000000-7f07d0021000 rw-p 00000000 00:00 0 
7f07d0021000-7f07d4000000 ---p 00000000 00:00 0 
7f07d4000000-7f07d4021000 rw-p 00000000 00:00 0 
7f07d4021000-7f07d8000000 ---p 00000000 00:00 0 
7f07d8000000-7f07d8021000 rw-p 00000000 00:00 0 
7f07d8021000-7f07dc000000 ---p 00000000 00:00 0 
7f07dc000000-7f07dc021000 rw-p 00000000 00:00 0 
7f07dc021000-7f07e0000000 ---p 00000000 00:00 0 
7f07e0000000-7f07e0024000 rw-p 00000000 00:00 0 
7f07e0024000-7f07e4000000 ---p 00000000 00:00 0 
7f07e4011000-7f07e4022000 r-xp 00000000 08:01 948618                     /usr/lib/jvm/java-11-openjdk-amd64/lib/libnio.so
7f07e4022000-7f07e4221000 ---p 00011000 08:01 948618                     /usr/lib/jvm/java-11-openjdk-amd64/lib/libnio.so
7f07e4221000-7f07e4222000 r--p 00010000 08:01 948618                     /usr/lib/jvm/java-11-openjdk-amd64/lib/libnio.so
7f07e4222000-7f07e4223000 rw-p 00011000 08:01 948618                     /usr/lib/jvm/java-11-openjdk-amd64/lib/libnio.so
7f07e4223000-7f07e4227000 ---p 00000000 00:00 0 
7f07e4227000-7f07e4324000 rw-p 00000000 00:00 0 
7f07e4324000-7f07e4325000 ---p 00000000 00:00 0 
7f07e4325000-7f07e4426000 rw-p 00000000 00:00 0 
7f07e4426000-7f07e442a000 ---p 00000000 00:00 0 
7f07e442a000-7f07e4527000 rw-p 00000000 00:00 0 
7f07e4527000-7f07e452b000 ---p 00000000 00:00 0 
7f07e452b000-7f07e4628000 rw-p 00000000 00:00 0 
7f07e4628000-7f07e462c000 ---p 00000000 00:00 0 
7f07e462c000-7f07e4729000 rw-p 00000000 00:00 0 
7f07e4729000-7f07e472d000 ---p 00000000 00:00 0 
7f07e472d000-7f07e482a000 rw-p 00000000 00:00 0 
7f07e482a000-7f07e482e000 ---p 00000000 00:00 0 
7f07e482e000-7f07e492b000 rw-p 00000000 00:00 0 
7f07e492b000-7f07e492f000 ---p 00000000 00:00 0 
7f07e492f000-7f07e4a2c000 rw-p 00000000 00:00 0 
7f07e4a2c000-7f07e4a30000 ---p 00000000 00:00 0 
7f07e4a30000-7f07e4b2d000 rw-p 00000000 00:00 0 
7f07e4b2d000-7f07e54fc000 r--p 00000000 08:01 924394                     /usr/lib/locale/locale-archive
7f07e54fc000-7f07e5500000 ---p 00000000 00:00 0 
7f07e5500000-7f07e55fd000 rw-p 00000000 00:00 0 
7f07e55fd000-7f07e5601000 ---p 00000000 00:00 0 
7f07e5601000-7f07e56fe000 rw-p 00000000 00:00 0 
7f07e56fe000-7f07e56ff000 ---p 00000000 00:00 0 
7f07e56ff000-7f07e8000000 rw-p 00000000 00:00 0 
7f07e8000000-7f07e8021000 rw-p 00000000 00:00 0 
7f07e8021000-7f07ec000000 ---p 00000000 00:00 0 
7f07ec000000-7f07ec021000 rw-p 00000000 00:00 0 
7f07ec021000-7f07f0000000 ---p 00000000 00:00 0 
7f07f0000000-7f07f0021000 rw-p 00000000 00:00 0 
7f07f0021000-7f07f4000000 ---p 00000000 00:00 0 
7f07f4000000-7f07f4021000 rw-p 00000000 00:00 0 
7f07f4021000-7f07f8000000 ---p 00000000 00:00 0 
7f07f8000000-7f07f8021000 rw-p 00000000 00:00 0 
7f07f8021000-7f07fc000000 ---p 00000000 00:00 0 
7f07fc000000-7f07fc021000 rw-p 00000000 00:00 0 
7f07fc021000-7f0800000000 ---p 00000000 00:00 0 
7f0800000000-7f0800021000 rw-p 00000000 00:00 0 
7f0800021000-7f0804000000 ---p 00000000 00:00 0 
7f0804000000-7f0804021000 rw-p 00000000 00:00 0 
7f0804021000-7f0808000000 ---p 00000000 00:00 0 
7f0808000000-7f0808021000 rw-p 00000000 00:00 0 
7f0808021000-7f080c000000 ---p 00000000 00:00 0 
7f080c000000-7f080c021000 rw-p 00000000 00:00 0 
7f080c021000-7f0810000000 ---p 00000000 00:00 0 
7f0810000000-7f0810021000 rw-p 00000000 00:00 0 
7f0810021000-7f0814000000 ---p 00000000 00:00 0 
7f081401d000-7f0814093000 rw-p 00000000 00:00 0 
7f0814093000-7f0814094000 ---p 00000000 00:00 0 
7f0814094000-7f0814195000 rw-p 00000000 00:00 0 
7f0814195000-7f0814196000 ---p 00000000 00:00 0 
7f0814196000-7f0814297000 rw-p 00000000 00:00 0 
7f0814297000-7f0814298000 ---p 00000000 00:00 0 
7f0814298000-7f0814399000 rw-p 00000000 00:00 0 
7f0814399000-7f081439a000 ---p 00000000 00:00 0 
7f081439a000-7f081449b000 rw-p 00000000 00:00 0 
7f081449b000-7f081449c000 ---p 00000000 00:00 0 
7f081449c000-7f081459d000 rw-p 00000000 00:00 0 
7f081459d000-7f081459e000 ---p 00000000 00:00 0 
7f081459e000-7f081469f000 rw-p 00000000 00:00 0 
7f081469f000-7f08146a0000 ---p 00000000 00:00 0 
7f08146a0000-7f08147a1000 rw-p 00000000 00:00 0 
7f08147a1000-7f08147a2000 ---p 00000000 00:00 0 
7f08147a2000-7f08148a3000 rw-p 00000000 00:00 0 
7f08148a3000-7f08148a4000 ---p 00000000 00:00 0 
7f08148a4000-7f08151ad000 rw-p 00000000 00:00 0 
7f08151ad000-7f08151ae000 ---p 00000000 00:00 0 
7f08151ae000-7f08152af000 rw-p 00000000 00:00 0 
7f08152af000-7f08152b0000 ---p 00000000 00:00 0 
7f08152b0000-7f08153b1000 rw-p 00000000 00:00 0 
7f08153b1000-7f08153b2000 ---p 00000000 00:00 0 
7f08153b2000-7f08157db000 rw-p 00000000 00:00 0 
7f08157db000-7f081640b000 ---p 00000000 00:00 0 
7f081640b000-7f0816733000 rw-p 00000000 00:00 0 
7f0816733000-7f0817363000 ---p 00000000 00:00 0 
7f0817363000-7f08173c8000 rw-p 00000000 00:00 0 
7f08173c8000-7f081754e000 ---p 00000000 00:00 0 
7f081754e000-7f08175b3000 rw-p 00000000 00:00 0 
7f08175b3000-7f0817739000 ---p 00000000 00:00 0 
7f0817739000-7f081779e000 rw-p 00000000 00:00 0 
7f081779e000-7f0817924000 ---p 00000000 00:00 0 
7f0817924000-7f0817b26000 rw-p 00000000 00:00 0 
7f0817b26000-7f0817d96000 rwxp 00000000 00:00 0 
7f0817d96000-7f08180b7000 ---p 00000000 00:00 0 
7f08180b7000-7f0818797000 rwxp 00000000 00:00 0 
7f0818797000-7f081f5ee000 ---p 00000000 00:00 0 
7f081f5ee000-7f081f85e000 rwxp 00000000 00:00 0 
7f081f85e000-7f0826b26000 ---p 00000000 00:00 0 
7f0826b26000-7f0830000000 r--s 00000000 08:01 948627                     /usr/lib/jvm/java-11-openjdk-amd64/lib/modules
7f0830000000-7f0830504000 rw-p 00000000 00:00 0 
7f0830504000-7f0834000000 ---p 00000000 00:00 0 
7f083403d000-7f0834643000 rw-p 00000000 00:00 0 
7f0834643000-7f0834644000 ---p 00000000 00:00 0 
7f0834644000-7f0834745000 rw-p 00000000 00:00 0 
7f0834745000-7f0834746000 ---p 00000000 00:00 0 
7f0834746000-7f0834847000 rw-p 00000000 00:00 0 
7f0834847000-7f0834848000 ---p 00000000 00:00 0 
7f0834848000-7f0834949000 rw-p 00000000 00:00 0 
7f0834949000-7f083494a000 ---p 00000000 00:00 0 
7f083494a000-7f0834a4b000 rw-p 00000000 00:00 0 
7f0834a4b000-7f0834a4c000 ---p 00000000 00:00 0 
7f0834a4c000-7f0834b4d000 rw-p 00000000 00:00 0 
7f0834b4d000-7f0834b4e000 ---p 00000000 00:00 0 
7f0834b4e000-7f0834c4f000 rw-p 00000000 00:00 0 
7f0834c4f000-7f0834c50000 ---p 00000000 00:00 0 
7f0834c50000-7f0834d51000 rw-p 00000000 00:00 0 
7f0834d51000-7f0834d52000 ---p 00000000 00:00 0 
7f0834d52000-7f0834e58000 rw-p 00000000 00:00 0 
7f0834e58000-7f0834f3e000 ---p 00000000 00:00 0 
7f0834f3e000-7f0834f4c000 rw-p 00000000 00:00 0 
7f0834f4c000-7f0835029000 ---p 00000000 00:00 0 
7f0835029000-7f083502e000 r-xp 00000000 08:01 948609                     /usr/lib/jvm/java-11-openjdk-amd64/lib/libjimage.so
7f083502e000-7f083522d000 ---p 00005000 08:01 948609                     /usr/lib/jvm/java-11-openjdk-amd64/lib/libjimage.so
7f083522d000-7f083522e000 r--p 00004000 08:01 948609                     /usr/lib/jvm/java-11-openjdk-amd64/lib/libjimage.so
7f083522e000-7f083522f000 rw-p 00005000 08:01 948609                     /usr/lib/jvm/java-11-openjdk-amd64/lib/libjimage.so
7f083522f000-7f0835236000 r-xp 00000000 08:01 948626                     /usr/lib/jvm/java-11-openjdk-amd64/lib/libzip.so
7f0835236000-7f0835435000 ---p 00007000 08:01 948626                     /usr/lib/jvm/java-11-openjdk-amd64/lib/libzip.so
7f0835435000-7f0835436000 r--p 00006000 08:01 948626                     /usr/lib/jvm/java-11-openjdk-amd64/lib/libzip.so
7f0835436000-7f0835437000 rw-p 00007000 08:01 948626                     /usr/lib/jvm/java-11-openjdk-amd64/lib/libzip.so
7f0835437000-7f0835442000 r-xp 00000000 08:01 399298                     /lib/x86_64-linux-gnu/libnss_files-2.27.so
7f0835442000-7f0835641000 ---p 0000b000 08:01 399298                     /lib/x86_64-linux-gnu/libnss_files-2.27.so
7f0835641000-7f0835642000 r--p 0000a000 08:01 399298                     /lib/x86_64-linux-gnu/libnss_files-2.27.so
7f0835642000-7f0835643000 rw-p 0000b000 08:01 399298                     /lib/x86_64-linux-gnu/libnss_files-2.27.so
7f0835643000-7f0835649000 rw-p 00000000 00:00 0 
7f0835649000-7f0835660000 r-xp 00000000 08:01 399292                     /lib/x86_64-linux-gnu/libnsl-2.27.so
7f0835660000-7f083585f000 ---p 00017000 08:01 399292                     /lib/x86_64-linux-gnu/libnsl-2.27.so
7f083585f000-7f0835860000 r--p 00016000 08:01 399292                     /lib/x86_64-linux-gnu/libnsl-2.27.so
7f0835860000-7f0835861000 rw-p 00017000 08:01 399292                     /lib/x86_64-linux-gnu/libnsl-2.27.so
7f0835861000-7f0835863000 rw-p 00000000 00:00 0 
7f0835863000-7f083586e000 r-xp 00000000 08:01 399309                     /lib/x86_64-linux-gnu/libnss_nis-2.27.so
7f083586e000-7f0835a6d000 ---p 0000b000 08:01 399309                     /lib/x86_64-linux-gnu/libnss_nis-2.27.so
7f0835a6d000-7f0835a6e000 r--p 0000a000 08:01 399309                     /lib/x86_64-linux-gnu/libnss_nis-2.27.so
7f0835a6e000-7f0835a6f000 rw-p 0000b000 08:01 399309                     /lib/x86_64-linux-gnu/libnss_nis-2.27.so
7f0835a6f000-7f0835a77000 r-xp 00000000 08:01 399294                     /lib/x86_64-linux-gnu/libnss_compat-2.27.so
7f0835a77000-7f0835c77000 ---p 00008000 08:01 399294                     /lib/x86_64-linux-gnu/libnss_compat-2.27.so
7f0835c77000-7f0835c78000 r--p 00008000 08:01 399294                     /lib/x86_64-linux-gnu/libnss_compat-2.27.so
7f0835c78000-7f0835c79000 rw-p 00009000 08:01 399294                     /lib/x86_64-linux-gnu/libnss_compat-2.27.so
7f0835c79000-7f0835ca5000 r-xp 00000000 08:01 948605                     /usr/lib/jvm/java-11-openjdk-amd64/lib/libjava.so
7f0835ca5000-7f0835ea4000 ---p 0002c000 08:01 948605                     /usr/lib/jvm/java-11-openjdk-amd64/lib/libjava.so
7f0835ea4000-7f0835ea5000 r--p 0002b000 08:01 948605                     /usr/lib/jvm/java-11-openjdk-amd64/lib/libjava.so
7f0835ea5000-7f0835ea7000 rw-p 0002c000 08:01 948605                     /usr/lib/jvm/java-11-openjdk-amd64/lib/libjava.so
7f0835ea7000-7f0835eb4000 r-xp 00000000 08:01 948625                     /usr/lib/jvm/java-11-openjdk-amd64/lib/libverify.so
7f0835eb4000-7f08360b3000 ---p 0000d000 08:01 948625                     /usr/lib/jvm/java-11-openjdk-amd64/lib/libverify.so
7f08360b3000-7f08360b5000 r--p 0000c000 08:01 948625                     /usr/lib/jvm/java-11-openjdk-amd64/lib/libverify.so
7f08360b5000-7f08360b6000 rw-p 0000e000 08:01 948625                     /usr/lib/jvm/java-11-openjdk-amd64/lib/libverify.so
7f08360b6000-7f08360bd000 r-xp 00000000 08:01 399349                     /lib/x86_64-linux-gnu/librt-2.27.so
7f08360bd000-7f08362bc000 ---p 00007000 08:01 399349                     /lib/x86_64-linux-gnu/librt-2.27.so
7f08362bc000-7f08362bd000 r--p 00006000 08:01 399349                     /lib/x86_64-linux-gnu/librt-2.27.so
7f08362bd000-7f08362be000 rw-p 00007000 08:01 399349                     /lib/x86_64-linux-gnu/librt-2.27.so
7f08362be000-7f08362d5000 r-xp 00000000 08:01 393301                     /lib/x86_64-linux-gnu/libgcc_s.so.1
7f08362d5000-7f08364d4000 ---p 00017000 08:01 393301                     /lib/x86_64-linux-gnu/libgcc_s.so.1
7f08364d4000-7f08364d5000 r--p 00016000 08:01 393301                     /lib/x86_64-linux-gnu/libgcc_s.so.1
7f08364d5000-7f08364d6000 rw-p 00017000 08:01 393301                     /lib/x86_64-linux-gnu/libgcc_s.so.1
7f08364d6000-7f0836673000 r-xp 00000000 08:01 399271                     /lib/x86_64-linux-gnu/libm-2.27.so
7f0836673000-7f0836872000 ---p 0019d000 08:01 399271                     /lib/x86_64-linux-gnu/libm-2.27.so
7f0836872000-7f0836873000 r--p 0019c000 08:01 399271                     /lib/x86_64-linux-gnu/libm-2.27.so
7f0836873000-7f0836874000 rw-p 0019d000 08:01 399271                     /lib/x86_64-linux-gnu/libm-2.27.so
7f0836874000-7f08369ed000 r-xp 00000000 08:01 920236                     /usr/lib/x86_64-linux-gnu/libstdc++.so.6.0.25
7f08369ed000-7f0836bed000 ---p 00179000 08:01 920236                     /usr/lib/x86_64-linux-gnu/libstdc++.so.6.0.25
7f0836bed000-7f0836bf7000 r--p 00179000 08:01 920236                     /usr/lib/x86_64-linux-gnu/libstdc++.so.6.0.25
7f0836bf7000-7f0836bf9000 rw-p 00183000 08:01 920236                     /usr/lib/x86_64-linux-gnu/libstdc++.so.6.0.25
7f0836bf9000-7f0836bfd000 rw-p 00000000 00:00 0 
7f0836bfd000-7f0837b9a000 r-xp 00000000 08:01 1056032                    /usr/lib/jvm/java-11-openjdk-amd64/lib/server/libjvm.so
7f0837b9a000-7f0837d9a000 ---p 00f9d000 08:01 1056032                    /usr/lib/jvm/java-11-openjdk-amd64/lib/server/libjvm.so
7f0837d9a000-7f0837e5e000 r--p 00f9d000 08:01 1056032                    /usr/lib/jvm/java-11-openjdk-amd64/lib/server/libjvm.so
7f0837e5e000-7f0837e96000 rw-p 01061000 08:01 1056032                    /usr/lib/jvm/java-11-openjdk-amd64/lib/server/libjvm.so
7f0837e96000-7f0837edf000 rw-p 00000000 00:00 0 
7f0837edf000-7f0837ef9000 r-xp 00000000 08:01 399341                     /lib/x86_64-linux-gnu/libpthread-2.27.so
7f0837ef9000-7f08380f8000 ---p 0001a000 08:01 399341                     /lib/x86_64-linux-gnu/libpthread-2.27.so
7f08380f8000-7f08380f9000 r--p 00019000 08:01 399341                     /lib/x86_64-linux-gnu/libpthread-2.27.so
7f08380f9000-7f08380fa000 rw-p 0001a000 08:01 399341                     /lib/x86_64-linux-gnu/libpthread-2.27.so
7f08380fa000-7f08380fe000 rw-p 00000000 00:00 0 
7f08380fe000-7f0838101000 r-xp 00000000 08:01 399231                     /lib/x86_64-linux-gnu/libdl-2.27.so
7f0838101000-7f0838300000 ---p 00003000 08:01 399231                     /lib/x86_64-linux-gnu/libdl-2.27.so
7f0838300000-7f0838301000 r--p 00002000 08:01 399231                     /lib/x86_64-linux-gnu/libdl-2.27.so
7f0838301000-7f0838302000 rw-p 00003000 08:01 399231                     /lib/x86_64-linux-gnu/libdl-2.27.so
7f0838302000-7f083831e000 r-xp 00000000 08:01 399380                     /lib/x86_64-linux-gnu/libz.so.1.2.11
7f083831e000-7f083851d000 ---p 0001c000 08:01 399380                     /lib/x86_64-linux-gnu/libz.so.1.2.11
7f083851d000-7f083851e000 r--p 0001b000 08:01 399380                     /lib/x86_64-linux-gnu/libz.so.1.2.11
7f083851e000-7f083851f000 rw-p 0001c000 08:01 399380                     /lib/x86_64-linux-gnu/libz.so.1.2.11
7f083851f000-7f0838706000 r-xp 00000000 08:01 399208                     /lib/x86_64-linux-gnu/libc-2.27.so
7f0838706000-7f0838906000 ---p 001e7000 08:01 399208                     /lib/x86_64-linux-gnu/libc-2.27.so
7f0838906000-7f083890a000 r--p 001e7000 08:01 399208                     /lib/x86_64-linux-gnu/libc-2.27.so
7f083890a000-7f083890c000 rw-p 001eb000 08:01 399208                     /lib/x86_64-linux-gnu/libc-2.27.so
7f083890c000-7f0838910000 rw-p 00000000 00:00 0 
7f0838910000-7f083891f000 r-xp 00000000 08:01 948590                     /usr/lib/jvm/java-11-openjdk-amd64/lib/jli/libjli.so
7f083891f000-7f0838b1e000 ---p 0000f000 08:01 948590                     /usr/lib/jvm/java-11-openjdk-amd64/lib/jli/libjli.so
7f0838b1e000-7f0838b1f000 r--p 0000e000 08:01 948590                     /usr/lib/jvm/java-11-openjdk-amd64/lib/jli/libjli.so
7f0838b1f000-7f0838b20000 rw-p 0000f000 08:01 948590                     /usr/lib/jvm/java-11-openjdk-amd64/lib/jli/libjli.so
7f0838b20000-7f0838b47000 r-xp 00000000 08:01 399180                     /lib/x86_64-linux-gnu/ld-2.27.so
7f0838b89000-7f0838c27000 rw-p 00000000 00:00 0 
7f0838c27000-7f0838c2e000 ---p 00000000 00:00 0 
7f0838c2e000-7f0838c32000 ---p 00000000 00:00 0 
7f0838c32000-7f0838d31000 rw-p 00000000 00:00 0 
7f0838d3a000-7f0838d3b000 rw-p 00000000 00:00 0 
7f0838d3b000-7f0838d43000 rw-s 00000000 08:01 799035                     /tmp/hsperfdata_root/36758
7f0838d43000-7f0838d44000 ---p 00000000 00:00 0 
7f0838d44000-7f0838d45000 r--p 00000000 00:00 0 
7f0838d45000-7f0838d47000 rw-p 00000000 00:00 0 
7f0838d47000-7f0838d48000 r--p 00027000 08:01 399180                     /lib/x86_64-linux-gnu/ld-2.27.so
7f0838d48000-7f0838d49000 rw-p 00028000 08:01 399180                     /lib/x86_64-linux-gnu/ld-2.27.so
7f0838d49000-7f0838d4a000 rw-p 00000000 00:00 0 
7ffeb930f000-7ffeb9330000 rw-p 00000000 00:00 0                          [stack]
7ffeb93b1000-7ffeb93b4000 r--p 00000000 00:00 0                          [vvar]
7ffeb93b4000-7ffeb93b6000 r-xp 00000000 00:00 0                          [vdso]
ffffffffff600000-ffffffffff601000 r-xp 00000000 00:00 0                  [vsyscall]


VM Arguments:
java_command: third-party/closure-compiler.jar --generate_exports --compilation_level ADVANCED_OPTIMIZATIONS --dependency_mode=STRICT --externs externs/gviz-externs.js --externs externs/interpreter-externs.js --externs externs/prettify-externs.js --externs externs/soundJS-externs.js --externs externs/storage-externs.js --externs appengine/third-party/blockly/externs/svg-externs.js --language_out ECMASCRIPT5_STRICT --entry_point=Puzzle --js='appengine/third-party/**.js' --js='!appengine/third-party/blockly/*.js' --js='!appengine/third-party/blockly/tests/**.js' --js='!appengine/third-party/blockly/externs/**.js' --js='!appengine/third-party/blockly/demos/**.js' --js='appengine/generated/en/*.js' --js='appengine/js/*.js' --warning_level QUIET --js='appengine/puzzle/generated/en/*.js' --js='appengine/puzzle/js/*.js'
java_class_path (initial): third-party/closure-compiler.jar
Launcher Type: SUN_STANDARD

Logging:
Log output configuration:
#0: stdout all=warning uptime,level,tags
#1: stderr all=off uptime,level,tags

Environment Variables:
PATH=/usr/local/sbin:/usr/local/bin:/usr/sbin:/usr/bin:/sbin:/bin:/usr/games:/usr/local/games
USERNAME=root
SHELL=/bin/bash
DISPLAY=:0

Signal Handlers:
SIGSEGV: [libjvm.so+0xd28ad0], sa_mask[0]=11111111011111111101111111111110, sa_flags=SA_RESTART|SA_SIGINFO
SIGBUS: [libjvm.so+0xd28ad0], sa_mask[0]=11111111011111111101111111111110, sa_flags=SA_RESTART|SA_SIGINFO
SIGFPE: [libjvm.so+0xd28ad0], sa_mask[0]=11111111011111111101111111111110, sa_flags=SA_RESTART|SA_SIGINFO
SIGPIPE: [libjvm.so+0xb2a150], sa_mask[0]=11111111011111111101111111111110, sa_flags=SA_RESTART|SA_SIGINFO
SIGXFSZ: [libjvm.so+0xb2a150], sa_mask[0]=11111111011111111101111111111110, sa_flags=SA_RESTART|SA_SIGINFO
SIGILL: [libjvm.so+0xd28ad0], sa_mask[0]=11111111011111111101111111111110, sa_flags=SA_RESTART|SA_SIGINFO
SIGUSR2: [libjvm.so+0xb29f90], sa_mask[0]=00000000000000000000000000000000, sa_flags=SA_RESTART|SA_SIGINFO
SIGHUP: [libjvm.so+0xb2a0e0], sa_mask[0]=11111111011111111101111111111110, sa_flags=SA_RESTART|SA_SIGINFO
SIGINT: [libjvm.so+0xb2a0e0], sa_mask[0]=11111111011111111101111111111110, sa_flags=SA_RESTART|SA_SIGINFO
SIGTERM: [libjvm.so+0xb2a0e0], sa_mask[0]=11111111011111111101111111111110, sa_flags=SA_RESTART|SA_SIGINFO
SIGQUIT: [libjvm.so+0xb2a0e0], sa_mask[0]=11111111011111111101111111111110, sa_flags=SA_RESTART|SA_SIGINFO


---------------  S Y S T E M  ---------------

OS:DISTRIB_ID=Ubuntu
DISTRIB_RELEASE=18.04
DISTRIB_CODENAME=bionic
DISTRIB_DESCRIPTION="Ubuntu 18.04.1 LTS"
uname:Linux 4.15.0-36-generic #39-Ubuntu SMP Mon Sep 24 16:19:09 UTC 2018 x86_64
libc:glibc 2.27 NPTL 2.27 
rlimit: STACK 8192k, CORE 0k, NPROC 15449, NOFILE 1048576, AS infinity, DATA infinity, FSIZE infinity
load average:1.57 1.00 0.96

/proc/meminfo:
MemTotal:        4015684 kB
MemFree:          110528 kB
MemAvailable:      67408 kB
Buffers:            2316 kB
Cached:           205632 kB
SwapCached:        11484 kB
Active:          2392096 kB
Inactive:         639420 kB
Active(anon):    2349960 kB
Inactive(anon):   583972 kB
Active(file):      42136 kB
Inactive(file):    55448 kB
Unevictable:        1392 kB
Mlocked:            1392 kB
SwapTotal:        969960 kB
SwapFree:              0 kB
Dirty:              3344 kB
Writeback:             0 kB
AnonPages:       2815164 kB
Mapped:           181672 kB
Shmem:            109696 kB
Slab:             154516 kB
SReclaimable:      56908 kB
SUnreclaim:        97608 kB
KernelStack:       23296 kB
PageTables:        97488 kB
NFS_Unstable:          0 kB
Bounce:                0 kB
WritebackTmp:          0 kB
CommitLimit:     2977800 kB
Committed_AS:   15733368 kB
VmallocTotal:   34359738367 kB
VmallocUsed:           0 kB
VmallocChunk:          0 kB
HardwareCorrupted:     0 kB
AnonHugePages:         0 kB
ShmemHugePages:        0 kB
ShmemPmdMapped:        0 kB
CmaTotal:              0 kB
CmaFree:               0 kB
HugePages_Total:       0
HugePages_Free:        0
HugePages_Rsvd:        0
HugePages_Surp:        0
Hugepagesize:       2048 kB
DirectMap4k:      540480 kB
DirectMap2M:     3653632 kB
DirectMap1G:     2097152 kB

container (cgroup) information:
container_type: cgroupv1
cpu_cpuset_cpus: 0-7
cpu_memory_nodes: 0
active_processor_count: 8
cpu_quota: -1
cpu_period: 100000
cpu_shares: -1
memory_limit_in_bytes: -1
memory_and_swap_limit_in_bytes: -2
memory_soft_limit_in_bytes: -1
memory_usage_in_bytes: 3098984448
memory_max_usage_in_bytes: 750579712


CPU:total 8 (initial active 8) (4 cores per cpu, 1 threads per core) family 6 model 94 stepping 3, cmov, cx8, fxsr, mmx, sse, sse2, sse3, ssse3, sse4.1, sse4.2, popcnt, avx, avx2, aes, clmul, erms, rtm, 3dnowpref, lzcnt, tsc, tscinvbit, bmi1, bmi2, adx, fma
CPU Model and flags from /proc/cpuinfo:
model name	: Intel(R) Core(TM) i7-6700HQ CPU @ 2.60GHz
flags		: fpu vme de pse tsc msr pae mce cx8 apic sep mtrr pge mca cmov pat pse36 clflush mmx fxsr sse sse2 ss ht syscall nx pdpe1gb rdtscp lm constant_tsc arch_perfmon nopl xtopology tsc_reliable nonstop_tsc cpuid pni pclmulqdq vmx ssse3 fma cx16 pcid sse4_1 sse4_2 x2apic movbe popcnt tsc_deadline_timer aes xsave avx f16c rdrand hypervisor lahf_lm abm 3dnowprefetch cpuid_fault invpcid_single pti ibrs ibpb stibp tpr_shadow vnmi ept vpid fsgsbase tsc_adjust bmi1 hle avx2 smep bmi2 invpcid rtm mpx rdseed adx smap clflushopt xsaveopt xsavec xsaves arat arch_capabilities

Memory: 4k page, physical 4015684k(110280k free), swap 969960k(0k free)

vm_info: OpenJDK 64-Bit Server VM (10.0.2+13-Ubuntu-1ubuntu0.18.04.2) for linux-amd64 JRE (10.0.2+13-Ubuntu-1ubuntu0.18.04.2), built on Aug 24 2018 17:36:24 by "buildd" with gcc 7.3.0

END.
