#
# There is insufficient memory for the Java Runtime Environment to continue.
# Native memory allocation (mmap) failed to map 249561088 bytes for committing reserved memory.
# Possible reasons:
#   The system is out of physical RAM or swap space
#   The process is running with CompressedOops enabled, and the Java Heap may be blocking the growth of the native heap
# Possible solutions:
#   Reduce memory load on the system
#   Increase physical memory or swap space
#   Check if swap backing store is full
#   Decrease Java heap size (-Xmx/-Xms)
#   Decrease number of Java threads
#   Decrease Java thread stack sizes (-Xss)
#   Set larger code cache with -XX:ReservedCodeCacheSize=
#   JVM is running with Unscaled Compressed Oops mode in which the Java heap is
#     placed in the first 4GB address space. The Java Heap base address is the
#     maximum limit for the native heap growth. Please use -XX:HeapBaseMinAddress
#     to set the Java Heap base and to place the Java Heap above 4GB virtual address.
# This output file may be truncated or incomplete.
#
#  Out of Memory Error (os_linux.cpp:2706), pid=29607, tid=29629
#
# JRE version: OpenJDK Runtime Environment (10.0.2+13) (build 10.0.2+13-Ubuntu-1ubuntu0.18.04.2)
# Java VM: OpenJDK 64-Bit Server VM (10.0.2+13-Ubuntu-1ubuntu0.18.04.2, mixed mode, tiered, compressed oops, g1 gc, linux-amd64)
# Core dump will be written. Default location: Core dumps may be processed with "/usr/share/apport/apport %p %s %c %d %P" (or dumping to /home/arslan/Desktop/learnobot/blockly-games/core.29607)
#

---------------  S U M M A R Y ------------

Command Line: third-party/closure-compiler.jar --generate_exports --compilation_level ADVANCED_OPTIMIZATIONS --dependency_mode=STRICT --externs externs/gviz-externs.js --externs externs/interpreter-externs.js --externs externs/prettify-externs.js --externs externs/soundJS-externs.js --externs externs/storage-externs.js --externs appengine/third-party/blockly/externs/svg-externs.js --language_out ECMASCRIPT5_STRICT --entry_point=Puzzle --js='appengine/third-party/**.js' --js='!appengine/third-party/blockly/*.js' --js='!appengine/third-party/blockly/tests/**.js' --js='!appengine/third-party/blockly/externs/**.js' --js='!appengine/third-party/blockly/demos/**.js' --js='appengine/generated/en/*.js' --js='appengine/js/*.js' --warning_level QUIET --js='appengine/puzzle/generated/en/*.js' --js='appengine/puzzle/js/*.js'

Host: Intel(R) Core(TM) i7-6700HQ CPU @ 2.60GHz, 8 cores, 5G, Ubuntu 18.04.1 LTS
Time: Sun Oct  7 23:29:23 2018 PDT elapsed time: 6 seconds (0d 0h 0m 6s)

---------------  T H R E A D  ---------------

Current thread (0x00007f7dc0165000):  VMThread "VM Thread" [stack: 0x00007f7d75e8a000,0x00007f7d75f8a000] [id=29629]

Stack: [0x00007f7d75e8a000,0x00007f7d75f8a000],  sp=0x00007f7d75f880a0,  free space=1016k
Native frames: (J=compiled Java code, A=aot compiled Java code, j=interpreted, Vv=VM code, C=native code)
V  [libjvm.so+0xd27e04]
V  [libjvm.so+0xd289ab]
V  [libjvm.so+0x64d415]
V  [libjvm.so+0xb2d728]
V  [libjvm.so+0xb25f7d]
V  [libjvm.so+0x7662ff]
V  [libjvm.so+0x76653e]
V  [libjvm.so+0x769500]
V  [libjvm.so+0x7efa1c]
V  [libjvm.so+0x7f06df]
V  [libjvm.so+0x7f0b59]
V  [libjvm.so+0x7162cf]
V  [libjvm.so+0x71a3ba]
V  [libjvm.so+0xd39f68]
V  [libjvm.so+0xd387d1]
V  [libjvm.so+0xd35a9b]
V  [libjvm.so+0xd370be]
V  [libjvm.so+0xd374e8]
V  [libjvm.so+0xb33ca0]

VM_Operation (0x00007f7d1fdf9120): G1IncCollectionPause, mode: safepoint, requested by thread 0x00007f7dc051d800


---------------  P R O C E S S  ---------------

Threads class SMR info:
_java_thread_list=0x00007f7dc051c910, length=12, elements={
0x00007f7dc0012000, 0x00007f7dc016f000, 0x00007f7dc0171000, 0x00007f7dc017a000,
0x00007f7dc0184800, 0x00007f7dc0186800, 0x00007f7dc0188800, 0x00007f7dc018a800,
0x00007f7dc018c800, 0x00007f7dc0239000, 0x00007f7dc0247800, 0x00007f7dc051d800
}

Java Threads: ( => current thread )
  0x00007f7dc0012000 JavaThread "main" [_thread_blocked, id=29608, stack(0x00007f7dca347000,0x00007f7dca448000)]
  0x00007f7dc016f000 JavaThread "Reference Handler" daemon [_thread_blocked, id=29630, stack(0x00007f7d75d87000,0x00007f7d75e88000)]
  0x00007f7dc0171000 JavaThread "Finalizer" daemon [_thread_blocked, id=29631, stack(0x00007f7d75c86000,0x00007f7d75d87000)]
  0x00007f7dc017a000 JavaThread "Signal Dispatcher" daemon [_thread_blocked, id=29632, stack(0x00007f7d751b6000,0x00007f7d752b7000)]
  0x00007f7dc0184800 JavaThread "C2 CompilerThread0" daemon [_thread_blocked, id=29633, stack(0x00007f7d750b5000,0x00007f7d751b6000)]
  0x00007f7dc0186800 JavaThread "C2 CompilerThread1" daemon [_thread_blocked, id=29634, stack(0x00007f7d74fb4000,0x00007f7d750b5000)]
  0x00007f7dc0188800 JavaThread "C2 CompilerThread2" daemon [_thread_blocked, id=29635, stack(0x00007f7d74eb3000,0x00007f7d74fb4000)]
  0x00007f7dc018a800 JavaThread "C1 CompilerThread3" daemon [_thread_blocked, id=29636, stack(0x00007f7d74db2000,0x00007f7d74eb3000)]
  0x00007f7dc018c800 JavaThread "Sweeper thread" daemon [_thread_blocked, id=29637, stack(0x00007f7d74cb1000,0x00007f7d74db2000)]
  0x00007f7dc0239000 JavaThread "Service Thread" daemon [_thread_blocked, id=29638, stack(0x00007f7d74bb0000,0x00007f7d74cb1000)]
  0x00007f7dc0247800 JavaThread "Common-Cleaner" daemon [_thread_blocked, id=29640, stack(0x00007f7d749ad000,0x00007f7d74aae000)]
  0x00007f7dc051d800 JavaThread "jscompiler" daemon [_thread_blocked, id=29641, stack(0x00007f7d1bdff000,0x00007f7d1fe00000)]

Other Threads:
=>0x00007f7dc0165000 VMThread "VM Thread" [stack: 0x00007f7d75e8a000,0x00007f7d75f8a000] [id=29629]
  0x00007f7dc023b000 WatcherThread [stack: 0x00007f7d74ab0000,0x00007f7d74bb0000] [id=29639]
  0x00007f7dc0029000 GCTaskThread "GC Thread#0" [stack: 0x00007f7dc646c000,0x00007f7dc656c000] [id=29609]
  0x00007f7dc002a800 GCTaskThread "GC Thread#1" [stack: 0x00007f7dc636a000,0x00007f7dc646a000] [id=29610]
  0x00007f7dc002c000 GCTaskThread "GC Thread#2" [stack: 0x00007f7dc6268000,0x00007f7dc6368000] [id=29611]
  0x00007f7dc002e000 GCTaskThread "GC Thread#3" [stack: 0x00007f7dc6166000,0x00007f7dc6266000] [id=29612]
  0x00007f7dc002f800 GCTaskThread "GC Thread#4" [stack: 0x00007f7dc6064000,0x00007f7dc6164000] [id=29613]
  0x00007f7dc0031000 GCTaskThread "GC Thread#5" [stack: 0x00007f7dc5f62000,0x00007f7dc6062000] [id=29614]
  0x00007f7dc0033000 GCTaskThread "GC Thread#6" [stack: 0x00007f7dc5e60000,0x00007f7dc5f60000] [id=29615]
  0x00007f7dc0034800 GCTaskThread "GC Thread#7" [stack: 0x00007f7dc5d5e000,0x00007f7dc5e5e000] [id=29616]
  0x00007f7dc0082000 ConcurrentGCThread "G1 Main Marker" [stack: 0x00007f7dc4c23000,0x00007f7dc4d23000] [id=29617]
  0x00007f7dc0084000 ConcurrentGCThread "G1 Conc#0" [stack: 0x00007f7dc4b21000,0x00007f7dc4c21000] [id=29618]
  0x00007f7dc0085800 ConcurrentGCThread "G1 Conc#1" [stack: 0x00007f7dc4a1f000,0x00007f7dc4b1f000] [id=29619]
  0x00007f7dc00cf000 ConcurrentGCThread "G1 Refine#0" [stack: 0x00007f7dc4115000,0x00007f7dc4215000] [id=29620]
  0x00007f7dc00d1000 ConcurrentGCThread "G1 Refine#1" [stack: 0x00007f7dc4013000,0x00007f7dc4113000] [id=29621]
  0x00007f7dc00d2800 ConcurrentGCThread "G1 Refine#2" [stack: 0x00007f7da4e76000,0x00007f7da4f76000] [id=29622]
  0x00007f7dc00d4800 ConcurrentGCThread "G1 Refine#3" [stack: 0x00007f7da4d74000,0x00007f7da4e74000] [id=29623]
  0x00007f7dc00d6000 ConcurrentGCThread "G1 Refine#4" [stack: 0x00007f7da4c72000,0x00007f7da4d72000] [id=29624]
  0x00007f7dc00d8000 ConcurrentGCThread "G1 Refine#5" [stack: 0x00007f7da4b70000,0x00007f7da4c70000] [id=29625]
  0x00007f7dc00d9800 ConcurrentGCThread "G1 Refine#6" [stack: 0x00007f7da4a6e000,0x00007f7da4b6e000] [id=29626]
  0x00007f7dc00db800 ConcurrentGCThread "G1 Refine#7" [stack: 0x00007f7da496c000,0x00007f7da4a6c000] [id=29627]
  0x00007f7dc00dd000 ConcurrentGCThread "G1 Young RemSet Sampling" [stack: 0x00007f7da486a000,0x00007f7da496a000] [id=29628]

Threads with active compile tasks:
C2 CompilerThread02690       4       com.google.javascript.jscomp.parsing.IRFactory$TransformDispatcher::processArrayLiteral (61 bytes)
C2 CompilerThread12665       4       com.google.javascript.jscomp.parsing.IRFactory$TransformDispatcher::processBinaryExpressionHelper (153 bytes)
C2 CompilerThread22682       4       com.google.javascript.jscomp.parsing.parser.Parser::parseArguments (119 bytes)

VM state:at safepoint (normal execution)

VM Mutex/Monitor currently owned by a thread:  ([mutex/lock_event])
[0x00007f7dc000e620] Threads_lock - owner thread: 0x00007f7dc0165000
[0x00007f7dc000ebc0] Heap_lock - owner thread: 0x00007f7dc051d800

Heap address: 0x00000000a8a00000, size: 1398 MB, Compressed Oops mode: 32-bit
Narrow klass base: 0x0000000000000000, Narrow klass shift: 3
Compressed class space size: 1073741824 Address: 0x0000000100000000

Heap:
 garbage-first heap   total 521216K, used 194048K [0x00000000a8a00000, 0x0000000100000000)
  region size 1024K, 6 young (6144K), 6 survivors (6144K)
 Metaspace       used 16493K, capacity 16726K, committed 17024K, reserved 1064960K
  class space    used 1478K, capacity 1553K, committed 1664K, reserved 1048576K
Heap Regions: E=young(eden), S=young(survivor), O=old, HS=humongous(starts), HC=humongous(continues), CS=collection set, F=free, A=archive, TS=gc time stamp, AC=allocation context, TAMS=top-at-mark-start (previous, next)
|   0|0x00000000a8a00000, 0x00000000a8b00000, 0x00000000a8b00000|100%| O|  |TS  2|AC  0|TAMS 0x00000000a8a00000, 0x00000000a8b00000|
|   1|0x00000000a8b00000, 0x00000000a8c00000, 0x00000000a8c00000|100%| O|  |TS  2|AC  0|TAMS 0x00000000a8b00000, 0x00000000a8c00000|
|   2|0x00000000a8c00000, 0x00000000a8d00000, 0x00000000a8d00000|100%| O|  |TS  2|AC  0|TAMS 0x00000000a8c00000, 0x00000000a8d00000|
|   3|0x00000000a8d00000, 0x00000000a8e00000, 0x00000000a8e00000|100%| O|  |TS  2|AC  0|TAMS 0x00000000a8d00000, 0x00000000a8e00000|
|   4|0x00000000a8e00000, 0x00000000a8f00000, 0x00000000a8f00000|100%| O|  |TS  3|AC  0|TAMS 0x00000000a8e00000, 0x00000000a8f00000|
|   5|0x00000000a8f00000, 0x00000000a9000000, 0x00000000a9000000|100%| O|  |TS  3|AC  0|TAMS 0x00000000a8f00000, 0x00000000a9000000|
|   6|0x00000000a9000000, 0x00000000a9100000, 0x00000000a9100000|100%| O|  |TS  3|AC  0|TAMS 0x00000000a9000000, 0x00000000a9100000|
|   7|0x00000000a9100000, 0x00000000a9200000, 0x00000000a9200000|100%| O|  |TS  3|AC  0|TAMS 0x00000000a9100000, 0x00000000a9200000|
|   8|0x00000000a9200000, 0x00000000a9300000, 0x00000000a9300000|100%| O|  |TS  3|AC  0|TAMS 0x00000000a9200000, 0x00000000a9300000|
|   9|0x00000000a9300000, 0x00000000a9400000, 0x00000000a9400000|100%| O|  |TS  3|AC  0|TAMS 0x00000000a9300000, 0x00000000a9400000|
|  10|0x00000000a9400000, 0x00000000a9500000, 0x00000000a9500000|100%| O|  |TS  4|AC  0|TAMS 0x00000000a9400000, 0x00000000a9500000|
|  11|0x00000000a9500000, 0x00000000a9600000, 0x00000000a9600000|100%| O|  |TS  4|AC  0|TAMS 0x00000000a9500000, 0x00000000a9600000|
|  12|0x00000000a9600000, 0x00000000a9700000, 0x00000000a9700000|100%| O|  |TS  4|AC  0|TAMS 0x00000000a9600000, 0x00000000a9700000|
|  13|0x00000000a9700000, 0x00000000a9800000, 0x00000000a9800000|100%| O|  |TS  5|AC  0|TAMS 0x00000000a9700000, 0x00000000a9800000|
|  14|0x00000000a9800000, 0x00000000a9900000, 0x00000000a9900000|100%| O|  |TS  6|AC  0|TAMS 0x00000000a9800000, 0x00000000a9900000|
|  15|0x00000000a9900000, 0x00000000a9a00000, 0x00000000a9a00000|100%| O|  |TS  6|AC  0|TAMS 0x00000000a9900000, 0x00000000a9a00000|
|  16|0x00000000a9a00000, 0x00000000a9b00000, 0x00000000a9b00000|100%| O|  |TS  7|AC  0|TAMS 0x00000000a9a00000, 0x00000000a9b00000|
|  17|0x00000000a9b00000, 0x00000000a9c00000, 0x00000000a9c00000|100%|HS|  |TS  0|AC  0|TAMS 0x00000000a9b00000, 0x00000000a9c00000|
|  18|0x00000000a9c00000, 0x00000000a9d00000, 0x00000000a9d00000|100%| O|  |TS  7|AC  0|TAMS 0x00000000a9c00000, 0x00000000a9d00000|
|  19|0x00000000a9d00000, 0x00000000a9e00000, 0x00000000a9e00000|100%| O|  |TS  7|AC  0|TAMS 0x00000000a9d00000, 0x00000000a9e00000|
|  20|0x00000000a9e00000, 0x00000000a9f00000, 0x00000000a9f00000|100%| O|  |TS  7|AC  0|TAMS 0x00000000a9e00000, 0x00000000a9f00000|
|  21|0x00000000a9f00000, 0x00000000aa000000, 0x00000000aa000000|100%|HS|  |TS  0|AC  0|TAMS 0x00000000a9f00000, 0x00000000aa000000|
|  22|0x00000000aa000000, 0x00000000aa100000, 0x00000000aa100000|100%| O|  |TS  8|AC  0|TAMS 0x00000000aa000000, 0x00000000aa100000|
|  23|0x00000000aa100000, 0x00000000aa200000, 0x00000000aa200000|100%| O|  |TS  5|AC  0|TAMS 0x00000000aa100000, 0x00000000aa200000|
|  24|0x00000000aa200000, 0x00000000aa300000, 0x00000000aa300000|100%| O|  |TS  5|AC  0|TAMS 0x00000000aa200000, 0x00000000aa300000|
|  25|0x00000000aa300000, 0x00000000aa400000, 0x00000000aa400000|100%| O|  |TS  5|AC  0|TAMS 0x00000000aa300000, 0x00000000aa400000|
|  26|0x00000000aa400000, 0x00000000aa500000, 0x00000000aa500000|100%| O|  |TS  5|AC  0|TAMS 0x00000000aa400000, 0x00000000aa500000|
|  27|0x00000000aa500000, 0x00000000aa600000, 0x00000000aa600000|100%| O|  |TS  5|AC  0|TAMS 0x00000000aa500000, 0x00000000aa600000|
|  28|0x00000000aa600000, 0x00000000aa700000, 0x00000000aa700000|100%| O|  |TS  5|AC  0|TAMS 0x00000000aa600000, 0x00000000aa700000|
|  29|0x00000000aa700000, 0x00000000aa800000, 0x00000000aa800000|100%| O|  |TS  5|AC  0|TAMS 0x00000000aa700000, 0x00000000aa800000|
|  30|0x00000000aa800000, 0x00000000aa900000, 0x00000000aa900000|100%| O|  |TS  5|AC  0|TAMS 0x00000000aa800000, 0x00000000aa900000|
|  31|0x00000000aa900000, 0x00000000aaa00000, 0x00000000aaa00000|100%| O|  |TS  6|AC  0|TAMS 0x00000000aa900000, 0x00000000aaa00000|
|  32|0x00000000aaa00000, 0x00000000aab00000, 0x00000000aab00000|100%| O|  |TS  8|AC  0|TAMS 0x00000000aaa00000, 0x00000000aab00000|
|  33|0x00000000aab00000, 0x00000000aac00000, 0x00000000aac00000|100%| O|  |TS  8|AC  0|TAMS 0x00000000aab00000, 0x00000000aac00000|
|  34|0x00000000aac00000, 0x00000000aad00000, 0x00000000aad00000|100%| O|  |TS  8|AC  0|TAMS 0x00000000aac00000, 0x00000000aad00000|
|  35|0x00000000aad00000, 0x00000000aae00000, 0x00000000aae00000|100%| O|  |TS  8|AC  0|TAMS 0x00000000aad00000, 0x00000000aae00000|
|  36|0x00000000aae00000, 0x00000000aaf00000, 0x00000000aaf00000|100%| O|  |TS  8|AC  0|TAMS 0x00000000aae00000, 0x00000000aaf00000|
|  37|0x00000000aaf00000, 0x00000000ab000000, 0x00000000ab000000|100%| O|  |TS  9|AC  0|TAMS 0x00000000aaf00000, 0x00000000ab000000|
|  38|0x00000000ab000000, 0x00000000ab100000, 0x00000000ab100000|100%| O|  |TS  9|AC  0|TAMS 0x00000000ab000000, 0x00000000ab100000|
|  39|0x00000000ab100000, 0x00000000ab200000, 0x00000000ab200000|100%| O|  |TS  9|AC  0|TAMS 0x00000000ab100000, 0x00000000ab200000|
|  40|0x00000000ab200000, 0x00000000ab300000, 0x00000000ab300000|100%| O|  |TS  9|AC  0|TAMS 0x00000000ab200000, 0x00000000ab300000|
|  41|0x00000000ab300000, 0x00000000ab400000, 0x00000000ab400000|100%| O|  |TS 10|AC  0|TAMS 0x00000000ab300000, 0x00000000ab400000|
|  42|0x00000000ab400000, 0x00000000ab500000, 0x00000000ab500000|100%| O|  |TS 10|AC  0|TAMS 0x00000000ab400000, 0x00000000ab500000|
|  43|0x00000000ab500000, 0x00000000ab600000, 0x00000000ab600000|100%| O|  |TS 10|AC  0|TAMS 0x00000000ab500000, 0x00000000ab600000|
|  44|0x00000000ab600000, 0x00000000ab700000, 0x00000000ab700000|100%| O|  |TS 10|AC  0|TAMS 0x00000000ab600000, 0x00000000ab700000|
|  45|0x00000000ab700000, 0x00000000ab800000, 0x00000000ab800000|100%| O|  |TS 10|AC  0|TAMS 0x00000000ab700000, 0x00000000ab800000|
|  46|0x00000000ab800000, 0x00000000ab900000, 0x00000000ab900000|100%| O|  |TS 10|AC  0|TAMS 0x00000000ab800000, 0x00000000ab900000|
|  47|0x00000000ab900000, 0x00000000aba00000, 0x00000000aba00000|100%| O|  |TS 10|AC  0|TAMS 0x00000000ab900000, 0x00000000aba00000|
|  48|0x00000000aba00000, 0x00000000abb00000, 0x00000000abb00000|100%| O|  |TS 10|AC  0|TAMS 0x00000000aba00000, 0x00000000abb00000|
|  49|0x00000000abb00000, 0x00000000abc00000, 0x00000000abc00000|100%| O|  |TS 10|AC  0|TAMS 0x00000000abb00000, 0x00000000abc00000|
|  50|0x00000000abc00000, 0x00000000abd00000, 0x00000000abd00000|100%| O|  |TS 10|AC  0|TAMS 0x00000000abc00000, 0x00000000abd00000|
|  51|0x00000000abd00000, 0x00000000abe00000, 0x00000000abe00000|100%| O|  |TS 11|AC  0|TAMS 0x00000000abd00000, 0x00000000abe00000|
|  52|0x00000000abe00000, 0x00000000abf00000, 0x00000000abf00000|100%| O|  |TS 13|AC  0|TAMS 0x00000000abe00000, 0x00000000abf00000|
|  53|0x00000000abf00000, 0x00000000ac000000, 0x00000000ac000000|100%| O|  |TS 11|AC  0|TAMS 0x00000000abf00000, 0x00000000ac000000|
|  54|0x00000000ac000000, 0x00000000ac100000, 0x00000000ac100000|100%| O|  |TS 11|AC  0|TAMS 0x00000000ac000000, 0x00000000ac100000|
|  55|0x00000000ac100000, 0x00000000ac200000, 0x00000000ac200000|100%| O|  |TS 11|AC  0|TAMS 0x00000000ac100000, 0x00000000ac200000|
|  56|0x00000000ac200000, 0x00000000ac300000, 0x00000000ac300000|100%| O|  |TS 11|AC  0|TAMS 0x00000000ac200000, 0x00000000ac300000|
|  57|0x00000000ac300000, 0x00000000ac400000, 0x00000000ac400000|100%| O|  |TS 12|AC  0|TAMS 0x00000000ac300000, 0x00000000ac400000|
|  58|0x00000000ac400000, 0x00000000ac500000, 0x00000000ac500000|100%| O|  |TS 12|AC  0|TAMS 0x00000000ac400000, 0x00000000ac500000|
|  59|0x00000000ac500000, 0x00000000ac600000, 0x00000000ac600000|100%| O|  |TS 12|AC  0|TAMS 0x00000000ac500000, 0x00000000ac600000|
|  60|0x00000000ac600000, 0x00000000ac700000, 0x00000000ac700000|100%| O|  |TS 12|AC  0|TAMS 0x00000000ac600000, 0x00000000ac700000|
|  61|0x00000000ac700000, 0x00000000ac800000, 0x00000000ac800000|100%| O|  |TS 12|AC  0|TAMS 0x00000000ac700000, 0x00000000ac800000|
|  62|0x00000000ac800000, 0x00000000ac900000, 0x00000000ac900000|100%| O|  |TS 12|AC  0|TAMS 0x00000000ac800000, 0x00000000ac900000|
|  63|0x00000000ac900000, 0x00000000aca00000, 0x00000000aca00000|100%| O|  |TS 13|AC  0|TAMS 0x00000000ac900000, 0x00000000aca00000|
|  64|0x00000000aca00000, 0x00000000acb00000, 0x00000000acb00000|100%| O|  |TS 13|AC  0|TAMS 0x00000000aca00000, 0x00000000acb00000|
|  65|0x00000000acb00000, 0x00000000acc00000, 0x00000000acc00000|100%| O|  |TS 13|AC  0|TAMS 0x00000000acb00000, 0x00000000acc00000|
|  66|0x00000000acc00000, 0x00000000acd00000, 0x00000000acd00000|100%| O|  |TS 13|AC  0|TAMS 0x00000000acc00000, 0x00000000acd00000|
|  67|0x00000000acd00000, 0x00000000ace00000, 0x00000000ace00000|100%| O|  |TS 13|AC  0|TAMS 0x00000000acd00000, 0x00000000ace00000|
|  68|0x00000000ace00000, 0x00000000acf00000, 0x00000000acf00000|100%| O|  |TS 14|AC  0|TAMS 0x00000000ace00000, 0x00000000acf00000|
|  69|0x00000000acf00000, 0x00000000ad000000, 0x00000000ad000000|100%| O|  |TS 15|AC  0|TAMS 0x00000000acf00000, 0x00000000ad000000|
|  70|0x00000000ad000000, 0x00000000ad100000, 0x00000000ad100000|100%| O|  |TS 14|AC  0|TAMS 0x00000000ad000000, 0x00000000ad100000|
|  71|0x00000000ad100000, 0x00000000ad200000, 0x00000000ad200000|100%| O|  |TS 14|AC  0|TAMS 0x00000000ad100000, 0x00000000ad200000|
|  72|0x00000000ad200000, 0x00000000ad300000, 0x00000000ad300000|100%| O|  |TS 14|AC  0|TAMS 0x00000000ad200000, 0x00000000ad300000|
|  73|0x00000000ad300000, 0x00000000ad400000, 0x00000000ad400000|100%| O|  |TS 14|AC  0|TAMS 0x00000000ad300000, 0x00000000ad400000|
|  74|0x00000000ad400000, 0x00000000ad500000, 0x00000000ad500000|100%| O|  |TS 14|AC  0|TAMS 0x00000000ad400000, 0x00000000ad500000|
|  75|0x00000000ad500000, 0x00000000ad600000, 0x00000000ad600000|100%| O|  |TS 15|AC  0|TAMS 0x00000000ad500000, 0x00000000ad600000|
|  76|0x00000000ad600000, 0x00000000ad700000, 0x00000000ad700000|100%| O|  |TS 15|AC  0|TAMS 0x00000000ad600000, 0x00000000ad700000|
|  77|0x00000000ad700000, 0x00000000ad800000, 0x00000000ad800000|100%| O|  |TS 15|AC  0|TAMS 0x00000000ad700000, 0x00000000ad800000|
|  78|0x00000000ad800000, 0x00000000ad900000, 0x00000000ad900000|100%| O|  |TS 15|AC  0|TAMS 0x00000000ad800000, 0x00000000ad900000|
|  79|0x00000000ad900000, 0x00000000ada00000, 0x00000000ada00000|100%| O|  |TS 15|AC  0|TAMS 0x00000000ad900000, 0x00000000ada00000|
|  80|0x00000000ada00000, 0x00000000adb00000, 0x00000000adb00000|100%| O|  |TS 15|AC  0|TAMS 0x00000000ada00000, 0x00000000adb00000|
|  81|0x00000000adb00000, 0x00000000adc00000, 0x00000000adc00000|100%| O|  |TS 15|AC  0|TAMS 0x00000000adb00000, 0x00000000adc00000|
|  82|0x00000000adc00000, 0x00000000add00000, 0x00000000add00000|100%| O|  |TS 15|AC  0|TAMS 0x00000000adc00000, 0x00000000add00000|
|  83|0x00000000add00000, 0x00000000ade00000, 0x00000000ade00000|100%| O|  |TS 15|AC  0|TAMS 0x00000000add00000, 0x00000000ade00000|
|  84|0x00000000ade00000, 0x00000000adf00000, 0x00000000adf00000|100%| O|  |TS 15|AC  0|TAMS 0x00000000ade00000, 0x00000000adf00000|
|  85|0x00000000adf00000, 0x00000000ae000000, 0x00000000ae000000|100%| O|  |TS 15|AC  0|TAMS 0x00000000adf00000, 0x00000000ae000000|
|  86|0x00000000ae000000, 0x00000000ae100000, 0x00000000ae100000|100%| O|  |TS 15|AC  0|TAMS 0x00000000ae000000, 0x00000000ae100000|
|  87|0x00000000ae100000, 0x00000000ae200000, 0x00000000ae200000|100%| O|  |TS 16|AC  0|TAMS 0x00000000ae100000, 0x00000000ae200000|
|  88|0x00000000ae200000, 0x00000000ae300000, 0x00000000ae300000|100%| O|  |TS 17|AC  0|TAMS 0x00000000ae200000, 0x00000000ae300000|
|  89|0x00000000ae300000, 0x00000000ae400000, 0x00000000ae400000|100%| O|  |TS 17|AC  0|TAMS 0x00000000ae300000, 0x00000000ae400000|
|  90|0x00000000ae400000, 0x00000000ae500000, 0x00000000ae500000|100%| O|  |TS 17|AC  0|TAMS 0x00000000ae400000, 0x00000000ae500000|
|  91|0x00000000ae500000, 0x00000000ae600000, 0x00000000ae600000|100%| O|  |TS 17|AC  0|TAMS 0x00000000ae500000, 0x00000000ae600000|
|  92|0x00000000ae600000, 0x00000000ae700000, 0x00000000ae700000|100%| O|  |TS 17|AC  0|TAMS 0x00000000ae600000, 0x00000000ae700000|
|  93|0x00000000ae700000, 0x00000000ae800000, 0x00000000ae800000|100%| O|  |TS 17|AC  0|TAMS 0x00000000ae700000, 0x00000000ae800000|
|  94|0x00000000ae800000, 0x00000000ae900000, 0x00000000ae900000|100%|HS|  |TS 10|AC  0|TAMS 0x00000000ae800000, 0x00000000ae900000|
|  95|0x00000000ae900000, 0x00000000aea00000, 0x00000000aea00000|100%|HC|  |TS 10|AC  0|TAMS 0x00000000ae900000, 0x00000000aea00000|
|  96|0x00000000aea00000, 0x00000000aeb00000, 0x00000000aeb00000|100%| O|  |TS 16|AC  0|TAMS 0x00000000aea00000, 0x00000000aeb00000|
|  97|0x00000000aeb00000, 0x00000000aec00000, 0x00000000aec00000|100%| O|  |TS 16|AC  0|TAMS 0x00000000aeb00000, 0x00000000aec00000|
|  98|0x00000000aec00000, 0x00000000aed00000, 0x00000000aed00000|100%| O|  |TS 16|AC  0|TAMS 0x00000000aec00000, 0x00000000aed00000|
|  99|0x00000000aed00000, 0x00000000aee00000, 0x00000000aee00000|100%| O|  |TS 16|AC  0|TAMS 0x00000000aed00000, 0x00000000aee00000|
| 100|0x00000000aee00000, 0x00000000aef00000, 0x00000000aef00000|100%| O|  |TS 16|AC  0|TAMS 0x00000000aee00000, 0x00000000aef00000|
| 101|0x00000000aef00000, 0x00000000af000000, 0x00000000af000000|100%| O|  |TS 16|AC  0|TAMS 0x00000000aef00000, 0x00000000af000000|
| 102|0x00000000af000000, 0x00000000af100000, 0x00000000af100000|100%| O|  |TS 16|AC  0|TAMS 0x00000000af000000, 0x00000000af100000|
| 103|0x00000000af100000, 0x00000000af200000, 0x00000000af200000|100%| O|  |TS 16|AC  0|TAMS 0x00000000af100000, 0x00000000af200000|
| 104|0x00000000af200000, 0x00000000af300000, 0x00000000af300000|100%| O|  |TS 16|AC  0|TAMS 0x00000000af200000, 0x00000000af300000|
| 105|0x00000000af300000, 0x00000000af400000, 0x00000000af400000|100%| O|  |TS 16|AC  0|TAMS 0x00000000af300000, 0x00000000af400000|
| 106|0x00000000af400000, 0x00000000af500000, 0x00000000af500000|100%| O|  |TS 16|AC  0|TAMS 0x00000000af400000, 0x00000000af500000|
| 107|0x00000000af500000, 0x00000000af600000, 0x00000000af600000|100%| O|  |TS 16|AC  0|TAMS 0x00000000af500000, 0x00000000af600000|
| 108|0x00000000af600000, 0x00000000af700000, 0x00000000af700000|100%| O|  |TS 16|AC  0|TAMS 0x00000000af600000, 0x00000000af700000|
| 109|0x00000000af700000, 0x00000000af800000, 0x00000000af800000|100%| O|  |TS 16|AC  0|TAMS 0x00000000af700000, 0x00000000af800000|
| 110|0x00000000af800000, 0x00000000af900000, 0x00000000af900000|100%| O|  |TS 16|AC  0|TAMS 0x00000000af800000, 0x00000000af900000|
| 111|0x00000000af900000, 0x00000000afa00000, 0x00000000afa00000|100%| O|  |TS 16|AC  0|TAMS 0x00000000af900000, 0x00000000afa00000|
| 112|0x00000000afa00000, 0x00000000afb00000, 0x00000000afb00000|100%| O|  |TS 16|AC  0|TAMS 0x00000000afa00000, 0x00000000afb00000|
| 113|0x00000000afb00000, 0x00000000afc00000, 0x00000000afc00000|100%| O|  |TS 16|AC  0|TAMS 0x00000000afb00000, 0x00000000afc00000|
| 114|0x00000000afc00000, 0x00000000afd00000, 0x00000000afd00000|100%| O|  |TS 16|AC  0|TAMS 0x00000000afc00000, 0x00000000afd00000|
| 115|0x00000000afd00000, 0x00000000afe00000, 0x00000000afe00000|100%| O|  |TS 16|AC  0|TAMS 0x00000000afd00000, 0x00000000afe00000|
| 116|0x00000000afe00000, 0x00000000aff00000, 0x00000000aff00000|100%| O|  |TS 16|AC  0|TAMS 0x00000000afe00000, 0x00000000aff00000|
| 117|0x00000000aff00000, 0x00000000b0000000, 0x00000000b0000000|100%| O|  |TS 16|AC  0|TAMS 0x00000000aff00000, 0x00000000b0000000|
| 118|0x00000000b0000000, 0x00000000b0100000, 0x00000000b0100000|100%| O|  |TS 16|AC  0|TAMS 0x00000000b0000000, 0x00000000b0100000|
| 119|0x00000000b0100000, 0x00000000b0200000, 0x00000000b0200000|100%| O|  |TS 16|AC  0|TAMS 0x00000000b0100000, 0x00000000b0200000|
| 120|0x00000000b0200000, 0x00000000b0300000, 0x00000000b0300000|100%| O|  |TS 16|AC  0|TAMS 0x00000000b0200000, 0x00000000b0300000|
| 121|0x00000000b0300000, 0x00000000b0400000, 0x00000000b0400000|100%| O|  |TS 16|AC  0|TAMS 0x00000000b0300000, 0x00000000b0400000|
| 122|0x00000000b0400000, 0x00000000b0500000, 0x00000000b0500000|100%| O|  |TS 16|AC  0|TAMS 0x00000000b0400000, 0x00000000b0500000|
| 123|0x00000000b0500000, 0x00000000b0600000, 0x00000000b0600000|100%| O|  |TS 17|AC  0|TAMS 0x00000000b0500000, 0x00000000b0600000|
| 124|0x00000000b0600000, 0x00000000b0700000, 0x00000000b0700000|100%| O|  |TS 17|AC  0|TAMS 0x00000000b0600000, 0x00000000b0700000|
| 125|0x00000000b0700000, 0x00000000b0800000, 0x00000000b0800000|100%| O|  |TS 17|AC  0|TAMS 0x00000000b0700000, 0x00000000b0800000|
| 126|0x00000000b0800000, 0x00000000b0900000, 0x00000000b0900000|100%| O|  |TS 17|AC  0|TAMS 0x00000000b0800000, 0x00000000b0900000|
| 127|0x00000000b0900000, 0x00000000b0a00000, 0x00000000b0a00000|100%| O|  |TS 17|AC  0|TAMS 0x00000000b0900000, 0x00000000b0a00000|
| 128|0x00000000b0a00000, 0x00000000b0b00000, 0x00000000b0b00000|100%| O|  |TS 17|AC  0|TAMS 0x00000000b0a00000, 0x00000000b0b00000|
| 129|0x00000000b0b00000, 0x00000000b0c00000, 0x00000000b0c00000|100%| O|  |TS 17|AC  0|TAMS 0x00000000b0b00000, 0x00000000b0c00000|
| 130|0x00000000b0c00000, 0x00000000b0d00000, 0x00000000b0d00000|100%| O|  |TS 17|AC  0|TAMS 0x00000000b0c00000, 0x00000000b0d00000|
| 131|0x00000000b0d00000, 0x00000000b0e00000, 0x00000000b0e00000|100%| O|  |TS 17|AC  0|TAMS 0x00000000b0d00000, 0x00000000b0e00000|
| 132|0x00000000b0e00000, 0x00000000b0f00000, 0x00000000b0f00000|100%| O|  |TS 17|AC  0|TAMS 0x00000000b0e00000, 0x00000000b0f00000|
| 133|0x00000000b0f00000, 0x00000000b1000000, 0x00000000b1000000|100%| O|  |TS 17|AC  0|TAMS 0x00000000b0f00000, 0x00000000b1000000|
| 134|0x00000000b1000000, 0x00000000b1100000, 0x00000000b1100000|100%| O|  |TS 17|AC  0|TAMS 0x00000000b1000000, 0x00000000b1100000|
| 135|0x00000000b1100000, 0x00000000b1200000, 0x00000000b1200000|100%| O|  |TS 17|AC  0|TAMS 0x00000000b1100000, 0x00000000b1200000|
| 136|0x00000000b1200000, 0x00000000b1300000, 0x00000000b1300000|100%| O|  |TS 17|AC  0|TAMS 0x00000000b1200000, 0x00000000b1300000|
| 137|0x00000000b1300000, 0x00000000b1400000, 0x00000000b1400000|100%| O|  |TS 17|AC  0|TAMS 0x00000000b1300000, 0x00000000b1400000|
| 138|0x00000000b1400000, 0x00000000b1500000, 0x00000000b1500000|100%| O|  |TS 17|AC  0|TAMS 0x00000000b1400000, 0x00000000b1500000|
| 139|0x00000000b1500000, 0x00000000b1600000, 0x00000000b1600000|100%| O|  |TS 17|AC  0|TAMS 0x00000000b1500000, 0x00000000b1600000|
| 140|0x00000000b1600000, 0x00000000b1700000, 0x00000000b1700000|100%| O|  |TS 17|AC  0|TAMS 0x00000000b1600000, 0x00000000b1700000|
| 141|0x00000000b1700000, 0x00000000b1800000, 0x00000000b1800000|100%| O|  |TS 17|AC  0|TAMS 0x00000000b1700000, 0x00000000b1800000|
| 142|0x00000000b1800000, 0x00000000b1900000, 0x00000000b1900000|100%| O|  |TS 17|AC  0|TAMS 0x00000000b1800000, 0x00000000b1900000|
| 143|0x00000000b1900000, 0x00000000b1a00000, 0x00000000b1a00000|100%| O|  |TS 17|AC  0|TAMS 0x00000000b1900000, 0x00000000b1a00000|
| 144|0x00000000b1a00000, 0x00000000b1b00000, 0x00000000b1b00000|100%| O|  |TS 17|AC  0|TAMS 0x00000000b1a00000, 0x00000000b1b00000|
| 145|0x00000000b1b00000, 0x00000000b1c00000, 0x00000000b1c00000|100%| O|  |TS 17|AC  0|TAMS 0x00000000b1b00000, 0x00000000b1c00000|
| 146|0x00000000b1c00000, 0x00000000b1d00000, 0x00000000b1d00000|100%| O|  |TS 17|AC  0|TAMS 0x00000000b1c00000, 0x00000000b1d00000|
| 147|0x00000000b1d00000, 0x00000000b1e00000, 0x00000000b1e00000|100%| O|  |TS 17|AC  0|TAMS 0x00000000b1d00000, 0x00000000b1e00000|
| 148|0x00000000b1e00000, 0x00000000b1f00000, 0x00000000b1f00000|100%| O|  |TS 17|AC  0|TAMS 0x00000000b1e00000, 0x00000000b1f00000|
| 149|0x00000000b1f00000, 0x00000000b2000000, 0x00000000b2000000|100%| O|  |TS 17|AC  0|TAMS 0x00000000b1f00000, 0x00000000b2000000|
| 150|0x00000000b2000000, 0x00000000b2100000, 0x00000000b2100000|100%| O|  |TS 17|AC  0|TAMS 0x00000000b2000000, 0x00000000b2100000|
| 151|0x00000000b2100000, 0x00000000b2200000, 0x00000000b2200000|100%| O|  |TS 17|AC  0|TAMS 0x00000000b2100000, 0x00000000b2200000|
| 152|0x00000000b2200000, 0x00000000b2300000, 0x00000000b2300000|100%| O|  |TS 17|AC  0|TAMS 0x00000000b2200000, 0x00000000b2300000|
| 153|0x00000000b2300000, 0x00000000b2400000, 0x00000000b2400000|100%| O|  |TS 17|AC  0|TAMS 0x00000000b2300000, 0x00000000b2400000|
| 154|0x00000000b2400000, 0x00000000b2500000, 0x00000000b2500000|100%| O|  |TS 17|AC  0|TAMS 0x00000000b2400000, 0x00000000b2500000|
| 155|0x00000000b2500000, 0x00000000b2600000, 0x00000000b2600000|100%| O|  |TS 17|AC  0|TAMS 0x00000000b2500000, 0x00000000b2600000|
| 156|0x00000000b2600000, 0x00000000b2700000, 0x00000000b2700000|100%| O|  |TS 17|AC  0|TAMS 0x00000000b2600000, 0x00000000b2700000|
| 157|0x00000000b2700000, 0x00000000b2800000, 0x00000000b2800000|100%| O|  |TS 17|AC  0|TAMS 0x00000000b2700000, 0x00000000b2800000|
| 158|0x00000000b2800000, 0x00000000b2900000, 0x00000000b2900000|100%| O|  |TS 17|AC  0|TAMS 0x00000000b2800000, 0x00000000b2900000|
| 159|0x00000000b2900000, 0x00000000b2a00000, 0x00000000b2a00000|100%| O|  |TS 17|AC  0|TAMS 0x00000000b2900000, 0x00000000b2a00000|
| 160|0x00000000b2a00000, 0x00000000b2b00000, 0x00000000b2b00000|100%| O|  |TS 18|AC  0|TAMS 0x00000000b2a00000, 0x00000000b2b00000|
| 161|0x00000000b2b00000, 0x00000000b2c00000, 0x00000000b2c00000|100%| O|  |TS 18|AC  0|TAMS 0x00000000b2b00000, 0x00000000b2c00000|
| 162|0x00000000b2c00000, 0x00000000b2d00000, 0x00000000b2d00000|100%| O|  |TS 18|AC  0|TAMS 0x00000000b2c00000, 0x00000000b2d00000|
| 163|0x00000000b2d00000, 0x00000000b2e00000, 0x00000000b2e00000|100%| O|  |TS 18|AC  0|TAMS 0x00000000b2d00000, 0x00000000b2e00000|
| 164|0x00000000b2e00000, 0x00000000b2f00000, 0x00000000b2f00000|100%| O|  |TS 18|AC  0|TAMS 0x00000000b2e00000, 0x00000000b2f00000|
| 165|0x00000000b2f00000, 0x00000000b3000000, 0x00000000b3000000|100%| O|  |TS 18|AC  0|TAMS 0x00000000b2f00000, 0x00000000b3000000|
| 166|0x00000000b3000000, 0x00000000b3100000, 0x00000000b3100000|100%| O|  |TS 18|AC  0|TAMS 0x00000000b3000000, 0x00000000b3100000|
| 167|0x00000000b3100000, 0x00000000b3200000, 0x00000000b3200000|100%| O|  |TS 18|AC  0|TAMS 0x00000000b3100000, 0x00000000b3200000|
| 168|0x00000000b3200000, 0x00000000b3300000, 0x00000000b3300000|100%| O|  |TS 18|AC  0|TAMS 0x00000000b3200000, 0x00000000b3300000|
| 169|0x00000000b3300000, 0x00000000b3400000, 0x00000000b3400000|100%| O|  |TS 18|AC  0|TAMS 0x00000000b3300000, 0x00000000b3400000|
| 170|0x00000000b3400000, 0x00000000b3500000, 0x00000000b3500000|100%| O|  |TS 18|AC  0|TAMS 0x00000000b3400000, 0x00000000b3500000|
| 171|0x00000000b3500000, 0x00000000b3600000, 0x00000000b3600000|100%| O|  |TS 18|AC  0|TAMS 0x00000000b3500000, 0x00000000b3600000|
| 172|0x00000000b3600000, 0x00000000b3700000, 0x00000000b3700000|100%| O|  |TS 18|AC  0|TAMS 0x00000000b3600000, 0x00000000b3700000|
| 173|0x00000000b3700000, 0x00000000b3800000, 0x00000000b3800000|100%| O|  |TS 18|AC  0|TAMS 0x00000000b3700000, 0x00000000b3800000|
| 174|0x00000000b3800000, 0x00000000b3900000, 0x00000000b3900000|100%| O|  |TS 18|AC  0|TAMS 0x00000000b3800000, 0x00000000b3900000|
| 175|0x00000000b3900000, 0x00000000b3a00000, 0x00000000b3a00000|100%| O|  |TS 18|AC  0|TAMS 0x00000000b3900000, 0x00000000b3a00000|
| 176|0x00000000b3a00000, 0x00000000b3b00000, 0x00000000b3b00000|100%| O|  |TS 18|AC  0|TAMS 0x00000000b3a00000, 0x00000000b3b00000|
| 177|0x00000000b3b00000, 0x00000000b3c00000, 0x00000000b3c00000|100%| O|  |TS 18|AC  0|TAMS 0x00000000b3b00000, 0x00000000b3c00000|
| 178|0x00000000b3c00000, 0x00000000b3d00000, 0x00000000b3d00000|100%| O|  |TS 18|AC  0|TAMS 0x00000000b3c00000, 0x00000000b3d00000|
| 179|0x00000000b3d00000, 0x00000000b3e00000, 0x00000000b3e00000|100%| O|  |TS 18|AC  0|TAMS 0x00000000b3d00000, 0x00000000b3e00000|
| 180|0x00000000b3e00000, 0x00000000b3f00000, 0x00000000b3f00000|100%| O|  |TS 18|AC  0|TAMS 0x00000000b3e00000, 0x00000000b3f00000|
| 181|0x00000000b3f00000, 0x00000000b4000000, 0x00000000b4000000|100%| O|  |TS 18|AC  0|TAMS 0x00000000b3f00000, 0x00000000b4000000|
| 182|0x00000000b4000000, 0x00000000b4100000, 0x00000000b4100000|100%| O|  |TS 18|AC  0|TAMS 0x00000000b4000000, 0x00000000b4100000|
| 183|0x00000000b4100000, 0x00000000b4180000, 0x00000000b4200000| 50%| O|  |TS 18|AC  0|TAMS 0x00000000b4100000, 0x00000000b4180000|
| 184|0x00000000b4200000, 0x00000000b4200000, 0x00000000b4300000|  0%| F|  |TS 16|AC  0|TAMS 0x00000000b4200000, 0x00000000b4200000|
| 185|0x00000000b4300000, 0x00000000b4300000, 0x00000000b4400000|  0%| F|  |TS 16|AC  0|TAMS 0x00000000b4300000, 0x00000000b4300000|
| 186|0x00000000b4400000, 0x00000000b4400000, 0x00000000b4500000|  0%| F|  |TS 16|AC  0|TAMS 0x00000000b4400000, 0x00000000b4400000|
| 187|0x00000000b4500000, 0x00000000b4500000, 0x00000000b4600000|  0%| F|  |TS 16|AC  0|TAMS 0x00000000b4500000, 0x00000000b4500000|
| 188|0x00000000b4600000, 0x00000000b4600000, 0x00000000b4700000|  0%| F|  |TS 16|AC  0|TAMS 0x00000000b4600000, 0x00000000b4600000|
| 189|0x00000000b4700000, 0x00000000b4700000, 0x00000000b4800000|  0%| F|  |TS 16|AC  0|TAMS 0x00000000b4700000, 0x00000000b4700000|
| 190|0x00000000b4800000, 0x00000000b4800000, 0x00000000b4900000|  0%| F|  |TS 16|AC  0|TAMS 0x00000000b4800000, 0x00000000b4800000|
| 191|0x00000000b4900000, 0x00000000b4900000, 0x00000000b4a00000|  0%| F|  |TS 16|AC  0|TAMS 0x00000000b4900000, 0x00000000b4900000|
| 192|0x00000000b4a00000, 0x00000000b4a00000, 0x00000000b4b00000|  0%| F|  |TS 16|AC  0|TAMS 0x00000000b4a00000, 0x00000000b4a00000|
| 193|0x00000000b4b00000, 0x00000000b4b00000, 0x00000000b4c00000|  0%| F|  |TS 16|AC  0|TAMS 0x00000000b4b00000, 0x00000000b4b00000|
| 194|0x00000000b4c00000, 0x00000000b4c00000, 0x00000000b4d00000|  0%| F|  |TS 16|AC  0|TAMS 0x00000000b4c00000, 0x00000000b4c00000|
| 195|0x00000000b4d00000, 0x00000000b4d00000, 0x00000000b4e00000|  0%| F|  |TS 16|AC  0|TAMS 0x00000000b4d00000, 0x00000000b4d00000|
| 196|0x00000000b4e00000, 0x00000000b4e00000, 0x00000000b4f00000|  0%| F|  |TS 16|AC  0|TAMS 0x00000000b4e00000, 0x00000000b4e00000|
| 197|0x00000000b4f00000, 0x00000000b4f00000, 0x00000000b5000000|  0%| F|  |TS 16|AC  0|TAMS 0x00000000b4f00000, 0x00000000b4f00000|
| 198|0x00000000b5000000, 0x00000000b5000000, 0x00000000b5100000|  0%| F|  |TS 16|AC  0|TAMS 0x00000000b5000000, 0x00000000b5000000|
| 199|0x00000000b5100000, 0x00000000b5100000, 0x00000000b5200000|  0%| F|  |TS 18|AC  0|TAMS 0x00000000b5100000, 0x00000000b5100000|
| 200|0x00000000b5200000, 0x00000000b5200000, 0x00000000b5300000|  0%| F|  |TS 18|AC  0|TAMS 0x00000000b5200000, 0x00000000b5200000|
| 201|0x00000000b5300000, 0x00000000b5300000, 0x00000000b5400000|  0%| F|  |TS 18|AC  0|TAMS 0x00000000b5300000, 0x00000000b5300000|
| 202|0x00000000b5400000, 0x00000000b5400000, 0x00000000b5500000|  0%| F|  |TS 18|AC  0|TAMS 0x00000000b5400000, 0x00000000b5400000|
| 203|0x00000000b5500000, 0x00000000b5500000, 0x00000000b5600000|  0%| F|  |TS 18|AC  0|TAMS 0x00000000b5500000, 0x00000000b5500000|
| 204|0x00000000b5600000, 0x00000000b5600000, 0x00000000b5700000|  0%| F|  |TS 18|AC  0|TAMS 0x00000000b5600000, 0x00000000b5600000|
| 205|0x00000000b5700000, 0x00000000b5700000, 0x00000000b5800000|  0%| F|  |TS 18|AC  0|TAMS 0x00000000b5700000, 0x00000000b5700000|
| 206|0x00000000b5800000, 0x00000000b5800000, 0x00000000b5900000|  0%| F|  |TS 18|AC  0|TAMS 0x00000000b5800000, 0x00000000b5800000|
| 207|0x00000000b5900000, 0x00000000b5900000, 0x00000000b5a00000|  0%| F|  |TS 18|AC  0|TAMS 0x00000000b5900000, 0x00000000b5900000|
| 208|0x00000000b5a00000, 0x00000000b5a00000, 0x00000000b5b00000|  0%| F|  |TS 18|AC  0|TAMS 0x00000000b5a00000, 0x00000000b5a00000|
| 209|0x00000000b5b00000, 0x00000000b5b00000, 0x00000000b5c00000|  0%| F|  |TS 17|AC  0|TAMS 0x00000000b5b00000, 0x00000000b5b00000|
| 210|0x00000000b5c00000, 0x00000000b5c00000, 0x00000000b5d00000|  0%| F|  |TS 17|AC  0|TAMS 0x00000000b5c00000, 0x00000000b5c00000|
| 211|0x00000000b5d00000, 0x00000000b5d00000, 0x00000000b5e00000|  0%| F|  |TS 17|AC  0|TAMS 0x00000000b5d00000, 0x00000000b5d00000|
| 212|0x00000000b5e00000, 0x00000000b5e00000, 0x00000000b5f00000|  0%| F|  |TS 17|AC  0|TAMS 0x00000000b5e00000, 0x00000000b5e00000|
| 213|0x00000000b5f00000, 0x00000000b5f00000, 0x00000000b6000000|  0%| F|  |TS 17|AC  0|TAMS 0x00000000b5f00000, 0x00000000b5f00000|
| 214|0x00000000b6000000, 0x00000000b6000000, 0x00000000b6100000|  0%| F|  |TS 17|AC  0|TAMS 0x00000000b6000000, 0x00000000b6000000|
| 215|0x00000000b6100000, 0x00000000b6100000, 0x00000000b6200000|  0%| F|  |TS 17|AC  0|TAMS 0x00000000b6100000, 0x00000000b6100000|
| 216|0x00000000b6200000, 0x00000000b6200000, 0x00000000b6300000|  0%| F|  |TS 17|AC  0|TAMS 0x00000000b6200000, 0x00000000b6200000|
| 217|0x00000000b6300000, 0x00000000b6300000, 0x00000000b6400000|  0%| F|  |TS 17|AC  0|TAMS 0x00000000b6300000, 0x00000000b6300000|
| 218|0x00000000b6400000, 0x00000000b6400000, 0x00000000b6500000|  0%| F|  |TS 17|AC  0|TAMS 0x00000000b6400000, 0x00000000b6400000|
| 219|0x00000000b6500000, 0x00000000b6500000, 0x00000000b6600000|  0%| F|  |TS 17|AC  0|TAMS 0x00000000b6500000, 0x00000000b6500000|
| 220|0x00000000b6600000, 0x00000000b6600000, 0x00000000b6700000|  0%| F|  |TS 17|AC  0|TAMS 0x00000000b6600000, 0x00000000b6600000|
| 221|0x00000000b6700000, 0x00000000b6700000, 0x00000000b6800000|  0%| F|  |TS 17|AC  0|TAMS 0x00000000b6700000, 0x00000000b6700000|
| 222|0x00000000b6800000, 0x00000000b6800000, 0x00000000b6900000|  0%| F|  |TS 17|AC  0|TAMS 0x00000000b6800000, 0x00000000b6800000|
| 223|0x00000000b6900000, 0x00000000b6900000, 0x00000000b6a00000|  0%| F|  |TS 17|AC  0|TAMS 0x00000000b6900000, 0x00000000b6900000|
| 224|0x00000000b6a00000, 0x00000000b6a00000, 0x00000000b6b00000|  0%| F|  |TS 17|AC  0|TAMS 0x00000000b6a00000, 0x00000000b6a00000|
| 225|0x00000000b6b00000, 0x00000000b6b00000, 0x00000000b6c00000|  0%| F|  |TS 17|AC  0|TAMS 0x00000000b6b00000, 0x00000000b6b00000|
| 226|0x00000000b6c00000, 0x00000000b6c00000, 0x00000000b6d00000|  0%| F|  |TS 17|AC  0|TAMS 0x00000000b6c00000, 0x00000000b6c00000|
| 227|0x00000000b6d00000, 0x00000000b6d00000, 0x00000000b6e00000|  0%| F|  |TS 17|AC  0|TAMS 0x00000000b6d00000, 0x00000000b6d00000|
| 228|0x00000000b6e00000, 0x00000000b6e00000, 0x00000000b6f00000|  0%| F|  |TS 17|AC  0|TAMS 0x00000000b6e00000, 0x00000000b6e00000|
| 229|0x00000000b6f00000, 0x00000000b6f00000, 0x00000000b7000000|  0%| F|  |TS 17|AC  0|TAMS 0x00000000b6f00000, 0x00000000b6f00000|
| 230|0x00000000b7000000, 0x00000000b7000000, 0x00000000b7100000|  0%| F|  |TS 17|AC  0|TAMS 0x00000000b7000000, 0x00000000b7000000|
| 231|0x00000000b7100000, 0x00000000b7100000, 0x00000000b7200000|  0%| F|  |TS 17|AC  0|TAMS 0x00000000b7100000, 0x00000000b7100000|
| 232|0x00000000b7200000, 0x00000000b7300000, 0x00000000b7300000|100%| S|CS|TS 18|AC  0|TAMS 0x00000000b7200000, 0x00000000b7200000|
| 233|0x00000000b7300000, 0x00000000b7400000, 0x00000000b7400000|100%| S|CS|TS 18|AC  0|TAMS 0x00000000b7300000, 0x00000000b7300000|
| 234|0x00000000b7400000, 0x00000000b7500000, 0x00000000b7500000|100%| S|CS|TS 18|AC  0|TAMS 0x00000000b7400000, 0x00000000b7400000|
| 235|0x00000000b7500000, 0x00000000b7600000, 0x00000000b7600000|100%| S|CS|TS 18|AC  0|TAMS 0x00000000b7500000, 0x00000000b7500000|
| 236|0x00000000b7600000, 0x00000000b7700000, 0x00000000b7700000|100%| S|CS|TS 18|AC  0|TAMS 0x00000000b7600000, 0x00000000b7600000|
| 237|0x00000000b7700000, 0x00000000b7800000, 0x00000000b7800000|100%| S|CS|TS 18|AC  0|TAMS 0x00000000b7700000, 0x00000000b7700000|
| 238|0x00000000b7800000, 0x00000000b7800000, 0x00000000b7900000|  0%| F|  |TS 18|AC  0|TAMS 0x00000000b7800000, 0x00000000b7800000|
| 239|0x00000000b7900000, 0x00000000b7900000, 0x00000000b7a00000|  0%| F|  |TS 18|AC  0|TAMS 0x00000000b7900000, 0x00000000b7900000|
| 240|0x00000000b7a00000, 0x00000000b7a00000, 0x00000000b7b00000|  0%| F|  |TS 18|AC  0|TAMS 0x00000000b7a00000, 0x00000000b7a00000|
| 241|0x00000000b7b00000, 0x00000000b7b00000, 0x00000000b7c00000|  0%| F|  |TS 18|AC  0|TAMS 0x00000000b7b00000, 0x00000000b7b00000|
| 242|0x00000000b7c00000, 0x00000000b7c00000, 0x00000000b7d00000|  0%| F|  |TS 18|AC  0|TAMS 0x00000000b7c00000, 0x00000000b7c00000|
| 243|0x00000000b7d00000, 0x00000000b7d00000, 0x00000000b7e00000|  0%| F|  |TS 18|AC  0|TAMS 0x00000000b7d00000, 0x00000000b7d00000|
| 244|0x00000000b7e00000, 0x00000000b7e00000, 0x00000000b7f00000|  0%| F|  |TS 18|AC  0|TAMS 0x00000000b7e00000, 0x00000000b7e00000|
| 245|0x00000000b7f00000, 0x00000000b7f00000, 0x00000000b8000000|  0%| F|  |TS 18|AC  0|TAMS 0x00000000b7f00000, 0x00000000b7f00000|
| 246|0x00000000b8000000, 0x00000000b8000000, 0x00000000b8100000|  0%| F|  |TS 18|AC  0|TAMS 0x00000000b8000000, 0x00000000b8000000|
| 247|0x00000000b8100000, 0x00000000b8100000, 0x00000000b8200000|  0%| F|  |TS 18|AC  0|TAMS 0x00000000b8100000, 0x00000000b8100000|
| 248|0x00000000b8200000, 0x00000000b8200000, 0x00000000b8300000|  0%| F|  |TS 18|AC  0|TAMS 0x00000000b8200000, 0x00000000b8200000|
| 249|0x00000000b8300000, 0x00000000b8300000, 0x00000000b8400000|  0%| F|  |TS 18|AC  0|TAMS 0x00000000b8300000, 0x00000000b8300000|
| 250|0x00000000b8400000, 0x00000000b8400000, 0x00000000b8500000|  0%| F|  |TS 18|AC  0|TAMS 0x00000000b8400000, 0x00000000b8400000|
| 251|0x00000000b8500000, 0x00000000b8500000, 0x00000000b8600000|  0%| F|  |TS 18|AC  0|TAMS 0x00000000b8500000, 0x00000000b8500000|
| 252|0x00000000b8600000, 0x00000000b8600000, 0x00000000b8700000|  0%| F|  |TS 18|AC  0|TAMS 0x00000000b8600000, 0x00000000b8600000|
| 253|0x00000000b8700000, 0x00000000b8700000, 0x00000000b8800000|  0%| F|  |TS 18|AC  0|TAMS 0x00000000b8700000, 0x00000000b8700000|
| 254|0x00000000b8800000, 0x00000000b8800000, 0x00000000b8900000|  0%| F|  |TS 18|AC  0|TAMS 0x00000000b8800000, 0x00000000b8800000|
| 255|0x00000000b8900000, 0x00000000b8900000, 0x00000000b8a00000|  0%| F|  |TS 18|AC  0|TAMS 0x00000000b8900000, 0x00000000b8900000|
| 256|0x00000000b8a00000, 0x00000000b8a00000, 0x00000000b8b00000|  0%| F|  |TS 18|AC  0|TAMS 0x00000000b8a00000, 0x00000000b8a00000|
| 257|0x00000000b8b00000, 0x00000000b8b00000, 0x00000000b8c00000|  0%| F|  |TS 18|AC  0|TAMS 0x00000000b8b00000, 0x00000000b8b00000|
| 258|0x00000000b8c00000, 0x00000000b8c00000, 0x00000000b8d00000|  0%| F|  |TS 18|AC  0|TAMS 0x00000000b8c00000, 0x00000000b8c00000|
| 259|0x00000000b8d00000, 0x00000000b8d00000, 0x00000000b8e00000|  0%| F|  |TS 18|AC  0|TAMS 0x00000000b8d00000, 0x00000000b8d00000|
| 260|0x00000000b8e00000, 0x00000000b8e00000, 0x00000000b8f00000|  0%| F|  |TS 18|AC  0|TAMS 0x00000000b8e00000, 0x00000000b8e00000|
| 261|0x00000000b8f00000, 0x00000000b8f00000, 0x00000000b9000000|  0%| F|  |TS 18|AC  0|TAMS 0x00000000b8f00000, 0x00000000b8f00000|
| 262|0x00000000b9000000, 0x00000000b9000000, 0x00000000b9100000|  0%| F|  |TS 18|AC  0|TAMS 0x00000000b9000000, 0x00000000b9000000|
| 263|0x00000000b9100000, 0x00000000b9100000, 0x00000000b9200000|  0%| F|  |TS 18|AC  0|TAMS 0x00000000b9100000, 0x00000000b9100000|
| 264|0x00000000b9200000, 0x00000000b9200000, 0x00000000b9300000|  0%| F|  |TS 18|AC  0|TAMS 0x00000000b9200000, 0x00000000b9200000|
| 265|0x00000000b9300000, 0x00000000b9300000, 0x00000000b9400000|  0%| F|  |TS 18|AC  0|TAMS 0x00000000b9300000, 0x00000000b9300000|
| 266|0x00000000b9400000, 0x00000000b9400000, 0x00000000b9500000|  0%| F|  |TS 18|AC  0|TAMS 0x00000000b9400000, 0x00000000b9400000|
| 267|0x00000000b9500000, 0x00000000b9500000, 0x00000000b9600000|  0%| F|  |TS 18|AC  0|TAMS 0x00000000b9500000, 0x00000000b9500000|
| 268|0x00000000b9600000, 0x00000000b9600000, 0x00000000b9700000|  0%| F|  |TS 18|AC  0|TAMS 0x00000000b9600000, 0x00000000b9600000|
| 269|0x00000000b9700000, 0x00000000b9700000, 0x00000000b9800000|  0%| F|  |TS 18|AC  0|TAMS 0x00000000b9700000, 0x00000000b9700000|
| 270|0x00000000b9800000, 0x00000000b9800000, 0x00000000b9900000|  0%| F|  |TS 18|AC  0|TAMS 0x00000000b9800000, 0x00000000b9800000|

Card table byte_map: [0x00007f7dc4fde000,0x00007f7dc5299000] byte_map_base: 0x00007f7dc4a99000

Marking Bits (Prev, Next): (CMBitMap*) 0x00007f7dc0081520, (CMBitMap*) 0x00007f7dc0081558
 Prev Bits: [0x00007f7da654e000, 0x00007f7da7b26000)
 Next Bits: [0x00007f7da4f76000, 0x00007f7da654e000)

Polling page: 0x00007f7dca45c000

CodeHeap 'non-profiled nmethods': size=120032Kb used=2304Kb max_used=2304Kb free=117727Kb
 bounds [0x00007f7daf5ee000, 0x00007f7daf85e000, 0x00007f7db6b26000]
CodeHeap 'profiled nmethods': size=120028Kb used=7071Kb max_used=7071Kb free=112956Kb
 bounds [0x00007f7da80b7000, 0x00007f7da87a7000, 0x00007f7daf5ee000]
CodeHeap 'non-nmethods': size=5700Kb used=1070Kb max_used=1158Kb free=4629Kb
 bounds [0x00007f7da7b26000, 0x00007f7da7d96000, 0x00007f7da80b7000]
 total_blobs=3663 nmethods=2600 adapters=297
 compilation: enabled

Compilation events (10 events):
Event: 6.189 Thread 0x00007f7dc018a800 2686       2       com.google.javascript.jscomp.parsing.parser.Parser::parseTryStatement (91 bytes)
Event: 6.193 Thread 0x00007f7dc018a800 nmethod 2686 0x00007f7da879ab10 code [0x00007f7da879aec0, 0x00007f7da879c2f8]
Event: 6.201 Thread 0x00007f7dc018a800 2688       2       com.google.javascript.jscomp.parsing.parser.trees.CatchTree::<init> (19 bytes)
Event: 6.201 Thread 0x00007f7dc018a800 nmethod 2688 0x00007f7da879cf90 code [0x00007f7da879d160, 0x00007f7da879d430]
Event: 6.545 Thread 0x00007f7dc018a800 2691       2       com.google.javascript.jscomp.parsing.IRFactory$TransformDispatcher::processNull (11 bytes)
Event: 6.546 Thread 0x00007f7dc018a800 nmethod 2691 0x00007f7da879d510 code [0x00007f7da879d6e0, 0x00007f7da879da88]
Event: 6.548 Thread 0x00007f7dc018a800 2694       2       com.google.javascript.jscomp.parsing.IRFactory$TransformDispatcher::processSwitchDefault (97 bytes)
Event: 6.550 Thread 0x00007f7dc018a800 nmethod 2694 0x00007f7da879dc10 code [0x00007f7da879dea0, 0x00007f7da879e898]
Event: 6.560 Thread 0x00007f7dc0184800 nmethod 2156 0x00007f7daf821d90 code [0x00007f7daf822620, 0x00007f7daf8295a8]
Event: 6.560 Thread 0x00007f7dc0184800 2690       4       com.google.javascript.jscomp.parsing.IRFactory$TransformDispatcher::processArrayLiteral (61 bytes)

GC Heap History (10 events):
Event: 5.021 GC heap after
{Heap after GC invocations=13 (full 0):
 garbage-first heap   total 174080K, used 77817K [0x00000000a8a00000, 0x0000000100000000)
  region size 1024K, 7 young (7168K), 7 survivors (7168K)
 Metaspace       used 16435K, capacity 16598K, committed 17024K, reserved 1064960K
  class space    used 1478K, capacity 1553K, committed 1664K, reserved 1048576K
}
Event: 5.196 GC heap before
{Heap before GC invocations=13 (full 0):
 garbage-first heap   total 174080K, used 125945K [0x00000000a8a00000, 0x0000000100000000)
  region size 1024K, 53 young (54272K), 7 survivors (7168K)
 Metaspace       used 16454K, capacity 16662K, committed 17024K, reserved 1064960K
  class space    used 1478K, capacity 1553K, committed 1664K, reserved 1048576K
}
Event: 5.215 GC heap after
{Heap after GC invocations=14 (full 0):
 garbage-first heap   total 277504K, used 83653K [0x00000000a8a00000, 0x0000000100000000)
  region size 1024K, 7 young (7168K), 7 survivors (7168K)
 Metaspace       used 16454K, capacity 16662K, committed 17024K, reserved 1064960K
  class space    used 1478K, capacity 1553K, committed 1664K, reserved 1048576K
}
Event: 5.616 GC heap before
{Heap before GC invocations=14 (full 0):
 garbage-first heap   total 277504K, used 161477K [0x00000000a8a00000, 0x0000000100000000)
  region size 1024K, 83 young (84992K), 7 survivors (7168K)
 Metaspace       used 16487K, capacity 16662K, committed 17024K, reserved 1064960K
  class space    used 1478K, capacity 1553K, committed 1664K, reserved 1048576K
}
Event: 5.656 GC heap after
{Heap after GC invocations=15 (full 0):
 garbage-first heap   total 277504K, used 100611K [0x00000000a8a00000, 0x0000000100000000)
  region size 1024K, 11 young (11264K), 11 survivors (11264K)
 Metaspace       used 16487K, capacity 16662K, committed 17024K, reserved 1064960K
  class space    used 1478K, capacity 1553K, committed 1664K, reserved 1048576K
}
Event: 6.124 GC heap before
{Heap before GC invocations=15 (full 0):
 garbage-first heap   total 277504K, used 194819K [0x00000000a8a00000, 0x0000000100000000)
  region size 1024K, 95 young (97280K), 11 survivors (11264K)
 Metaspace       used 16491K, capacity 16726K, committed 17024K, reserved 1064960K
  class space    used 1478K, capacity 1553K, committed 1664K, reserved 1048576K
}
Event: 6.171 GC heap after
{Heap after GC invocations=16 (full 0):
 garbage-first heap   total 277504K, used 132599K [0x00000000a8a00000, 0x0000000100000000)
  region size 1024K, 12 young (12288K), 12 survivors (12288K)
 Metaspace       used 16491K, capacity 16726K, committed 17024K, reserved 1064960K
  class space    used 1478K, capacity 1553K, committed 1664K, reserved 1048576K
}
Event: 6.373 GC heap before
{Heap before GC invocations=16 (full 0):
 garbage-first heap   total 277504K, used 196087K [0x00000000a8a00000, 0x0000000100000000)
  region size 1024K, 74 young (75776K), 12 survivors (12288K)
 Metaspace       used 16493K, capacity 16726K, committed 17024K, reserved 1064960K
  class space    used 1478K, capacity 1553K, committed 1664K, reserved 1048576K
}
Event: 6.458 GC heap after
{Heap after GC invocations=17 (full 0):
 garbage-first heap   total 277504K, used 174080K [0x00000000a8a00000, 0x0000000100000000)
  region size 1024K, 10 young (10240K), 10 survivors (10240K)
 Metaspace       used 16493K, capacity 16726K, committed 17024K, reserved 1064960K
  class space    used 1478K, capacity 1553K, committed 1664K, reserved 1048576K
}
Event: 6.570 GC heap before
{Heap before GC invocations=17 (full 0):
 garbage-first heap   total 277504K, used 207872K [0x00000000a8a00000, 0x0000000100000000)
  region size 1024K, 43 young (44032K), 10 survivors (10240K)
 Metaspace       used 16493K, capacity 16726K, committed 17024K, reserved 1064960K
  class space    used 1478K, capacity 1553K, committed 1664K, reserved 1048576K
}

Deoptimization events (10 events):
Event: 2.425 Thread 0x00007f7dc051d800 Uncommon trap: reason=unstable_if action=reinterpret pc=0x00007f7daf69a574 method=com.google.javascript.jscomp.parsing.parser.LineNumberTable.computeLineStartOffsets(Ljava/lang/String;)[I @ 53 c2
Event: 2.425 Thread 0x00007f7dc051d800 Uncommon trap: reason=unstable_if action=reinterpret pc=0x00007f7daf68bc24 method=com.google.javascript.jscomp.parsing.parser.LineNumberTable.computeLineStartOffsets(Ljava/lang/String;)[I @ 53 c2
Event: 2.461 Thread 0x00007f7dc051d800 Uncommon trap: reason=unstable_if action=reinterpret pc=0x00007f7daf6f797c method=com.google.javascript.jscomp.parsing.JsDocInfoParser.parseHelperLoop(Lcom/google/javascript/jscomp/parsing/JsDocToken;Ljava/util/List;)Z @ 189 c2
Event: 2.708 Thread 0x00007f7dc051d800 Uncommon trap: reason=unstable_if action=reinterpret pc=0x00007f7daf6fe34c method=com.google.javascript.jscomp.parsing.parser.Scanner.isIdentifierPart(C)Z @ 91 c2
Event: 2.779 Thread 0x00007f7dc051d800 Uncommon trap: reason=unstable_if action=reinterpret pc=0x00007f7daf717294 method=com.google.javascript.jscomp.parsing.IRFactory.shouldAttachJSDocHere(Lcom/google/javascript/jscomp/parsing/parser/trees/ParseTree;)Z @ 78 c2
Event: 3.242 Thread 0x00007f7dc051d800 Uncommon trap: reason=unstable_if action=reinterpret pc=0x00007f7daf663cb0 method=java.lang.AbstractStringBuilder.isLatin1()Z @ 10 c2
Event: 5.414 Thread 0x00007f7dc051d800 Uncommon trap: reason=null_check action=make_not_entrant pc=0x00007f7daf7cf9f4 method=com.google.javascript.rhino.Node.getInputId()Lcom/google/javascript/rhino/InputId; @ 6 c2
Event: 5.414 Thread 0x00007f7dc051d800 Uncommon trap: reason=unstable_if action=reinterpret pc=0x00007f7daf6ce874 method=com.google.javascript.rhino.Node.isCase()Z @ 7 c2
Event: 5.888 Thread 0x00007f7dc051d800 Uncommon trap: reason=unstable_if action=reinterpret pc=0x00007f7daf7fb340 method=com.google.javascript.rhino.Node.isCatch()Z @ 7 c2
Event: 5.994 Thread 0x00007f7dc051d800 Uncommon trap: reason=unstable_if action=reinterpret pc=0x00007f7daf7ee9e4 method=com.google.javascript.rhino.Node.isCatch()Z @ 7 c2

Classes redefined (0 events):
No events

Internal exceptions (10 events):
Event: 1.161 Thread 0x00007f7dc0012000 Exception <a 'java/lang/NoSuchMethodError'{0x00000000adfde8a0}: java.lang.Object.lambda$comparingInt$7b0bb60$1(Ljava/util/function/ToIntFunction;Ljava/lang/Object;Ljava/lang/Object;)I> (0x00000000adfde8a0) thrown at [/build/openjdk-lts-xioZJb/openjdk-lts-
Event: 1.162 Thread 0x00007f7dc0012000 Exception <a 'java/lang/NoSuchMethodError'{0x00000000adfdfc78}: java.lang.invoke.DirectMethodHandle$Holder.invokeSpecial(Ljava/lang/Object;Ljava/lang/Object;Ljava/lang/Object;Ljava/lang/Object;Ljava/lang/Object;Ljava/lang/Object;Ljava/lang/Object;Ljava/la
Event: 1.162 Thread 0x00007f7dc0012000 Exception <a 'java/lang/NoSuchMethodError'{0x00000000adfe4378}: java.lang.invoke.Invokers$Holder.invoke_MT(Ljava/lang/Object;Ljava/lang/Object;Ljava/lang/Object;Ljava/lang/Object;Ljava/lang/Object;Ljava/lang/Object;Ljava/lang/Object;Ljava/lang/Object;Ljav
Event: 1.165 Thread 0x00007f7dc0012000 Exception <a 'java/lang/NoSuchMethodError'{0x00000000adff0470}: java.lang.invoke.DirectMethodHandle$Holder.invokeSpecial(Ljava/lang/Object;Ljava/lang/Object;Ljava/lang/Object;)I> (0x00000000adff0470) thrown at [/build/openjdk-lts-xioZJb/openjdk-lts-10.0.2
Event: 1.167 Thread 0x00007f7dc0012000 Exception <a 'java/lang/NoSuchMethodError'{0x00000000adff6078}: method resolution failed> (0x00000000adff6078) thrown at [/build/openjdk-lts-xioZJb/openjdk-lts-10.0.2+13/src/hotspot/share/prims/methodHandles.cpp, line 1226]
Event: 1.169 Thread 0x00007f7dc0012000 Exception <a 'java/lang/NoSuchMethodError'{0x00000000adff9410}: java.lang.Object.lambda$thenComparing$36697e65$1(Ljava/util/Comparator;Ljava/lang/Object;Ljava/lang/Object;)I> (0x00000000adff9410) thrown at [/build/openjdk-lts-xioZJb/openjdk-lts-10.0.2+13/
Event: 1.331 Thread 0x00007f7dc0012000 Exception <a 'java/lang/NoSuchMethodError'{0x00000000adb94c80}: java.lang.invoke.DirectMethodHandle$Holder.invokeStaticInit(Ljava/lang/Object;Ljava/lang/Object;)I> (0x00000000adb94c80) thrown at [/build/openjdk-lts-xioZJb/openjdk-lts-10.0.2+13/src/hotspot
Event: 1.446 Thread 0x00007f7dc051d800 Implicit null exception at 0x00007f7daf629c5a to 0x00007f7daf629d52
Event: 2.037 Thread 0x00007f7dc051d800 Implicit null exception at 0x00007f7daf6327b7 to 0x00007f7daf632c32
Event: 2.038 Thread 0x00007f7dc051d800 Implicit null exception at 0x00007f7daf6318b1 to 0x00007f7daf631a72

Events (10 events):
Event: 6.368 Thread 0x00007f7dc051d800 DEOPT UNPACKING pc=0x00007f7da7b4ddba sp=0x00007f7d1fdf8268 mode 0
Event: 6.373 Executing VM operation: G1IncCollectionPause
Event: 6.458 Executing VM operation: G1IncCollectionPause done
Event: 6.463 Thread 0x00007f7dc051d800 DEOPT PACKING pc=0x00007f7da87384c3 sp=0x00007f7d1fdf8d50
Event: 6.463 Thread 0x00007f7dc051d800 DEOPT UNPACKING pc=0x00007f7da7b4ddba sp=0x00007f7d1fdf8268 mode 0
Event: 6.474 Thread 0x00007f7dc051d800 DEOPT PACKING pc=0x00007f7da87384c3 sp=0x00007f7d1fdf8d50
Event: 6.474 Thread 0x00007f7dc051d800 DEOPT UNPACKING pc=0x00007f7da7b4ddba sp=0x00007f7d1fdf8268 mode 0
Event: 6.481 Thread 0x00007f7dc051d800 DEOPT PACKING pc=0x00007f7da87384c3 sp=0x00007f7d1fdf8d50
Event: 6.481 Thread 0x00007f7dc051d800 DEOPT UNPACKING pc=0x00007f7da7b4ddba sp=0x00007f7d1fdf8268 mode 0
Event: 6.570 Executing VM operation: G1IncCollectionPause


Dynamic libraries:
a8a00000-b9900000 rw-p 00000000 00:00 0 
c8700000-100000000 ---p 00000000 00:00 0 
100000000-1001a0000 rw-p 00000000 00:00 0 
1001a0000-140000000 ---p 00000000 00:00 0 
55b6e0472000-55b6e0473000 r-xp 00000000 08:01 930679                     /usr/lib/jvm/java-11-openjdk-amd64/bin/java
55b6e0673000-55b6e0674000 r--p 00001000 08:01 930679                     /usr/lib/jvm/java-11-openjdk-amd64/bin/java
55b6e0674000-55b6e0675000 rw-p 00002000 08:01 930679                     /usr/lib/jvm/java-11-openjdk-amd64/bin/java
55b6e1a36000-55b6e1a57000 rw-p 00000000 00:00 0                          [heap]
7f7d14000000-7f7d14192000 rw-p 00000000 00:00 0 
7f7d14192000-7f7d18000000 ---p 00000000 00:00 0 
7f7d1bbff000-7f7d1bcff000 rw-p 00000000 00:00 0 
7f7d1bcff000-7f7d1bdff000 ---p 00000000 00:00 0 
7f7d1bdff000-7f7d1be03000 ---p 00000000 00:00 0 
7f7d1be03000-7f7d20000000 rw-p 00000000 00:00 0 
7f7d20000000-7f7d20021000 rw-p 00000000 00:00 0 
7f7d20021000-7f7d24000000 ---p 00000000 00:00 0 
7f7d24000000-7f7d24021000 rw-p 00000000 00:00 0 
7f7d24021000-7f7d28000000 ---p 00000000 00:00 0 
7f7d28000000-7f7d28021000 rw-p 00000000 00:00 0 
7f7d28021000-7f7d2c000000 ---p 00000000 00:00 0 
7f7d2c000000-7f7d2c021000 rw-p 00000000 00:00 0 
7f7d2c021000-7f7d30000000 ---p 00000000 00:00 0 
7f7d30000000-7f7d32071000 rw-p 00000000 00:00 0 
7f7d32071000-7f7d34000000 ---p 00000000 00:00 0 
7f7d34000000-7f7d34b83000 rw-p 00000000 00:00 0 
7f7d34b83000-7f7d38000000 ---p 00000000 00:00 0 
7f7d38000000-7f7d39fa5000 rw-p 00000000 00:00 0 
7f7d39fa5000-7f7d3c000000 ---p 00000000 00:00 0 
7f7d3c000000-7f7d3da59000 rw-p 00000000 00:00 0 
7f7d3da59000-7f7d40000000 ---p 00000000 00:00 0 
7f7d40000000-7f7d40021000 rw-p 00000000 00:00 0 
7f7d40021000-7f7d44000000 ---p 00000000 00:00 0 
7f7d44000000-7f7d44021000 rw-p 00000000 00:00 0 
7f7d44021000-7f7d48000000 ---p 00000000 00:00 0 
7f7d48000000-7f7d480a0000 rw-p 00000000 00:00 0 
7f7d480a0000-7f7d4c000000 ---p 00000000 00:00 0 
7f7d4c000000-7f7d4c021000 rw-p 00000000 00:00 0 
7f7d4c021000-7f7d50000000 ---p 00000000 00:00 0 
7f7d50000000-7f7d50021000 rw-p 00000000 00:00 0 
7f7d50021000-7f7d54000000 ---p 00000000 00:00 0 
7f7d54000000-7f7d54021000 rw-p 00000000 00:00 0 
7f7d54021000-7f7d58000000 ---p 00000000 00:00 0 
7f7d58000000-7f7d58021000 rw-p 00000000 00:00 0 
7f7d58021000-7f7d5c000000 ---p 00000000 00:00 0 
7f7d5c000000-7f7d5c021000 rw-p 00000000 00:00 0 
7f7d5c021000-7f7d60000000 ---p 00000000 00:00 0 
7f7d60000000-7f7d60021000 rw-p 00000000 00:00 0 
7f7d60021000-7f7d64000000 ---p 00000000 00:00 0 
7f7d64000000-7f7d64021000 rw-p 00000000 00:00 0 
7f7d64021000-7f7d68000000 ---p 00000000 00:00 0 
7f7d68000000-7f7d68021000 rw-p 00000000 00:00 0 
7f7d68021000-7f7d6c000000 ---p 00000000 00:00 0 
7f7d6c000000-7f7d6c021000 rw-p 00000000 00:00 0 
7f7d6c021000-7f7d70000000 ---p 00000000 00:00 0 
7f7d70000000-7f7d70029000 rw-p 00000000 00:00 0 
7f7d70029000-7f7d74000000 ---p 00000000 00:00 0 
7f7d74183000-7f7d74383000 rw-p 00000000 00:00 0 
7f7d74383000-7f7d74583000 rw-p 00000000 00:00 0 
7f7d74583000-7f7d7459a000 r-xp 00000000 08:01 948617                     /usr/lib/jvm/java-11-openjdk-amd64/lib/libnet.so
7f7d7459a000-7f7d74799000 ---p 00017000 08:01 948617                     /usr/lib/jvm/java-11-openjdk-amd64/lib/libnet.so
7f7d74799000-7f7d7479a000 r--p 00016000 08:01 948617                     /usr/lib/jvm/java-11-openjdk-amd64/lib/libnet.so
7f7d7479a000-7f7d7479b000 rw-p 00017000 08:01 948617                     /usr/lib/jvm/java-11-openjdk-amd64/lib/libnet.so
7f7d7479b000-7f7d747ac000 r-xp 00000000 08:01 948618                     /usr/lib/jvm/java-11-openjdk-amd64/lib/libnio.so
7f7d747ac000-7f7d749ab000 ---p 00011000 08:01 948618                     /usr/lib/jvm/java-11-openjdk-amd64/lib/libnio.so
7f7d749ab000-7f7d749ac000 r--p 00010000 08:01 948618                     /usr/lib/jvm/java-11-openjdk-amd64/lib/libnio.so
7f7d749ac000-7f7d749ad000 rw-p 00011000 08:01 948618                     /usr/lib/jvm/java-11-openjdk-amd64/lib/libnio.so
7f7d749ad000-7f7d749b1000 ---p 00000000 00:00 0 
7f7d749b1000-7f7d74aae000 rw-p 00000000 00:00 0 
7f7d74aae000-7f7d74aaf000 ---p 00000000 00:00 0 
7f7d74aaf000-7f7d74bb0000 rw-p 00000000 00:00 0 
7f7d74bb0000-7f7d74bb4000 ---p 00000000 00:00 0 
7f7d74bb4000-7f7d74cb1000 rw-p 00000000 00:00 0 
7f7d74cb1000-7f7d74cb5000 ---p 00000000 00:00 0 
7f7d74cb5000-7f7d74db2000 rw-p 00000000 00:00 0 
7f7d74db2000-7f7d74db6000 ---p 00000000 00:00 0 
7f7d74db6000-7f7d74eb3000 rw-p 00000000 00:00 0 
7f7d74eb3000-7f7d74eb7000 ---p 00000000 00:00 0 
7f7d74eb7000-7f7d74fb4000 rw-p 00000000 00:00 0 
7f7d74fb4000-7f7d74fb8000 ---p 00000000 00:00 0 
7f7d74fb8000-7f7d750b5000 rw-p 00000000 00:00 0 
7f7d750b5000-7f7d750b9000 ---p 00000000 00:00 0 
7f7d750b9000-7f7d751b6000 rw-p 00000000 00:00 0 
7f7d751b6000-7f7d751ba000 ---p 00000000 00:00 0 
7f7d751ba000-7f7d752b7000 rw-p 00000000 00:00 0 
7f7d752b7000-7f7d75c86000 r--p 00000000 08:01 924394                     /usr/lib/locale/locale-archive
7f7d75c86000-7f7d75c8a000 ---p 00000000 00:00 0 
7f7d75c8a000-7f7d75d87000 rw-p 00000000 00:00 0 
7f7d75d87000-7f7d75d8b000 ---p 00000000 00:00 0 
7f7d75d8b000-7f7d75e88000 rw-p 00000000 00:00 0 
7f7d75e88000-7f7d75e89000 ---p 00000000 00:00 0 
7f7d75e89000-7f7d78000000 rw-p 00000000 00:00 0 
7f7d78000000-7f7d78021000 rw-p 00000000 00:00 0 
7f7d78021000-7f7d7c000000 ---p 00000000 00:00 0 
7f7d7c000000-7f7d7c021000 rw-p 00000000 00:00 0 
7f7d7c021000-7f7d80000000 ---p 00000000 00:00 0 
7f7d80000000-7f7d80033000 rw-p 00000000 00:00 0 
7f7d80033000-7f7d84000000 ---p 00000000 00:00 0 
7f7d84000000-7f7d84021000 rw-p 00000000 00:00 0 
7f7d84021000-7f7d88000000 ---p 00000000 00:00 0 
7f7d88000000-7f7d88022000 rw-p 00000000 00:00 0 
7f7d88022000-7f7d8c000000 ---p 00000000 00:00 0 
7f7d8c000000-7f7d8c027000 rw-p 00000000 00:00 0 
7f7d8c027000-7f7d90000000 ---p 00000000 00:00 0 
7f7d90000000-7f7d90027000 rw-p 00000000 00:00 0 
7f7d90027000-7f7d94000000 ---p 00000000 00:00 0 
7f7d94000000-7f7d94025000 rw-p 00000000 00:00 0 
7f7d94025000-7f7d98000000 ---p 00000000 00:00 0 
7f7d98000000-7f7d98033000 rw-p 00000000 00:00 0 
7f7d98033000-7f7d9c000000 ---p 00000000 00:00 0 
7f7d9c000000-7f7d9c032000 rw-p 00000000 00:00 0 
7f7d9c032000-7f7da0000000 ---p 00000000 00:00 0 
7f7da0000000-7f7da0030000 rw-p 00000000 00:00 0 
7f7da0030000-7f7da4000000 ---p 00000000 00:00 0 
7f7da4068000-7f7da4868000 rw-p 00000000 00:00 0 
7f7da4868000-7f7da4869000 ---p 00000000 00:00 0 
7f7da4869000-7f7da496a000 rw-p 00000000 00:00 0 
7f7da496a000-7f7da496b000 ---p 00000000 00:00 0 
7f7da496b000-7f7da4a6c000 rw-p 00000000 00:00 0 
7f7da4a6c000-7f7da4a6d000 ---p 00000000 00:00 0 
7f7da4a6d000-7f7da4b6e000 rw-p 00000000 00:00 0 
7f7da4b6e000-7f7da4b6f000 ---p 00000000 00:00 0 
7f7da4b6f000-7f7da4c70000 rw-p 00000000 00:00 0 
7f7da4c70000-7f7da4c71000 ---p 00000000 00:00 0 
7f7da4c71000-7f7da4d72000 rw-p 00000000 00:00 0 
7f7da4d72000-7f7da4d73000 ---p 00000000 00:00 0 
7f7da4d73000-7f7da4e74000 rw-p 00000000 00:00 0 
7f7da4e74000-7f7da4e75000 ---p 00000000 00:00 0 
7f7da4e75000-7f7da53b2000 rw-p 00000000 00:00 0 
7f7da53b2000-7f7da654e000 ---p 00000000 00:00 0 
7f7da654e000-7f7da698a000 rw-p 00000000 00:00 0 
7f7da698a000-7f7da7b26000 ---p 00000000 00:00 0 
7f7da7b26000-7f7da7d96000 rwxp 00000000 00:00 0 
7f7da7d96000-7f7da80b7000 ---p 00000000 00:00 0 
7f7da80b7000-7f7da87a7000 rwxp 00000000 00:00 0 
7f7da87a7000-7f7daf5ee000 ---p 00000000 00:00 0 
7f7daf5ee000-7f7daf85e000 rwxp 00000000 00:00 0 
7f7daf85e000-7f7db6b26000 ---p 00000000 00:00 0 
7f7db6b26000-7f7dc0000000 r--s 00000000 08:01 948627                     /usr/lib/jvm/java-11-openjdk-amd64/lib/modules
7f7dc0000000-7f7dc0521000 rw-p 00000000 00:00 0 
7f7dc0521000-7f7dc4000000 ---p 00000000 00:00 0 
7f7dc4011000-7f7dc4012000 ---p 00000000 00:00 0 
7f7dc4012000-7f7dc4113000 rw-p 00000000 00:00 0 
7f7dc4113000-7f7dc4114000 ---p 00000000 00:00 0 
7f7dc4114000-7f7dc4a1d000 rw-p 00000000 00:00 0 
7f7dc4a1d000-7f7dc4a1e000 ---p 00000000 00:00 0 
7f7dc4a1e000-7f7dc4b1f000 rw-p 00000000 00:00 0 
7f7dc4b1f000-7f7dc4b20000 ---p 00000000 00:00 0 
7f7dc4b20000-7f7dc4c21000 rw-p 00000000 00:00 0 
7f7dc4c21000-7f7dc4c22000 ---p 00000000 00:00 0 
7f7dc4c22000-7f7dc4dab000 rw-p 00000000 00:00 0 
7f7dc4dab000-7f7dc4fde000 ---p 00000000 00:00 0 
7f7dc4fde000-7f7dc5066000 rw-p 00000000 00:00 0 
7f7dc5066000-7f7dc5299000 ---p 00000000 00:00 0 
7f7dc5299000-7f7dc5321000 rw-p 00000000 00:00 0 
7f7dc5321000-7f7dc5554000 ---p 00000000 00:00 0 
7f7dc5554000-7f7dc5d5c000 rw-p 00000000 00:00 0 
7f7dc5d5c000-7f7dc5d5d000 ---p 00000000 00:00 0 
7f7dc5d5d000-7f7dc5e5e000 rw-p 00000000 00:00 0 
7f7dc5e5e000-7f7dc5e5f000 ---p 00000000 00:00 0 
7f7dc5e5f000-7f7dc5f60000 rw-p 00000000 00:00 0 
7f7dc5f60000-7f7dc5f61000 ---p 00000000 00:00 0 
7f7dc5f61000-7f7dc6062000 rw-p 00000000 00:00 0 
7f7dc6062000-7f7dc6063000 ---p 00000000 00:00 0 
7f7dc6063000-7f7dc6164000 rw-p 00000000 00:00 0 
7f7dc6164000-7f7dc6165000 ---p 00000000 00:00 0 
7f7dc6165000-7f7dc6266000 rw-p 00000000 00:00 0 
7f7dc6266000-7f7dc6267000 ---p 00000000 00:00 0 
7f7dc6267000-7f7dc6368000 rw-p 00000000 00:00 0 
7f7dc6368000-7f7dc6369000 ---p 00000000 00:00 0 
7f7dc6369000-7f7dc646a000 rw-p 00000000 00:00 0 
7f7dc646a000-7f7dc646b000 ---p 00000000 00:00 0 
7f7dc646b000-7f7dc6571000 rw-p 00000000 00:00 0 
7f7dc6571000-7f7dc6657000 ---p 00000000 00:00 0 
7f7dc6657000-7f7dc6665000 rw-p 00000000 00:00 0 
7f7dc6665000-7f7dc6742000 ---p 00000000 00:00 0 
7f7dc6742000-7f7dc6747000 r-xp 00000000 08:01 948609                     /usr/lib/jvm/java-11-openjdk-amd64/lib/libjimage.so
7f7dc6747000-7f7dc6946000 ---p 00005000 08:01 948609                     /usr/lib/jvm/java-11-openjdk-amd64/lib/libjimage.so
7f7dc6946000-7f7dc6947000 r--p 00004000 08:01 948609                     /usr/lib/jvm/java-11-openjdk-amd64/lib/libjimage.so
7f7dc6947000-7f7dc6948000 rw-p 00005000 08:01 948609                     /usr/lib/jvm/java-11-openjdk-amd64/lib/libjimage.so
7f7dc6948000-7f7dc694f000 r-xp 00000000 08:01 948626                     /usr/lib/jvm/java-11-openjdk-amd64/lib/libzip.so
7f7dc694f000-7f7dc6b4e000 ---p 00007000 08:01 948626                     /usr/lib/jvm/java-11-openjdk-amd64/lib/libzip.so
7f7dc6b4e000-7f7dc6b4f000 r--p 00006000 08:01 948626                     /usr/lib/jvm/java-11-openjdk-amd64/lib/libzip.so
7f7dc6b4f000-7f7dc6b50000 rw-p 00007000 08:01 948626                     /usr/lib/jvm/java-11-openjdk-amd64/lib/libzip.so
7f7dc6b50000-7f7dc6b5b000 r-xp 00000000 08:01 399298                     /lib/x86_64-linux-gnu/libnss_files-2.27.so
7f7dc6b5b000-7f7dc6d5a000 ---p 0000b000 08:01 399298                     /lib/x86_64-linux-gnu/libnss_files-2.27.so
7f7dc6d5a000-7f7dc6d5b000 r--p 0000a000 08:01 399298                     /lib/x86_64-linux-gnu/libnss_files-2.27.so
7f7dc6d5b000-7f7dc6d5c000 rw-p 0000b000 08:01 399298                     /lib/x86_64-linux-gnu/libnss_files-2.27.so
7f7dc6d5c000-7f7dc6d62000 rw-p 00000000 00:00 0 
7f7dc6d62000-7f7dc6d79000 r-xp 00000000 08:01 399292                     /lib/x86_64-linux-gnu/libnsl-2.27.so
7f7dc6d79000-7f7dc6f78000 ---p 00017000 08:01 399292                     /lib/x86_64-linux-gnu/libnsl-2.27.so
7f7dc6f78000-7f7dc6f79000 r--p 00016000 08:01 399292                     /lib/x86_64-linux-gnu/libnsl-2.27.so
7f7dc6f79000-7f7dc6f7a000 rw-p 00017000 08:01 399292                     /lib/x86_64-linux-gnu/libnsl-2.27.so
7f7dc6f7a000-7f7dc6f7c000 rw-p 00000000 00:00 0 
7f7dc6f7c000-7f7dc6f87000 r-xp 00000000 08:01 399309                     /lib/x86_64-linux-gnu/libnss_nis-2.27.so
7f7dc6f87000-7f7dc7186000 ---p 0000b000 08:01 399309                     /lib/x86_64-linux-gnu/libnss_nis-2.27.so
7f7dc7186000-7f7dc7187000 r--p 0000a000 08:01 399309                     /lib/x86_64-linux-gnu/libnss_nis-2.27.so
7f7dc7187000-7f7dc7188000 rw-p 0000b000 08:01 399309                     /lib/x86_64-linux-gnu/libnss_nis-2.27.so
7f7dc7188000-7f7dc7190000 r-xp 00000000 08:01 399294                     /lib/x86_64-linux-gnu/libnss_compat-2.27.so
7f7dc7190000-7f7dc7390000 ---p 00008000 08:01 399294                     /lib/x86_64-linux-gnu/libnss_compat-2.27.so
7f7dc7390000-7f7dc7391000 r--p 00008000 08:01 399294                     /lib/x86_64-linux-gnu/libnss_compat-2.27.so
7f7dc7391000-7f7dc7392000 rw-p 00009000 08:01 399294                     /lib/x86_64-linux-gnu/libnss_compat-2.27.so
7f7dc7392000-7f7dc73be000 r-xp 00000000 08:01 948605                     /usr/lib/jvm/java-11-openjdk-amd64/lib/libjava.so
7f7dc73be000-7f7dc75bd000 ---p 0002c000 08:01 948605                     /usr/lib/jvm/java-11-openjdk-amd64/lib/libjava.so
7f7dc75bd000-7f7dc75be000 r--p 0002b000 08:01 948605                     /usr/lib/jvm/java-11-openjdk-amd64/lib/libjava.so
7f7dc75be000-7f7dc75c0000 rw-p 0002c000 08:01 948605                     /usr/lib/jvm/java-11-openjdk-amd64/lib/libjava.so
7f7dc75c0000-7f7dc75cd000 r-xp 00000000 08:01 948625                     /usr/lib/jvm/java-11-openjdk-amd64/lib/libverify.so
7f7dc75cd000-7f7dc77cc000 ---p 0000d000 08:01 948625                     /usr/lib/jvm/java-11-openjdk-amd64/lib/libverify.so
7f7dc77cc000-7f7dc77ce000 r--p 0000c000 08:01 948625                     /usr/lib/jvm/java-11-openjdk-amd64/lib/libverify.so
7f7dc77ce000-7f7dc77cf000 rw-p 0000e000 08:01 948625                     /usr/lib/jvm/java-11-openjdk-amd64/lib/libverify.so
7f7dc77cf000-7f7dc77d6000 r-xp 00000000 08:01 399349                     /lib/x86_64-linux-gnu/librt-2.27.so
7f7dc77d6000-7f7dc79d5000 ---p 00007000 08:01 399349                     /lib/x86_64-linux-gnu/librt-2.27.so
7f7dc79d5000-7f7dc79d6000 r--p 00006000 08:01 399349                     /lib/x86_64-linux-gnu/librt-2.27.so
7f7dc79d6000-7f7dc79d7000 rw-p 00007000 08:01 399349                     /lib/x86_64-linux-gnu/librt-2.27.so
7f7dc79d7000-7f7dc79ee000 r-xp 00000000 08:01 393301                     /lib/x86_64-linux-gnu/libgcc_s.so.1
7f7dc79ee000-7f7dc7bed000 ---p 00017000 08:01 393301                     /lib/x86_64-linux-gnu/libgcc_s.so.1
7f7dc7bed000-7f7dc7bee000 r--p 00016000 08:01 393301                     /lib/x86_64-linux-gnu/libgcc_s.so.1
7f7dc7bee000-7f7dc7bef000 rw-p 00017000 08:01 393301                     /lib/x86_64-linux-gnu/libgcc_s.so.1
7f7dc7bef000-7f7dc7d8c000 r-xp 00000000 08:01 399271                     /lib/x86_64-linux-gnu/libm-2.27.so
7f7dc7d8c000-7f7dc7f8b000 ---p 0019d000 08:01 399271                     /lib/x86_64-linux-gnu/libm-2.27.so
7f7dc7f8b000-7f7dc7f8c000 r--p 0019c000 08:01 399271                     /lib/x86_64-linux-gnu/libm-2.27.so
7f7dc7f8c000-7f7dc7f8d000 rw-p 0019d000 08:01 399271                     /lib/x86_64-linux-gnu/libm-2.27.so
7f7dc7f8d000-7f7dc8106000 r-xp 00000000 08:01 920236                     /usr/lib/x86_64-linux-gnu/libstdc++.so.6.0.25
7f7dc8106000-7f7dc8306000 ---p 00179000 08:01 920236                     /usr/lib/x86_64-linux-gnu/libstdc++.so.6.0.25
7f7dc8306000-7f7dc8310000 r--p 00179000 08:01 920236                     /usr/lib/x86_64-linux-gnu/libstdc++.so.6.0.25
7f7dc8310000-7f7dc8312000 rw-p 00183000 08:01 920236                     /usr/lib/x86_64-linux-gnu/libstdc++.so.6.0.25
7f7dc8312000-7f7dc8316000 rw-p 00000000 00:00 0 
7f7dc8316000-7f7dc92b3000 r-xp 00000000 08:01 1056032                    /usr/lib/jvm/java-11-openjdk-amd64/lib/server/libjvm.so
7f7dc92b3000-7f7dc94b3000 ---p 00f9d000 08:01 1056032                    /usr/lib/jvm/java-11-openjdk-amd64/lib/server/libjvm.so
7f7dc94b3000-7f7dc9577000 r--p 00f9d000 08:01 1056032                    /usr/lib/jvm/java-11-openjdk-amd64/lib/server/libjvm.so
7f7dc9577000-7f7dc95af000 rw-p 01061000 08:01 1056032                    /usr/lib/jvm/java-11-openjdk-amd64/lib/server/libjvm.so
7f7dc95af000-7f7dc95f8000 rw-p 00000000 00:00 0 
7f7dc95f8000-7f7dc9612000 r-xp 00000000 08:01 399341                     /lib/x86_64-linux-gnu/libpthread-2.27.so
7f7dc9612000-7f7dc9811000 ---p 0001a000 08:01 399341                     /lib/x86_64-linux-gnu/libpthread-2.27.so
7f7dc9811000-7f7dc9812000 r--p 00019000 08:01 399341                     /lib/x86_64-linux-gnu/libpthread-2.27.so
7f7dc9812000-7f7dc9813000 rw-p 0001a000 08:01 399341                     /lib/x86_64-linux-gnu/libpthread-2.27.so
7f7dc9813000-7f7dc9817000 rw-p 00000000 00:00 0 
7f7dc9817000-7f7dc981a000 r-xp 00000000 08:01 399231                     /lib/x86_64-linux-gnu/libdl-2.27.so
7f7dc981a000-7f7dc9a19000 ---p 00003000 08:01 399231                     /lib/x86_64-linux-gnu/libdl-2.27.so
7f7dc9a19000-7f7dc9a1a000 r--p 00002000 08:01 399231                     /lib/x86_64-linux-gnu/libdl-2.27.so
7f7dc9a1a000-7f7dc9a1b000 rw-p 00003000 08:01 399231                     /lib/x86_64-linux-gnu/libdl-2.27.so
7f7dc9a1b000-7f7dc9a37000 r-xp 00000000 08:01 399380                     /lib/x86_64-linux-gnu/libz.so.1.2.11
7f7dc9a37000-7f7dc9c36000 ---p 0001c000 08:01 399380                     /lib/x86_64-linux-gnu/libz.so.1.2.11
7f7dc9c36000-7f7dc9c37000 r--p 0001b000 08:01 399380                     /lib/x86_64-linux-gnu/libz.so.1.2.11
7f7dc9c37000-7f7dc9c38000 rw-p 0001c000 08:01 399380                     /lib/x86_64-linux-gnu/libz.so.1.2.11
7f7dc9c38000-7f7dc9e1f000 r-xp 00000000 08:01 399208                     /lib/x86_64-linux-gnu/libc-2.27.so
7f7dc9e1f000-7f7dca01f000 ---p 001e7000 08:01 399208                     /lib/x86_64-linux-gnu/libc-2.27.so
7f7dca01f000-7f7dca023000 r--p 001e7000 08:01 399208                     /lib/x86_64-linux-gnu/libc-2.27.so
7f7dca023000-7f7dca025000 rw-p 001eb000 08:01 399208                     /lib/x86_64-linux-gnu/libc-2.27.so
7f7dca025000-7f7dca029000 rw-p 00000000 00:00 0 
7f7dca029000-7f7dca038000 r-xp 00000000 08:01 948590                     /usr/lib/jvm/java-11-openjdk-amd64/lib/jli/libjli.so
7f7dca038000-7f7dca237000 ---p 0000f000 08:01 948590                     /usr/lib/jvm/java-11-openjdk-amd64/lib/jli/libjli.so
7f7dca237000-7f7dca238000 r--p 0000e000 08:01 948590                     /usr/lib/jvm/java-11-openjdk-amd64/lib/jli/libjli.so
7f7dca238000-7f7dca239000 rw-p 0000f000 08:01 948590                     /usr/lib/jvm/java-11-openjdk-amd64/lib/jli/libjli.so
7f7dca239000-7f7dca260000 r-xp 00000000 08:01 399180                     /lib/x86_64-linux-gnu/ld-2.27.so
7f7dca288000-7f7dca340000 rw-p 00000000 00:00 0 
7f7dca340000-7f7dca347000 ---p 00000000 00:00 0 
7f7dca347000-7f7dca34b000 ---p 00000000 00:00 0 
7f7dca34b000-7f7dca44a000 rw-p 00000000 00:00 0 
7f7dca453000-7f7dca454000 rw-p 00000000 00:00 0 
7f7dca454000-7f7dca45c000 rw-s 00000000 08:01 928501                     /tmp/hsperfdata_arslan/29607
7f7dca45c000-7f7dca45d000 ---p 00000000 00:00 0 
7f7dca45d000-7f7dca45e000 r--p 00000000 00:00 0 
7f7dca45e000-7f7dca460000 rw-p 00000000 00:00 0 
7f7dca460000-7f7dca461000 r--p 00027000 08:01 399180                     /lib/x86_64-linux-gnu/ld-2.27.so
7f7dca461000-7f7dca462000 rw-p 00028000 08:01 399180                     /lib/x86_64-linux-gnu/ld-2.27.so
7f7dca462000-7f7dca463000 rw-p 00000000 00:00 0 
7ffc462a3000-7ffc462c4000 rw-p 00000000 00:00 0                          [stack]
7ffc4631c000-7ffc4631f000 r--p 00000000 00:00 0                          [vvar]
7ffc4631f000-7ffc46321000 r-xp 00000000 00:00 0                          [vdso]
ffffffffff600000-ffffffffff601000 r-xp 00000000 00:00 0                  [vsyscall]


VM Arguments:
java_command: third-party/closure-compiler.jar --generate_exports --compilation_level ADVANCED_OPTIMIZATIONS --dependency_mode=STRICT --externs externs/gviz-externs.js --externs externs/interpreter-externs.js --externs externs/prettify-externs.js --externs externs/soundJS-externs.js --externs externs/storage-externs.js --externs appengine/third-party/blockly/externs/svg-externs.js --language_out ECMASCRIPT5_STRICT --entry_point=Puzzle --js='appengine/third-party/**.js' --js='!appengine/third-party/blockly/*.js' --js='!appengine/third-party/blockly/tests/**.js' --js='!appengine/third-party/blockly/externs/**.js' --js='!appengine/third-party/blockly/demos/**.js' --js='appengine/generated/en/*.js' --js='appengine/js/*.js' --warning_level QUIET --js='appengine/puzzle/generated/en/*.js' --js='appengine/puzzle/js/*.js'
java_class_path (initial): third-party/closure-compiler.jar
Launcher Type: SUN_STANDARD

Logging:
Log output configuration:
#0: stdout all=warning uptime,level,tags
#1: stderr all=off uptime,level,tags

Environment Variables:
PATH=/usr/local/sbin:/usr/local/bin:/usr/sbin:/usr/bin:/sbin:/bin:/usr/games:/usr/local/games:/snap/bin
USERNAME=arslan
SHELL=/bin/bash
DISPLAY=:0

Signal Handlers:
SIGSEGV: [libjvm.so+0xd28ad0], sa_mask[0]=11111111011111111101111111111110, sa_flags=SA_RESTART|SA_SIGINFO
SIGBUS: [libjvm.so+0xd28ad0], sa_mask[0]=11111111011111111101111111111110, sa_flags=SA_RESTART|SA_SIGINFO
SIGFPE: [libjvm.so+0xd28ad0], sa_mask[0]=11111111011111111101111111111110, sa_flags=SA_RESTART|SA_SIGINFO
SIGPIPE: [libjvm.so+0xb2a150], sa_mask[0]=11111111011111111101111111111110, sa_flags=SA_RESTART|SA_SIGINFO
SIGXFSZ: [libjvm.so+0xb2a150], sa_mask[0]=11111111011111111101111111111110, sa_flags=SA_RESTART|SA_SIGINFO
SIGILL: [libjvm.so+0xd28ad0], sa_mask[0]=11111111011111111101111111111110, sa_flags=SA_RESTART|SA_SIGINFO
SIGUSR2: [libjvm.so+0xb29f90], sa_mask[0]=00000000000000000000000000000000, sa_flags=SA_RESTART|SA_SIGINFO
SIGHUP: [libjvm.so+0xb2a0e0], sa_mask[0]=11111111011111111101111111111110, sa_flags=SA_RESTART|SA_SIGINFO
SIGINT: [libjvm.so+0xb2a0e0], sa_mask[0]=11111111011111111101111111111110, sa_flags=SA_RESTART|SA_SIGINFO
SIGTERM: [libjvm.so+0xb2a0e0], sa_mask[0]=11111111011111111101111111111110, sa_flags=SA_RESTART|SA_SIGINFO
SIGQUIT: [libjvm.so+0xb2a0e0], sa_mask[0]=11111111011111111101111111111110, sa_flags=SA_RESTART|SA_SIGINFO


---------------  S Y S T E M  ---------------

OS:DISTRIB_ID=Ubuntu
DISTRIB_RELEASE=18.04
DISTRIB_CODENAME=bionic
DISTRIB_DESCRIPTION="Ubuntu 18.04.1 LTS"
uname:Linux 4.15.0-36-generic #39-Ubuntu SMP Mon Sep 24 16:19:09 UTC 2018 x86_64
libc:glibc 2.27 NPTL 2.27 
rlimit: STACK 8192k, CORE 0k, NPROC 22121, NOFILE 4096, AS infinity, DATA infinity, FSIZE infinity
load average:1.50 1.11 0.93

/proc/meminfo:
MemTotal:        5723708 kB
MemFree:          121956 kB
MemAvailable:      80204 kB
Buffers:            1968 kB
Cached:           239776 kB
SwapCached:        41596 kB
Active:          3956108 kB
Inactive:         707348 kB
Active(anon):    3903976 kB
Inactive(anon):   643888 kB
Active(file):      52132 kB
Inactive(file):    63460 kB
Unevictable:        2860 kB
Mlocked:            2860 kB
SwapTotal:        969960 kB
SwapFree:              4 kB
Dirty:              1428 kB
Writeback:             4 kB
AnonPages:       4384488 kB
Mapped:           224100 kB
Shmem:            126012 kB
Slab:             149232 kB
SReclaimable:      55696 kB
SUnreclaim:        93536 kB
KernelStack:       21904 kB
PageTables:        90140 kB
NFS_Unstable:          0 kB
Bounce:                0 kB
WritebackTmp:          0 kB
CommitLimit:     3831812 kB
Committed_AS:   14738136 kB
VmallocTotal:   34359738367 kB
VmallocUsed:           0 kB
VmallocChunk:          0 kB
HardwareCorrupted:     0 kB
AnonHugePages:         0 kB
ShmemHugePages:        0 kB
ShmemPmdMapped:        0 kB
CmaTotal:              0 kB
CmaFree:               0 kB
HugePages_Total:       0
HugePages_Free:        0
HugePages_Rsvd:        0
HugePages_Surp:        0
Hugepagesize:       2048 kB
DirectMap4k:      511808 kB
DirectMap2M:     5419008 kB
DirectMap1G:           0 kB

container (cgroup) information:
container_type: cgroupv1
cpu_cpuset_cpus: 0-7
cpu_memory_nodes: 0
active_processor_count: 8
cpu_quota: -1
cpu_period: 100000
cpu_shares: -1
memory_limit_in_bytes: -1
memory_and_swap_limit_in_bytes: -2
memory_soft_limit_in_bytes: -1
memory_usage_in_bytes: 4741836800
memory_max_usage_in_bytes: 442261504


CPU:total 8 (initial active 8) (4 cores per cpu, 1 threads per core) family 6 model 94 stepping 3, cmov, cx8, fxsr, mmx, sse, sse2, sse3, ssse3, sse4.1, sse4.2, popcnt, avx, avx2, aes, clmul, erms, rtm, 3dnowpref, lzcnt, tsc, tscinvbit, bmi1, bmi2, adx, fma
CPU Model and flags from /proc/cpuinfo:
model name	: Intel(R) Core(TM) i7-6700HQ CPU @ 2.60GHz
flags		: fpu vme de pse tsc msr pae mce cx8 apic sep mtrr pge mca cmov pat pse36 clflush mmx fxsr sse sse2 ss ht syscall nx pdpe1gb rdtscp lm constant_tsc arch_perfmon nopl xtopology tsc_reliable nonstop_tsc cpuid pni pclmulqdq vmx ssse3 fma cx16 pcid sse4_1 sse4_2 x2apic movbe popcnt tsc_deadline_timer aes xsave avx f16c rdrand hypervisor lahf_lm abm 3dnowprefetch cpuid_fault invpcid_single pti ibrs ibpb stibp tpr_shadow vnmi ept vpid fsgsbase tsc_adjust bmi1 hle avx2 smep bmi2 invpcid rtm mpx rdseed adx smap clflushopt xsaveopt xsavec xsaves arat arch_capabilities

Memory: 4k page, physical 5723708k(121956k free), swap 969960k(4k free)

vm_info: OpenJDK 64-Bit Server VM (10.0.2+13-Ubuntu-1ubuntu0.18.04.2) for linux-amd64 JRE (10.0.2+13-Ubuntu-1ubuntu0.18.04.2), built on Aug 24 2018 17:36:24 by "buildd" with gcc 7.3.0

END.
