#
# There is insufficient memory for the Java Runtime Environment to continue.
# Native memory allocation (mmap) failed to map 260046848 bytes for committing reserved memory.
# Possible reasons:
#   The system is out of physical RAM or swap space
#   The process is running with CompressedOops enabled, and the Java Heap may be blocking the growth of the native heap
# Possible solutions:
#   Reduce memory load on the system
#   Increase physical memory or swap space
#   Check if swap backing store is full
#   Decrease Java heap size (-Xmx/-Xms)
#   Decrease number of Java threads
#   Decrease Java thread stack sizes (-Xss)
#   Set larger code cache with -XX:ReservedCodeCacheSize=
#   JVM is running with Unscaled Compressed Oops mode in which the Java heap is
#     placed in the first 4GB address space. The Java Heap base address is the
#     maximum limit for the native heap growth. Please use -XX:HeapBaseMinAddress
#     to set the Java Heap base and to place the Java Heap above 4GB virtual address.
# This output file may be truncated or incomplete.
#
#  Out of Memory Error (os_linux.cpp:2706), pid=13017, tid=13039
#
# JRE version: OpenJDK Runtime Environment (10.0.2+13) (build 10.0.2+13-Ubuntu-1ubuntu0.18.04.4)
# Java VM: OpenJDK 64-Bit Server VM (10.0.2+13-Ubuntu-1ubuntu0.18.04.4, mixed mode, tiered, compressed oops, g1 gc, linux-amd64)
# Core dump will be written. Default location: Core dumps may be processed with "/usr/share/apport/apport %p %s %c %d %P" (or dumping to /home/arslan/Desktop/learnobot/blockly-games/core.13017)
#

---------------  S U M M A R Y ------------

Command Line: third-party/closure-compiler.jar --generate_exports --compilation_level ADVANCED_OPTIMIZATIONS --dependency_mode=STRICT --externs externs/gviz-externs.js --externs externs/interpreter-externs.js --externs externs/prettify-externs.js --externs externs/soundJS-externs.js --externs externs/storage-externs.js --externs appengine/third-party/blockly/externs/svg-externs.js --language_out ECMASCRIPT5_STRICT --entry_point=Energysource --js='appengine/third-party/**.js' --js='!appengine/third-party/blockly/*.js' --js='!appengine/third-party/blockly/tests/**.js' --js='!appengine/third-party/blockly/externs/**.js' --js='!appengine/third-party/blockly/demos/**.js' --js='appengine/generated/en/*.js' --js='appengine/js/*.js' --warning_level QUIET --js='appengine/energysource/generated/en/*.js' --js='appengine/energysource/js/*.js'

Host: Intel(R) Core(TM) i7-6700HQ CPU @ 2.60GHz, 8 cores, 5G, Ubuntu 18.04.1 LTS
Time: Fri Dec 14 00:28:37 2018 PST elapsed time: 7 seconds (0d 0h 0m 7s)

---------------  T H R E A D  ---------------

Current thread (0x00007f8dfc165000):  VMThread "VM Thread" [stack: 0x00007f8dc08d6000,0x00007f8dc09d6000] [id=13039]

Stack: [0x00007f8dc08d6000,0x00007f8dc09d6000],  sp=0x00007f8dc09d40a0,  free space=1016k
Native frames: (J=compiled Java code, A=aot compiled Java code, j=interpreted, Vv=VM code, C=native code)
V  [libjvm.so+0xd27ea4]
V  [libjvm.so+0xd28a4b]
V  [libjvm.so+0x64d415]
V  [libjvm.so+0xb2d7c8]
V  [libjvm.so+0xb2601d]
V  [libjvm.so+0x7662ff]
V  [libjvm.so+0x76653e]
V  [libjvm.so+0x769500]
V  [libjvm.so+0x7efa1c]
V  [libjvm.so+0x7f06df]
V  [libjvm.so+0x7f0b59]
V  [libjvm.so+0x7162cf]
V  [libjvm.so+0x71a3ba]
V  [libjvm.so+0xd3a008]
V  [libjvm.so+0xd38871]
V  [libjvm.so+0xd35b3b]
V  [libjvm.so+0xd3715e]
V  [libjvm.so+0xd37588]
V  [libjvm.so+0xb33d40]

VM_Operation (0x00007f8d57ff7b80): G1IncCollectionPause, mode: safepoint, requested by thread 0x00007f8dfc510800


---------------  P R O C E S S  ---------------

Threads class SMR info:
_java_thread_list=0x00007f8dfc50fba0, length=12, elements={
0x00007f8dfc012000, 0x00007f8dfc16f000, 0x00007f8dfc171000, 0x00007f8dfc17a000,
0x00007f8dfc184800, 0x00007f8dfc186800, 0x00007f8dfc188800, 0x00007f8dfc18a800,
0x00007f8dfc18c800, 0x00007f8dfc221000, 0x00007f8dfc231800, 0x00007f8dfc510800
}

Java Threads: ( => current thread )
  0x00007f8dfc012000 JavaThread "main" [_thread_blocked, id=13018, stack(0x00007f8e02d51000,0x00007f8e02e52000)]
  0x00007f8dfc16f000 JavaThread "Reference Handler" daemon [_thread_blocked, id=13040, stack(0x00007f8dc07d3000,0x00007f8dc08d4000)]
  0x00007f8dfc171000 JavaThread "Finalizer" daemon [_thread_blocked, id=13041, stack(0x00007f8dc06d2000,0x00007f8dc07d3000)]
  0x00007f8dfc17a000 JavaThread "Signal Dispatcher" daemon [_thread_blocked, id=13042, stack(0x00007f8dc05d1000,0x00007f8dc06d2000)]
  0x00007f8dfc184800 JavaThread "C2 CompilerThread0" daemon [_thread_in_native, id=13043, stack(0x00007f8dc04d0000,0x00007f8dc05d1000)]
  0x00007f8dfc186800 JavaThread "C2 CompilerThread1" daemon [_thread_in_native, id=13044, stack(0x00007f8dc03cf000,0x00007f8dc04d0000)]
  0x00007f8dfc188800 JavaThread "C2 CompilerThread2" daemon [_thread_in_native, id=13045, stack(0x00007f8dc02ce000,0x00007f8dc03cf000)]
  0x00007f8dfc18a800 JavaThread "C1 CompilerThread3" daemon [_thread_blocked, id=13046, stack(0x00007f8dc01cd000,0x00007f8dc02ce000)]
  0x00007f8dfc18c800 JavaThread "Sweeper thread" daemon [_thread_blocked, id=13047, stack(0x00007f8dc00cc000,0x00007f8dc01cd000)]
  0x00007f8dfc221000 JavaThread "Service Thread" daemon [_thread_blocked, id=13048, stack(0x00007f8dad530000,0x00007f8dad631000)]
  0x00007f8dfc231800 JavaThread "Common-Cleaner" daemon [_thread_blocked, id=13050, stack(0x00007f8dad32d000,0x00007f8dad42e000)]
  0x00007f8dfc510800 JavaThread "jscompiler" daemon [_thread_blocked, id=13060, stack(0x00007f8d53fff000,0x00007f8d58000000)]

Other Threads:
=>0x00007f8dfc165000 VMThread "VM Thread" [stack: 0x00007f8dc08d6000,0x00007f8dc09d6000] [id=13039]
  0x00007f8dfc223000 WatcherThread [stack: 0x00007f8dad430000,0x00007f8dad530000] [id=13049]
  0x00007f8dfc029000 GCTaskThread "GC Thread#0" [stack: 0x00007f8de2998000,0x00007f8de2a98000] [id=13019]
  0x00007f8dfc02a800 GCTaskThread "GC Thread#1" [stack: 0x00007f8de2896000,0x00007f8de2996000] [id=13020]
  0x00007f8dfc02c000 GCTaskThread "GC Thread#2" [stack: 0x00007f8de2794000,0x00007f8de2894000] [id=13021]
  0x00007f8dfc02e000 GCTaskThread "GC Thread#3" [stack: 0x00007f8de2692000,0x00007f8de2792000] [id=13022]
  0x00007f8dfc02f800 GCTaskThread "GC Thread#4" [stack: 0x00007f8de2590000,0x00007f8de2690000] [id=13023]
  0x00007f8dfc031000 GCTaskThread "GC Thread#5" [stack: 0x00007f8de248e000,0x00007f8de258e000] [id=13024]
  0x00007f8dfc033000 GCTaskThread "GC Thread#6" [stack: 0x00007f8de238c000,0x00007f8de248c000] [id=13025]
  0x00007f8dfc034800 GCTaskThread "GC Thread#7" [stack: 0x00007f8de228a000,0x00007f8de238a000] [id=13026]
  0x00007f8dfc082000 ConcurrentGCThread "G1 Main Marker" [stack: 0x00007f8de114f000,0x00007f8de124f000] [id=13027]
  0x00007f8dfc084000 ConcurrentGCThread "G1 Conc#0" [stack: 0x00007f8de104d000,0x00007f8de114d000] [id=13028]
  0x00007f8dfc085800 ConcurrentGCThread "G1 Conc#1" [stack: 0x00007f8de0f4b000,0x00007f8de104b000] [id=13029]
  0x00007f8dfc0cf000 ConcurrentGCThread "G1 Refine#0" [stack: 0x00007f8de0641000,0x00007f8de0741000] [id=13030]
  0x00007f8dfc0d1000 ConcurrentGCThread "G1 Refine#1" [stack: 0x00007f8de053f000,0x00007f8de063f000] [id=13031]
  0x00007f8dfc0d2800 ConcurrentGCThread "G1 Refine#2" [stack: 0x00007f8de043d000,0x00007f8de053d000] [id=13032]
  0x00007f8dfc0d4800 ConcurrentGCThread "G1 Refine#3" [stack: 0x00007f8de033b000,0x00007f8de043b000] [id=13033]
  0x00007f8dfc0d6000 ConcurrentGCThread "G1 Refine#4" [stack: 0x00007f8de0239000,0x00007f8de0339000] [id=13034]
  0x00007f8dfc0d8000 ConcurrentGCThread "G1 Refine#5" [stack: 0x00007f8de0137000,0x00007f8de0237000] [id=13035]
  0x00007f8dfc0d9800 ConcurrentGCThread "G1 Refine#6" [stack: 0x00007f8de0035000,0x00007f8de0135000] [id=13036]
  0x00007f8dfc0db800 ConcurrentGCThread "G1 Refine#7" [stack: 0x00007f8dc1350000,0x00007f8dc1450000] [id=13037]
  0x00007f8dfc0dd000 ConcurrentGCThread "G1 Young RemSet Sampling" [stack: 0x00007f8dc124e000,0x00007f8dc134e000] [id=13038]

Threads with active compile tasks:
C2 CompilerThread02712       4       com.google.javascript.jscomp.parsing.parser.Parser::parseArguments (119 bytes)
C2 CompilerThread12699       4       com.google.javascript.jscomp.parsing.IRFactory$TransformDispatcher::processBinaryExpressionHelper (153 bytes)
C2 CompilerThread22332       4       com.google.javascript.jscomp.parsing.parser.Parser::parseAssignment (150 bytes)

VM state:at safepoint (normal execution)

VM Mutex/Monitor currently owned by a thread:  ([mutex/lock_event])
[0x00007f8dfc00e640] Threads_lock - owner thread: 0x00007f8dfc165000
[0x00007f8dfc00ebe0] Heap_lock - owner thread: 0x00007f8dfc510800

Heap address: 0x00000000a8a00000, size: 1398 MB, Compressed Oops mode: 32-bit
Narrow klass base: 0x0000000000000000, Narrow klass shift: 3
Compressed class space size: 1073741824 Address: 0x0000000100000000

Heap:
 garbage-first heap   total 550912K, used 180223K [0x00000000a8a00000, 0x0000000100000000)
  region size 1024K, 11 young (11264K), 11 survivors (11264K)
 Metaspace       used 16564K, capacity 16793K, committed 17280K, reserved 1064960K
  class space    used 1488K, capacity 1554K, committed 1664K, reserved 1048576K
Heap Regions: E=young(eden), S=young(survivor), O=old, HS=humongous(starts), HC=humongous(continues), CS=collection set, F=free, A=archive, TS=gc time stamp, AC=allocation context, TAMS=top-at-mark-start (previous, next)
|   0|0x00000000a8a00000, 0x00000000a8b00000, 0x00000000a8b00000|100%| O|  |TS  0|AC  0|TAMS 0x00000000a8b00000, 0x00000000a8b00000|
|   1|0x00000000a8b00000, 0x00000000a8bffff8, 0x00000000a8c00000| 99%| O|  |TS  0|AC  0|TAMS 0x00000000a8bffff8, 0x00000000a8bffff8|
|   2|0x00000000a8c00000, 0x00000000a8d00000, 0x00000000a8d00000|100%| O|  |TS  0|AC  0|TAMS 0x00000000a8d00000, 0x00000000a8d00000|
|   3|0x00000000a8d00000, 0x00000000a8e00000, 0x00000000a8e00000|100%| O|  |TS  0|AC  0|TAMS 0x00000000a8e00000, 0x00000000a8e00000|
|   4|0x00000000a8e00000, 0x00000000a8f00000, 0x00000000a8f00000|100%| O|  |TS  0|AC  0|TAMS 0x00000000a8f00000, 0x00000000a8f00000|
|   5|0x00000000a8f00000, 0x00000000a9000000, 0x00000000a9000000|100%| O|  |TS  0|AC  0|TAMS 0x00000000a9000000, 0x00000000a9000000|
|   6|0x00000000a9000000, 0x00000000a9100000, 0x00000000a9100000|100%| O|  |TS  0|AC  0|TAMS 0x00000000a9100000, 0x00000000a9100000|
|   7|0x00000000a9100000, 0x00000000a9200000, 0x00000000a9200000|100%| O|  |TS  0|AC  0|TAMS 0x00000000a9200000, 0x00000000a9200000|
|   8|0x00000000a9200000, 0x00000000a9300000, 0x00000000a9300000|100%| O|  |TS  0|AC  0|TAMS 0x00000000a9300000, 0x00000000a9300000|
|   9|0x00000000a9300000, 0x00000000a9400000, 0x00000000a9400000|100%| O|  |TS  0|AC  0|TAMS 0x00000000a9400000, 0x00000000a9400000|
|  10|0x00000000a9400000, 0x00000000a9500000, 0x00000000a9500000|100%| O|  |TS  0|AC  0|TAMS 0x00000000a9500000, 0x00000000a9500000|
|  11|0x00000000a9500000, 0x00000000a9600000, 0x00000000a9600000|100%| O|  |TS  0|AC  0|TAMS 0x00000000a9600000, 0x00000000a9600000|
|  12|0x00000000a9600000, 0x00000000a9700000, 0x00000000a9700000|100%| O|  |TS  0|AC  0|TAMS 0x00000000a9700000, 0x00000000a9700000|
|  13|0x00000000a9700000, 0x00000000a9800000, 0x00000000a9800000|100%| O|  |TS  0|AC  0|TAMS 0x00000000a9800000, 0x00000000a9800000|
|  14|0x00000000a9800000, 0x00000000a9900000, 0x00000000a9900000|100%| O|  |TS  0|AC  0|TAMS 0x00000000a9900000, 0x00000000a9900000|
|  15|0x00000000a9900000, 0x00000000a9a00000, 0x00000000a9a00000|100%| O|  |TS  0|AC  0|TAMS 0x00000000a9a00000, 0x00000000a9a00000|
|  16|0x00000000a9a00000, 0x00000000a9b00000, 0x00000000a9b00000|100%| O|  |TS  0|AC  0|TAMS 0x00000000a9b00000, 0x00000000a9b00000|
|  17|0x00000000a9b00000, 0x00000000a9c00000, 0x00000000a9c00000|100%|HS|  |TS  0|AC  0|TAMS 0x00000000a9c00000, 0x00000000a9c00000|
|  18|0x00000000a9c00000, 0x00000000a9d00000, 0x00000000a9d00000|100%| O|  |TS  0|AC  0|TAMS 0x00000000a9d00000, 0x00000000a9d00000|
|  19|0x00000000a9d00000, 0x00000000a9e00000, 0x00000000a9e00000|100%| O|  |TS  0|AC  0|TAMS 0x00000000a9e00000, 0x00000000a9e00000|
|  20|0x00000000a9e00000, 0x00000000a9f00000, 0x00000000a9f00000|100%| O|  |TS  3|AC  0|TAMS 0x00000000a9e00000, 0x00000000a9e00000|
|  21|0x00000000a9f00000, 0x00000000aa000000, 0x00000000aa000000|100%|HS|  |TS  0|AC  0|TAMS 0x00000000aa000000, 0x00000000aa000000|
|  22|0x00000000aa000000, 0x00000000aa100000, 0x00000000aa100000|100%| O|  |TS  3|AC  0|TAMS 0x00000000aa000000, 0x00000000aa000000|
|  23|0x00000000aa100000, 0x00000000aa200000, 0x00000000aa200000|100%| O|  |TS  0|AC  0|TAMS 0x00000000aa200000, 0x00000000aa200000|
|  24|0x00000000aa200000, 0x00000000aa300000, 0x00000000aa300000|100%| O|  |TS  0|AC  0|TAMS 0x00000000aa300000, 0x00000000aa300000|
|  25|0x00000000aa300000, 0x00000000aa400000, 0x00000000aa400000|100%| O|  |TS  0|AC  0|TAMS 0x00000000aa400000, 0x00000000aa400000|
|  26|0x00000000aa400000, 0x00000000aa500000, 0x00000000aa500000|100%| O|  |TS  0|AC  0|TAMS 0x00000000aa500000, 0x00000000aa500000|
|  27|0x00000000aa500000, 0x00000000aa600000, 0x00000000aa600000|100%| O|  |TS  0|AC  0|TAMS 0x00000000aa600000, 0x00000000aa600000|
|  28|0x00000000aa600000, 0x00000000aa700000, 0x00000000aa700000|100%| O|  |TS  3|AC  0|TAMS 0x00000000aa600000, 0x00000000aa600000|
|  29|0x00000000aa700000, 0x00000000aa800000, 0x00000000aa800000|100%| O|  |TS  0|AC  0|TAMS 0x00000000aa800000, 0x00000000aa800000|
|  30|0x00000000aa800000, 0x00000000aa900000, 0x00000000aa900000|100%| O|  |TS  0|AC  0|TAMS 0x00000000aa900000, 0x00000000aa900000|
|  31|0x00000000aa900000, 0x00000000aaa00000, 0x00000000aaa00000|100%| O|  |TS  3|AC  0|TAMS 0x00000000aa900000, 0x00000000aa900000|
|  32|0x00000000aaa00000, 0x00000000aab00000, 0x00000000aab00000|100%| O|  |TS  3|AC  0|TAMS 0x00000000aaa00000, 0x00000000aaa00000|
|  33|0x00000000aab00000, 0x00000000aac00000, 0x00000000aac00000|100%| O|  |TS  3|AC  0|TAMS 0x00000000aab00000, 0x00000000aab00000|
|  34|0x00000000aac00000, 0x00000000aad00000, 0x00000000aad00000|100%| O|  |TS  3|AC  0|TAMS 0x00000000aac00000, 0x00000000aac00000|
|  35|0x00000000aad00000, 0x00000000aae00000, 0x00000000aae00000|100%| O|  |TS  4|AC  0|TAMS 0x00000000aad00000, 0x00000000aad00000|
|  36|0x00000000aae00000, 0x00000000aaf00000, 0x00000000aaf00000|100%| O|  |TS  4|AC  0|TAMS 0x00000000aae00000, 0x00000000aae00000|
|  37|0x00000000aaf00000, 0x00000000ab000000, 0x00000000ab000000|100%| O|  |TS  4|AC  0|TAMS 0x00000000aaf00000, 0x00000000aaf00000|
|  38|0x00000000ab000000, 0x00000000ab100000, 0x00000000ab100000|100%| O|  |TS  0|AC  0|TAMS 0x00000000ab100000, 0x00000000ab100000|
|  39|0x00000000ab100000, 0x00000000ab200000, 0x00000000ab200000|100%| O|  |TS  0|AC  0|TAMS 0x00000000ab200000, 0x00000000ab200000|
|  40|0x00000000ab200000, 0x00000000ab300000, 0x00000000ab300000|100%| O|  |TS  0|AC  0|TAMS 0x00000000ab300000, 0x00000000ab300000|
|  41|0x00000000ab300000, 0x00000000ab400000, 0x00000000ab400000|100%| O|  |TS  0|AC  0|TAMS 0x00000000ab400000, 0x00000000ab400000|
|  42|0x00000000ab400000, 0x00000000ab500000, 0x00000000ab500000|100%| O|  |TS  0|AC  0|TAMS 0x00000000ab500000, 0x00000000ab500000|
|  43|0x00000000ab500000, 0x00000000ab600000, 0x00000000ab600000|100%| O|  |TS  0|AC  0|TAMS 0x00000000ab600000, 0x00000000ab600000|
|  44|0x00000000ab600000, 0x00000000ab700000, 0x00000000ab700000|100%| O|  |TS  0|AC  0|TAMS 0x00000000ab700000, 0x00000000ab700000|
|  45|0x00000000ab700000, 0x00000000ab800000, 0x00000000ab800000|100%| O|  |TS  0|AC  0|TAMS 0x00000000ab800000, 0x00000000ab800000|
|  46|0x00000000ab800000, 0x00000000ab900000, 0x00000000ab900000|100%| O|  |TS  4|AC  0|TAMS 0x00000000ab800000, 0x00000000ab800000|
|  47|0x00000000ab900000, 0x00000000aba00000, 0x00000000aba00000|100%| O|  |TS  0|AC  0|TAMS 0x00000000aba00000, 0x00000000aba00000|
|  48|0x00000000aba00000, 0x00000000abb00000, 0x00000000abb00000|100%| O|  |TS  0|AC  0|TAMS 0x00000000abb00000, 0x00000000abb00000|
|  49|0x00000000abb00000, 0x00000000abc00000, 0x00000000abc00000|100%| O|  |TS  0|AC  0|TAMS 0x00000000abc00000, 0x00000000abc00000|
|  50|0x00000000abc00000, 0x00000000abd00000, 0x00000000abd00000|100%| O|  |TS  0|AC  0|TAMS 0x00000000abd00000, 0x00000000abd00000|
|  51|0x00000000abd00000, 0x00000000abe00000, 0x00000000abe00000|100%| O|  |TS  0|AC  0|TAMS 0x00000000abe00000, 0x00000000abe00000|
|  52|0x00000000abe00000, 0x00000000abf00000, 0x00000000abf00000|100%| O|  |TS  0|AC  0|TAMS 0x00000000abf00000, 0x00000000abf00000|
|  53|0x00000000abf00000, 0x00000000ac000000, 0x00000000ac000000|100%| O|  |TS  1|AC  0|TAMS 0x00000000abf95c00, 0x00000000abf95c00|
|  54|0x00000000ac000000, 0x00000000ac100000, 0x00000000ac100000|100%| O|  |TS  1|AC  0|TAMS 0x00000000ac000000, 0x00000000ac000000|
|  55|0x00000000ac100000, 0x00000000ac200000, 0x00000000ac200000|100%| O|  |TS  1|AC  0|TAMS 0x00000000ac100000, 0x00000000ac100000|
|  56|0x00000000ac200000, 0x00000000ac300000, 0x00000000ac300000|100%| O|  |TS  1|AC  0|TAMS 0x00000000ac200000, 0x00000000ac200000|
|  57|0x00000000ac300000, 0x00000000ac400000, 0x00000000ac400000|100%| O|  |TS  2|AC  0|TAMS 0x00000000ac300000, 0x00000000ac300000|
|  58|0x00000000ac400000, 0x00000000ac500000, 0x00000000ac500000|100%| O|  |TS  2|AC  0|TAMS 0x00000000ac400000, 0x00000000ac400000|
|  59|0x00000000ac500000, 0x00000000ac600000, 0x00000000ac600000|100%| O|  |TS  2|AC  0|TAMS 0x00000000ac500000, 0x00000000ac500000|
|  60|0x00000000ac600000, 0x00000000ac700000, 0x00000000ac700000|100%| O|  |TS  3|AC  0|TAMS 0x00000000ac600000, 0x00000000ac600000|
|  61|0x00000000ac700000, 0x00000000ac800000, 0x00000000ac800000|100%| O|  |TS  4|AC  0|TAMS 0x00000000ac700000, 0x00000000ac700000|
|  62|0x00000000ac800000, 0x00000000ac900000, 0x00000000ac900000|100%| O|  |TS  5|AC  0|TAMS 0x00000000ac800000, 0x00000000ac800000|
|  63|0x00000000ac900000, 0x00000000aca00000, 0x00000000aca00000|100%| O|  |TS  6|AC  0|TAMS 0x00000000ac900000, 0x00000000ac900000|
|  64|0x00000000aca00000, 0x00000000acb00000, 0x00000000acb00000|100%| O|  |TS  7|AC  0|TAMS 0x00000000aca00000, 0x00000000aca00000|
|  65|0x00000000acb00000, 0x00000000acc00000, 0x00000000acc00000|100%| O|  |TS  5|AC  0|TAMS 0x00000000acb00000, 0x00000000acb00000|
|  66|0x00000000acc00000, 0x00000000acd00000, 0x00000000acd00000|100%| O|  |TS  5|AC  0|TAMS 0x00000000acc00000, 0x00000000acc00000|
|  67|0x00000000acd00000, 0x00000000ace00000, 0x00000000ace00000|100%| O|  |TS  5|AC  0|TAMS 0x00000000acd00000, 0x00000000acd00000|
|  68|0x00000000ace00000, 0x00000000acf00000, 0x00000000acf00000|100%| O|  |TS  5|AC  0|TAMS 0x00000000ace00000, 0x00000000ace00000|
|  69|0x00000000acf00000, 0x00000000ad000000, 0x00000000ad000000|100%| O|  |TS  5|AC  0|TAMS 0x00000000acf00000, 0x00000000acf00000|
|  70|0x00000000ad000000, 0x00000000ad100000, 0x00000000ad100000|100%| O|  |TS  6|AC  0|TAMS 0x00000000ad000000, 0x00000000ad000000|
|  71|0x00000000ad100000, 0x00000000ad200000, 0x00000000ad200000|100%| O|  |TS  9|AC  0|TAMS 0x00000000ad100000, 0x00000000ad100000|
|  72|0x00000000ad200000, 0x00000000ad300000, 0x00000000ad300000|100%| O|  |TS  7|AC  0|TAMS 0x00000000ad200000, 0x00000000ad200000|
|  73|0x00000000ad300000, 0x00000000ad400000, 0x00000000ad400000|100%| O|  |TS  7|AC  0|TAMS 0x00000000ad300000, 0x00000000ad300000|
|  74|0x00000000ad400000, 0x00000000ad500000, 0x00000000ad500000|100%| O|  |TS  7|AC  0|TAMS 0x00000000ad400000, 0x00000000ad400000|
|  75|0x00000000ad500000, 0x00000000ad600000, 0x00000000ad600000|100%| O|  |TS  7|AC  0|TAMS 0x00000000ad500000, 0x00000000ad500000|
|  76|0x00000000ad600000, 0x00000000ad700000, 0x00000000ad700000|100%| O|  |TS  7|AC  0|TAMS 0x00000000ad600000, 0x00000000ad600000|
|  77|0x00000000ad700000, 0x00000000ad800000, 0x00000000ad800000|100%| O|  |TS  7|AC  0|TAMS 0x00000000ad700000, 0x00000000ad700000|
|  78|0x00000000ad800000, 0x00000000ad900000, 0x00000000ad900000|100%| O|  |TS  7|AC  0|TAMS 0x00000000ad800000, 0x00000000ad800000|
|  79|0x00000000ad900000, 0x00000000ada00000, 0x00000000ada00000|100%| O|  |TS  7|AC  0|TAMS 0x00000000ad900000, 0x00000000ad900000|
|  80|0x00000000ada00000, 0x00000000adb00000, 0x00000000adb00000|100%| O|  |TS  7|AC  0|TAMS 0x00000000ada00000, 0x00000000ada00000|
|  81|0x00000000adb00000, 0x00000000adc00000, 0x00000000adc00000|100%| O|  |TS  7|AC  0|TAMS 0x00000000adb00000, 0x00000000adb00000|
|  82|0x00000000adc00000, 0x00000000add00000, 0x00000000add00000|100%| O|  |TS  7|AC  0|TAMS 0x00000000adc00000, 0x00000000adc00000|
|  83|0x00000000add00000, 0x00000000ade00000, 0x00000000ade00000|100%| O|  |TS  7|AC  0|TAMS 0x00000000add00000, 0x00000000add00000|
|  84|0x00000000ade00000, 0x00000000adf00000, 0x00000000adf00000|100%| O|  |TS  7|AC  0|TAMS 0x00000000ade00000, 0x00000000ade00000|
|  85|0x00000000adf00000, 0x00000000ae000000, 0x00000000ae000000|100%| O|  |TS  7|AC  0|TAMS 0x00000000adf00000, 0x00000000adf00000|
|  86|0x00000000ae000000, 0x00000000ae100000, 0x00000000ae100000|100%| O|  |TS  7|AC  0|TAMS 0x00000000ae000000, 0x00000000ae000000|
|  87|0x00000000ae100000, 0x00000000ae200000, 0x00000000ae200000|100%| O|  |TS  7|AC  0|TAMS 0x00000000ae100000, 0x00000000ae100000|
|  88|0x00000000ae200000, 0x00000000ae300000, 0x00000000ae300000|100%| O|  |TS  7|AC  0|TAMS 0x00000000ae200000, 0x00000000ae200000|
|  89|0x00000000ae300000, 0x00000000ae400000, 0x00000000ae400000|100%| O|  |TS  7|AC  0|TAMS 0x00000000ae300000, 0x00000000ae300000|
|  90|0x00000000ae400000, 0x00000000ae500000, 0x00000000ae500000|100%| O|  |TS  7|AC  0|TAMS 0x00000000ae400000, 0x00000000ae400000|
|  91|0x00000000ae500000, 0x00000000ae600000, 0x00000000ae600000|100%| O|  |TS  7|AC  0|TAMS 0x00000000ae500000, 0x00000000ae500000|
|  92|0x00000000ae600000, 0x00000000ae700000, 0x00000000ae700000|100%| O|  |TS  7|AC  0|TAMS 0x00000000ae600000, 0x00000000ae600000|
|  93|0x00000000ae700000, 0x00000000ae800000, 0x00000000ae800000|100%| O|  |TS  7|AC  0|TAMS 0x00000000ae700000, 0x00000000ae700000|
|  94|0x00000000ae800000, 0x00000000ae900000, 0x00000000ae900000|100%| O|  |TS  7|AC  0|TAMS 0x00000000ae800000, 0x00000000ae800000|
|  95|0x00000000ae900000, 0x00000000aea00000, 0x00000000aea00000|100%| O|  |TS  7|AC  0|TAMS 0x00000000ae900000, 0x00000000ae900000|
|  96|0x00000000aea00000, 0x00000000aeb00000, 0x00000000aeb00000|100%| O|  |TS  7|AC  0|TAMS 0x00000000aea00000, 0x00000000aea00000|
|  97|0x00000000aeb00000, 0x00000000aec00000, 0x00000000aec00000|100%| O|  |TS  7|AC  0|TAMS 0x00000000aeb00000, 0x00000000aeb00000|
|  98|0x00000000aec00000, 0x00000000aed00000, 0x00000000aed00000|100%| O|  |TS  8|AC  0|TAMS 0x00000000aec00000, 0x00000000aec00000|
|  99|0x00000000aed00000, 0x00000000aee00000, 0x00000000aee00000|100%| O|  |TS  9|AC  0|TAMS 0x00000000aed00000, 0x00000000aed00000|
| 100|0x00000000aee00000, 0x00000000aef00000, 0x00000000aef00000|100%| O|  |TS  9|AC  0|TAMS 0x00000000aee00000, 0x00000000aee00000|
| 101|0x00000000aef00000, 0x00000000af000000, 0x00000000af000000|100%| O|  |TS  9|AC  0|TAMS 0x00000000aef00000, 0x00000000aef00000|
| 102|0x00000000af000000, 0x00000000af100000, 0x00000000af100000|100%| O|  |TS  9|AC  0|TAMS 0x00000000af000000, 0x00000000af000000|
| 103|0x00000000af100000, 0x00000000af200000, 0x00000000af200000|100%| O|  |TS  9|AC  0|TAMS 0x00000000af100000, 0x00000000af100000|
| 104|0x00000000af200000, 0x00000000af300000, 0x00000000af300000|100%|HS|  |TS  6|AC  0|TAMS 0x00000000af200000, 0x00000000af200000|
| 105|0x00000000af300000, 0x00000000af400000, 0x00000000af400000|100%|HC|  |TS  6|AC  0|TAMS 0x00000000af300000, 0x00000000af300000|
| 106|0x00000000af400000, 0x00000000af500000, 0x00000000af500000|100%| O|  |TS  8|AC  0|TAMS 0x00000000af400000, 0x00000000af400000|
| 107|0x00000000af500000, 0x00000000af600000, 0x00000000af600000|100%| O|  |TS  8|AC  0|TAMS 0x00000000af500000, 0x00000000af500000|
| 108|0x00000000af600000, 0x00000000af700000, 0x00000000af700000|100%| O|  |TS  8|AC  0|TAMS 0x00000000af600000, 0x00000000af600000|
| 109|0x00000000af700000, 0x00000000af800000, 0x00000000af800000|100%| O|  |TS  8|AC  0|TAMS 0x00000000af700000, 0x00000000af700000|
| 110|0x00000000af800000, 0x00000000af900000, 0x00000000af900000|100%| O|  |TS  8|AC  0|TAMS 0x00000000af800000, 0x00000000af800000|
| 111|0x00000000af900000, 0x00000000afa00000, 0x00000000afa00000|100%| O|  |TS  8|AC  0|TAMS 0x00000000af900000, 0x00000000af900000|
| 112|0x00000000afa00000, 0x00000000afb00000, 0x00000000afb00000|100%| O|  |TS  8|AC  0|TAMS 0x00000000afa00000, 0x00000000afa00000|
| 113|0x00000000afb00000, 0x00000000afc00000, 0x00000000afc00000|100%| O|  |TS  8|AC  0|TAMS 0x00000000afb00000, 0x00000000afb00000|
| 114|0x00000000afc00000, 0x00000000afd00000, 0x00000000afd00000|100%| O|  |TS  8|AC  0|TAMS 0x00000000afc00000, 0x00000000afc00000|
| 115|0x00000000afd00000, 0x00000000afe00000, 0x00000000afe00000|100%| O|  |TS  8|AC  0|TAMS 0x00000000afd00000, 0x00000000afd00000|
| 116|0x00000000afe00000, 0x00000000aff00000, 0x00000000aff00000|100%| O|  |TS  8|AC  0|TAMS 0x00000000afe00000, 0x00000000afe00000|
| 117|0x00000000aff00000, 0x00000000b0000000, 0x00000000b0000000|100%| O|  |TS  8|AC  0|TAMS 0x00000000aff00000, 0x00000000aff00000|
| 118|0x00000000b0000000, 0x00000000b0100000, 0x00000000b0100000|100%| O|  |TS  8|AC  0|TAMS 0x00000000b0000000, 0x00000000b0000000|
| 119|0x00000000b0100000, 0x00000000b0200000, 0x00000000b0200000|100%| O|  |TS  8|AC  0|TAMS 0x00000000b0100000, 0x00000000b0100000|
| 120|0x00000000b0200000, 0x00000000b0300000, 0x00000000b0300000|100%| O|  |TS  8|AC  0|TAMS 0x00000000b0200000, 0x00000000b0200000|
| 121|0x00000000b0300000, 0x00000000b0400000, 0x00000000b0400000|100%| O|  |TS  9|AC  0|TAMS 0x00000000b0300000, 0x00000000b0300000|
| 122|0x00000000b0400000, 0x00000000b0500000, 0x00000000b0500000|100%| O|  |TS  9|AC  0|TAMS 0x00000000b0400000, 0x00000000b0400000|
| 123|0x00000000b0500000, 0x00000000b0600000, 0x00000000b0600000|100%| O|  |TS  9|AC  0|TAMS 0x00000000b0500000, 0x00000000b0500000|
| 124|0x00000000b0600000, 0x00000000b0700000, 0x00000000b0700000|100%| O|  |TS  9|AC  0|TAMS 0x00000000b0600000, 0x00000000b0600000|
| 125|0x00000000b0700000, 0x00000000b0800000, 0x00000000b0800000|100%| O|  |TS  9|AC  0|TAMS 0x00000000b0700000, 0x00000000b0700000|
| 126|0x00000000b0800000, 0x00000000b0900000, 0x00000000b0900000|100%| O|  |TS  9|AC  0|TAMS 0x00000000b0800000, 0x00000000b0800000|
| 127|0x00000000b0900000, 0x00000000b0a00000, 0x00000000b0a00000|100%| O|  |TS  9|AC  0|TAMS 0x00000000b0900000, 0x00000000b0900000|
| 128|0x00000000b0a00000, 0x00000000b0b00000, 0x00000000b0b00000|100%| O|  |TS  9|AC  0|TAMS 0x00000000b0a00000, 0x00000000b0a00000|
| 129|0x00000000b0b00000, 0x00000000b0c00000, 0x00000000b0c00000|100%| O|  |TS  9|AC  0|TAMS 0x00000000b0b00000, 0x00000000b0b00000|
| 130|0x00000000b0c00000, 0x00000000b0d00000, 0x00000000b0d00000|100%| O|  |TS  9|AC  0|TAMS 0x00000000b0c00000, 0x00000000b0c00000|
| 131|0x00000000b0d00000, 0x00000000b0e00000, 0x00000000b0e00000|100%| O|  |TS  9|AC  0|TAMS 0x00000000b0d00000, 0x00000000b0d00000|
| 132|0x00000000b0e00000, 0x00000000b0f00000, 0x00000000b0f00000|100%| O|  |TS  9|AC  0|TAMS 0x00000000b0e00000, 0x00000000b0e00000|
| 133|0x00000000b0f00000, 0x00000000b1000000, 0x00000000b1000000|100%| O|  |TS  9|AC  0|TAMS 0x00000000b0f00000, 0x00000000b0f00000|
| 134|0x00000000b1000000, 0x00000000b1100000, 0x00000000b1100000|100%| O|  |TS  9|AC  0|TAMS 0x00000000b1000000, 0x00000000b1000000|
| 135|0x00000000b1100000, 0x00000000b1200000, 0x00000000b1200000|100%| O|  |TS  9|AC  0|TAMS 0x00000000b1100000, 0x00000000b1100000|
| 136|0x00000000b1200000, 0x00000000b1300000, 0x00000000b1300000|100%| O|  |TS  9|AC  0|TAMS 0x00000000b1200000, 0x00000000b1200000|
| 137|0x00000000b1300000, 0x00000000b1400000, 0x00000000b1400000|100%| O|  |TS  9|AC  0|TAMS 0x00000000b1300000, 0x00000000b1300000|
| 138|0x00000000b1400000, 0x00000000b1500000, 0x00000000b1500000|100%| O|  |TS  9|AC  0|TAMS 0x00000000b1400000, 0x00000000b1400000|
| 139|0x00000000b1500000, 0x00000000b1600000, 0x00000000b1600000|100%| O|  |TS  9|AC  0|TAMS 0x00000000b1500000, 0x00000000b1500000|
| 140|0x00000000b1600000, 0x00000000b1700000, 0x00000000b1700000|100%| O|  |TS  9|AC  0|TAMS 0x00000000b1600000, 0x00000000b1600000|
| 141|0x00000000b1700000, 0x00000000b1800000, 0x00000000b1800000|100%| O|  |TS  9|AC  0|TAMS 0x00000000b1700000, 0x00000000b1700000|
| 142|0x00000000b1800000, 0x00000000b1900000, 0x00000000b1900000|100%| O|  |TS  9|AC  0|TAMS 0x00000000b1800000, 0x00000000b1800000|
| 143|0x00000000b1900000, 0x00000000b1a00000, 0x00000000b1a00000|100%| O|  |TS  9|AC  0|TAMS 0x00000000b1900000, 0x00000000b1900000|
| 144|0x00000000b1a00000, 0x00000000b1b00000, 0x00000000b1b00000|100%| O|  |TS  9|AC  0|TAMS 0x00000000b1a00000, 0x00000000b1a00000|
| 145|0x00000000b1b00000, 0x00000000b1c00000, 0x00000000b1c00000|100%| O|  |TS  9|AC  0|TAMS 0x00000000b1b00000, 0x00000000b1b00000|
| 146|0x00000000b1c00000, 0x00000000b1d00000, 0x00000000b1d00000|100%| O|  |TS  9|AC  0|TAMS 0x00000000b1c00000, 0x00000000b1c00000|
| 147|0x00000000b1d00000, 0x00000000b1e00000, 0x00000000b1e00000|100%| O|  |TS  9|AC  0|TAMS 0x00000000b1d00000, 0x00000000b1d00000|
| 148|0x00000000b1e00000, 0x00000000b1f00000, 0x00000000b1f00000|100%| O|  |TS  9|AC  0|TAMS 0x00000000b1e00000, 0x00000000b1e00000|
| 149|0x00000000b1f00000, 0x00000000b2000000, 0x00000000b2000000|100%| O|  |TS  9|AC  0|TAMS 0x00000000b1f00000, 0x00000000b1f00000|
| 150|0x00000000b2000000, 0x00000000b2100000, 0x00000000b2100000|100%| O|  |TS  9|AC  0|TAMS 0x00000000b2000000, 0x00000000b2000000|
| 151|0x00000000b2100000, 0x00000000b2200000, 0x00000000b2200000|100%| O|  |TS  9|AC  0|TAMS 0x00000000b2100000, 0x00000000b2100000|
| 152|0x00000000b2200000, 0x00000000b2300000, 0x00000000b2300000|100%| O|  |TS  9|AC  0|TAMS 0x00000000b2200000, 0x00000000b2200000|
| 153|0x00000000b2300000, 0x00000000b2400000, 0x00000000b2400000|100%| O|  |TS  9|AC  0|TAMS 0x00000000b2300000, 0x00000000b2300000|
| 154|0x00000000b2400000, 0x00000000b2500000, 0x00000000b2500000|100%| O|  |TS  9|AC  0|TAMS 0x00000000b2400000, 0x00000000b2400000|
| 155|0x00000000b2500000, 0x00000000b2600000, 0x00000000b2600000|100%| O|  |TS  9|AC  0|TAMS 0x00000000b2500000, 0x00000000b2500000|
| 156|0x00000000b2600000, 0x00000000b2700000, 0x00000000b2700000|100%| O|  |TS  9|AC  0|TAMS 0x00000000b2600000, 0x00000000b2600000|
| 157|0x00000000b2700000, 0x00000000b2800000, 0x00000000b2800000|100%| O|  |TS  9|AC  0|TAMS 0x00000000b2700000, 0x00000000b2700000|
| 158|0x00000000b2800000, 0x00000000b2900000, 0x00000000b2900000|100%| O|  |TS  9|AC  0|TAMS 0x00000000b2800000, 0x00000000b2800000|
| 159|0x00000000b2900000, 0x00000000b2a00000, 0x00000000b2a00000|100%| O|  |TS  9|AC  0|TAMS 0x00000000b2900000, 0x00000000b2900000|
| 160|0x00000000b2a00000, 0x00000000b2b00000, 0x00000000b2b00000|100%| O|  |TS  9|AC  0|TAMS 0x00000000b2a00000, 0x00000000b2a00000|
| 161|0x00000000b2b00000, 0x00000000b2c00000, 0x00000000b2c00000|100%| O|  |TS  9|AC  0|TAMS 0x00000000b2b00000, 0x00000000b2b00000|
| 162|0x00000000b2c00000, 0x00000000b2d00000, 0x00000000b2d00000|100%| O|  |TS  9|AC  0|TAMS 0x00000000b2c00000, 0x00000000b2c00000|
| 163|0x00000000b2d00000, 0x00000000b2e00000, 0x00000000b2e00000|100%| O|  |TS  9|AC  0|TAMS 0x00000000b2d00000, 0x00000000b2d00000|
| 164|0x00000000b2e00000, 0x00000000b2f00000, 0x00000000b2f00000|100%| O|  |TS  9|AC  0|TAMS 0x00000000b2e00000, 0x00000000b2e00000|
| 165|0x00000000b2f00000, 0x00000000b2f00000, 0x00000000b3000000|  0%| F|  |TS  5|AC  0|TAMS 0x00000000b2f00000, 0x00000000b2f00000|
| 166|0x00000000b3000000, 0x00000000b3000000, 0x00000000b3100000|  0%| F|  |TS  5|AC  0|TAMS 0x00000000b3000000, 0x00000000b3000000|
| 167|0x00000000b3100000, 0x00000000b3100000, 0x00000000b3200000|  0%| F|  |TS  5|AC  0|TAMS 0x00000000b3100000, 0x00000000b3100000|
| 168|0x00000000b3200000, 0x00000000b3200000, 0x00000000b3300000|  0%| F|  |TS  5|AC  0|TAMS 0x00000000b3200000, 0x00000000b3200000|
| 169|0x00000000b3300000, 0x00000000b3300000, 0x00000000b3400000|  0%| F|  |TS  5|AC  0|TAMS 0x00000000b3300000, 0x00000000b3300000|
| 170|0x00000000b3400000, 0x00000000b3400000, 0x00000000b3500000|  0%| F|  |TS  5|AC  0|TAMS 0x00000000b3400000, 0x00000000b3400000|
| 171|0x00000000b3500000, 0x00000000b3500000, 0x00000000b3600000|  0%| F|  |TS  5|AC  0|TAMS 0x00000000b3500000, 0x00000000b3500000|
| 172|0x00000000b3600000, 0x00000000b3600000, 0x00000000b3700000|  0%| F|  |TS  5|AC  0|TAMS 0x00000000b3600000, 0x00000000b3600000|
| 173|0x00000000b3700000, 0x00000000b3700000, 0x00000000b3800000|  0%| F|  |TS  5|AC  0|TAMS 0x00000000b3700000, 0x00000000b3700000|
| 174|0x00000000b3800000, 0x00000000b3800000, 0x00000000b3900000|  0%| F|  |TS  5|AC  0|TAMS 0x00000000b3800000, 0x00000000b3800000|
| 175|0x00000000b3900000, 0x00000000b3900000, 0x00000000b3a00000|  0%| F|  |TS  5|AC  0|TAMS 0x00000000b3900000, 0x00000000b3900000|
| 176|0x00000000b3a00000, 0x00000000b3a00000, 0x00000000b3b00000|  0%| F|  |TS  5|AC  0|TAMS 0x00000000b3a00000, 0x00000000b3a00000|
| 177|0x00000000b3b00000, 0x00000000b3b00000, 0x00000000b3c00000|  0%| F|  |TS  8|AC  0|TAMS 0x00000000b3b00000, 0x00000000b3b00000|
| 178|0x00000000b3c00000, 0x00000000b3c00000, 0x00000000b3d00000|  0%| F|  |TS  8|AC  0|TAMS 0x00000000b3c00000, 0x00000000b3c00000|
| 179|0x00000000b3d00000, 0x00000000b3d00000, 0x00000000b3e00000|  0%| F|  |TS  8|AC  0|TAMS 0x00000000b3d00000, 0x00000000b3d00000|
| 180|0x00000000b3e00000, 0x00000000b3e00000, 0x00000000b3f00000|  0%| F|  |TS  8|AC  0|TAMS 0x00000000b3e00000, 0x00000000b3e00000|
| 181|0x00000000b3f00000, 0x00000000b3f00000, 0x00000000b4000000|  0%| F|  |TS  8|AC  0|TAMS 0x00000000b3f00000, 0x00000000b3f00000|
| 182|0x00000000b4000000, 0x00000000b4000000, 0x00000000b4100000|  0%| F|  |TS  8|AC  0|TAMS 0x00000000b4000000, 0x00000000b4000000|
| 183|0x00000000b4100000, 0x00000000b4100000, 0x00000000b4200000|  0%| F|  |TS  8|AC  0|TAMS 0x00000000b4100000, 0x00000000b4100000|
| 184|0x00000000b4200000, 0x00000000b4200000, 0x00000000b4300000|  0%| F|  |TS  8|AC  0|TAMS 0x00000000b4200000, 0x00000000b4200000|
| 185|0x00000000b4300000, 0x00000000b4300000, 0x00000000b4400000|  0%| F|  |TS  8|AC  0|TAMS 0x00000000b4300000, 0x00000000b4300000|
| 186|0x00000000b4400000, 0x00000000b4400000, 0x00000000b4500000|  0%| F|  |TS  8|AC  0|TAMS 0x00000000b4400000, 0x00000000b4400000|
| 187|0x00000000b4500000, 0x00000000b4500000, 0x00000000b4600000|  0%| F|  |TS  8|AC  0|TAMS 0x00000000b4500000, 0x00000000b4500000|
| 188|0x00000000b4600000, 0x00000000b4600000, 0x00000000b4700000|  0%| F|  |TS  8|AC  0|TAMS 0x00000000b4600000, 0x00000000b4600000|
| 189|0x00000000b4700000, 0x00000000b4700000, 0x00000000b4800000|  0%| F|  |TS  8|AC  0|TAMS 0x00000000b4700000, 0x00000000b4700000|
| 190|0x00000000b4800000, 0x00000000b4800000, 0x00000000b4900000|  0%| F|  |TS  7|AC  0|TAMS 0x00000000b4800000, 0x00000000b4800000|
| 191|0x00000000b4900000, 0x00000000b4900000, 0x00000000b4a00000|  0%| F|  |TS  7|AC  0|TAMS 0x00000000b4900000, 0x00000000b4900000|
| 192|0x00000000b4a00000, 0x00000000b4a00000, 0x00000000b4b00000|  0%| F|  |TS  7|AC  0|TAMS 0x00000000b4a00000, 0x00000000b4a00000|
| 193|0x00000000b4b00000, 0x00000000b4c00000, 0x00000000b4c00000|100%| S|CS|TS  9|AC  0|TAMS 0x00000000b4b00000, 0x00000000b4b00000|
| 194|0x00000000b4c00000, 0x00000000b4d00000, 0x00000000b4d00000|100%| S|CS|TS  9|AC  0|TAMS 0x00000000b4c00000, 0x00000000b4c00000|
| 195|0x00000000b4d00000, 0x00000000b4e00000, 0x00000000b4e00000|100%| S|CS|TS  9|AC  0|TAMS 0x00000000b4d00000, 0x00000000b4d00000|
| 196|0x00000000b4e00000, 0x00000000b4f00000, 0x00000000b4f00000|100%| S|CS|TS  9|AC  0|TAMS 0x00000000b4e00000, 0x00000000b4e00000|
| 197|0x00000000b4f00000, 0x00000000b4f00000, 0x00000000b5000000|  0%| F|  |TS  9|AC  0|TAMS 0x00000000b4f00000, 0x00000000b4f00000|
| 198|0x00000000b5000000, 0x00000000b5000000, 0x00000000b5100000|  0%| F|  |TS  9|AC  0|TAMS 0x00000000b5000000, 0x00000000b5000000|
| 199|0x00000000b5100000, 0x00000000b5100000, 0x00000000b5200000|  0%| F|  |TS  9|AC  0|TAMS 0x00000000b5100000, 0x00000000b5100000|
| 200|0x00000000b5200000, 0x00000000b5200000, 0x00000000b5300000|  0%| F|  |TS  9|AC  0|TAMS 0x00000000b5200000, 0x00000000b5200000|
| 201|0x00000000b5300000, 0x00000000b5300000, 0x00000000b5400000|  0%| F|  |TS  9|AC  0|TAMS 0x00000000b5300000, 0x00000000b5300000|
| 202|0x00000000b5400000, 0x00000000b5400000, 0x00000000b5500000|  0%| F|  |TS  9|AC  0|TAMS 0x00000000b5400000, 0x00000000b5400000|
| 203|0x00000000b5500000, 0x00000000b5500000, 0x00000000b5600000|  0%| F|  |TS  9|AC  0|TAMS 0x00000000b5500000, 0x00000000b5500000|
| 204|0x00000000b5600000, 0x00000000b5600000, 0x00000000b5700000|  0%| F|  |TS  9|AC  0|TAMS 0x00000000b5600000, 0x00000000b5600000|
| 205|0x00000000b5700000, 0x00000000b5700000, 0x00000000b5800000|  0%| F|  |TS  9|AC  0|TAMS 0x00000000b5700000, 0x00000000b5700000|
| 206|0x00000000b5800000, 0x00000000b5800000, 0x00000000b5900000|  0%| F|  |TS  9|AC  0|TAMS 0x00000000b5800000, 0x00000000b5800000|
| 207|0x00000000b5900000, 0x00000000b5900000, 0x00000000b5a00000|  0%| F|  |TS  9|AC  0|TAMS 0x00000000b5900000, 0x00000000b5900000|
| 208|0x00000000b5a00000, 0x00000000b5a00000, 0x00000000b5b00000|  0%| F|  |TS  9|AC  0|TAMS 0x00000000b5a00000, 0x00000000b5a00000|
| 209|0x00000000b5b00000, 0x00000000b5c00000, 0x00000000b5c00000|100%| S|CS|TS  9|AC  0|TAMS 0x00000000b5b00000, 0x00000000b5b00000|
| 210|0x00000000b5c00000, 0x00000000b5d00000, 0x00000000b5d00000|100%| S|CS|TS  9|AC  0|TAMS 0x00000000b5c00000, 0x00000000b5c00000|
| 211|0x00000000b5d00000, 0x00000000b5e00000, 0x00000000b5e00000|100%| S|CS|TS  9|AC  0|TAMS 0x00000000b5d00000, 0x00000000b5d00000|
| 212|0x00000000b5e00000, 0x00000000b5f00000, 0x00000000b5f00000|100%| S|CS|TS  9|AC  0|TAMS 0x00000000b5e00000, 0x00000000b5e00000|
| 213|0x00000000b5f00000, 0x00000000b6000000, 0x00000000b6000000|100%| S|CS|TS  9|AC  0|TAMS 0x00000000b5f00000, 0x00000000b5f00000|
| 214|0x00000000b6000000, 0x00000000b6100000, 0x00000000b6100000|100%| S|CS|TS  9|AC  0|TAMS 0x00000000b6000000, 0x00000000b6000000|
| 215|0x00000000b6100000, 0x00000000b6200000, 0x00000000b6200000|100%| S|CS|TS  9|AC  0|TAMS 0x00000000b6100000, 0x00000000b6100000|
| 216|0x00000000b6200000, 0x00000000b6200000, 0x00000000b6300000|  0%| F|  |TS  9|AC  0|TAMS 0x00000000b6200000, 0x00000000b6200000|
| 217|0x00000000b6300000, 0x00000000b6300000, 0x00000000b6400000|  0%| F|  |TS  9|AC  0|TAMS 0x00000000b6300000, 0x00000000b6300000|
| 218|0x00000000b6400000, 0x00000000b6400000, 0x00000000b6500000|  0%| F|  |TS  9|AC  0|TAMS 0x00000000b6400000, 0x00000000b6400000|
| 219|0x00000000b6500000, 0x00000000b6500000, 0x00000000b6600000|  0%| F|  |TS  9|AC  0|TAMS 0x00000000b6500000, 0x00000000b6500000|
| 220|0x00000000b6600000, 0x00000000b6600000, 0x00000000b6700000|  0%| F|  |TS  9|AC  0|TAMS 0x00000000b6600000, 0x00000000b6600000|
| 221|0x00000000b6700000, 0x00000000b6700000, 0x00000000b6800000|  0%| F|  |TS  9|AC  0|TAMS 0x00000000b6700000, 0x00000000b6700000|
| 222|0x00000000b6800000, 0x00000000b6800000, 0x00000000b6900000|  0%| F|  |TS  9|AC  0|TAMS 0x00000000b6800000, 0x00000000b6800000|
| 223|0x00000000b6900000, 0x00000000b6900000, 0x00000000b6a00000|  0%| F|  |TS  9|AC  0|TAMS 0x00000000b6900000, 0x00000000b6900000|
| 224|0x00000000b6a00000, 0x00000000b6a00000, 0x00000000b6b00000|  0%| F|  |TS  9|AC  0|TAMS 0x00000000b6a00000, 0x00000000b6a00000|
| 225|0x00000000b6b00000, 0x00000000b6b00000, 0x00000000b6c00000|  0%| F|  |TS  9|AC  0|TAMS 0x00000000b6b00000, 0x00000000b6b00000|
| 226|0x00000000b6c00000, 0x00000000b6c00000, 0x00000000b6d00000|  0%| F|  |TS  9|AC  0|TAMS 0x00000000b6c00000, 0x00000000b6c00000|
| 227|0x00000000b6d00000, 0x00000000b6d00000, 0x00000000b6e00000|  0%| F|  |TS  9|AC  0|TAMS 0x00000000b6d00000, 0x00000000b6d00000|
| 228|0x00000000b6e00000, 0x00000000b6e00000, 0x00000000b6f00000|  0%| F|  |TS  9|AC  0|TAMS 0x00000000b6e00000, 0x00000000b6e00000|
| 229|0x00000000b6f00000, 0x00000000b6f00000, 0x00000000b7000000|  0%| F|  |TS  9|AC  0|TAMS 0x00000000b6f00000, 0x00000000b6f00000|
| 230|0x00000000b7000000, 0x00000000b7000000, 0x00000000b7100000|  0%| F|  |TS  9|AC  0|TAMS 0x00000000b7000000, 0x00000000b7000000|
| 231|0x00000000b7100000, 0x00000000b7100000, 0x00000000b7200000|  0%| F|  |TS  9|AC  0|TAMS 0x00000000b7100000, 0x00000000b7100000|
| 232|0x00000000b7200000, 0x00000000b7200000, 0x00000000b7300000|  0%| F|  |TS  9|AC  0|TAMS 0x00000000b7200000, 0x00000000b7200000|
| 233|0x00000000b7300000, 0x00000000b7300000, 0x00000000b7400000|  0%| F|  |TS  9|AC  0|TAMS 0x00000000b7300000, 0x00000000b7300000|
| 234|0x00000000b7400000, 0x00000000b7400000, 0x00000000b7500000|  0%| F|  |TS  9|AC  0|TAMS 0x00000000b7400000, 0x00000000b7400000|
| 235|0x00000000b7500000, 0x00000000b7500000, 0x00000000b7600000|  0%| F|  |TS  9|AC  0|TAMS 0x00000000b7500000, 0x00000000b7500000|
| 236|0x00000000b7600000, 0x00000000b7600000, 0x00000000b7700000|  0%| F|  |TS  9|AC  0|TAMS 0x00000000b7600000, 0x00000000b7600000|
| 237|0x00000000b7700000, 0x00000000b7700000, 0x00000000b7800000|  0%| F|  |TS  9|AC  0|TAMS 0x00000000b7700000, 0x00000000b7700000|
| 238|0x00000000b7800000, 0x00000000b7800000, 0x00000000b7900000|  0%| F|  |TS  9|AC  0|TAMS 0x00000000b7800000, 0x00000000b7800000|
| 239|0x00000000b7900000, 0x00000000b7900000, 0x00000000b7a00000|  0%| F|  |TS  9|AC  0|TAMS 0x00000000b7900000, 0x00000000b7900000|
| 240|0x00000000b7a00000, 0x00000000b7a00000, 0x00000000b7b00000|  0%| F|  |TS  9|AC  0|TAMS 0x00000000b7a00000, 0x00000000b7a00000|
| 241|0x00000000b7b00000, 0x00000000b7b00000, 0x00000000b7c00000|  0%| F|  |TS  9|AC  0|TAMS 0x00000000b7b00000, 0x00000000b7b00000|
| 242|0x00000000b7c00000, 0x00000000b7c00000, 0x00000000b7d00000|  0%| F|  |TS  9|AC  0|TAMS 0x00000000b7c00000, 0x00000000b7c00000|
| 243|0x00000000b7d00000, 0x00000000b7d00000, 0x00000000b7e00000|  0%| F|  |TS  9|AC  0|TAMS 0x00000000b7d00000, 0x00000000b7d00000|
| 244|0x00000000b7e00000, 0x00000000b7e00000, 0x00000000b7f00000|  0%| F|  |TS  9|AC  0|TAMS 0x00000000b7e00000, 0x00000000b7e00000|
| 245|0x00000000b7f00000, 0x00000000b7f00000, 0x00000000b8000000|  0%| F|  |TS  9|AC  0|TAMS 0x00000000b7f00000, 0x00000000b7f00000|
| 246|0x00000000b8000000, 0x00000000b8000000, 0x00000000b8100000|  0%| F|  |TS  9|AC  0|TAMS 0x00000000b8000000, 0x00000000b8000000|
| 247|0x00000000b8100000, 0x00000000b8100000, 0x00000000b8200000|  0%| F|  |TS  9|AC  0|TAMS 0x00000000b8100000, 0x00000000b8100000|
| 248|0x00000000b8200000, 0x00000000b8200000, 0x00000000b8300000|  0%| F|  |TS  9|AC  0|TAMS 0x00000000b8200000, 0x00000000b8200000|
| 249|0x00000000b8300000, 0x00000000b8300000, 0x00000000b8400000|  0%| F|  |TS  9|AC  0|TAMS 0x00000000b8300000, 0x00000000b8300000|
| 250|0x00000000b8400000, 0x00000000b8400000, 0x00000000b8500000|  0%| F|  |TS  9|AC  0|TAMS 0x00000000b8400000, 0x00000000b8400000|
| 251|0x00000000b8500000, 0x00000000b8500000, 0x00000000b8600000|  0%| F|  |TS  9|AC  0|TAMS 0x00000000b8500000, 0x00000000b8500000|
| 252|0x00000000b8600000, 0x00000000b8600000, 0x00000000b8700000|  0%| F|  |TS  9|AC  0|TAMS 0x00000000b8600000, 0x00000000b8600000|
| 253|0x00000000b8700000, 0x00000000b8700000, 0x00000000b8800000|  0%| F|  |TS  9|AC  0|TAMS 0x00000000b8700000, 0x00000000b8700000|
| 254|0x00000000b8800000, 0x00000000b8800000, 0x00000000b8900000|  0%| F|  |TS  9|AC  0|TAMS 0x00000000b8800000, 0x00000000b8800000|
| 255|0x00000000b8900000, 0x00000000b8900000, 0x00000000b8a00000|  0%| F|  |TS  9|AC  0|TAMS 0x00000000b8900000, 0x00000000b8900000|
| 256|0x00000000b8a00000, 0x00000000b8a00000, 0x00000000b8b00000|  0%| F|  |TS  9|AC  0|TAMS 0x00000000b8a00000, 0x00000000b8a00000|
| 257|0x00000000b8b00000, 0x00000000b8b00000, 0x00000000b8c00000|  0%| F|  |TS  9|AC  0|TAMS 0x00000000b8b00000, 0x00000000b8b00000|
| 258|0x00000000b8c00000, 0x00000000b8c00000, 0x00000000b8d00000|  0%| F|  |TS  9|AC  0|TAMS 0x00000000b8c00000, 0x00000000b8c00000|
| 259|0x00000000b8d00000, 0x00000000b8d00000, 0x00000000b8e00000|  0%| F|  |TS  9|AC  0|TAMS 0x00000000b8d00000, 0x00000000b8d00000|
| 260|0x00000000b8e00000, 0x00000000b8e00000, 0x00000000b8f00000|  0%| F|  |TS  9|AC  0|TAMS 0x00000000b8e00000, 0x00000000b8e00000|
| 261|0x00000000b8f00000, 0x00000000b8f00000, 0x00000000b9000000|  0%| F|  |TS  9|AC  0|TAMS 0x00000000b8f00000, 0x00000000b8f00000|
| 262|0x00000000b9000000, 0x00000000b9000000, 0x00000000b9100000|  0%| F|  |TS  9|AC  0|TAMS 0x00000000b9000000, 0x00000000b9000000|
| 263|0x00000000b9100000, 0x00000000b9100000, 0x00000000b9200000|  0%| F|  |TS  9|AC  0|TAMS 0x00000000b9100000, 0x00000000b9100000|
| 264|0x00000000b9200000, 0x00000000b9200000, 0x00000000b9300000|  0%| F|  |TS  9|AC  0|TAMS 0x00000000b9200000, 0x00000000b9200000|
| 265|0x00000000b9300000, 0x00000000b9300000, 0x00000000b9400000|  0%| F|  |TS  9|AC  0|TAMS 0x00000000b9300000, 0x00000000b9300000|
| 266|0x00000000b9400000, 0x00000000b9400000, 0x00000000b9500000|  0%| F|  |TS  9|AC  0|TAMS 0x00000000b9400000, 0x00000000b9400000|
| 267|0x00000000b9500000, 0x00000000b9500000, 0x00000000b9600000|  0%| F|  |TS  9|AC  0|TAMS 0x00000000b9500000, 0x00000000b9500000|
| 268|0x00000000b9600000, 0x00000000b9600000, 0x00000000b9700000|  0%| F|  |TS  9|AC  0|TAMS 0x00000000b9600000, 0x00000000b9600000|
| 269|0x00000000b9700000, 0x00000000b9700000, 0x00000000b9800000|  0%| F|  |TS  9|AC  0|TAMS 0x00000000b9700000, 0x00000000b9700000|
| 270|0x00000000b9800000, 0x00000000b9800000, 0x00000000b9900000|  0%| F|  |TS  9|AC  0|TAMS 0x00000000b9800000, 0x00000000b9800000|
| 271|0x00000000b9900000, 0x00000000b9900000, 0x00000000b9a00000|  0%| F|  |TS  9|AC  0|TAMS 0x00000000b9900000, 0x00000000b9900000|
| 272|0x00000000b9a00000, 0x00000000b9a00000, 0x00000000b9b00000|  0%| F|  |TS  9|AC  0|TAMS 0x00000000b9a00000, 0x00000000b9a00000|
| 273|0x00000000b9b00000, 0x00000000b9b00000, 0x00000000b9c00000|  0%| F|  |TS  9|AC  0|TAMS 0x00000000b9b00000, 0x00000000b9b00000|
| 274|0x00000000b9c00000, 0x00000000b9c00000, 0x00000000b9d00000|  0%| F|  |TS  9|AC  0|TAMS 0x00000000b9c00000, 0x00000000b9c00000|
| 275|0x00000000b9d00000, 0x00000000b9d00000, 0x00000000b9e00000|  0%| F|  |TS  9|AC  0|TAMS 0x00000000b9d00000, 0x00000000b9d00000|
| 276|0x00000000b9e00000, 0x00000000b9e00000, 0x00000000b9f00000|  0%| F|  |TS  9|AC  0|TAMS 0x00000000b9e00000, 0x00000000b9e00000|
| 277|0x00000000b9f00000, 0x00000000b9f00000, 0x00000000ba000000|  0%| F|  |TS  9|AC  0|TAMS 0x00000000b9f00000, 0x00000000b9f00000|
| 278|0x00000000ba000000, 0x00000000ba000000, 0x00000000ba100000|  0%| F|  |TS  9|AC  0|TAMS 0x00000000ba000000, 0x00000000ba000000|
| 279|0x00000000ba100000, 0x00000000ba100000, 0x00000000ba200000|  0%| F|  |TS  9|AC  0|TAMS 0x00000000ba100000, 0x00000000ba100000|
| 280|0x00000000ba200000, 0x00000000ba200000, 0x00000000ba300000|  0%| F|  |TS  9|AC  0|TAMS 0x00000000ba200000, 0x00000000ba200000|
| 281|0x00000000ba300000, 0x00000000ba300000, 0x00000000ba400000|  0%| F|  |TS  9|AC  0|TAMS 0x00000000ba300000, 0x00000000ba300000|
| 282|0x00000000ba400000, 0x00000000ba400000, 0x00000000ba500000|  0%| F|  |TS  9|AC  0|TAMS 0x00000000ba400000, 0x00000000ba400000|
| 283|0x00000000ba500000, 0x00000000ba500000, 0x00000000ba600000|  0%| F|  |TS  9|AC  0|TAMS 0x00000000ba500000, 0x00000000ba500000|
| 284|0x00000000ba600000, 0x00000000ba600000, 0x00000000ba700000|  0%| F|  |TS  9|AC  0|TAMS 0x00000000ba600000, 0x00000000ba600000|
| 285|0x00000000ba700000, 0x00000000ba700000, 0x00000000ba800000|  0%| F|  |TS  9|AC  0|TAMS 0x00000000ba700000, 0x00000000ba700000|
| 286|0x00000000ba800000, 0x00000000ba800000, 0x00000000ba900000|  0%| F|  |TS  9|AC  0|TAMS 0x00000000ba800000, 0x00000000ba800000|
| 287|0x00000000ba900000, 0x00000000ba900000, 0x00000000baa00000|  0%| F|  |TS  9|AC  0|TAMS 0x00000000ba900000, 0x00000000ba900000|
| 288|0x00000000baa00000, 0x00000000baa00000, 0x00000000bab00000|  0%| F|  |TS  9|AC  0|TAMS 0x00000000baa00000, 0x00000000baa00000|
| 289|0x00000000bab00000, 0x00000000bab00000, 0x00000000bac00000|  0%| F|  |TS  9|AC  0|TAMS 0x00000000bab00000, 0x00000000bab00000|

Card table byte_map: [0x00007f8de150a000,0x00007f8de17c5000] byte_map_base: 0x00007f8de0fc5000

Marking Bits (Prev, Next): (CMBitMap*) 0x00007f8dfc081578, (CMBitMap*) 0x00007f8dfc081540
 Prev Bits: [0x00007f8dc1450000, 0x00007f8dc2a28000)
 Next Bits: [0x00007f8dc2a28000, 0x00007f8dc4000000)

Polling page: 0x00007f8e02e66000

CodeHeap 'non-profiled nmethods': size=120032Kb used=2310Kb max_used=2310Kb free=117721Kb
 bounds [0x00007f8dea560000, 0x00007f8dea7d0000, 0x00007f8df1a98000]
CodeHeap 'profiled nmethods': size=120028Kb used=7038Kb max_used=7038Kb free=112989Kb
 bounds [0x00007f8de3029000, 0x00007f8de3709000, 0x00007f8dea560000]
CodeHeap 'non-nmethods': size=5700Kb used=1071Kb max_used=1117Kb free=4628Kb
 bounds [0x00007f8de2a98000, 0x00007f8de2d08000, 0x00007f8de3029000]
 total_blobs=3687 nmethods=2628 adapters=297
 compilation: enabled

Compilation events (10 events):
Event: 7.647 Thread 0x00007f8dfc18a800 2714       2       com.google.javascript.jscomp.parsing.parser.Parser::parseSwitchStatement (70 bytes)
Event: 7.651 Thread 0x00007f8dfc18a800 nmethod 2714 0x00007f8de3702290 code [0x00007f8de3702780, 0x00007f8de3704168]
Event: 7.651 Thread 0x00007f8dfc18a800 2715       2       com.google.javascript.jscomp.parsing.parser.trees.SwitchStatementTree::<init> (19 bytes)
Event: 7.651 Thread 0x00007f8dfc18a800 nmethod 2715 0x00007f8de3705390 code [0x00007f8de3705560, 0x00007f8de3705830]
Event: 7.704 Thread 0x00007f8dfc18a800 2717       2       com.google.javascript.jscomp.parsing.parser.Parser::parseTryStatement (91 bytes)
Event: 7.707 Thread 0x00007f8dfc18a800 nmethod 2717 0x00007f8de3705910 code [0x00007f8de3705cc0, 0x00007f8de37070f8]
Event: 7.707 Thread 0x00007f8dfc18a800 2718       2       com.google.javascript.jscomp.parsing.parser.trees.TryStatementTree::<init> (25 bytes)
Event: 7.707 Thread 0x00007f8dfc18a800 nmethod 2718 0x00007f8de3707d90 code [0x00007f8de3707f60, 0x00007f8de3708290]
Event: 7.707 Thread 0x00007f8dfc18a800 2719       2       com.google.javascript.jscomp.parsing.parser.trees.CatchTree::<init> (19 bytes)
Event: 7.707 Thread 0x00007f8dfc18a800 nmethod 2719 0x00007f8de3708310 code [0x00007f8de37084e0, 0x00007f8de37087b0]

GC Heap History (10 events):
Event: 5.655 GC heap after
{Heap after GC invocations=14 (full 0):
 garbage-first heap   total 148480K, used 69588K [0x00000000a8a00000, 0x0000000100000000)
  region size 1024K, 5 young (5120K), 5 survivors (5120K)
 Metaspace       used 16496K, capacity 16665K, committed 17024K, reserved 1064960K
  class space    used 1488K, capacity 1554K, committed 1664K, reserved 1048576K
}
Event: 5.807 GC heap before
{Heap before GC invocations=14 (full 0):
 garbage-first heap   total 148480K, used 105428K [0x00000000a8a00000, 0x0000000100000000)
  region size 1024K, 38 young (38912K), 5 survivors (5120K)
 Metaspace       used 16496K, capacity 16665K, committed 17024K, reserved 1064960K
  class space    used 1488K, capacity 1554K, committed 1664K, reserved 1048576K
}
Event: 5.831 GC heap after
{Heap after GC invocations=15 (full 0):
 garbage-first heap   total 296960K, used 75573K [0x00000000a8a00000, 0x0000000100000000)
  region size 1024K, 5 young (5120K), 5 survivors (5120K)
 Metaspace       used 16496K, capacity 16665K, committed 17024K, reserved 1064960K
  class space    used 1488K, capacity 1554K, committed 1664K, reserved 1048576K
}
Event: 6.321 GC heap before
{Heap before GC invocations=15 (full 0):
 garbage-first heap   total 296960K, used 155445K [0x00000000a8a00000, 0x0000000100000000)
  region size 1024K, 83 young (84992K), 5 survivors (5120K)
 Metaspace       used 16504K, capacity 16665K, committed 17024K, reserved 1064960K
  class space    used 1488K, capacity 1554K, committed 1664K, reserved 1048576K
}
Event: 6.350 GC heap after
{Heap after GC invocations=16 (full 0):
 garbage-first heap   total 296960K, used 83437K [0x00000000a8a00000, 0x0000000100000000)
  region size 1024K, 11 young (11264K), 11 survivors (11264K)
 Metaspace       used 16504K, capacity 16665K, committed 17024K, reserved 1064960K
  class space    used 1488K, capacity 1554K, committed 1664K, reserved 1048576K
}
Event: 6.987 GC heap before
{Heap before GC invocations=16 (full 0):
 garbage-first heap   total 296960K, used 175597K [0x00000000a8a00000, 0x0000000100000000)
  region size 1024K, 100 young (102400K), 11 survivors (11264K)
 Metaspace       used 16556K, capacity 16729K, committed 17024K, reserved 1064960K
  class space    used 1488K, capacity 1554K, committed 1664K, reserved 1048576K
}
Event: 7.064 GC heap after
{Heap after GC invocations=17 (full 0):
 garbage-first heap   total 296960K, used 113645K [0x00000000a8a00000, 0x0000000100000000)
  region size 1024K, 13 young (13312K), 13 survivors (13312K)
 Metaspace       used 16556K, capacity 16729K, committed 17024K, reserved 1064960K
  class space    used 1488K, capacity 1554K, committed 1664K, reserved 1048576K
}
Event: 7.548 GC heap before
{Heap before GC invocations=17 (full 0):
 garbage-first heap   total 296960K, used 204781K [0x00000000a8a00000, 0x0000000100000000)
  region size 1024K, 94 young (96256K), 13 survivors (13312K)
 Metaspace       used 16561K, capacity 16729K, committed 17024K, reserved 1064960K
  class space    used 1488K, capacity 1554K, committed 1664K, reserved 1048576K
}
Event: 7.597 GC heap after
{Heap after GC invocations=18 (full 0):
 garbage-first heap   total 296960K, used 131058K [0x00000000a8a00000, 0x0000000100000000)
  region size 1024K, 12 young (12288K), 12 survivors (12288K)
 Metaspace       used 16561K, capacity 16729K, committed 17024K, reserved 1064960K
  class space    used 1488K, capacity 1554K, committed 1664K, reserved 1048576K
}
Event: 7.802 GC heap before
{Heap before GC invocations=18 (full 0):
 garbage-first heap   total 296960K, used 206834K [0x00000000a8a00000, 0x0000000100000000)
  region size 1024K, 86 young (88064K), 12 survivors (12288K)
 Metaspace       used 16564K, capacity 16793K, committed 17280K, reserved 1064960K
  class space    used 1488K, capacity 1554K, committed 1664K, reserved 1048576K
}

Deoptimization events (10 events):
Event: 3.569 Thread 0x00007f8dfc510800 Uncommon trap: reason=unstable_if action=reinterpret pc=0x00007f8dea6600e8 method=com.google.javascript.jscomp.parsing.IRFactory$TransformDispatcher.processBlock(Lcom/google/javascript/jscomp/parsing/parser/trees/BlockTree;)Lcom/google/javascript/rhino/No
Event: 3.590 Thread 0x00007f8dfc510800 Uncommon trap: reason=unstable_if action=reinterpret pc=0x00007f8dea610558 method=com.google.javascript.jscomp.parsing.parser.LineNumberTable.computeLineStartOffsets(Ljava/lang/String;)[I @ 53 c2
Event: 3.590 Thread 0x00007f8dfc510800 Uncommon trap: reason=unstable_if action=reinterpret pc=0x00007f8dea6035a8 method=com.google.javascript.jscomp.parsing.parser.LineNumberTable.computeLineStartOffsets(Ljava/lang/String;)[I @ 53 c2
Event: 3.696 Thread 0x00007f8dfc510800 Uncommon trap: reason=unstable_if action=reinterpret pc=0x00007f8dea658b4c method=com.google.javascript.jscomp.parsing.JsDocInfoParser.parseHelperLoop(Lcom/google/javascript/jscomp/parsing/JsDocToken;Ljava/util/List;)Z @ 189 c2
Event: 3.725 Thread 0x00007f8dfc510800 Uncommon trap: reason=unstable_if action=reinterpret pc=0x00007f8dea66d65c method=com.google.javascript.jscomp.parsing.IRFactory.validateBreakContinue(Lcom/google/javascript/rhino/Node;)V @ 167 c2
Event: 3.733 Thread 0x00007f8dfc510800 Uncommon trap: reason=unstable_if action=reinterpret pc=0x00007f8dea6728b4 method=com.google.javascript.jscomp.parsing.parser.Scanner.scanIdentifierOrKeyword(IC)Lcom/google/javascript/jscomp/parsing/parser/Token; @ 63 c2
Event: 3.924 Thread 0x00007f8dfc510800 Uncommon trap: reason=unstable_if action=reinterpret pc=0x00007f8dea67d900 method=com.google.javascript.jscomp.parsing.parser.Scanner.skipMultiLineComment()V @ 114 c2
Event: 4.630 Thread 0x00007f8dfc510800 Uncommon trap: reason=unstable_if action=reinterpret pc=0x00007f8dea5da930 method=java.lang.AbstractStringBuilder.isLatin1()Z @ 10 c2
Event: 4.674 Thread 0x00007f8dfc510800 Uncommon trap: reason=unstable_if action=reinterpret pc=0x00007f8dea6a961c method=com.google.javascript.jscomp.parsing.parser.Scanner.scanToken()Lcom/google/javascript/jscomp/parsing/parser/Token; @ 1131 c2
Event: 5.409 Thread 0x00007f8dfc510800 Uncommon trap: reason=unstable_if action=reinterpret pc=0x00007f8dea6b62c0 method=com.google.javascript.rhino.Node.isCatch()Z @ 7 c2

Classes redefined (0 events):
No events

Internal exceptions (10 events):
Event: 1.943 Thread 0x00007f8dfc012000 Exception <a 'java/lang/NoSuchMethodError'{0x00000000adeb5dc0}: java.lang.Object.lambda$comparingInt$7b0bb60$1(Ljava/util/function/ToIntFunction;Ljava/lang/Object;Ljava/lang/Object;)I> (0x00000000adeb5dc0) thrown at [/build/openjdk-lts-Ae5PRQ/openjdk-lts-
Event: 1.943 Thread 0x00007f8dfc012000 Exception <a 'java/lang/NoSuchMethodError'{0x00000000adeb7198}: java.lang.invoke.DirectMethodHandle$Holder.invokeSpecial(Ljava/lang/Object;Ljava/lang/Object;Ljava/lang/Object;Ljava/lang/Object;Ljava/lang/Object;Ljava/lang/Object;Ljava/lang/Object;Ljava/la
Event: 1.943 Thread 0x00007f8dfc012000 Exception <a 'java/lang/NoSuchMethodError'{0x00000000adebb898}: java.lang.invoke.Invokers$Holder.invoke_MT(Ljava/lang/Object;Ljava/lang/Object;Ljava/lang/Object;Ljava/lang/Object;Ljava/lang/Object;Ljava/lang/Object;Ljava/lang/Object;Ljava/lang/Object;Ljav
Event: 1.947 Thread 0x00007f8dfc012000 Exception <a 'java/lang/NoSuchMethodError'{0x00000000adec7990}: java.lang.invoke.DirectMethodHandle$Holder.invokeSpecial(Ljava/lang/Object;Ljava/lang/Object;Ljava/lang/Object;)I> (0x00000000adec7990) thrown at [/build/openjdk-lts-Ae5PRQ/openjdk-lts-10.0.2
Event: 1.951 Thread 0x00007f8dfc012000 Exception <a 'java/lang/NoSuchMethodError'{0x00000000adecd578}: method resolution failed> (0x00000000adecd578) thrown at [/build/openjdk-lts-Ae5PRQ/openjdk-lts-10.0.2+13/src/hotspot/share/prims/methodHandles.cpp, line 1226]
Event: 1.952 Thread 0x00007f8dfc012000 Exception <a 'java/lang/NoSuchMethodError'{0x00000000aded0910}: java.lang.Object.lambda$thenComparing$36697e65$1(Ljava/util/Comparator;Ljava/lang/Object;Ljava/lang/Object;)I> (0x00000000aded0910) thrown at [/build/openjdk-lts-Ae5PRQ/openjdk-lts-10.0.2+13/
Event: 2.094 Thread 0x00007f8dfc012000 Exception <a 'java/lang/NoSuchMethodError'{0x00000000ada6afd0}: java.lang.invoke.DirectMethodHandle$Holder.invokeStaticInit(Ljava/lang/Object;Ljava/lang/Object;)I> (0x00000000ada6afd0) thrown at [/build/openjdk-lts-Ae5PRQ/openjdk-lts-10.0.2+13/src/hotspot
Event: 2.250 Thread 0x00007f8dfc510800 Implicit null exception at 0x00007f8dea599f5a to 0x00007f8dea59a052
Event: 2.920 Thread 0x00007f8dfc510800 Implicit null exception at 0x00007f8dea5a24b7 to 0x00007f8dea5a2932
Event: 2.920 Thread 0x00007f8dfc510800 Implicit null exception at 0x00007f8dea5a31b1 to 0x00007f8dea5a3372

Events (10 events):
Event: 6.350 Executing VM operation: G1IncCollectionPause done
Event: 6.377 Thread 0x00007f8dfc510800 DEOPT PACKING pc=0x00007f8de3472cfa sp=0x00007f8d57ffdfa0
Event: 6.377 Thread 0x00007f8dfc510800 DEOPT UNPACKING pc=0x00007f8de2abfdba sp=0x00007f8d57ffd490 mode 0
Event: 6.563 Thread 0x00007f8dfc510800 DEOPT PACKING pc=0x00007f8de36c0ea2 sp=0x00007f8d57ffa570
Event: 6.563 Thread 0x00007f8dfc510800 DEOPT UNPACKING pc=0x00007f8de2abfdba sp=0x00007f8d57ff9a30 mode 0
Event: 6.983 Executing VM operation: G1IncCollectionPause
Event: 7.064 Executing VM operation: G1IncCollectionPause done
Event: 7.548 Executing VM operation: G1IncCollectionPause
Event: 7.597 Executing VM operation: G1IncCollectionPause done
Event: 7.802 Executing VM operation: G1IncCollectionPause


Dynamic libraries:
a8a00000-bac00000 rw-p 00000000 00:00 0 
ca400000-100000000 ---p 00000000 00:00 0 
100000000-1001a0000 rw-p 00000000 00:00 0 
1001a0000-140000000 ---p 00000000 00:00 0 
55f7f9fb2000-55f7f9fb3000 r-xp 00000000 08:01 921458                     /usr/lib/jvm/java-11-openjdk-amd64/bin/java
55f7fa1b3000-55f7fa1b4000 r--p 00001000 08:01 921458                     /usr/lib/jvm/java-11-openjdk-amd64/bin/java
55f7fa1b4000-55f7fa1b5000 rw-p 00002000 08:01 921458                     /usr/lib/jvm/java-11-openjdk-amd64/bin/java
55f7faeb0000-55f7faed1000 rw-p 00000000 00:00 0                          [heap]
7f8d4c000000-7f8d4c1ca000 rw-p 00000000 00:00 0 
7f8d4c1ca000-7f8d50000000 ---p 00000000 00:00 0 
7f8d53fff000-7f8d54003000 ---p 00000000 00:00 0 
7f8d54003000-7f8d58000000 rw-p 00000000 00:00 0 
7f8d58000000-7f8d58021000 rw-p 00000000 00:00 0 
7f8d58021000-7f8d5c000000 ---p 00000000 00:00 0 
7f8d5c000000-7f8d5c021000 rw-p 00000000 00:00 0 
7f8d5c021000-7f8d60000000 ---p 00000000 00:00 0 
7f8d60000000-7f8d60021000 rw-p 00000000 00:00 0 
7f8d60021000-7f8d64000000 ---p 00000000 00:00 0 
7f8d64000000-7f8d64021000 rw-p 00000000 00:00 0 
7f8d64021000-7f8d68000000 ---p 00000000 00:00 0 
7f8d68000000-7f8d6922c000 rw-p 00000000 00:00 0 
7f8d6922c000-7f8d6c000000 ---p 00000000 00:00 0 
7f8d6c000000-7f8d6cd85000 rw-p 00000000 00:00 0 
7f8d6cd85000-7f8d70000000 ---p 00000000 00:00 0 
7f8d70000000-7f8d7168d000 rw-p 00000000 00:00 0 
7f8d7168d000-7f8d74000000 ---p 00000000 00:00 0 
7f8d74000000-7f8d7615b000 rw-p 00000000 00:00 0 
7f8d7615b000-7f8d78000000 ---p 00000000 00:00 0 
7f8d78000000-7f8d78021000 rw-p 00000000 00:00 0 
7f8d78021000-7f8d7c000000 ---p 00000000 00:00 0 
7f8d7c000000-7f8d7c021000 rw-p 00000000 00:00 0 
7f8d7c021000-7f8d80000000 ---p 00000000 00:00 0 
7f8d80000000-7f8d800b1000 rw-p 00000000 00:00 0 
7f8d800b1000-7f8d84000000 ---p 00000000 00:00 0 
7f8d84000000-7f8d84021000 rw-p 00000000 00:00 0 
7f8d84021000-7f8d88000000 ---p 00000000 00:00 0 
7f8d88000000-7f8d88021000 rw-p 00000000 00:00 0 
7f8d88021000-7f8d8c000000 ---p 00000000 00:00 0 
7f8d8c000000-7f8d8c021000 rw-p 00000000 00:00 0 
7f8d8c021000-7f8d90000000 ---p 00000000 00:00 0 
7f8d90000000-7f8d90021000 rw-p 00000000 00:00 0 
7f8d90021000-7f8d94000000 ---p 00000000 00:00 0 
7f8d94000000-7f8d94021000 rw-p 00000000 00:00 0 
7f8d94021000-7f8d98000000 ---p 00000000 00:00 0 
7f8d98000000-7f8d98021000 rw-p 00000000 00:00 0 
7f8d98021000-7f8d9c000000 ---p 00000000 00:00 0 
7f8d9c000000-7f8d9c021000 rw-p 00000000 00:00 0 
7f8d9c021000-7f8da0000000 ---p 00000000 00:00 0 
7f8da0000000-7f8da0021000 rw-p 00000000 00:00 0 
7f8da0021000-7f8da4000000 ---p 00000000 00:00 0 
7f8da4000000-7f8da4021000 rw-p 00000000 00:00 0 
7f8da4021000-7f8da8000000 ---p 00000000 00:00 0 
7f8da8000000-7f8da802b000 rw-p 00000000 00:00 0 
7f8da802b000-7f8dac000000 ---p 00000000 00:00 0 
7f8dac703000-7f8dac843000 rw-p 00000000 00:00 0 
7f8dac843000-7f8dac903000 ---p 00000000 00:00 0 
7f8dac903000-7f8dacb03000 rw-p 00000000 00:00 0 
7f8dacb03000-7f8dacd03000 rw-p 00000000 00:00 0 
7f8dacd03000-7f8dacf03000 rw-p 00000000 00:00 0 
7f8dacf03000-7f8dacf1a000 r-xp 00000000 08:01 953209                     /usr/lib/jvm/java-11-openjdk-amd64/lib/libnet.so
7f8dacf1a000-7f8dad119000 ---p 00017000 08:01 953209                     /usr/lib/jvm/java-11-openjdk-amd64/lib/libnet.so
7f8dad119000-7f8dad11a000 r--p 00016000 08:01 953209                     /usr/lib/jvm/java-11-openjdk-amd64/lib/libnet.so
7f8dad11a000-7f8dad11b000 rw-p 00017000 08:01 953209                     /usr/lib/jvm/java-11-openjdk-amd64/lib/libnet.so
7f8dad11b000-7f8dad12c000 r-xp 00000000 08:01 953211                     /usr/lib/jvm/java-11-openjdk-amd64/lib/libnio.so
7f8dad12c000-7f8dad32b000 ---p 00011000 08:01 953211                     /usr/lib/jvm/java-11-openjdk-amd64/lib/libnio.so
7f8dad32b000-7f8dad32c000 r--p 00010000 08:01 953211                     /usr/lib/jvm/java-11-openjdk-amd64/lib/libnio.so
7f8dad32c000-7f8dad32d000 rw-p 00011000 08:01 953211                     /usr/lib/jvm/java-11-openjdk-amd64/lib/libnio.so
7f8dad32d000-7f8dad331000 ---p 00000000 00:00 0 
7f8dad331000-7f8dad42e000 rw-p 00000000 00:00 0 
7f8dad42e000-7f8dad42f000 ---p 00000000 00:00 0 
7f8dad42f000-7f8dad530000 rw-p 00000000 00:00 0 
7f8dad530000-7f8dad534000 ---p 00000000 00:00 0 
7f8dad534000-7f8dad631000 rw-p 00000000 00:00 0 
7f8dad631000-7f8dae000000 r--p 00000000 08:01 924394                     /usr/lib/locale/locale-archive
7f8dae000000-7f8db0000000 rw-p 00000000 00:00 0 
7f8db0000000-7f8db0021000 rw-p 00000000 00:00 0 
7f8db0021000-7f8db4000000 ---p 00000000 00:00 0 
7f8db4000000-7f8db4021000 rw-p 00000000 00:00 0 
7f8db4021000-7f8db8000000 ---p 00000000 00:00 0 
7f8db8000000-7f8db8021000 rw-p 00000000 00:00 0 
7f8db8021000-7f8dbc000000 ---p 00000000 00:00 0 
7f8dbc000000-7f8dbc026000 rw-p 00000000 00:00 0 
7f8dbc026000-7f8dc0000000 ---p 00000000 00:00 0 
7f8dc00cc000-7f8dc00d0000 ---p 00000000 00:00 0 
7f8dc00d0000-7f8dc01cd000 rw-p 00000000 00:00 0 
7f8dc01cd000-7f8dc01d1000 ---p 00000000 00:00 0 
7f8dc01d1000-7f8dc02ce000 rw-p 00000000 00:00 0 
7f8dc02ce000-7f8dc02d2000 ---p 00000000 00:00 0 
7f8dc02d2000-7f8dc03cf000 rw-p 00000000 00:00 0 
7f8dc03cf000-7f8dc03d3000 ---p 00000000 00:00 0 
7f8dc03d3000-7f8dc04d0000 rw-p 00000000 00:00 0 
7f8dc04d0000-7f8dc04d4000 ---p 00000000 00:00 0 
7f8dc04d4000-7f8dc05d1000 rw-p 00000000 00:00 0 
7f8dc05d1000-7f8dc05d5000 ---p 00000000 00:00 0 
7f8dc05d5000-7f8dc06d2000 rw-p 00000000 00:00 0 
7f8dc06d2000-7f8dc06d6000 ---p 00000000 00:00 0 
7f8dc06d6000-7f8dc07d3000 rw-p 00000000 00:00 0 
7f8dc07d3000-7f8dc07d7000 ---p 00000000 00:00 0 
7f8dc07d7000-7f8dc08d4000 rw-p 00000000 00:00 0 
7f8dc08d4000-7f8dc08d5000 ---p 00000000 00:00 0 
7f8dc08d5000-7f8dc124c000 rw-p 00000000 00:00 0 
7f8dc124c000-7f8dc124d000 ---p 00000000 00:00 0 
7f8dc124d000-7f8dc134e000 rw-p 00000000 00:00 0 
7f8dc134e000-7f8dc134f000 ---p 00000000 00:00 0 
7f8dc134f000-7f8dc18d8000 rw-p 00000000 00:00 0 
7f8dc18d8000-7f8dc2a28000 ---p 00000000 00:00 0 
7f8dc2a28000-7f8dc2eb0000 rw-p 00000000 00:00 0 
7f8dc2eb0000-7f8dc4000000 ---p 00000000 00:00 0 
7f8dc4000000-7f8dc4033000 rw-p 00000000 00:00 0 
7f8dc4033000-7f8dc8000000 ---p 00000000 00:00 0 
7f8dc8000000-7f8dc8021000 rw-p 00000000 00:00 0 
7f8dc8021000-7f8dcc000000 ---p 00000000 00:00 0 
7f8dcc000000-7f8dcc02e000 rw-p 00000000 00:00 0 
7f8dcc02e000-7f8dd0000000 ---p 00000000 00:00 0 
7f8dd0000000-7f8dd0021000 rw-p 00000000 00:00 0 
7f8dd0021000-7f8dd4000000 ---p 00000000 00:00 0 
7f8dd4000000-7f8dd402e000 rw-p 00000000 00:00 0 
7f8dd402e000-7f8dd8000000 ---p 00000000 00:00 0 
7f8dd8000000-7f8dd8021000 rw-p 00000000 00:00 0 
7f8dd8021000-7f8ddc000000 ---p 00000000 00:00 0 
7f8ddc000000-7f8ddc023000 rw-p 00000000 00:00 0 
7f8ddc023000-7f8de0000000 ---p 00000000 00:00 0 
7f8de0033000-7f8de0034000 ---p 00000000 00:00 0 
7f8de0034000-7f8de0135000 rw-p 00000000 00:00 0 
7f8de0135000-7f8de0136000 ---p 00000000 00:00 0 
7f8de0136000-7f8de0237000 rw-p 00000000 00:00 0 
7f8de0237000-7f8de0238000 ---p 00000000 00:00 0 
7f8de0238000-7f8de0339000 rw-p 00000000 00:00 0 
7f8de0339000-7f8de033a000 ---p 00000000 00:00 0 
7f8de033a000-7f8de043b000 rw-p 00000000 00:00 0 
7f8de043b000-7f8de043c000 ---p 00000000 00:00 0 
7f8de043c000-7f8de053d000 rw-p 00000000 00:00 0 
7f8de053d000-7f8de053e000 ---p 00000000 00:00 0 
7f8de053e000-7f8de063f000 rw-p 00000000 00:00 0 
7f8de063f000-7f8de0640000 ---p 00000000 00:00 0 
7f8de0640000-7f8de0f49000 rw-p 00000000 00:00 0 
7f8de0f49000-7f8de0f4a000 ---p 00000000 00:00 0 
7f8de0f4a000-7f8de104b000 rw-p 00000000 00:00 0 
7f8de104b000-7f8de104c000 ---p 00000000 00:00 0 
7f8de104c000-7f8de114d000 rw-p 00000000 00:00 0 
7f8de114d000-7f8de114e000 ---p 00000000 00:00 0 
7f8de114e000-7f8de12e0000 rw-p 00000000 00:00 0 
7f8de12e0000-7f8de150a000 ---p 00000000 00:00 0 
7f8de150a000-7f8de159b000 rw-p 00000000 00:00 0 
7f8de159b000-7f8de17c5000 ---p 00000000 00:00 0 
7f8de17c5000-7f8de1856000 rw-p 00000000 00:00 0 
7f8de1856000-7f8de1a80000 ---p 00000000 00:00 0 
7f8de1a80000-7f8de2288000 rw-p 00000000 00:00 0 
7f8de2288000-7f8de2289000 ---p 00000000 00:00 0 
7f8de2289000-7f8de238a000 rw-p 00000000 00:00 0 
7f8de238a000-7f8de238b000 ---p 00000000 00:00 0 
7f8de238b000-7f8de248c000 rw-p 00000000 00:00 0 
7f8de248c000-7f8de248d000 ---p 00000000 00:00 0 
7f8de248d000-7f8de258e000 rw-p 00000000 00:00 0 
7f8de258e000-7f8de258f000 ---p 00000000 00:00 0 
7f8de258f000-7f8de2690000 rw-p 00000000 00:00 0 
7f8de2690000-7f8de2691000 ---p 00000000 00:00 0 
7f8de2691000-7f8de2792000 rw-p 00000000 00:00 0 
7f8de2792000-7f8de2793000 ---p 00000000 00:00 0 
7f8de2793000-7f8de2894000 rw-p 00000000 00:00 0 
7f8de2894000-7f8de2895000 ---p 00000000 00:00 0 
7f8de2895000-7f8de2996000 rw-p 00000000 00:00 0 
7f8de2996000-7f8de2997000 ---p 00000000 00:00 0 
7f8de2997000-7f8de2a98000 rw-p 00000000 00:00 0 
7f8de2a98000-7f8de2d08000 rwxp 00000000 00:00 0 
7f8de2d08000-7f8de3029000 ---p 00000000 00:00 0 
7f8de3029000-7f8de3709000 rwxp 00000000 00:00 0 
7f8de3709000-7f8dea560000 ---p 00000000 00:00 0 
7f8dea560000-7f8dea7d0000 rwxp 00000000 00:00 0 
7f8dea7d0000-7f8df1a98000 ---p 00000000 00:00 0 
7f8df1a98000-7f8dfaf73000 r--s 00000000 08:01 953235                     /usr/lib/jvm/java-11-openjdk-amd64/lib/modules
7f8dfaf73000-7f8dfaf78000 r-xp 00000000 08:01 953185                     /usr/lib/jvm/java-11-openjdk-amd64/lib/libjimage.so
7f8dfaf78000-7f8dfb177000 ---p 00005000 08:01 953185                     /usr/lib/jvm/java-11-openjdk-amd64/lib/libjimage.so
7f8dfb177000-7f8dfb178000 r--p 00004000 08:01 953185                     /usr/lib/jvm/java-11-openjdk-amd64/lib/libjimage.so
7f8dfb178000-7f8dfb179000 rw-p 00005000 08:01 953185                     /usr/lib/jvm/java-11-openjdk-amd64/lib/libjimage.so
7f8dfb179000-7f8dfb180000 r-xp 00000000 08:01 953233                     /usr/lib/jvm/java-11-openjdk-amd64/lib/libzip.so
7f8dfb180000-7f8dfb37f000 ---p 00007000 08:01 953233                     /usr/lib/jvm/java-11-openjdk-amd64/lib/libzip.so
7f8dfb37f000-7f8dfb380000 r--p 00006000 08:01 953233                     /usr/lib/jvm/java-11-openjdk-amd64/lib/libzip.so
7f8dfb380000-7f8dfb381000 rw-p 00007000 08:01 953233                     /usr/lib/jvm/java-11-openjdk-amd64/lib/libzip.so
7f8dfb381000-7f8dfb38c000 r-xp 00000000 08:01 399298                     /lib/x86_64-linux-gnu/libnss_files-2.27.so
7f8dfb38c000-7f8dfb58b000 ---p 0000b000 08:01 399298                     /lib/x86_64-linux-gnu/libnss_files-2.27.so
7f8dfb58b000-7f8dfb58c000 r--p 0000a000 08:01 399298                     /lib/x86_64-linux-gnu/libnss_files-2.27.so
7f8dfb58c000-7f8dfb58d000 rw-p 0000b000 08:01 399298                     /lib/x86_64-linux-gnu/libnss_files-2.27.so
7f8dfb58d000-7f8dfb593000 rw-p 00000000 00:00 0 
7f8dfb593000-7f8dfb5aa000 r-xp 00000000 08:01 399292                     /lib/x86_64-linux-gnu/libnsl-2.27.so
7f8dfb5aa000-7f8dfb7a9000 ---p 00017000 08:01 399292                     /lib/x86_64-linux-gnu/libnsl-2.27.so
7f8dfb7a9000-7f8dfb7aa000 r--p 00016000 08:01 399292                     /lib/x86_64-linux-gnu/libnsl-2.27.so
7f8dfb7aa000-7f8dfb7ab000 rw-p 00017000 08:01 399292                     /lib/x86_64-linux-gnu/libnsl-2.27.so
7f8dfb7ab000-7f8dfb7ad000 rw-p 00000000 00:00 0 
7f8dfb7ad000-7f8dfb7b8000 r-xp 00000000 08:01 399309                     /lib/x86_64-linux-gnu/libnss_nis-2.27.so
7f8dfb7b8000-7f8dfb9b7000 ---p 0000b000 08:01 399309                     /lib/x86_64-linux-gnu/libnss_nis-2.27.so
7f8dfb9b7000-7f8dfb9b8000 r--p 0000a000 08:01 399309                     /lib/x86_64-linux-gnu/libnss_nis-2.27.so
7f8dfb9b8000-7f8dfb9b9000 rw-p 0000b000 08:01 399309                     /lib/x86_64-linux-gnu/libnss_nis-2.27.so
7f8dfb9b9000-7f8dfb9c1000 r-xp 00000000 08:01 399294                     /lib/x86_64-linux-gnu/libnss_compat-2.27.so
7f8dfb9c1000-7f8dfbbc1000 ---p 00008000 08:01 399294                     /lib/x86_64-linux-gnu/libnss_compat-2.27.so
7f8dfbbc1000-7f8dfbbc2000 r--p 00008000 08:01 399294                     /lib/x86_64-linux-gnu/libnss_compat-2.27.so
7f8dfbbc2000-7f8dfbbc3000 rw-p 00009000 08:01 399294                     /lib/x86_64-linux-gnu/libnss_compat-2.27.so
7f8dfbbc3000-7f8dfbbef000 r-xp 00000000 08:01 953176                     /usr/lib/jvm/java-11-openjdk-amd64/lib/libjava.so
7f8dfbbef000-7f8dfbdee000 ---p 0002c000 08:01 953176                     /usr/lib/jvm/java-11-openjdk-amd64/lib/libjava.so
7f8dfbdee000-7f8dfbdef000 r--p 0002b000 08:01 953176                     /usr/lib/jvm/java-11-openjdk-amd64/lib/libjava.so
7f8dfbdef000-7f8dfbdf1000 rw-p 0002c000 08:01 953176                     /usr/lib/jvm/java-11-openjdk-amd64/lib/libjava.so
7f8dfbdf1000-7f8dfbdfe000 r-xp 00000000 08:01 953230                     /usr/lib/jvm/java-11-openjdk-amd64/lib/libverify.so
7f8dfbdfe000-7f8dfbffd000 ---p 0000d000 08:01 953230                     /usr/lib/jvm/java-11-openjdk-amd64/lib/libverify.so
7f8dfbffd000-7f8dfbfff000 r--p 0000c000 08:01 953230                     /usr/lib/jvm/java-11-openjdk-amd64/lib/libverify.so
7f8dfbfff000-7f8dfc000000 rw-p 0000e000 08:01 953230                     /usr/lib/jvm/java-11-openjdk-amd64/lib/libverify.so
7f8dfc000000-7f8dfc516000 rw-p 00000000 00:00 0 
7f8dfc516000-7f8e00000000 ---p 00000000 00:00 0 
7f8e00003000-7f8e00008000 rw-p 00000000 00:00 0 
7f8e00008000-7f8e000ee000 ---p 00000000 00:00 0 
7f8e000ee000-7f8e000fc000 rw-p 00000000 00:00 0 
7f8e000fc000-7f8e001d9000 ---p 00000000 00:00 0 
7f8e001d9000-7f8e001e0000 r-xp 00000000 08:01 399349                     /lib/x86_64-linux-gnu/librt-2.27.so
7f8e001e0000-7f8e003df000 ---p 00007000 08:01 399349                     /lib/x86_64-linux-gnu/librt-2.27.so
7f8e003df000-7f8e003e0000 r--p 00006000 08:01 399349                     /lib/x86_64-linux-gnu/librt-2.27.so
7f8e003e0000-7f8e003e1000 rw-p 00007000 08:01 399349                     /lib/x86_64-linux-gnu/librt-2.27.so
7f8e003e1000-7f8e003f8000 r-xp 00000000 08:01 393301                     /lib/x86_64-linux-gnu/libgcc_s.so.1
7f8e003f8000-7f8e005f7000 ---p 00017000 08:01 393301                     /lib/x86_64-linux-gnu/libgcc_s.so.1
7f8e005f7000-7f8e005f8000 r--p 00016000 08:01 393301                     /lib/x86_64-linux-gnu/libgcc_s.so.1
7f8e005f8000-7f8e005f9000 rw-p 00017000 08:01 393301                     /lib/x86_64-linux-gnu/libgcc_s.so.1
7f8e005f9000-7f8e00796000 r-xp 00000000 08:01 399271                     /lib/x86_64-linux-gnu/libm-2.27.so
7f8e00796000-7f8e00995000 ---p 0019d000 08:01 399271                     /lib/x86_64-linux-gnu/libm-2.27.so
7f8e00995000-7f8e00996000 r--p 0019c000 08:01 399271                     /lib/x86_64-linux-gnu/libm-2.27.so
7f8e00996000-7f8e00997000 rw-p 0019d000 08:01 399271                     /lib/x86_64-linux-gnu/libm-2.27.so
7f8e00997000-7f8e00b10000 r-xp 00000000 08:01 920236                     /usr/lib/x86_64-linux-gnu/libstdc++.so.6.0.25
7f8e00b10000-7f8e00d10000 ---p 00179000 08:01 920236                     /usr/lib/x86_64-linux-gnu/libstdc++.so.6.0.25
7f8e00d10000-7f8e00d1a000 r--p 00179000 08:01 920236                     /usr/lib/x86_64-linux-gnu/libstdc++.so.6.0.25
7f8e00d1a000-7f8e00d1c000 rw-p 00183000 08:01 920236                     /usr/lib/x86_64-linux-gnu/libstdc++.so.6.0.25
7f8e00d1c000-7f8e00d20000 rw-p 00000000 00:00 0 
7f8e00d20000-7f8e01cbd000 r-xp 00000000 08:01 1055132                    /usr/lib/jvm/java-11-openjdk-amd64/lib/server/libjvm.so
7f8e01cbd000-7f8e01ebd000 ---p 00f9d000 08:01 1055132                    /usr/lib/jvm/java-11-openjdk-amd64/lib/server/libjvm.so
7f8e01ebd000-7f8e01f81000 r--p 00f9d000 08:01 1055132                    /usr/lib/jvm/java-11-openjdk-amd64/lib/server/libjvm.so
7f8e01f81000-7f8e01fb9000 rw-p 01061000 08:01 1055132                    /usr/lib/jvm/java-11-openjdk-amd64/lib/server/libjvm.so
7f8e01fb9000-7f8e02002000 rw-p 00000000 00:00 0 
7f8e02002000-7f8e0201c000 r-xp 00000000 08:01 399341                     /lib/x86_64-linux-gnu/libpthread-2.27.so
7f8e0201c000-7f8e0221b000 ---p 0001a000 08:01 399341                     /lib/x86_64-linux-gnu/libpthread-2.27.so
7f8e0221b000-7f8e0221c000 r--p 00019000 08:01 399341                     /lib/x86_64-linux-gnu/libpthread-2.27.so
7f8e0221c000-7f8e0221d000 rw-p 0001a000 08:01 399341                     /lib/x86_64-linux-gnu/libpthread-2.27.so
7f8e0221d000-7f8e02221000 rw-p 00000000 00:00 0 
7f8e02221000-7f8e02224000 r-xp 00000000 08:01 399231                     /lib/x86_64-linux-gnu/libdl-2.27.so
7f8e02224000-7f8e02423000 ---p 00003000 08:01 399231                     /lib/x86_64-linux-gnu/libdl-2.27.so
7f8e02423000-7f8e02424000 r--p 00002000 08:01 399231                     /lib/x86_64-linux-gnu/libdl-2.27.so
7f8e02424000-7f8e02425000 rw-p 00003000 08:01 399231                     /lib/x86_64-linux-gnu/libdl-2.27.so
7f8e02425000-7f8e02441000 r-xp 00000000 08:01 399380                     /lib/x86_64-linux-gnu/libz.so.1.2.11
7f8e02441000-7f8e02640000 ---p 0001c000 08:01 399380                     /lib/x86_64-linux-gnu/libz.so.1.2.11
7f8e02640000-7f8e02641000 r--p 0001b000 08:01 399380                     /lib/x86_64-linux-gnu/libz.so.1.2.11
7f8e02641000-7f8e02642000 rw-p 0001c000 08:01 399380                     /lib/x86_64-linux-gnu/libz.so.1.2.11
7f8e02642000-7f8e02829000 r-xp 00000000 08:01 399208                     /lib/x86_64-linux-gnu/libc-2.27.so
7f8e02829000-7f8e02a29000 ---p 001e7000 08:01 399208                     /lib/x86_64-linux-gnu/libc-2.27.so
7f8e02a29000-7f8e02a2d000 r--p 001e7000 08:01 399208                     /lib/x86_64-linux-gnu/libc-2.27.so
7f8e02a2d000-7f8e02a2f000 rw-p 001eb000 08:01 399208                     /lib/x86_64-linux-gnu/libc-2.27.so
7f8e02a2f000-7f8e02a33000 rw-p 00000000 00:00 0 
7f8e02a33000-7f8e02a42000 r-xp 00000000 08:01 948812                     /usr/lib/jvm/java-11-openjdk-amd64/lib/jli/libjli.so
7f8e02a42000-7f8e02c41000 ---p 0000f000 08:01 948812                     /usr/lib/jvm/java-11-openjdk-amd64/lib/jli/libjli.so
7f8e02c41000-7f8e02c42000 r--p 0000e000 08:01 948812                     /usr/lib/jvm/java-11-openjdk-amd64/lib/jli/libjli.so
7f8e02c42000-7f8e02c43000 rw-p 0000f000 08:01 948812                     /usr/lib/jvm/java-11-openjdk-amd64/lib/jli/libjli.so
7f8e02c43000-7f8e02c6a000 r-xp 00000000 08:01 399180                     /lib/x86_64-linux-gnu/ld-2.27.so
7f8e02c92000-7f8e02d4a000 rw-p 00000000 00:00 0 
7f8e02d4a000-7f8e02d51000 ---p 00000000 00:00 0 
7f8e02d51000-7f8e02d55000 ---p 00000000 00:00 0 
7f8e02d55000-7f8e02e54000 rw-p 00000000 00:00 0 
7f8e02e5d000-7f8e02e5e000 rw-p 00000000 00:00 0 
7f8e02e5e000-7f8e02e66000 rw-s 00000000 08:01 787327                     /tmp/hsperfdata_arslan/13017
7f8e02e66000-7f8e02e67000 ---p 00000000 00:00 0 
7f8e02e67000-7f8e02e68000 r--p 00000000 00:00 0 
7f8e02e68000-7f8e02e6a000 rw-p 00000000 00:00 0 
7f8e02e6a000-7f8e02e6b000 r--p 00027000 08:01 399180                     /lib/x86_64-linux-gnu/ld-2.27.so
7f8e02e6b000-7f8e02e6c000 rw-p 00028000 08:01 399180                     /lib/x86_64-linux-gnu/ld-2.27.so
7f8e02e6c000-7f8e02e6d000 rw-p 00000000 00:00 0 
7ffd6162b000-7ffd6164c000 rw-p 00000000 00:00 0                          [stack]
7ffd6179e000-7ffd617a1000 r--p 00000000 00:00 0                          [vvar]
7ffd617a1000-7ffd617a3000 r-xp 00000000 00:00 0                          [vdso]
ffffffffff600000-ffffffffff601000 r-xp 00000000 00:00 0                  [vsyscall]


VM Arguments:
java_command: third-party/closure-compiler.jar --generate_exports --compilation_level ADVANCED_OPTIMIZATIONS --dependency_mode=STRICT --externs externs/gviz-externs.js --externs externs/interpreter-externs.js --externs externs/prettify-externs.js --externs externs/soundJS-externs.js --externs externs/storage-externs.js --externs appengine/third-party/blockly/externs/svg-externs.js --language_out ECMASCRIPT5_STRICT --entry_point=Energysource --js='appengine/third-party/**.js' --js='!appengine/third-party/blockly/*.js' --js='!appengine/third-party/blockly/tests/**.js' --js='!appengine/third-party/blockly/externs/**.js' --js='!appengine/third-party/blockly/demos/**.js' --js='appengine/generated/en/*.js' --js='appengine/js/*.js' --warning_level QUIET --js='appengine/energysource/generated/en/*.js' --js='appengine/energysource/js/*.js'
java_class_path (initial): third-party/closure-compiler.jar
Launcher Type: SUN_STANDARD

Logging:
Log output configuration:
#0: stdout all=warning uptime,level,tags
#1: stderr all=off uptime,level,tags

Environment Variables:
PATH=/usr/local/sbin:/usr/local/bin:/usr/sbin:/usr/bin:/sbin:/bin:/usr/games:/usr/local/games:/snap/bin
USERNAME=arslan
SHELL=/bin/bash
DISPLAY=:0

Signal Handlers:
SIGSEGV: [libjvm.so+0xd28b70], sa_mask[0]=11111111011111111101111111111110, sa_flags=SA_RESTART|SA_SIGINFO
SIGBUS: [libjvm.so+0xd28b70], sa_mask[0]=11111111011111111101111111111110, sa_flags=SA_RESTART|SA_SIGINFO
SIGFPE: [libjvm.so+0xd28b70], sa_mask[0]=11111111011111111101111111111110, sa_flags=SA_RESTART|SA_SIGINFO
SIGPIPE: [libjvm.so+0xb2a1f0], sa_mask[0]=11111111011111111101111111111110, sa_flags=SA_RESTART|SA_SIGINFO
SIGXFSZ: [libjvm.so+0xb2a1f0], sa_mask[0]=11111111011111111101111111111110, sa_flags=SA_RESTART|SA_SIGINFO
SIGILL: [libjvm.so+0xd28b70], sa_mask[0]=11111111011111111101111111111110, sa_flags=SA_RESTART|SA_SIGINFO
SIGUSR2: [libjvm.so+0xb2a030], sa_mask[0]=00000000000000000000000000000000, sa_flags=SA_RESTART|SA_SIGINFO
SIGHUP: [libjvm.so+0xb2a180], sa_mask[0]=11111111011111111101111111111110, sa_flags=SA_RESTART|SA_SIGINFO
SIGINT: [libjvm.so+0xb2a180], sa_mask[0]=11111111011111111101111111111110, sa_flags=SA_RESTART|SA_SIGINFO
SIGTERM: [libjvm.so+0xb2a180], sa_mask[0]=11111111011111111101111111111110, sa_flags=SA_RESTART|SA_SIGINFO
SIGQUIT: [libjvm.so+0xb2a180], sa_mask[0]=11111111011111111101111111111110, sa_flags=SA_RESTART|SA_SIGINFO


---------------  S Y S T E M  ---------------

OS:DISTRIB_ID=Ubuntu
DISTRIB_RELEASE=18.04
DISTRIB_CODENAME=bionic
DISTRIB_DESCRIPTION="Ubuntu 18.04.1 LTS"
uname:Linux 4.15.0-42-generic #45-Ubuntu SMP Thu Nov 15 19:32:57 UTC 2018 x86_64
libc:glibc 2.27 NPTL 2.27 
rlimit: STACK 8192k, CORE 0k, NPROC 22121, NOFILE 4096, AS infinity, DATA infinity, FSIZE infinity
load average:0.84 0.53 0.52

/proc/meminfo:
MemTotal:        5723704 kB
MemFree:          116484 kB
MemAvailable:      54548 kB
Buffers:            1288 kB
Cached:           144320 kB
SwapCached:         5496 kB
Active:          3027000 kB
Inactive:         630984 kB
Active(anon):    2992616 kB
Inactive(anon):   595516 kB
Active(file):      34384 kB
Inactive(file):    35468 kB
Unevictable:        1912 kB
Mlocked:            1912 kB
SwapTotal:        969960 kB
SwapFree:              0 kB
Dirty:               116 kB
Writeback:             0 kB
AnonPages:       3509728 kB
Mapped:           135276 kB
Shmem:             75092 kB
Slab:             204396 kB
SReclaimable:      61060 kB
SUnreclaim:       143336 kB
KernelStack:       19984 kB
PageTables:        73612 kB
NFS_Unstable:          0 kB
Bounce:                0 kB
WritebackTmp:          0 kB
CommitLimit:     3831812 kB
Committed_AS:   11866884 kB
VmallocTotal:   34359738367 kB
VmallocUsed:           0 kB
VmallocChunk:          0 kB
HardwareCorrupted:     0 kB
AnonHugePages:         0 kB
ShmemHugePages:        0 kB
ShmemPmdMapped:        0 kB
CmaTotal:              0 kB
CmaFree:               0 kB
HugePages_Total:       0
HugePages_Free:        0
HugePages_Rsvd:        0
HugePages_Surp:        0
Hugepagesize:       2048 kB
DirectMap4k:      474944 kB
DirectMap2M:     5455872 kB
DirectMap1G:           0 kB

container (cgroup) information:
container_type: cgroupv1
cpu_cpuset_cpus: 0-7
cpu_memory_nodes: 0
active_processor_count: 8
cpu_quota: -1
cpu_period: 100000
cpu_shares: -1
memory_limit_in_bytes: -1
memory_and_swap_limit_in_bytes: -2
memory_soft_limit_in_bytes: -1
memory_usage_in_bytes: 3747807232
memory_max_usage_in_bytes: 221159424


CPU:total 8 (initial active 8) (4 cores per cpu, 1 threads per core) family 6 model 94 stepping 3, cmov, cx8, fxsr, mmx, sse, sse2, sse3, ssse3, sse4.1, sse4.2, popcnt, avx, avx2, aes, clmul, erms, rtm, 3dnowpref, lzcnt, tsc, tscinvbit, bmi1, bmi2, adx, fma
CPU Model and flags from /proc/cpuinfo:
model name	: Intel(R) Core(TM) i7-6700HQ CPU @ 2.60GHz
flags		: fpu vme de pse tsc msr pae mce cx8 apic sep mtrr pge mca cmov pat pse36 clflush mmx fxsr sse sse2 ss ht syscall nx pdpe1gb rdtscp lm constant_tsc arch_perfmon nopl xtopology tsc_reliable nonstop_tsc cpuid pni pclmulqdq vmx ssse3 fma cx16 pcid sse4_1 sse4_2 x2apic movbe popcnt tsc_deadline_timer aes xsave avx f16c rdrand hypervisor lahf_lm abm 3dnowprefetch cpuid_fault invpcid_single pti ibrs ibpb stibp tpr_shadow vnmi ept vpid fsgsbase tsc_adjust bmi1 hle avx2 smep bmi2 invpcid rtm mpx rdseed adx smap clflushopt xsaveopt xsavec xsaves arat arch_capabilities

Memory: 4k page, physical 5723704k(116484k free), swap 969960k(0k free)

vm_info: OpenJDK 64-Bit Server VM (10.0.2+13-Ubuntu-1ubuntu0.18.04.4) for linux-amd64 JRE (10.0.2+13-Ubuntu-1ubuntu0.18.04.4), built on Nov 13 2018 12:53:39 by "buildd" with gcc 7.3.0

END.
