#
# There is insufficient memory for the Java Runtime Environment to continue.
# Native memory allocation (mmap) failed to map 264241152 bytes for committing reserved memory.
# Possible reasons:
#   The system is out of physical RAM or swap space
#   The process is running with CompressedOops enabled, and the Java Heap may be blocking the growth of the native heap
# Possible solutions:
#   Reduce memory load on the system
#   Increase physical memory or swap space
#   Check if swap backing store is full
#   Decrease Java heap size (-Xmx/-Xms)
#   Decrease number of Java threads
#   Decrease Java thread stack sizes (-Xss)
#   Set larger code cache with -XX:ReservedCodeCacheSize=
#   JVM is running with Unscaled Compressed Oops mode in which the Java heap is
#     placed in the first 4GB address space. The Java Heap base address is the
#     maximum limit for the native heap growth. Please use -XX:HeapBaseMinAddress
#     to set the Java Heap base and to place the Java Heap above 4GB virtual address.
# This output file may be truncated or incomplete.
#
#  Out of Memory Error (os_linux.cpp:2706), pid=28557, tid=28579
#
# JRE version: OpenJDK Runtime Environment (10.0.2+13) (build 10.0.2+13-Ubuntu-1ubuntu0.18.04.2)
# Java VM: OpenJDK 64-Bit Server VM (10.0.2+13-Ubuntu-1ubuntu0.18.04.2, mixed mode, tiered, compressed oops, g1 gc, linux-amd64)
# Core dump will be written. Default location: Core dumps may be processed with "/usr/share/apport/apport %p %s %c %d %P" (or dumping to /home/arslan/Desktop/learnobot/blockly-games/core.28557)
#

---------------  S U M M A R Y ------------

Command Line: third-party/closure-compiler.jar --generate_exports --compilation_level ADVANCED_OPTIMIZATIONS --dependency_mode=STRICT --externs externs/gviz-externs.js --externs externs/interpreter-externs.js --externs externs/prettify-externs.js --externs externs/soundJS-externs.js --externs externs/storage-externs.js --externs appengine/third-party/blockly/externs/svg-externs.js --language_out ECMASCRIPT5_STRICT --entry_point=Puzzle --js='appengine/third-party/**.js' --js='!appengine/third-party/blockly/*.js' --js='!appengine/third-party/blockly/tests/**.js' --js='!appengine/third-party/blockly/externs/**.js' --js='!appengine/third-party/blockly/demos/**.js' --js='appengine/generated/en/*.js' --js='appengine/js/*.js' --warning_level QUIET --js='appengine/puzzle/generated/en/*.js' --js='appengine/puzzle/js/*.js'

Host: Intel(R) Core(TM) i7-6700HQ CPU @ 2.60GHz, 8 cores, 5G, Ubuntu 18.04.1 LTS
Time: Sun Oct  7 23:17:26 2018 PDT elapsed time: 5 seconds (0d 0h 0m 5s)

---------------  T H R E A D  ---------------

Current thread (0x00007f9300165000):  VMThread "VM Thread" [stack: 0x00007f92e406a000,0x00007f92e416a000] [id=28579]

Stack: [0x00007f92e406a000,0x00007f92e416a000],  sp=0x00007f92e41680a0,  free space=1016k
Native frames: (J=compiled Java code, A=aot compiled Java code, j=interpreted, Vv=VM code, C=native code)
V  [libjvm.so+0xd27e04]
V  [libjvm.so+0xd289ab]
V  [libjvm.so+0x64d415]
V  [libjvm.so+0xb2d728]
V  [libjvm.so+0xb25f7d]
V  [libjvm.so+0x7662ff]
V  [libjvm.so+0x76653e]
V  [libjvm.so+0x769500]
V  [libjvm.so+0x7efa1c]
V  [libjvm.so+0x7f06df]
V  [libjvm.so+0x7f0b59]
V  [libjvm.so+0x7162cf]
V  [libjvm.so+0x71a3ba]
V  [libjvm.so+0xd39f68]
V  [libjvm.so+0xd387d1]
V  [libjvm.so+0xd35a9b]
V  [libjvm.so+0xd370be]
V  [libjvm.so+0xd374e8]
V  [libjvm.so+0xb33ca0]

VM_Operation (0x00007f925fff8db0): G1IncCollectionPause, mode: safepoint, requested by thread 0x00007f93005ab000


---------------  P R O C E S S  ---------------

Threads class SMR info:
_java_thread_list=0x00007f93005aa320, length=12, elements={
0x00007f9300012000, 0x00007f930016f000, 0x00007f9300171000, 0x00007f930017a000,
0x00007f9300184800, 0x00007f9300186800, 0x00007f9300188800, 0x00007f930018a800,
0x00007f930018c800, 0x00007f9300218800, 0x00007f9300227800, 0x00007f93005ab000
}

Java Threads: ( => current thread )
  0x00007f9300012000 JavaThread "main" [_thread_blocked, id=28558, stack(0x00007f930a52f000,0x00007f930a630000)]
  0x00007f930016f000 JavaThread "Reference Handler" daemon [_thread_blocked, id=28580, stack(0x00007f92b5eff000,0x00007f92b6000000)]
  0x00007f9300171000 JavaThread "Finalizer" daemon [_thread_blocked, id=28581, stack(0x00007f92b5dfe000,0x00007f92b5eff000)]
  0x00007f930017a000 JavaThread "Signal Dispatcher" daemon [_thread_blocked, id=28582, stack(0x00007f92b532e000,0x00007f92b542f000)]
  0x00007f9300184800 JavaThread "C2 CompilerThread0" daemon [_thread_in_native, id=28583, stack(0x00007f92b522d000,0x00007f92b532e000)]
  0x00007f9300186800 JavaThread "C2 CompilerThread1" daemon [_thread_in_native, id=28584, stack(0x00007f92b512c000,0x00007f92b522d000)]
  0x00007f9300188800 JavaThread "C2 CompilerThread2" daemon [_thread_blocked, id=28585, stack(0x00007f92b502b000,0x00007f92b512c000)]
  0x00007f930018a800 JavaThread "C1 CompilerThread3" daemon [_thread_blocked, id=28586, stack(0x00007f92b4f2a000,0x00007f92b502b000)]
  0x00007f930018c800 JavaThread "Sweeper thread" daemon [_thread_blocked, id=28587, stack(0x00007f92b4e29000,0x00007f92b4f2a000)]
  0x00007f9300218800 JavaThread "Service Thread" daemon [_thread_blocked, id=28588, stack(0x00007f92b4d28000,0x00007f92b4e29000)]
  0x00007f9300227800 JavaThread "Common-Cleaner" daemon [_thread_blocked, id=28590, stack(0x00007f92b4b25000,0x00007f92b4c26000)]
  0x00007f93005ab000 JavaThread "jscompiler" daemon [_thread_blocked, id=28591, stack(0x00007f925bfff000,0x00007f9260000000)]

Other Threads:
=>0x00007f9300165000 VMThread "VM Thread" [stack: 0x00007f92e406a000,0x00007f92e416a000] [id=28579]
  0x00007f930021b000 WatcherThread [stack: 0x00007f92b4c28000,0x00007f92b4d28000] [id=28589]
  0x00007f9300029000 GCTaskThread "GC Thread#0" [stack: 0x00007f9306654000,0x00007f9306754000] [id=28559]
  0x00007f930002a800 GCTaskThread "GC Thread#1" [stack: 0x00007f9306552000,0x00007f9306652000] [id=28560]
  0x00007f930002c000 GCTaskThread "GC Thread#2" [stack: 0x00007f9306450000,0x00007f9306550000] [id=28561]
  0x00007f930002e000 GCTaskThread "GC Thread#3" [stack: 0x00007f930634e000,0x00007f930644e000] [id=28562]
  0x00007f930002f800 GCTaskThread "GC Thread#4" [stack: 0x00007f930624c000,0x00007f930634c000] [id=28563]
  0x00007f9300031000 GCTaskThread "GC Thread#5" [stack: 0x00007f930614a000,0x00007f930624a000] [id=28564]
  0x00007f9300033000 GCTaskThread "GC Thread#6" [stack: 0x00007f9306048000,0x00007f9306148000] [id=28565]
  0x00007f9300034800 GCTaskThread "GC Thread#7" [stack: 0x00007f9305f46000,0x00007f9306046000] [id=28566]
  0x00007f9300082000 ConcurrentGCThread "G1 Main Marker" [stack: 0x00007f9304e0b000,0x00007f9304f0b000] [id=28567]
  0x00007f9300084000 ConcurrentGCThread "G1 Conc#0" [stack: 0x00007f9304d09000,0x00007f9304e09000] [id=28568]
  0x00007f9300085800 ConcurrentGCThread "G1 Conc#1" [stack: 0x00007f9304c07000,0x00007f9304d07000] [id=28569]
  0x00007f93000cf000 ConcurrentGCThread "G1 Refine#0" [stack: 0x00007f93042fd000,0x00007f93043fd000] [id=28570]
  0x00007f93000d1000 ConcurrentGCThread "G1 Refine#1" [stack: 0x00007f93041fb000,0x00007f93042fb000] [id=28571]
  0x00007f93000d2800 ConcurrentGCThread "G1 Refine#2" [stack: 0x00007f93040f9000,0x00007f93041f9000] [id=28572]
  0x00007f93000d4800 ConcurrentGCThread "G1 Refine#3" [stack: 0x00007f92e4e76000,0x00007f92e4f76000] [id=28573]
  0x00007f93000d6000 ConcurrentGCThread "G1 Refine#4" [stack: 0x00007f92e4d74000,0x00007f92e4e74000] [id=28574]
  0x00007f93000d8000 ConcurrentGCThread "G1 Refine#5" [stack: 0x00007f92e4c72000,0x00007f92e4d72000] [id=28575]
  0x00007f93000d9800 ConcurrentGCThread "G1 Refine#6" [stack: 0x00007f92e4b70000,0x00007f92e4c70000] [id=28576]
  0x00007f93000db800 ConcurrentGCThread "G1 Refine#7" [stack: 0x00007f92e4a6e000,0x00007f92e4b6e000] [id=28577]
  0x00007f93000dd000 ConcurrentGCThread "G1 Young RemSet Sampling" [stack: 0x00007f92e496c000,0x00007f92e4a6c000] [id=28578]

Threads with active compile tasks:
C2 CompilerThread02139       4       com.google.javascript.jscomp.parsing.parser.Parser::peekCallSuffix (56 bytes)
C2 CompilerThread12677       4       com.google.javascript.jscomp.parsing.parser.Parser::parseArguments (119 bytes)
C2 CompilerThread22666       4       com.google.javascript.jscomp.parsing.IRFactory$TransformDispatcher::processBinaryExpressionHelper (153 bytes)

VM state:at safepoint (normal execution)

VM Mutex/Monitor currently owned by a thread:  ([mutex/lock_event])
[0x00007f930000e620] Threads_lock - owner thread: 0x00007f9300165000
[0x00007f930000ebc0] Heap_lock - owner thread: 0x00007f93005ab000

Heap address: 0x00000000a8a00000, size: 1398 MB, Compressed Oops mode: 32-bit
Narrow klass base: 0x0000000000000000, Narrow klass shift: 3
Compressed class space size: 1073741824 Address: 0x0000000100000000

Heap:
 garbage-first heap   total 503808K, used 184832K [0x00000000a8a00000, 0x0000000100000000)
  region size 1024K, 4 young (4096K), 4 survivors (4096K)
 Metaspace       used 16489K, capacity 16727K, committed 17024K, reserved 1064960K
  class space    used 1478K, capacity 1553K, committed 1664K, reserved 1048576K
Heap Regions: E=young(eden), S=young(survivor), O=old, HS=humongous(starts), HC=humongous(continues), CS=collection set, F=free, A=archive, TS=gc time stamp, AC=allocation context, TAMS=top-at-mark-start (previous, next)
|   0|0x00000000a8a00000, 0x00000000a8b00000, 0x00000000a8b00000|100%| O|  |TS  2|AC  0|TAMS 0x00000000a8a00000, 0x00000000a8b00000|
|   1|0x00000000a8b00000, 0x00000000a8c00000, 0x00000000a8c00000|100%| O|  |TS  2|AC  0|TAMS 0x00000000a8b00000, 0x00000000a8c00000|
|   2|0x00000000a8c00000, 0x00000000a8d00000, 0x00000000a8d00000|100%| O|  |TS  2|AC  0|TAMS 0x00000000a8c00000, 0x00000000a8d00000|
|   3|0x00000000a8d00000, 0x00000000a8e00000, 0x00000000a8e00000|100%| O|  |TS  2|AC  0|TAMS 0x00000000a8d00000, 0x00000000a8e00000|
|   4|0x00000000a8e00000, 0x00000000a8f00000, 0x00000000a8f00000|100%| O|  |TS  3|AC  0|TAMS 0x00000000a8e00000, 0x00000000a8f00000|
|   5|0x00000000a8f00000, 0x00000000a9000000, 0x00000000a9000000|100%| O|  |TS  3|AC  0|TAMS 0x00000000a8f00000, 0x00000000a9000000|
|   6|0x00000000a9000000, 0x00000000a9100000, 0x00000000a9100000|100%| O|  |TS  3|AC  0|TAMS 0x00000000a9000000, 0x00000000a9100000|
|   7|0x00000000a9100000, 0x00000000a9200000, 0x00000000a9200000|100%| O|  |TS  3|AC  0|TAMS 0x00000000a9100000, 0x00000000a9200000|
|   8|0x00000000a9200000, 0x00000000a9300000, 0x00000000a9300000|100%| O|  |TS  3|AC  0|TAMS 0x00000000a9200000, 0x00000000a9300000|
|   9|0x00000000a9300000, 0x00000000a9400000, 0x00000000a9400000|100%| O|  |TS  3|AC  0|TAMS 0x00000000a9300000, 0x00000000a9400000|
|  10|0x00000000a9400000, 0x00000000a9500000, 0x00000000a9500000|100%| O|  |TS  3|AC  0|TAMS 0x00000000a9400000, 0x00000000a9500000|
|  11|0x00000000a9500000, 0x00000000a9600000, 0x00000000a9600000|100%| O|  |TS  4|AC  0|TAMS 0x00000000a9500000, 0x00000000a9600000|
|  12|0x00000000a9600000, 0x00000000a9700000, 0x00000000a9700000|100%| O|  |TS  5|AC  0|TAMS 0x00000000a9600000, 0x00000000a9700000|
|  13|0x00000000a9700000, 0x00000000a9800000, 0x00000000a9800000|100%| O|  |TS  5|AC  0|TAMS 0x00000000a9700000, 0x00000000a9800000|
|  14|0x00000000a9800000, 0x00000000a9900000, 0x00000000a9900000|100%| O|  |TS  5|AC  0|TAMS 0x00000000a9800000, 0x00000000a9900000|
|  15|0x00000000a9900000, 0x00000000a9a00000, 0x00000000a9a00000|100%|HS|  |TS  0|AC  0|TAMS 0x00000000a9900000, 0x00000000a9a00000|
|  16|0x00000000a9a00000, 0x00000000a9b00000, 0x00000000a9b00000|100%| O|  |TS  5|AC  0|TAMS 0x00000000a9a00000, 0x00000000a9b00000|
|  17|0x00000000a9b00000, 0x00000000a9c00000, 0x00000000a9c00000|100%| O|  |TS  5|AC  0|TAMS 0x00000000a9b00000, 0x00000000a9c00000|
|  18|0x00000000a9c00000, 0x00000000a9d00000, 0x00000000a9d00000|100%| O|  |TS  6|AC  0|TAMS 0x00000000a9c00000, 0x00000000a9d00000|
|  19|0x00000000a9d00000, 0x00000000a9e00000, 0x00000000a9e00000|100%|HS|  |TS  0|AC  0|TAMS 0x00000000a9d00000, 0x00000000a9e00000|
|  20|0x00000000a9e00000, 0x00000000a9f00000, 0x00000000a9f00000|100%| O|  |TS  6|AC  0|TAMS 0x00000000a9e00000, 0x00000000a9f00000|
|  21|0x00000000a9f00000, 0x00000000aa000000, 0x00000000aa000000|100%| O|  |TS  4|AC  0|TAMS 0x00000000a9f00000, 0x00000000aa000000|
|  22|0x00000000aa000000, 0x00000000aa100000, 0x00000000aa100000|100%| O|  |TS  4|AC  0|TAMS 0x00000000aa000000, 0x00000000aa100000|
|  23|0x00000000aa100000, 0x00000000aa200000, 0x00000000aa200000|100%| O|  |TS  4|AC  0|TAMS 0x00000000aa100000, 0x00000000aa200000|
|  24|0x00000000aa200000, 0x00000000aa300000, 0x00000000aa300000|100%| O|  |TS  4|AC  0|TAMS 0x00000000aa200000, 0x00000000aa300000|
|  25|0x00000000aa300000, 0x00000000aa400000, 0x00000000aa400000|100%| O|  |TS  4|AC  0|TAMS 0x00000000aa300000, 0x00000000aa400000|
|  26|0x00000000aa400000, 0x00000000aa500000, 0x00000000aa500000|100%| O|  |TS  5|AC  0|TAMS 0x00000000aa400000, 0x00000000aa500000|
|  27|0x00000000aa500000, 0x00000000aa600000, 0x00000000aa600000|100%| O|  |TS  6|AC  0|TAMS 0x00000000aa500000, 0x00000000aa600000|
|  28|0x00000000aa600000, 0x00000000aa700000, 0x00000000aa700000|100%| O|  |TS  6|AC  0|TAMS 0x00000000aa600000, 0x00000000aa700000|
|  29|0x00000000aa700000, 0x00000000aa800000, 0x00000000aa800000|100%| O|  |TS  6|AC  0|TAMS 0x00000000aa700000, 0x00000000aa800000|
|  30|0x00000000aa800000, 0x00000000aa900000, 0x00000000aa900000|100%| O|  |TS  6|AC  0|TAMS 0x00000000aa800000, 0x00000000aa900000|
|  31|0x00000000aa900000, 0x00000000aaa00000, 0x00000000aaa00000|100%| O|  |TS  7|AC  0|TAMS 0x00000000aa900000, 0x00000000aaa00000|
|  32|0x00000000aaa00000, 0x00000000aab00000, 0x00000000aab00000|100%| O|  |TS  7|AC  0|TAMS 0x00000000aaa00000, 0x00000000aab00000|
|  33|0x00000000aab00000, 0x00000000aac00000, 0x00000000aac00000|100%| O|  |TS  7|AC  0|TAMS 0x00000000aab00000, 0x00000000aac00000|
|  34|0x00000000aac00000, 0x00000000aad00000, 0x00000000aad00000|100%| O|  |TS  7|AC  0|TAMS 0x00000000aac00000, 0x00000000aad00000|
|  35|0x00000000aad00000, 0x00000000aae00000, 0x00000000aae00000|100%| O|  |TS  7|AC  0|TAMS 0x00000000aad00000, 0x00000000aae00000|
|  36|0x00000000aae00000, 0x00000000aaf00000, 0x00000000aaf00000|100%| O|  |TS  7|AC  0|TAMS 0x00000000aae00000, 0x00000000aaf00000|
|  37|0x00000000aaf00000, 0x00000000ab000000, 0x00000000ab000000|100%| O|  |TS  8|AC  0|TAMS 0x00000000aaf00000, 0x00000000ab000000|
|  38|0x00000000ab000000, 0x00000000ab100000, 0x00000000ab100000|100%| O|  |TS  8|AC  0|TAMS 0x00000000ab000000, 0x00000000ab100000|
|  39|0x00000000ab100000, 0x00000000ab200000, 0x00000000ab200000|100%| O|  |TS  8|AC  0|TAMS 0x00000000ab100000, 0x00000000ab200000|
|  40|0x00000000ab200000, 0x00000000ab300000, 0x00000000ab300000|100%| O|  |TS  8|AC  0|TAMS 0x00000000ab200000, 0x00000000ab300000|
|  41|0x00000000ab300000, 0x00000000ab400000, 0x00000000ab400000|100%| O|  |TS  8|AC  0|TAMS 0x00000000ab300000, 0x00000000ab400000|
|  42|0x00000000ab400000, 0x00000000ab500000, 0x00000000ab500000|100%| O|  |TS  9|AC  0|TAMS 0x00000000ab400000, 0x00000000ab500000|
|  43|0x00000000ab500000, 0x00000000ab600000, 0x00000000ab600000|100%| O|  |TS  9|AC  0|TAMS 0x00000000ab500000, 0x00000000ab600000|
|  44|0x00000000ab600000, 0x00000000ab700000, 0x00000000ab700000|100%| O|  |TS  9|AC  0|TAMS 0x00000000ab600000, 0x00000000ab700000|
|  45|0x00000000ab700000, 0x00000000ab800000, 0x00000000ab800000|100%| O|  |TS  9|AC  0|TAMS 0x00000000ab700000, 0x00000000ab800000|
|  46|0x00000000ab800000, 0x00000000ab900000, 0x00000000ab900000|100%| O|  |TS 10|AC  0|TAMS 0x00000000ab800000, 0x00000000ab900000|
|  47|0x00000000ab900000, 0x00000000aba00000, 0x00000000aba00000|100%| O|  |TS 12|AC  0|TAMS 0x00000000ab900000, 0x00000000aba00000|
|  48|0x00000000aba00000, 0x00000000abb00000, 0x00000000abb00000|100%| O|  |TS 10|AC  0|TAMS 0x00000000aba00000, 0x00000000abb00000|
|  49|0x00000000abb00000, 0x00000000abc00000, 0x00000000abc00000|100%| O|  |TS 10|AC  0|TAMS 0x00000000abb00000, 0x00000000abc00000|
|  50|0x00000000abc00000, 0x00000000abd00000, 0x00000000abd00000|100%| O|  |TS 10|AC  0|TAMS 0x00000000abc00000, 0x00000000abd00000|
|  51|0x00000000abd00000, 0x00000000abe00000, 0x00000000abe00000|100%| O|  |TS 10|AC  0|TAMS 0x00000000abd00000, 0x00000000abe00000|
|  52|0x00000000abe00000, 0x00000000abf00000, 0x00000000abf00000|100%| O|  |TS 10|AC  0|TAMS 0x00000000abe00000, 0x00000000abf00000|
|  53|0x00000000abf00000, 0x00000000ac000000, 0x00000000ac000000|100%| O|  |TS 10|AC  0|TAMS 0x00000000abf00000, 0x00000000ac000000|
|  54|0x00000000ac000000, 0x00000000ac100000, 0x00000000ac100000|100%| O|  |TS 11|AC  0|TAMS 0x00000000ac000000, 0x00000000ac100000|
|  55|0x00000000ac100000, 0x00000000ac200000, 0x00000000ac200000|100%| O|  |TS 11|AC  0|TAMS 0x00000000ac100000, 0x00000000ac200000|
|  56|0x00000000ac200000, 0x00000000ac300000, 0x00000000ac300000|100%| O|  |TS 11|AC  0|TAMS 0x00000000ac200000, 0x00000000ac300000|
|  57|0x00000000ac300000, 0x00000000ac400000, 0x00000000ac400000|100%| O|  |TS 12|AC  0|TAMS 0x00000000ac300000, 0x00000000ac400000|
|  58|0x00000000ac400000, 0x00000000ac500000, 0x00000000ac500000|100%| O|  |TS 12|AC  0|TAMS 0x00000000ac400000, 0x00000000ac500000|
|  59|0x00000000ac500000, 0x00000000ac600000, 0x00000000ac600000|100%| O|  |TS 12|AC  0|TAMS 0x00000000ac500000, 0x00000000ac600000|
|  60|0x00000000ac600000, 0x00000000ac700000, 0x00000000ac700000|100%| O|  |TS 12|AC  0|TAMS 0x00000000ac600000, 0x00000000ac700000|
|  61|0x00000000ac700000, 0x00000000ac800000, 0x00000000ac800000|100%| O|  |TS 12|AC  0|TAMS 0x00000000ac700000, 0x00000000ac800000|
|  62|0x00000000ac800000, 0x00000000ac900000, 0x00000000ac900000|100%| O|  |TS 12|AC  0|TAMS 0x00000000ac800000, 0x00000000ac900000|
|  63|0x00000000ac900000, 0x00000000aca00000, 0x00000000aca00000|100%| O|  |TS 13|AC  0|TAMS 0x00000000ac900000, 0x00000000aca00000|
|  64|0x00000000aca00000, 0x00000000acb00000, 0x00000000acb00000|100%| O|  |TS 14|AC  0|TAMS 0x00000000aca00000, 0x00000000acb00000|
|  65|0x00000000acb00000, 0x00000000acc00000, 0x00000000acc00000|100%| O|  |TS 13|AC  0|TAMS 0x00000000acb00000, 0x00000000acc00000|
|  66|0x00000000acc00000, 0x00000000acd00000, 0x00000000acd00000|100%| O|  |TS 13|AC  0|TAMS 0x00000000acc00000, 0x00000000acd00000|
|  67|0x00000000acd00000, 0x00000000ace00000, 0x00000000ace00000|100%| O|  |TS 13|AC  0|TAMS 0x00000000acd00000, 0x00000000ace00000|
|  68|0x00000000ace00000, 0x00000000acf00000, 0x00000000acf00000|100%| O|  |TS 13|AC  0|TAMS 0x00000000ace00000, 0x00000000acf00000|
|  69|0x00000000acf00000, 0x00000000ad000000, 0x00000000ad000000|100%| O|  |TS 13|AC  0|TAMS 0x00000000acf00000, 0x00000000ad000000|
|  70|0x00000000ad000000, 0x00000000ad100000, 0x00000000ad100000|100%| O|  |TS 13|AC  0|TAMS 0x00000000ad000000, 0x00000000ad100000|
|  71|0x00000000ad100000, 0x00000000ad200000, 0x00000000ad200000|100%| O|  |TS 13|AC  0|TAMS 0x00000000ad100000, 0x00000000ad200000|
|  72|0x00000000ad200000, 0x00000000ad300000, 0x00000000ad300000|100%| O|  |TS 14|AC  0|TAMS 0x00000000ad200000, 0x00000000ad300000|
|  73|0x00000000ad300000, 0x00000000ad400000, 0x00000000ad400000|100%| O|  |TS 14|AC  0|TAMS 0x00000000ad300000, 0x00000000ad400000|
|  74|0x00000000ad400000, 0x00000000ad500000, 0x00000000ad500000|100%| O|  |TS 14|AC  0|TAMS 0x00000000ad400000, 0x00000000ad500000|
|  75|0x00000000ad500000, 0x00000000ad600000, 0x00000000ad600000|100%| O|  |TS 14|AC  0|TAMS 0x00000000ad500000, 0x00000000ad600000|
|  76|0x00000000ad600000, 0x00000000ad700000, 0x00000000ad700000|100%| O|  |TS 14|AC  0|TAMS 0x00000000ad600000, 0x00000000ad700000|
|  77|0x00000000ad700000, 0x00000000ad800000, 0x00000000ad800000|100%| O|  |TS 14|AC  0|TAMS 0x00000000ad700000, 0x00000000ad800000|
|  78|0x00000000ad800000, 0x00000000ad900000, 0x00000000ad900000|100%| O|  |TS 16|AC  0|TAMS 0x00000000ad800000, 0x00000000ad900000|
|  79|0x00000000ad900000, 0x00000000ada00000, 0x00000000ada00000|100%| O|  |TS 16|AC  0|TAMS 0x00000000ad900000, 0x00000000ada00000|
|  80|0x00000000ada00000, 0x00000000adb00000, 0x00000000adb00000|100%| O|  |TS 16|AC  0|TAMS 0x00000000ada00000, 0x00000000adb00000|
|  81|0x00000000adb00000, 0x00000000adc00000, 0x00000000adc00000|100%| O|  |TS 16|AC  0|TAMS 0x00000000adb00000, 0x00000000adc00000|
|  82|0x00000000adc00000, 0x00000000add00000, 0x00000000add00000|100%| O|  |TS 16|AC  0|TAMS 0x00000000adc00000, 0x00000000add00000|
|  83|0x00000000add00000, 0x00000000ade00000, 0x00000000ade00000|100%| O|  |TS 16|AC  0|TAMS 0x00000000add00000, 0x00000000ade00000|
|  84|0x00000000ade00000, 0x00000000adf00000, 0x00000000adf00000|100%|HS|  |TS 11|AC  0|TAMS 0x00000000ade00000, 0x00000000adf00000|
|  85|0x00000000adf00000, 0x00000000ae000000, 0x00000000ae000000|100%|HC|  |TS 10|AC  0|TAMS 0x00000000adf00000, 0x00000000ae000000|
|  86|0x00000000ae000000, 0x00000000ae100000, 0x00000000ae100000|100%| O|  |TS 15|AC  0|TAMS 0x00000000ae000000, 0x00000000ae100000|
|  87|0x00000000ae100000, 0x00000000ae200000, 0x00000000ae200000|100%| O|  |TS 15|AC  0|TAMS 0x00000000ae100000, 0x00000000ae200000|
|  88|0x00000000ae200000, 0x00000000ae300000, 0x00000000ae300000|100%| O|  |TS 15|AC  0|TAMS 0x00000000ae200000, 0x00000000ae300000|
|  89|0x00000000ae300000, 0x00000000ae400000, 0x00000000ae400000|100%| O|  |TS 15|AC  0|TAMS 0x00000000ae300000, 0x00000000ae400000|
|  90|0x00000000ae400000, 0x00000000ae500000, 0x00000000ae500000|100%| O|  |TS 15|AC  0|TAMS 0x00000000ae400000, 0x00000000ae500000|
|  91|0x00000000ae500000, 0x00000000ae600000, 0x00000000ae600000|100%| O|  |TS 15|AC  0|TAMS 0x00000000ae500000, 0x00000000ae600000|
|  92|0x00000000ae600000, 0x00000000ae700000, 0x00000000ae700000|100%| O|  |TS 15|AC  0|TAMS 0x00000000ae600000, 0x00000000ae700000|
|  93|0x00000000ae700000, 0x00000000ae800000, 0x00000000ae800000|100%| O|  |TS 16|AC  0|TAMS 0x00000000ae700000, 0x00000000ae800000|
|  94|0x00000000ae800000, 0x00000000ae900000, 0x00000000ae900000|100%| O|  |TS 16|AC  0|TAMS 0x00000000ae800000, 0x00000000ae900000|
|  95|0x00000000ae900000, 0x00000000aea00000, 0x00000000aea00000|100%| O|  |TS 16|AC  0|TAMS 0x00000000ae900000, 0x00000000aea00000|
|  96|0x00000000aea00000, 0x00000000aeb00000, 0x00000000aeb00000|100%| O|  |TS 16|AC  0|TAMS 0x00000000aea00000, 0x00000000aeb00000|
|  97|0x00000000aeb00000, 0x00000000aec00000, 0x00000000aec00000|100%| O|  |TS 16|AC  0|TAMS 0x00000000aeb00000, 0x00000000aec00000|
|  98|0x00000000aec00000, 0x00000000aed00000, 0x00000000aed00000|100%| O|  |TS 16|AC  0|TAMS 0x00000000aec00000, 0x00000000aed00000|
|  99|0x00000000aed00000, 0x00000000aee00000, 0x00000000aee00000|100%| O|  |TS 16|AC  0|TAMS 0x00000000aed00000, 0x00000000aee00000|
| 100|0x00000000aee00000, 0x00000000aef00000, 0x00000000aef00000|100%| O|  |TS 16|AC  0|TAMS 0x00000000aee00000, 0x00000000aef00000|
| 101|0x00000000aef00000, 0x00000000af000000, 0x00000000af000000|100%| O|  |TS 16|AC  0|TAMS 0x00000000aef00000, 0x00000000af000000|
| 102|0x00000000af000000, 0x00000000af100000, 0x00000000af100000|100%| O|  |TS 16|AC  0|TAMS 0x00000000af000000, 0x00000000af100000|
| 103|0x00000000af100000, 0x00000000af200000, 0x00000000af200000|100%| O|  |TS 16|AC  0|TAMS 0x00000000af100000, 0x00000000af200000|
| 104|0x00000000af200000, 0x00000000af300000, 0x00000000af300000|100%| O|  |TS 16|AC  0|TAMS 0x00000000af200000, 0x00000000af300000|
| 105|0x00000000af300000, 0x00000000af400000, 0x00000000af400000|100%| O|  |TS 16|AC  0|TAMS 0x00000000af300000, 0x00000000af400000|
| 106|0x00000000af400000, 0x00000000af500000, 0x00000000af500000|100%| O|  |TS 16|AC  0|TAMS 0x00000000af400000, 0x00000000af500000|
| 107|0x00000000af500000, 0x00000000af600000, 0x00000000af600000|100%| O|  |TS 16|AC  0|TAMS 0x00000000af500000, 0x00000000af600000|
| 108|0x00000000af600000, 0x00000000af700000, 0x00000000af700000|100%| O|  |TS 16|AC  0|TAMS 0x00000000af600000, 0x00000000af700000|
| 109|0x00000000af700000, 0x00000000af800000, 0x00000000af800000|100%| O|  |TS 16|AC  0|TAMS 0x00000000af700000, 0x00000000af800000|
| 110|0x00000000af800000, 0x00000000af900000, 0x00000000af900000|100%| O|  |TS 16|AC  0|TAMS 0x00000000af800000, 0x00000000af900000|
| 111|0x00000000af900000, 0x00000000afa00000, 0x00000000afa00000|100%| O|  |TS 16|AC  0|TAMS 0x00000000af900000, 0x00000000afa00000|
| 112|0x00000000afa00000, 0x00000000afb00000, 0x00000000afb00000|100%| O|  |TS 16|AC  0|TAMS 0x00000000afa00000, 0x00000000afb00000|
| 113|0x00000000afb00000, 0x00000000afc00000, 0x00000000afc00000|100%| O|  |TS 16|AC  0|TAMS 0x00000000afb00000, 0x00000000afc00000|
| 114|0x00000000afc00000, 0x00000000afd00000, 0x00000000afd00000|100%| O|  |TS 16|AC  0|TAMS 0x00000000afc00000, 0x00000000afd00000|
| 115|0x00000000afd00000, 0x00000000afe00000, 0x00000000afe00000|100%| O|  |TS 16|AC  0|TAMS 0x00000000afd00000, 0x00000000afe00000|
| 116|0x00000000afe00000, 0x00000000aff00000, 0x00000000aff00000|100%| O|  |TS 16|AC  0|TAMS 0x00000000afe00000, 0x00000000aff00000|
| 117|0x00000000aff00000, 0x00000000b0000000, 0x00000000b0000000|100%| O|  |TS 16|AC  0|TAMS 0x00000000aff00000, 0x00000000b0000000|
| 118|0x00000000b0000000, 0x00000000b0100000, 0x00000000b0100000|100%| O|  |TS 16|AC  0|TAMS 0x00000000b0000000, 0x00000000b0100000|
| 119|0x00000000b0100000, 0x00000000b0200000, 0x00000000b0200000|100%| O|  |TS 16|AC  0|TAMS 0x00000000b0100000, 0x00000000b0200000|
| 120|0x00000000b0200000, 0x00000000b0300000, 0x00000000b0300000|100%| O|  |TS 16|AC  0|TAMS 0x00000000b0200000, 0x00000000b0300000|
| 121|0x00000000b0300000, 0x00000000b0400000, 0x00000000b0400000|100%| O|  |TS 16|AC  0|TAMS 0x00000000b0300000, 0x00000000b0400000|
| 122|0x00000000b0400000, 0x00000000b0500000, 0x00000000b0500000|100%| O|  |TS 16|AC  0|TAMS 0x00000000b0400000, 0x00000000b0500000|
| 123|0x00000000b0500000, 0x00000000b0600000, 0x00000000b0600000|100%| O|  |TS 16|AC  0|TAMS 0x00000000b0500000, 0x00000000b0600000|
| 124|0x00000000b0600000, 0x00000000b0700000, 0x00000000b0700000|100%| O|  |TS 16|AC  0|TAMS 0x00000000b0600000, 0x00000000b0700000|
| 125|0x00000000b0700000, 0x00000000b0800000, 0x00000000b0800000|100%| O|  |TS 16|AC  0|TAMS 0x00000000b0700000, 0x00000000b0800000|
| 126|0x00000000b0800000, 0x00000000b0900000, 0x00000000b0900000|100%| O|  |TS 16|AC  0|TAMS 0x00000000b0800000, 0x00000000b0900000|
| 127|0x00000000b0900000, 0x00000000b0a00000, 0x00000000b0a00000|100%| O|  |TS 16|AC  0|TAMS 0x00000000b0900000, 0x00000000b0a00000|
| 128|0x00000000b0a00000, 0x00000000b0b00000, 0x00000000b0b00000|100%| O|  |TS 16|AC  0|TAMS 0x00000000b0a00000, 0x00000000b0b00000|
| 129|0x00000000b0b00000, 0x00000000b0c00000, 0x00000000b0c00000|100%| O|  |TS 16|AC  0|TAMS 0x00000000b0b00000, 0x00000000b0c00000|
| 130|0x00000000b0c00000, 0x00000000b0d00000, 0x00000000b0d00000|100%| O|  |TS 16|AC  0|TAMS 0x00000000b0c00000, 0x00000000b0d00000|
| 131|0x00000000b0d00000, 0x00000000b0e00000, 0x00000000b0e00000|100%| O|  |TS 16|AC  0|TAMS 0x00000000b0d00000, 0x00000000b0e00000|
| 132|0x00000000b0e00000, 0x00000000b0f00000, 0x00000000b0f00000|100%| O|  |TS 17|AC  0|TAMS 0x00000000b0e00000, 0x00000000b0f00000|
| 133|0x00000000b0f00000, 0x00000000b1000000, 0x00000000b1000000|100%| O|  |TS 17|AC  0|TAMS 0x00000000b0f00000, 0x00000000b1000000|
| 134|0x00000000b1000000, 0x00000000b1100000, 0x00000000b1100000|100%| O|  |TS 17|AC  0|TAMS 0x00000000b1000000, 0x00000000b1100000|
| 135|0x00000000b1100000, 0x00000000b1200000, 0x00000000b1200000|100%| O|  |TS 17|AC  0|TAMS 0x00000000b1100000, 0x00000000b1200000|
| 136|0x00000000b1200000, 0x00000000b1300000, 0x00000000b1300000|100%| O|  |TS 17|AC  0|TAMS 0x00000000b1200000, 0x00000000b1300000|
| 137|0x00000000b1300000, 0x00000000b1400000, 0x00000000b1400000|100%| O|  |TS 17|AC  0|TAMS 0x00000000b1300000, 0x00000000b1400000|
| 138|0x00000000b1400000, 0x00000000b1500000, 0x00000000b1500000|100%| O|  |TS 17|AC  0|TAMS 0x00000000b1400000, 0x00000000b1500000|
| 139|0x00000000b1500000, 0x00000000b1600000, 0x00000000b1600000|100%| O|  |TS 17|AC  0|TAMS 0x00000000b1500000, 0x00000000b1600000|
| 140|0x00000000b1600000, 0x00000000b1700000, 0x00000000b1700000|100%| O|  |TS 17|AC  0|TAMS 0x00000000b1600000, 0x00000000b1700000|
| 141|0x00000000b1700000, 0x00000000b1800000, 0x00000000b1800000|100%| O|  |TS 17|AC  0|TAMS 0x00000000b1700000, 0x00000000b1800000|
| 142|0x00000000b1800000, 0x00000000b1900000, 0x00000000b1900000|100%| O|  |TS 17|AC  0|TAMS 0x00000000b1800000, 0x00000000b1900000|
| 143|0x00000000b1900000, 0x00000000b1a00000, 0x00000000b1a00000|100%| O|  |TS 17|AC  0|TAMS 0x00000000b1900000, 0x00000000b1a00000|
| 144|0x00000000b1a00000, 0x00000000b1b00000, 0x00000000b1b00000|100%| O|  |TS 17|AC  0|TAMS 0x00000000b1a00000, 0x00000000b1b00000|
| 145|0x00000000b1b00000, 0x00000000b1c00000, 0x00000000b1c00000|100%| O|  |TS 17|AC  0|TAMS 0x00000000b1b00000, 0x00000000b1c00000|
| 146|0x00000000b1c00000, 0x00000000b1d00000, 0x00000000b1d00000|100%| O|  |TS 17|AC  0|TAMS 0x00000000b1c00000, 0x00000000b1d00000|
| 147|0x00000000b1d00000, 0x00000000b1e00000, 0x00000000b1e00000|100%| O|  |TS 18|AC  0|TAMS 0x00000000b1d00000, 0x00000000b1d00000|
| 148|0x00000000b1e00000, 0x00000000b1f00000, 0x00000000b1f00000|100%| O|  |TS 18|AC  0|TAMS 0x00000000b1e00000, 0x00000000b1e00000|
| 149|0x00000000b1f00000, 0x00000000b2000000, 0x00000000b2000000|100%| O|  |TS 18|AC  0|TAMS 0x00000000b1f00000, 0x00000000b1f00000|
| 150|0x00000000b2000000, 0x00000000b2100000, 0x00000000b2100000|100%| O|  |TS 18|AC  0|TAMS 0x00000000b2000000, 0x00000000b2000000|
| 151|0x00000000b2100000, 0x00000000b2200000, 0x00000000b2200000|100%| O|  |TS 18|AC  0|TAMS 0x00000000b2100000, 0x00000000b2100000|
| 152|0x00000000b2200000, 0x00000000b2300000, 0x00000000b2300000|100%| O|  |TS 18|AC  0|TAMS 0x00000000b2200000, 0x00000000b2200000|
| 153|0x00000000b2300000, 0x00000000b2400000, 0x00000000b2400000|100%| O|  |TS 18|AC  0|TAMS 0x00000000b2300000, 0x00000000b2300000|
| 154|0x00000000b2400000, 0x00000000b2500000, 0x00000000b2500000|100%| O|  |TS 18|AC  0|TAMS 0x00000000b2400000, 0x00000000b2400000|
| 155|0x00000000b2500000, 0x00000000b2600000, 0x00000000b2600000|100%| O|  |TS 18|AC  0|TAMS 0x00000000b2500000, 0x00000000b2500000|
| 156|0x00000000b2600000, 0x00000000b2700000, 0x00000000b2700000|100%| O|  |TS 18|AC  0|TAMS 0x00000000b2600000, 0x00000000b2600000|
| 157|0x00000000b2700000, 0x00000000b2800000, 0x00000000b2800000|100%| O|  |TS 17|AC  0|TAMS 0x00000000b2700000, 0x00000000b2800000|
| 158|0x00000000b2800000, 0x00000000b2900000, 0x00000000b2900000|100%| O|  |TS 17|AC  0|TAMS 0x00000000b2800000, 0x00000000b2900000|
| 159|0x00000000b2900000, 0x00000000b2a00000, 0x00000000b2a00000|100%| O|  |TS 17|AC  0|TAMS 0x00000000b2900000, 0x00000000b2a00000|
| 160|0x00000000b2a00000, 0x00000000b2b00000, 0x00000000b2b00000|100%| O|  |TS 17|AC  0|TAMS 0x00000000b2a00000, 0x00000000b2b00000|
| 161|0x00000000b2b00000, 0x00000000b2c00000, 0x00000000b2c00000|100%| O|  |TS 17|AC  0|TAMS 0x00000000b2b00000, 0x00000000b2c00000|
| 162|0x00000000b2c00000, 0x00000000b2d00000, 0x00000000b2d00000|100%| O|  |TS 17|AC  0|TAMS 0x00000000b2c00000, 0x00000000b2d00000|
| 163|0x00000000b2d00000, 0x00000000b2e00000, 0x00000000b2e00000|100%| O|  |TS 17|AC  0|TAMS 0x00000000b2d00000, 0x00000000b2e00000|
| 164|0x00000000b2e00000, 0x00000000b2f00000, 0x00000000b2f00000|100%| O|  |TS 17|AC  0|TAMS 0x00000000b2e00000, 0x00000000b2f00000|
| 165|0x00000000b2f00000, 0x00000000b3000000, 0x00000000b3000000|100%| O|  |TS 17|AC  0|TAMS 0x00000000b2f00000, 0x00000000b3000000|
| 166|0x00000000b3000000, 0x00000000b3100000, 0x00000000b3100000|100%| O|  |TS 17|AC  0|TAMS 0x00000000b3000000, 0x00000000b3100000|
| 167|0x00000000b3100000, 0x00000000b3200000, 0x00000000b3200000|100%| O|  |TS 18|AC  0|TAMS 0x00000000b3100000, 0x00000000b3100000|
| 168|0x00000000b3200000, 0x00000000b3300000, 0x00000000b3300000|100%| O|  |TS 17|AC  0|TAMS 0x00000000b3200000, 0x00000000b3300000|
| 169|0x00000000b3300000, 0x00000000b3400000, 0x00000000b3400000|100%| O|  |TS 17|AC  0|TAMS 0x00000000b3300000, 0x00000000b3400000|
| 170|0x00000000b3400000, 0x00000000b3500000, 0x00000000b3500000|100%| O|  |TS 17|AC  0|TAMS 0x00000000b3400000, 0x00000000b3500000|
| 171|0x00000000b3500000, 0x00000000b3600000, 0x00000000b3600000|100%| O|  |TS 17|AC  0|TAMS 0x00000000b3500000, 0x00000000b3600000|
| 172|0x00000000b3600000, 0x00000000b3700000, 0x00000000b3700000|100%| O|  |TS 17|AC  0|TAMS 0x00000000b3600000, 0x00000000b3700000|
| 173|0x00000000b3700000, 0x00000000b3800000, 0x00000000b3800000|100%| O|  |TS 18|AC  0|TAMS 0x00000000b3700000, 0x00000000b3780000|
| 174|0x00000000b3800000, 0x00000000b3900000, 0x00000000b3900000|100%| O|  |TS 18|AC  0|TAMS 0x00000000b3800000, 0x00000000b3800000|
| 175|0x00000000b3900000, 0x00000000b3a00000, 0x00000000b3a00000|100%| O|  |TS 18|AC  0|TAMS 0x00000000b3900000, 0x00000000b3900000|
| 176|0x00000000b3a00000, 0x00000000b3a80000, 0x00000000b3b00000| 50%| O|  |TS 18|AC  0|TAMS 0x00000000b3a00000, 0x00000000b3a00000|
| 177|0x00000000b3b00000, 0x00000000b3b00000, 0x00000000b3c00000|  0%| F|  |TS 16|AC  0|TAMS 0x00000000b3b00000, 0x00000000b3b00000|
| 178|0x00000000b3c00000, 0x00000000b3c00000, 0x00000000b3d00000|  0%| F|  |TS 16|AC  0|TAMS 0x00000000b3c00000, 0x00000000b3c00000|
| 179|0x00000000b3d00000, 0x00000000b3d00000, 0x00000000b3e00000|  0%| F|  |TS 16|AC  0|TAMS 0x00000000b3d00000, 0x00000000b3d00000|
| 180|0x00000000b3e00000, 0x00000000b3e00000, 0x00000000b3f00000|  0%| F|  |TS 16|AC  0|TAMS 0x00000000b3e00000, 0x00000000b3e00000|
| 181|0x00000000b3f00000, 0x00000000b3f00000, 0x00000000b4000000|  0%| F|  |TS 16|AC  0|TAMS 0x00000000b3f00000, 0x00000000b3f00000|
| 182|0x00000000b4000000, 0x00000000b4000000, 0x00000000b4100000|  0%| F|  |TS 16|AC  0|TAMS 0x00000000b4000000, 0x00000000b4000000|
| 183|0x00000000b4100000, 0x00000000b4100000, 0x00000000b4200000|  0%| F|  |TS 16|AC  0|TAMS 0x00000000b4100000, 0x00000000b4100000|
| 184|0x00000000b4200000, 0x00000000b4200000, 0x00000000b4300000|  0%| F|  |TS 16|AC  0|TAMS 0x00000000b4200000, 0x00000000b4200000|
| 185|0x00000000b4300000, 0x00000000b4300000, 0x00000000b4400000|  0%| F|  |TS 16|AC  0|TAMS 0x00000000b4300000, 0x00000000b4300000|
| 186|0x00000000b4400000, 0x00000000b4400000, 0x00000000b4500000|  0%| F|  |TS 16|AC  0|TAMS 0x00000000b4400000, 0x00000000b4400000|
| 187|0x00000000b4500000, 0x00000000b4500000, 0x00000000b4600000|  0%| F|  |TS 16|AC  0|TAMS 0x00000000b4500000, 0x00000000b4500000|
| 188|0x00000000b4600000, 0x00000000b4600000, 0x00000000b4700000|  0%| F|  |TS 16|AC  0|TAMS 0x00000000b4600000, 0x00000000b4600000|
| 189|0x00000000b4700000, 0x00000000b4700000, 0x00000000b4800000|  0%| F|  |TS 16|AC  0|TAMS 0x00000000b4700000, 0x00000000b4700000|
| 190|0x00000000b4800000, 0x00000000b4800000, 0x00000000b4900000|  0%| F|  |TS 16|AC  0|TAMS 0x00000000b4800000, 0x00000000b4800000|
| 191|0x00000000b4900000, 0x00000000b4900000, 0x00000000b4a00000|  0%| F|  |TS 16|AC  0|TAMS 0x00000000b4900000, 0x00000000b4900000|
| 192|0x00000000b4a00000, 0x00000000b4a00000, 0x00000000b4b00000|  0%| F|  |TS 16|AC  0|TAMS 0x00000000b4a00000, 0x00000000b4a00000|
| 193|0x00000000b4b00000, 0x00000000b4b00000, 0x00000000b4c00000|  0%| F|  |TS 16|AC  0|TAMS 0x00000000b4b00000, 0x00000000b4b00000|
| 194|0x00000000b4c00000, 0x00000000b4c00000, 0x00000000b4d00000|  0%| F|  |TS 16|AC  0|TAMS 0x00000000b4c00000, 0x00000000b4c00000|
| 195|0x00000000b4d00000, 0x00000000b4d00000, 0x00000000b4e00000|  0%| F|  |TS 16|AC  0|TAMS 0x00000000b4d00000, 0x00000000b4d00000|
| 196|0x00000000b4e00000, 0x00000000b4e00000, 0x00000000b4f00000|  0%| F|  |TS 16|AC  0|TAMS 0x00000000b4e00000, 0x00000000b4e00000|
| 197|0x00000000b4f00000, 0x00000000b4f00000, 0x00000000b5000000|  0%| F|  |TS 16|AC  0|TAMS 0x00000000b4f00000, 0x00000000b4f00000|
| 198|0x00000000b5000000, 0x00000000b5000000, 0x00000000b5100000|  0%| F|  |TS 18|AC  0|TAMS 0x00000000b5000000, 0x00000000b5000000|
| 199|0x00000000b5100000, 0x00000000b5100000, 0x00000000b5200000|  0%| F|  |TS 18|AC  0|TAMS 0x00000000b5100000, 0x00000000b5100000|
| 200|0x00000000b5200000, 0x00000000b5200000, 0x00000000b5300000|  0%| F|  |TS 18|AC  0|TAMS 0x00000000b5200000, 0x00000000b5200000|
| 201|0x00000000b5300000, 0x00000000b5300000, 0x00000000b5400000|  0%| F|  |TS 18|AC  0|TAMS 0x00000000b5300000, 0x00000000b5300000|
| 202|0x00000000b5400000, 0x00000000b5400000, 0x00000000b5500000|  0%| F|  |TS 18|AC  0|TAMS 0x00000000b5400000, 0x00000000b5400000|
| 203|0x00000000b5500000, 0x00000000b5500000, 0x00000000b5600000|  0%| F|  |TS 18|AC  0|TAMS 0x00000000b5500000, 0x00000000b5500000|
| 204|0x00000000b5600000, 0x00000000b5600000, 0x00000000b5700000|  0%| F|  |TS 17|AC  0|TAMS 0x00000000b5600000, 0x00000000b5600000|
| 205|0x00000000b5700000, 0x00000000b5700000, 0x00000000b5800000|  0%| F|  |TS 17|AC  0|TAMS 0x00000000b5700000, 0x00000000b5700000|
| 206|0x00000000b5800000, 0x00000000b5800000, 0x00000000b5900000|  0%| F|  |TS 17|AC  0|TAMS 0x00000000b5800000, 0x00000000b5800000|
| 207|0x00000000b5900000, 0x00000000b5900000, 0x00000000b5a00000|  0%| F|  |TS 17|AC  0|TAMS 0x00000000b5900000, 0x00000000b5900000|
| 208|0x00000000b5a00000, 0x00000000b5a00000, 0x00000000b5b00000|  0%| F|  |TS 17|AC  0|TAMS 0x00000000b5a00000, 0x00000000b5a00000|
| 209|0x00000000b5b00000, 0x00000000b5b00000, 0x00000000b5c00000|  0%| F|  |TS 17|AC  0|TAMS 0x00000000b5b00000, 0x00000000b5b00000|
| 210|0x00000000b5c00000, 0x00000000b5c00000, 0x00000000b5d00000|  0%| F|  |TS 17|AC  0|TAMS 0x00000000b5c00000, 0x00000000b5c00000|
| 211|0x00000000b5d00000, 0x00000000b5d00000, 0x00000000b5e00000|  0%| F|  |TS 17|AC  0|TAMS 0x00000000b5d00000, 0x00000000b5d00000|
| 212|0x00000000b5e00000, 0x00000000b5e00000, 0x00000000b5f00000|  0%| F|  |TS 17|AC  0|TAMS 0x00000000b5e00000, 0x00000000b5e00000|
| 213|0x00000000b5f00000, 0x00000000b5f00000, 0x00000000b6000000|  0%| F|  |TS 17|AC  0|TAMS 0x00000000b5f00000, 0x00000000b5f00000|
| 214|0x00000000b6000000, 0x00000000b6000000, 0x00000000b6100000|  0%| F|  |TS 17|AC  0|TAMS 0x00000000b6000000, 0x00000000b6000000|
| 215|0x00000000b6100000, 0x00000000b6200000, 0x00000000b6200000|100%| S|CS|TS 18|AC  0|TAMS 0x00000000b6100000, 0x00000000b6100000|
| 216|0x00000000b6200000, 0x00000000b6300000, 0x00000000b6300000|100%| S|CS|TS 18|AC  0|TAMS 0x00000000b6200000, 0x00000000b6200000|
| 217|0x00000000b6300000, 0x00000000b6400000, 0x00000000b6400000|100%| S|CS|TS 18|AC  0|TAMS 0x00000000b6300000, 0x00000000b6300000|
| 218|0x00000000b6400000, 0x00000000b6500000, 0x00000000b6500000|100%| S|CS|TS 18|AC  0|TAMS 0x00000000b6400000, 0x00000000b6400000|
| 219|0x00000000b6500000, 0x00000000b6500000, 0x00000000b6600000|  0%| F|  |TS 18|AC  0|TAMS 0x00000000b6500000, 0x00000000b6500000|
| 220|0x00000000b6600000, 0x00000000b6600000, 0x00000000b6700000|  0%| F|  |TS 18|AC  0|TAMS 0x00000000b6600000, 0x00000000b6600000|
| 221|0x00000000b6700000, 0x00000000b6700000, 0x00000000b6800000|  0%| F|  |TS 18|AC  0|TAMS 0x00000000b6700000, 0x00000000b6700000|
| 222|0x00000000b6800000, 0x00000000b6800000, 0x00000000b6900000|  0%| F|  |TS 18|AC  0|TAMS 0x00000000b6800000, 0x00000000b6800000|
| 223|0x00000000b6900000, 0x00000000b6900000, 0x00000000b6a00000|  0%| F|  |TS 18|AC  0|TAMS 0x00000000b6900000, 0x00000000b6900000|
| 224|0x00000000b6a00000, 0x00000000b6a00000, 0x00000000b6b00000|  0%| F|  |TS 18|AC  0|TAMS 0x00000000b6a00000, 0x00000000b6a00000|
| 225|0x00000000b6b00000, 0x00000000b6b00000, 0x00000000b6c00000|  0%| F|  |TS 18|AC  0|TAMS 0x00000000b6b00000, 0x00000000b6b00000|
| 226|0x00000000b6c00000, 0x00000000b6c00000, 0x00000000b6d00000|  0%| F|  |TS 18|AC  0|TAMS 0x00000000b6c00000, 0x00000000b6c00000|
| 227|0x00000000b6d00000, 0x00000000b6d00000, 0x00000000b6e00000|  0%| F|  |TS 18|AC  0|TAMS 0x00000000b6d00000, 0x00000000b6d00000|
| 228|0x00000000b6e00000, 0x00000000b6e00000, 0x00000000b6f00000|  0%| F|  |TS 18|AC  0|TAMS 0x00000000b6e00000, 0x00000000b6e00000|
| 229|0x00000000b6f00000, 0x00000000b6f00000, 0x00000000b7000000|  0%| F|  |TS 18|AC  0|TAMS 0x00000000b6f00000, 0x00000000b6f00000|
| 230|0x00000000b7000000, 0x00000000b7000000, 0x00000000b7100000|  0%| F|  |TS 18|AC  0|TAMS 0x00000000b7000000, 0x00000000b7000000|
| 231|0x00000000b7100000, 0x00000000b7100000, 0x00000000b7200000|  0%| F|  |TS 18|AC  0|TAMS 0x00000000b7100000, 0x00000000b7100000|
| 232|0x00000000b7200000, 0x00000000b7200000, 0x00000000b7300000|  0%| F|  |TS 18|AC  0|TAMS 0x00000000b7200000, 0x00000000b7200000|
| 233|0x00000000b7300000, 0x00000000b7300000, 0x00000000b7400000|  0%| F|  |TS 18|AC  0|TAMS 0x00000000b7300000, 0x00000000b7300000|
| 234|0x00000000b7400000, 0x00000000b7400000, 0x00000000b7500000|  0%| F|  |TS 18|AC  0|TAMS 0x00000000b7400000, 0x00000000b7400000|
| 235|0x00000000b7500000, 0x00000000b7500000, 0x00000000b7600000|  0%| F|  |TS 18|AC  0|TAMS 0x00000000b7500000, 0x00000000b7500000|
| 236|0x00000000b7600000, 0x00000000b7600000, 0x00000000b7700000|  0%| F|  |TS 18|AC  0|TAMS 0x00000000b7600000, 0x00000000b7600000|
| 237|0x00000000b7700000, 0x00000000b7700000, 0x00000000b7800000|  0%| F|  |TS 18|AC  0|TAMS 0x00000000b7700000, 0x00000000b7700000|
| 238|0x00000000b7800000, 0x00000000b7800000, 0x00000000b7900000|  0%| F|  |TS 18|AC  0|TAMS 0x00000000b7800000, 0x00000000b7800000|
| 239|0x00000000b7900000, 0x00000000b7900000, 0x00000000b7a00000|  0%| F|  |TS 18|AC  0|TAMS 0x00000000b7900000, 0x00000000b7900000|

Card table byte_map: [0x00007f93051c6000,0x00007f9305481000] byte_map_base: 0x00007f9304c81000

Marking Bits (Prev, Next): (CMBitMap*) 0x00007f9300081520, (CMBitMap*) 0x00007f9300081558
 Prev Bits: [0x00007f92e654e000, 0x00007f92e7b26000)
 Next Bits: [0x00007f92e4f76000, 0x00007f92e654e000)

Polling page: 0x00007f930a644000

CodeHeap 'non-profiled nmethods': size=120032Kb used=2349Kb max_used=2349Kb free=117682Kb
 bounds [0x00007f92ef5ee000, 0x00007f92ef85e000, 0x00007f92f6b26000]
CodeHeap 'profiled nmethods': size=120028Kb used=6923Kb max_used=6923Kb free=113104Kb
 bounds [0x00007f92e80b7000, 0x00007f92e8787000, 0x00007f92ef5ee000]
CodeHeap 'non-nmethods': size=5700Kb used=1070Kb max_used=1167Kb free=4629Kb
 bounds [0x00007f92e7b26000, 0x00007f92e7d96000, 0x00007f92e80b7000]
 total_blobs=3599 nmethods=2576 adapters=297
 compilation: enabled

Compilation events (10 events):
Event: 5.512 Thread 0x00007f930018a800 2685       2       com.google.javascript.jscomp.parsing.IRFactory$TransformDispatcher::processParenthesizedExpression (17 bytes)
Event: 5.512 Thread 0x00007f930018a800 nmethod 2685 0x00007f92e8777c10 code [0x00007f92e8777de0, 0x00007f92e8777f98]
Event: 5.517 Thread 0x00007f930018a800 2686       2       com.google.javascript.jscomp.parsing.IRFactory$TransformDispatcher::processBreakStatement (34 bytes)
Event: 5.518 Thread 0x00007f930018a800 nmethod 2686 0x00007f92e8778090 code [0x00007f92e87782c0, 0x00007f92e87789c8]
Event: 5.519 Thread 0x00007f9300184800 nmethod 1922 0x00007f92ef836690 code [0x00007f92ef836920, 0x00007f92ef838350]
Event: 5.520 Thread 0x00007f9300184800 2123       4       com.google.common.base.Preconditions::checkState (17 bytes)
Event: 5.520 Thread 0x00007f9300184800 nmethod 2123 0x00007f92ef839210 code [0x00007f92ef8393a0, 0x00007f92ef8393f8]
Event: 5.520 Thread 0x00007f9300184800 2139       4       com.google.javascript.jscomp.parsing.parser.Parser::peekCallSuffix (56 bytes)
Event: 5.558 Thread 0x00007f930018a800 2689       2       com.google.javascript.jscomp.parsing.IRFactory$TransformDispatcher::processSwitchDefault (97 bytes)
Event: 5.560 Thread 0x00007f930018a800 nmethod 2689 0x00007f92e8778e10 code [0x00007f92e87790a0, 0x00007f92e8779a98]

GC Heap History (10 events):
Event: 4.354 GC heap after
{Heap after GC invocations=13 (full 0):
 garbage-first heap   total 165888K, used 80803K [0x00000000a8a00000, 0x0000000100000000)
  region size 1024K, 7 young (7168K), 7 survivors (7168K)
 Metaspace       used 16449K, capacity 16599K, committed 17024K, reserved 1064960K
  class space    used 1478K, capacity 1553K, committed 1664K, reserved 1048576K
}
Event: 4.518 GC heap before
{Heap before GC invocations=13 (full 0):
 garbage-first heap   total 165888K, used 123811K [0x00000000a8a00000, 0x0000000100000000)
  region size 1024K, 49 young (50176K), 7 survivors (7168K)
 Metaspace       used 16481K, capacity 16663K, committed 17024K, reserved 1064960K
  class space    used 1478K, capacity 1553K, committed 1664K, reserved 1048576K
}
Event: 4.532 GC heap after
{Heap after GC invocations=14 (full 0):
 garbage-first heap   total 245760K, used 87040K [0x00000000a8a00000, 0x0000000100000000)
  region size 1024K, 7 young (7168K), 7 survivors (7168K)
 Metaspace       used 16481K, capacity 16663K, committed 17024K, reserved 1064960K
  class space    used 1478K, capacity 1553K, committed 1664K, reserved 1048576K
}
Event: 4.891 GC heap before
{Heap before GC invocations=14 (full 0):
 garbage-first heap   total 245760K, used 169984K [0x00000000a8a00000, 0x0000000100000000)
  region size 1024K, 80 young (81920K), 7 survivors (7168K)
 Metaspace       used 16485K, capacity 16663K, committed 17024K, reserved 1064960K
  class space    used 1478K, capacity 1553K, committed 1664K, reserved 1048576K
}
Event: 4.917 GC heap after
{Heap after GC invocations=15 (full 0):
 garbage-first heap   total 245760K, used 99744K [0x00000000a8a00000, 0x0000000100000000)
  region size 1024K, 10 young (10240K), 10 survivors (10240K)
 Metaspace       used 16485K, capacity 16663K, committed 17024K, reserved 1064960K
  class space    used 1478K, capacity 1553K, committed 1664K, reserved 1048576K
}
Event: 5.193 GC heap before
{Heap before GC invocations=15 (full 0):
 garbage-first heap   total 245760K, used 173472K [0x00000000a8a00000, 0x0000000100000000)
  region size 1024K, 82 young (83968K), 10 survivors (10240K)
 Metaspace       used 16488K, capacity 16727K, committed 17024K, reserved 1064960K
  class space    used 1478K, capacity 1553K, committed 1664K, reserved 1048576K
}
Event: 5.261 GC heap after
{Heap after GC invocations=16 (full 0):
 garbage-first heap   total 245760K, used 146764K [0x00000000a8a00000, 0x0000000100000000)
  region size 1024K, 11 young (11264K), 11 survivors (11264K)
 Metaspace       used 16488K, capacity 16727K, committed 17024K, reserved 1064960K
  class space    used 1478K, capacity 1553K, committed 1664K, reserved 1048576K
}
Event: 5.441 GC heap before
{Heap before GC invocations=16 (full 0):
 garbage-first heap   total 245760K, used 183628K [0x00000000a8a00000, 0x0000000100000000)
  region size 1024K, 47 young (48128K), 11 survivors (11264K)
 Metaspace       used 16488K, capacity 16727K, committed 17024K, reserved 1064960K
  class space    used 1478K, capacity 1553K, committed 1664K, reserved 1048576K
}
Event: 5.472 GC heap after
{Heap after GC invocations=17 (full 0):
 garbage-first heap   total 245760K, used 172544K [0x00000000a8a00000, 0x0000000100000000)
  region size 1024K, 6 young (6144K), 6 survivors (6144K)
 Metaspace       used 16488K, capacity 16727K, committed 17024K, reserved 1064960K
  class space    used 1478K, capacity 1553K, committed 1664K, reserved 1048576K
}
Event: 5.563 GC heap before
{Heap before GC invocations=17 (full 0):
 garbage-first heap   total 245760K, used 194048K [0x00000000a8a00000, 0x0000000100000000)
  region size 1024K, 27 young (27648K), 6 survivors (6144K)
 Metaspace       used 16489K, capacity 16727K, committed 17024K, reserved 1064960K
  class space    used 1478K, capacity 1553K, committed 1664K, reserved 1048576K
}

Deoptimization events (10 events):
Event: 2.135 Thread 0x00007f93005ab000 Uncommon trap: reason=unstable_if action=reinterpret pc=0x00007f92ef6cf1b8 method=com.google.javascript.rhino.Node.mergeLineCharNo(II)I @ 15 c2
Event: 2.135 Thread 0x00007f93005ab000 Uncommon trap: reason=unstable_if action=reinterpret pc=0x00007f92ef69ec94 method=com.google.javascript.rhino.Node.mergeLineCharNo(II)I @ 15 c2
Event: 2.200 Thread 0x00007f93005ab000 Uncommon trap: reason=unstable_if action=reinterpret pc=0x00007f92ef6b2d2c method=java.util.regex.Pattern$BmpCharProperty.match(Ljava/util/regex/Matcher;ILjava/lang/CharSequence;)Z @ 39 c2
Event: 2.211 Thread 0x00007f93005ab000 Uncommon trap: reason=unstable_if action=reinterpret pc=0x00007f92ef6cf768 method=com.google.javascript.rhino.Node.mergeLineCharNo(II)I @ 15 c2
Event: 2.245 Thread 0x00007f93005ab000 Uncommon trap: reason=unstable_if action=reinterpret pc=0x00007f92ef6afbd8 method=com.google.javascript.jscomp.parsing.parser.LineNumberTable.computeLineStartOffsets(Ljava/lang/String;)[I @ 53 c2
Event: 2.245 Thread 0x00007f93005ab000 Uncommon trap: reason=unstable_if action=reinterpret pc=0x00007f92ef6a0ba4 method=com.google.javascript.jscomp.parsing.parser.LineNumberTable.computeLineStartOffsets(Ljava/lang/String;)[I @ 53 c2
Event: 2.546 Thread 0x00007f93005ab000 Uncommon trap: reason=unstable_if action=reinterpret pc=0x00007f92ef706644 method=com.google.javascript.jscomp.parsing.parser.Scanner.isIdentifierPart(C)Z @ 91 c2
Event: 2.949 Thread 0x00007f93005ab000 Uncommon trap: reason=unstable_if action=reinterpret pc=0x00007f92ef66a9b0 method=java.lang.AbstractStringBuilder.isLatin1()Z @ 10 c2
Event: 4.506 Thread 0x00007f93005ab000 Uncommon trap: reason=unstable_if action=reinterpret pc=0x00007f92ef70c98c method=com.google.javascript.jscomp.PrepareAst$PrepareAnnotations.annotateCalls(Lcom/google/javascript/rhino/Node;)V @ 58 c2
Event: 4.563 Thread 0x00007f93005ab000 Uncommon trap: reason=unstable_if action=reinterpret pc=0x00007f92ef75a9e4 method=com.google.javascript.jscomp.PrepareAst$PrepareAnnotations.annotateCalls(Lcom/google/javascript/rhino/Node;)V @ 58 c2

Classes redefined (0 events):
No events

Internal exceptions (10 events):
Event: 1.115 Thread 0x00007f9300012000 Exception <a 'java/lang/NoSuchMethodError'{0x00000000adfdea78}: java.lang.Object.lambda$comparingInt$7b0bb60$1(Ljava/util/function/ToIntFunction;Ljava/lang/Object;Ljava/lang/Object;)I> (0x00000000adfdea78) thrown at [/build/openjdk-lts-xioZJb/openjdk-lts-
Event: 1.115 Thread 0x00007f9300012000 Exception <a 'java/lang/NoSuchMethodError'{0x00000000adfdfe50}: java.lang.invoke.DirectMethodHandle$Holder.invokeSpecial(Ljava/lang/Object;Ljava/lang/Object;Ljava/lang/Object;Ljava/lang/Object;Ljava/lang/Object;Ljava/lang/Object;Ljava/lang/Object;Ljava/la
Event: 1.116 Thread 0x00007f9300012000 Exception <a 'java/lang/NoSuchMethodError'{0x00000000adfe4550}: java.lang.invoke.Invokers$Holder.invoke_MT(Ljava/lang/Object;Ljava/lang/Object;Ljava/lang/Object;Ljava/lang/Object;Ljava/lang/Object;Ljava/lang/Object;Ljava/lang/Object;Ljava/lang/Object;Ljav
Event: 1.118 Thread 0x00007f9300012000 Exception <a 'java/lang/NoSuchMethodError'{0x00000000adff0648}: java.lang.invoke.DirectMethodHandle$Holder.invokeSpecial(Ljava/lang/Object;Ljava/lang/Object;Ljava/lang/Object;)I> (0x00000000adff0648) thrown at [/build/openjdk-lts-xioZJb/openjdk-lts-10.0.2
Event: 1.119 Thread 0x00007f9300012000 Exception <a 'java/lang/NoSuchMethodError'{0x00000000adff6250}: method resolution failed> (0x00000000adff6250) thrown at [/build/openjdk-lts-xioZJb/openjdk-lts-10.0.2+13/src/hotspot/share/prims/methodHandles.cpp, line 1226]
Event: 1.119 Thread 0x00007f9300012000 Exception <a 'java/lang/NoSuchMethodError'{0x00000000adff95e8}: java.lang.Object.lambda$thenComparing$36697e65$1(Ljava/util/Comparator;Ljava/lang/Object;Ljava/lang/Object;)I> (0x00000000adff95e8) thrown at [/build/openjdk-lts-xioZJb/openjdk-lts-10.0.2+13/
Event: 1.201 Thread 0x00007f9300012000 Exception <a 'java/lang/NoSuchMethodError'{0x00000000adb94c80}: java.lang.invoke.DirectMethodHandle$Holder.invokeStaticInit(Ljava/lang/Object;Ljava/lang/Object;)I> (0x00000000adb94c80) thrown at [/build/openjdk-lts-xioZJb/openjdk-lts-10.0.2+13/src/hotspot
Event: 1.324 Thread 0x00007f93005ab000 Implicit null exception at 0x00007f92ef6273da to 0x00007f92ef6274d2
Event: 1.852 Thread 0x00007f93005ab000 Implicit null exception at 0x00007f92ef631537 to 0x00007f92ef6319b2
Event: 1.852 Thread 0x00007f93005ab000 Implicit null exception at 0x00007f92ef62f9b1 to 0x00007f92ef62fb72

Events (10 events):
Event: 4.563 Thread 0x00007f93005ab000 DEOPT UNPACKING pc=0x00007f92e7b4dfa5 sp=0x00007f925fffbc20 mode 2
Event: 4.564 Thread 0x00007f93005ab000 DEOPT PACKING pc=0x00007f92e8761d3d sp=0x00007f925fffc080
Event: 4.564 Thread 0x00007f93005ab000 DEOPT UNPACKING pc=0x00007f92e7b4ddba sp=0x00007f925fffb530 mode 0
Event: 4.891 Executing VM operation: G1IncCollectionPause
Event: 4.917 Executing VM operation: G1IncCollectionPause done
Event: 5.193 Executing VM operation: G1IncCollectionPause
Event: 5.261 Executing VM operation: G1IncCollectionPause done
Event: 5.441 Executing VM operation: G1IncCollectionPause
Event: 5.472 Executing VM operation: G1IncCollectionPause done
Event: 5.563 Executing VM operation: G1IncCollectionPause


Dynamic libraries:
a8a00000-b7a00000 rw-p 00000000 00:00 0 
c7600000-100000000 ---p 00000000 00:00 0 
100000000-1001a0000 rw-p 00000000 00:00 0 
1001a0000-140000000 ---p 00000000 00:00 0 
55c11b41c000-55c11b41d000 r-xp 00000000 08:01 930679                     /usr/lib/jvm/java-11-openjdk-amd64/bin/java
55c11b61d000-55c11b61e000 r--p 00001000 08:01 930679                     /usr/lib/jvm/java-11-openjdk-amd64/bin/java
55c11b61e000-55c11b61f000 rw-p 00002000 08:01 930679                     /usr/lib/jvm/java-11-openjdk-amd64/bin/java
55c11c17f000-55c11c1a0000 rw-p 00000000 00:00 0                          [heap]
7f9254000000-7f92541ae000 rw-p 00000000 00:00 0 
7f92541ae000-7f9258000000 ---p 00000000 00:00 0 
7f925bdff000-7f925beff000 rw-p 00000000 00:00 0 
7f925beff000-7f925bfff000 ---p 00000000 00:00 0 
7f925bfff000-7f925c003000 ---p 00000000 00:00 0 
7f925c003000-7f9260000000 rw-p 00000000 00:00 0 
7f9260000000-7f9260021000 rw-p 00000000 00:00 0 
7f9260021000-7f9264000000 ---p 00000000 00:00 0 
7f9264000000-7f9264021000 rw-p 00000000 00:00 0 
7f9264021000-7f9268000000 ---p 00000000 00:00 0 
7f9268000000-7f9268021000 rw-p 00000000 00:00 0 
7f9268021000-7f926c000000 ---p 00000000 00:00 0 
7f926c000000-7f926c021000 rw-p 00000000 00:00 0 
7f926c021000-7f9270000000 ---p 00000000 00:00 0 
7f9270000000-7f9271831000 rw-p 00000000 00:00 0 
7f9271831000-7f9274000000 ---p 00000000 00:00 0 
7f9274000000-7f9274600000 rw-p 00000000 00:00 0 
7f9274600000-7f9278000000 ---p 00000000 00:00 0 
7f9278000000-7f9279b4b000 rw-p 00000000 00:00 0 
7f9279b4b000-7f927c000000 ---p 00000000 00:00 0 
7f927c000000-7f927e78f000 rw-p 00000000 00:00 0 
7f927e78f000-7f9280000000 ---p 00000000 00:00 0 
7f9280000000-7f9280021000 rw-p 00000000 00:00 0 
7f9280021000-7f9284000000 ---p 00000000 00:00 0 
7f9284000000-7f9284021000 rw-p 00000000 00:00 0 
7f9284021000-7f9288000000 ---p 00000000 00:00 0 
7f9288000000-7f9288087000 rw-p 00000000 00:00 0 
7f9288087000-7f928c000000 ---p 00000000 00:00 0 
7f928c000000-7f928c021000 rw-p 00000000 00:00 0 
7f928c021000-7f9290000000 ---p 00000000 00:00 0 
7f9290000000-7f9290021000 rw-p 00000000 00:00 0 
7f9290021000-7f9294000000 ---p 00000000 00:00 0 
7f9294000000-7f9294021000 rw-p 00000000 00:00 0 
7f9294021000-7f9298000000 ---p 00000000 00:00 0 
7f9298000000-7f9298021000 rw-p 00000000 00:00 0 
7f9298021000-7f929c000000 ---p 00000000 00:00 0 
7f929c000000-7f929c021000 rw-p 00000000 00:00 0 
7f929c021000-7f92a0000000 ---p 00000000 00:00 0 
7f92a0000000-7f92a0021000 rw-p 00000000 00:00 0 
7f92a0021000-7f92a4000000 ---p 00000000 00:00 0 
7f92a4000000-7f92a4021000 rw-p 00000000 00:00 0 
7f92a4021000-7f92a8000000 ---p 00000000 00:00 0 
7f92a8000000-7f92a8021000 rw-p 00000000 00:00 0 
7f92a8021000-7f92ac000000 ---p 00000000 00:00 0 
7f92ac000000-7f92ac021000 rw-p 00000000 00:00 0 
7f92ac021000-7f92b0000000 ---p 00000000 00:00 0 
7f92b0000000-7f92b002f000 rw-p 00000000 00:00 0 
7f92b002f000-7f92b4000000 ---p 00000000 00:00 0 
7f92b40fb000-7f92b42fb000 rw-p 00000000 00:00 0 
7f92b42fb000-7f92b44fb000 rw-p 00000000 00:00 0 
7f92b44fb000-7f92b46fb000 rw-p 00000000 00:00 0 
7f92b46fb000-7f92b4712000 r-xp 00000000 08:01 948617                     /usr/lib/jvm/java-11-openjdk-amd64/lib/libnet.so
7f92b4712000-7f92b4911000 ---p 00017000 08:01 948617                     /usr/lib/jvm/java-11-openjdk-amd64/lib/libnet.so
7f92b4911000-7f92b4912000 r--p 00016000 08:01 948617                     /usr/lib/jvm/java-11-openjdk-amd64/lib/libnet.so
7f92b4912000-7f92b4913000 rw-p 00017000 08:01 948617                     /usr/lib/jvm/java-11-openjdk-amd64/lib/libnet.so
7f92b4913000-7f92b4924000 r-xp 00000000 08:01 948618                     /usr/lib/jvm/java-11-openjdk-amd64/lib/libnio.so
7f92b4924000-7f92b4b23000 ---p 00011000 08:01 948618                     /usr/lib/jvm/java-11-openjdk-amd64/lib/libnio.so
7f92b4b23000-7f92b4b24000 r--p 00010000 08:01 948618                     /usr/lib/jvm/java-11-openjdk-amd64/lib/libnio.so
7f92b4b24000-7f92b4b25000 rw-p 00011000 08:01 948618                     /usr/lib/jvm/java-11-openjdk-amd64/lib/libnio.so
7f92b4b25000-7f92b4b29000 ---p 00000000 00:00 0 
7f92b4b29000-7f92b4c26000 rw-p 00000000 00:00 0 
7f92b4c26000-7f92b4c27000 ---p 00000000 00:00 0 
7f92b4c27000-7f92b4d28000 rw-p 00000000 00:00 0 
7f92b4d28000-7f92b4d2c000 ---p 00000000 00:00 0 
7f92b4d2c000-7f92b4e29000 rw-p 00000000 00:00 0 
7f92b4e29000-7f92b4e2d000 ---p 00000000 00:00 0 
7f92b4e2d000-7f92b4f2a000 rw-p 00000000 00:00 0 
7f92b4f2a000-7f92b4f2e000 ---p 00000000 00:00 0 
7f92b4f2e000-7f92b502b000 rw-p 00000000 00:00 0 
7f92b502b000-7f92b502f000 ---p 00000000 00:00 0 
7f92b502f000-7f92b512c000 rw-p 00000000 00:00 0 
7f92b512c000-7f92b5130000 ---p 00000000 00:00 0 
7f92b5130000-7f92b522d000 rw-p 00000000 00:00 0 
7f92b522d000-7f92b5231000 ---p 00000000 00:00 0 
7f92b5231000-7f92b532e000 rw-p 00000000 00:00 0 
7f92b532e000-7f92b5332000 ---p 00000000 00:00 0 
7f92b5332000-7f92b542f000 rw-p 00000000 00:00 0 
7f92b542f000-7f92b5dfe000 r--p 00000000 08:01 924394                     /usr/lib/locale/locale-archive
7f92b5dfe000-7f92b5e02000 ---p 00000000 00:00 0 
7f92b5e02000-7f92b5eff000 rw-p 00000000 00:00 0 
7f92b5eff000-7f92b5f03000 ---p 00000000 00:00 0 
7f92b5f03000-7f92b8000000 rw-p 00000000 00:00 0 
7f92b8000000-7f92b8021000 rw-p 00000000 00:00 0 
7f92b8021000-7f92bc000000 ---p 00000000 00:00 0 
7f92bc000000-7f92bc021000 rw-p 00000000 00:00 0 
7f92bc021000-7f92c0000000 ---p 00000000 00:00 0 
7f92c0000000-7f92c0021000 rw-p 00000000 00:00 0 
7f92c0021000-7f92c4000000 ---p 00000000 00:00 0 
7f92c4000000-7f92c4021000 rw-p 00000000 00:00 0 
7f92c4021000-7f92c8000000 ---p 00000000 00:00 0 
7f92c8000000-7f92c8026000 rw-p 00000000 00:00 0 
7f92c8026000-7f92cc000000 ---p 00000000 00:00 0 
7f92cc000000-7f92cc021000 rw-p 00000000 00:00 0 
7f92cc021000-7f92d0000000 ---p 00000000 00:00 0 
7f92d0000000-7f92d002a000 rw-p 00000000 00:00 0 
7f92d002a000-7f92d4000000 ---p 00000000 00:00 0 
7f92d4000000-7f92d4028000 rw-p 00000000 00:00 0 
7f92d4028000-7f92d8000000 ---p 00000000 00:00 0 
7f92d8000000-7f92d802d000 rw-p 00000000 00:00 0 
7f92d802d000-7f92dc000000 ---p 00000000 00:00 0 
7f92dc000000-7f92dc025000 rw-p 00000000 00:00 0 
7f92dc025000-7f92e0000000 ---p 00000000 00:00 0 
7f92e0000000-7f92e0031000 rw-p 00000000 00:00 0 
7f92e0031000-7f92e4000000 ---p 00000000 00:00 0 
7f92e4068000-7f92e4069000 ---p 00000000 00:00 0 
7f92e4069000-7f92e496a000 rw-p 00000000 00:00 0 
7f92e496a000-7f92e496b000 ---p 00000000 00:00 0 
7f92e496b000-7f92e4a6c000 rw-p 00000000 00:00 0 
7f92e4a6c000-7f92e4a6d000 ---p 00000000 00:00 0 
7f92e4a6d000-7f92e4b6e000 rw-p 00000000 00:00 0 
7f92e4b6e000-7f92e4b6f000 ---p 00000000 00:00 0 
7f92e4b6f000-7f92e4c70000 rw-p 00000000 00:00 0 
7f92e4c70000-7f92e4c71000 ---p 00000000 00:00 0 
7f92e4c71000-7f92e4d72000 rw-p 00000000 00:00 0 
7f92e4d72000-7f92e4d73000 ---p 00000000 00:00 0 
7f92e4d73000-7f92e4e74000 rw-p 00000000 00:00 0 
7f92e4e74000-7f92e4e75000 ---p 00000000 00:00 0 
7f92e4e75000-7f92e5336000 rw-p 00000000 00:00 0 
7f92e5336000-7f92e654e000 ---p 00000000 00:00 0 
7f92e654e000-7f92e690e000 rw-p 00000000 00:00 0 
7f92e690e000-7f92e7b26000 ---p 00000000 00:00 0 
7f92e7b26000-7f92e7d96000 rwxp 00000000 00:00 0 
7f92e7d96000-7f92e80b7000 ---p 00000000 00:00 0 
7f92e80b7000-7f92e8787000 rwxp 00000000 00:00 0 
7f92e8787000-7f92ef5ee000 ---p 00000000 00:00 0 
7f92ef5ee000-7f92ef85e000 rwxp 00000000 00:00 0 
7f92ef85e000-7f92f6b26000 ---p 00000000 00:00 0 
7f92f6b26000-7f9300000000 r--s 00000000 08:01 948627                     /usr/lib/jvm/java-11-openjdk-amd64/lib/modules
7f9300000000-7f93005af000 rw-p 00000000 00:00 0 
7f93005af000-7f9304000000 ---p 00000000 00:00 0 
7f9304081000-7f93040f7000 rw-p 00000000 00:00 0 
7f93040f7000-7f93040f8000 ---p 00000000 00:00 0 
7f93040f8000-7f93041f9000 rw-p 00000000 00:00 0 
7f93041f9000-7f93041fa000 ---p 00000000 00:00 0 
7f93041fa000-7f93042fb000 rw-p 00000000 00:00 0 
7f93042fb000-7f93042fc000 ---p 00000000 00:00 0 
7f93042fc000-7f9304c05000 rw-p 00000000 00:00 0 
7f9304c05000-7f9304c06000 ---p 00000000 00:00 0 
7f9304c06000-7f9304d07000 rw-p 00000000 00:00 0 
7f9304d07000-7f9304d08000 ---p 00000000 00:00 0 
7f9304d08000-7f9304e09000 rw-p 00000000 00:00 0 
7f9304e09000-7f9304e0a000 ---p 00000000 00:00 0 
7f9304e0a000-7f9304f83000 rw-p 00000000 00:00 0 
7f9304f83000-7f93051c6000 ---p 00000000 00:00 0 
7f93051c6000-7f930523e000 rw-p 00000000 00:00 0 
7f930523e000-7f9305481000 ---p 00000000 00:00 0 
7f9305481000-7f93054f9000 rw-p 00000000 00:00 0 
7f93054f9000-7f930573c000 ---p 00000000 00:00 0 
7f930573c000-7f9305f44000 rw-p 00000000 00:00 0 
7f9305f44000-7f9305f45000 ---p 00000000 00:00 0 
7f9305f45000-7f9306046000 rw-p 00000000 00:00 0 
7f9306046000-7f9306047000 ---p 00000000 00:00 0 
7f9306047000-7f9306148000 rw-p 00000000 00:00 0 
7f9306148000-7f9306149000 ---p 00000000 00:00 0 
7f9306149000-7f930624a000 rw-p 00000000 00:00 0 
7f930624a000-7f930624b000 ---p 00000000 00:00 0 
7f930624b000-7f930634c000 rw-p 00000000 00:00 0 
7f930634c000-7f930634d000 ---p 00000000 00:00 0 
7f930634d000-7f930644e000 rw-p 00000000 00:00 0 
7f930644e000-7f930644f000 ---p 00000000 00:00 0 
7f930644f000-7f9306550000 rw-p 00000000 00:00 0 
7f9306550000-7f9306551000 ---p 00000000 00:00 0 
7f9306551000-7f9306652000 rw-p 00000000 00:00 0 
7f9306652000-7f9306653000 ---p 00000000 00:00 0 
7f9306653000-7f9306759000 rw-p 00000000 00:00 0 
7f9306759000-7f930683f000 ---p 00000000 00:00 0 
7f930683f000-7f930684d000 rw-p 00000000 00:00 0 
7f930684d000-7f930692a000 ---p 00000000 00:00 0 
7f930692a000-7f930692f000 r-xp 00000000 08:01 948609                     /usr/lib/jvm/java-11-openjdk-amd64/lib/libjimage.so
7f930692f000-7f9306b2e000 ---p 00005000 08:01 948609                     /usr/lib/jvm/java-11-openjdk-amd64/lib/libjimage.so
7f9306b2e000-7f9306b2f000 r--p 00004000 08:01 948609                     /usr/lib/jvm/java-11-openjdk-amd64/lib/libjimage.so
7f9306b2f000-7f9306b30000 rw-p 00005000 08:01 948609                     /usr/lib/jvm/java-11-openjdk-amd64/lib/libjimage.so
7f9306b30000-7f9306b37000 r-xp 00000000 08:01 948626                     /usr/lib/jvm/java-11-openjdk-amd64/lib/libzip.so
7f9306b37000-7f9306d36000 ---p 00007000 08:01 948626                     /usr/lib/jvm/java-11-openjdk-amd64/lib/libzip.so
7f9306d36000-7f9306d37000 r--p 00006000 08:01 948626                     /usr/lib/jvm/java-11-openjdk-amd64/lib/libzip.so
7f9306d37000-7f9306d38000 rw-p 00007000 08:01 948626                     /usr/lib/jvm/java-11-openjdk-amd64/lib/libzip.so
7f9306d38000-7f9306d43000 r-xp 00000000 08:01 399298                     /lib/x86_64-linux-gnu/libnss_files-2.27.so
7f9306d43000-7f9306f42000 ---p 0000b000 08:01 399298                     /lib/x86_64-linux-gnu/libnss_files-2.27.so
7f9306f42000-7f9306f43000 r--p 0000a000 08:01 399298                     /lib/x86_64-linux-gnu/libnss_files-2.27.so
7f9306f43000-7f9306f44000 rw-p 0000b000 08:01 399298                     /lib/x86_64-linux-gnu/libnss_files-2.27.so
7f9306f44000-7f9306f4a000 rw-p 00000000 00:00 0 
7f9306f4a000-7f9306f61000 r-xp 00000000 08:01 399292                     /lib/x86_64-linux-gnu/libnsl-2.27.so
7f9306f61000-7f9307160000 ---p 00017000 08:01 399292                     /lib/x86_64-linux-gnu/libnsl-2.27.so
7f9307160000-7f9307161000 r--p 00016000 08:01 399292                     /lib/x86_64-linux-gnu/libnsl-2.27.so
7f9307161000-7f9307162000 rw-p 00017000 08:01 399292                     /lib/x86_64-linux-gnu/libnsl-2.27.so
7f9307162000-7f9307164000 rw-p 00000000 00:00 0 
7f9307164000-7f930716f000 r-xp 00000000 08:01 399309                     /lib/x86_64-linux-gnu/libnss_nis-2.27.so
7f930716f000-7f930736e000 ---p 0000b000 08:01 399309                     /lib/x86_64-linux-gnu/libnss_nis-2.27.so
7f930736e000-7f930736f000 r--p 0000a000 08:01 399309                     /lib/x86_64-linux-gnu/libnss_nis-2.27.so
7f930736f000-7f9307370000 rw-p 0000b000 08:01 399309                     /lib/x86_64-linux-gnu/libnss_nis-2.27.so
7f9307370000-7f9307378000 r-xp 00000000 08:01 399294                     /lib/x86_64-linux-gnu/libnss_compat-2.27.so
7f9307378000-7f9307578000 ---p 00008000 08:01 399294                     /lib/x86_64-linux-gnu/libnss_compat-2.27.so
7f9307578000-7f9307579000 r--p 00008000 08:01 399294                     /lib/x86_64-linux-gnu/libnss_compat-2.27.so
7f9307579000-7f930757a000 rw-p 00009000 08:01 399294                     /lib/x86_64-linux-gnu/libnss_compat-2.27.so
7f930757a000-7f93075a6000 r-xp 00000000 08:01 948605                     /usr/lib/jvm/java-11-openjdk-amd64/lib/libjava.so
7f93075a6000-7f93077a5000 ---p 0002c000 08:01 948605                     /usr/lib/jvm/java-11-openjdk-amd64/lib/libjava.so
7f93077a5000-7f93077a6000 r--p 0002b000 08:01 948605                     /usr/lib/jvm/java-11-openjdk-amd64/lib/libjava.so
7f93077a6000-7f93077a8000 rw-p 0002c000 08:01 948605                     /usr/lib/jvm/java-11-openjdk-amd64/lib/libjava.so
7f93077a8000-7f93077b5000 r-xp 00000000 08:01 948625                     /usr/lib/jvm/java-11-openjdk-amd64/lib/libverify.so
7f93077b5000-7f93079b4000 ---p 0000d000 08:01 948625                     /usr/lib/jvm/java-11-openjdk-amd64/lib/libverify.so
7f93079b4000-7f93079b6000 r--p 0000c000 08:01 948625                     /usr/lib/jvm/java-11-openjdk-amd64/lib/libverify.so
7f93079b6000-7f93079b7000 rw-p 0000e000 08:01 948625                     /usr/lib/jvm/java-11-openjdk-amd64/lib/libverify.so
7f93079b7000-7f93079be000 r-xp 00000000 08:01 399349                     /lib/x86_64-linux-gnu/librt-2.27.so
7f93079be000-7f9307bbd000 ---p 00007000 08:01 399349                     /lib/x86_64-linux-gnu/librt-2.27.so
7f9307bbd000-7f9307bbe000 r--p 00006000 08:01 399349                     /lib/x86_64-linux-gnu/librt-2.27.so
7f9307bbe000-7f9307bbf000 rw-p 00007000 08:01 399349                     /lib/x86_64-linux-gnu/librt-2.27.so
7f9307bbf000-7f9307bd6000 r-xp 00000000 08:01 393301                     /lib/x86_64-linux-gnu/libgcc_s.so.1
7f9307bd6000-7f9307dd5000 ---p 00017000 08:01 393301                     /lib/x86_64-linux-gnu/libgcc_s.so.1
7f9307dd5000-7f9307dd6000 r--p 00016000 08:01 393301                     /lib/x86_64-linux-gnu/libgcc_s.so.1
7f9307dd6000-7f9307dd7000 rw-p 00017000 08:01 393301                     /lib/x86_64-linux-gnu/libgcc_s.so.1
7f9307dd7000-7f9307f74000 r-xp 00000000 08:01 399271                     /lib/x86_64-linux-gnu/libm-2.27.so
7f9307f74000-7f9308173000 ---p 0019d000 08:01 399271                     /lib/x86_64-linux-gnu/libm-2.27.so
7f9308173000-7f9308174000 r--p 0019c000 08:01 399271                     /lib/x86_64-linux-gnu/libm-2.27.so
7f9308174000-7f9308175000 rw-p 0019d000 08:01 399271                     /lib/x86_64-linux-gnu/libm-2.27.so
7f9308175000-7f93082ee000 r-xp 00000000 08:01 920236                     /usr/lib/x86_64-linux-gnu/libstdc++.so.6.0.25
7f93082ee000-7f93084ee000 ---p 00179000 08:01 920236                     /usr/lib/x86_64-linux-gnu/libstdc++.so.6.0.25
7f93084ee000-7f93084f8000 r--p 00179000 08:01 920236                     /usr/lib/x86_64-linux-gnu/libstdc++.so.6.0.25
7f93084f8000-7f93084fa000 rw-p 00183000 08:01 920236                     /usr/lib/x86_64-linux-gnu/libstdc++.so.6.0.25
7f93084fa000-7f93084fe000 rw-p 00000000 00:00 0 
7f93084fe000-7f930949b000 r-xp 00000000 08:01 1056032                    /usr/lib/jvm/java-11-openjdk-amd64/lib/server/libjvm.so
7f930949b000-7f930969b000 ---p 00f9d000 08:01 1056032                    /usr/lib/jvm/java-11-openjdk-amd64/lib/server/libjvm.so
7f930969b000-7f930975f000 r--p 00f9d000 08:01 1056032                    /usr/lib/jvm/java-11-openjdk-amd64/lib/server/libjvm.so
7f930975f000-7f9309797000 rw-p 01061000 08:01 1056032                    /usr/lib/jvm/java-11-openjdk-amd64/lib/server/libjvm.so
7f9309797000-7f93097e0000 rw-p 00000000 00:00 0 
7f93097e0000-7f93097fa000 r-xp 00000000 08:01 399341                     /lib/x86_64-linux-gnu/libpthread-2.27.so
7f93097fa000-7f93099f9000 ---p 0001a000 08:01 399341                     /lib/x86_64-linux-gnu/libpthread-2.27.so
7f93099f9000-7f93099fa000 r--p 00019000 08:01 399341                     /lib/x86_64-linux-gnu/libpthread-2.27.so
7f93099fa000-7f93099fb000 rw-p 0001a000 08:01 399341                     /lib/x86_64-linux-gnu/libpthread-2.27.so
7f93099fb000-7f93099ff000 rw-p 00000000 00:00 0 
7f93099ff000-7f9309a02000 r-xp 00000000 08:01 399231                     /lib/x86_64-linux-gnu/libdl-2.27.so
7f9309a02000-7f9309c01000 ---p 00003000 08:01 399231                     /lib/x86_64-linux-gnu/libdl-2.27.so
7f9309c01000-7f9309c02000 r--p 00002000 08:01 399231                     /lib/x86_64-linux-gnu/libdl-2.27.so
7f9309c02000-7f9309c03000 rw-p 00003000 08:01 399231                     /lib/x86_64-linux-gnu/libdl-2.27.so
7f9309c03000-7f9309c1f000 r-xp 00000000 08:01 399380                     /lib/x86_64-linux-gnu/libz.so.1.2.11
7f9309c1f000-7f9309e1e000 ---p 0001c000 08:01 399380                     /lib/x86_64-linux-gnu/libz.so.1.2.11
7f9309e1e000-7f9309e1f000 r--p 0001b000 08:01 399380                     /lib/x86_64-linux-gnu/libz.so.1.2.11
7f9309e1f000-7f9309e20000 rw-p 0001c000 08:01 399380                     /lib/x86_64-linux-gnu/libz.so.1.2.11
7f9309e20000-7f930a007000 r-xp 00000000 08:01 399208                     /lib/x86_64-linux-gnu/libc-2.27.so
7f930a007000-7f930a207000 ---p 001e7000 08:01 399208                     /lib/x86_64-linux-gnu/libc-2.27.so
7f930a207000-7f930a20b000 r--p 001e7000 08:01 399208                     /lib/x86_64-linux-gnu/libc-2.27.so
7f930a20b000-7f930a20d000 rw-p 001eb000 08:01 399208                     /lib/x86_64-linux-gnu/libc-2.27.so
7f930a20d000-7f930a211000 rw-p 00000000 00:00 0 
7f930a211000-7f930a220000 r-xp 00000000 08:01 948590                     /usr/lib/jvm/java-11-openjdk-amd64/lib/jli/libjli.so
7f930a220000-7f930a41f000 ---p 0000f000 08:01 948590                     /usr/lib/jvm/java-11-openjdk-amd64/lib/jli/libjli.so
7f930a41f000-7f930a420000 r--p 0000e000 08:01 948590                     /usr/lib/jvm/java-11-openjdk-amd64/lib/jli/libjli.so
7f930a420000-7f930a421000 rw-p 0000f000 08:01 948590                     /usr/lib/jvm/java-11-openjdk-amd64/lib/jli/libjli.so
7f930a421000-7f930a448000 r-xp 00000000 08:01 399180                     /lib/x86_64-linux-gnu/ld-2.27.so
7f930a470000-7f930a528000 rw-p 00000000 00:00 0 
7f930a528000-7f930a52f000 ---p 00000000 00:00 0 
7f930a52f000-7f930a533000 ---p 00000000 00:00 0 
7f930a533000-7f930a632000 rw-p 00000000 00:00 0 
7f930a63b000-7f930a63c000 rw-p 00000000 00:00 0 
7f930a63c000-7f930a644000 rw-s 00000000 08:01 928501                     /tmp/hsperfdata_arslan/28557
7f930a644000-7f930a645000 ---p 00000000 00:00 0 
7f930a645000-7f930a646000 r--p 00000000 00:00 0 
7f930a646000-7f930a648000 rw-p 00000000 00:00 0 
7f930a648000-7f930a649000 r--p 00027000 08:01 399180                     /lib/x86_64-linux-gnu/ld-2.27.so
7f930a649000-7f930a64a000 rw-p 00028000 08:01 399180                     /lib/x86_64-linux-gnu/ld-2.27.so
7f930a64a000-7f930a64b000 rw-p 00000000 00:00 0 
7ffc13828000-7ffc13849000 rw-p 00000000 00:00 0                          [stack]
7ffc139c7000-7ffc139ca000 r--p 00000000 00:00 0                          [vvar]
7ffc139ca000-7ffc139cc000 r-xp 00000000 00:00 0                          [vdso]
ffffffffff600000-ffffffffff601000 r-xp 00000000 00:00 0                  [vsyscall]


VM Arguments:
java_command: third-party/closure-compiler.jar --generate_exports --compilation_level ADVANCED_OPTIMIZATIONS --dependency_mode=STRICT --externs externs/gviz-externs.js --externs externs/interpreter-externs.js --externs externs/prettify-externs.js --externs externs/soundJS-externs.js --externs externs/storage-externs.js --externs appengine/third-party/blockly/externs/svg-externs.js --language_out ECMASCRIPT5_STRICT --entry_point=Puzzle --js='appengine/third-party/**.js' --js='!appengine/third-party/blockly/*.js' --js='!appengine/third-party/blockly/tests/**.js' --js='!appengine/third-party/blockly/externs/**.js' --js='!appengine/third-party/blockly/demos/**.js' --js='appengine/generated/en/*.js' --js='appengine/js/*.js' --warning_level QUIET --js='appengine/puzzle/generated/en/*.js' --js='appengine/puzzle/js/*.js'
java_class_path (initial): third-party/closure-compiler.jar
Launcher Type: SUN_STANDARD

Logging:
Log output configuration:
#0: stdout all=warning uptime,level,tags
#1: stderr all=off uptime,level,tags

Environment Variables:
PATH=/usr/local/sbin:/usr/local/bin:/usr/sbin:/usr/bin:/sbin:/bin:/usr/games:/usr/local/games:/snap/bin
USERNAME=arslan
SHELL=/bin/bash
DISPLAY=:0

Signal Handlers:
SIGSEGV: [libjvm.so+0xd28ad0], sa_mask[0]=11111111011111111101111111111110, sa_flags=SA_RESTART|SA_SIGINFO
SIGBUS: [libjvm.so+0xd28ad0], sa_mask[0]=11111111011111111101111111111110, sa_flags=SA_RESTART|SA_SIGINFO
SIGFPE: [libjvm.so+0xd28ad0], sa_mask[0]=11111111011111111101111111111110, sa_flags=SA_RESTART|SA_SIGINFO
SIGPIPE: [libjvm.so+0xb2a150], sa_mask[0]=11111111011111111101111111111110, sa_flags=SA_RESTART|SA_SIGINFO
SIGXFSZ: [libjvm.so+0xb2a150], sa_mask[0]=11111111011111111101111111111110, sa_flags=SA_RESTART|SA_SIGINFO
SIGILL: [libjvm.so+0xd28ad0], sa_mask[0]=11111111011111111101111111111110, sa_flags=SA_RESTART|SA_SIGINFO
SIGUSR2: [libjvm.so+0xb29f90], sa_mask[0]=00000000000000000000000000000000, sa_flags=SA_RESTART|SA_SIGINFO
SIGHUP: [libjvm.so+0xb2a0e0], sa_mask[0]=11111111011111111101111111111110, sa_flags=SA_RESTART|SA_SIGINFO
SIGINT: [libjvm.so+0xb2a0e0], sa_mask[0]=11111111011111111101111111111110, sa_flags=SA_RESTART|SA_SIGINFO
SIGTERM: [libjvm.so+0xb2a0e0], sa_mask[0]=11111111011111111101111111111110, sa_flags=SA_RESTART|SA_SIGINFO
SIGQUIT: [libjvm.so+0xb2a0e0], sa_mask[0]=11111111011111111101111111111110, sa_flags=SA_RESTART|SA_SIGINFO


---------------  S Y S T E M  ---------------

OS:DISTRIB_ID=Ubuntu
DISTRIB_RELEASE=18.04
DISTRIB_CODENAME=bionic
DISTRIB_DESCRIPTION="Ubuntu 18.04.1 LTS"
uname:Linux 4.15.0-36-generic #39-Ubuntu SMP Mon Sep 24 16:19:09 UTC 2018 x86_64
libc:glibc 2.27 NPTL 2.27 
rlimit: STACK 8192k, CORE 0k, NPROC 22121, NOFILE 4096, AS infinity, DATA infinity, FSIZE infinity
load average:2.21 1.05 0.76

/proc/meminfo:
MemTotal:        5723708 kB
MemFree:          131892 kB
MemAvailable:     104808 kB
Buffers:            1244 kB
Cached:           271524 kB
SwapCached:        40524 kB
Active:          3928572 kB
Inactive:         725848 kB
Active(anon):    3866036 kB
Inactive(anon):   643632 kB
Active(file):      62536 kB
Inactive(file):    82216 kB
Unevictable:        2860 kB
Mlocked:            2860 kB
SwapTotal:        969960 kB
SwapFree:              4 kB
Dirty:               516 kB
Writeback:             0 kB
AnonPages:       4345820 kB
Mapped:           258744 kB
Shmem:            127696 kB
Slab:             149332 kB
SReclaimable:      55868 kB
SUnreclaim:        93464 kB
KernelStack:       21888 kB
PageTables:        90192 kB
NFS_Unstable:          0 kB
Bounce:                0 kB
WritebackTmp:          0 kB
CommitLimit:     3831812 kB
Committed_AS:   14710792 kB
VmallocTotal:   34359738367 kB
VmallocUsed:           0 kB
VmallocChunk:          0 kB
HardwareCorrupted:     0 kB
AnonHugePages:         0 kB
ShmemHugePages:        0 kB
ShmemPmdMapped:        0 kB
CmaTotal:              0 kB
CmaFree:               0 kB
HugePages_Total:       0
HugePages_Free:        0
HugePages_Rsvd:        0
HugePages_Surp:        0
Hugepagesize:       2048 kB
DirectMap4k:      509760 kB
DirectMap2M:     5421056 kB
DirectMap1G:           0 kB

container (cgroup) information:
container_type: cgroupv1
cpu_cpuset_cpus: 0-7
cpu_memory_nodes: 0
active_processor_count: 8
cpu_quota: -1
cpu_period: 100000
cpu_shares: -1
memory_limit_in_bytes: -1
memory_and_swap_limit_in_bytes: -2
memory_soft_limit_in_bytes: -1
memory_usage_in_bytes: 4733751296
memory_max_usage_in_bytes: 442261504


CPU:total 8 (initial active 8) (4 cores per cpu, 1 threads per core) family 6 model 94 stepping 3, cmov, cx8, fxsr, mmx, sse, sse2, sse3, ssse3, sse4.1, sse4.2, popcnt, avx, avx2, aes, clmul, erms, rtm, 3dnowpref, lzcnt, tsc, tscinvbit, bmi1, bmi2, adx, fma
CPU Model and flags from /proc/cpuinfo:
model name	: Intel(R) Core(TM) i7-6700HQ CPU @ 2.60GHz
flags		: fpu vme de pse tsc msr pae mce cx8 apic sep mtrr pge mca cmov pat pse36 clflush mmx fxsr sse sse2 ss ht syscall nx pdpe1gb rdtscp lm constant_tsc arch_perfmon nopl xtopology tsc_reliable nonstop_tsc cpuid pni pclmulqdq vmx ssse3 fma cx16 pcid sse4_1 sse4_2 x2apic movbe popcnt tsc_deadline_timer aes xsave avx f16c rdrand hypervisor lahf_lm abm 3dnowprefetch cpuid_fault invpcid_single pti ibrs ibpb stibp tpr_shadow vnmi ept vpid fsgsbase tsc_adjust bmi1 hle avx2 smep bmi2 invpcid rtm mpx rdseed adx smap clflushopt xsaveopt xsavec xsaves arat arch_capabilities

Memory: 4k page, physical 5723708k(131892k free), swap 969960k(4k free)

vm_info: OpenJDK 64-Bit Server VM (10.0.2+13-Ubuntu-1ubuntu0.18.04.2) for linux-amd64 JRE (10.0.2+13-Ubuntu-1ubuntu0.18.04.2), built on Aug 24 2018 17:36:24 by "buildd" with gcc 7.3.0

END.
