#
# There is insufficient memory for the Java Runtime Environment to continue.
# Native memory allocation (mmap) failed to map 168820736 bytes for committing reserved memory.
# Possible reasons:
#   The system is out of physical RAM or swap space
#   The process is running with CompressedOops enabled, and the Java Heap may be blocking the growth of the native heap
# Possible solutions:
#   Reduce memory load on the system
#   Increase physical memory or swap space
#   Check if swap backing store is full
#   Decrease Java heap size (-Xmx/-Xms)
#   Decrease number of Java threads
#   Decrease Java thread stack sizes (-Xss)
#   Set larger code cache with -XX:ReservedCodeCacheSize=
#   JVM is running with Unscaled Compressed Oops mode in which the Java heap is
#     placed in the first 4GB address space. The Java Heap base address is the
#     maximum limit for the native heap growth. Please use -XX:HeapBaseMinAddress
#     to set the Java Heap base and to place the Java Heap above 4GB virtual address.
# This output file may be truncated or incomplete.
#
#  Out of Memory Error (os_linux.cpp:2706), pid=36555, tid=36577
#
# JRE version: OpenJDK Runtime Environment (10.0.2+13) (build 10.0.2+13-Ubuntu-1ubuntu0.18.04.2)
# Java VM: OpenJDK 64-Bit Server VM (10.0.2+13-Ubuntu-1ubuntu0.18.04.2, mixed mode, tiered, compressed oops, g1 gc, linux-amd64)
# Core dump will be written. Default location: Core dumps may be processed with "/usr/share/apport/apport %p %s %c %d %P" (or dumping to /home/arslan/Desktop/learnobot/blockly-games/core.36555)
#

---------------  S U M M A R Y ------------

Command Line: third-party/closure-compiler.jar --generate_exports --compilation_level ADVANCED_OPTIMIZATIONS --dependency_mode=STRICT --externs externs/gviz-externs.js --externs externs/interpreter-externs.js --externs externs/prettify-externs.js --externs externs/soundJS-externs.js --externs externs/storage-externs.js --externs appengine/third-party/blockly/externs/svg-externs.js --language_out ECMASCRIPT5_STRICT --entry_point=Puzzle --js='appengine/third-party/**.js' --js='!appengine/third-party/blockly/*.js' --js='!appengine/third-party/blockly/tests/**.js' --js='!appengine/third-party/blockly/externs/**.js' --js='!appengine/third-party/blockly/demos/**.js' --js='appengine/generated/en/*.js' --js='appengine/js/*.js' --warning_level QUIET --js='appengine/puzzle/generated/en/*.js' --js='appengine/puzzle/js/*.js'

Host: Intel(R) Core(TM) i7-6700HQ CPU @ 2.60GHz, 8 cores, 3G, Ubuntu 18.04.1 LTS
Time: Thu Oct  4 04:05:47 2018 PDT elapsed time: 5 seconds (0d 0h 0m 5s)

---------------  T H R E A D  ---------------

Current thread (0x00007f15fc139800):  VMThread "VM Thread" [stack: 0x00007f15b09ea000,0x00007f15b0aea000] [id=36577]

Stack: [0x00007f15b09ea000,0x00007f15b0aea000],  sp=0x00007f15b0ae80a0,  free space=1016k
Native frames: (J=compiled Java code, A=aot compiled Java code, j=interpreted, Vv=VM code, C=native code)
V  [libjvm.so+0xd27e04]
V  [libjvm.so+0xd289ab]
V  [libjvm.so+0x64d415]
V  [libjvm.so+0xb2d728]
V  [libjvm.so+0xb25f7d]
V  [libjvm.so+0x7662ff]
V  [libjvm.so+0x76653e]
V  [libjvm.so+0x769500]
V  [libjvm.so+0x7efa1c]
V  [libjvm.so+0x7f06df]
V  [libjvm.so+0x7f0b59]
V  [libjvm.so+0x7162cf]
V  [libjvm.so+0x71a3ba]
V  [libjvm.so+0xd39f68]
V  [libjvm.so+0xd387d1]
V  [libjvm.so+0xd35a9b]
V  [libjvm.so+0xd370be]
V  [libjvm.so+0xd374e8]
V  [libjvm.so+0xb33ca0]

VM_Operation (0x00007f1557ff8940): G1IncCollectionPause, mode: safepoint, requested by thread 0x00007f15fc512800


---------------  P R O C E S S  ---------------

Threads class SMR info:
_java_thread_list=0x00007f15fc511a30, length=12, elements={
0x00007f15fc012000, 0x00007f15fc143800, 0x00007f15fc145800, 0x00007f15fc14e800,
0x00007f15fc159000, 0x00007f15fc15b000, 0x00007f15fc15d000, 0x00007f15fc15f000,
0x00007f15fc161000, 0x00007f15fc21d800, 0x00007f15fc22c800, 0x00007f15fc512800
}

Java Threads: ( => current thread )
  0x00007f15fc012000 JavaThread "main" [_thread_blocked, id=36556, stack(0x00007f1603f72000,0x00007f1604073000)]
  0x00007f15fc143800 JavaThread "Reference Handler" daemon [_thread_blocked, id=36578, stack(0x00007f15b08e7000,0x00007f15b09e8000)]
  0x00007f15fc145800 JavaThread "Finalizer" daemon [_thread_blocked, id=36579, stack(0x00007f15b07e6000,0x00007f15b08e7000)]
  0x00007f15fc14e800 JavaThread "Signal Dispatcher" daemon [_thread_blocked, id=36580, stack(0x00007f15b06e5000,0x00007f15b07e6000)]
  0x00007f15fc159000 JavaThread "C2 CompilerThread0" daemon [_thread_in_native, id=36581, stack(0x00007f15b05e4000,0x00007f15b06e5000)]
  0x00007f15fc15b000 JavaThread "C2 CompilerThread1" daemon [_thread_in_native, id=36582, stack(0x00007f15b04e3000,0x00007f15b05e4000)]
  0x00007f15fc15d000 JavaThread "C2 CompilerThread2" daemon [_thread_in_native, id=36583, stack(0x00007f15b03e2000,0x00007f15b04e3000)]
  0x00007f15fc15f000 JavaThread "C1 CompilerThread3" daemon [_thread_blocked, id=36584, stack(0x00007f15b02e1000,0x00007f15b03e2000)]
  0x00007f15fc161000 JavaThread "Sweeper thread" daemon [_thread_blocked, id=36585, stack(0x00007f15b01e0000,0x00007f15b02e1000)]
  0x00007f15fc21d800 JavaThread "Service Thread" daemon [_thread_blocked, id=36586, stack(0x00007f15b00df000,0x00007f15b01e0000)]
  0x00007f15fc22c800 JavaThread "Common-Cleaner" daemon [_thread_blocked, id=36588, stack(0x00007f158342e000,0x00007f158352f000)]
  0x00007f15fc512800 JavaThread "jscompiler" daemon [_thread_blocked, id=36595, stack(0x00007f1553fff000,0x00007f1558000000)]

Other Threads:
=>0x00007f15fc139800 VMThread "VM Thread" [stack: 0x00007f15b09ea000,0x00007f15b0aea000] [id=36577]
  0x00007f15fc21f800 WatcherThread [stack: 0x00007f1583531000,0x00007f1583631000] [id=36587]
  0x00007f15fc029000 GCTaskThread "GC Thread#0" [stack: 0x00007f1600097000,0x00007f1600197000] [id=36557]
  0x00007f15fc02a800 GCTaskThread "GC Thread#1" [stack: 0x00007f15e3a26000,0x00007f15e3b26000] [id=36558]
  0x00007f15fc02c000 GCTaskThread "GC Thread#2" [stack: 0x00007f15e3924000,0x00007f15e3a24000] [id=36559]
  0x00007f15fc02e000 GCTaskThread "GC Thread#3" [stack: 0x00007f15e3822000,0x00007f15e3922000] [id=36560]
  0x00007f15fc02f800 GCTaskThread "GC Thread#4" [stack: 0x00007f15e3720000,0x00007f15e3820000] [id=36561]
  0x00007f15fc031000 GCTaskThread "GC Thread#5" [stack: 0x00007f15e361e000,0x00007f15e371e000] [id=36562]
  0x00007f15fc033000 GCTaskThread "GC Thread#6" [stack: 0x00007f15e351c000,0x00007f15e361c000] [id=36563]
  0x00007f15fc034800 GCTaskThread "GC Thread#7" [stack: 0x00007f15e341a000,0x00007f15e351a000] [id=36564]
  0x00007f15fc06c800 ConcurrentGCThread "G1 Main Marker" [stack: 0x00007f15e069f000,0x00007f15e079f000] [id=36565]
  0x00007f15fc06e800 ConcurrentGCThread "G1 Conc#0" [stack: 0x00007f15e059d000,0x00007f15e069d000] [id=36566]
  0x00007f15fc070000 ConcurrentGCThread "G1 Conc#1" [stack: 0x00007f15e049b000,0x00007f15e059b000] [id=36567]
  0x00007f15fc0a4000 ConcurrentGCThread "G1 Refine#0" [stack: 0x00007f15b1afc000,0x00007f15b1bfc000] [id=36568]
  0x00007f15fc0a6000 ConcurrentGCThread "G1 Refine#1" [stack: 0x00007f15b19fa000,0x00007f15b1afa000] [id=36569]
  0x00007f15fc0a7800 ConcurrentGCThread "G1 Refine#2" [stack: 0x00007f15b18f8000,0x00007f15b19f8000] [id=36570]
  0x00007f15fc0a9800 ConcurrentGCThread "G1 Refine#3" [stack: 0x00007f15b17f6000,0x00007f15b18f6000] [id=36571]
  0x00007f15fc0ab000 ConcurrentGCThread "G1 Refine#4" [stack: 0x00007f15b16f4000,0x00007f15b17f4000] [id=36572]
  0x00007f15fc0ac800 ConcurrentGCThread "G1 Refine#5" [stack: 0x00007f15b15f2000,0x00007f15b16f2000] [id=36573]
  0x00007f15fc0ae800 ConcurrentGCThread "G1 Refine#6" [stack: 0x00007f15b14f0000,0x00007f15b15f0000] [id=36574]
  0x00007f15fc0b0000 ConcurrentGCThread "G1 Refine#7" [stack: 0x00007f15b13ee000,0x00007f15b14ee000] [id=36575]
  0x00007f15fc0b2000 ConcurrentGCThread "G1 Young RemSet Sampling" [stack: 0x00007f15b12ec000,0x00007f15b13ec000] [id=36576]

Threads with active compile tasks:
C2 CompilerThread02221       4       com.google.javascript.jscomp.parsing.parser.Parser::parseMultiplicativeExpression (50 bytes)
C2 CompilerThread12291       4       com.google.javascript.jscomp.parsing.parser.Parser::parseLogicalAND (60 bytes)
C2 CompilerThread22261       4       com.google.javascript.jscomp.parsing.parser.Parser::parseRelational (53 bytes)

VM state:at safepoint (normal execution)

VM Mutex/Monitor currently owned by a thread:  ([mutex/lock_event])
[0x00007f15fc00e660] Threads_lock - owner thread: 0x00007f15fc139800
[0x00007f15fc00ec00] Heap_lock - owner thread: 0x00007f15fc512800

Heap address: 0x00000000c2a00000, size: 982 MB, Compressed Oops mode: 32-bit
Narrow klass base: 0x0000000000000000, Narrow klass shift: 3
Compressed class space size: 1073741824 Address: 0x0000000100000000

Heap:
 garbage-first heap   total 353280K, used 83706K [0x00000000c2a00000, 0x0000000100000000)
  region size 1024K, 8 young (8192K), 8 survivors (8192K)
 Metaspace       used 16391K, capacity 16599K, committed 17024K, reserved 1064960K
  class space    used 1478K, capacity 1553K, committed 1664K, reserved 1048576K
Heap Regions: E=young(eden), S=young(survivor), O=old, HS=humongous(starts), HC=humongous(continues), CS=collection set, F=free, A=archive, TS=gc time stamp, AC=allocation context, TAMS=top-at-mark-start (previous, next)
|   0|0x00000000c2a00000, 0x00000000c2b00000, 0x00000000c2b00000|100%| O|  |TS  0|AC  0|TAMS 0x00000000c2b00000, 0x00000000c2b00000|
|   1|0x00000000c2b00000, 0x00000000c2c00000, 0x00000000c2c00000|100%| O|  |TS  0|AC  0|TAMS 0x00000000c2c00000, 0x00000000c2c00000|
|   2|0x00000000c2c00000, 0x00000000c2d00000, 0x00000000c2d00000|100%| O|  |TS  0|AC  0|TAMS 0x00000000c2d00000, 0x00000000c2d00000|
|   3|0x00000000c2d00000, 0x00000000c2e00000, 0x00000000c2e00000|100%| O|  |TS  0|AC  0|TAMS 0x00000000c2e00000, 0x00000000c2e00000|
|   4|0x00000000c2e00000, 0x00000000c2f00000, 0x00000000c2f00000|100%| O|  |TS  0|AC  0|TAMS 0x00000000c2f00000, 0x00000000c2f00000|
|   5|0x00000000c2f00000, 0x00000000c3000000, 0x00000000c3000000|100%| O|  |TS  0|AC  0|TAMS 0x00000000c3000000, 0x00000000c3000000|
|   6|0x00000000c3000000, 0x00000000c3100000, 0x00000000c3100000|100%| O|  |TS  0|AC  0|TAMS 0x00000000c3100000, 0x00000000c3100000|
|   7|0x00000000c3100000, 0x00000000c3200000, 0x00000000c3200000|100%| O|  |TS  0|AC  0|TAMS 0x00000000c3200000, 0x00000000c3200000|
|   8|0x00000000c3200000, 0x00000000c3300000, 0x00000000c3300000|100%| O|  |TS  0|AC  0|TAMS 0x00000000c3300000, 0x00000000c3300000|
|   9|0x00000000c3300000, 0x00000000c3400000, 0x00000000c3400000|100%| O|  |TS  0|AC  0|TAMS 0x00000000c3400000, 0x00000000c3400000|
|  10|0x00000000c3400000, 0x00000000c3500000, 0x00000000c3500000|100%| O|  |TS  0|AC  0|TAMS 0x00000000c3500000, 0x00000000c3500000|
|  11|0x00000000c3500000, 0x00000000c3600000, 0x00000000c3600000|100%| O|  |TS  0|AC  0|TAMS 0x00000000c3600000, 0x00000000c3600000|
|  12|0x00000000c3600000, 0x00000000c3700000, 0x00000000c3700000|100%| O|  |TS  0|AC  0|TAMS 0x00000000c3700000, 0x00000000c3700000|
|  13|0x00000000c3700000, 0x00000000c3800000, 0x00000000c3800000|100%| O|  |TS  0|AC  0|TAMS 0x00000000c3800000, 0x00000000c3800000|
|  14|0x00000000c3800000, 0x00000000c3900000, 0x00000000c3900000|100%| O|  |TS  0|AC  0|TAMS 0x00000000c3900000, 0x00000000c3900000|
|  15|0x00000000c3900000, 0x00000000c3a00000, 0x00000000c3a00000|100%| O|  |TS  0|AC  0|TAMS 0x00000000c3a00000, 0x00000000c3a00000|
|  16|0x00000000c3a00000, 0x00000000c3b00000, 0x00000000c3b00000|100%| O|  |TS  4|AC  0|TAMS 0x00000000c3a00000, 0x00000000c3a00000|
|  17|0x00000000c3b00000, 0x00000000c3c00000, 0x00000000c3c00000|100%| O|  |TS  5|AC  0|TAMS 0x00000000c3b00000, 0x00000000c3b00000|
|  18|0x00000000c3c00000, 0x00000000c3d00000, 0x00000000c3d00000|100%|HS|  |TS  0|AC  0|TAMS 0x00000000c3d00000, 0x00000000c3d00000|
|  19|0x00000000c3d00000, 0x00000000c3e00000, 0x00000000c3e00000|100%| O|  |TS  0|AC  0|TAMS 0x00000000c3e00000, 0x00000000c3e00000|
|  20|0x00000000c3e00000, 0x00000000c3f00000, 0x00000000c3f00000|100%| O|  |TS  0|AC  0|TAMS 0x00000000c3f00000, 0x00000000c3f00000|
|  21|0x00000000c3f00000, 0x00000000c4000000, 0x00000000c4000000|100%| O|  |TS  0|AC  0|TAMS 0x00000000c4000000, 0x00000000c4000000|
|  22|0x00000000c4000000, 0x00000000c4100000, 0x00000000c4100000|100%| O|  |TS  0|AC  0|TAMS 0x00000000c4100000, 0x00000000c4100000|
|  23|0x00000000c4100000, 0x00000000c4200000, 0x00000000c4200000|100%| O|  |TS  0|AC  0|TAMS 0x00000000c4200000, 0x00000000c4200000|
|  24|0x00000000c4200000, 0x00000000c4300000, 0x00000000c4300000|100%|HS|  |TS  0|AC  0|TAMS 0x00000000c4300000, 0x00000000c4300000|
|  25|0x00000000c4300000, 0x00000000c4400000, 0x00000000c4400000|100%| O|  |TS  1|AC  0|TAMS 0x00000000c4300000, 0x00000000c4300000|
|  26|0x00000000c4400000, 0x00000000c4500000, 0x00000000c4500000|100%| O|  |TS  0|AC  0|TAMS 0x00000000c4500000, 0x00000000c4500000|
|  27|0x00000000c4500000, 0x00000000c4600000, 0x00000000c4600000|100%| O|  |TS  0|AC  0|TAMS 0x00000000c4600000, 0x00000000c4600000|
|  28|0x00000000c4600000, 0x00000000c4700000, 0x00000000c4700000|100%| O|  |TS  5|AC  0|TAMS 0x00000000c4600000, 0x00000000c4600000|
|  29|0x00000000c4700000, 0x00000000c4800000, 0x00000000c4800000|100%| O|  |TS  5|AC  0|TAMS 0x00000000c4700000, 0x00000000c4700000|
|  30|0x00000000c4800000, 0x00000000c4900000, 0x00000000c4900000|100%| O|  |TS  0|AC  0|TAMS 0x00000000c4900000, 0x00000000c4900000|
|  31|0x00000000c4900000, 0x00000000c4a00000, 0x00000000c4a00000|100%| O|  |TS  0|AC  0|TAMS 0x00000000c4a00000, 0x00000000c4a00000|
|  32|0x00000000c4a00000, 0x00000000c4b00000, 0x00000000c4b00000|100%| O|  |TS  6|AC  0|TAMS 0x00000000c4a00000, 0x00000000c4a00000|
|  33|0x00000000c4b00000, 0x00000000c4c00000, 0x00000000c4c00000|100%| O|  |TS  6|AC  0|TAMS 0x00000000c4b00000, 0x00000000c4b00000|
|  34|0x00000000c4c00000, 0x00000000c4d00000, 0x00000000c4d00000|100%| O|  |TS  7|AC  0|TAMS 0x00000000c4c00000, 0x00000000c4c00000|
|  35|0x00000000c4d00000, 0x00000000c4e00000, 0x00000000c4e00000|100%| O|  |TS  7|AC  0|TAMS 0x00000000c4d00000, 0x00000000c4d00000|
|  36|0x00000000c4e00000, 0x00000000c4f00000, 0x00000000c4f00000|100%| O|  |TS  7|AC  0|TAMS 0x00000000c4e00000, 0x00000000c4e00000|
|  37|0x00000000c4f00000, 0x00000000c5000000, 0x00000000c5000000|100%| O|  |TS  7|AC  0|TAMS 0x00000000c4f00000, 0x00000000c4f00000|
|  38|0x00000000c5000000, 0x00000000c5100000, 0x00000000c5100000|100%| O|  |TS  7|AC  0|TAMS 0x00000000c5000000, 0x00000000c5000000|
|  39|0x00000000c5100000, 0x00000000c5200000, 0x00000000c5200000|100%| O|  |TS  7|AC  0|TAMS 0x00000000c5100000, 0x00000000c5100000|
|  40|0x00000000c5200000, 0x00000000c5300000, 0x00000000c5300000|100%| O|  |TS  0|AC  0|TAMS 0x00000000c5300000, 0x00000000c5300000|
|  41|0x00000000c5300000, 0x00000000c5400000, 0x00000000c5400000|100%| O|  |TS  0|AC  0|TAMS 0x00000000c5400000, 0x00000000c5400000|
|  42|0x00000000c5400000, 0x00000000c5500000, 0x00000000c5500000|100%| O|  |TS  0|AC  0|TAMS 0x00000000c5500000, 0x00000000c5500000|
|  43|0x00000000c5500000, 0x00000000c5600000, 0x00000000c5600000|100%| O|  |TS  0|AC  0|TAMS 0x00000000c5600000, 0x00000000c5600000|
|  44|0x00000000c5600000, 0x00000000c5700000, 0x00000000c5700000|100%| O|  |TS  0|AC  0|TAMS 0x00000000c5700000, 0x00000000c5700000|
|  45|0x00000000c5700000, 0x00000000c5800000, 0x00000000c5800000|100%| O|  |TS  1|AC  0|TAMS 0x00000000c5700000, 0x00000000c5700000|
|  46|0x00000000c5800000, 0x00000000c5900000, 0x00000000c5900000|100%| O|  |TS  1|AC  0|TAMS 0x00000000c5800000, 0x00000000c5800000|
|  47|0x00000000c5900000, 0x00000000c5a00000, 0x00000000c5a00000|100%| O|  |TS  1|AC  0|TAMS 0x00000000c5900000, 0x00000000c5900000|
|  48|0x00000000c5a00000, 0x00000000c5b00000, 0x00000000c5b00000|100%| O|  |TS  1|AC  0|TAMS 0x00000000c5a00000, 0x00000000c5a00000|
|  49|0x00000000c5b00000, 0x00000000c5c00000, 0x00000000c5c00000|100%| O|  |TS  1|AC  0|TAMS 0x00000000c5b00000, 0x00000000c5b00000|
|  50|0x00000000c5c00000, 0x00000000c5d00000, 0x00000000c5d00000|100%| O|  |TS  2|AC  0|TAMS 0x00000000c5c00000, 0x00000000c5c00000|
|  51|0x00000000c5d00000, 0x00000000c5e00000, 0x00000000c5e00000|100%| O|  |TS  2|AC  0|TAMS 0x00000000c5d00000, 0x00000000c5d00000|
|  52|0x00000000c5e00000, 0x00000000c5f00000, 0x00000000c5f00000|100%| O|  |TS  2|AC  0|TAMS 0x00000000c5e00000, 0x00000000c5e00000|
|  53|0x00000000c5f00000, 0x00000000c6000000, 0x00000000c6000000|100%| O|  |TS  2|AC  0|TAMS 0x00000000c5f00000, 0x00000000c5f00000|
|  54|0x00000000c6000000, 0x00000000c6100000, 0x00000000c6100000|100%| O|  |TS  3|AC  0|TAMS 0x00000000c6000000, 0x00000000c6000000|
|  55|0x00000000c6100000, 0x00000000c6200000, 0x00000000c6200000|100%| O|  |TS  8|AC  0|TAMS 0x00000000c6100000, 0x00000000c6100000|
|  56|0x00000000c6200000, 0x00000000c6300000, 0x00000000c6300000|100%| O|  |TS  9|AC  0|TAMS 0x00000000c6200000, 0x00000000c6200000|
|  57|0x00000000c6300000, 0x00000000c6400000, 0x00000000c6400000|100%| O|  |TS  9|AC  0|TAMS 0x00000000c6300000, 0x00000000c6300000|
|  58|0x00000000c6400000, 0x00000000c6500000, 0x00000000c6500000|100%| O|  |TS  8|AC  0|TAMS 0x00000000c6400000, 0x00000000c6400000|
|  59|0x00000000c6500000, 0x00000000c6600000, 0x00000000c6600000|100%| O|  |TS  8|AC  0|TAMS 0x00000000c6500000, 0x00000000c6500000|
|  60|0x00000000c6600000, 0x00000000c6700000, 0x00000000c6700000|100%| O|  |TS  8|AC  0|TAMS 0x00000000c6600000, 0x00000000c6600000|
|  61|0x00000000c6700000, 0x00000000c6800000, 0x00000000c6800000|100%| O|  |TS  8|AC  0|TAMS 0x00000000c6700000, 0x00000000c6700000|
|  62|0x00000000c6800000, 0x00000000c6900000, 0x00000000c6900000|100%| O|  |TS  8|AC  0|TAMS 0x00000000c6800000, 0x00000000c6800000|
|  63|0x00000000c6900000, 0x00000000c6a00000, 0x00000000c6a00000|100%| O|  |TS  8|AC  0|TAMS 0x00000000c6900000, 0x00000000c6900000|
|  64|0x00000000c6a00000, 0x00000000c6b00000, 0x00000000c6b00000|100%| O|  |TS  9|AC  0|TAMS 0x00000000c6a00000, 0x00000000c6a00000|
|  65|0x00000000c6b00000, 0x00000000c6c00000, 0x00000000c6c00000|100%| O|  |TS  9|AC  0|TAMS 0x00000000c6b00000, 0x00000000c6b00000|
|  66|0x00000000c6c00000, 0x00000000c6d00000, 0x00000000c6d00000|100%| O|  |TS  9|AC  0|TAMS 0x00000000c6c00000, 0x00000000c6c00000|
|  67|0x00000000c6d00000, 0x00000000c6e00000, 0x00000000c6e00000|100%| O|  |TS  9|AC  0|TAMS 0x00000000c6d00000, 0x00000000c6d00000|
|  68|0x00000000c6e00000, 0x00000000c6f00000, 0x00000000c6f00000|100%| O|  |TS  9|AC  0|TAMS 0x00000000c6e00000, 0x00000000c6e00000|
|  69|0x00000000c6f00000, 0x00000000c7000000, 0x00000000c7000000|100%| O|  |TS  9|AC  0|TAMS 0x00000000c6f00000, 0x00000000c6f00000|
|  70|0x00000000c7000000, 0x00000000c7100000, 0x00000000c7100000|100%| O|  |TS  9|AC  0|TAMS 0x00000000c7000000, 0x00000000c7000000|
|  71|0x00000000c7100000, 0x00000000c7200000, 0x00000000c7200000|100%| O|  |TS  9|AC  0|TAMS 0x00000000c7100000, 0x00000000c7100000|
|  72|0x00000000c7200000, 0x00000000c7300000, 0x00000000c7300000|100%| O|  |TS  9|AC  0|TAMS 0x00000000c7200000, 0x00000000c7200000|
|  73|0x00000000c7300000, 0x00000000c73bea00, 0x00000000c7400000| 74%| O|  |TS  9|AC  0|TAMS 0x00000000c7300000, 0x00000000c7300000|
|  74|0x00000000c7400000, 0x00000000c7400000, 0x00000000c7500000|  0%| F|  |TS  1|AC  0|TAMS 0x00000000c7400000, 0x00000000c7400000|
|  75|0x00000000c7500000, 0x00000000c7500000, 0x00000000c7600000|  0%| F|  |TS  1|AC  0|TAMS 0x00000000c7500000, 0x00000000c7500000|
|  76|0x00000000c7600000, 0x00000000c7600000, 0x00000000c7700000|  0%| F|  |TS  1|AC  0|TAMS 0x00000000c7600000, 0x00000000c7600000|
|  77|0x00000000c7700000, 0x00000000c7700000, 0x00000000c7800000|  0%| F|  |TS  6|AC  0|TAMS 0x00000000c7700000, 0x00000000c7700000|
|  78|0x00000000c7800000, 0x00000000c7800000, 0x00000000c7900000|  0%| F|  |TS  6|AC  0|TAMS 0x00000000c7800000, 0x00000000c7800000|
|  79|0x00000000c7900000, 0x00000000c7900000, 0x00000000c7a00000|  0%| F|  |TS  6|AC  0|TAMS 0x00000000c7900000, 0x00000000c7900000|
|  80|0x00000000c7a00000, 0x00000000c7a00000, 0x00000000c7b00000|  0%| F|  |TS  6|AC  0|TAMS 0x00000000c7a00000, 0x00000000c7a00000|
|  81|0x00000000c7b00000, 0x00000000c7b00000, 0x00000000c7c00000|  0%| F|  |TS  5|AC  0|TAMS 0x00000000c7b00000, 0x00000000c7b00000|
|  82|0x00000000c7c00000, 0x00000000c7c00000, 0x00000000c7d00000|  0%| F|  |TS  5|AC  0|TAMS 0x00000000c7c00000, 0x00000000c7c00000|
|  83|0x00000000c7d00000, 0x00000000c7d00000, 0x00000000c7e00000|  0%| F|  |TS  5|AC  0|TAMS 0x00000000c7d00000, 0x00000000c7d00000|
|  84|0x00000000c7e00000, 0x00000000c7e00000, 0x00000000c7f00000|  0%| F|  |TS  5|AC  0|TAMS 0x00000000c7e00000, 0x00000000c7e00000|
|  85|0x00000000c7f00000, 0x00000000c7f00000, 0x00000000c8000000|  0%| F|  |TS  5|AC  0|TAMS 0x00000000c7f00000, 0x00000000c7f00000|
|  86|0x00000000c8000000, 0x00000000c8000000, 0x00000000c8100000|  0%| F|  |TS  5|AC  0|TAMS 0x00000000c8000000, 0x00000000c8000000|
|  87|0x00000000c8100000, 0x00000000c8100000, 0x00000000c8200000|  0%| F|  |TS  5|AC  0|TAMS 0x00000000c8100000, 0x00000000c8100000|
|  88|0x00000000c8200000, 0x00000000c8200000, 0x00000000c8300000|  0%| F|  |TS  5|AC  0|TAMS 0x00000000c8200000, 0x00000000c8200000|
|  89|0x00000000c8300000, 0x00000000c8300000, 0x00000000c8400000|  0%| F|  |TS  5|AC  0|TAMS 0x00000000c8300000, 0x00000000c8300000|
|  90|0x00000000c8400000, 0x00000000c8400000, 0x00000000c8500000|  0%| F|  |TS  5|AC  0|TAMS 0x00000000c8400000, 0x00000000c8400000|
|  91|0x00000000c8500000, 0x00000000c8500000, 0x00000000c8600000|  0%| F|  |TS  5|AC  0|TAMS 0x00000000c8500000, 0x00000000c8500000|
|  92|0x00000000c8600000, 0x00000000c8600000, 0x00000000c8700000|  0%| F|  |TS  5|AC  0|TAMS 0x00000000c8600000, 0x00000000c8600000|
|  93|0x00000000c8700000, 0x00000000c8700000, 0x00000000c8800000|  0%| F|  |TS  5|AC  0|TAMS 0x00000000c8700000, 0x00000000c8700000|
|  94|0x00000000c8800000, 0x00000000c8800000, 0x00000000c8900000|  0%| F|  |TS  5|AC  0|TAMS 0x00000000c8800000, 0x00000000c8800000|
|  95|0x00000000c8900000, 0x00000000c8900000, 0x00000000c8a00000|  0%| F|  |TS  5|AC  0|TAMS 0x00000000c8900000, 0x00000000c8900000|
|  96|0x00000000c8a00000, 0x00000000c8a00000, 0x00000000c8b00000|  0%| F|  |TS  5|AC  0|TAMS 0x00000000c8a00000, 0x00000000c8a00000|
|  97|0x00000000c8b00000, 0x00000000c8b00000, 0x00000000c8c00000|  0%| F|  |TS  5|AC  0|TAMS 0x00000000c8b00000, 0x00000000c8b00000|
|  98|0x00000000c8c00000, 0x00000000c8c00000, 0x00000000c8d00000|  0%| F|  |TS  5|AC  0|TAMS 0x00000000c8c00000, 0x00000000c8c00000|
|  99|0x00000000c8d00000, 0x00000000c8d00000, 0x00000000c8e00000|  0%| F|  |TS  5|AC  0|TAMS 0x00000000c8d00000, 0x00000000c8d00000|
| 100|0x00000000c8e00000, 0x00000000c8e00000, 0x00000000c8f00000|  0%| F|  |TS  5|AC  0|TAMS 0x00000000c8e00000, 0x00000000c8e00000|
| 101|0x00000000c8f00000, 0x00000000c8f00000, 0x00000000c9000000|  0%| F|  |TS  5|AC  0|TAMS 0x00000000c8f00000, 0x00000000c8f00000|
| 102|0x00000000c9000000, 0x00000000c9000000, 0x00000000c9100000|  0%| F|  |TS  5|AC  0|TAMS 0x00000000c9000000, 0x00000000c9000000|
| 103|0x00000000c9100000, 0x00000000c9100000, 0x00000000c9200000|  0%| F|  |TS  5|AC  0|TAMS 0x00000000c9100000, 0x00000000c9100000|
| 104|0x00000000c9200000, 0x00000000c9200000, 0x00000000c9300000|  0%| F|  |TS  5|AC  0|TAMS 0x00000000c9200000, 0x00000000c9200000|
| 105|0x00000000c9300000, 0x00000000c9300000, 0x00000000c9400000|  0%| F|  |TS  5|AC  0|TAMS 0x00000000c9300000, 0x00000000c9300000|
| 106|0x00000000c9400000, 0x00000000c9400000, 0x00000000c9500000|  0%| F|  |TS  5|AC  0|TAMS 0x00000000c9400000, 0x00000000c9400000|
| 107|0x00000000c9500000, 0x00000000c9500000, 0x00000000c9600000|  0%| F|  |TS  5|AC  0|TAMS 0x00000000c9500000, 0x00000000c9500000|
| 108|0x00000000c9600000, 0x00000000c9600000, 0x00000000c9700000|  0%| F|  |TS  5|AC  0|TAMS 0x00000000c9600000, 0x00000000c9600000|
| 109|0x00000000c9700000, 0x00000000c9700000, 0x00000000c9800000|  0%| F|  |TS  5|AC  0|TAMS 0x00000000c9700000, 0x00000000c9700000|
| 110|0x00000000c9800000, 0x00000000c9800000, 0x00000000c9900000|  0%| F|  |TS  5|AC  0|TAMS 0x00000000c9800000, 0x00000000c9800000|
| 111|0x00000000c9900000, 0x00000000c9900000, 0x00000000c9a00000|  0%| F|  |TS  5|AC  0|TAMS 0x00000000c9900000, 0x00000000c9900000|
| 112|0x00000000c9a00000, 0x00000000c9b00000, 0x00000000c9b00000|100%| S|CS|TS  9|AC  0|TAMS 0x00000000c9a00000, 0x00000000c9a00000|
| 113|0x00000000c9b00000, 0x00000000c9b00000, 0x00000000c9c00000|  0%| F|  |TS  9|AC  0|TAMS 0x00000000c9b00000, 0x00000000c9b00000|
| 114|0x00000000c9c00000, 0x00000000c9c00000, 0x00000000c9d00000|  0%| F|  |TS  9|AC  0|TAMS 0x00000000c9c00000, 0x00000000c9c00000|
| 115|0x00000000c9d00000, 0x00000000c9d00000, 0x00000000c9e00000|  0%| F|  |TS  9|AC  0|TAMS 0x00000000c9d00000, 0x00000000c9d00000|
| 116|0x00000000c9e00000, 0x00000000c9f00000, 0x00000000c9f00000|100%| S|CS|TS  9|AC  0|TAMS 0x00000000c9e00000, 0x00000000c9e00000|
| 117|0x00000000c9f00000, 0x00000000ca000000, 0x00000000ca000000|100%| S|CS|TS  9|AC  0|TAMS 0x00000000c9f00000, 0x00000000c9f00000|
| 118|0x00000000ca000000, 0x00000000ca100000, 0x00000000ca100000|100%| S|CS|TS  9|AC  0|TAMS 0x00000000ca000000, 0x00000000ca000000|
| 119|0x00000000ca100000, 0x00000000ca200000, 0x00000000ca200000|100%| S|CS|TS  9|AC  0|TAMS 0x00000000ca100000, 0x00000000ca100000|
| 120|0x00000000ca200000, 0x00000000ca300000, 0x00000000ca300000|100%| S|CS|TS  9|AC  0|TAMS 0x00000000ca200000, 0x00000000ca200000|
| 121|0x00000000ca300000, 0x00000000ca400000, 0x00000000ca400000|100%| S|CS|TS  9|AC  0|TAMS 0x00000000ca300000, 0x00000000ca300000|
| 122|0x00000000ca400000, 0x00000000ca500000, 0x00000000ca500000|100%| S|CS|TS  9|AC  0|TAMS 0x00000000ca400000, 0x00000000ca400000|
| 123|0x00000000ca500000, 0x00000000ca500000, 0x00000000ca600000|  0%| F|  |TS  9|AC  0|TAMS 0x00000000ca500000, 0x00000000ca500000|
| 124|0x00000000ca600000, 0x00000000ca600000, 0x00000000ca700000|  0%| F|  |TS  9|AC  0|TAMS 0x00000000ca600000, 0x00000000ca600000|
| 125|0x00000000ca700000, 0x00000000ca700000, 0x00000000ca800000|  0%| F|  |TS  9|AC  0|TAMS 0x00000000ca700000, 0x00000000ca700000|
| 126|0x00000000ca800000, 0x00000000ca800000, 0x00000000ca900000|  0%| F|  |TS  9|AC  0|TAMS 0x00000000ca800000, 0x00000000ca800000|
| 127|0x00000000ca900000, 0x00000000ca900000, 0x00000000caa00000|  0%| F|  |TS  9|AC  0|TAMS 0x00000000ca900000, 0x00000000ca900000|
| 128|0x00000000caa00000, 0x00000000caa00000, 0x00000000cab00000|  0%| F|  |TS  9|AC  0|TAMS 0x00000000caa00000, 0x00000000caa00000|
| 129|0x00000000cab00000, 0x00000000cab00000, 0x00000000cac00000|  0%| F|  |TS  9|AC  0|TAMS 0x00000000cab00000, 0x00000000cab00000|
| 130|0x00000000cac00000, 0x00000000cac00000, 0x00000000cad00000|  0%| F|  |TS  9|AC  0|TAMS 0x00000000cac00000, 0x00000000cac00000|
| 131|0x00000000cad00000, 0x00000000cad00000, 0x00000000cae00000|  0%| F|  |TS  9|AC  0|TAMS 0x00000000cad00000, 0x00000000cad00000|
| 132|0x00000000cae00000, 0x00000000cae00000, 0x00000000caf00000|  0%| F|  |TS  9|AC  0|TAMS 0x00000000cae00000, 0x00000000cae00000|
| 133|0x00000000caf00000, 0x00000000caf00000, 0x00000000cb000000|  0%| F|  |TS  9|AC  0|TAMS 0x00000000caf00000, 0x00000000caf00000|
| 134|0x00000000cb000000, 0x00000000cb000000, 0x00000000cb100000|  0%| F|  |TS  9|AC  0|TAMS 0x00000000cb000000, 0x00000000cb000000|
| 135|0x00000000cb100000, 0x00000000cb100000, 0x00000000cb200000|  0%| F|  |TS  9|AC  0|TAMS 0x00000000cb100000, 0x00000000cb100000|
| 136|0x00000000cb200000, 0x00000000cb200000, 0x00000000cb300000|  0%| F|  |TS  9|AC  0|TAMS 0x00000000cb200000, 0x00000000cb200000|
| 137|0x00000000cb300000, 0x00000000cb300000, 0x00000000cb400000|  0%| F|  |TS  9|AC  0|TAMS 0x00000000cb300000, 0x00000000cb300000|
| 138|0x00000000cb400000, 0x00000000cb400000, 0x00000000cb500000|  0%| F|  |TS  9|AC  0|TAMS 0x00000000cb400000, 0x00000000cb400000|
| 139|0x00000000cb500000, 0x00000000cb500000, 0x00000000cb600000|  0%| F|  |TS  9|AC  0|TAMS 0x00000000cb500000, 0x00000000cb500000|
| 140|0x00000000cb600000, 0x00000000cb600000, 0x00000000cb700000|  0%| F|  |TS  9|AC  0|TAMS 0x00000000cb600000, 0x00000000cb600000|
| 141|0x00000000cb700000, 0x00000000cb700000, 0x00000000cb800000|  0%| F|  |TS  9|AC  0|TAMS 0x00000000cb700000, 0x00000000cb700000|
| 142|0x00000000cb800000, 0x00000000cb800000, 0x00000000cb900000|  0%| F|  |TS  9|AC  0|TAMS 0x00000000cb800000, 0x00000000cb800000|
| 143|0x00000000cb900000, 0x00000000cb900000, 0x00000000cba00000|  0%| F|  |TS  9|AC  0|TAMS 0x00000000cb900000, 0x00000000cb900000|
| 144|0x00000000cba00000, 0x00000000cba00000, 0x00000000cbb00000|  0%| F|  |TS  9|AC  0|TAMS 0x00000000cba00000, 0x00000000cba00000|
| 145|0x00000000cbb00000, 0x00000000cbb00000, 0x00000000cbc00000|  0%| F|  |TS  9|AC  0|TAMS 0x00000000cbb00000, 0x00000000cbb00000|
| 146|0x00000000cbc00000, 0x00000000cbc00000, 0x00000000cbd00000|  0%| F|  |TS  9|AC  0|TAMS 0x00000000cbc00000, 0x00000000cbc00000|
| 147|0x00000000cbd00000, 0x00000000cbd00000, 0x00000000cbe00000|  0%| F|  |TS  9|AC  0|TAMS 0x00000000cbd00000, 0x00000000cbd00000|
| 148|0x00000000cbe00000, 0x00000000cbe00000, 0x00000000cbf00000|  0%| F|  |TS  9|AC  0|TAMS 0x00000000cbe00000, 0x00000000cbe00000|
| 149|0x00000000cbf00000, 0x00000000cbf00000, 0x00000000cc000000|  0%| F|  |TS  9|AC  0|TAMS 0x00000000cbf00000, 0x00000000cbf00000|
| 150|0x00000000cc000000, 0x00000000cc000000, 0x00000000cc100000|  0%| F|  |TS  9|AC  0|TAMS 0x00000000cc000000, 0x00000000cc000000|
| 151|0x00000000cc100000, 0x00000000cc100000, 0x00000000cc200000|  0%| F|  |TS  9|AC  0|TAMS 0x00000000cc100000, 0x00000000cc100000|
| 152|0x00000000cc200000, 0x00000000cc200000, 0x00000000cc300000|  0%| F|  |TS  9|AC  0|TAMS 0x00000000cc200000, 0x00000000cc200000|
| 153|0x00000000cc300000, 0x00000000cc300000, 0x00000000cc400000|  0%| F|  |TS  9|AC  0|TAMS 0x00000000cc300000, 0x00000000cc300000|
| 154|0x00000000cc400000, 0x00000000cc400000, 0x00000000cc500000|  0%| F|  |TS  9|AC  0|TAMS 0x00000000cc400000, 0x00000000cc400000|
| 155|0x00000000cc500000, 0x00000000cc500000, 0x00000000cc600000|  0%| F|  |TS  9|AC  0|TAMS 0x00000000cc500000, 0x00000000cc500000|
| 156|0x00000000cc600000, 0x00000000cc600000, 0x00000000cc700000|  0%| F|  |TS  9|AC  0|TAMS 0x00000000cc600000, 0x00000000cc600000|
| 157|0x00000000cc700000, 0x00000000cc700000, 0x00000000cc800000|  0%| F|  |TS  9|AC  0|TAMS 0x00000000cc700000, 0x00000000cc700000|
| 158|0x00000000cc800000, 0x00000000cc800000, 0x00000000cc900000|  0%| F|  |TS  9|AC  0|TAMS 0x00000000cc800000, 0x00000000cc800000|
| 159|0x00000000cc900000, 0x00000000cc900000, 0x00000000cca00000|  0%| F|  |TS  9|AC  0|TAMS 0x00000000cc900000, 0x00000000cc900000|
| 160|0x00000000cca00000, 0x00000000cca00000, 0x00000000ccb00000|  0%| F|  |TS  9|AC  0|TAMS 0x00000000cca00000, 0x00000000cca00000|
| 161|0x00000000ccb00000, 0x00000000ccb00000, 0x00000000ccc00000|  0%| F|  |TS  9|AC  0|TAMS 0x00000000ccb00000, 0x00000000ccb00000|
| 162|0x00000000ccc00000, 0x00000000ccc00000, 0x00000000ccd00000|  0%| F|  |TS  9|AC  0|TAMS 0x00000000ccc00000, 0x00000000ccc00000|
| 163|0x00000000ccd00000, 0x00000000ccd00000, 0x00000000cce00000|  0%| F|  |TS  9|AC  0|TAMS 0x00000000ccd00000, 0x00000000ccd00000|
| 164|0x00000000cce00000, 0x00000000cce00000, 0x00000000ccf00000|  0%| F|  |TS  9|AC  0|TAMS 0x00000000cce00000, 0x00000000cce00000|
| 165|0x00000000ccf00000, 0x00000000ccf00000, 0x00000000cd000000|  0%| F|  |TS  9|AC  0|TAMS 0x00000000ccf00000, 0x00000000ccf00000|
| 166|0x00000000cd000000, 0x00000000cd000000, 0x00000000cd100000|  0%| F|  |TS  9|AC  0|TAMS 0x00000000cd000000, 0x00000000cd000000|
| 167|0x00000000cd100000, 0x00000000cd100000, 0x00000000cd200000|  0%| F|  |TS  9|AC  0|TAMS 0x00000000cd100000, 0x00000000cd100000|
| 168|0x00000000cd200000, 0x00000000cd200000, 0x00000000cd300000|  0%| F|  |TS  9|AC  0|TAMS 0x00000000cd200000, 0x00000000cd200000|
| 169|0x00000000cd300000, 0x00000000cd300000, 0x00000000cd400000|  0%| F|  |TS  9|AC  0|TAMS 0x00000000cd300000, 0x00000000cd300000|
| 170|0x00000000cd400000, 0x00000000cd400000, 0x00000000cd500000|  0%| F|  |TS  9|AC  0|TAMS 0x00000000cd400000, 0x00000000cd400000|
| 171|0x00000000cd500000, 0x00000000cd500000, 0x00000000cd600000|  0%| F|  |TS  9|AC  0|TAMS 0x00000000cd500000, 0x00000000cd500000|
| 172|0x00000000cd600000, 0x00000000cd600000, 0x00000000cd700000|  0%| F|  |TS  9|AC  0|TAMS 0x00000000cd600000, 0x00000000cd600000|
| 173|0x00000000cd700000, 0x00000000cd700000, 0x00000000cd800000|  0%| F|  |TS  9|AC  0|TAMS 0x00000000cd700000, 0x00000000cd700000|
| 174|0x00000000cd800000, 0x00000000cd800000, 0x00000000cd900000|  0%| F|  |TS  9|AC  0|TAMS 0x00000000cd800000, 0x00000000cd800000|
| 175|0x00000000cd900000, 0x00000000cd900000, 0x00000000cda00000|  0%| F|  |TS  9|AC  0|TAMS 0x00000000cd900000, 0x00000000cd900000|
| 176|0x00000000cda00000, 0x00000000cda00000, 0x00000000cdb00000|  0%| F|  |TS  9|AC  0|TAMS 0x00000000cda00000, 0x00000000cda00000|
| 177|0x00000000cdb00000, 0x00000000cdb00000, 0x00000000cdc00000|  0%| F|  |TS  9|AC  0|TAMS 0x00000000cdb00000, 0x00000000cdb00000|
| 178|0x00000000cdc00000, 0x00000000cdc00000, 0x00000000cdd00000|  0%| F|  |TS  9|AC  0|TAMS 0x00000000cdc00000, 0x00000000cdc00000|
| 179|0x00000000cdd00000, 0x00000000cdd00000, 0x00000000cde00000|  0%| F|  |TS  9|AC  0|TAMS 0x00000000cdd00000, 0x00000000cdd00000|
| 180|0x00000000cde00000, 0x00000000cde00000, 0x00000000cdf00000|  0%| F|  |TS  9|AC  0|TAMS 0x00000000cde00000, 0x00000000cde00000|
| 181|0x00000000cdf00000, 0x00000000cdf00000, 0x00000000ce000000|  0%| F|  |TS  9|AC  0|TAMS 0x00000000cdf00000, 0x00000000cdf00000|
| 182|0x00000000ce000000, 0x00000000ce000000, 0x00000000ce100000|  0%| F|  |TS  9|AC  0|TAMS 0x00000000ce000000, 0x00000000ce000000|
| 183|0x00000000ce100000, 0x00000000ce100000, 0x00000000ce200000|  0%| F|  |TS  9|AC  0|TAMS 0x00000000ce100000, 0x00000000ce100000|

Card table byte_map: [0x00007f15e283a000,0x00007f15e2a25000] byte_map_base: 0x00007f15e2225000

Marking Bits (Prev, Next): (CMBitMap*) 0x00007f15fc06bed8, (CMBitMap*) 0x00007f15fc06bea0
 Prev Bits: [0x00007f15e079f000, 0x00007f15e16f7000)
 Next Bits: [0x00007f15e16f7000, 0x00007f15e264f000)

Polling page: 0x00007f1604087000

CodeHeap 'non-profiled nmethods': size=120032Kb used=1730Kb max_used=1730Kb free=118301Kb
 bounds [0x00007f15eb5ee000, 0x00007f15eb85e000, 0x00007f15f2b26000]
CodeHeap 'profiled nmethods': size=120028Kb used=6628Kb max_used=6628Kb free=113399Kb
 bounds [0x00007f15e40b7000, 0x00007f15e4737000, 0x00007f15eb5ee000]
CodeHeap 'non-nmethods': size=5700Kb used=1073Kb max_used=1126Kb free=4626Kb
 bounds [0x00007f15e3b26000, 0x00007f15e3d96000, 0x00007f15e40b7000]
 total_blobs=3414 nmethods=2477 adapters=297
 compilation: enabled

Compilation events (10 events):
Event: 5.573 Thread 0x00007f15fc15f000 2592       2       java.util.HashSet::iterator (13 bytes)
Event: 5.573 Thread 0x00007f15fc15f000 nmethod 2592 0x00007f15e472ae10 code [0x00007f15e472afe0, 0x00007f15e472b178]
Event: 5.608 Thread 0x00007f15fc15f000 2593       2       java.util.HashMap::keySet (25 bytes)
Event: 5.608 Thread 0x00007f15fc15f000 nmethod 2593 0x00007f15e472b210 code [0x00007f15e472b3c0, 0x00007f15e472b630]
Event: 5.608 Thread 0x00007f15fc15f000 2594       2       java.util.HashMap$KeySet::iterator (12 bytes)
Event: 5.608 Thread 0x00007f15fc15f000 nmethod 2594 0x00007f15e472b710 code [0x00007f15e472b8e0, 0x00007f15e472bb08]
Event: 5.666 Thread 0x00007f15fc15f000 2595       2       com.google.javascript.rhino.Node::getJSDocInfo (10 bytes)
Event: 5.666 Thread 0x00007f15fc15f000 nmethod 2595 0x00007f15e472bc10 code [0x00007f15e472bde0, 0x00007f15e472c028]
Event: 5.670 Thread 0x00007f15fc15f000 2596       3       com.google.javascript.jscomp.parsing.parser.Parser::parse (107 bytes)
Event: 5.675 Thread 0x00007f15fc15f000 nmethod 2596 0x00007f15e472c190 code [0x00007f15e472c6c0, 0x00007f15e472f118]

GC Heap History (10 events):
Event: 4.220 GC heap after
{Heap after GC invocations=14 (full 0):
 garbage-first heap   total 109568K, used 49078K [0x00000000c2a00000, 0x0000000100000000)
  region size 1024K, 3 young (3072K), 3 survivors (3072K)
 Metaspace       used 16375K, capacity 16535K, committed 17024K, reserved 1064960K
  class space    used 1478K, capacity 1553K, committed 1664K, reserved 1048576K
}
Event: 4.366 GC heap before
{Heap before GC invocations=14 (full 0):
 garbage-first heap   total 109568K, used 72630K [0x00000000c2a00000, 0x0000000100000000)
  region size 1024K, 26 young (26624K), 3 survivors (3072K)
 Metaspace       used 16375K, capacity 16535K, committed 17024K, reserved 1064960K
  class space    used 1478K, capacity 1553K, committed 1664K, reserved 1048576K
}
Event: 4.385 GC heap after
{Heap after GC invocations=15 (full 0):
 garbage-first heap   total 188416K, used 52125K [0x00000000c2a00000, 0x0000000100000000)
  region size 1024K, 4 young (4096K), 4 survivors (4096K)
 Metaspace       used 16375K, capacity 16535K, committed 17024K, reserved 1064960K
  class space    used 1478K, capacity 1553K, committed 1664K, reserved 1048576K
}
Event: 4.720 GC heap before
{Heap before GC invocations=15 (full 0):
 garbage-first heap   total 188416K, used 98205K [0x00000000c2a00000, 0x0000000100000000)
  region size 1024K, 49 young (50176K), 4 survivors (4096K)
 Metaspace       used 16375K, capacity 16535K, committed 17024K, reserved 1064960K
  class space    used 1478K, capacity 1553K, committed 1664K, reserved 1048576K
}
Event: 4.755 GC heap after
{Heap after GC invocations=16 (full 0):
 garbage-first heap   total 188416K, used 57792K [0x00000000c2a00000, 0x0000000100000000)
  region size 1024K, 7 young (7168K), 7 survivors (7168K)
 Metaspace       used 16375K, capacity 16535K, committed 17024K, reserved 1064960K
  class space    used 1478K, capacity 1553K, committed 1664K, reserved 1048576K
}
Event: 5.058 GC heap before
{Heap before GC invocations=16 (full 0):
 garbage-first heap   total 188416K, used 112064K [0x00000000c2a00000, 0x0000000100000000)
  region size 1024K, 60 young (61440K), 7 survivors (7168K)
 Metaspace       used 16375K, capacity 16535K, committed 17024K, reserved 1064960K
  class space    used 1478K, capacity 1553K, committed 1664K, reserved 1048576K
}
Event: 5.091 GC heap after
{Heap after GC invocations=17 (full 0):
 garbage-first heap   total 188416K, used 64714K [0x00000000c2a00000, 0x0000000100000000)
  region size 1024K, 8 young (8192K), 8 survivors (8192K)
 Metaspace       used 16375K, capacity 16535K, committed 17024K, reserved 1064960K
  class space    used 1478K, capacity 1553K, committed 1664K, reserved 1048576K
}
Event: 5.387 GC heap before
{Heap before GC invocations=17 (full 0):
 garbage-first heap   total 188416K, used 123082K [0x00000000c2a00000, 0x0000000100000000)
  region size 1024K, 63 young (64512K), 8 survivors (8192K)
 Metaspace       used 16379K, capacity 16599K, committed 17024K, reserved 1064960K
  class space    used 1478K, capacity 1553K, committed 1664K, reserved 1048576K
}
Event: 5.401 GC heap after
{Heap after GC invocations=18 (full 0):
 garbage-first heap   total 188416K, used 72315K [0x00000000c2a00000, 0x0000000100000000)
  region size 1024K, 8 young (8192K), 8 survivors (8192K)
 Metaspace       used 16379K, capacity 16599K, committed 17024K, reserved 1064960K
  class space    used 1478K, capacity 1553K, committed 1664K, reserved 1048576K
}
Event: 5.702 GC heap before
{Heap before GC invocations=18 (full 0):
 garbage-first heap   total 188416K, used 129659K [0x00000000c2a00000, 0x0000000100000000)
  region size 1024K, 64 young (65536K), 8 survivors (8192K)
 Metaspace       used 16391K, capacity 16599K, committed 17024K, reserved 1064960K
  class space    used 1478K, capacity 1553K, committed 1664K, reserved 1048576K
}

Deoptimization events (10 events):
Event: 3.074 Thread 0x00007f15fc512800 Uncommon trap: reason=unstable_if action=reinterpret pc=0x00007f15eb6a063c method=java.util.regex.Pattern$BmpCharProperty.match(Ljava/util/regex/Matcher;ILjava/lang/CharSequence;)Z @ 39 c2
Event: 3.074 Thread 0x00007f15fc512800 Uncommon trap: reason=unstable_if action=reinterpret pc=0x00007f15eb6b8300 method=java.util.regex.Pattern$BmpCharProperty.match(Ljava/util/regex/Matcher;ILjava/lang/CharSequence;)Z @ 39 c2
Event: 3.076 Thread 0x00007f15fc512800 Uncommon trap: reason=unstable_if action=reinterpret pc=0x00007f15eb6e6538 method=com.google.javascript.jscomp.parsing.parser.Scanner.scanIdentifierOrKeyword(IC)Lcom/google/javascript/jscomp/parsing/parser/Token; @ 63 c2
Event: 3.138 Thread 0x00007f15fc512800 Uncommon trap: reason=unstable_if action=reinterpret pc=0x00007f15eb6a15d8 method=com.google.javascript.jscomp.parsing.parser.LineNumberTable.computeLineStartOffsets(Ljava/lang/String;)[I @ 53 c2
Event: 3.139 Thread 0x00007f15fc512800 Uncommon trap: reason=unstable_if action=reinterpret pc=0x00007f15eb694528 method=com.google.javascript.jscomp.parsing.parser.LineNumberTable.computeLineStartOffsets(Ljava/lang/String;)[I @ 53 c2
Event: 3.198 Thread 0x00007f15fc512800 Uncommon trap: reason=unstable_if action=reinterpret pc=0x00007f15eb6f0c94 method=com.google.javascript.rhino.JSDocInfoBuilder.populateDefaults(Lcom/google/javascript/rhino/JSDocInfo;)V @ 4 c2
Event: 3.510 Thread 0x00007f15fc512800 Uncommon trap: reason=unstable_if action=reinterpret pc=0x00007f15eb6fea84 method=com.google.javascript.jscomp.parsing.parser.Scanner.scanToken()Lcom/google/javascript/jscomp/parsing/parser/Token; @ 481 c2
Event: 3.602 Thread 0x00007f15fc512800 Uncommon trap: reason=unstable_if action=reinterpret pc=0x00007f15eb6e8de4 method=com.google.javascript.jscomp.parsing.parser.Scanner.isIdentifierPart(C)Z @ 91 c2
Event: 4.069 Thread 0x00007f15fc512800 Uncommon trap: reason=unstable_if action=reinterpret pc=0x00007f15eb6680b0 method=java.lang.AbstractStringBuilder.isLatin1()Z @ 10 c2
Event: 4.120 Thread 0x00007f15fc512800 Uncommon trap: reason=unstable_if action=reinterpret pc=0x00007f15eb7397c0 method=com.google.javascript.jscomp.parsing.parser.Scanner.scanToken()Lcom/google/javascript/jscomp/parsing/parser/Token; @ 1131 c2

Classes redefined (0 events):
No events

Internal exceptions (10 events):
Event: 1.539 Thread 0x00007f15fc012000 Exception <a 'java/lang/NoSuchMethodError'{0x00000000c65b8f70}: java.lang.invoke.DirectMethodHandle$Holder.invokeSpecial(Ljava/lang/Object;Ljava/lang/Object;Ljava/lang/Object;Ljava/lang/Object;Ljava/lang/Object;Ljava/lang/Object;Ljava/lang/Object;Ljava/la
Event: 1.539 Thread 0x00007f15fc012000 Exception <a 'java/lang/NoSuchMethodError'{0x00000000c65bd670}: java.lang.invoke.Invokers$Holder.invoke_MT(Ljava/lang/Object;Ljava/lang/Object;Ljava/lang/Object;Ljava/lang/Object;Ljava/lang/Object;Ljava/lang/Object;Ljava/lang/Object;Ljava/lang/Object;Ljav
Event: 1.550 Thread 0x00007f15fc012000 Exception <a 'java/lang/NoSuchMethodError'{0x00000000c65c9768}: java.lang.invoke.DirectMethodHandle$Holder.invokeSpecial(Ljava/lang/Object;Ljava/lang/Object;Ljava/lang/Object;)I> (0x00000000c65c9768) thrown at [/build/openjdk-lts-xioZJb/openjdk-lts-10.0.2
Event: 1.551 Thread 0x00007f15fc012000 Exception <a 'java/lang/NoSuchMethodError'{0x00000000c65cf370}: method resolution failed> (0x00000000c65cf370) thrown at [/build/openjdk-lts-xioZJb/openjdk-lts-10.0.2+13/src/hotspot/share/prims/methodHandles.cpp, line 1226]
Event: 1.552 Thread 0x00007f15fc012000 Exception <a 'java/lang/NoSuchMethodError'{0x00000000c65d2708}: java.lang.Object.lambda$thenComparing$36697e65$1(Ljava/util/Comparator;Ljava/lang/Object;Ljava/lang/Object;)I> (0x00000000c65d2708) thrown at [/build/openjdk-lts-xioZJb/openjdk-lts-10.0.2+13/
Event: 1.696 Thread 0x00007f15fc012000 Exception <a 'java/lang/NoSuchMethodError'{0x00000000c616e578}: java.lang.invoke.DirectMethodHandle$Holder.invokeStaticInit(Ljava/lang/Object;Ljava/lang/Object;)I> (0x00000000c616e578) thrown at [/build/openjdk-lts-xioZJb/openjdk-lts-10.0.2+13/src/hotspot
Event: 1.821 Thread 0x00007f15fc512800 Implicit null exception at 0x00007f15eb62735a to 0x00007f15eb627452
Event: 1.828 Thread 0x00007f15fc512800 Implicit null exception at 0x00007f15eb626eee to 0x00007f15eb626fd6
Event: 2.567 Thread 0x00007f15fc512800 Implicit null exception at 0x00007f15eb62e7b7 to 0x00007f15eb62ec32
Event: 2.567 Thread 0x00007f15fc512800 Implicit null exception at 0x00007f15eb62d9b1 to 0x00007f15eb62db72

Events (10 events):
Event: 5.602 Thread 0x00007f15fc512800 DEOPT UNPACKING pc=0x00007f15e3b4ddba sp=0x00007f1557ffc100 mode 0
Event: 5.613 Thread 0x00007f15fc512800 DEOPT PACKING pc=0x00007f15e437efd6 sp=0x00007f1557ffd070
Event: 5.613 Thread 0x00007f15fc512800 DEOPT UNPACKING pc=0x00007f15e3b4ddba sp=0x00007f1557ffc520 mode 0
Event: 5.643 Thread 0x00007f15fc512800 DEOPT PACKING pc=0x00007f15e44fd6fa sp=0x00007f1557ffdfd0
Event: 5.643 Thread 0x00007f15fc512800 DEOPT UNPACKING pc=0x00007f15e3b4ddba sp=0x00007f1557ffd4c0 mode 0
Event: 5.644 Thread 0x00007f15fc512800 DEOPT PACKING pc=0x00007f15e437f03e sp=0x00007f1557ffdae0
Event: 5.644 Thread 0x00007f15fc512800 DEOPT UNPACKING pc=0x00007f15e3b4ddba sp=0x00007f1557ffcf28 mode 0
Event: 5.666 Thread 0x00007f15fc512800 DEOPT PACKING pc=0x00007f15e437efd6 sp=0x00007f1557ffcb30
Event: 5.666 Thread 0x00007f15fc512800 DEOPT UNPACKING pc=0x00007f15e3b4ddba sp=0x00007f1557ffbfe0 mode 0
Event: 5.702 Executing VM operation: G1IncCollectionPause


Dynamic libraries:
c2a00000-ce200000 rw-p 00000000 00:00 0 
d8300000-100000000 ---p 00000000 00:00 0 
100000000-1001a0000 rw-p 00000000 00:00 0 
1001a0000-140000000 ---p 00000000 00:00 0 
564c14e47000-564c14e48000 r-xp 00000000 08:01 930679                     /usr/lib/jvm/java-11-openjdk-amd64/bin/java
564c15048000-564c15049000 r--p 00001000 08:01 930679                     /usr/lib/jvm/java-11-openjdk-amd64/bin/java
564c15049000-564c1504a000 rw-p 00002000 08:01 930679                     /usr/lib/jvm/java-11-openjdk-amd64/bin/java
564c152bf000-564c152e0000 rw-p 00000000 00:00 0                          [heap]
7f154c000000-7f154c179000 rw-p 00000000 00:00 0 
7f154c179000-7f1550000000 ---p 00000000 00:00 0 
7f1553fff000-7f1554003000 ---p 00000000 00:00 0 
7f1554003000-7f1558000000 rw-p 00000000 00:00 0 
7f1558000000-7f1558021000 rw-p 00000000 00:00 0 
7f1558021000-7f155c000000 ---p 00000000 00:00 0 
7f155c000000-7f155c021000 rw-p 00000000 00:00 0 
7f155c021000-7f1560000000 ---p 00000000 00:00 0 
7f1560000000-7f1560021000 rw-p 00000000 00:00 0 
7f1560021000-7f1564000000 ---p 00000000 00:00 0 
7f1564000000-7f1564021000 rw-p 00000000 00:00 0 
7f1564021000-7f1568000000 ---p 00000000 00:00 0 
7f1568000000-7f1569d42000 rw-p 00000000 00:00 0 
7f1569d42000-7f156c000000 ---p 00000000 00:00 0 
7f156c000000-7f156c9ee000 rw-p 00000000 00:00 0 
7f156c9ee000-7f1570000000 ---p 00000000 00:00 0 
7f1570000000-7f1571e42000 rw-p 00000000 00:00 0 
7f1571e42000-7f1574000000 ---p 00000000 00:00 0 
7f1574000000-7f1575792000 rw-p 00000000 00:00 0 
7f1575792000-7f1578000000 ---p 00000000 00:00 0 
7f1578000000-7f1578021000 rw-p 00000000 00:00 0 
7f1578021000-7f157c000000 ---p 00000000 00:00 0 
7f157c000000-7f157c021000 rw-p 00000000 00:00 0 
7f157c021000-7f1580000000 ---p 00000000 00:00 0 
7f1582804000-7f1582904000 rw-p 00000000 00:00 0 
7f1582904000-7f1582a04000 ---p 00000000 00:00 0 
7f1582a04000-7f1582c04000 rw-p 00000000 00:00 0 
7f1582c04000-7f1582e04000 rw-p 00000000 00:00 0 
7f1582e04000-7f1583004000 rw-p 00000000 00:00 0 
7f1583004000-7f158301b000 r-xp 00000000 08:01 948617                     /usr/lib/jvm/java-11-openjdk-amd64/lib/libnet.so
7f158301b000-7f158321a000 ---p 00017000 08:01 948617                     /usr/lib/jvm/java-11-openjdk-amd64/lib/libnet.so
7f158321a000-7f158321b000 r--p 00016000 08:01 948617                     /usr/lib/jvm/java-11-openjdk-amd64/lib/libnet.so
7f158321b000-7f158321c000 rw-p 00017000 08:01 948617                     /usr/lib/jvm/java-11-openjdk-amd64/lib/libnet.so
7f158321c000-7f158322d000 r-xp 00000000 08:01 948618                     /usr/lib/jvm/java-11-openjdk-amd64/lib/libnio.so
7f158322d000-7f158342c000 ---p 00011000 08:01 948618                     /usr/lib/jvm/java-11-openjdk-amd64/lib/libnio.so
7f158342c000-7f158342d000 r--p 00010000 08:01 948618                     /usr/lib/jvm/java-11-openjdk-amd64/lib/libnio.so
7f158342d000-7f158342e000 rw-p 00011000 08:01 948618                     /usr/lib/jvm/java-11-openjdk-amd64/lib/libnio.so
7f158342e000-7f1583432000 ---p 00000000 00:00 0 
7f1583432000-7f158352f000 rw-p 00000000 00:00 0 
7f158352f000-7f1583530000 ---p 00000000 00:00 0 
7f1583530000-7f1583631000 rw-p 00000000 00:00 0 
7f1583631000-7f1584000000 r--p 00000000 08:01 924394                     /usr/lib/locale/locale-archive
7f1584000000-7f158406d000 rw-p 00000000 00:00 0 
7f158406d000-7f1588000000 ---p 00000000 00:00 0 
7f1588000000-7f1588021000 rw-p 00000000 00:00 0 
7f1588021000-7f158c000000 ---p 00000000 00:00 0 
7f158c000000-7f158c021000 rw-p 00000000 00:00 0 
7f158c021000-7f1590000000 ---p 00000000 00:00 0 
7f1590000000-7f1590021000 rw-p 00000000 00:00 0 
7f1590021000-7f1594000000 ---p 00000000 00:00 0 
7f1594000000-7f1594021000 rw-p 00000000 00:00 0 
7f1594021000-7f1598000000 ---p 00000000 00:00 0 
7f1598000000-7f1598021000 rw-p 00000000 00:00 0 
7f1598021000-7f159c000000 ---p 00000000 00:00 0 
7f159c000000-7f159c021000 rw-p 00000000 00:00 0 
7f159c021000-7f15a0000000 ---p 00000000 00:00 0 
7f15a0000000-7f15a0021000 rw-p 00000000 00:00 0 
7f15a0021000-7f15a4000000 ---p 00000000 00:00 0 
7f15a4000000-7f15a4021000 rw-p 00000000 00:00 0 
7f15a4021000-7f15a8000000 ---p 00000000 00:00 0 
7f15a8000000-7f15a8021000 rw-p 00000000 00:00 0 
7f15a8021000-7f15ac000000 ---p 00000000 00:00 0 
7f15ac000000-7f15ac021000 rw-p 00000000 00:00 0 
7f15ac021000-7f15b0000000 ---p 00000000 00:00 0 
7f15b00df000-7f15b00e3000 ---p 00000000 00:00 0 
7f15b00e3000-7f15b01e0000 rw-p 00000000 00:00 0 
7f15b01e0000-7f15b01e4000 ---p 00000000 00:00 0 
7f15b01e4000-7f15b02e1000 rw-p 00000000 00:00 0 
7f15b02e1000-7f15b02e5000 ---p 00000000 00:00 0 
7f15b02e5000-7f15b03e2000 rw-p 00000000 00:00 0 
7f15b03e2000-7f15b03e6000 ---p 00000000 00:00 0 
7f15b03e6000-7f15b04e3000 rw-p 00000000 00:00 0 
7f15b04e3000-7f15b04e7000 ---p 00000000 00:00 0 
7f15b04e7000-7f15b05e4000 rw-p 00000000 00:00 0 
7f15b05e4000-7f15b05e8000 ---p 00000000 00:00 0 
7f15b05e8000-7f15b06e5000 rw-p 00000000 00:00 0 
7f15b06e5000-7f15b06e9000 ---p 00000000 00:00 0 
7f15b06e9000-7f15b07e6000 rw-p 00000000 00:00 0 
7f15b07e6000-7f15b07ea000 ---p 00000000 00:00 0 
7f15b07ea000-7f15b08e7000 rw-p 00000000 00:00 0 
7f15b08e7000-7f15b08eb000 ---p 00000000 00:00 0 
7f15b08eb000-7f15b09e8000 rw-p 00000000 00:00 0 
7f15b09e8000-7f15b09e9000 ---p 00000000 00:00 0 
7f15b09e9000-7f15b12ea000 rw-p 00000000 00:00 0 
7f15b12ea000-7f15b12eb000 ---p 00000000 00:00 0 
7f15b12eb000-7f15b13ec000 rw-p 00000000 00:00 0 
7f15b13ec000-7f15b13ed000 ---p 00000000 00:00 0 
7f15b13ed000-7f15b14ee000 rw-p 00000000 00:00 0 
7f15b14ee000-7f15b14ef000 ---p 00000000 00:00 0 
7f15b14ef000-7f15b15f0000 rw-p 00000000 00:00 0 
7f15b15f0000-7f15b15f1000 ---p 00000000 00:00 0 
7f15b15f1000-7f15b16f2000 rw-p 00000000 00:00 0 
7f15b16f2000-7f15b16f3000 ---p 00000000 00:00 0 
7f15b16f3000-7f15b17f4000 rw-p 00000000 00:00 0 
7f15b17f4000-7f15b17f5000 ---p 00000000 00:00 0 
7f15b17f5000-7f15b18f6000 rw-p 00000000 00:00 0 
7f15b18f6000-7f15b18f7000 ---p 00000000 00:00 0 
7f15b18f7000-7f15b19f8000 rw-p 00000000 00:00 0 
7f15b19f8000-7f15b19f9000 ---p 00000000 00:00 0 
7f15b19f9000-7f15b1afa000 rw-p 00000000 00:00 0 
7f15b1afa000-7f15b1afb000 ---p 00000000 00:00 0 
7f15b1afb000-7f15b4000000 rw-p 00000000 00:00 0 
7f15b4000000-7f15b4021000 rw-p 00000000 00:00 0 
7f15b4021000-7f15b8000000 ---p 00000000 00:00 0 
7f15b8000000-7f15b8021000 rw-p 00000000 00:00 0 
7f15b8021000-7f15bc000000 ---p 00000000 00:00 0 
7f15bc000000-7f15bc021000 rw-p 00000000 00:00 0 
7f15bc021000-7f15c0000000 ---p 00000000 00:00 0 
7f15c0000000-7f15c0021000 rw-p 00000000 00:00 0 
7f15c0021000-7f15c4000000 ---p 00000000 00:00 0 
7f15c4000000-7f15c4021000 rw-p 00000000 00:00 0 
7f15c4021000-7f15c8000000 ---p 00000000 00:00 0 
7f15c8000000-7f15c8021000 rw-p 00000000 00:00 0 
7f15c8021000-7f15cc000000 ---p 00000000 00:00 0 
7f15cc000000-7f15cc021000 rw-p 00000000 00:00 0 
7f15cc021000-7f15d0000000 ---p 00000000 00:00 0 
7f15d0000000-7f15d0021000 rw-p 00000000 00:00 0 
7f15d0021000-7f15d4000000 ---p 00000000 00:00 0 
7f15d4000000-7f15d4021000 rw-p 00000000 00:00 0 
7f15d4021000-7f15d8000000 ---p 00000000 00:00 0 
7f15d8000000-7f15d8021000 rw-p 00000000 00:00 0 
7f15d8021000-7f15dc000000 ---p 00000000 00:00 0 
7f15dc000000-7f15dc021000 rw-p 00000000 00:00 0 
7f15dc021000-7f15e0000000 ---p 00000000 00:00 0 
7f15e0095000-7f15e0499000 rw-p 00000000 00:00 0 
7f15e0499000-7f15e049a000 ---p 00000000 00:00 0 
7f15e049a000-7f15e059b000 rw-p 00000000 00:00 0 
7f15e059b000-7f15e059c000 ---p 00000000 00:00 0 
7f15e059c000-7f15e069d000 rw-p 00000000 00:00 0 
7f15e069d000-7f15e069e000 ---p 00000000 00:00 0 
7f15e069e000-7f15e0a7f000 rw-p 00000000 00:00 0 
7f15e0a7f000-7f15e16f7000 ---p 00000000 00:00 0 
7f15e16f7000-7f15e19d7000 rw-p 00000000 00:00 0 
7f15e19d7000-7f15e264f000 ---p 00000000 00:00 0 
7f15e264f000-7f15e26ab000 rw-p 00000000 00:00 0 
7f15e26ab000-7f15e283a000 ---p 00000000 00:00 0 
7f15e283a000-7f15e2896000 rw-p 00000000 00:00 0 
7f15e2896000-7f15e2a25000 ---p 00000000 00:00 0 
7f15e2a25000-7f15e2a81000 rw-p 00000000 00:00 0 
7f15e2a81000-7f15e2c10000 ---p 00000000 00:00 0 
7f15e2c10000-7f15e3418000 rw-p 00000000 00:00 0 
7f15e3418000-7f15e3419000 ---p 00000000 00:00 0 
7f15e3419000-7f15e351a000 rw-p 00000000 00:00 0 
7f15e351a000-7f15e351b000 ---p 00000000 00:00 0 
7f15e351b000-7f15e361c000 rw-p 00000000 00:00 0 
7f15e361c000-7f15e361d000 ---p 00000000 00:00 0 
7f15e361d000-7f15e371e000 rw-p 00000000 00:00 0 
7f15e371e000-7f15e371f000 ---p 00000000 00:00 0 
7f15e371f000-7f15e3820000 rw-p 00000000 00:00 0 
7f15e3820000-7f15e3821000 ---p 00000000 00:00 0 
7f15e3821000-7f15e3922000 rw-p 00000000 00:00 0 
7f15e3922000-7f15e3923000 ---p 00000000 00:00 0 
7f15e3923000-7f15e3a24000 rw-p 00000000 00:00 0 
7f15e3a24000-7f15e3a25000 ---p 00000000 00:00 0 
7f15e3a25000-7f15e3b26000 rw-p 00000000 00:00 0 
7f15e3b26000-7f15e3d96000 rwxp 00000000 00:00 0 
7f15e3d96000-7f15e40b7000 ---p 00000000 00:00 0 
7f15e40b7000-7f15e4737000 rwxp 00000000 00:00 0 
7f15e4737000-7f15eb5ee000 ---p 00000000 00:00 0 
7f15eb5ee000-7f15eb85e000 rwxp 00000000 00:00 0 
7f15eb85e000-7f15f2b26000 ---p 00000000 00:00 0 
7f15f2b26000-7f15fc000000 r--s 00000000 08:01 948627                     /usr/lib/jvm/java-11-openjdk-amd64/lib/modules
7f15fc000000-7f15fc517000 rw-p 00000000 00:00 0 
7f15fc517000-7f1600000000 ---p 00000000 00:00 0 
7f160001f000-7f1600095000 rw-p 00000000 00:00 0 
7f1600095000-7f1600096000 ---p 00000000 00:00 0 
7f1600096000-7f160019c000 rw-p 00000000 00:00 0 
7f160019c000-7f1600282000 ---p 00000000 00:00 0 
7f1600282000-7f160028f000 rw-p 00000000 00:00 0 
7f160028f000-7f160036d000 ---p 00000000 00:00 0 
7f160036d000-7f1600372000 r-xp 00000000 08:01 948609                     /usr/lib/jvm/java-11-openjdk-amd64/lib/libjimage.so
7f1600372000-7f1600571000 ---p 00005000 08:01 948609                     /usr/lib/jvm/java-11-openjdk-amd64/lib/libjimage.so
7f1600571000-7f1600572000 r--p 00004000 08:01 948609                     /usr/lib/jvm/java-11-openjdk-amd64/lib/libjimage.so
7f1600572000-7f1600573000 rw-p 00005000 08:01 948609                     /usr/lib/jvm/java-11-openjdk-amd64/lib/libjimage.so
7f1600573000-7f160057a000 r-xp 00000000 08:01 948626                     /usr/lib/jvm/java-11-openjdk-amd64/lib/libzip.so
7f160057a000-7f1600779000 ---p 00007000 08:01 948626                     /usr/lib/jvm/java-11-openjdk-amd64/lib/libzip.so
7f1600779000-7f160077a000 r--p 00006000 08:01 948626                     /usr/lib/jvm/java-11-openjdk-amd64/lib/libzip.so
7f160077a000-7f160077b000 rw-p 00007000 08:01 948626                     /usr/lib/jvm/java-11-openjdk-amd64/lib/libzip.so
7f160077b000-7f1600786000 r-xp 00000000 08:01 399298                     /lib/x86_64-linux-gnu/libnss_files-2.27.so
7f1600786000-7f1600985000 ---p 0000b000 08:01 399298                     /lib/x86_64-linux-gnu/libnss_files-2.27.so
7f1600985000-7f1600986000 r--p 0000a000 08:01 399298                     /lib/x86_64-linux-gnu/libnss_files-2.27.so
7f1600986000-7f1600987000 rw-p 0000b000 08:01 399298                     /lib/x86_64-linux-gnu/libnss_files-2.27.so
7f1600987000-7f160098d000 rw-p 00000000 00:00 0 
7f160098d000-7f16009a4000 r-xp 00000000 08:01 399292                     /lib/x86_64-linux-gnu/libnsl-2.27.so
7f16009a4000-7f1600ba3000 ---p 00017000 08:01 399292                     /lib/x86_64-linux-gnu/libnsl-2.27.so
7f1600ba3000-7f1600ba4000 r--p 00016000 08:01 399292                     /lib/x86_64-linux-gnu/libnsl-2.27.so
7f1600ba4000-7f1600ba5000 rw-p 00017000 08:01 399292                     /lib/x86_64-linux-gnu/libnsl-2.27.so
7f1600ba5000-7f1600ba7000 rw-p 00000000 00:00 0 
7f1600ba7000-7f1600bb2000 r-xp 00000000 08:01 399309                     /lib/x86_64-linux-gnu/libnss_nis-2.27.so
7f1600bb2000-7f1600db1000 ---p 0000b000 08:01 399309                     /lib/x86_64-linux-gnu/libnss_nis-2.27.so
7f1600db1000-7f1600db2000 r--p 0000a000 08:01 399309                     /lib/x86_64-linux-gnu/libnss_nis-2.27.so
7f1600db2000-7f1600db3000 rw-p 0000b000 08:01 399309                     /lib/x86_64-linux-gnu/libnss_nis-2.27.so
7f1600db3000-7f1600dbb000 r-xp 00000000 08:01 399294                     /lib/x86_64-linux-gnu/libnss_compat-2.27.so
7f1600dbb000-7f1600fbb000 ---p 00008000 08:01 399294                     /lib/x86_64-linux-gnu/libnss_compat-2.27.so
7f1600fbb000-7f1600fbc000 r--p 00008000 08:01 399294                     /lib/x86_64-linux-gnu/libnss_compat-2.27.so
7f1600fbc000-7f1600fbd000 rw-p 00009000 08:01 399294                     /lib/x86_64-linux-gnu/libnss_compat-2.27.so
7f1600fbd000-7f1600fe9000 r-xp 00000000 08:01 948605                     /usr/lib/jvm/java-11-openjdk-amd64/lib/libjava.so
7f1600fe9000-7f16011e8000 ---p 0002c000 08:01 948605                     /usr/lib/jvm/java-11-openjdk-amd64/lib/libjava.so
7f16011e8000-7f16011e9000 r--p 0002b000 08:01 948605                     /usr/lib/jvm/java-11-openjdk-amd64/lib/libjava.so
7f16011e9000-7f16011eb000 rw-p 0002c000 08:01 948605                     /usr/lib/jvm/java-11-openjdk-amd64/lib/libjava.so
7f16011eb000-7f16011f8000 r-xp 00000000 08:01 948625                     /usr/lib/jvm/java-11-openjdk-amd64/lib/libverify.so
7f16011f8000-7f16013f7000 ---p 0000d000 08:01 948625                     /usr/lib/jvm/java-11-openjdk-amd64/lib/libverify.so
7f16013f7000-7f16013f9000 r--p 0000c000 08:01 948625                     /usr/lib/jvm/java-11-openjdk-amd64/lib/libverify.so
7f16013f9000-7f16013fa000 rw-p 0000e000 08:01 948625                     /usr/lib/jvm/java-11-openjdk-amd64/lib/libverify.so
7f16013fa000-7f1601401000 r-xp 00000000 08:01 399349                     /lib/x86_64-linux-gnu/librt-2.27.so
7f1601401000-7f1601600000 ---p 00007000 08:01 399349                     /lib/x86_64-linux-gnu/librt-2.27.so
7f1601600000-7f1601601000 r--p 00006000 08:01 399349                     /lib/x86_64-linux-gnu/librt-2.27.so
7f1601601000-7f1601602000 rw-p 00007000 08:01 399349                     /lib/x86_64-linux-gnu/librt-2.27.so
7f1601602000-7f1601619000 r-xp 00000000 08:01 393301                     /lib/x86_64-linux-gnu/libgcc_s.so.1
7f1601619000-7f1601818000 ---p 00017000 08:01 393301                     /lib/x86_64-linux-gnu/libgcc_s.so.1
7f1601818000-7f1601819000 r--p 00016000 08:01 393301                     /lib/x86_64-linux-gnu/libgcc_s.so.1
7f1601819000-7f160181a000 rw-p 00017000 08:01 393301                     /lib/x86_64-linux-gnu/libgcc_s.so.1
7f160181a000-7f16019b7000 r-xp 00000000 08:01 399271                     /lib/x86_64-linux-gnu/libm-2.27.so
7f16019b7000-7f1601bb6000 ---p 0019d000 08:01 399271                     /lib/x86_64-linux-gnu/libm-2.27.so
7f1601bb6000-7f1601bb7000 r--p 0019c000 08:01 399271                     /lib/x86_64-linux-gnu/libm-2.27.so
7f1601bb7000-7f1601bb8000 rw-p 0019d000 08:01 399271                     /lib/x86_64-linux-gnu/libm-2.27.so
7f1601bb8000-7f1601d31000 r-xp 00000000 08:01 920236                     /usr/lib/x86_64-linux-gnu/libstdc++.so.6.0.25
7f1601d31000-7f1601f31000 ---p 00179000 08:01 920236                     /usr/lib/x86_64-linux-gnu/libstdc++.so.6.0.25
7f1601f31000-7f1601f3b000 r--p 00179000 08:01 920236                     /usr/lib/x86_64-linux-gnu/libstdc++.so.6.0.25
7f1601f3b000-7f1601f3d000 rw-p 00183000 08:01 920236                     /usr/lib/x86_64-linux-gnu/libstdc++.so.6.0.25
7f1601f3d000-7f1601f41000 rw-p 00000000 00:00 0 
7f1601f41000-7f1602ede000 r-xp 00000000 08:01 1056032                    /usr/lib/jvm/java-11-openjdk-amd64/lib/server/libjvm.so
7f1602ede000-7f16030de000 ---p 00f9d000 08:01 1056032                    /usr/lib/jvm/java-11-openjdk-amd64/lib/server/libjvm.so
7f16030de000-7f16031a2000 r--p 00f9d000 08:01 1056032                    /usr/lib/jvm/java-11-openjdk-amd64/lib/server/libjvm.so
7f16031a2000-7f16031da000 rw-p 01061000 08:01 1056032                    /usr/lib/jvm/java-11-openjdk-amd64/lib/server/libjvm.so
7f16031da000-7f1603223000 rw-p 00000000 00:00 0 
7f1603223000-7f160323d000 r-xp 00000000 08:01 399341                     /lib/x86_64-linux-gnu/libpthread-2.27.so
7f160323d000-7f160343c000 ---p 0001a000 08:01 399341                     /lib/x86_64-linux-gnu/libpthread-2.27.so
7f160343c000-7f160343d000 r--p 00019000 08:01 399341                     /lib/x86_64-linux-gnu/libpthread-2.27.so
7f160343d000-7f160343e000 rw-p 0001a000 08:01 399341                     /lib/x86_64-linux-gnu/libpthread-2.27.so
7f160343e000-7f1603442000 rw-p 00000000 00:00 0 
7f1603442000-7f1603445000 r-xp 00000000 08:01 399231                     /lib/x86_64-linux-gnu/libdl-2.27.so
7f1603445000-7f1603644000 ---p 00003000 08:01 399231                     /lib/x86_64-linux-gnu/libdl-2.27.so
7f1603644000-7f1603645000 r--p 00002000 08:01 399231                     /lib/x86_64-linux-gnu/libdl-2.27.so
7f1603645000-7f1603646000 rw-p 00003000 08:01 399231                     /lib/x86_64-linux-gnu/libdl-2.27.so
7f1603646000-7f1603662000 r-xp 00000000 08:01 399380                     /lib/x86_64-linux-gnu/libz.so.1.2.11
7f1603662000-7f1603861000 ---p 0001c000 08:01 399380                     /lib/x86_64-linux-gnu/libz.so.1.2.11
7f1603861000-7f1603862000 r--p 0001b000 08:01 399380                     /lib/x86_64-linux-gnu/libz.so.1.2.11
7f1603862000-7f1603863000 rw-p 0001c000 08:01 399380                     /lib/x86_64-linux-gnu/libz.so.1.2.11
7f1603863000-7f1603a4a000 r-xp 00000000 08:01 399208                     /lib/x86_64-linux-gnu/libc-2.27.so
7f1603a4a000-7f1603c4a000 ---p 001e7000 08:01 399208                     /lib/x86_64-linux-gnu/libc-2.27.so
7f1603c4a000-7f1603c4e000 r--p 001e7000 08:01 399208                     /lib/x86_64-linux-gnu/libc-2.27.so
7f1603c4e000-7f1603c50000 rw-p 001eb000 08:01 399208                     /lib/x86_64-linux-gnu/libc-2.27.so
7f1603c50000-7f1603c54000 rw-p 00000000 00:00 0 
7f1603c54000-7f1603c63000 r-xp 00000000 08:01 948590                     /usr/lib/jvm/java-11-openjdk-amd64/lib/jli/libjli.so
7f1603c63000-7f1603e62000 ---p 0000f000 08:01 948590                     /usr/lib/jvm/java-11-openjdk-amd64/lib/jli/libjli.so
7f1603e62000-7f1603e63000 r--p 0000e000 08:01 948590                     /usr/lib/jvm/java-11-openjdk-amd64/lib/jli/libjli.so
7f1603e63000-7f1603e64000 rw-p 0000f000 08:01 948590                     /usr/lib/jvm/java-11-openjdk-amd64/lib/jli/libjli.so
7f1603e64000-7f1603e8b000 r-xp 00000000 08:01 399180                     /lib/x86_64-linux-gnu/ld-2.27.so
7f1603ecd000-7f1603f6b000 rw-p 00000000 00:00 0 
7f1603f6b000-7f1603f72000 ---p 00000000 00:00 0 
7f1603f72000-7f1603f76000 ---p 00000000 00:00 0 
7f1603f76000-7f1604075000 rw-p 00000000 00:00 0 
7f160407e000-7f160407f000 rw-p 00000000 00:00 0 
7f160407f000-7f1604087000 rw-s 00000000 08:01 799035                     /tmp/hsperfdata_root/36555
7f1604087000-7f1604088000 ---p 00000000 00:00 0 
7f1604088000-7f1604089000 r--p 00000000 00:00 0 
7f1604089000-7f160408b000 rw-p 00000000 00:00 0 
7f160408b000-7f160408c000 r--p 00027000 08:01 399180                     /lib/x86_64-linux-gnu/ld-2.27.so
7f160408c000-7f160408d000 rw-p 00028000 08:01 399180                     /lib/x86_64-linux-gnu/ld-2.27.so
7f160408d000-7f160408e000 rw-p 00000000 00:00 0 
7ffc890d9000-7ffc890fa000 rw-p 00000000 00:00 0                          [stack]
7ffc891fb000-7ffc891fe000 r--p 00000000 00:00 0                          [vvar]
7ffc891fe000-7ffc89200000 r-xp 00000000 00:00 0                          [vdso]
ffffffffff600000-ffffffffff601000 r-xp 00000000 00:00 0                  [vsyscall]


VM Arguments:
java_command: third-party/closure-compiler.jar --generate_exports --compilation_level ADVANCED_OPTIMIZATIONS --dependency_mode=STRICT --externs externs/gviz-externs.js --externs externs/interpreter-externs.js --externs externs/prettify-externs.js --externs externs/soundJS-externs.js --externs externs/storage-externs.js --externs appengine/third-party/blockly/externs/svg-externs.js --language_out ECMASCRIPT5_STRICT --entry_point=Puzzle --js='appengine/third-party/**.js' --js='!appengine/third-party/blockly/*.js' --js='!appengine/third-party/blockly/tests/**.js' --js='!appengine/third-party/blockly/externs/**.js' --js='!appengine/third-party/blockly/demos/**.js' --js='appengine/generated/en/*.js' --js='appengine/js/*.js' --warning_level QUIET --js='appengine/puzzle/generated/en/*.js' --js='appengine/puzzle/js/*.js'
java_class_path (initial): third-party/closure-compiler.jar
Launcher Type: SUN_STANDARD

Logging:
Log output configuration:
#0: stdout all=warning uptime,level,tags
#1: stderr all=off uptime,level,tags

Environment Variables:
PATH=/usr/local/sbin:/usr/local/bin:/usr/sbin:/usr/bin:/sbin:/bin:/usr/games:/usr/local/games
USERNAME=root
SHELL=/bin/bash
DISPLAY=:0

Signal Handlers:
SIGSEGV: [libjvm.so+0xd28ad0], sa_mask[0]=11111111011111111101111111111110, sa_flags=SA_RESTART|SA_SIGINFO
SIGBUS: [libjvm.so+0xd28ad0], sa_mask[0]=11111111011111111101111111111110, sa_flags=SA_RESTART|SA_SIGINFO
SIGFPE: [libjvm.so+0xd28ad0], sa_mask[0]=11111111011111111101111111111110, sa_flags=SA_RESTART|SA_SIGINFO
SIGPIPE: [libjvm.so+0xb2a150], sa_mask[0]=11111111011111111101111111111110, sa_flags=SA_RESTART|SA_SIGINFO
SIGXFSZ: [libjvm.so+0xb2a150], sa_mask[0]=11111111011111111101111111111110, sa_flags=SA_RESTART|SA_SIGINFO
SIGILL: [libjvm.so+0xd28ad0], sa_mask[0]=11111111011111111101111111111110, sa_flags=SA_RESTART|SA_SIGINFO
SIGUSR2: [libjvm.so+0xb29f90], sa_mask[0]=00000000000000000000000000000000, sa_flags=SA_RESTART|SA_SIGINFO
SIGHUP: [libjvm.so+0xb2a0e0], sa_mask[0]=11111111011111111101111111111110, sa_flags=SA_RESTART|SA_SIGINFO
SIGINT: [libjvm.so+0xb2a0e0], sa_mask[0]=11111111011111111101111111111110, sa_flags=SA_RESTART|SA_SIGINFO
SIGTERM: [libjvm.so+0xb2a0e0], sa_mask[0]=11111111011111111101111111111110, sa_flags=SA_RESTART|SA_SIGINFO
SIGQUIT: [libjvm.so+0xb2a0e0], sa_mask[0]=11111111011111111101111111111110, sa_flags=SA_RESTART|SA_SIGINFO


---------------  S Y S T E M  ---------------

OS:DISTRIB_ID=Ubuntu
DISTRIB_RELEASE=18.04
DISTRIB_CODENAME=bionic
DISTRIB_DESCRIPTION="Ubuntu 18.04.1 LTS"
uname:Linux 4.15.0-36-generic #39-Ubuntu SMP Mon Sep 24 16:19:09 UTC 2018 x86_64
libc:glibc 2.27 NPTL 2.27 
rlimit: STACK 8192k, CORE 0k, NPROC 15449, NOFILE 1048576, AS infinity, DATA infinity, FSIZE infinity
load average:1.01 1.03 0.98

/proc/meminfo:
MemTotal:        4015684 kB
MemFree:          106276 kB
MemAvailable:      58636 kB
Buffers:            1484 kB
Cached:           190472 kB
SwapCached:        11352 kB
Active:          2399940 kB
Inactive:         635012 kB
Active(anon):    2364840 kB
Inactive(anon):   582548 kB
Active(file):      35100 kB
Inactive(file):    52464 kB
Unevictable:        1392 kB
Mlocked:            1392 kB
SwapTotal:        969960 kB
SwapFree:              0 kB
Dirty:               156 kB
Writeback:             0 kB
AnonPages:       2834124 kB
Mapped:           171496 kB
Shmem:            104320 kB
Slab:             155144 kB
SReclaimable:      57884 kB
SUnreclaim:        97260 kB
KernelStack:       23264 kB
PageTables:        97480 kB
NFS_Unstable:          0 kB
Bounce:                0 kB
WritebackTmp:          0 kB
CommitLimit:     2977800 kB
Committed_AS:   15709644 kB
VmallocTotal:   34359738367 kB
VmallocUsed:           0 kB
VmallocChunk:          0 kB
HardwareCorrupted:     0 kB
AnonHugePages:         0 kB
ShmemHugePages:        0 kB
ShmemPmdMapped:        0 kB
CmaTotal:              0 kB
CmaFree:               0 kB
HugePages_Total:       0
HugePages_Free:        0
HugePages_Rsvd:        0
HugePages_Surp:        0
Hugepagesize:       2048 kB
DirectMap4k:      540480 kB
DirectMap2M:     3653632 kB
DirectMap1G:     2097152 kB

container (cgroup) information:
container_type: cgroupv1
cpu_cpuset_cpus: 0-7
cpu_memory_nodes: 0
active_processor_count: 8
cpu_quota: -1
cpu_period: 100000
cpu_shares: -1
memory_limit_in_bytes: -1
memory_and_swap_limit_in_bytes: -2
memory_soft_limit_in_bytes: -1
memory_usage_in_bytes: 3102089216
memory_max_usage_in_bytes: 750579712


CPU:total 8 (initial active 8) (4 cores per cpu, 1 threads per core) family 6 model 94 stepping 3, cmov, cx8, fxsr, mmx, sse, sse2, sse3, ssse3, sse4.1, sse4.2, popcnt, avx, avx2, aes, clmul, erms, rtm, 3dnowpref, lzcnt, tsc, tscinvbit, bmi1, bmi2, adx, fma
CPU Model and flags from /proc/cpuinfo:
model name	: Intel(R) Core(TM) i7-6700HQ CPU @ 2.60GHz
flags		: fpu vme de pse tsc msr pae mce cx8 apic sep mtrr pge mca cmov pat pse36 clflush mmx fxsr sse sse2 ss ht syscall nx pdpe1gb rdtscp lm constant_tsc arch_perfmon nopl xtopology tsc_reliable nonstop_tsc cpuid pni pclmulqdq vmx ssse3 fma cx16 pcid sse4_1 sse4_2 x2apic movbe popcnt tsc_deadline_timer aes xsave avx f16c rdrand hypervisor lahf_lm abm 3dnowprefetch cpuid_fault invpcid_single pti ibrs ibpb stibp tpr_shadow vnmi ept vpid fsgsbase tsc_adjust bmi1 hle avx2 smep bmi2 invpcid rtm mpx rdseed adx smap clflushopt xsaveopt xsavec xsaves arat arch_capabilities

Memory: 4k page, physical 4015684k(106780k free), swap 969960k(0k free)

vm_info: OpenJDK 64-Bit Server VM (10.0.2+13-Ubuntu-1ubuntu0.18.04.2) for linux-amd64 JRE (10.0.2+13-Ubuntu-1ubuntu0.18.04.2), built on Aug 24 2018 17:36:24 by "buildd" with gcc 7.3.0

END.
