#
# There is insufficient memory for the Java Runtime Environment to continue.
# Native memory allocation (mmap) failed to map 289406976 bytes for committing reserved memory.
# Possible reasons:
#   The system is out of physical RAM or swap space
#   The process is running with CompressedOops enabled, and the Java Heap may be blocking the growth of the native heap
# Possible solutions:
#   Reduce memory load on the system
#   Increase physical memory or swap space
#   Check if swap backing store is full
#   Decrease Java heap size (-Xmx/-Xms)
#   Decrease number of Java threads
#   Decrease Java thread stack sizes (-Xss)
#   Set larger code cache with -XX:ReservedCodeCacheSize=
#   JVM is running with Unscaled Compressed Oops mode in which the Java heap is
#     placed in the first 4GB address space. The Java Heap base address is the
#     maximum limit for the native heap growth. Please use -XX:HeapBaseMinAddress
#     to set the Java Heap base and to place the Java Heap above 4GB virtual address.
# This output file may be truncated or incomplete.
#
#  Out of Memory Error (os_linux.cpp:2706), pid=12783, tid=12805
#
# JRE version: OpenJDK Runtime Environment (10.0.2+13) (build 10.0.2+13-Ubuntu-1ubuntu0.18.04.4)
# Java VM: OpenJDK 64-Bit Server VM (10.0.2+13-Ubuntu-1ubuntu0.18.04.4, mixed mode, tiered, compressed oops, g1 gc, linux-amd64)
# Core dump will be written. Default location: Core dumps may be processed with "/usr/share/apport/apport %p %s %c %d %P" (or dumping to /home/arslan/Desktop/learnobot/blockly-games/core.12783)
#

---------------  S U M M A R Y ------------

Command Line: third-party/closure-compiler.jar --generate_exports --compilation_level ADVANCED_OPTIMIZATIONS --dependency_mode=STRICT --externs externs/gviz-externs.js --externs externs/interpreter-externs.js --externs externs/prettify-externs.js --externs externs/soundJS-externs.js --externs externs/storage-externs.js --externs appengine/third-party/blockly/externs/svg-externs.js --language_out ECMASCRIPT5_STRICT --entry_point=Energysource --js='appengine/third-party/**.js' --js='!appengine/third-party/blockly/*.js' --js='!appengine/third-party/blockly/tests/**.js' --js='!appengine/third-party/blockly/externs/**.js' --js='!appengine/third-party/blockly/demos/**.js' --js='appengine/generated/en/*.js' --js='appengine/js/*.js' --warning_level QUIET --js='appengine/energysource/generated/en/*.js' --js='appengine/energysource/js/*.js'

Host: Intel(R) Core(TM) i7-6700HQ CPU @ 2.60GHz, 8 cores, 5G, Ubuntu 18.04.1 LTS
Time: Fri Dec 14 00:21:27 2018 PST elapsed time: 7 seconds (0d 0h 0m 7s)

---------------  T H R E A D  ---------------

Current thread (0x00007f4820165000):  VMThread "VM Thread" [stack: 0x00007f47e431c000,0x00007f47e441c000] [id=12805]

Stack: [0x00007f47e431c000,0x00007f47e441c000],  sp=0x00007f47e441a0a0,  free space=1016k
Native frames: (J=compiled Java code, A=aot compiled Java code, j=interpreted, Vv=VM code, C=native code)
V  [libjvm.so+0xd27ea4]
V  [libjvm.so+0xd28a4b]
V  [libjvm.so+0x64d415]
V  [libjvm.so+0xb2d7c8]
V  [libjvm.so+0xb2601d]
V  [libjvm.so+0x7662ff]
V  [libjvm.so+0x76653e]
V  [libjvm.so+0x769500]
V  [libjvm.so+0x7efa1c]
V  [libjvm.so+0x7f06df]
V  [libjvm.so+0x7f0b59]
V  [libjvm.so+0x7162cf]
V  [libjvm.so+0x71a3ba]
V  [libjvm.so+0xd3a008]
V  [libjvm.so+0xd38871]
V  [libjvm.so+0xd35b3b]
V  [libjvm.so+0xd3715e]
V  [libjvm.so+0xd37588]
V  [libjvm.so+0xb33d40]

VM_Operation (0x00007f4777ff8bc0): G1IncCollectionPause, mode: safepoint, requested by thread 0x00007f48205e1800


---------------  P R O C E S S  ---------------

Threads class SMR info:
_java_thread_list=0x00007f48205e0a80, length=12, elements={
0x00007f4820012000, 0x00007f482016f000, 0x00007f4820171000, 0x00007f482017a000,
0x00007f4820184800, 0x00007f4820186800, 0x00007f4820188800, 0x00007f482018a800,
0x00007f482018c800, 0x00007f4820220800, 0x00007f4820231800, 0x00007f48205e1800
}

Java Threads: ( => current thread )
  0x00007f4820012000 JavaThread "main" [_thread_blocked, id=12784, stack(0x00007f4828069000,0x00007f482816a000)]
  0x00007f482016f000 JavaThread "Reference Handler" daemon [_thread_blocked, id=12806, stack(0x00007f47e4219000,0x00007f47e431a000)]
  0x00007f4820171000 JavaThread "Finalizer" daemon [_thread_blocked, id=12807, stack(0x00007f47e4118000,0x00007f47e4219000)]
  0x00007f482017a000 JavaThread "Signal Dispatcher" daemon [_thread_blocked, id=12808, stack(0x00007f47e4017000,0x00007f47e4118000)]
  0x00007f4820184800 JavaThread "C2 CompilerThread0" daemon [_thread_in_native, id=12809, stack(0x00007f47b2d30000,0x00007f47b2e31000)]
  0x00007f4820186800 JavaThread "C2 CompilerThread1" daemon [_thread_in_native, id=12810, stack(0x00007f47b2c2f000,0x00007f47b2d30000)]
  0x00007f4820188800 JavaThread "C2 CompilerThread2" daemon [_thread_blocked, id=12811, stack(0x00007f47b2b2e000,0x00007f47b2c2f000)]
  0x00007f482018a800 JavaThread "C1 CompilerThread3" daemon [_thread_blocked, id=12812, stack(0x00007f47b2a2d000,0x00007f47b2b2e000)]
  0x00007f482018c800 JavaThread "Sweeper thread" daemon [_thread_blocked, id=12813, stack(0x00007f47b292c000,0x00007f47b2a2d000)]
  0x00007f4820220800 JavaThread "Service Thread" daemon [_thread_blocked, id=12814, stack(0x00007f47b282b000,0x00007f47b292c000)]
  0x00007f4820231800 JavaThread "Common-Cleaner" daemon [_thread_blocked, id=12816, stack(0x00007f47b2628000,0x00007f47b2729000)]
  0x00007f48205e1800 JavaThread "jscompiler" daemon [_thread_blocked, id=12817, stack(0x00007f4773fff000,0x00007f4778000000)]

Other Threads:
=>0x00007f4820165000 VMThread "VM Thread" [stack: 0x00007f47e431c000,0x00007f47e441c000] [id=12805]
  0x00007f4820223000 WatcherThread [stack: 0x00007f47b272b000,0x00007f47b282b000] [id=12815]
  0x00007f4820029000 GCTaskThread "GC Thread#0" [stack: 0x00007f482418e000,0x00007f482428e000] [id=12785]
  0x00007f482002a800 GCTaskThread "GC Thread#1" [stack: 0x00007f482408c000,0x00007f482418c000] [id=12786]
  0x00007f482002c000 GCTaskThread "GC Thread#2" [stack: 0x00007f4807a25000,0x00007f4807b25000] [id=12787]
  0x00007f482002e000 GCTaskThread "GC Thread#3" [stack: 0x00007f4807923000,0x00007f4807a23000] [id=12788]
  0x00007f482002f800 GCTaskThread "GC Thread#4" [stack: 0x00007f4807821000,0x00007f4807921000] [id=12789]
  0x00007f4820031000 GCTaskThread "GC Thread#5" [stack: 0x00007f480771f000,0x00007f480781f000] [id=12790]
  0x00007f4820033000 GCTaskThread "GC Thread#6" [stack: 0x00007f480761d000,0x00007f480771d000] [id=12791]
  0x00007f4820034800 GCTaskThread "GC Thread#7" [stack: 0x00007f480751b000,0x00007f480761b000] [id=12792]
  0x00007f4820082000 ConcurrentGCThread "G1 Main Marker" [stack: 0x00007f4804e08000,0x00007f4804f08000] [id=12793]
  0x00007f4820084000 ConcurrentGCThread "G1 Conc#0" [stack: 0x00007f4804d06000,0x00007f4804e06000] [id=12794]
  0x00007f4820085800 ConcurrentGCThread "G1 Conc#1" [stack: 0x00007f4804c04000,0x00007f4804d04000] [id=12795]
  0x00007f48200cf000 ConcurrentGCThread "G1 Refine#0" [stack: 0x00007f48042fa000,0x00007f48043fa000] [id=12796]
  0x00007f48200d1000 ConcurrentGCThread "G1 Refine#1" [stack: 0x00007f48041f8000,0x00007f48042f8000] [id=12797]
  0x00007f48200d2800 ConcurrentGCThread "G1 Refine#2" [stack: 0x00007f48040f6000,0x00007f48041f6000] [id=12798]
  0x00007f48200d4800 ConcurrentGCThread "G1 Refine#3" [stack: 0x00007f47e4928000,0x00007f47e4a28000] [id=12799]
  0x00007f48200d6000 ConcurrentGCThread "G1 Refine#4" [stack: 0x00007f47e4826000,0x00007f47e4926000] [id=12800]
  0x00007f48200d8000 ConcurrentGCThread "G1 Refine#5" [stack: 0x00007f47e4724000,0x00007f47e4824000] [id=12801]
  0x00007f48200d9800 ConcurrentGCThread "G1 Refine#6" [stack: 0x00007f47e4622000,0x00007f47e4722000] [id=12802]
  0x00007f48200db800 ConcurrentGCThread "G1 Refine#7" [stack: 0x00007f47e4520000,0x00007f47e4620000] [id=12803]
  0x00007f48200dd000 ConcurrentGCThread "G1 Young RemSet Sampling" [stack: 0x00007f47e441e000,0x00007f47e451e000] [id=12804]

Threads with active compile tasks:
C2 CompilerThread02257       4       com.google.javascript.jscomp.parsing.parser.Parser::parseAssignment (150 bytes)
C2 CompilerThread12260       4       com.google.javascript.jscomp.parsing.parser.Parser::parseConditional (71 bytes)
C2 CompilerThread22712       4       com.google.javascript.jscomp.parsing.IRFactory$TransformDispatcher::process (1243 bytes)

VM state:at safepoint (normal execution)

VM Mutex/Monitor currently owned by a thread:  ([mutex/lock_event])
[0x00007f482000e640] Threads_lock - owner thread: 0x00007f4820165000
[0x00007f482000ebe0] Heap_lock - owner thread: 0x00007f48205e1800

Heap address: 0x00000000a8a00000, size: 1398 MB, Compressed Oops mode: 32-bit
Narrow klass base: 0x0000000000000000, Narrow klass shift: 3
Compressed class space size: 1073741824 Address: 0x0000000100000000

Heap:
 garbage-first heap   total 592896K, used 214528K [0x00000000a8a00000, 0x0000000100000000)
  region size 1024K, 6 young (6144K), 6 survivors (6144K)
 Metaspace       used 16652K, capacity 16857K, committed 17280K, reserved 1064960K
  class space    used 1491K, capacity 1554K, committed 1664K, reserved 1048576K
Heap Regions: E=young(eden), S=young(survivor), O=old, HS=humongous(starts), HC=humongous(continues), CS=collection set, F=free, A=archive, TS=gc time stamp, AC=allocation context, TAMS=top-at-mark-start (previous, next)
|   0|0x00000000a8a00000, 0x00000000a8b00000, 0x00000000a8b00000|100%| O|  |TS  2|AC  0|TAMS 0x00000000a8a00000, 0x00000000a8b00000|
|   1|0x00000000a8b00000, 0x00000000a8c00000, 0x00000000a8c00000|100%| O|  |TS  2|AC  0|TAMS 0x00000000a8b00000, 0x00000000a8c00000|
|   2|0x00000000a8c00000, 0x00000000a8d00000, 0x00000000a8d00000|100%| O|  |TS  2|AC  0|TAMS 0x00000000a8c00000, 0x00000000a8d00000|
|   3|0x00000000a8d00000, 0x00000000a8e00000, 0x00000000a8e00000|100%| O|  |TS  3|AC  0|TAMS 0x00000000a8d00000, 0x00000000a8e00000|
|   4|0x00000000a8e00000, 0x00000000a8f00000, 0x00000000a8f00000|100%| O|  |TS  3|AC  0|TAMS 0x00000000a8e00000, 0x00000000a8f00000|
|   5|0x00000000a8f00000, 0x00000000a9000000, 0x00000000a9000000|100%| O|  |TS  3|AC  0|TAMS 0x00000000a8f00000, 0x00000000a9000000|
|   6|0x00000000a9000000, 0x00000000a9100000, 0x00000000a9100000|100%| O|  |TS  3|AC  0|TAMS 0x00000000a9000000, 0x00000000a9100000|
|   7|0x00000000a9100000, 0x00000000a9200000, 0x00000000a9200000|100%| O|  |TS  3|AC  0|TAMS 0x00000000a9100000, 0x00000000a9200000|
|   8|0x00000000a9200000, 0x00000000a9300000, 0x00000000a9300000|100%| O|  |TS  3|AC  0|TAMS 0x00000000a9200000, 0x00000000a9300000|
|   9|0x00000000a9300000, 0x00000000a9400000, 0x00000000a9400000|100%| O|  |TS  3|AC  0|TAMS 0x00000000a9300000, 0x00000000a9400000|
|  10|0x00000000a9400000, 0x00000000a9500000, 0x00000000a9500000|100%| O|  |TS  4|AC  0|TAMS 0x00000000a9400000, 0x00000000a9500000|
|  11|0x00000000a9500000, 0x00000000a9600000, 0x00000000a9600000|100%| O|  |TS  6|AC  0|TAMS 0x00000000a9500000, 0x00000000a9600000|
|  12|0x00000000a9600000, 0x00000000a9700000, 0x00000000a9700000|100%| O|  |TS  6|AC  0|TAMS 0x00000000a9600000, 0x00000000a9700000|
|  13|0x00000000a9700000, 0x00000000a9800000, 0x00000000a9800000|100%| O|  |TS  6|AC  0|TAMS 0x00000000a9700000, 0x00000000a9800000|
|  14|0x00000000a9800000, 0x00000000a9900000, 0x00000000a9900000|100%|HS|  |TS  0|AC  0|TAMS 0x00000000a9800000, 0x00000000a9900000|
|  15|0x00000000a9900000, 0x00000000a9a00000, 0x00000000a9a00000|100%| O|  |TS  4|AC  0|TAMS 0x00000000a9900000, 0x00000000a9a00000|
|  16|0x00000000a9a00000, 0x00000000a9b00000, 0x00000000a9b00000|100%| O|  |TS  4|AC  0|TAMS 0x00000000a9a00000, 0x00000000a9b00000|
|  17|0x00000000a9b00000, 0x00000000a9c00000, 0x00000000a9c00000|100%| O|  |TS  5|AC  0|TAMS 0x00000000a9b00000, 0x00000000a9c00000|
|  18|0x00000000a9c00000, 0x00000000a9d00000, 0x00000000a9d00000|100%|HS|  |TS  0|AC  0|TAMS 0x00000000a9c00000, 0x00000000a9d00000|
|  19|0x00000000a9d00000, 0x00000000a9e00000, 0x00000000a9e00000|100%| O|  |TS  7|AC  0|TAMS 0x00000000a9d00000, 0x00000000a9e00000|
|  20|0x00000000a9e00000, 0x00000000a9f00000, 0x00000000a9f00000|100%| O|  |TS  5|AC  0|TAMS 0x00000000a9e00000, 0x00000000a9f00000|
|  21|0x00000000a9f00000, 0x00000000aa000000, 0x00000000aa000000|100%| O|  |TS  5|AC  0|TAMS 0x00000000a9f00000, 0x00000000aa000000|
|  22|0x00000000aa000000, 0x00000000aa100000, 0x00000000aa100000|100%| O|  |TS  5|AC  0|TAMS 0x00000000aa000000, 0x00000000aa100000|
|  23|0x00000000aa100000, 0x00000000aa200000, 0x00000000aa200000|100%| O|  |TS  5|AC  0|TAMS 0x00000000aa100000, 0x00000000aa200000|
|  24|0x00000000aa200000, 0x00000000aa300000, 0x00000000aa300000|100%| O|  |TS  5|AC  0|TAMS 0x00000000aa200000, 0x00000000aa300000|
|  25|0x00000000aa300000, 0x00000000aa400000, 0x00000000aa400000|100%| O|  |TS  5|AC  0|TAMS 0x00000000aa300000, 0x00000000aa400000|
|  26|0x00000000aa400000, 0x00000000aa500000, 0x00000000aa500000|100%| O|  |TS  5|AC  0|TAMS 0x00000000aa400000, 0x00000000aa500000|
|  27|0x00000000aa500000, 0x00000000aa600000, 0x00000000aa600000|100%| O|  |TS  6|AC  0|TAMS 0x00000000aa500000, 0x00000000aa600000|
|  28|0x00000000aa600000, 0x00000000aa700000, 0x00000000aa700000|100%| O|  |TS  7|AC  0|TAMS 0x00000000aa600000, 0x00000000aa700000|
|  29|0x00000000aa700000, 0x00000000aa800000, 0x00000000aa800000|100%| O|  |TS  7|AC  0|TAMS 0x00000000aa700000, 0x00000000aa800000|
|  30|0x00000000aa800000, 0x00000000aa900000, 0x00000000aa900000|100%| O|  |TS  7|AC  0|TAMS 0x00000000aa800000, 0x00000000aa900000|
|  31|0x00000000aa900000, 0x00000000aaa00000, 0x00000000aaa00000|100%| O|  |TS  7|AC  0|TAMS 0x00000000aa900000, 0x00000000aaa00000|
|  32|0x00000000aaa00000, 0x00000000aab00000, 0x00000000aab00000|100%| O|  |TS  8|AC  0|TAMS 0x00000000aaa00000, 0x00000000aab00000|
|  33|0x00000000aab00000, 0x00000000aac00000, 0x00000000aac00000|100%| O|  |TS  8|AC  0|TAMS 0x00000000aab00000, 0x00000000aac00000|
|  34|0x00000000aac00000, 0x00000000aad00000, 0x00000000aad00000|100%| O|  |TS  8|AC  0|TAMS 0x00000000aac00000, 0x00000000aad00000|
|  35|0x00000000aad00000, 0x00000000aae00000, 0x00000000aae00000|100%| O|  |TS  8|AC  0|TAMS 0x00000000aad00000, 0x00000000aae00000|
|  36|0x00000000aae00000, 0x00000000aaf00000, 0x00000000aaf00000|100%| O|  |TS  8|AC  0|TAMS 0x00000000aae00000, 0x00000000aaf00000|
|  37|0x00000000aaf00000, 0x00000000ab000000, 0x00000000ab000000|100%| O|  |TS  9|AC  0|TAMS 0x00000000aaf00000, 0x00000000ab000000|
|  38|0x00000000ab000000, 0x00000000ab100000, 0x00000000ab100000|100%| O|  |TS  9|AC  0|TAMS 0x00000000ab000000, 0x00000000ab100000|
|  39|0x00000000ab100000, 0x00000000ab200000, 0x00000000ab200000|100%| O|  |TS  9|AC  0|TAMS 0x00000000ab100000, 0x00000000ab200000|
|  40|0x00000000ab200000, 0x00000000ab300000, 0x00000000ab300000|100%| O|  |TS  9|AC  0|TAMS 0x00000000ab200000, 0x00000000ab300000|
|  41|0x00000000ab300000, 0x00000000ab400000, 0x00000000ab400000|100%| O|  |TS  9|AC  0|TAMS 0x00000000ab300000, 0x00000000ab400000|
|  42|0x00000000ab400000, 0x00000000ab500000, 0x00000000ab500000|100%| O|  |TS 10|AC  0|TAMS 0x00000000ab400000, 0x00000000ab500000|
|  43|0x00000000ab500000, 0x00000000ab600000, 0x00000000ab600000|100%| O|  |TS 10|AC  0|TAMS 0x00000000ab500000, 0x00000000ab600000|
|  44|0x00000000ab600000, 0x00000000ab700000, 0x00000000ab700000|100%| O|  |TS 10|AC  0|TAMS 0x00000000ab600000, 0x00000000ab700000|
|  45|0x00000000ab700000, 0x00000000ab800000, 0x00000000ab800000|100%| O|  |TS 10|AC  0|TAMS 0x00000000ab700000, 0x00000000ab800000|
|  46|0x00000000ab800000, 0x00000000ab900000, 0x00000000ab900000|100%| O|  |TS 10|AC  0|TAMS 0x00000000ab800000, 0x00000000ab900000|
|  47|0x00000000ab900000, 0x00000000aba00000, 0x00000000aba00000|100%| O|  |TS 11|AC  0|TAMS 0x00000000ab900000, 0x00000000aba00000|
|  48|0x00000000aba00000, 0x00000000abb00000, 0x00000000abb00000|100%| O|  |TS 12|AC  0|TAMS 0x00000000aba00000, 0x00000000abb00000|
|  49|0x00000000abb00000, 0x00000000abc00000, 0x00000000abc00000|100%| O|  |TS 12|AC  0|TAMS 0x00000000abb00000, 0x00000000abc00000|
|  50|0x00000000abc00000, 0x00000000abd00000, 0x00000000abd00000|100%| O|  |TS 11|AC  0|TAMS 0x00000000abc00000, 0x00000000abd00000|
|  51|0x00000000abd00000, 0x00000000abe00000, 0x00000000abe00000|100%| O|  |TS 11|AC  0|TAMS 0x00000000abd00000, 0x00000000abe00000|
|  52|0x00000000abe00000, 0x00000000abf00000, 0x00000000abf00000|100%| O|  |TS 11|AC  0|TAMS 0x00000000abe00000, 0x00000000abf00000|
|  53|0x00000000abf00000, 0x00000000ac000000, 0x00000000ac000000|100%| O|  |TS 11|AC  0|TAMS 0x00000000abf00000, 0x00000000ac000000|
|  54|0x00000000ac000000, 0x00000000ac100000, 0x00000000ac100000|100%| O|  |TS 11|AC  0|TAMS 0x00000000ac000000, 0x00000000ac100000|
|  55|0x00000000ac100000, 0x00000000ac200000, 0x00000000ac200000|100%| O|  |TS 11|AC  0|TAMS 0x00000000ac100000, 0x00000000ac200000|
|  56|0x00000000ac200000, 0x00000000ac300000, 0x00000000ac300000|100%| O|  |TS 11|AC  0|TAMS 0x00000000ac200000, 0x00000000ac300000|
|  57|0x00000000ac300000, 0x00000000ac400000, 0x00000000ac400000|100%| O|  |TS 11|AC  0|TAMS 0x00000000ac300000, 0x00000000ac400000|
|  58|0x00000000ac400000, 0x00000000ac500000, 0x00000000ac500000|100%| O|  |TS 12|AC  0|TAMS 0x00000000ac400000, 0x00000000ac500000|
|  59|0x00000000ac500000, 0x00000000ac600000, 0x00000000ac600000|100%| O|  |TS 12|AC  0|TAMS 0x00000000ac500000, 0x00000000ac600000|
|  60|0x00000000ac600000, 0x00000000ac700000, 0x00000000ac700000|100%| O|  |TS 12|AC  0|TAMS 0x00000000ac600000, 0x00000000ac700000|
|  61|0x00000000ac700000, 0x00000000ac800000, 0x00000000ac800000|100%| O|  |TS 12|AC  0|TAMS 0x00000000ac700000, 0x00000000ac800000|
|  62|0x00000000ac800000, 0x00000000ac900000, 0x00000000ac900000|100%| O|  |TS 12|AC  0|TAMS 0x00000000ac800000, 0x00000000ac900000|
|  63|0x00000000ac900000, 0x00000000aca00000, 0x00000000aca00000|100%| O|  |TS 12|AC  0|TAMS 0x00000000ac900000, 0x00000000aca00000|
|  64|0x00000000aca00000, 0x00000000acb00000, 0x00000000acb00000|100%| O|  |TS 13|AC  0|TAMS 0x00000000aca00000, 0x00000000acb00000|
|  65|0x00000000acb00000, 0x00000000acc00000, 0x00000000acc00000|100%| O|  |TS 15|AC  0|TAMS 0x00000000acb00000, 0x00000000acc00000|
|  66|0x00000000acc00000, 0x00000000acd00000, 0x00000000acd00000|100%| O|  |TS 13|AC  0|TAMS 0x00000000acc00000, 0x00000000acd00000|
|  67|0x00000000acd00000, 0x00000000ace00000, 0x00000000ace00000|100%| O|  |TS 13|AC  0|TAMS 0x00000000acd00000, 0x00000000ace00000|
|  68|0x00000000ace00000, 0x00000000acf00000, 0x00000000acf00000|100%| O|  |TS 13|AC  0|TAMS 0x00000000ace00000, 0x00000000acf00000|
|  69|0x00000000acf00000, 0x00000000ad000000, 0x00000000ad000000|100%| O|  |TS 13|AC  0|TAMS 0x00000000acf00000, 0x00000000ad000000|
|  70|0x00000000ad000000, 0x00000000ad100000, 0x00000000ad100000|100%| O|  |TS 13|AC  0|TAMS 0x00000000ad000000, 0x00000000ad100000|
|  71|0x00000000ad100000, 0x00000000ad200000, 0x00000000ad200000|100%| O|  |TS 13|AC  0|TAMS 0x00000000ad100000, 0x00000000ad200000|
|  72|0x00000000ad200000, 0x00000000ad300000, 0x00000000ad300000|100%| O|  |TS 13|AC  0|TAMS 0x00000000ad200000, 0x00000000ad300000|
|  73|0x00000000ad300000, 0x00000000ad400000, 0x00000000ad400000|100%| O|  |TS 13|AC  0|TAMS 0x00000000ad300000, 0x00000000ad400000|
|  74|0x00000000ad400000, 0x00000000ad500000, 0x00000000ad500000|100%| O|  |TS 13|AC  0|TAMS 0x00000000ad400000, 0x00000000ad500000|
|  75|0x00000000ad500000, 0x00000000ad600000, 0x00000000ad600000|100%| O|  |TS 13|AC  0|TAMS 0x00000000ad500000, 0x00000000ad600000|
|  76|0x00000000ad600000, 0x00000000ad700000, 0x00000000ad700000|100%| O|  |TS 14|AC  0|TAMS 0x00000000ad600000, 0x00000000ad700000|
|  77|0x00000000ad700000, 0x00000000ad800000, 0x00000000ad800000|100%| O|  |TS 15|AC  0|TAMS 0x00000000ad700000, 0x00000000ad800000|
|  78|0x00000000ad800000, 0x00000000ad900000, 0x00000000ad900000|100%| O|  |TS 15|AC  0|TAMS 0x00000000ad800000, 0x00000000ad900000|
|  79|0x00000000ad900000, 0x00000000ada00000, 0x00000000ada00000|100%| O|  |TS 15|AC  0|TAMS 0x00000000ad900000, 0x00000000ada00000|
|  80|0x00000000ada00000, 0x00000000adb00000, 0x00000000adb00000|100%| O|  |TS 15|AC  0|TAMS 0x00000000ada00000, 0x00000000adb00000|
|  81|0x00000000adb00000, 0x00000000adc00000, 0x00000000adc00000|100%| O|  |TS 15|AC  0|TAMS 0x00000000adb00000, 0x00000000adc00000|
|  82|0x00000000adc00000, 0x00000000add00000, 0x00000000add00000|100%|HS|  |TS  9|AC  0|TAMS 0x00000000adc00000, 0x00000000add00000|
|  83|0x00000000add00000, 0x00000000ade00000, 0x00000000ade00000|100%|HC|  |TS  9|AC  0|TAMS 0x00000000add00000, 0x00000000ade00000|
|  84|0x00000000ade00000, 0x00000000adf00000, 0x00000000adf00000|100%| O|  |TS 14|AC  0|TAMS 0x00000000ade00000, 0x00000000adf00000|
|  85|0x00000000adf00000, 0x00000000ae000000, 0x00000000ae000000|100%| O|  |TS 14|AC  0|TAMS 0x00000000adf00000, 0x00000000ae000000|
|  86|0x00000000ae000000, 0x00000000ae100000, 0x00000000ae100000|100%| O|  |TS 14|AC  0|TAMS 0x00000000ae000000, 0x00000000ae100000|
|  87|0x00000000ae100000, 0x00000000ae200000, 0x00000000ae200000|100%| O|  |TS 14|AC  0|TAMS 0x00000000ae100000, 0x00000000ae200000|
|  88|0x00000000ae200000, 0x00000000ae300000, 0x00000000ae300000|100%| O|  |TS 14|AC  0|TAMS 0x00000000ae200000, 0x00000000ae300000|
|  89|0x00000000ae300000, 0x00000000ae400000, 0x00000000ae400000|100%| O|  |TS 14|AC  0|TAMS 0x00000000ae300000, 0x00000000ae400000|
|  90|0x00000000ae400000, 0x00000000ae500000, 0x00000000ae500000|100%| O|  |TS 14|AC  0|TAMS 0x00000000ae400000, 0x00000000ae500000|
|  91|0x00000000ae500000, 0x00000000ae600000, 0x00000000ae600000|100%| O|  |TS 14|AC  0|TAMS 0x00000000ae500000, 0x00000000ae600000|
|  92|0x00000000ae600000, 0x00000000ae700000, 0x00000000ae700000|100%| O|  |TS 14|AC  0|TAMS 0x00000000ae600000, 0x00000000ae700000|
|  93|0x00000000ae700000, 0x00000000ae800000, 0x00000000ae800000|100%| O|  |TS 14|AC  0|TAMS 0x00000000ae700000, 0x00000000ae800000|
|  94|0x00000000ae800000, 0x00000000ae900000, 0x00000000ae900000|100%| O|  |TS 14|AC  0|TAMS 0x00000000ae800000, 0x00000000ae900000|
|  95|0x00000000ae900000, 0x00000000aea00000, 0x00000000aea00000|100%| O|  |TS 14|AC  0|TAMS 0x00000000ae900000, 0x00000000aea00000|
|  96|0x00000000aea00000, 0x00000000aeb00000, 0x00000000aeb00000|100%| O|  |TS 14|AC  0|TAMS 0x00000000aea00000, 0x00000000aeb00000|
|  97|0x00000000aeb00000, 0x00000000aec00000, 0x00000000aec00000|100%| O|  |TS 14|AC  0|TAMS 0x00000000aeb00000, 0x00000000aec00000|
|  98|0x00000000aec00000, 0x00000000aed00000, 0x00000000aed00000|100%| O|  |TS 14|AC  0|TAMS 0x00000000aec00000, 0x00000000aed00000|
|  99|0x00000000aed00000, 0x00000000aee00000, 0x00000000aee00000|100%| O|  |TS 14|AC  0|TAMS 0x00000000aed00000, 0x00000000aee00000|
| 100|0x00000000aee00000, 0x00000000aef00000, 0x00000000aef00000|100%| O|  |TS 14|AC  0|TAMS 0x00000000aee00000, 0x00000000aef00000|
| 101|0x00000000aef00000, 0x00000000af000000, 0x00000000af000000|100%| O|  |TS 14|AC  0|TAMS 0x00000000aef00000, 0x00000000af000000|
| 102|0x00000000af000000, 0x00000000af100000, 0x00000000af100000|100%| O|  |TS 14|AC  0|TAMS 0x00000000af000000, 0x00000000af100000|
| 103|0x00000000af100000, 0x00000000af200000, 0x00000000af200000|100%| O|  |TS 14|AC  0|TAMS 0x00000000af100000, 0x00000000af200000|
| 104|0x00000000af200000, 0x00000000af300000, 0x00000000af300000|100%| O|  |TS 14|AC  0|TAMS 0x00000000af200000, 0x00000000af300000|
| 105|0x00000000af300000, 0x00000000af400000, 0x00000000af400000|100%| O|  |TS 14|AC  0|TAMS 0x00000000af300000, 0x00000000af400000|
| 106|0x00000000af400000, 0x00000000af500000, 0x00000000af500000|100%| O|  |TS 14|AC  0|TAMS 0x00000000af400000, 0x00000000af500000|
| 107|0x00000000af500000, 0x00000000af600000, 0x00000000af600000|100%| O|  |TS 14|AC  0|TAMS 0x00000000af500000, 0x00000000af600000|
| 108|0x00000000af600000, 0x00000000af700000, 0x00000000af700000|100%| O|  |TS 14|AC  0|TAMS 0x00000000af600000, 0x00000000af700000|
| 109|0x00000000af700000, 0x00000000af800000, 0x00000000af800000|100%| O|  |TS 15|AC  0|TAMS 0x00000000af700000, 0x00000000af800000|
| 110|0x00000000af800000, 0x00000000af900000, 0x00000000af900000|100%| O|  |TS 15|AC  0|TAMS 0x00000000af800000, 0x00000000af900000|
| 111|0x00000000af900000, 0x00000000afa00000, 0x00000000afa00000|100%| O|  |TS 15|AC  0|TAMS 0x00000000af900000, 0x00000000afa00000|
| 112|0x00000000afa00000, 0x00000000afb00000, 0x00000000afb00000|100%| O|  |TS 15|AC  0|TAMS 0x00000000afa00000, 0x00000000afb00000|
| 113|0x00000000afb00000, 0x00000000afc00000, 0x00000000afc00000|100%| O|  |TS 15|AC  0|TAMS 0x00000000afb00000, 0x00000000afc00000|
| 114|0x00000000afc00000, 0x00000000afd00000, 0x00000000afd00000|100%| O|  |TS 15|AC  0|TAMS 0x00000000afc00000, 0x00000000afd00000|
| 115|0x00000000afd00000, 0x00000000afe00000, 0x00000000afe00000|100%| O|  |TS 15|AC  0|TAMS 0x00000000afd00000, 0x00000000afe00000|
| 116|0x00000000afe00000, 0x00000000aff00000, 0x00000000aff00000|100%| O|  |TS 15|AC  0|TAMS 0x00000000afe00000, 0x00000000aff00000|
| 117|0x00000000aff00000, 0x00000000b0000000, 0x00000000b0000000|100%| O|  |TS 15|AC  0|TAMS 0x00000000aff00000, 0x00000000b0000000|
| 118|0x00000000b0000000, 0x00000000b0100000, 0x00000000b0100000|100%| O|  |TS 15|AC  0|TAMS 0x00000000b0000000, 0x00000000b0100000|
| 119|0x00000000b0100000, 0x00000000b0200000, 0x00000000b0200000|100%| O|  |TS 15|AC  0|TAMS 0x00000000b0100000, 0x00000000b0200000|
| 120|0x00000000b0200000, 0x00000000b0300000, 0x00000000b0300000|100%| O|  |TS 15|AC  0|TAMS 0x00000000b0200000, 0x00000000b0300000|
| 121|0x00000000b0300000, 0x00000000b0400000, 0x00000000b0400000|100%| O|  |TS 15|AC  0|TAMS 0x00000000b0300000, 0x00000000b0400000|
| 122|0x00000000b0400000, 0x00000000b0500000, 0x00000000b0500000|100%| O|  |TS 15|AC  0|TAMS 0x00000000b0400000, 0x00000000b0500000|
| 123|0x00000000b0500000, 0x00000000b0600000, 0x00000000b0600000|100%| O|  |TS 15|AC  0|TAMS 0x00000000b0500000, 0x00000000b0600000|
| 124|0x00000000b0600000, 0x00000000b0700000, 0x00000000b0700000|100%| O|  |TS 15|AC  0|TAMS 0x00000000b0600000, 0x00000000b0700000|
| 125|0x00000000b0700000, 0x00000000b0800000, 0x00000000b0800000|100%| O|  |TS 15|AC  0|TAMS 0x00000000b0700000, 0x00000000b0800000|
| 126|0x00000000b0800000, 0x00000000b0900000, 0x00000000b0900000|100%| O|  |TS 15|AC  0|TAMS 0x00000000b0800000, 0x00000000b0900000|
| 127|0x00000000b0900000, 0x00000000b0a00000, 0x00000000b0a00000|100%| O|  |TS 15|AC  0|TAMS 0x00000000b0900000, 0x00000000b0a00000|
| 128|0x00000000b0a00000, 0x00000000b0b00000, 0x00000000b0b00000|100%| O|  |TS 15|AC  0|TAMS 0x00000000b0a00000, 0x00000000b0b00000|
| 129|0x00000000b0b00000, 0x00000000b0c00000, 0x00000000b0c00000|100%| O|  |TS 15|AC  0|TAMS 0x00000000b0b00000, 0x00000000b0c00000|
| 130|0x00000000b0c00000, 0x00000000b0d00000, 0x00000000b0d00000|100%| O|  |TS 15|AC  0|TAMS 0x00000000b0c00000, 0x00000000b0d00000|
| 131|0x00000000b0d00000, 0x00000000b0e00000, 0x00000000b0e00000|100%| O|  |TS 15|AC  0|TAMS 0x00000000b0d00000, 0x00000000b0e00000|
| 132|0x00000000b0e00000, 0x00000000b0f00000, 0x00000000b0f00000|100%| O|  |TS 15|AC  0|TAMS 0x00000000b0e00000, 0x00000000b0f00000|
| 133|0x00000000b0f00000, 0x00000000b1000000, 0x00000000b1000000|100%| O|  |TS 15|AC  0|TAMS 0x00000000b0f00000, 0x00000000b1000000|
| 134|0x00000000b1000000, 0x00000000b1100000, 0x00000000b1100000|100%| O|  |TS 15|AC  0|TAMS 0x00000000b1000000, 0x00000000b1100000|
| 135|0x00000000b1100000, 0x00000000b1200000, 0x00000000b1200000|100%| O|  |TS 15|AC  0|TAMS 0x00000000b1100000, 0x00000000b1200000|
| 136|0x00000000b1200000, 0x00000000b1300000, 0x00000000b1300000|100%| O|  |TS 15|AC  0|TAMS 0x00000000b1200000, 0x00000000b1300000|
| 137|0x00000000b1300000, 0x00000000b1400000, 0x00000000b1400000|100%| O|  |TS 15|AC  0|TAMS 0x00000000b1300000, 0x00000000b1400000|
| 138|0x00000000b1400000, 0x00000000b1500000, 0x00000000b1500000|100%| O|  |TS 15|AC  0|TAMS 0x00000000b1400000, 0x00000000b1500000|
| 139|0x00000000b1500000, 0x00000000b1600000, 0x00000000b1600000|100%| O|  |TS 15|AC  0|TAMS 0x00000000b1500000, 0x00000000b1600000|
| 140|0x00000000b1600000, 0x00000000b1700000, 0x00000000b1700000|100%| O|  |TS 15|AC  0|TAMS 0x00000000b1600000, 0x00000000b1700000|
| 141|0x00000000b1700000, 0x00000000b1800000, 0x00000000b1800000|100%| O|  |TS 15|AC  0|TAMS 0x00000000b1700000, 0x00000000b1800000|
| 142|0x00000000b1800000, 0x00000000b1900000, 0x00000000b1900000|100%| O|  |TS 15|AC  0|TAMS 0x00000000b1800000, 0x00000000b1900000|
| 143|0x00000000b1900000, 0x00000000b1a00000, 0x00000000b1a00000|100%| O|  |TS 15|AC  0|TAMS 0x00000000b1900000, 0x00000000b1a00000|
| 144|0x00000000b1a00000, 0x00000000b1b00000, 0x00000000b1b00000|100%| O|  |TS 15|AC  0|TAMS 0x00000000b1a00000, 0x00000000b1b00000|
| 145|0x00000000b1b00000, 0x00000000b1c00000, 0x00000000b1c00000|100%| O|  |TS 15|AC  0|TAMS 0x00000000b1b00000, 0x00000000b1c00000|
| 146|0x00000000b1c00000, 0x00000000b1d00000, 0x00000000b1d00000|100%| O|  |TS 15|AC  0|TAMS 0x00000000b1c00000, 0x00000000b1d00000|
| 147|0x00000000b1d00000, 0x00000000b1e00000, 0x00000000b1e00000|100%| O|  |TS 15|AC  0|TAMS 0x00000000b1d00000, 0x00000000b1e00000|
| 148|0x00000000b1e00000, 0x00000000b1f00000, 0x00000000b1f00000|100%| O|  |TS 15|AC  0|TAMS 0x00000000b1e00000, 0x00000000b1f00000|
| 149|0x00000000b1f00000, 0x00000000b2000000, 0x00000000b2000000|100%| O|  |TS 15|AC  0|TAMS 0x00000000b1f00000, 0x00000000b2000000|
| 150|0x00000000b2000000, 0x00000000b2100000, 0x00000000b2100000|100%| O|  |TS 15|AC  0|TAMS 0x00000000b2000000, 0x00000000b2100000|
| 151|0x00000000b2100000, 0x00000000b2200000, 0x00000000b2200000|100%| O|  |TS 15|AC  0|TAMS 0x00000000b2100000, 0x00000000b2200000|
| 152|0x00000000b2200000, 0x00000000b2300000, 0x00000000b2300000|100%| O|  |TS 15|AC  0|TAMS 0x00000000b2200000, 0x00000000b2300000|
| 153|0x00000000b2300000, 0x00000000b2400000, 0x00000000b2400000|100%| O|  |TS 15|AC  0|TAMS 0x00000000b2300000, 0x00000000b2400000|
| 154|0x00000000b2400000, 0x00000000b2500000, 0x00000000b2500000|100%| O|  |TS 15|AC  0|TAMS 0x00000000b2400000, 0x00000000b2500000|
| 155|0x00000000b2500000, 0x00000000b2600000, 0x00000000b2600000|100%| O|  |TS 15|AC  0|TAMS 0x00000000b2500000, 0x00000000b2600000|
| 156|0x00000000b2600000, 0x00000000b2700000, 0x00000000b2700000|100%| O|  |TS 15|AC  0|TAMS 0x00000000b2600000, 0x00000000b2700000|
| 157|0x00000000b2700000, 0x00000000b2800000, 0x00000000b2800000|100%| O|  |TS 15|AC  0|TAMS 0x00000000b2700000, 0x00000000b2800000|
| 158|0x00000000b2800000, 0x00000000b2900000, 0x00000000b2900000|100%| O|  |TS 15|AC  0|TAMS 0x00000000b2800000, 0x00000000b2900000|
| 159|0x00000000b2900000, 0x00000000b2a00000, 0x00000000b2a00000|100%| O|  |TS 15|AC  0|TAMS 0x00000000b2900000, 0x00000000b2a00000|
| 160|0x00000000b2a00000, 0x00000000b2b00000, 0x00000000b2b00000|100%| O|  |TS 15|AC  0|TAMS 0x00000000b2a00000, 0x00000000b2b00000|
| 161|0x00000000b2b00000, 0x00000000b2c00000, 0x00000000b2c00000|100%| O|  |TS 16|AC  0|TAMS 0x00000000b2b00000, 0x00000000b2c00000|
| 162|0x00000000b2c00000, 0x00000000b2d00000, 0x00000000b2d00000|100%| O|  |TS 16|AC  0|TAMS 0x00000000b2c00000, 0x00000000b2d00000|
| 163|0x00000000b2d00000, 0x00000000b2e00000, 0x00000000b2e00000|100%| O|  |TS 16|AC  0|TAMS 0x00000000b2d00000, 0x00000000b2e00000|
| 164|0x00000000b2e00000, 0x00000000b2f00000, 0x00000000b2f00000|100%| O|  |TS 16|AC  0|TAMS 0x00000000b2e00000, 0x00000000b2f00000|
| 165|0x00000000b2f00000, 0x00000000b3000000, 0x00000000b3000000|100%| O|  |TS 16|AC  0|TAMS 0x00000000b2f00000, 0x00000000b3000000|
| 166|0x00000000b3000000, 0x00000000b3100000, 0x00000000b3100000|100%| O|  |TS 16|AC  0|TAMS 0x00000000b3000000, 0x00000000b3100000|
| 167|0x00000000b3100000, 0x00000000b3200000, 0x00000000b3200000|100%| O|  |TS 16|AC  0|TAMS 0x00000000b3100000, 0x00000000b3200000|
| 168|0x00000000b3200000, 0x00000000b3300000, 0x00000000b3300000|100%| O|  |TS 16|AC  0|TAMS 0x00000000b3200000, 0x00000000b3300000|
| 169|0x00000000b3300000, 0x00000000b3400000, 0x00000000b3400000|100%| O|  |TS 16|AC  0|TAMS 0x00000000b3300000, 0x00000000b3400000|
| 170|0x00000000b3400000, 0x00000000b3500000, 0x00000000b3500000|100%| O|  |TS 16|AC  0|TAMS 0x00000000b3400000, 0x00000000b3500000|
| 171|0x00000000b3500000, 0x00000000b3600000, 0x00000000b3600000|100%| O|  |TS 16|AC  0|TAMS 0x00000000b3500000, 0x00000000b3600000|
| 172|0x00000000b3600000, 0x00000000b3700000, 0x00000000b3700000|100%| O|  |TS 16|AC  0|TAMS 0x00000000b3600000, 0x00000000b3700000|
| 173|0x00000000b3700000, 0x00000000b3800000, 0x00000000b3800000|100%| O|  |TS 16|AC  0|TAMS 0x00000000b3700000, 0x00000000b3800000|
| 174|0x00000000b3800000, 0x00000000b3900000, 0x00000000b3900000|100%| O|  |TS 16|AC  0|TAMS 0x00000000b3800000, 0x00000000b3900000|
| 175|0x00000000b3900000, 0x00000000b3a00000, 0x00000000b3a00000|100%| O|  |TS 16|AC  0|TAMS 0x00000000b3900000, 0x00000000b3a00000|
| 176|0x00000000b3a00000, 0x00000000b3b00000, 0x00000000b3b00000|100%| O|  |TS 16|AC  0|TAMS 0x00000000b3a00000, 0x00000000b3b00000|
| 177|0x00000000b3b00000, 0x00000000b3c00000, 0x00000000b3c00000|100%| O|  |TS 16|AC  0|TAMS 0x00000000b3b00000, 0x00000000b3c00000|
| 178|0x00000000b3c00000, 0x00000000b3d00000, 0x00000000b3d00000|100%| O|  |TS 16|AC  0|TAMS 0x00000000b3c00000, 0x00000000b3d00000|
| 179|0x00000000b3d00000, 0x00000000b3e00000, 0x00000000b3e00000|100%| O|  |TS 16|AC  0|TAMS 0x00000000b3d00000, 0x00000000b3e00000|
| 180|0x00000000b3e00000, 0x00000000b3f00000, 0x00000000b3f00000|100%| O|  |TS 16|AC  0|TAMS 0x00000000b3e00000, 0x00000000b3f00000|
| 181|0x00000000b3f00000, 0x00000000b4000000, 0x00000000b4000000|100%| O|  |TS 16|AC  0|TAMS 0x00000000b3f00000, 0x00000000b4000000|
| 182|0x00000000b4000000, 0x00000000b4100000, 0x00000000b4100000|100%| O|  |TS 17|AC  0|TAMS 0x00000000b4000000, 0x00000000b4080000|
| 183|0x00000000b4100000, 0x00000000b4100000, 0x00000000b4200000|  0%| F|  |TS 17|AC  0|TAMS 0x00000000b4100000, 0x00000000b4100000|
| 184|0x00000000b4200000, 0x00000000b4200000, 0x00000000b4300000|  0%| F|  |TS 17|AC  0|TAMS 0x00000000b4200000, 0x00000000b4200000|
| 185|0x00000000b4300000, 0x00000000b4300000, 0x00000000b4400000|  0%| F|  |TS 17|AC  0|TAMS 0x00000000b4300000, 0x00000000b4300000|
| 186|0x00000000b4400000, 0x00000000b4400000, 0x00000000b4500000|  0%| F|  |TS 17|AC  0|TAMS 0x00000000b4400000, 0x00000000b4400000|
| 187|0x00000000b4500000, 0x00000000b4500000, 0x00000000b4600000|  0%| F|  |TS 17|AC  0|TAMS 0x00000000b4500000, 0x00000000b4500000|
| 188|0x00000000b4600000, 0x00000000b4600000, 0x00000000b4700000|  0%| F|  |TS 17|AC  0|TAMS 0x00000000b4600000, 0x00000000b4600000|
| 189|0x00000000b4700000, 0x00000000b4700000, 0x00000000b4800000|  0%| F|  |TS 17|AC  0|TAMS 0x00000000b4700000, 0x00000000b4700000|
| 190|0x00000000b4800000, 0x00000000b4900000, 0x00000000b4900000|100%|HS|  |TS 16|AC  0|TAMS 0x00000000b4800000, 0x00000000b4800000|
| 191|0x00000000b4900000, 0x00000000b4a00000, 0x00000000b4a00000|100%|HC|  |TS 16|AC  0|TAMS 0x00000000b4900000, 0x00000000b4900000|
| 192|0x00000000b4a00000, 0x00000000b4b00000, 0x00000000b4b00000|100%| O|  |TS 17|AC  0|TAMS 0x00000000b4a00000, 0x00000000b4a00000|
| 193|0x00000000b4b00000, 0x00000000b4c00000, 0x00000000b4c00000|100%| O|  |TS 17|AC  0|TAMS 0x00000000b4b00000, 0x00000000b4b00000|
| 194|0x00000000b4c00000, 0x00000000b4d00000, 0x00000000b4d00000|100%| O|  |TS 17|AC  0|TAMS 0x00000000b4c00000, 0x00000000b4c00000|
| 195|0x00000000b4d00000, 0x00000000b4e00000, 0x00000000b4e00000|100%| O|  |TS 17|AC  0|TAMS 0x00000000b4d00000, 0x00000000b4d00000|
| 196|0x00000000b4e00000, 0x00000000b4f00000, 0x00000000b4f00000|100%| O|  |TS 17|AC  0|TAMS 0x00000000b4e00000, 0x00000000b4e00000|
| 197|0x00000000b4f00000, 0x00000000b5000000, 0x00000000b5000000|100%| O|  |TS 17|AC  0|TAMS 0x00000000b4f00000, 0x00000000b4f00000|
| 198|0x00000000b5000000, 0x00000000b5100000, 0x00000000b5100000|100%| O|  |TS 17|AC  0|TAMS 0x00000000b5000000, 0x00000000b5000000|
| 199|0x00000000b5100000, 0x00000000b5200000, 0x00000000b5200000|100%| O|  |TS 17|AC  0|TAMS 0x00000000b5100000, 0x00000000b5100000|
| 200|0x00000000b5200000, 0x00000000b5300000, 0x00000000b5300000|100%| O|  |TS 17|AC  0|TAMS 0x00000000b5200000, 0x00000000b5200000|
| 201|0x00000000b5300000, 0x00000000b5400000, 0x00000000b5400000|100%| O|  |TS 17|AC  0|TAMS 0x00000000b5300000, 0x00000000b5300000|
| 202|0x00000000b5400000, 0x00000000b5500000, 0x00000000b5500000|100%| O|  |TS 17|AC  0|TAMS 0x00000000b5400000, 0x00000000b5400000|
| 203|0x00000000b5500000, 0x00000000b5600000, 0x00000000b5600000|100%| O|  |TS 17|AC  0|TAMS 0x00000000b5500000, 0x00000000b5500000|
| 204|0x00000000b5600000, 0x00000000b5700000, 0x00000000b5700000|100%| O|  |TS 17|AC  0|TAMS 0x00000000b5600000, 0x00000000b5600000|
| 205|0x00000000b5700000, 0x00000000b5800000, 0x00000000b5800000|100%| O|  |TS 17|AC  0|TAMS 0x00000000b5700000, 0x00000000b5700000|
| 206|0x00000000b5800000, 0x00000000b5900000, 0x00000000b5900000|100%| O|  |TS 17|AC  0|TAMS 0x00000000b5800000, 0x00000000b5800000|
| 207|0x00000000b5900000, 0x00000000b5a00000, 0x00000000b5a00000|100%| O|  |TS 17|AC  0|TAMS 0x00000000b5900000, 0x00000000b5900000|
| 208|0x00000000b5a00000, 0x00000000b5b00000, 0x00000000b5b00000|100%| O|  |TS 17|AC  0|TAMS 0x00000000b5a00000, 0x00000000b5a00000|
| 209|0x00000000b5b00000, 0x00000000b5c00000, 0x00000000b5c00000|100%| O|  |TS 17|AC  0|TAMS 0x00000000b5b00000, 0x00000000b5b00000|
| 210|0x00000000b5c00000, 0x00000000b5c80000, 0x00000000b5d00000| 50%| O|  |TS 17|AC  0|TAMS 0x00000000b5c00000, 0x00000000b5c00000|
| 211|0x00000000b5d00000, 0x00000000b5d00000, 0x00000000b5e00000|  0%| F|  |TS 16|AC  0|TAMS 0x00000000b5d00000, 0x00000000b5d00000|
| 212|0x00000000b5e00000, 0x00000000b5e00000, 0x00000000b5f00000|  0%| F|  |TS 16|AC  0|TAMS 0x00000000b5e00000, 0x00000000b5e00000|
| 213|0x00000000b5f00000, 0x00000000b5f00000, 0x00000000b6000000|  0%| F|  |TS 16|AC  0|TAMS 0x00000000b5f00000, 0x00000000b5f00000|
| 214|0x00000000b6000000, 0x00000000b6000000, 0x00000000b6100000|  0%| F|  |TS 15|AC  0|TAMS 0x00000000b6000000, 0x00000000b6000000|
| 215|0x00000000b6100000, 0x00000000b6100000, 0x00000000b6200000|  0%| F|  |TS 15|AC  0|TAMS 0x00000000b6100000, 0x00000000b6100000|
| 216|0x00000000b6200000, 0x00000000b6200000, 0x00000000b6300000|  0%| F|  |TS 15|AC  0|TAMS 0x00000000b6200000, 0x00000000b6200000|
| 217|0x00000000b6300000, 0x00000000b6300000, 0x00000000b6400000|  0%| F|  |TS 15|AC  0|TAMS 0x00000000b6300000, 0x00000000b6300000|
| 218|0x00000000b6400000, 0x00000000b6400000, 0x00000000b6500000|  0%| F|  |TS 15|AC  0|TAMS 0x00000000b6400000, 0x00000000b6400000|
| 219|0x00000000b6500000, 0x00000000b6500000, 0x00000000b6600000|  0%| F|  |TS 15|AC  0|TAMS 0x00000000b6500000, 0x00000000b6500000|
| 220|0x00000000b6600000, 0x00000000b6600000, 0x00000000b6700000|  0%| F|  |TS 15|AC  0|TAMS 0x00000000b6600000, 0x00000000b6600000|
| 221|0x00000000b6700000, 0x00000000b6700000, 0x00000000b6800000|  0%| F|  |TS 15|AC  0|TAMS 0x00000000b6700000, 0x00000000b6700000|
| 222|0x00000000b6800000, 0x00000000b6800000, 0x00000000b6900000|  0%| F|  |TS 15|AC  0|TAMS 0x00000000b6800000, 0x00000000b6800000|
| 223|0x00000000b6900000, 0x00000000b6900000, 0x00000000b6a00000|  0%| F|  |TS 15|AC  0|TAMS 0x00000000b6900000, 0x00000000b6900000|
| 224|0x00000000b6a00000, 0x00000000b6a00000, 0x00000000b6b00000|  0%| F|  |TS 15|AC  0|TAMS 0x00000000b6a00000, 0x00000000b6a00000|
| 225|0x00000000b6b00000, 0x00000000b6b00000, 0x00000000b6c00000|  0%| F|  |TS 15|AC  0|TAMS 0x00000000b6b00000, 0x00000000b6b00000|
| 226|0x00000000b6c00000, 0x00000000b6c00000, 0x00000000b6d00000|  0%| F|  |TS 15|AC  0|TAMS 0x00000000b6c00000, 0x00000000b6c00000|
| 227|0x00000000b6d00000, 0x00000000b6d00000, 0x00000000b6e00000|  0%| F|  |TS 15|AC  0|TAMS 0x00000000b6d00000, 0x00000000b6d00000|
| 228|0x00000000b6e00000, 0x00000000b6e00000, 0x00000000b6f00000|  0%| F|  |TS 15|AC  0|TAMS 0x00000000b6e00000, 0x00000000b6e00000|
| 229|0x00000000b6f00000, 0x00000000b6f00000, 0x00000000b7000000|  0%| F|  |TS 15|AC  0|TAMS 0x00000000b6f00000, 0x00000000b6f00000|
| 230|0x00000000b7000000, 0x00000000b7000000, 0x00000000b7100000|  0%| F|  |TS 15|AC  0|TAMS 0x00000000b7000000, 0x00000000b7000000|
| 231|0x00000000b7100000, 0x00000000b7100000, 0x00000000b7200000|  0%| F|  |TS 15|AC  0|TAMS 0x00000000b7100000, 0x00000000b7100000|
| 232|0x00000000b7200000, 0x00000000b7200000, 0x00000000b7300000|  0%| F|  |TS 15|AC  0|TAMS 0x00000000b7200000, 0x00000000b7200000|
| 233|0x00000000b7300000, 0x00000000b7300000, 0x00000000b7400000|  0%| F|  |TS 15|AC  0|TAMS 0x00000000b7300000, 0x00000000b7300000|
| 234|0x00000000b7400000, 0x00000000b7400000, 0x00000000b7500000|  0%| F|  |TS 15|AC  0|TAMS 0x00000000b7400000, 0x00000000b7400000|
| 235|0x00000000b7500000, 0x00000000b7500000, 0x00000000b7600000|  0%| F|  |TS 15|AC  0|TAMS 0x00000000b7500000, 0x00000000b7500000|
| 236|0x00000000b7600000, 0x00000000b7600000, 0x00000000b7700000|  0%| F|  |TS 15|AC  0|TAMS 0x00000000b7600000, 0x00000000b7600000|
| 237|0x00000000b7700000, 0x00000000b7700000, 0x00000000b7800000|  0%| F|  |TS 15|AC  0|TAMS 0x00000000b7700000, 0x00000000b7700000|
| 238|0x00000000b7800000, 0x00000000b7800000, 0x00000000b7900000|  0%| F|  |TS 15|AC  0|TAMS 0x00000000b7800000, 0x00000000b7800000|
| 239|0x00000000b7900000, 0x00000000b7900000, 0x00000000b7a00000|  0%| F|  |TS 15|AC  0|TAMS 0x00000000b7900000, 0x00000000b7900000|
| 240|0x00000000b7a00000, 0x00000000b7a00000, 0x00000000b7b00000|  0%| F|  |TS 15|AC  0|TAMS 0x00000000b7a00000, 0x00000000b7a00000|
| 241|0x00000000b7b00000, 0x00000000b7b00000, 0x00000000b7c00000|  0%| F|  |TS 15|AC  0|TAMS 0x00000000b7b00000, 0x00000000b7b00000|
| 242|0x00000000b7c00000, 0x00000000b7c00000, 0x00000000b7d00000|  0%| F|  |TS 15|AC  0|TAMS 0x00000000b7c00000, 0x00000000b7c00000|
| 243|0x00000000b7d00000, 0x00000000b7d00000, 0x00000000b7e00000|  0%| F|  |TS 15|AC  0|TAMS 0x00000000b7d00000, 0x00000000b7d00000|
| 244|0x00000000b7e00000, 0x00000000b7e00000, 0x00000000b7f00000|  0%| F|  |TS 15|AC  0|TAMS 0x00000000b7e00000, 0x00000000b7e00000|
| 245|0x00000000b7f00000, 0x00000000b7f00000, 0x00000000b8000000|  0%| F|  |TS 15|AC  0|TAMS 0x00000000b7f00000, 0x00000000b7f00000|
| 246|0x00000000b8000000, 0x00000000b8000000, 0x00000000b8100000|  0%| F|  |TS 15|AC  0|TAMS 0x00000000b8000000, 0x00000000b8000000|
| 247|0x00000000b8100000, 0x00000000b8100000, 0x00000000b8200000|  0%| F|  |TS 15|AC  0|TAMS 0x00000000b8100000, 0x00000000b8100000|
| 248|0x00000000b8200000, 0x00000000b8200000, 0x00000000b8300000|  0%| F|  |TS 15|AC  0|TAMS 0x00000000b8200000, 0x00000000b8200000|
| 249|0x00000000b8300000, 0x00000000b8300000, 0x00000000b8400000|  0%| F|  |TS 17|AC  0|TAMS 0x00000000b8300000, 0x00000000b8300000|
| 250|0x00000000b8400000, 0x00000000b8400000, 0x00000000b8500000|  0%| F|  |TS 17|AC  0|TAMS 0x00000000b8400000, 0x00000000b8400000|
| 251|0x00000000b8500000, 0x00000000b8500000, 0x00000000b8600000|  0%| F|  |TS 17|AC  0|TAMS 0x00000000b8500000, 0x00000000b8500000|
| 252|0x00000000b8600000, 0x00000000b8600000, 0x00000000b8700000|  0%| F|  |TS 17|AC  0|TAMS 0x00000000b8600000, 0x00000000b8600000|
| 253|0x00000000b8700000, 0x00000000b8700000, 0x00000000b8800000|  0%| F|  |TS 17|AC  0|TAMS 0x00000000b8700000, 0x00000000b8700000|
| 254|0x00000000b8800000, 0x00000000b8800000, 0x00000000b8900000|  0%| F|  |TS 17|AC  0|TAMS 0x00000000b8800000, 0x00000000b8800000|
| 255|0x00000000b8900000, 0x00000000b8900000, 0x00000000b8a00000|  0%| F|  |TS 17|AC  0|TAMS 0x00000000b8900000, 0x00000000b8900000|
| 256|0x00000000b8a00000, 0x00000000b8a00000, 0x00000000b8b00000|  0%| F|  |TS 17|AC  0|TAMS 0x00000000b8a00000, 0x00000000b8a00000|
| 257|0x00000000b8b00000, 0x00000000b8b00000, 0x00000000b8c00000|  0%| F|  |TS 16|AC  0|TAMS 0x00000000b8b00000, 0x00000000b8b00000|
| 258|0x00000000b8c00000, 0x00000000b8c00000, 0x00000000b8d00000|  0%| F|  |TS 16|AC  0|TAMS 0x00000000b8c00000, 0x00000000b8c00000|
| 259|0x00000000b8d00000, 0x00000000b8d00000, 0x00000000b8e00000|  0%| F|  |TS 16|AC  0|TAMS 0x00000000b8d00000, 0x00000000b8d00000|
| 260|0x00000000b8e00000, 0x00000000b8f00000, 0x00000000b8f00000|100%| S|CS|TS 17|AC  0|TAMS 0x00000000b8e00000, 0x00000000b8e00000|
| 261|0x00000000b8f00000, 0x00000000b9000000, 0x00000000b9000000|100%| S|CS|TS 17|AC  0|TAMS 0x00000000b8f00000, 0x00000000b8f00000|
| 262|0x00000000b9000000, 0x00000000b9100000, 0x00000000b9100000|100%| S|CS|TS 17|AC  0|TAMS 0x00000000b9000000, 0x00000000b9000000|
| 263|0x00000000b9100000, 0x00000000b9200000, 0x00000000b9200000|100%| S|CS|TS 17|AC  0|TAMS 0x00000000b9100000, 0x00000000b9100000|
| 264|0x00000000b9200000, 0x00000000b9300000, 0x00000000b9300000|100%| S|CS|TS 17|AC  0|TAMS 0x00000000b9200000, 0x00000000b9200000|
| 265|0x00000000b9300000, 0x00000000b9400000, 0x00000000b9400000|100%| S|CS|TS 17|AC  0|TAMS 0x00000000b9300000, 0x00000000b9300000|
| 266|0x00000000b9400000, 0x00000000b9400000, 0x00000000b9500000|  0%| F|  |TS 17|AC  0|TAMS 0x00000000b9400000, 0x00000000b9400000|
| 267|0x00000000b9500000, 0x00000000b9500000, 0x00000000b9600000|  0%| F|  |TS 17|AC  0|TAMS 0x00000000b9500000, 0x00000000b9500000|
| 268|0x00000000b9600000, 0x00000000b9600000, 0x00000000b9700000|  0%| F|  |TS 17|AC  0|TAMS 0x00000000b9600000, 0x00000000b9600000|
| 269|0x00000000b9700000, 0x00000000b9700000, 0x00000000b9800000|  0%| F|  |TS 17|AC  0|TAMS 0x00000000b9700000, 0x00000000b9700000|
| 270|0x00000000b9800000, 0x00000000b9800000, 0x00000000b9900000|  0%| F|  |TS 17|AC  0|TAMS 0x00000000b9800000, 0x00000000b9800000|
| 271|0x00000000b9900000, 0x00000000b9900000, 0x00000000b9a00000|  0%| F|  |TS 17|AC  0|TAMS 0x00000000b9900000, 0x00000000b9900000|
| 272|0x00000000b9a00000, 0x00000000b9a00000, 0x00000000b9b00000|  0%| F|  |TS 17|AC  0|TAMS 0x00000000b9a00000, 0x00000000b9a00000|
| 273|0x00000000b9b00000, 0x00000000b9b00000, 0x00000000b9c00000|  0%| F|  |TS 17|AC  0|TAMS 0x00000000b9b00000, 0x00000000b9b00000|
| 274|0x00000000b9c00000, 0x00000000b9c00000, 0x00000000b9d00000|  0%| F|  |TS 17|AC  0|TAMS 0x00000000b9c00000, 0x00000000b9c00000|
| 275|0x00000000b9d00000, 0x00000000b9d00000, 0x00000000b9e00000|  0%| F|  |TS 17|AC  0|TAMS 0x00000000b9d00000, 0x00000000b9d00000|
| 276|0x00000000b9e00000, 0x00000000b9e00000, 0x00000000b9f00000|  0%| F|  |TS 17|AC  0|TAMS 0x00000000b9e00000, 0x00000000b9e00000|
| 277|0x00000000b9f00000, 0x00000000b9f00000, 0x00000000ba000000|  0%| F|  |TS 17|AC  0|TAMS 0x00000000b9f00000, 0x00000000b9f00000|
| 278|0x00000000ba000000, 0x00000000ba000000, 0x00000000ba100000|  0%| F|  |TS 17|AC  0|TAMS 0x00000000ba000000, 0x00000000ba000000|
| 279|0x00000000ba100000, 0x00000000ba100000, 0x00000000ba200000|  0%| F|  |TS 17|AC  0|TAMS 0x00000000ba100000, 0x00000000ba100000|
| 280|0x00000000ba200000, 0x00000000ba200000, 0x00000000ba300000|  0%| F|  |TS 17|AC  0|TAMS 0x00000000ba200000, 0x00000000ba200000|
| 281|0x00000000ba300000, 0x00000000ba300000, 0x00000000ba400000|  0%| F|  |TS 17|AC  0|TAMS 0x00000000ba300000, 0x00000000ba300000|
| 282|0x00000000ba400000, 0x00000000ba400000, 0x00000000ba500000|  0%| F|  |TS 17|AC  0|TAMS 0x00000000ba400000, 0x00000000ba400000|
| 283|0x00000000ba500000, 0x00000000ba500000, 0x00000000ba600000|  0%| F|  |TS 17|AC  0|TAMS 0x00000000ba500000, 0x00000000ba500000|
| 284|0x00000000ba600000, 0x00000000ba600000, 0x00000000ba700000|  0%| F|  |TS 17|AC  0|TAMS 0x00000000ba600000, 0x00000000ba600000|
| 285|0x00000000ba700000, 0x00000000ba700000, 0x00000000ba800000|  0%| F|  |TS 17|AC  0|TAMS 0x00000000ba700000, 0x00000000ba700000|
| 286|0x00000000ba800000, 0x00000000ba800000, 0x00000000ba900000|  0%| F|  |TS 17|AC  0|TAMS 0x00000000ba800000, 0x00000000ba800000|
| 287|0x00000000ba900000, 0x00000000ba900000, 0x00000000baa00000|  0%| F|  |TS 17|AC  0|TAMS 0x00000000ba900000, 0x00000000ba900000|
| 288|0x00000000baa00000, 0x00000000baa00000, 0x00000000bab00000|  0%| F|  |TS 17|AC  0|TAMS 0x00000000baa00000, 0x00000000baa00000|
| 289|0x00000000bab00000, 0x00000000bab00000, 0x00000000bac00000|  0%| F|  |TS 17|AC  0|TAMS 0x00000000bab00000, 0x00000000bab00000|
| 290|0x00000000bac00000, 0x00000000bac00000, 0x00000000bad00000|  0%| F|  |TS 17|AC  0|TAMS 0x00000000bac00000, 0x00000000bac00000|
| 291|0x00000000bad00000, 0x00000000bad00000, 0x00000000bae00000|  0%| F|  |TS 17|AC  0|TAMS 0x00000000bad00000, 0x00000000bad00000|
| 292|0x00000000bae00000, 0x00000000bae00000, 0x00000000baf00000|  0%| F|  |TS 17|AC  0|TAMS 0x00000000bae00000, 0x00000000bae00000|
| 293|0x00000000baf00000, 0x00000000baf00000, 0x00000000bb000000|  0%| F|  |TS 17|AC  0|TAMS 0x00000000baf00000, 0x00000000baf00000|
| 294|0x00000000bb000000, 0x00000000bb000000, 0x00000000bb100000|  0%| F|  |TS 17|AC  0|TAMS 0x00000000bb000000, 0x00000000bb000000|
| 295|0x00000000bb100000, 0x00000000bb100000, 0x00000000bb200000|  0%| F|  |TS 17|AC  0|TAMS 0x00000000bb100000, 0x00000000bb100000|
| 296|0x00000000bb200000, 0x00000000bb200000, 0x00000000bb300000|  0%| F|  |TS 17|AC  0|TAMS 0x00000000bb200000, 0x00000000bb200000|
| 297|0x00000000bb300000, 0x00000000bb300000, 0x00000000bb400000|  0%| F|  |TS 17|AC  0|TAMS 0x00000000bb300000, 0x00000000bb300000|
| 298|0x00000000bb400000, 0x00000000bb400000, 0x00000000bb500000|  0%| F|  |TS 17|AC  0|TAMS 0x00000000bb400000, 0x00000000bb400000|
| 299|0x00000000bb500000, 0x00000000bb500000, 0x00000000bb600000|  0%| F|  |TS 17|AC  0|TAMS 0x00000000bb500000, 0x00000000bb500000|
| 300|0x00000000bb600000, 0x00000000bb600000, 0x00000000bb700000|  0%| F|  |TS 17|AC  0|TAMS 0x00000000bb600000, 0x00000000bb600000|
| 301|0x00000000bb700000, 0x00000000bb700000, 0x00000000bb800000|  0%| F|  |TS 17|AC  0|TAMS 0x00000000bb700000, 0x00000000bb700000|
| 302|0x00000000bb800000, 0x00000000bb800000, 0x00000000bb900000|  0%| F|  |TS 17|AC  0|TAMS 0x00000000bb800000, 0x00000000bb800000|

Card table byte_map: [0x00007f480679b000,0x00007f4806a56000] byte_map_base: 0x00007f4806256000

Marking Bits (Prev, Next): (CMBitMap*) 0x00007f4820081540, (CMBitMap*) 0x00007f4820081578
 Prev Bits: [0x00007f4804f08000, 0x00007f48064e0000)
 Next Bits: [0x00007f47e6a28000, 0x00007f47e8000000)

Polling page: 0x00007f482817e000

CodeHeap 'non-profiled nmethods': size=120032Kb used=2312Kb max_used=2312Kb free=117719Kb
 bounds [0x00007f480f5ed000, 0x00007f480f85d000, 0x00007f4816b25000]
CodeHeap 'profiled nmethods': size=120028Kb used=7295Kb max_used=7295Kb free=112732Kb
 bounds [0x00007f48080b6000, 0x00007f48087d6000, 0x00007f480f5ed000]
CodeHeap 'non-nmethods': size=5700Kb used=1067Kb max_used=1170Kb free=4632Kb
 bounds [0x00007f4807b25000, 0x00007f4807d95000, 0x00007f48080b6000]
 total_blobs=3690 nmethods=2630 adapters=298
 compilation: enabled

Compilation events (10 events):
Event: 7.487 Thread 0x00007f482018a800 2744       2       com.google.javascript.jscomp.parsing.parser.trees.ParseTree::asUpdateExpression (5 bytes)
Event: 7.488 Thread 0x00007f482018a800 nmethod 2744 0x00007f48087cc310 code [0x00007f48087cc4c0, 0x00007f48087cc650]
Event: 7.489 Thread 0x00007f482018a800 2745       2       com.google.javascript.jscomp.parsing.parser.trees.ParseTree::asIfStatement (5 bytes)
Event: 7.490 Thread 0x00007f482018a800 nmethod 2745 0x00007f48087cc710 code [0x00007f48087cc8c0, 0x00007f48087cca50]
Event: 7.492 Thread 0x00007f482018a800 2746       2       com.google.javascript.jscomp.parsing.parser.trees.ParseTree::asCommaExpression (5 bytes)
Event: 7.492 Thread 0x00007f482018a800 nmethod 2746 0x00007f48087ccb10 code [0x00007f48087cccc0, 0x00007f48087cce50]
Event: 7.608 Thread 0x00007f482018a800 2752 %     3       com.google.javascript.jscomp.parsing.parser.Parser::parseVariableDeclarationList @ 87 (139 bytes)
Event: 7.613 Thread 0x00007f482018a800 nmethod 2752% 0x00007f48087ccf10 code [0x00007f48087cd680, 0x00007f48087d19e8]
Event: 7.653 Thread 0x00007f482018a800 2753       2       com.google.javascript.jscomp.parsing.parser.Parser::parseCatch (76 bytes)
Event: 7.656 Thread 0x00007f482018a800 nmethod 2753 0x00007f48087d3510 code [0x00007f48087d3940, 0x00007f48087d4f88]

GC Heap History (10 events):
Event: 5.642 GC heap after
{Heap after GC invocations=12 (full 0):
 garbage-first heap   total 207872K, used 75316K [0x00000000a8a00000, 0x0000000100000000)
  region size 1024K, 9 young (9216K), 9 survivors (9216K)
 Metaspace       used 16565K, capacity 16729K, committed 17024K, reserved 1064960K
  class space    used 1488K, capacity 1554K, committed 1664K, reserved 1048576K
}
Event: 5.924 GC heap before
{Heap before GC invocations=12 (full 0):
 garbage-first heap   total 207872K, used 145972K [0x00000000a8a00000, 0x0000000100000000)
  region size 1024K, 77 young (78848K), 9 survivors (9216K)
 Metaspace       used 16605K, capacity 16793K, committed 17280K, reserved 1064960K
  class space    used 1488K, capacity 1554K, committed 1664K, reserved 1048576K
}
Event: 5.952 GC heap after
{Heap after GC invocations=13 (full 0):
 garbage-first heap   total 310272K, used 87552K [0x00000000a8a00000, 0x0000000100000000)
  region size 1024K, 10 young (10240K), 10 survivors (10240K)
 Metaspace       used 16605K, capacity 16793K, committed 17280K, reserved 1064960K
  class space    used 1488K, capacity 1554K, committed 1664K, reserved 1048576K
}
Event: 6.480 GC heap before
{Heap before GC invocations=13 (full 0):
 garbage-first heap   total 310272K, used 194048K [0x00000000a8a00000, 0x0000000100000000)
  region size 1024K, 106 young (108544K), 10 survivors (10240K)
 Metaspace       used 16610K, capacity 16793K, committed 17280K, reserved 1064960K
  class space    used 1488K, capacity 1554K, committed 1664K, reserved 1048576K
}
Event: 6.579 GC heap after
{Heap after GC invocations=14 (full 0):
 garbage-first heap   total 310272K, used 120735K [0x00000000a8a00000, 0x0000000100000000)
  region size 1024K, 14 young (14336K), 14 survivors (14336K)
 Metaspace       used 16610K, capacity 16793K, committed 17280K, reserved 1064960K
  class space    used 1488K, capacity 1554K, committed 1664K, reserved 1048576K
}
Event: 6.929 GC heap before
{Heap before GC invocations=14 (full 0):
 garbage-first heap   total 310272K, used 211871K [0x00000000a8a00000, 0x0000000100000000)
  region size 1024K, 103 young (105472K), 14 survivors (14336K)
 Metaspace       used 16612K, capacity 16793K, committed 17280K, reserved 1064960K
  class space    used 1488K, capacity 1554K, committed 1664K, reserved 1048576K
}
Event: 7.024 GC heap after
{Heap after GC invocations=15 (full 0):
 garbage-first heap   total 310272K, used 178688K [0x00000000a8a00000, 0x0000000100000000)
  region size 1024K, 13 young (13312K), 13 survivors (13312K)
 Metaspace       used 16612K, capacity 16793K, committed 17280K, reserved 1064960K
  class space    used 1488K, capacity 1554K, committed 1664K, reserved 1048576K
}
Event: 7.373 GC heap before
{Heap before GC invocations=15 (full 0):
 garbage-first heap   total 310272K, used 225792K [0x00000000a8a00000, 0x0000000100000000)
  region size 1024K, 59 young (60416K), 13 survivors (13312K)
 Metaspace       used 16650K, capacity 16857K, committed 17280K, reserved 1064960K
  class space    used 1491K, capacity 1554K, committed 1664K, reserved 1048576K
}
Event: 7.437 GC heap after
{Heap after GC invocations=16 (full 0):
 garbage-first heap   total 310272K, used 195072K [0x00000000a8a00000, 0x0000000100000000)
  region size 1024K, 8 young (8192K), 8 survivors (8192K)
 Metaspace       used 16650K, capacity 16857K, committed 17280K, reserved 1064960K
  class space    used 1491K, capacity 1554K, committed 1664K, reserved 1048576K
}
Event: 7.703 GC heap before
{Heap before GC invocations=16 (full 0):
 garbage-first heap   total 310272K, used 242176K [0x00000000a8a00000, 0x0000000100000000)
  region size 1024K, 45 young (46080K), 8 survivors (8192K)
 Metaspace       used 16652K, capacity 16857K, committed 17280K, reserved 1064960K
  class space    used 1491K, capacity 1554K, committed 1664K, reserved 1048576K
}

Deoptimization events (10 events):
Event: 2.757 Thread 0x00007f48205e1800 Uncommon trap: reason=unstable_if action=reinterpret pc=0x00007f480f6d7444 method=com.google.javascript.rhino.Node.mergeLineCharNo(II)I @ 15 c2
Event: 2.803 Thread 0x00007f48205e1800 Uncommon trap: reason=unstable_if action=reinterpret pc=0x00007f480f692608 method=com.google.javascript.jscomp.parsing.parser.LineNumberTable.computeLineStartOffsets(Ljava/lang/String;)[I @ 53 c2
Event: 2.803 Thread 0x00007f48205e1800 Uncommon trap: reason=unstable_if action=reinterpret pc=0x00007f480f689028 method=com.google.javascript.jscomp.parsing.parser.LineNumberTable.computeLineStartOffsets(Ljava/lang/String;)[I @ 53 c2
Event: 2.871 Thread 0x00007f48205e1800 Uncommon trap: reason=unstable_if action=reinterpret pc=0x00007f480f6b5cb0 method=com.google.javascript.jscomp.parsing.JsDocTokenStream.getChar()I @ 182 c2
Event: 2.873 Thread 0x00007f48205e1800 Uncommon trap: reason=unstable_if action=reinterpret pc=0x00007f480f6f191c method=com.google.javascript.jscomp.parsing.JsDocInfoParser.parseHelperLoop(Lcom/google/javascript/jscomp/parsing/JsDocToken;Ljava/util/List;)Z @ 189 c2
Event: 3.209 Thread 0x00007f48205e1800 Uncommon trap: reason=unstable_if action=reinterpret pc=0x00007f480f6f7e80 method=com.google.javascript.jscomp.parsing.parser.Scanner.isIdentifierPart(C)Z @ 91 c2
Event: 3.735 Thread 0x00007f48205e1800 Uncommon trap: reason=unstable_if action=reinterpret pc=0x00007f480f64e730 method=java.lang.AbstractStringBuilder.isLatin1()Z @ 10 c2
Event: 7.175 Thread 0x00007f48205e1800 Uncommon trap: reason=unstable_if action=reinterpret pc=0x00007f480f7c304c method=jdk.internal.math.FloatingDecimal$ASCIIToBinaryBuffer.doubleValue()D @ 116 c2
Event: 7.251 Thread 0x00007f48205e1800 Uncommon trap: reason=null_assert_or_unreached0 action=make_not_entrant pc=0x00007f480f7ebef0 method=com.google.javascript.jscomp.parsing.IRFactory$TransformDispatcher.process(Lcom/google/javascript/jscomp/parsing/parser/trees/ParseTree;)Lcom/google/javas
Event: 7.290 Thread 0x00007f48205e1800 Uncommon trap: reason=unstable_if action=reinterpret pc=0x00007f480f778728 method=com.google.javascript.jscomp.parsing.parser.Scanner.skipComment()Z @ 148 c2

Classes redefined (0 events):
No events

Internal exceptions (10 events):
Event: 1.112 Thread 0x00007f4820012000 Exception <a 'java/lang/NoSuchMethodError'{0x00000000add26360}: java.lang.Object.lambda$comparingInt$7b0bb60$1(Ljava/util/function/ToIntFunction;Ljava/lang/Object;Ljava/lang/Object;)I> (0x00000000add26360) thrown at [/build/openjdk-lts-Ae5PRQ/openjdk-lts-
Event: 1.113 Thread 0x00007f4820012000 Exception <a 'java/lang/NoSuchMethodError'{0x00000000add27738}: java.lang.invoke.DirectMethodHandle$Holder.invokeSpecial(Ljava/lang/Object;Ljava/lang/Object;Ljava/lang/Object;Ljava/lang/Object;Ljava/lang/Object;Ljava/lang/Object;Ljava/lang/Object;Ljava/la
Event: 1.113 Thread 0x00007f4820012000 Exception <a 'java/lang/NoSuchMethodError'{0x00000000add2be38}: java.lang.invoke.Invokers$Holder.invoke_MT(Ljava/lang/Object;Ljava/lang/Object;Ljava/lang/Object;Ljava/lang/Object;Ljava/lang/Object;Ljava/lang/Object;Ljava/lang/Object;Ljava/lang/Object;Ljav
Event: 1.119 Thread 0x00007f4820012000 Exception <a 'java/lang/NoSuchMethodError'{0x00000000add37f30}: java.lang.invoke.DirectMethodHandle$Holder.invokeSpecial(Ljava/lang/Object;Ljava/lang/Object;Ljava/lang/Object;)I> (0x00000000add37f30) thrown at [/build/openjdk-lts-Ae5PRQ/openjdk-lts-10.0.2
Event: 1.120 Thread 0x00007f4820012000 Exception <a 'java/lang/NoSuchMethodError'{0x00000000add3db18}: method resolution failed> (0x00000000add3db18) thrown at [/build/openjdk-lts-Ae5PRQ/openjdk-lts-10.0.2+13/src/hotspot/share/prims/methodHandles.cpp, line 1226]
Event: 1.120 Thread 0x00007f4820012000 Exception <a 'java/lang/NoSuchMethodError'{0x00000000add40eb0}: java.lang.Object.lambda$thenComparing$36697e65$1(Ljava/util/Comparator;Ljava/lang/Object;Ljava/lang/Object;)I> (0x00000000add40eb0) thrown at [/build/openjdk-lts-Ae5PRQ/openjdk-lts-10.0.2+13/
Event: 1.216 Thread 0x00007f4820012000 Exception <a 'java/lang/NoSuchMethodError'{0x00000000adad9f38}: java.lang.invoke.DirectMethodHandle$Holder.invokeStaticInit(Ljava/lang/Object;Ljava/lang/Object;)I> (0x00000000adad9f38) thrown at [/build/openjdk-lts-Ae5PRQ/openjdk-lts-10.0.2+13/src/hotspot
Event: 1.367 Thread 0x00007f48205e1800 Implicit null exception at 0x00007f480f6260da to 0x00007f480f6261d2
Event: 2.258 Thread 0x00007f48205e1800 Implicit null exception at 0x00007f480f630137 to 0x00007f480f6305b2
Event: 2.259 Thread 0x00007f48205e1800 Implicit null exception at 0x00007f480f63dab1 to 0x00007f480f63dc72

Events (10 events):
Event: 7.249 loading class com/google/javascript/jscomp/parsing/parser/trees/TemplateLiteralPortionTree done
Event: 7.251 Thread 0x00007f48205e1800 Uncommon trap: trap_request=0xffffffec fr.pc=0x00007f480f7ebef0 relative=0x00000000000004d0
Event: 7.251 Thread 0x00007f48205e1800 DEOPT PACKING pc=0x00007f480f7ebef0 sp=0x00007f4777ffc740
Event: 7.251 Thread 0x00007f48205e1800 DEOPT UNPACKING pc=0x00007f4807b4cfa5 sp=0x00007f4777ffc7b8 mode 2
Event: 7.290 Thread 0x00007f48205e1800 Uncommon trap: trap_request=0xffffff55 fr.pc=0x00007f480f778728 relative=0x0000000000000268
Event: 7.290 Thread 0x00007f48205e1800 DEOPT PACKING pc=0x00007f480f778728 sp=0x00007f4777ff80f0
Event: 7.290 Thread 0x00007f48205e1800 DEOPT UNPACKING pc=0x00007f4807b4cfa5 sp=0x00007f4777ff8010 mode 2
Event: 7.373 Executing VM operation: G1IncCollectionPause
Event: 7.437 Executing VM operation: G1IncCollectionPause done
Event: 7.703 Executing VM operation: G1IncCollectionPause


Dynamic libraries:
a8a00000-bb900000 rw-p 00000000 00:00 0 
ccd00000-100000000 ---p 00000000 00:00 0 
100000000-1001a0000 rw-p 00000000 00:00 0 
1001a0000-140000000 ---p 00000000 00:00 0 
562ad9c00000-562ad9c01000 r-xp 00000000 08:01 921458                     /usr/lib/jvm/java-11-openjdk-amd64/bin/java
562ad9e01000-562ad9e02000 r--p 00001000 08:01 921458                     /usr/lib/jvm/java-11-openjdk-amd64/bin/java
562ad9e02000-562ad9e03000 rw-p 00002000 08:01 921458                     /usr/lib/jvm/java-11-openjdk-amd64/bin/java
562adabed000-562adac0e000 rw-p 00000000 00:00 0                          [heap]
7f4773fff000-7f4774003000 ---p 00000000 00:00 0 
7f4774003000-7f4778000000 rw-p 00000000 00:00 0 
7f4778000000-7f4778021000 rw-p 00000000 00:00 0 
7f4778021000-7f477c000000 ---p 00000000 00:00 0 
7f477c000000-7f477c1a2000 rw-p 00000000 00:00 0 
7f477c1a2000-7f4780000000 ---p 00000000 00:00 0 
7f4780000000-7f4780021000 rw-p 00000000 00:00 0 
7f4780021000-7f4784000000 ---p 00000000 00:00 0 
7f4784000000-7f4784021000 rw-p 00000000 00:00 0 
7f4784021000-7f4788000000 ---p 00000000 00:00 0 
7f4788000000-7f478955e000 rw-p 00000000 00:00 0 
7f478955e000-7f478c000000 ---p 00000000 00:00 0 
7f478c000000-7f478c021000 rw-p 00000000 00:00 0 
7f478c021000-7f4790000000 ---p 00000000 00:00 0 
7f4790000000-7f4791e26000 rw-p 00000000 00:00 0 
7f4791e26000-7f4794000000 ---p 00000000 00:00 0 
7f4794000000-7f4795850000 rw-p 00000000 00:00 0 
7f4795850000-7f4798000000 ---p 00000000 00:00 0 
7f4798000000-7f4798021000 rw-p 00000000 00:00 0 
7f4798021000-7f479c000000 ---p 00000000 00:00 0 
7f479c000000-7f479da98000 rw-p 00000000 00:00 0 
7f479da98000-7f47a0000000 ---p 00000000 00:00 0 
7f47a0000000-7f47a0021000 rw-p 00000000 00:00 0 
7f47a0021000-7f47a4000000 ---p 00000000 00:00 0 
7f47a4000000-7f47a4021000 rw-p 00000000 00:00 0 
7f47a4021000-7f47a8000000 ---p 00000000 00:00 0 
7f47a8000000-7f47a80bb000 rw-p 00000000 00:00 0 
7f47a80bb000-7f47ac000000 ---p 00000000 00:00 0 
7f47ac000000-7f47ac021000 rw-p 00000000 00:00 0 
7f47ac021000-7f47b0000000 ---p 00000000 00:00 0 
7f47b19fe000-7f47b1b3e000 rw-p 00000000 00:00 0 
7f47b1b3e000-7f47b1bfe000 ---p 00000000 00:00 0 
7f47b1bfe000-7f47b1dfe000 rw-p 00000000 00:00 0 
7f47b1dfe000-7f47b1ffe000 rw-p 00000000 00:00 0 
7f47b1ffe000-7f47b21fe000 rw-p 00000000 00:00 0 
7f47b21fe000-7f47b2215000 r-xp 00000000 08:01 953209                     /usr/lib/jvm/java-11-openjdk-amd64/lib/libnet.so
7f47b2215000-7f47b2414000 ---p 00017000 08:01 953209                     /usr/lib/jvm/java-11-openjdk-amd64/lib/libnet.so
7f47b2414000-7f47b2415000 r--p 00016000 08:01 953209                     /usr/lib/jvm/java-11-openjdk-amd64/lib/libnet.so
7f47b2415000-7f47b2416000 rw-p 00017000 08:01 953209                     /usr/lib/jvm/java-11-openjdk-amd64/lib/libnet.so
7f47b2416000-7f47b2427000 r-xp 00000000 08:01 953211                     /usr/lib/jvm/java-11-openjdk-amd64/lib/libnio.so
7f47b2427000-7f47b2626000 ---p 00011000 08:01 953211                     /usr/lib/jvm/java-11-openjdk-amd64/lib/libnio.so
7f47b2626000-7f47b2627000 r--p 00010000 08:01 953211                     /usr/lib/jvm/java-11-openjdk-amd64/lib/libnio.so
7f47b2627000-7f47b2628000 rw-p 00011000 08:01 953211                     /usr/lib/jvm/java-11-openjdk-amd64/lib/libnio.so
7f47b2628000-7f47b262c000 ---p 00000000 00:00 0 
7f47b262c000-7f47b2729000 rw-p 00000000 00:00 0 
7f47b2729000-7f47b272a000 ---p 00000000 00:00 0 
7f47b272a000-7f47b282b000 rw-p 00000000 00:00 0 
7f47b282b000-7f47b282f000 ---p 00000000 00:00 0 
7f47b282f000-7f47b292c000 rw-p 00000000 00:00 0 
7f47b292c000-7f47b2930000 ---p 00000000 00:00 0 
7f47b2930000-7f47b2a2d000 rw-p 00000000 00:00 0 
7f47b2a2d000-7f47b2a31000 ---p 00000000 00:00 0 
7f47b2a31000-7f47b2b2e000 rw-p 00000000 00:00 0 
7f47b2b2e000-7f47b2b32000 ---p 00000000 00:00 0 
7f47b2b32000-7f47b2c2f000 rw-p 00000000 00:00 0 
7f47b2c2f000-7f47b2c33000 ---p 00000000 00:00 0 
7f47b2c33000-7f47b2d30000 rw-p 00000000 00:00 0 
7f47b2d30000-7f47b2d34000 ---p 00000000 00:00 0 
7f47b2d34000-7f47b2e31000 rw-p 00000000 00:00 0 
7f47b2e31000-7f47b3800000 r--p 00000000 08:01 924394                     /usr/lib/locale/locale-archive
7f47b3800000-7f47b4000000 rw-p 00000000 00:00 0 
7f47b4000000-7f47b4021000 rw-p 00000000 00:00 0 
7f47b4021000-7f47b8000000 ---p 00000000 00:00 0 
7f47b8000000-7f47b8021000 rw-p 00000000 00:00 0 
7f47b8021000-7f47bc000000 ---p 00000000 00:00 0 
7f47bc000000-7f47bc021000 rw-p 00000000 00:00 0 
7f47bc021000-7f47c0000000 ---p 00000000 00:00 0 
7f47c0000000-7f47c0021000 rw-p 00000000 00:00 0 
7f47c0021000-7f47c4000000 ---p 00000000 00:00 0 
7f47c4000000-7f47c4021000 rw-p 00000000 00:00 0 
7f47c4021000-7f47c8000000 ---p 00000000 00:00 0 
7f47c8000000-7f47c8021000 rw-p 00000000 00:00 0 
7f47c8021000-7f47cc000000 ---p 00000000 00:00 0 
7f47cc000000-7f47cc02c000 rw-p 00000000 00:00 0 
7f47cc02c000-7f47d0000000 ---p 00000000 00:00 0 
7f47d0000000-7f47d002c000 rw-p 00000000 00:00 0 
7f47d002c000-7f47d4000000 ---p 00000000 00:00 0 
7f47d4000000-7f47d4021000 rw-p 00000000 00:00 0 
7f47d4021000-7f47d8000000 ---p 00000000 00:00 0 
7f47d8000000-7f47d8021000 rw-p 00000000 00:00 0 
7f47d8021000-7f47dc000000 ---p 00000000 00:00 0 
7f47dc000000-7f47dc021000 rw-p 00000000 00:00 0 
7f47dc021000-7f47e0000000 ---p 00000000 00:00 0 
7f47e0000000-7f47e003a000 rw-p 00000000 00:00 0 
7f47e003a000-7f47e4000000 ---p 00000000 00:00 0 
7f47e4017000-7f47e401b000 ---p 00000000 00:00 0 
7f47e401b000-7f47e4118000 rw-p 00000000 00:00 0 
7f47e4118000-7f47e411c000 ---p 00000000 00:00 0 
7f47e411c000-7f47e4219000 rw-p 00000000 00:00 0 
7f47e4219000-7f47e421d000 ---p 00000000 00:00 0 
7f47e421d000-7f47e431a000 rw-p 00000000 00:00 0 
7f47e431a000-7f47e431b000 ---p 00000000 00:00 0 
7f47e431b000-7f47e441c000 rw-p 00000000 00:00 0 
7f47e441c000-7f47e441d000 ---p 00000000 00:00 0 
7f47e441d000-7f47e451e000 rw-p 00000000 00:00 0 
7f47e451e000-7f47e451f000 ---p 00000000 00:00 0 
7f47e451f000-7f47e4620000 rw-p 00000000 00:00 0 
7f47e4620000-7f47e4621000 ---p 00000000 00:00 0 
7f47e4621000-7f47e4722000 rw-p 00000000 00:00 0 
7f47e4722000-7f47e4723000 ---p 00000000 00:00 0 
7f47e4723000-7f47e4824000 rw-p 00000000 00:00 0 
7f47e4824000-7f47e4825000 ---p 00000000 00:00 0 
7f47e4825000-7f47e4926000 rw-p 00000000 00:00 0 
7f47e4926000-7f47e4927000 ---p 00000000 00:00 0 
7f47e4927000-7f47e6ee4000 rw-p 00000000 00:00 0 
7f47e6ee4000-7f47e8000000 ---p 00000000 00:00 0 
7f47e8000000-7f47e802c000 rw-p 00000000 00:00 0 
7f47e802c000-7f47ec000000 ---p 00000000 00:00 0 
7f47ec000000-7f47ec02b000 rw-p 00000000 00:00 0 
7f47ec02b000-7f47f0000000 ---p 00000000 00:00 0 
7f47f0000000-7f47f002a000 rw-p 00000000 00:00 0 
7f47f002a000-7f47f4000000 ---p 00000000 00:00 0 
7f47f4000000-7f47f4047000 rw-p 00000000 00:00 0 
7f47f4047000-7f47f8000000 ---p 00000000 00:00 0 
7f47f8000000-7f47f8031000 rw-p 00000000 00:00 0 
7f47f8031000-7f47fc000000 ---p 00000000 00:00 0 
7f47fc000000-7f47fc02b000 rw-p 00000000 00:00 0 
7f47fc02b000-7f4800000000 ---p 00000000 00:00 0 
7f4800000000-7f4800032000 rw-p 00000000 00:00 0 
7f4800032000-7f4804000000 ---p 00000000 00:00 0 
7f48040f4000-7f48040f5000 ---p 00000000 00:00 0 
7f48040f5000-7f48041f6000 rw-p 00000000 00:00 0 
7f48041f6000-7f48041f7000 ---p 00000000 00:00 0 
7f48041f7000-7f48042f8000 rw-p 00000000 00:00 0 
7f48042f8000-7f48042f9000 ---p 00000000 00:00 0 
7f48042f9000-7f4804c02000 rw-p 00000000 00:00 0 
7f4804c02000-7f4804c03000 ---p 00000000 00:00 0 
7f4804c03000-7f4804d04000 rw-p 00000000 00:00 0 
7f4804d04000-7f4804d05000 ---p 00000000 00:00 0 
7f4804d05000-7f4804e06000 rw-p 00000000 00:00 0 
7f4804e06000-7f4804e07000 ---p 00000000 00:00 0 
7f4804e07000-7f48053c4000 rw-p 00000000 00:00 0 
7f48053c4000-7f48064e0000 ---p 00000000 00:00 0 
7f48064e0000-7f4806578000 rw-p 00000000 00:00 0 
7f4806578000-7f480679b000 ---p 00000000 00:00 0 
7f480679b000-7f4806833000 rw-p 00000000 00:00 0 
7f4806833000-7f4806a56000 ---p 00000000 00:00 0 
7f4806a56000-7f4806aee000 rw-p 00000000 00:00 0 
7f4806aee000-7f4806d11000 ---p 00000000 00:00 0 
7f4806d11000-7f4807519000 rw-p 00000000 00:00 0 
7f4807519000-7f480751a000 ---p 00000000 00:00 0 
7f480751a000-7f480761b000 rw-p 00000000 00:00 0 
7f480761b000-7f480761c000 ---p 00000000 00:00 0 
7f480761c000-7f480771d000 rw-p 00000000 00:00 0 
7f480771d000-7f480771e000 ---p 00000000 00:00 0 
7f480771e000-7f480781f000 rw-p 00000000 00:00 0 
7f480781f000-7f4807820000 ---p 00000000 00:00 0 
7f4807820000-7f4807921000 rw-p 00000000 00:00 0 
7f4807921000-7f4807922000 ---p 00000000 00:00 0 
7f4807922000-7f4807a23000 rw-p 00000000 00:00 0 
7f4807a23000-7f4807a24000 ---p 00000000 00:00 0 
7f4807a24000-7f4807b25000 rw-p 00000000 00:00 0 
7f4807b25000-7f4807d95000 rwxp 00000000 00:00 0 
7f4807d95000-7f48080b6000 ---p 00000000 00:00 0 
7f48080b6000-7f48087d6000 rwxp 00000000 00:00 0 
7f48087d6000-7f480f5ed000 ---p 00000000 00:00 0 
7f480f5ed000-7f480f85d000 rwxp 00000000 00:00 0 
7f480f85d000-7f4816b25000 ---p 00000000 00:00 0 
7f4816b25000-7f4820000000 r--s 00000000 08:01 953235                     /usr/lib/jvm/java-11-openjdk-amd64/lib/modules
7f4820000000-7f48205e8000 rw-p 00000000 00:00 0 
7f48205e8000-7f4824000000 ---p 00000000 00:00 0 
7f4824014000-7f482408a000 rw-p 00000000 00:00 0 
7f482408a000-7f482408b000 ---p 00000000 00:00 0 
7f482408b000-7f482418c000 rw-p 00000000 00:00 0 
7f482418c000-7f482418d000 ---p 00000000 00:00 0 
7f482418d000-7f4824293000 rw-p 00000000 00:00 0 
7f4824293000-7f4824379000 ---p 00000000 00:00 0 
7f4824379000-7f4824388000 rw-p 00000000 00:00 0 
7f4824388000-7f4824464000 ---p 00000000 00:00 0 
7f4824464000-7f4824469000 r-xp 00000000 08:01 953185                     /usr/lib/jvm/java-11-openjdk-amd64/lib/libjimage.so
7f4824469000-7f4824668000 ---p 00005000 08:01 953185                     /usr/lib/jvm/java-11-openjdk-amd64/lib/libjimage.so
7f4824668000-7f4824669000 r--p 00004000 08:01 953185                     /usr/lib/jvm/java-11-openjdk-amd64/lib/libjimage.so
7f4824669000-7f482466a000 rw-p 00005000 08:01 953185                     /usr/lib/jvm/java-11-openjdk-amd64/lib/libjimage.so
7f482466a000-7f4824671000 r-xp 00000000 08:01 953233                     /usr/lib/jvm/java-11-openjdk-amd64/lib/libzip.so
7f4824671000-7f4824870000 ---p 00007000 08:01 953233                     /usr/lib/jvm/java-11-openjdk-amd64/lib/libzip.so
7f4824870000-7f4824871000 r--p 00006000 08:01 953233                     /usr/lib/jvm/java-11-openjdk-amd64/lib/libzip.so
7f4824871000-7f4824872000 rw-p 00007000 08:01 953233                     /usr/lib/jvm/java-11-openjdk-amd64/lib/libzip.so
7f4824872000-7f482487d000 r-xp 00000000 08:01 399298                     /lib/x86_64-linux-gnu/libnss_files-2.27.so
7f482487d000-7f4824a7c000 ---p 0000b000 08:01 399298                     /lib/x86_64-linux-gnu/libnss_files-2.27.so
7f4824a7c000-7f4824a7d000 r--p 0000a000 08:01 399298                     /lib/x86_64-linux-gnu/libnss_files-2.27.so
7f4824a7d000-7f4824a7e000 rw-p 0000b000 08:01 399298                     /lib/x86_64-linux-gnu/libnss_files-2.27.so
7f4824a7e000-7f4824a84000 rw-p 00000000 00:00 0 
7f4824a84000-7f4824a9b000 r-xp 00000000 08:01 399292                     /lib/x86_64-linux-gnu/libnsl-2.27.so
7f4824a9b000-7f4824c9a000 ---p 00017000 08:01 399292                     /lib/x86_64-linux-gnu/libnsl-2.27.so
7f4824c9a000-7f4824c9b000 r--p 00016000 08:01 399292                     /lib/x86_64-linux-gnu/libnsl-2.27.so
7f4824c9b000-7f4824c9c000 rw-p 00017000 08:01 399292                     /lib/x86_64-linux-gnu/libnsl-2.27.so
7f4824c9c000-7f4824c9e000 rw-p 00000000 00:00 0 
7f4824c9e000-7f4824ca9000 r-xp 00000000 08:01 399309                     /lib/x86_64-linux-gnu/libnss_nis-2.27.so
7f4824ca9000-7f4824ea8000 ---p 0000b000 08:01 399309                     /lib/x86_64-linux-gnu/libnss_nis-2.27.so
7f4824ea8000-7f4824ea9000 r--p 0000a000 08:01 399309                     /lib/x86_64-linux-gnu/libnss_nis-2.27.so
7f4824ea9000-7f4824eaa000 rw-p 0000b000 08:01 399309                     /lib/x86_64-linux-gnu/libnss_nis-2.27.so
7f4824eaa000-7f4824eb2000 r-xp 00000000 08:01 399294                     /lib/x86_64-linux-gnu/libnss_compat-2.27.so
7f4824eb2000-7f48250b2000 ---p 00008000 08:01 399294                     /lib/x86_64-linux-gnu/libnss_compat-2.27.so
7f48250b2000-7f48250b3000 r--p 00008000 08:01 399294                     /lib/x86_64-linux-gnu/libnss_compat-2.27.so
7f48250b3000-7f48250b4000 rw-p 00009000 08:01 399294                     /lib/x86_64-linux-gnu/libnss_compat-2.27.so
7f48250b4000-7f48250e0000 r-xp 00000000 08:01 953176                     /usr/lib/jvm/java-11-openjdk-amd64/lib/libjava.so
7f48250e0000-7f48252df000 ---p 0002c000 08:01 953176                     /usr/lib/jvm/java-11-openjdk-amd64/lib/libjava.so
7f48252df000-7f48252e0000 r--p 0002b000 08:01 953176                     /usr/lib/jvm/java-11-openjdk-amd64/lib/libjava.so
7f48252e0000-7f48252e2000 rw-p 0002c000 08:01 953176                     /usr/lib/jvm/java-11-openjdk-amd64/lib/libjava.so
7f48252e2000-7f48252ef000 r-xp 00000000 08:01 953230                     /usr/lib/jvm/java-11-openjdk-amd64/lib/libverify.so
7f48252ef000-7f48254ee000 ---p 0000d000 08:01 953230                     /usr/lib/jvm/java-11-openjdk-amd64/lib/libverify.so
7f48254ee000-7f48254f0000 r--p 0000c000 08:01 953230                     /usr/lib/jvm/java-11-openjdk-amd64/lib/libverify.so
7f48254f0000-7f48254f1000 rw-p 0000e000 08:01 953230                     /usr/lib/jvm/java-11-openjdk-amd64/lib/libverify.so
7f48254f1000-7f48254f8000 r-xp 00000000 08:01 399349                     /lib/x86_64-linux-gnu/librt-2.27.so
7f48254f8000-7f48256f7000 ---p 00007000 08:01 399349                     /lib/x86_64-linux-gnu/librt-2.27.so
7f48256f7000-7f48256f8000 r--p 00006000 08:01 399349                     /lib/x86_64-linux-gnu/librt-2.27.so
7f48256f8000-7f48256f9000 rw-p 00007000 08:01 399349                     /lib/x86_64-linux-gnu/librt-2.27.so
7f48256f9000-7f4825710000 r-xp 00000000 08:01 393301                     /lib/x86_64-linux-gnu/libgcc_s.so.1
7f4825710000-7f482590f000 ---p 00017000 08:01 393301                     /lib/x86_64-linux-gnu/libgcc_s.so.1
7f482590f000-7f4825910000 r--p 00016000 08:01 393301                     /lib/x86_64-linux-gnu/libgcc_s.so.1
7f4825910000-7f4825911000 rw-p 00017000 08:01 393301                     /lib/x86_64-linux-gnu/libgcc_s.so.1
7f4825911000-7f4825aae000 r-xp 00000000 08:01 399271                     /lib/x86_64-linux-gnu/libm-2.27.so
7f4825aae000-7f4825cad000 ---p 0019d000 08:01 399271                     /lib/x86_64-linux-gnu/libm-2.27.so
7f4825cad000-7f4825cae000 r--p 0019c000 08:01 399271                     /lib/x86_64-linux-gnu/libm-2.27.so
7f4825cae000-7f4825caf000 rw-p 0019d000 08:01 399271                     /lib/x86_64-linux-gnu/libm-2.27.so
7f4825caf000-7f4825e28000 r-xp 00000000 08:01 920236                     /usr/lib/x86_64-linux-gnu/libstdc++.so.6.0.25
7f4825e28000-7f4826028000 ---p 00179000 08:01 920236                     /usr/lib/x86_64-linux-gnu/libstdc++.so.6.0.25
7f4826028000-7f4826032000 r--p 00179000 08:01 920236                     /usr/lib/x86_64-linux-gnu/libstdc++.so.6.0.25
7f4826032000-7f4826034000 rw-p 00183000 08:01 920236                     /usr/lib/x86_64-linux-gnu/libstdc++.so.6.0.25
7f4826034000-7f4826038000 rw-p 00000000 00:00 0 
7f4826038000-7f4826fd5000 r-xp 00000000 08:01 1055132                    /usr/lib/jvm/java-11-openjdk-amd64/lib/server/libjvm.so
7f4826fd5000-7f48271d5000 ---p 00f9d000 08:01 1055132                    /usr/lib/jvm/java-11-openjdk-amd64/lib/server/libjvm.so
7f48271d5000-7f4827299000 r--p 00f9d000 08:01 1055132                    /usr/lib/jvm/java-11-openjdk-amd64/lib/server/libjvm.so
7f4827299000-7f48272d1000 rw-p 01061000 08:01 1055132                    /usr/lib/jvm/java-11-openjdk-amd64/lib/server/libjvm.so
7f48272d1000-7f482731a000 rw-p 00000000 00:00 0 
7f482731a000-7f4827334000 r-xp 00000000 08:01 399341                     /lib/x86_64-linux-gnu/libpthread-2.27.so
7f4827334000-7f4827533000 ---p 0001a000 08:01 399341                     /lib/x86_64-linux-gnu/libpthread-2.27.so
7f4827533000-7f4827534000 r--p 00019000 08:01 399341                     /lib/x86_64-linux-gnu/libpthread-2.27.so
7f4827534000-7f4827535000 rw-p 0001a000 08:01 399341                     /lib/x86_64-linux-gnu/libpthread-2.27.so
7f4827535000-7f4827539000 rw-p 00000000 00:00 0 
7f4827539000-7f482753c000 r-xp 00000000 08:01 399231                     /lib/x86_64-linux-gnu/libdl-2.27.so
7f482753c000-7f482773b000 ---p 00003000 08:01 399231                     /lib/x86_64-linux-gnu/libdl-2.27.so
7f482773b000-7f482773c000 r--p 00002000 08:01 399231                     /lib/x86_64-linux-gnu/libdl-2.27.so
7f482773c000-7f482773d000 rw-p 00003000 08:01 399231                     /lib/x86_64-linux-gnu/libdl-2.27.so
7f482773d000-7f4827759000 r-xp 00000000 08:01 399380                     /lib/x86_64-linux-gnu/libz.so.1.2.11
7f4827759000-7f4827958000 ---p 0001c000 08:01 399380                     /lib/x86_64-linux-gnu/libz.so.1.2.11
7f4827958000-7f4827959000 r--p 0001b000 08:01 399380                     /lib/x86_64-linux-gnu/libz.so.1.2.11
7f4827959000-7f482795a000 rw-p 0001c000 08:01 399380                     /lib/x86_64-linux-gnu/libz.so.1.2.11
7f482795a000-7f4827b41000 r-xp 00000000 08:01 399208                     /lib/x86_64-linux-gnu/libc-2.27.so
7f4827b41000-7f4827d41000 ---p 001e7000 08:01 399208                     /lib/x86_64-linux-gnu/libc-2.27.so
7f4827d41000-7f4827d45000 r--p 001e7000 08:01 399208                     /lib/x86_64-linux-gnu/libc-2.27.so
7f4827d45000-7f4827d47000 rw-p 001eb000 08:01 399208                     /lib/x86_64-linux-gnu/libc-2.27.so
7f4827d47000-7f4827d4b000 rw-p 00000000 00:00 0 
7f4827d4b000-7f4827d5a000 r-xp 00000000 08:01 948812                     /usr/lib/jvm/java-11-openjdk-amd64/lib/jli/libjli.so
7f4827d5a000-7f4827f59000 ---p 0000f000 08:01 948812                     /usr/lib/jvm/java-11-openjdk-amd64/lib/jli/libjli.so
7f4827f59000-7f4827f5a000 r--p 0000e000 08:01 948812                     /usr/lib/jvm/java-11-openjdk-amd64/lib/jli/libjli.so
7f4827f5a000-7f4827f5b000 rw-p 0000f000 08:01 948812                     /usr/lib/jvm/java-11-openjdk-amd64/lib/jli/libjli.so
7f4827f5b000-7f4827f82000 r-xp 00000000 08:01 399180                     /lib/x86_64-linux-gnu/ld-2.27.so
7f4827faa000-7f4828062000 rw-p 00000000 00:00 0 
7f4828062000-7f4828069000 ---p 00000000 00:00 0 
7f4828069000-7f482806d000 ---p 00000000 00:00 0 
7f482806d000-7f482816c000 rw-p 00000000 00:00 0 
7f4828175000-7f4828176000 rw-p 00000000 00:00 0 
7f4828176000-7f482817e000 rw-s 00000000 08:01 787327                     /tmp/hsperfdata_arslan/12783
7f482817e000-7f482817f000 ---p 00000000 00:00 0 
7f482817f000-7f4828180000 r--p 00000000 00:00 0 
7f4828180000-7f4828182000 rw-p 00000000 00:00 0 
7f4828182000-7f4828183000 r--p 00027000 08:01 399180                     /lib/x86_64-linux-gnu/ld-2.27.so
7f4828183000-7f4828184000 rw-p 00028000 08:01 399180                     /lib/x86_64-linux-gnu/ld-2.27.so
7f4828184000-7f4828185000 rw-p 00000000 00:00 0 
7ffda6871000-7ffda6892000 rw-p 00000000 00:00 0                          [stack]
7ffda68b0000-7ffda68b3000 r--p 00000000 00:00 0                          [vvar]
7ffda68b3000-7ffda68b5000 r-xp 00000000 00:00 0                          [vdso]
ffffffffff600000-ffffffffff601000 r-xp 00000000 00:00 0                  [vsyscall]


VM Arguments:
java_command: third-party/closure-compiler.jar --generate_exports --compilation_level ADVANCED_OPTIMIZATIONS --dependency_mode=STRICT --externs externs/gviz-externs.js --externs externs/interpreter-externs.js --externs externs/prettify-externs.js --externs externs/soundJS-externs.js --externs externs/storage-externs.js --externs appengine/third-party/blockly/externs/svg-externs.js --language_out ECMASCRIPT5_STRICT --entry_point=Energysource --js='appengine/third-party/**.js' --js='!appengine/third-party/blockly/*.js' --js='!appengine/third-party/blockly/tests/**.js' --js='!appengine/third-party/blockly/externs/**.js' --js='!appengine/third-party/blockly/demos/**.js' --js='appengine/generated/en/*.js' --js='appengine/js/*.js' --warning_level QUIET --js='appengine/energysource/generated/en/*.js' --js='appengine/energysource/js/*.js'
java_class_path (initial): third-party/closure-compiler.jar
Launcher Type: SUN_STANDARD

Logging:
Log output configuration:
#0: stdout all=warning uptime,level,tags
#1: stderr all=off uptime,level,tags

Environment Variables:
PATH=/usr/local/sbin:/usr/local/bin:/usr/sbin:/usr/bin:/sbin:/bin:/usr/games:/usr/local/games:/snap/bin
USERNAME=arslan
SHELL=/bin/bash
DISPLAY=:0

Signal Handlers:
SIGSEGV: [libjvm.so+0xd28b70], sa_mask[0]=11111111011111111101111111111110, sa_flags=SA_RESTART|SA_SIGINFO
SIGBUS: [libjvm.so+0xd28b70], sa_mask[0]=11111111011111111101111111111110, sa_flags=SA_RESTART|SA_SIGINFO
SIGFPE: [libjvm.so+0xd28b70], sa_mask[0]=11111111011111111101111111111110, sa_flags=SA_RESTART|SA_SIGINFO
SIGPIPE: [libjvm.so+0xb2a1f0], sa_mask[0]=11111111011111111101111111111110, sa_flags=SA_RESTART|SA_SIGINFO
SIGXFSZ: [libjvm.so+0xb2a1f0], sa_mask[0]=11111111011111111101111111111110, sa_flags=SA_RESTART|SA_SIGINFO
SIGILL: [libjvm.so+0xd28b70], sa_mask[0]=11111111011111111101111111111110, sa_flags=SA_RESTART|SA_SIGINFO
SIGUSR2: [libjvm.so+0xb2a030], sa_mask[0]=00000000000000000000000000000000, sa_flags=SA_RESTART|SA_SIGINFO
SIGHUP: [libjvm.so+0xb2a180], sa_mask[0]=11111111011111111101111111111110, sa_flags=SA_RESTART|SA_SIGINFO
SIGINT: [libjvm.so+0xb2a180], sa_mask[0]=11111111011111111101111111111110, sa_flags=SA_RESTART|SA_SIGINFO
SIGTERM: [libjvm.so+0xb2a180], sa_mask[0]=11111111011111111101111111111110, sa_flags=SA_RESTART|SA_SIGINFO
SIGQUIT: [libjvm.so+0xb2a180], sa_mask[0]=11111111011111111101111111111110, sa_flags=SA_RESTART|SA_SIGINFO


---------------  S Y S T E M  ---------------

OS:DISTRIB_ID=Ubuntu
DISTRIB_RELEASE=18.04
DISTRIB_CODENAME=bionic
DISTRIB_DESCRIPTION="Ubuntu 18.04.1 LTS"
uname:Linux 4.15.0-42-generic #45-Ubuntu SMP Thu Nov 15 19:32:57 UTC 2018 x86_64
libc:glibc 2.27 NPTL 2.27 
rlimit: STACK 8192k, CORE 0k, NPROC 22121, NOFILE 4096, AS infinity, DATA infinity, FSIZE infinity
load average:3.44 1.06 0.65

/proc/meminfo:
MemTotal:        5723704 kB
MemFree:          114596 kB
MemAvailable:      60092 kB
Buffers:            2064 kB
Cached:           166608 kB
SwapCached:         5128 kB
Active:          3056456 kB
Inactive:         636992 kB
Active(anon):    3007568 kB
Inactive(anon):   601544 kB
Active(file):      48888 kB
Inactive(file):    35448 kB
Unevictable:        1912 kB
Mlocked:            1912 kB
SwapTotal:        969960 kB
SwapFree:              4 kB
Dirty:               568 kB
Writeback:             0 kB
AnonPages:       3522464 kB
Mapped:           153448 kB
Shmem:             83564 kB
Slab:             203180 kB
SReclaimable:      61444 kB
SUnreclaim:       141736 kB
KernelStack:       19888 kB
PageTables:        73632 kB
NFS_Unstable:          0 kB
Bounce:                0 kB
WritebackTmp:          0 kB
CommitLimit:     3831812 kB
Committed_AS:   11867132 kB
VmallocTotal:   34359738367 kB
VmallocUsed:           0 kB
VmallocChunk:          0 kB
HardwareCorrupted:     0 kB
AnonHugePages:         0 kB
ShmemHugePages:        0 kB
ShmemPmdMapped:        0 kB
CmaTotal:              0 kB
CmaFree:               0 kB
HugePages_Total:       0
HugePages_Free:        0
HugePages_Rsvd:        0
HugePages_Surp:        0
Hugepagesize:       2048 kB
DirectMap4k:      474944 kB
DirectMap2M:     5455872 kB
DirectMap1G:           0 kB

container (cgroup) information:
container_type: cgroupv1
cpu_cpuset_cpus: 0-7
cpu_memory_nodes: 0
active_processor_count: 8
cpu_quota: -1
cpu_period: 100000
cpu_shares: -1
memory_limit_in_bytes: -1
memory_and_swap_limit_in_bytes: -2
memory_soft_limit_in_bytes: -1
memory_usage_in_bytes: 3784310784
memory_max_usage_in_bytes: 221159424


CPU:total 8 (initial active 8) (4 cores per cpu, 1 threads per core) family 6 model 94 stepping 3, cmov, cx8, fxsr, mmx, sse, sse2, sse3, ssse3, sse4.1, sse4.2, popcnt, avx, avx2, aes, clmul, erms, rtm, 3dnowpref, lzcnt, tsc, tscinvbit, bmi1, bmi2, adx, fma
CPU Model and flags from /proc/cpuinfo:
model name	: Intel(R) Core(TM) i7-6700HQ CPU @ 2.60GHz
flags		: fpu vme de pse tsc msr pae mce cx8 apic sep mtrr pge mca cmov pat pse36 clflush mmx fxsr sse sse2 ss ht syscall nx pdpe1gb rdtscp lm constant_tsc arch_perfmon nopl xtopology tsc_reliable nonstop_tsc cpuid pni pclmulqdq vmx ssse3 fma cx16 pcid sse4_1 sse4_2 x2apic movbe popcnt tsc_deadline_timer aes xsave avx f16c rdrand hypervisor lahf_lm abm 3dnowprefetch cpuid_fault invpcid_single pti ibrs ibpb stibp tpr_shadow vnmi ept vpid fsgsbase tsc_adjust bmi1 hle avx2 smep bmi2 invpcid rtm mpx rdseed adx smap clflushopt xsaveopt xsavec xsaves arat arch_capabilities

Memory: 4k page, physical 5723704k(114596k free), swap 969960k(4k free)

vm_info: OpenJDK 64-Bit Server VM (10.0.2+13-Ubuntu-1ubuntu0.18.04.4) for linux-amd64 JRE (10.0.2+13-Ubuntu-1ubuntu0.18.04.4), built on Nov 13 2018 12:53:39 by "buildd" with gcc 7.3.0

END.
