#
# There is insufficient memory for the Java Runtime Environment to continue.
# Native memory allocation (mmap) failed to map 275775488 bytes for committing reserved memory.
# Possible reasons:
#   The system is out of physical RAM or swap space
#   The process is running with CompressedOops enabled, and the Java Heap may be blocking the growth of the native heap
# Possible solutions:
#   Reduce memory load on the system
#   Increase physical memory or swap space
#   Check if swap backing store is full
#   Decrease Java heap size (-Xmx/-Xms)
#   Decrease number of Java threads
#   Decrease Java thread stack sizes (-Xss)
#   Set larger code cache with -XX:ReservedCodeCacheSize=
#   JVM is running with Unscaled Compressed Oops mode in which the Java heap is
#     placed in the first 4GB address space. The Java Heap base address is the
#     maximum limit for the native heap growth. Please use -XX:HeapBaseMinAddress
#     to set the Java Heap base and to place the Java Heap above 4GB virtual address.
# This output file may be truncated or incomplete.
#
#  Out of Memory Error (os_linux.cpp:2706), pid=28426, tid=28448
#
# JRE version: OpenJDK Runtime Environment (10.0.2+13) (build 10.0.2+13-Ubuntu-1ubuntu0.18.04.2)
# Java VM: OpenJDK 64-Bit Server VM (10.0.2+13-Ubuntu-1ubuntu0.18.04.2, mixed mode, tiered, compressed oops, g1 gc, linux-amd64)
# Core dump will be written. Default location: Core dumps may be processed with "/usr/share/apport/apport %p %s %c %d %P" (or dumping to /home/arslan/Desktop/learnobot/blockly-games/core.28426)
#

---------------  S U M M A R Y ------------

Command Line: third-party/closure-compiler.jar --generate_exports --compilation_level ADVANCED_OPTIMIZATIONS --dependency_mode=STRICT --externs externs/gviz-externs.js --externs externs/interpreter-externs.js --externs externs/prettify-externs.js --externs externs/soundJS-externs.js --externs externs/storage-externs.js --externs appengine/third-party/blockly/externs/svg-externs.js --language_out ECMASCRIPT5_STRICT --entry_point=Puzzle --js='appengine/third-party/**.js' --js='!appengine/third-party/blockly/*.js' --js='!appengine/third-party/blockly/tests/**.js' --js='!appengine/third-party/blockly/externs/**.js' --js='!appengine/third-party/blockly/demos/**.js' --js='appengine/generated/en/*.js' --js='appengine/js/*.js' --warning_level QUIET --js='appengine/puzzle/generated/en/*.js' --js='appengine/puzzle/js/*.js'

Host: Intel(R) Core(TM) i7-6700HQ CPU @ 2.60GHz, 8 cores, 5G, Ubuntu 18.04.1 LTS
Time: Sun Oct  7 23:16:57 2018 PDT elapsed time: 8 seconds (0d 0h 0m 8s)

---------------  T H R E A D  ---------------

Current thread (0x00007f86ac165000):  VMThread "VM Thread" [stack: 0x00007f869005f000,0x00007f869015f000] [id=28448]

Stack: [0x00007f869005f000,0x00007f869015f000],  sp=0x00007f869015d0a0,  free space=1016k
Native frames: (J=compiled Java code, A=aot compiled Java code, j=interpreted, Vv=VM code, C=native code)
V  [libjvm.so+0xd27e04]
V  [libjvm.so+0xd289ab]
V  [libjvm.so+0x64d415]
V  [libjvm.so+0xb2d728]
V  [libjvm.so+0xb25f7d]
V  [libjvm.so+0x7662ff]
V  [libjvm.so+0x76653e]
V  [libjvm.so+0x769500]
V  [libjvm.so+0x7efa1c]
V  [libjvm.so+0x7f06df]
V  [libjvm.so+0x7f0b59]
V  [libjvm.so+0x7162cf]
V  [libjvm.so+0x71a3ba]
V  [libjvm.so+0xd39f68]
V  [libjvm.so+0xd387d1]
V  [libjvm.so+0xd35a9b]
V  [libjvm.so+0xd370be]
V  [libjvm.so+0xd374e8]
V  [libjvm.so+0xb33ca0]

VM_Operation (0x00007f860b7e2030): G1IncCollectionPause, mode: safepoint, requested by thread 0x00007f86ac54d000


---------------  P R O C E S S  ---------------

Threads class SMR info:
_java_thread_list=0x00007f86ac54c7c0, length=12, elements={
0x00007f86ac012000, 0x00007f86ac16f000, 0x00007f86ac171000, 0x00007f86ac17a000,
0x00007f86ac184800, 0x00007f86ac186800, 0x00007f86ac188800, 0x00007f86ac18a800,
0x00007f86ac18c000, 0x00007f86ac240800, 0x00007f86ac24f800, 0x00007f86ac54d000
}

Java Threads: ( => current thread )
  0x00007f86ac012000 JavaThread "main" [_thread_blocked, id=28427, stack(0x00007f86b5d27000,0x00007f86b5e28000)]
  0x00007f86ac16f000 JavaThread "Reference Handler" daemon [_thread_blocked, id=28449, stack(0x00007f86616ff000,0x00007f8661800000)]
  0x00007f86ac171000 JavaThread "Finalizer" daemon [_thread_blocked, id=28450, stack(0x00007f86615fe000,0x00007f86616ff000)]
  0x00007f86ac17a000 JavaThread "Signal Dispatcher" daemon [_thread_blocked, id=28451, stack(0x00007f8660b2e000,0x00007f8660c2f000)]
  0x00007f86ac184800 JavaThread "C2 CompilerThread0" daemon [_thread_blocked, id=28452, stack(0x00007f8660a2d000,0x00007f8660b2e000)]
  0x00007f86ac186800 JavaThread "C2 CompilerThread1" daemon [_thread_blocked, id=28453, stack(0x00007f866092c000,0x00007f8660a2d000)]
  0x00007f86ac188800 JavaThread "C2 CompilerThread2" daemon [_thread_blocked, id=28454, stack(0x00007f866082b000,0x00007f866092c000)]
  0x00007f86ac18a800 JavaThread "C1 CompilerThread3" daemon [_thread_blocked, id=28455, stack(0x00007f866072a000,0x00007f866082b000)]
  0x00007f86ac18c000 JavaThread "Sweeper thread" daemon [_thread_blocked, id=28456, stack(0x00007f8660629000,0x00007f866072a000)]
  0x00007f86ac240800 JavaThread "Service Thread" daemon [_thread_blocked, id=28457, stack(0x00007f8660528000,0x00007f8660629000)]
  0x00007f86ac24f800 JavaThread "Common-Cleaner" daemon [_thread_blocked, id=28459, stack(0x00007f8660325000,0x00007f8660426000)]
  0x00007f86ac54d000 JavaThread "jscompiler" daemon [_thread_blocked, id=28463, stack(0x00007f86077e7000,0x00007f860b7e8000)]

Other Threads:
=>0x00007f86ac165000 VMThread "VM Thread" [stack: 0x00007f869005f000,0x00007f869015f000] [id=28448]
  0x00007f86ac243000 WatcherThread [stack: 0x00007f8660428000,0x00007f8660528000] [id=28458]
  0x00007f86ac029000 GCTaskThread "GC Thread#0" [stack: 0x00007f86b1e4c000,0x00007f86b1f4c000] [id=28428]
  0x00007f86ac02a800 GCTaskThread "GC Thread#1" [stack: 0x00007f86b1d4a000,0x00007f86b1e4a000] [id=28429]
  0x00007f86ac02c000 GCTaskThread "GC Thread#2" [stack: 0x00007f86b1c48000,0x00007f86b1d48000] [id=28430]
  0x00007f86ac02e000 GCTaskThread "GC Thread#3" [stack: 0x00007f86b1b46000,0x00007f86b1c46000] [id=28431]
  0x00007f86ac02f800 GCTaskThread "GC Thread#4" [stack: 0x00007f86b1a44000,0x00007f86b1b44000] [id=28432]
  0x00007f86ac031000 GCTaskThread "GC Thread#5" [stack: 0x00007f86b1942000,0x00007f86b1a42000] [id=28433]
  0x00007f86ac033000 GCTaskThread "GC Thread#6" [stack: 0x00007f86b1840000,0x00007f86b1940000] [id=28434]
  0x00007f86ac034800 GCTaskThread "GC Thread#7" [stack: 0x00007f86b173e000,0x00007f86b183e000] [id=28435]
  0x00007f86ac082000 ConcurrentGCThread "G1 Main Marker" [stack: 0x00007f86b0603000,0x00007f86b0703000] [id=28436]
  0x00007f86ac084000 ConcurrentGCThread "G1 Conc#0" [stack: 0x00007f86b0501000,0x00007f86b0601000] [id=28437]
  0x00007f86ac085800 ConcurrentGCThread "G1 Conc#1" [stack: 0x00007f86b03ff000,0x00007f86b04ff000] [id=28438]
  0x00007f86ac0cf000 ConcurrentGCThread "G1 Refine#0" [stack: 0x00007f8690971000,0x00007f8690a71000] [id=28439]
  0x00007f86ac0d1000 ConcurrentGCThread "G1 Refine#1" [stack: 0x00007f869086f000,0x00007f869096f000] [id=28440]
  0x00007f86ac0d2800 ConcurrentGCThread "G1 Refine#2" [stack: 0x00007f869076d000,0x00007f869086d000] [id=28441]
  0x00007f86ac0d4800 ConcurrentGCThread "G1 Refine#3" [stack: 0x00007f869066b000,0x00007f869076b000] [id=28442]
  0x00007f86ac0d6000 ConcurrentGCThread "G1 Refine#4" [stack: 0x00007f8690569000,0x00007f8690669000] [id=28443]
  0x00007f86ac0d8000 ConcurrentGCThread "G1 Refine#5" [stack: 0x00007f8690467000,0x00007f8690567000] [id=28444]
  0x00007f86ac0d9800 ConcurrentGCThread "G1 Refine#6" [stack: 0x00007f8690365000,0x00007f8690465000] [id=28445]
  0x00007f86ac0db800 ConcurrentGCThread "G1 Refine#7" [stack: 0x00007f8690263000,0x00007f8690363000] [id=28446]
  0x00007f86ac0dd000 ConcurrentGCThread "G1 Young RemSet Sampling" [stack: 0x00007f8690161000,0x00007f8690261000] [id=28447]

Threads with active compile tasks:
C2 CompilerThread02204       4       com.google.javascript.jscomp.parsing.parser.Parser::parseUnaryExpression (54 bytes)
C2 CompilerThread12236       4       com.google.javascript.jscomp.parsing.parser.Parser::parseExponentiationExpression (81 bytes)
C2 CompilerThread22235       4       com.google.javascript.jscomp.parsing.parser.Parser::parseUpdateExpression (70 bytes)

VM state:at safepoint (normal execution)

VM Mutex/Monitor currently owned by a thread:  ([mutex/lock_event])
[0x00007f86ac00e620] Threads_lock - owner thread: 0x00007f86ac165000
[0x00007f86ac00ebc0] Heap_lock - owner thread: 0x00007f86ac54d000

Heap address: 0x00000000a8a00000, size: 1398 MB, Compressed Oops mode: 32-bit
Narrow klass base: 0x0000000000000000, Narrow klass shift: 3
Compressed class space size: 1073741824 Address: 0x0000000100000000

Heap:
 garbage-first heap   total 548864K, used 210432K [0x00000000a8a00000, 0x0000000100000000)
  region size 1024K, 4 young (4096K), 4 survivors (4096K)
 Metaspace       used 16461K, capacity 16663K, committed 17024K, reserved 1064960K
  class space    used 1478K, capacity 1553K, committed 1664K, reserved 1048576K
Heap Regions: E=young(eden), S=young(survivor), O=old, HS=humongous(starts), HC=humongous(continues), CS=collection set, F=free, A=archive, TS=gc time stamp, AC=allocation context, TAMS=top-at-mark-start (previous, next)
|   0|0x00000000a8a00000, 0x00000000a8b00000, 0x00000000a8b00000|100%| O|  |TS  0|AC  0|TAMS 0x00000000a8b00000, 0x00000000a8b00000|
|   1|0x00000000a8b00000, 0x00000000a8c00000, 0x00000000a8c00000|100%| O|  |TS  0|AC  0|TAMS 0x00000000a8c00000, 0x00000000a8c00000|
|   2|0x00000000a8c00000, 0x00000000a8d00000, 0x00000000a8d00000|100%| O|  |TS  0|AC  0|TAMS 0x00000000a8d00000, 0x00000000a8d00000|
|   3|0x00000000a8d00000, 0x00000000a8e00000, 0x00000000a8e00000|100%| O|  |TS  0|AC  0|TAMS 0x00000000a8e00000, 0x00000000a8e00000|
|   4|0x00000000a8e00000, 0x00000000a8f00000, 0x00000000a8f00000|100%| O|  |TS  0|AC  0|TAMS 0x00000000a8f00000, 0x00000000a8f00000|
|   5|0x00000000a8f00000, 0x00000000a9000000, 0x00000000a9000000|100%| O|  |TS  0|AC  0|TAMS 0x00000000a9000000, 0x00000000a9000000|
|   6|0x00000000a9000000, 0x00000000a9100000, 0x00000000a9100000|100%| O|  |TS  0|AC  0|TAMS 0x00000000a9100000, 0x00000000a9100000|
|   7|0x00000000a9100000, 0x00000000a9200000, 0x00000000a9200000|100%| O|  |TS  0|AC  0|TAMS 0x00000000a9200000, 0x00000000a9200000|
|   8|0x00000000a9200000, 0x00000000a9300000, 0x00000000a9300000|100%| O|  |TS  0|AC  0|TAMS 0x00000000a9300000, 0x00000000a9300000|
|   9|0x00000000a9300000, 0x00000000a9400000, 0x00000000a9400000|100%| O|  |TS  0|AC  0|TAMS 0x00000000a9400000, 0x00000000a9400000|
|  10|0x00000000a9400000, 0x00000000a9500000, 0x00000000a9500000|100%| O|  |TS  0|AC  0|TAMS 0x00000000a9500000, 0x00000000a9500000|
|  11|0x00000000a9500000, 0x00000000a9600000, 0x00000000a9600000|100%| O|  |TS  0|AC  0|TAMS 0x00000000a9600000, 0x00000000a9600000|
|  12|0x00000000a9600000, 0x00000000a9700000, 0x00000000a9700000|100%| O|  |TS  4|AC  0|TAMS 0x00000000a9600000, 0x00000000a9700000|
|  13|0x00000000a9700000, 0x00000000a9800000, 0x00000000a9800000|100%| O|  |TS  0|AC  0|TAMS 0x00000000a9800000, 0x00000000a9800000|
|  14|0x00000000a9800000, 0x00000000a9900000, 0x00000000a9900000|100%| O|  |TS  0|AC  0|TAMS 0x00000000a9900000, 0x00000000a9900000|
|  15|0x00000000a9900000, 0x00000000a9a00000, 0x00000000a9a00000|100%| O|  |TS  0|AC  0|TAMS 0x00000000a9a00000, 0x00000000a9a00000|
|  16|0x00000000a9a00000, 0x00000000a9b00000, 0x00000000a9b00000|100%| O|  |TS  0|AC  0|TAMS 0x00000000a9b00000, 0x00000000a9b00000|
|  17|0x00000000a9b00000, 0x00000000a9c00000, 0x00000000a9c00000|100%| O|  |TS  0|AC  0|TAMS 0x00000000a9c00000, 0x00000000a9c00000|
|  18|0x00000000a9c00000, 0x00000000a9d00000, 0x00000000a9d00000|100%| O|  |TS  0|AC  0|TAMS 0x00000000a9d00000, 0x00000000a9d00000|
|  19|0x00000000a9d00000, 0x00000000a9e00000, 0x00000000a9e00000|100%|HS|  |TS  0|AC  0|TAMS 0x00000000a9e00000, 0x00000000a9e00000|
|  20|0x00000000a9e00000, 0x00000000a9f00000, 0x00000000a9f00000|100%| O|  |TS  0|AC  0|TAMS 0x00000000a9f00000, 0x00000000a9f00000|
|  21|0x00000000a9f00000, 0x00000000aa000000, 0x00000000aa000000|100%| O|  |TS  3|AC  0|TAMS 0x00000000a9f00000, 0x00000000aa000000|
|  22|0x00000000aa000000, 0x00000000aa100000, 0x00000000aa100000|100%| O|  |TS  0|AC  0|TAMS 0x00000000aa100000, 0x00000000aa100000|
|  23|0x00000000aa100000, 0x00000000aa200000, 0x00000000aa200000|100%|HS|  |TS  0|AC  0|TAMS 0x00000000aa200000, 0x00000000aa200000|
|  24|0x00000000aa200000, 0x00000000aa300000, 0x00000000aa300000|100%| O|  |TS  0|AC  0|TAMS 0x00000000aa300000, 0x00000000aa300000|
|  25|0x00000000aa300000, 0x00000000aa400000, 0x00000000aa400000|100%| O|  |TS  0|AC  0|TAMS 0x00000000aa400000, 0x00000000aa400000|
|  26|0x00000000aa400000, 0x00000000aa500000, 0x00000000aa500000|100%| O|  |TS  0|AC  0|TAMS 0x00000000aa500000, 0x00000000aa500000|
|  27|0x00000000aa500000, 0x00000000aa600000, 0x00000000aa600000|100%| O|  |TS  0|AC  0|TAMS 0x00000000aa600000, 0x00000000aa600000|
|  28|0x00000000aa600000, 0x00000000aa700000, 0x00000000aa700000|100%| O|  |TS  3|AC  0|TAMS 0x00000000aa600000, 0x00000000aa700000|
|  29|0x00000000aa700000, 0x00000000aa800000, 0x00000000aa800000|100%| O|  |TS  4|AC  0|TAMS 0x00000000aa700000, 0x00000000aa800000|
|  30|0x00000000aa800000, 0x00000000aa900000, 0x00000000aa900000|100%| O|  |TS  0|AC  0|TAMS 0x00000000aa900000, 0x00000000aa900000|
|  31|0x00000000aa900000, 0x00000000aaa00000, 0x00000000aaa00000|100%| O|  |TS  0|AC  0|TAMS 0x00000000aaa00000, 0x00000000aaa00000|
|  32|0x00000000aaa00000, 0x00000000aab00000, 0x00000000aab00000|100%| O|  |TS  0|AC  0|TAMS 0x00000000aab00000, 0x00000000aab00000|
|  33|0x00000000aab00000, 0x00000000aac00000, 0x00000000aac00000|100%| O|  |TS  0|AC  0|TAMS 0x00000000aac00000, 0x00000000aac00000|
|  34|0x00000000aac00000, 0x00000000aad00000, 0x00000000aad00000|100%| O|  |TS  0|AC  0|TAMS 0x00000000aad00000, 0x00000000aad00000|
|  35|0x00000000aad00000, 0x00000000aae00000, 0x00000000aae00000|100%| O|  |TS  0|AC  0|TAMS 0x00000000aae00000, 0x00000000aae00000|
|  36|0x00000000aae00000, 0x00000000aaf00000, 0x00000000aaf00000|100%| O|  |TS  4|AC  0|TAMS 0x00000000aae00000, 0x00000000aaf00000|
|  37|0x00000000aaf00000, 0x00000000ab000000, 0x00000000ab000000|100%| O|  |TS  0|AC  0|TAMS 0x00000000ab000000, 0x00000000ab000000|
|  38|0x00000000ab000000, 0x00000000ab100000, 0x00000000ab100000|100%| O|  |TS  0|AC  0|TAMS 0x00000000ab100000, 0x00000000ab100000|
|  39|0x00000000ab100000, 0x00000000ab200000, 0x00000000ab200000|100%| O|  |TS  0|AC  0|TAMS 0x00000000ab200000, 0x00000000ab200000|
|  40|0x00000000ab200000, 0x00000000ab300000, 0x00000000ab300000|100%| O|  |TS  0|AC  0|TAMS 0x00000000ab300000, 0x00000000ab300000|
|  41|0x00000000ab300000, 0x00000000ab400000, 0x00000000ab400000|100%| O|  |TS  0|AC  0|TAMS 0x00000000ab400000, 0x00000000ab400000|
|  42|0x00000000ab400000, 0x00000000ab500000, 0x00000000ab500000|100%| O|  |TS  0|AC  0|TAMS 0x00000000ab500000, 0x00000000ab500000|
|  43|0x00000000ab500000, 0x00000000ab600000, 0x00000000ab600000|100%| O|  |TS  0|AC  0|TAMS 0x00000000ab600000, 0x00000000ab600000|
|  44|0x00000000ab600000, 0x00000000ab700000, 0x00000000ab700000|100%| O|  |TS  0|AC  0|TAMS 0x00000000ab700000, 0x00000000ab700000|
|  45|0x00000000ab700000, 0x00000000ab800000, 0x00000000ab800000|100%| O|  |TS  0|AC  0|TAMS 0x00000000ab800000, 0x00000000ab800000|
|  46|0x00000000ab800000, 0x00000000ab900000, 0x00000000ab900000|100%| O|  |TS  4|AC  0|TAMS 0x00000000ab800000, 0x00000000ab900000|
|  47|0x00000000ab900000, 0x00000000aba00000, 0x00000000aba00000|100%| O|  |TS  0|AC  0|TAMS 0x00000000aba00000, 0x00000000aba00000|
|  48|0x00000000aba00000, 0x00000000abb00000, 0x00000000abb00000|100%| O|  |TS  0|AC  0|TAMS 0x00000000abb00000, 0x00000000abb00000|
|  49|0x00000000abb00000, 0x00000000abc00000, 0x00000000abc00000|100%| O|  |TS  0|AC  0|TAMS 0x00000000abc00000, 0x00000000abc00000|
|  50|0x00000000abc00000, 0x00000000abd00000, 0x00000000abd00000|100%| O|  |TS  0|AC  0|TAMS 0x00000000abd00000, 0x00000000abd00000|
|  51|0x00000000abd00000, 0x00000000abe00000, 0x00000000abe00000|100%| O|  |TS  0|AC  0|TAMS 0x00000000abe00000, 0x00000000abe00000|
|  52|0x00000000abe00000, 0x00000000abf00000, 0x00000000abf00000|100%| O|  |TS  0|AC  0|TAMS 0x00000000abf00000, 0x00000000abf00000|
|  53|0x00000000abf00000, 0x00000000ac000000, 0x00000000ac000000|100%| O|  |TS  0|AC  0|TAMS 0x00000000ac000000, 0x00000000ac000000|
|  54|0x00000000ac000000, 0x00000000ac100000, 0x00000000ac100000|100%| O|  |TS  0|AC  0|TAMS 0x00000000ac100000, 0x00000000ac100000|
|  55|0x00000000ac100000, 0x00000000ac200000, 0x00000000ac200000|100%| O|  |TS  0|AC  0|TAMS 0x00000000ac200000, 0x00000000ac200000|
|  56|0x00000000ac200000, 0x00000000ac300000, 0x00000000ac300000|100%| O|  |TS  0|AC  0|TAMS 0x00000000ac300000, 0x00000000ac300000|
|  57|0x00000000ac300000, 0x00000000ac400000, 0x00000000ac400000|100%| O|  |TS  0|AC  0|TAMS 0x00000000ac400000, 0x00000000ac400000|
|  58|0x00000000ac400000, 0x00000000ac500000, 0x00000000ac500000|100%| O|  |TS  0|AC  0|TAMS 0x00000000ac500000, 0x00000000ac500000|
|  59|0x00000000ac500000, 0x00000000ac600000, 0x00000000ac600000|100%| O|  |TS  0|AC  0|TAMS 0x00000000ac600000, 0x00000000ac600000|
|  60|0x00000000ac600000, 0x00000000ac700000, 0x00000000ac700000|100%| O|  |TS  0|AC  0|TAMS 0x00000000ac700000, 0x00000000ac700000|
|  61|0x00000000ac700000, 0x00000000ac800000, 0x00000000ac800000|100%| O|  |TS  0|AC  0|TAMS 0x00000000ac800000, 0x00000000ac800000|
|  62|0x00000000ac800000, 0x00000000ac900000, 0x00000000ac900000|100%| O|  |TS  0|AC  0|TAMS 0x00000000ac900000, 0x00000000ac900000|
|  63|0x00000000ac900000, 0x00000000aca00000, 0x00000000aca00000|100%| O|  |TS  0|AC  0|TAMS 0x00000000aca00000, 0x00000000aca00000|
|  64|0x00000000aca00000, 0x00000000acb00000, 0x00000000acb00000|100%| O|  |TS  0|AC  0|TAMS 0x00000000acb00000, 0x00000000acb00000|
|  65|0x00000000acb00000, 0x00000000acc00000, 0x00000000acc00000|100%| O|  |TS  0|AC  0|TAMS 0x00000000acc00000, 0x00000000acc00000|
|  66|0x00000000acc00000, 0x00000000acd00000, 0x00000000acd00000|100%| O|  |TS  0|AC  0|TAMS 0x00000000acd00000, 0x00000000acd00000|
|  67|0x00000000acd00000, 0x00000000ace00000, 0x00000000ace00000|100%| O|  |TS  0|AC  0|TAMS 0x00000000ace00000, 0x00000000ace00000|
|  68|0x00000000ace00000, 0x00000000acf00000, 0x00000000acf00000|100%| O|  |TS  0|AC  0|TAMS 0x00000000acf00000, 0x00000000acf00000|
|  69|0x00000000acf00000, 0x00000000ad000000, 0x00000000ad000000|100%| O|  |TS  0|AC  0|TAMS 0x00000000ad000000, 0x00000000ad000000|
|  70|0x00000000ad000000, 0x00000000ad100000, 0x00000000ad100000|100%| O|  |TS  0|AC  0|TAMS 0x00000000ad100000, 0x00000000ad100000|
|  71|0x00000000ad100000, 0x00000000ad200000, 0x00000000ad200000|100%| O|  |TS  1|AC  0|TAMS 0x00000000ad126e00, 0x00000000ad200000|
|  72|0x00000000ad200000, 0x00000000ad300000, 0x00000000ad300000|100%| O|  |TS  1|AC  0|TAMS 0x00000000ad200000, 0x00000000ad300000|
|  73|0x00000000ad300000, 0x00000000ad400000, 0x00000000ad400000|100%| O|  |TS  1|AC  0|TAMS 0x00000000ad300000, 0x00000000ad400000|
|  74|0x00000000ad400000, 0x00000000ad500000, 0x00000000ad500000|100%| O|  |TS  1|AC  0|TAMS 0x00000000ad400000, 0x00000000ad500000|
|  75|0x00000000ad500000, 0x00000000ad600000, 0x00000000ad600000|100%| O|  |TS  2|AC  0|TAMS 0x00000000ad500000, 0x00000000ad600000|
|  76|0x00000000ad600000, 0x00000000ad700000, 0x00000000ad700000|100%| O|  |TS  2|AC  0|TAMS 0x00000000ad600000, 0x00000000ad700000|
|  77|0x00000000ad700000, 0x00000000ad800000, 0x00000000ad800000|100%| O|  |TS  2|AC  0|TAMS 0x00000000ad700000, 0x00000000ad800000|
|  78|0x00000000ad800000, 0x00000000ad900000, 0x00000000ad900000|100%| O|  |TS  2|AC  0|TAMS 0x00000000ad800000, 0x00000000ad900000|
|  79|0x00000000ad900000, 0x00000000ada00000, 0x00000000ada00000|100%| O|  |TS  2|AC  0|TAMS 0x00000000ad900000, 0x00000000ada00000|
|  80|0x00000000ada00000, 0x00000000adb00000, 0x00000000adb00000|100%| O|  |TS  2|AC  0|TAMS 0x00000000ada00000, 0x00000000adb00000|
|  81|0x00000000adb00000, 0x00000000adc00000, 0x00000000adc00000|100%| O|  |TS  2|AC  0|TAMS 0x00000000adb00000, 0x00000000adc00000|
|  82|0x00000000adc00000, 0x00000000add00000, 0x00000000add00000|100%| O|  |TS  2|AC  0|TAMS 0x00000000adc00000, 0x00000000add00000|
|  83|0x00000000add00000, 0x00000000ade00000, 0x00000000ade00000|100%| O|  |TS  3|AC  0|TAMS 0x00000000add00000, 0x00000000ade00000|
|  84|0x00000000ade00000, 0x00000000adf00000, 0x00000000adf00000|100%| O|  |TS  4|AC  0|TAMS 0x00000000ade00000, 0x00000000adf00000|
|  85|0x00000000adf00000, 0x00000000ae000000, 0x00000000ae000000|100%| O|  |TS  4|AC  0|TAMS 0x00000000adf00000, 0x00000000ae000000|
|  86|0x00000000ae000000, 0x00000000ae100000, 0x00000000ae100000|100%| O|  |TS  4|AC  0|TAMS 0x00000000ae000000, 0x00000000ae100000|
|  87|0x00000000ae100000, 0x00000000ae200000, 0x00000000ae200000|100%| O|  |TS  4|AC  0|TAMS 0x00000000ae100000, 0x00000000ae200000|
|  88|0x00000000ae200000, 0x00000000ae300000, 0x00000000ae300000|100%| O|  |TS  4|AC  0|TAMS 0x00000000ae200000, 0x00000000ae300000|
|  89|0x00000000ae300000, 0x00000000ae400000, 0x00000000ae400000|100%| O|  |TS  4|AC  0|TAMS 0x00000000ae300000, 0x00000000ae400000|
|  90|0x00000000ae400000, 0x00000000ae500000, 0x00000000ae500000|100%| O|  |TS  4|AC  0|TAMS 0x00000000ae400000, 0x00000000ae500000|
|  91|0x00000000ae500000, 0x00000000ae600000, 0x00000000ae600000|100%| O|  |TS  4|AC  0|TAMS 0x00000000ae500000, 0x00000000ae600000|
|  92|0x00000000ae600000, 0x00000000ae700000, 0x00000000ae700000|100%| O|  |TS  4|AC  0|TAMS 0x00000000ae600000, 0x00000000ae700000|
|  93|0x00000000ae700000, 0x00000000ae800000, 0x00000000ae800000|100%| O|  |TS  5|AC  0|TAMS 0x00000000ae700000, 0x00000000ae800000|
|  94|0x00000000ae800000, 0x00000000ae900000, 0x00000000ae900000|100%| O|  |TS  6|AC  0|TAMS 0x00000000ae800000, 0x00000000ae900000|
|  95|0x00000000ae900000, 0x00000000aea00000, 0x00000000aea00000|100%| O|  |TS  6|AC  0|TAMS 0x00000000ae900000, 0x00000000aea00000|
|  96|0x00000000aea00000, 0x00000000aeb00000, 0x00000000aeb00000|100%| O|  |TS  6|AC  0|TAMS 0x00000000aea00000, 0x00000000aeb00000|
|  97|0x00000000aeb00000, 0x00000000aec00000, 0x00000000aec00000|100%| O|  |TS  6|AC  0|TAMS 0x00000000aeb00000, 0x00000000aec00000|
|  98|0x00000000aec00000, 0x00000000aed00000, 0x00000000aed00000|100%| O|  |TS  6|AC  0|TAMS 0x00000000aec00000, 0x00000000aed00000|
|  99|0x00000000aed00000, 0x00000000aee00000, 0x00000000aee00000|100%| O|  |TS  6|AC  0|TAMS 0x00000000aed00000, 0x00000000aee00000|
| 100|0x00000000aee00000, 0x00000000aef00000, 0x00000000aef00000|100%|HS|  |TS  1|AC  0|TAMS 0x00000000aee00000, 0x00000000aef00000|
| 101|0x00000000aef00000, 0x00000000af000000, 0x00000000af000000|100%|HC|  |TS  1|AC  0|TAMS 0x00000000aef00000, 0x00000000af000000|
| 102|0x00000000af000000, 0x00000000af100000, 0x00000000af100000|100%| O|  |TS  5|AC  0|TAMS 0x00000000af000000, 0x00000000af100000|
| 103|0x00000000af100000, 0x00000000af200000, 0x00000000af200000|100%| O|  |TS  5|AC  0|TAMS 0x00000000af100000, 0x00000000af200000|
| 104|0x00000000af200000, 0x00000000af300000, 0x00000000af300000|100%| O|  |TS  5|AC  0|TAMS 0x00000000af200000, 0x00000000af300000|
| 105|0x00000000af300000, 0x00000000af400000, 0x00000000af400000|100%| O|  |TS  5|AC  0|TAMS 0x00000000af300000, 0x00000000af400000|
| 106|0x00000000af400000, 0x00000000af500000, 0x00000000af500000|100%| O|  |TS  5|AC  0|TAMS 0x00000000af400000, 0x00000000af500000|
| 107|0x00000000af500000, 0x00000000af600000, 0x00000000af600000|100%| O|  |TS  5|AC  0|TAMS 0x00000000af500000, 0x00000000af600000|
| 108|0x00000000af600000, 0x00000000af700000, 0x00000000af700000|100%| O|  |TS  5|AC  0|TAMS 0x00000000af600000, 0x00000000af700000|
| 109|0x00000000af700000, 0x00000000af800000, 0x00000000af800000|100%| O|  |TS  5|AC  0|TAMS 0x00000000af700000, 0x00000000af800000|
| 110|0x00000000af800000, 0x00000000af900000, 0x00000000af900000|100%| O|  |TS  5|AC  0|TAMS 0x00000000af800000, 0x00000000af900000|
| 111|0x00000000af900000, 0x00000000afa00000, 0x00000000afa00000|100%| O|  |TS  5|AC  0|TAMS 0x00000000af900000, 0x00000000afa00000|
| 112|0x00000000afa00000, 0x00000000afb00000, 0x00000000afb00000|100%| O|  |TS  5|AC  0|TAMS 0x00000000afa00000, 0x00000000afb00000|
| 113|0x00000000afb00000, 0x00000000afc00000, 0x00000000afc00000|100%| O|  |TS  5|AC  0|TAMS 0x00000000afb00000, 0x00000000afc00000|
| 114|0x00000000afc00000, 0x00000000afd00000, 0x00000000afd00000|100%| O|  |TS  5|AC  0|TAMS 0x00000000afc00000, 0x00000000afd00000|
| 115|0x00000000afd00000, 0x00000000afe00000, 0x00000000afe00000|100%| O|  |TS  5|AC  0|TAMS 0x00000000afd00000, 0x00000000afe00000|
| 116|0x00000000afe00000, 0x00000000aff00000, 0x00000000aff00000|100%| O|  |TS  5|AC  0|TAMS 0x00000000afe00000, 0x00000000aff00000|
| 117|0x00000000aff00000, 0x00000000b0000000, 0x00000000b0000000|100%| O|  |TS  5|AC  0|TAMS 0x00000000aff00000, 0x00000000b0000000|
| 118|0x00000000b0000000, 0x00000000b0100000, 0x00000000b0100000|100%| O|  |TS  5|AC  0|TAMS 0x00000000b0000000, 0x00000000b0100000|
| 119|0x00000000b0100000, 0x00000000b0200000, 0x00000000b0200000|100%| O|  |TS  5|AC  0|TAMS 0x00000000b0100000, 0x00000000b0200000|
| 120|0x00000000b0200000, 0x00000000b0300000, 0x00000000b0300000|100%| O|  |TS  5|AC  0|TAMS 0x00000000b0200000, 0x00000000b0300000|
| 121|0x00000000b0300000, 0x00000000b0400000, 0x00000000b0400000|100%| O|  |TS  6|AC  0|TAMS 0x00000000b0300000, 0x00000000b0400000|
| 122|0x00000000b0400000, 0x00000000b0500000, 0x00000000b0500000|100%| O|  |TS  6|AC  0|TAMS 0x00000000b0400000, 0x00000000b0500000|
| 123|0x00000000b0500000, 0x00000000b0600000, 0x00000000b0600000|100%| O|  |TS  6|AC  0|TAMS 0x00000000b0500000, 0x00000000b0600000|
| 124|0x00000000b0600000, 0x00000000b0700000, 0x00000000b0700000|100%| O|  |TS  5|AC  0|TAMS 0x00000000b0600000, 0x00000000b0700000|
| 125|0x00000000b0700000, 0x00000000b0800000, 0x00000000b0800000|100%| O|  |TS  5|AC  0|TAMS 0x00000000b0700000, 0x00000000b0800000|
| 126|0x00000000b0800000, 0x00000000b0900000, 0x00000000b0900000|100%| O|  |TS  5|AC  0|TAMS 0x00000000b0800000, 0x00000000b0900000|
| 127|0x00000000b0900000, 0x00000000b0a00000, 0x00000000b0a00000|100%| O|  |TS  5|AC  0|TAMS 0x00000000b0900000, 0x00000000b0a00000|
| 128|0x00000000b0a00000, 0x00000000b0b00000, 0x00000000b0b00000|100%| O|  |TS  5|AC  0|TAMS 0x00000000b0a00000, 0x00000000b0b00000|
| 129|0x00000000b0b00000, 0x00000000b0c00000, 0x00000000b0c00000|100%| O|  |TS  5|AC  0|TAMS 0x00000000b0b00000, 0x00000000b0c00000|
| 130|0x00000000b0c00000, 0x00000000b0d00000, 0x00000000b0d00000|100%| O|  |TS  5|AC  0|TAMS 0x00000000b0c00000, 0x00000000b0d00000|
| 131|0x00000000b0d00000, 0x00000000b0e00000, 0x00000000b0e00000|100%| O|  |TS  6|AC  0|TAMS 0x00000000b0d00000, 0x00000000b0e00000|
| 132|0x00000000b0e00000, 0x00000000b0f00000, 0x00000000b0f00000|100%| O|  |TS  6|AC  0|TAMS 0x00000000b0e00000, 0x00000000b0f00000|
| 133|0x00000000b0f00000, 0x00000000b1000000, 0x00000000b1000000|100%| O|  |TS  6|AC  0|TAMS 0x00000000b0f00000, 0x00000000b1000000|
| 134|0x00000000b1000000, 0x00000000b1100000, 0x00000000b1100000|100%| O|  |TS  6|AC  0|TAMS 0x00000000b1000000, 0x00000000b1100000|
| 135|0x00000000b1100000, 0x00000000b1200000, 0x00000000b1200000|100%| O|  |TS  5|AC  0|TAMS 0x00000000b1100000, 0x00000000b1200000|
| 136|0x00000000b1200000, 0x00000000b1300000, 0x00000000b1300000|100%| O|  |TS  5|AC  0|TAMS 0x00000000b1200000, 0x00000000b1300000|
| 137|0x00000000b1300000, 0x00000000b1400000, 0x00000000b1400000|100%| O|  |TS  6|AC  0|TAMS 0x00000000b1300000, 0x00000000b1400000|
| 138|0x00000000b1400000, 0x00000000b1500000, 0x00000000b1500000|100%| O|  |TS  6|AC  0|TAMS 0x00000000b1400000, 0x00000000b1500000|
| 139|0x00000000b1500000, 0x00000000b1600000, 0x00000000b1600000|100%| O|  |TS  6|AC  0|TAMS 0x00000000b1500000, 0x00000000b1600000|
| 140|0x00000000b1600000, 0x00000000b1700000, 0x00000000b1700000|100%| O|  |TS  6|AC  0|TAMS 0x00000000b1600000, 0x00000000b1700000|
| 141|0x00000000b1700000, 0x00000000b1800000, 0x00000000b1800000|100%| O|  |TS  6|AC  0|TAMS 0x00000000b1700000, 0x00000000b1800000|
| 142|0x00000000b1800000, 0x00000000b1900000, 0x00000000b1900000|100%| O|  |TS  6|AC  0|TAMS 0x00000000b1800000, 0x00000000b1900000|
| 143|0x00000000b1900000, 0x00000000b1a00000, 0x00000000b1a00000|100%| O|  |TS  6|AC  0|TAMS 0x00000000b1900000, 0x00000000b1a00000|
| 144|0x00000000b1a00000, 0x00000000b1b00000, 0x00000000b1b00000|100%| O|  |TS  6|AC  0|TAMS 0x00000000b1a00000, 0x00000000b1b00000|
| 145|0x00000000b1b00000, 0x00000000b1c00000, 0x00000000b1c00000|100%| O|  |TS  6|AC  0|TAMS 0x00000000b1b00000, 0x00000000b1c00000|
| 146|0x00000000b1c00000, 0x00000000b1d00000, 0x00000000b1d00000|100%| O|  |TS  6|AC  0|TAMS 0x00000000b1c00000, 0x00000000b1d00000|
| 147|0x00000000b1d00000, 0x00000000b1e00000, 0x00000000b1e00000|100%| O|  |TS  6|AC  0|TAMS 0x00000000b1d00000, 0x00000000b1e00000|
| 148|0x00000000b1e00000, 0x00000000b1f00000, 0x00000000b1f00000|100%| O|  |TS  6|AC  0|TAMS 0x00000000b1e00000, 0x00000000b1f00000|
| 149|0x00000000b1f00000, 0x00000000b2000000, 0x00000000b2000000|100%| O|  |TS  6|AC  0|TAMS 0x00000000b1f00000, 0x00000000b2000000|
| 150|0x00000000b2000000, 0x00000000b2100000, 0x00000000b2100000|100%| O|  |TS  6|AC  0|TAMS 0x00000000b2000000, 0x00000000b2100000|
| 151|0x00000000b2100000, 0x00000000b2200000, 0x00000000b2200000|100%| O|  |TS  6|AC  0|TAMS 0x00000000b2100000, 0x00000000b2200000|
| 152|0x00000000b2200000, 0x00000000b2300000, 0x00000000b2300000|100%| O|  |TS  6|AC  0|TAMS 0x00000000b2200000, 0x00000000b2300000|
| 153|0x00000000b2300000, 0x00000000b2400000, 0x00000000b2400000|100%| O|  |TS  6|AC  0|TAMS 0x00000000b2300000, 0x00000000b2400000|
| 154|0x00000000b2400000, 0x00000000b2500000, 0x00000000b2500000|100%| O|  |TS  6|AC  0|TAMS 0x00000000b2400000, 0x00000000b2500000|
| 155|0x00000000b2500000, 0x00000000b2600000, 0x00000000b2600000|100%| O|  |TS  6|AC  0|TAMS 0x00000000b2500000, 0x00000000b2600000|
| 156|0x00000000b2600000, 0x00000000b2700000, 0x00000000b2700000|100%| O|  |TS  6|AC  0|TAMS 0x00000000b2600000, 0x00000000b2700000|
| 157|0x00000000b2700000, 0x00000000b2800000, 0x00000000b2800000|100%| O|  |TS  6|AC  0|TAMS 0x00000000b2700000, 0x00000000b2800000|
| 158|0x00000000b2800000, 0x00000000b2900000, 0x00000000b2900000|100%| O|  |TS  6|AC  0|TAMS 0x00000000b2800000, 0x00000000b2900000|
| 159|0x00000000b2900000, 0x00000000b2a00000, 0x00000000b2a00000|100%| O|  |TS  6|AC  0|TAMS 0x00000000b2900000, 0x00000000b2a00000|
| 160|0x00000000b2a00000, 0x00000000b2b00000, 0x00000000b2b00000|100%| O|  |TS  6|AC  0|TAMS 0x00000000b2a00000, 0x00000000b2b00000|
| 161|0x00000000b2b00000, 0x00000000b2c00000, 0x00000000b2c00000|100%| O|  |TS  6|AC  0|TAMS 0x00000000b2b00000, 0x00000000b2c00000|
| 162|0x00000000b2c00000, 0x00000000b2d00000, 0x00000000b2d00000|100%| O|  |TS  6|AC  0|TAMS 0x00000000b2c00000, 0x00000000b2d00000|
| 163|0x00000000b2d00000, 0x00000000b2e00000, 0x00000000b2e00000|100%| O|  |TS  6|AC  0|TAMS 0x00000000b2d00000, 0x00000000b2e00000|
| 164|0x00000000b2e00000, 0x00000000b2f00000, 0x00000000b2f00000|100%| O|  |TS  7|AC  0|TAMS 0x00000000b2e00000, 0x00000000b2e00000|
| 165|0x00000000b2f00000, 0x00000000b3000000, 0x00000000b3000000|100%| O|  |TS  7|AC  0|TAMS 0x00000000b2f00000, 0x00000000b2f00000|
| 166|0x00000000b3000000, 0x00000000b3100000, 0x00000000b3100000|100%| O|  |TS  7|AC  0|TAMS 0x00000000b3000000, 0x00000000b3000000|
| 167|0x00000000b3100000, 0x00000000b3200000, 0x00000000b3200000|100%| O|  |TS  7|AC  0|TAMS 0x00000000b3100000, 0x00000000b3100000|
| 168|0x00000000b3200000, 0x00000000b3300000, 0x00000000b3300000|100%| O|  |TS  7|AC  0|TAMS 0x00000000b3200000, 0x00000000b3200000|
| 169|0x00000000b3300000, 0x00000000b3400000, 0x00000000b3400000|100%| O|  |TS  7|AC  0|TAMS 0x00000000b3300000, 0x00000000b3300000|
| 170|0x00000000b3400000, 0x00000000b3500000, 0x00000000b3500000|100%| O|  |TS  7|AC  0|TAMS 0x00000000b3400000, 0x00000000b3400000|
| 171|0x00000000b3500000, 0x00000000b3600000, 0x00000000b3600000|100%| O|  |TS  7|AC  0|TAMS 0x00000000b3500000, 0x00000000b3500000|
| 172|0x00000000b3600000, 0x00000000b3700000, 0x00000000b3700000|100%| O|  |TS  7|AC  0|TAMS 0x00000000b3600000, 0x00000000b3600000|
| 173|0x00000000b3700000, 0x00000000b3800000, 0x00000000b3800000|100%| O|  |TS  7|AC  0|TAMS 0x00000000b3700000, 0x00000000b3700000|
| 174|0x00000000b3800000, 0x00000000b3900000, 0x00000000b3900000|100%| O|  |TS  7|AC  0|TAMS 0x00000000b3800000, 0x00000000b3800000|
| 175|0x00000000b3900000, 0x00000000b3a00000, 0x00000000b3a00000|100%| O|  |TS  7|AC  0|TAMS 0x00000000b3900000, 0x00000000b3900000|
| 176|0x00000000b3a00000, 0x00000000b3b00000, 0x00000000b3b00000|100%| O|  |TS  7|AC  0|TAMS 0x00000000b3a00000, 0x00000000b3a00000|
| 177|0x00000000b3b00000, 0x00000000b3c00000, 0x00000000b3c00000|100%| O|  |TS  7|AC  0|TAMS 0x00000000b3b00000, 0x00000000b3b00000|
| 178|0x00000000b3c00000, 0x00000000b3d00000, 0x00000000b3d00000|100%| O|  |TS  7|AC  0|TAMS 0x00000000b3c00000, 0x00000000b3c00000|
| 179|0x00000000b3d00000, 0x00000000b3e00000, 0x00000000b3e00000|100%| O|  |TS  7|AC  0|TAMS 0x00000000b3d00000, 0x00000000b3d00000|
| 180|0x00000000b3e00000, 0x00000000b3f00000, 0x00000000b3f00000|100%| O|  |TS  7|AC  0|TAMS 0x00000000b3e00000, 0x00000000b3e00000|
| 181|0x00000000b3f00000, 0x00000000b4000000, 0x00000000b4000000|100%| O|  |TS  7|AC  0|TAMS 0x00000000b3f00000, 0x00000000b3f00000|
| 182|0x00000000b4000000, 0x00000000b4100000, 0x00000000b4100000|100%| O|  |TS  7|AC  0|TAMS 0x00000000b4000000, 0x00000000b4000000|
| 183|0x00000000b4100000, 0x00000000b4200000, 0x00000000b4200000|100%| O|  |TS  7|AC  0|TAMS 0x00000000b4100000, 0x00000000b4100000|
| 184|0x00000000b4200000, 0x00000000b4300000, 0x00000000b4300000|100%| O|  |TS  7|AC  0|TAMS 0x00000000b4200000, 0x00000000b4200000|
| 185|0x00000000b4300000, 0x00000000b4400000, 0x00000000b4400000|100%| O|  |TS  8|AC  0|TAMS 0x00000000b4300000, 0x00000000b4300000|
| 186|0x00000000b4400000, 0x00000000b4500000, 0x00000000b4500000|100%| O|  |TS  8|AC  0|TAMS 0x00000000b4400000, 0x00000000b4400000|
| 187|0x00000000b4500000, 0x00000000b4600000, 0x00000000b4600000|100%| O|  |TS  8|AC  0|TAMS 0x00000000b4500000, 0x00000000b4500000|
| 188|0x00000000b4600000, 0x00000000b4700000, 0x00000000b4700000|100%| O|  |TS  8|AC  0|TAMS 0x00000000b4600000, 0x00000000b4600000|
| 189|0x00000000b4700000, 0x00000000b4800000, 0x00000000b4800000|100%| O|  |TS  8|AC  0|TAMS 0x00000000b4700000, 0x00000000b4700000|
| 190|0x00000000b4800000, 0x00000000b4900000, 0x00000000b4900000|100%| O|  |TS  8|AC  0|TAMS 0x00000000b4800000, 0x00000000b4800000|
| 191|0x00000000b4900000, 0x00000000b4a00000, 0x00000000b4a00000|100%| O|  |TS  8|AC  0|TAMS 0x00000000b4900000, 0x00000000b4900000|
| 192|0x00000000b4a00000, 0x00000000b4b00000, 0x00000000b4b00000|100%| O|  |TS  8|AC  0|TAMS 0x00000000b4a00000, 0x00000000b4a00000|
| 193|0x00000000b4b00000, 0x00000000b4c00000, 0x00000000b4c00000|100%| O|  |TS  8|AC  0|TAMS 0x00000000b4b00000, 0x00000000b4b00000|
| 194|0x00000000b4c00000, 0x00000000b4d00000, 0x00000000b4d00000|100%| O|  |TS  8|AC  0|TAMS 0x00000000b4c00000, 0x00000000b4c00000|
| 195|0x00000000b4d00000, 0x00000000b4e00000, 0x00000000b4e00000|100%| O|  |TS  8|AC  0|TAMS 0x00000000b4d00000, 0x00000000b4d00000|
| 196|0x00000000b4e00000, 0x00000000b4f00000, 0x00000000b4f00000|100%| O|  |TS  8|AC  0|TAMS 0x00000000b4e00000, 0x00000000b4e00000|
| 197|0x00000000b4f00000, 0x00000000b5000000, 0x00000000b5000000|100%| O|  |TS  8|AC  0|TAMS 0x00000000b4f00000, 0x00000000b4f00000|
| 198|0x00000000b5000000, 0x00000000b5100000, 0x00000000b5100000|100%| O|  |TS  8|AC  0|TAMS 0x00000000b5000000, 0x00000000b5000000|
| 199|0x00000000b5100000, 0x00000000b5200000, 0x00000000b5200000|100%| O|  |TS  8|AC  0|TAMS 0x00000000b5100000, 0x00000000b5100000|
| 200|0x00000000b5200000, 0x00000000b5300000, 0x00000000b5300000|100%| O|  |TS  8|AC  0|TAMS 0x00000000b5200000, 0x00000000b5200000|
| 201|0x00000000b5300000, 0x00000000b5380000, 0x00000000b5400000| 50%| O|  |TS  8|AC  0|TAMS 0x00000000b5300000, 0x00000000b5300000|
| 202|0x00000000b5400000, 0x00000000b5400000, 0x00000000b5500000|  0%| F|  |TS  6|AC  0|TAMS 0x00000000b5400000, 0x00000000b5400000|
| 203|0x00000000b5500000, 0x00000000b5500000, 0x00000000b5600000|  0%| F|  |TS  6|AC  0|TAMS 0x00000000b5500000, 0x00000000b5500000|
| 204|0x00000000b5600000, 0x00000000b5600000, 0x00000000b5700000|  0%| F|  |TS  6|AC  0|TAMS 0x00000000b5600000, 0x00000000b5600000|
| 205|0x00000000b5700000, 0x00000000b5700000, 0x00000000b5800000|  0%| F|  |TS  5|AC  0|TAMS 0x00000000b5700000, 0x00000000b5700000|
| 206|0x00000000b5800000, 0x00000000b5800000, 0x00000000b5900000|  0%| F|  |TS  5|AC  0|TAMS 0x00000000b5800000, 0x00000000b5800000|
| 207|0x00000000b5900000, 0x00000000b5900000, 0x00000000b5a00000|  0%| F|  |TS  7|AC  0|TAMS 0x00000000b5900000, 0x00000000b5900000|
| 208|0x00000000b5a00000, 0x00000000b5a00000, 0x00000000b5b00000|  0%| F|  |TS  7|AC  0|TAMS 0x00000000b5a00000, 0x00000000b5a00000|
| 209|0x00000000b5b00000, 0x00000000b5b00000, 0x00000000b5c00000|  0%| F|  |TS  7|AC  0|TAMS 0x00000000b5b00000, 0x00000000b5b00000|
| 210|0x00000000b5c00000, 0x00000000b5c00000, 0x00000000b5d00000|  0%| F|  |TS  7|AC  0|TAMS 0x00000000b5c00000, 0x00000000b5c00000|
| 211|0x00000000b5d00000, 0x00000000b5d00000, 0x00000000b5e00000|  0%| F|  |TS  7|AC  0|TAMS 0x00000000b5d00000, 0x00000000b5d00000|
| 212|0x00000000b5e00000, 0x00000000b5e00000, 0x00000000b5f00000|  0%| F|  |TS  7|AC  0|TAMS 0x00000000b5e00000, 0x00000000b5e00000|
| 213|0x00000000b5f00000, 0x00000000b5f00000, 0x00000000b6000000|  0%| F|  |TS  7|AC  0|TAMS 0x00000000b5f00000, 0x00000000b5f00000|
| 214|0x00000000b6000000, 0x00000000b6000000, 0x00000000b6100000|  0%| F|  |TS  7|AC  0|TAMS 0x00000000b6000000, 0x00000000b6000000|
| 215|0x00000000b6100000, 0x00000000b6100000, 0x00000000b6200000|  0%| F|  |TS  7|AC  0|TAMS 0x00000000b6100000, 0x00000000b6100000|
| 216|0x00000000b6200000, 0x00000000b6200000, 0x00000000b6300000|  0%| F|  |TS  6|AC  0|TAMS 0x00000000b6200000, 0x00000000b6200000|
| 217|0x00000000b6300000, 0x00000000b6300000, 0x00000000b6400000|  0%| F|  |TS  6|AC  0|TAMS 0x00000000b6300000, 0x00000000b6300000|
| 218|0x00000000b6400000, 0x00000000b6400000, 0x00000000b6500000|  0%| F|  |TS  6|AC  0|TAMS 0x00000000b6400000, 0x00000000b6400000|
| 219|0x00000000b6500000, 0x00000000b6500000, 0x00000000b6600000|  0%| F|  |TS  6|AC  0|TAMS 0x00000000b6500000, 0x00000000b6500000|
| 220|0x00000000b6600000, 0x00000000b6600000, 0x00000000b6700000|  0%| F|  |TS  6|AC  0|TAMS 0x00000000b6600000, 0x00000000b6600000|
| 221|0x00000000b6700000, 0x00000000b6700000, 0x00000000b6800000|  0%| F|  |TS  6|AC  0|TAMS 0x00000000b6700000, 0x00000000b6700000|
| 222|0x00000000b6800000, 0x00000000b6800000, 0x00000000b6900000|  0%| F|  |TS  6|AC  0|TAMS 0x00000000b6800000, 0x00000000b6800000|
| 223|0x00000000b6900000, 0x00000000b6900000, 0x00000000b6a00000|  0%| F|  |TS  6|AC  0|TAMS 0x00000000b6900000, 0x00000000b6900000|
| 224|0x00000000b6a00000, 0x00000000b6a00000, 0x00000000b6b00000|  0%| F|  |TS  6|AC  0|TAMS 0x00000000b6a00000, 0x00000000b6a00000|
| 225|0x00000000b6b00000, 0x00000000b6b00000, 0x00000000b6c00000|  0%| F|  |TS  6|AC  0|TAMS 0x00000000b6b00000, 0x00000000b6b00000|
| 226|0x00000000b6c00000, 0x00000000b6c00000, 0x00000000b6d00000|  0%| F|  |TS  6|AC  0|TAMS 0x00000000b6c00000, 0x00000000b6c00000|
| 227|0x00000000b6d00000, 0x00000000b6d00000, 0x00000000b6e00000|  0%| F|  |TS  6|AC  0|TAMS 0x00000000b6d00000, 0x00000000b6d00000|
| 228|0x00000000b6e00000, 0x00000000b6e00000, 0x00000000b6f00000|  0%| F|  |TS  6|AC  0|TAMS 0x00000000b6e00000, 0x00000000b6e00000|
| 229|0x00000000b6f00000, 0x00000000b6f00000, 0x00000000b7000000|  0%| F|  |TS  6|AC  0|TAMS 0x00000000b6f00000, 0x00000000b6f00000|
| 230|0x00000000b7000000, 0x00000000b7000000, 0x00000000b7100000|  0%| F|  |TS  6|AC  0|TAMS 0x00000000b7000000, 0x00000000b7000000|
| 231|0x00000000b7100000, 0x00000000b7100000, 0x00000000b7200000|  0%| F|  |TS  6|AC  0|TAMS 0x00000000b7100000, 0x00000000b7100000|
| 232|0x00000000b7200000, 0x00000000b7200000, 0x00000000b7300000|  0%| F|  |TS  6|AC  0|TAMS 0x00000000b7200000, 0x00000000b7200000|
| 233|0x00000000b7300000, 0x00000000b7300000, 0x00000000b7400000|  0%| F|  |TS  6|AC  0|TAMS 0x00000000b7300000, 0x00000000b7300000|
| 234|0x00000000b7400000, 0x00000000b7400000, 0x00000000b7500000|  0%| F|  |TS  6|AC  0|TAMS 0x00000000b7400000, 0x00000000b7400000|
| 235|0x00000000b7500000, 0x00000000b7500000, 0x00000000b7600000|  0%| F|  |TS  8|AC  0|TAMS 0x00000000b7500000, 0x00000000b7500000|
| 236|0x00000000b7600000, 0x00000000b7600000, 0x00000000b7700000|  0%| F|  |TS  8|AC  0|TAMS 0x00000000b7600000, 0x00000000b7600000|
| 237|0x00000000b7700000, 0x00000000b7700000, 0x00000000b7800000|  0%| F|  |TS  8|AC  0|TAMS 0x00000000b7700000, 0x00000000b7700000|
| 238|0x00000000b7800000, 0x00000000b7800000, 0x00000000b7900000|  0%| F|  |TS  8|AC  0|TAMS 0x00000000b7800000, 0x00000000b7800000|
| 239|0x00000000b7900000, 0x00000000b7900000, 0x00000000b7a00000|  0%| F|  |TS  8|AC  0|TAMS 0x00000000b7900000, 0x00000000b7900000|
| 240|0x00000000b7a00000, 0x00000000b7a00000, 0x00000000b7b00000|  0%| F|  |TS  8|AC  0|TAMS 0x00000000b7a00000, 0x00000000b7a00000|
| 241|0x00000000b7b00000, 0x00000000b7b00000, 0x00000000b7c00000|  0%| F|  |TS  7|AC  0|TAMS 0x00000000b7b00000, 0x00000000b7b00000|
| 242|0x00000000b7c00000, 0x00000000b7c00000, 0x00000000b7d00000|  0%| F|  |TS  7|AC  0|TAMS 0x00000000b7c00000, 0x00000000b7c00000|
| 243|0x00000000b7d00000, 0x00000000b7d00000, 0x00000000b7e00000|  0%| F|  |TS  7|AC  0|TAMS 0x00000000b7d00000, 0x00000000b7d00000|
| 244|0x00000000b7e00000, 0x00000000b7e00000, 0x00000000b7f00000|  0%| F|  |TS  7|AC  0|TAMS 0x00000000b7e00000, 0x00000000b7e00000|
| 245|0x00000000b7f00000, 0x00000000b7f00000, 0x00000000b8000000|  0%| F|  |TS  7|AC  0|TAMS 0x00000000b7f00000, 0x00000000b7f00000|
| 246|0x00000000b8000000, 0x00000000b8100000, 0x00000000b8100000|100%| S|CS|TS  8|AC  0|TAMS 0x00000000b8000000, 0x00000000b8000000|
| 247|0x00000000b8100000, 0x00000000b8200000, 0x00000000b8200000|100%| S|CS|TS  8|AC  0|TAMS 0x00000000b8100000, 0x00000000b8100000|
| 248|0x00000000b8200000, 0x00000000b8300000, 0x00000000b8300000|100%| S|CS|TS  8|AC  0|TAMS 0x00000000b8200000, 0x00000000b8200000|
| 249|0x00000000b8300000, 0x00000000b8400000, 0x00000000b8400000|100%| S|CS|TS  8|AC  0|TAMS 0x00000000b8300000, 0x00000000b8300000|
| 250|0x00000000b8400000, 0x00000000b8400000, 0x00000000b8500000|  0%| F|  |TS  8|AC  0|TAMS 0x00000000b8400000, 0x00000000b8400000|
| 251|0x00000000b8500000, 0x00000000b8500000, 0x00000000b8600000|  0%| F|  |TS  8|AC  0|TAMS 0x00000000b8500000, 0x00000000b8500000|
| 252|0x00000000b8600000, 0x00000000b8600000, 0x00000000b8700000|  0%| F|  |TS  8|AC  0|TAMS 0x00000000b8600000, 0x00000000b8600000|
| 253|0x00000000b8700000, 0x00000000b8700000, 0x00000000b8800000|  0%| F|  |TS  8|AC  0|TAMS 0x00000000b8700000, 0x00000000b8700000|
| 254|0x00000000b8800000, 0x00000000b8800000, 0x00000000b8900000|  0%| F|  |TS  8|AC  0|TAMS 0x00000000b8800000, 0x00000000b8800000|
| 255|0x00000000b8900000, 0x00000000b8900000, 0x00000000b8a00000|  0%| F|  |TS  8|AC  0|TAMS 0x00000000b8900000, 0x00000000b8900000|
| 256|0x00000000b8a00000, 0x00000000b8a00000, 0x00000000b8b00000|  0%| F|  |TS  8|AC  0|TAMS 0x00000000b8a00000, 0x00000000b8a00000|
| 257|0x00000000b8b00000, 0x00000000b8b00000, 0x00000000b8c00000|  0%| F|  |TS  8|AC  0|TAMS 0x00000000b8b00000, 0x00000000b8b00000|
| 258|0x00000000b8c00000, 0x00000000b8c00000, 0x00000000b8d00000|  0%| F|  |TS  8|AC  0|TAMS 0x00000000b8c00000, 0x00000000b8c00000|
| 259|0x00000000b8d00000, 0x00000000b8d00000, 0x00000000b8e00000|  0%| F|  |TS  8|AC  0|TAMS 0x00000000b8d00000, 0x00000000b8d00000|
| 260|0x00000000b8e00000, 0x00000000b8e00000, 0x00000000b8f00000|  0%| F|  |TS  8|AC  0|TAMS 0x00000000b8e00000, 0x00000000b8e00000|
| 261|0x00000000b8f00000, 0x00000000b8f00000, 0x00000000b9000000|  0%| F|  |TS  8|AC  0|TAMS 0x00000000b8f00000, 0x00000000b8f00000|
| 262|0x00000000b9000000, 0x00000000b9000000, 0x00000000b9100000|  0%| F|  |TS  8|AC  0|TAMS 0x00000000b9000000, 0x00000000b9000000|
| 263|0x00000000b9100000, 0x00000000b9100000, 0x00000000b9200000|  0%| F|  |TS  8|AC  0|TAMS 0x00000000b9100000, 0x00000000b9100000|
| 264|0x00000000b9200000, 0x00000000b9200000, 0x00000000b9300000|  0%| F|  |TS  8|AC  0|TAMS 0x00000000b9200000, 0x00000000b9200000|
| 265|0x00000000b9300000, 0x00000000b9300000, 0x00000000b9400000|  0%| F|  |TS  8|AC  0|TAMS 0x00000000b9300000, 0x00000000b9300000|
| 266|0x00000000b9400000, 0x00000000b9400000, 0x00000000b9500000|  0%| F|  |TS  8|AC  0|TAMS 0x00000000b9400000, 0x00000000b9400000|
| 267|0x00000000b9500000, 0x00000000b9500000, 0x00000000b9600000|  0%| F|  |TS  8|AC  0|TAMS 0x00000000b9500000, 0x00000000b9500000|
| 268|0x00000000b9600000, 0x00000000b9600000, 0x00000000b9700000|  0%| F|  |TS  8|AC  0|TAMS 0x00000000b9600000, 0x00000000b9600000|
| 269|0x00000000b9700000, 0x00000000b9700000, 0x00000000b9800000|  0%| F|  |TS  8|AC  0|TAMS 0x00000000b9700000, 0x00000000b9700000|
| 270|0x00000000b9800000, 0x00000000b9800000, 0x00000000b9900000|  0%| F|  |TS  8|AC  0|TAMS 0x00000000b9800000, 0x00000000b9800000|
| 271|0x00000000b9900000, 0x00000000b9900000, 0x00000000b9a00000|  0%| F|  |TS  8|AC  0|TAMS 0x00000000b9900000, 0x00000000b9900000|
| 272|0x00000000b9a00000, 0x00000000b9a00000, 0x00000000b9b00000|  0%| F|  |TS  8|AC  0|TAMS 0x00000000b9a00000, 0x00000000b9a00000|

Card table byte_map: [0x00007f86b09be000,0x00007f86b0c79000] byte_map_base: 0x00007f86b0479000

Marking Bits (Prev, Next): (CMBitMap*) 0x00007f86ac081558, (CMBitMap*) 0x00007f86ac081520
 Prev Bits: [0x00007f8690f76000, 0x00007f869254e000)
 Next Bits: [0x00007f869254e000, 0x00007f8693b26000)

Polling page: 0x00007f86b5e3c000

CodeHeap 'non-profiled nmethods': size=120032Kb used=2503Kb max_used=2503Kb free=117528Kb
 bounds [0x00007f869b5ee000, 0x00007f869b86e000, 0x00007f86a2b26000]
CodeHeap 'profiled nmethods': size=120028Kb used=6913Kb max_used=6913Kb free=113114Kb
 bounds [0x00007f86940b7000, 0x00007f8694787000, 0x00007f869b5ee000]
CodeHeap 'non-nmethods': size=5700Kb used=1071Kb max_used=1158Kb free=4628Kb
 bounds [0x00007f8693b26000, 0x00007f8693d96000, 0x00007f86940b7000]
 total_blobs=3754 nmethods=2651 adapters=297
 compilation: enabled

Compilation events (10 events):
Event: 7.962 Thread 0x00007f86ac184800 nmethod 1870 0x00007f869b853310 code [0x00007f869b8539c0, 0x00007f869b85a0c8]
Event: 7.962 Thread 0x00007f86ac184800 2698       4       com.google.javascript.jscomp.parsing.parser.Parser::peekAwaitExpression (8 bytes)
Event: 7.963 Thread 0x00007f86ac184800 nmethod 2698 0x00007f869b85d390 code [0x00007f869b85d540, 0x00007f869b85d5c8]
Event: 7.963 Thread 0x00007f86ac184800 2204       4       com.google.javascript.jscomp.parsing.parser.Parser::parseUnaryExpression (54 bytes)
Event: 7.966 Thread 0x00007f86ac18a800 2745       2       com.google.javascript.jscomp.parsing.IRFactory$TransformDispatcher::processCatchClause (33 bytes)
Event: 7.967 Thread 0x00007f86ac18a800 nmethod 2745 0x00007f8694776f10 code [0x00007f8694777100, 0x00007f86947774f8]
Event: 8.002 Thread 0x00007f86ac186800 nmethod 2741 0x00007f869b85d690 code [0x00007f869b85d8c0, 0x00007f869b85f148]
Event: 8.002 Thread 0x00007f86ac186800 2393       4       com.google.javascript.jscomp.parsing.IRFactory$TransformDispatcher::maybeWarnReservedKeyword (173 bytes)
Event: 8.004 Thread 0x00007f86ac186800 nmethod 2393 0x00007f869b85f810 code [0x00007f869b85f9c0, 0x00007f869b85fb18]
Event: 8.004 Thread 0x00007f86ac186800 2236       4       com.google.javascript.jscomp.parsing.parser.Parser::parseExponentiationExpression (81 bytes)

GC Heap History (10 events):
Event: 7.023 GC heap after
{Heap after GC invocations=18 (full 0):
 garbage-first heap   total 186368K, used 89585K [0x00000000a8a00000, 0x0000000100000000)
  region size 1024K, 7 young (7168K), 7 survivors (7168K)
 Metaspace       used 16458K, capacity 16663K, committed 17024K, reserved 1064960K
  class space    used 1478K, capacity 1553K, committed 1664K, reserved 1048576K
}
Event: 7.216 GC heap before
{Heap before GC invocations=18 (full 0):
 garbage-first heap   total 186368K, used 137713K [0x00000000a8a00000, 0x0000000100000000)
  region size 1024K, 54 young (55296K), 7 survivors (7168K)
 Metaspace       used 16460K, capacity 16663K, committed 17024K, reserved 1064960K
  class space    used 1478K, capacity 1553K, committed 1664K, reserved 1048576K
}
Event: 7.237 GC heap after
{Heap after GC invocations=19 (full 0):
 garbage-first heap   total 279552K, used 102819K [0x00000000a8a00000, 0x0000000100000000)
  region size 1024K, 7 young (7168K), 7 survivors (7168K)
 Metaspace       used 16460K, capacity 16663K, committed 17024K, reserved 1064960K
  class space    used 1478K, capacity 1553K, committed 1664K, reserved 1048576K
}
Event: 7.554 GC heap before
{Heap before GC invocations=19 (full 0):
 garbage-first heap   total 279552K, used 180643K [0x00000000a8a00000, 0x0000000100000000)
  region size 1024K, 75 young (76800K), 7 survivors (7168K)
 Metaspace       used 16460K, capacity 16663K, committed 17024K, reserved 1064960K
  class space    used 1478K, capacity 1553K, committed 1664K, reserved 1048576K
}
Event: 7.596 GC heap after
{Heap after GC invocations=20 (full 0):
 garbage-first heap   total 279552K, used 137469K [0x00000000a8a00000, 0x0000000100000000)
  region size 1024K, 10 young (10240K), 10 survivors (10240K)
 Metaspace       used 16460K, capacity 16663K, committed 17024K, reserved 1064960K
  class space    used 1478K, capacity 1553K, committed 1664K, reserved 1048576K
}
Event: 7.784 GC heap before
{Heap before GC invocations=20 (full 0):
 garbage-first heap   total 279552K, used 195837K [0x00000000a8a00000, 0x0000000100000000)
  region size 1024K, 67 young (68608K), 10 survivors (10240K)
 Metaspace       used 16461K, capacity 16663K, committed 17024K, reserved 1064960K
  class space    used 1478K, capacity 1553K, committed 1664K, reserved 1048576K
}
Event: 7.841 GC heap after
{Heap after GC invocations=21 (full 0):
 garbage-first heap   total 279552K, used 177152K [0x00000000a8a00000, 0x0000000100000000)
  region size 1024K, 9 young (9216K), 9 survivors (9216K)
 Metaspace       used 16461K, capacity 16663K, committed 17024K, reserved 1064960K
  class space    used 1478K, capacity 1553K, committed 1664K, reserved 1048576K
}
Event: 7.923 GC heap before
{Heap before GC invocations=21 (full 0):
 garbage-first heap   total 279552K, used 209920K [0x00000000a8a00000, 0x0000000100000000)
  region size 1024K, 41 young (41984K), 9 survivors (9216K)
 Metaspace       used 16461K, capacity 16663K, committed 17024K, reserved 1064960K
  class space    used 1478K, capacity 1553K, committed 1664K, reserved 1048576K
}
Event: 7.949 GC heap after
{Heap after GC invocations=22 (full 0):
 garbage-first heap   total 279552K, used 196096K [0x00000000a8a00000, 0x0000000100000000)
  region size 1024K, 6 young (6144K), 6 survivors (6144K)
 Metaspace       used 16461K, capacity 16663K, committed 17024K, reserved 1064960K
  class space    used 1478K, capacity 1553K, committed 1664K, reserved 1048576K
}
Event: 8.012 GC heap before
{Heap before GC invocations=22 (full 0):
 garbage-first heap   total 279552K, used 219648K [0x00000000a8a00000, 0x0000000100000000)
  region size 1024K, 29 young (29696K), 6 survivors (6144K)
 Metaspace       used 16461K, capacity 16663K, committed 17024K, reserved 1064960K
  class space    used 1478K, capacity 1553K, committed 1664K, reserved 1048576K
}

Deoptimization events (10 events):
Event: 3.861 Thread 0x00007f86ac54d000 Uncommon trap: reason=unstable_if action=reinterpret pc=0x00007f869b69692c method=com.google.javascript.jscomp.parsing.parser.LineNumberTable.computeLineStartOffsets(Ljava/lang/String;)[I @ 53 c2
Event: 3.940 Thread 0x00007f86ac54d000 Uncommon trap: reason=unstable_if action=reinterpret pc=0x00007f869b6f2138 method=com.google.javascript.rhino.TokenUtil.isJSSpace(I)Z @ 15 c2
Event: 3.947 Thread 0x00007f86ac54d000 Uncommon trap: reason=unstable_if action=reinterpret pc=0x00007f869b6e2b80 method=com.google.javascript.jscomp.parsing.JsDocTokenStream.getChar()I @ 182 c2
Event: 3.953 Thread 0x00007f86ac54d000 Uncommon trap: reason=unstable_if action=reinterpret pc=0x00007f869b6ea1d8 method=com.google.javascript.jscomp.parsing.JsDocInfoParser.parseHelperLoop(Lcom/google/javascript/jscomp/parsing/JsDocToken;Ljava/util/List;)Z @ 189 c2
Event: 4.012 Thread 0x00007f86ac54d000 Uncommon trap: reason=unstable_if action=reinterpret pc=0x00007f869b6fae10 method=com.google.javascript.jscomp.parsing.parser.Scanner.scanIdentifierOrKeyword(IC)Lcom/google/javascript/jscomp/parsing/parser/Token; @ 63 c2
Event: 4.218 Thread 0x00007f86ac54d000 Uncommon trap: reason=unstable_if action=reinterpret pc=0x00007f869b70395c method=com.google.javascript.jscomp.parsing.IRFactory.validateBreakContinue(Lcom/google/javascript/rhino/Node;)V @ 167 c2
Event: 4.533 Thread 0x00007f86ac54d000 Uncommon trap: reason=unstable_if action=reinterpret pc=0x00007f869b705de4 method=com.google.javascript.jscomp.parsing.parser.Scanner.isIdentifierPart(C)Z @ 91 c2
Event: 5.164 Thread 0x00007f86ac54d000 Uncommon trap: reason=unstable_if action=reinterpret pc=0x00007f869b660ab0 method=java.lang.AbstractStringBuilder.isLatin1()Z @ 10 c2
Event: 6.296 Thread 0x00007f86ac54d000 Uncommon trap: reason=unstable_if action=reinterpret pc=0x00007f869b7932e0 method=com.google.javascript.jscomp.parsing.IRFactory.validateBlockScopedFunctions(Lcom/google/javascript/rhino/Node;)V @ 14 c2
Event: 6.297 Thread 0x00007f86ac54d000 Uncommon trap: reason=unstable_if action=reinterpret pc=0x00007f869b797e54 method=com.google.javascript.jscomp.parsing.IRFactory.validateBlockScopedFunctions(Lcom/google/javascript/rhino/Node;)V @ 14 c2

Classes redefined (0 events):
No events

Internal exceptions (10 events):
Event: 2.095 Thread 0x00007f86ac012000 Exception <a 'java/lang/NoSuchMethodError'{0x00000000adfdfc78}: java.lang.invoke.DirectMethodHandle$Holder.invokeSpecial(Ljava/lang/Object;Ljava/lang/Object;Ljava/lang/Object;Ljava/lang/Object;Ljava/lang/Object;Ljava/lang/Object;Ljava/lang/Object;Ljava/la
Event: 2.096 Thread 0x00007f86ac012000 Exception <a 'java/lang/NoSuchMethodError'{0x00000000adfe4378}: java.lang.invoke.Invokers$Holder.invoke_MT(Ljava/lang/Object;Ljava/lang/Object;Ljava/lang/Object;Ljava/lang/Object;Ljava/lang/Object;Ljava/lang/Object;Ljava/lang/Object;Ljava/lang/Object;Ljav
Event: 2.097 Thread 0x00007f86ac012000 Exception <a 'java/lang/NoSuchMethodError'{0x00000000adff0470}: java.lang.invoke.DirectMethodHandle$Holder.invokeSpecial(Ljava/lang/Object;Ljava/lang/Object;Ljava/lang/Object;)I> (0x00000000adff0470) thrown at [/build/openjdk-lts-xioZJb/openjdk-lts-10.0.2
Event: 2.098 Thread 0x00007f86ac012000 Exception <a 'java/lang/NoSuchMethodError'{0x00000000adff6078}: method resolution failed> (0x00000000adff6078) thrown at [/build/openjdk-lts-xioZJb/openjdk-lts-10.0.2+13/src/hotspot/share/prims/methodHandles.cpp, line 1226]
Event: 2.098 Thread 0x00007f86ac012000 Exception <a 'java/lang/NoSuchMethodError'{0x00000000adff9410}: java.lang.Object.lambda$thenComparing$36697e65$1(Ljava/util/Comparator;Ljava/lang/Object;Ljava/lang/Object;)I> (0x00000000adff9410) thrown at [/build/openjdk-lts-xioZJb/openjdk-lts-10.0.2+13/
Event: 2.211 Thread 0x00007f86ac012000 Exception <a 'java/lang/NoSuchMethodError'{0x00000000adb94c80}: java.lang.invoke.DirectMethodHandle$Holder.invokeStaticInit(Ljava/lang/Object;Ljava/lang/Object;)I> (0x00000000adb94c80) thrown at [/build/openjdk-lts-xioZJb/openjdk-lts-10.0.2+13/src/hotspot
Event: 2.336 Thread 0x00007f86ac54d000 Implicit null exception at 0x00007f869b62735a to 0x00007f869b627452
Event: 2.346 Thread 0x00007f86ac54d000 Implicit null exception at 0x00007f869b626eee to 0x00007f869b626fd6
Event: 2.948 Thread 0x00007f86ac54d000 Implicit null exception at 0x00007f869b62df37 to 0x00007f869b62e3b2
Event: 2.949 Thread 0x00007f86ac54d000 Implicit null exception at 0x00007f869b62ec31 to 0x00007f869b62edf2

Events (10 events):
Event: 7.147 Thread 0x00007f86ac54d000 DEOPT UNPACKING pc=0x00007f8693b4ddba sp=0x00007f860b7e3490 mode 0
Event: 7.216 Executing VM operation: G1IncCollectionPause
Event: 7.237 Executing VM operation: G1IncCollectionPause done
Event: 7.554 Executing VM operation: G1IncCollectionPause
Event: 7.596 Executing VM operation: G1IncCollectionPause done
Event: 7.784 Executing VM operation: G1IncCollectionPause
Event: 7.841 Executing VM operation: G1IncCollectionPause done
Event: 7.923 Executing VM operation: G1IncCollectionPause
Event: 7.949 Executing VM operation: G1IncCollectionPause done
Event: 8.012 Executing VM operation: G1IncCollectionPause


Dynamic libraries:
a8a00000-b9b00000 rw-p 00000000 00:00 0 
ca200000-100000000 ---p 00000000 00:00 0 
100000000-1001a0000 rw-p 00000000 00:00 0 
1001a0000-140000000 ---p 00000000 00:00 0 
55bee527b000-55bee527c000 r-xp 00000000 08:01 930679                     /usr/lib/jvm/java-11-openjdk-amd64/bin/java
55bee547c000-55bee547d000 r--p 00001000 08:01 930679                     /usr/lib/jvm/java-11-openjdk-amd64/bin/java
55bee547d000-55bee547e000 rw-p 00002000 08:01 930679                     /usr/lib/jvm/java-11-openjdk-amd64/bin/java
55bee70b3000-55bee70d4000 rw-p 00000000 00:00 0                          [heap]
7f8600000000-7f86001af000 rw-p 00000000 00:00 0 
7f86001af000-7f8604000000 ---p 00000000 00:00 0 
7f86075e7000-7f86076e7000 rw-p 00000000 00:00 0 
7f86076e7000-7f86077e7000 ---p 00000000 00:00 0 
7f86077e7000-7f86077eb000 ---p 00000000 00:00 0 
7f86077eb000-7f860b9e8000 rw-p 00000000 00:00 0 
7f860b9e8000-7f860bbe8000 rw-p 00000000 00:00 0 
7f860bbe8000-7f860bde8000 rw-p 00000000 00:00 0 
7f860bde8000-7f860bdff000 r-xp 00000000 08:01 948617                     /usr/lib/jvm/java-11-openjdk-amd64/lib/libnet.so
7f860bdff000-7f860bffe000 ---p 00017000 08:01 948617                     /usr/lib/jvm/java-11-openjdk-amd64/lib/libnet.so
7f860bffe000-7f860bfff000 r--p 00016000 08:01 948617                     /usr/lib/jvm/java-11-openjdk-amd64/lib/libnet.so
7f860bfff000-7f860c000000 rw-p 00017000 08:01 948617                     /usr/lib/jvm/java-11-openjdk-amd64/lib/libnet.so
7f860c000000-7f860c021000 rw-p 00000000 00:00 0 
7f860c021000-7f8610000000 ---p 00000000 00:00 0 
7f8610000000-7f8610021000 rw-p 00000000 00:00 0 
7f8610021000-7f8614000000 ---p 00000000 00:00 0 
7f8614000000-7f8614021000 rw-p 00000000 00:00 0 
7f8614021000-7f8618000000 ---p 00000000 00:00 0 
7f8618000000-7f8618021000 rw-p 00000000 00:00 0 
7f8618021000-7f861c000000 ---p 00000000 00:00 0 
7f861c000000-7f861db1e000 rw-p 00000000 00:00 0 
7f861db1e000-7f8620000000 ---p 00000000 00:00 0 
7f8620000000-7f86206d8000 rw-p 00000000 00:00 0 
7f86206d8000-7f8624000000 ---p 00000000 00:00 0 
7f8624000000-7f8625647000 rw-p 00000000 00:00 0 
7f8625647000-7f8628000000 ---p 00000000 00:00 0 
7f8628000000-7f862a16d000 rw-p 00000000 00:00 0 
7f862a16d000-7f862c000000 ---p 00000000 00:00 0 
7f862c000000-7f862c021000 rw-p 00000000 00:00 0 
7f862c021000-7f8630000000 ---p 00000000 00:00 0 
7f8630000000-7f8630021000 rw-p 00000000 00:00 0 
7f8630021000-7f8634000000 ---p 00000000 00:00 0 
7f8634000000-7f86340b2000 rw-p 00000000 00:00 0 
7f86340b2000-7f8638000000 ---p 00000000 00:00 0 
7f8638000000-7f8638021000 rw-p 00000000 00:00 0 
7f8638021000-7f863c000000 ---p 00000000 00:00 0 
7f863c000000-7f863c021000 rw-p 00000000 00:00 0 
7f863c021000-7f8640000000 ---p 00000000 00:00 0 
7f8640000000-7f8640021000 rw-p 00000000 00:00 0 
7f8640021000-7f8644000000 ---p 00000000 00:00 0 
7f8644000000-7f8644021000 rw-p 00000000 00:00 0 
7f8644021000-7f8648000000 ---p 00000000 00:00 0 
7f8648000000-7f8648021000 rw-p 00000000 00:00 0 
7f8648021000-7f864c000000 ---p 00000000 00:00 0 
7f864c000000-7f864c021000 rw-p 00000000 00:00 0 
7f864c021000-7f8650000000 ---p 00000000 00:00 0 
7f8650000000-7f8650021000 rw-p 00000000 00:00 0 
7f8650021000-7f8654000000 ---p 00000000 00:00 0 
7f8654000000-7f8654039000 rw-p 00000000 00:00 0 
7f8654039000-7f8658000000 ---p 00000000 00:00 0 
7f8658000000-7f8658021000 rw-p 00000000 00:00 0 
7f8658021000-7f865c000000 ---p 00000000 00:00 0 
7f865c000000-7f865c035000 rw-p 00000000 00:00 0 
7f865c035000-7f8660000000 ---p 00000000 00:00 0 
7f8660113000-7f8660124000 r-xp 00000000 08:01 948618                     /usr/lib/jvm/java-11-openjdk-amd64/lib/libnio.so
7f8660124000-7f8660323000 ---p 00011000 08:01 948618                     /usr/lib/jvm/java-11-openjdk-amd64/lib/libnio.so
7f8660323000-7f8660324000 r--p 00010000 08:01 948618                     /usr/lib/jvm/java-11-openjdk-amd64/lib/libnio.so
7f8660324000-7f8660325000 rw-p 00011000 08:01 948618                     /usr/lib/jvm/java-11-openjdk-amd64/lib/libnio.so
7f8660325000-7f8660329000 ---p 00000000 00:00 0 
7f8660329000-7f8660426000 rw-p 00000000 00:00 0 
7f8660426000-7f8660427000 ---p 00000000 00:00 0 
7f8660427000-7f8660528000 rw-p 00000000 00:00 0 
7f8660528000-7f866052c000 ---p 00000000 00:00 0 
7f866052c000-7f8660629000 rw-p 00000000 00:00 0 
7f8660629000-7f866062d000 ---p 00000000 00:00 0 
7f866062d000-7f866072a000 rw-p 00000000 00:00 0 
7f866072a000-7f866072e000 ---p 00000000 00:00 0 
7f866072e000-7f866082b000 rw-p 00000000 00:00 0 
7f866082b000-7f866082f000 ---p 00000000 00:00 0 
7f866082f000-7f866092c000 rw-p 00000000 00:00 0 
7f866092c000-7f8660930000 ---p 00000000 00:00 0 
7f8660930000-7f8660a2d000 rw-p 00000000 00:00 0 
7f8660a2d000-7f8660a31000 ---p 00000000 00:00 0 
7f8660a31000-7f8660b2e000 rw-p 00000000 00:00 0 
7f8660b2e000-7f8660b32000 ---p 00000000 00:00 0 
7f8660b32000-7f8660c2f000 rw-p 00000000 00:00 0 
7f8660c2f000-7f86615fe000 r--p 00000000 08:01 924394                     /usr/lib/locale/locale-archive
7f86615fe000-7f8661602000 ---p 00000000 00:00 0 
7f8661602000-7f86616ff000 rw-p 00000000 00:00 0 
7f86616ff000-7f8661703000 ---p 00000000 00:00 0 
7f8661703000-7f8664000000 rw-p 00000000 00:00 0 
7f8664000000-7f8664021000 rw-p 00000000 00:00 0 
7f8664021000-7f8668000000 ---p 00000000 00:00 0 
7f8668000000-7f8668021000 rw-p 00000000 00:00 0 
7f8668021000-7f866c000000 ---p 00000000 00:00 0 
7f866c000000-7f866c02e000 rw-p 00000000 00:00 0 
7f866c02e000-7f8670000000 ---p 00000000 00:00 0 
7f8670000000-7f8670021000 rw-p 00000000 00:00 0 
7f8670021000-7f8674000000 ---p 00000000 00:00 0 
7f8674000000-7f867402b000 rw-p 00000000 00:00 0 
7f867402b000-7f8678000000 ---p 00000000 00:00 0 
7f8678000000-7f8678030000 rw-p 00000000 00:00 0 
7f8678030000-7f867c000000 ---p 00000000 00:00 0 
7f867c000000-7f867c029000 rw-p 00000000 00:00 0 
7f867c029000-7f8680000000 ---p 00000000 00:00 0 
7f8680000000-7f868002e000 rw-p 00000000 00:00 0 
7f868002e000-7f8684000000 ---p 00000000 00:00 0 
7f8684000000-7f8684033000 rw-p 00000000 00:00 0 
7f8684033000-7f8688000000 ---p 00000000 00:00 0 
7f8688000000-7f8688030000 rw-p 00000000 00:00 0 
7f8688030000-7f868c000000 ---p 00000000 00:00 0 
7f868c000000-7f868c02c000 rw-p 00000000 00:00 0 
7f868c02c000-7f8690000000 ---p 00000000 00:00 0 
7f869005d000-7f869005e000 ---p 00000000 00:00 0 
7f869005e000-7f869015f000 rw-p 00000000 00:00 0 
7f869015f000-7f8690160000 ---p 00000000 00:00 0 
7f8690160000-7f8690261000 rw-p 00000000 00:00 0 
7f8690261000-7f8690262000 ---p 00000000 00:00 0 
7f8690262000-7f8690363000 rw-p 00000000 00:00 0 
7f8690363000-7f8690364000 ---p 00000000 00:00 0 
7f8690364000-7f8690465000 rw-p 00000000 00:00 0 
7f8690465000-7f8690466000 ---p 00000000 00:00 0 
7f8690466000-7f8690567000 rw-p 00000000 00:00 0 
7f8690567000-7f8690568000 ---p 00000000 00:00 0 
7f8690568000-7f8690669000 rw-p 00000000 00:00 0 
7f8690669000-7f869066a000 ---p 00000000 00:00 0 
7f869066a000-7f869076b000 rw-p 00000000 00:00 0 
7f869076b000-7f869076c000 ---p 00000000 00:00 0 
7f869076c000-7f869086d000 rw-p 00000000 00:00 0 
7f869086d000-7f869086e000 ---p 00000000 00:00 0 
7f869086e000-7f869096f000 rw-p 00000000 00:00 0 
7f869096f000-7f8690970000 ---p 00000000 00:00 0 
7f8690970000-7f86913ba000 rw-p 00000000 00:00 0 
7f86913ba000-7f869254e000 ---p 00000000 00:00 0 
7f869254e000-7f8692992000 rw-p 00000000 00:00 0 
7f8692992000-7f8693b26000 ---p 00000000 00:00 0 
7f8693b26000-7f8693d96000 rwxp 00000000 00:00 0 
7f8693d96000-7f86940b7000 ---p 00000000 00:00 0 
7f86940b7000-7f8694787000 rwxp 00000000 00:00 0 
7f8694787000-7f869b5ee000 ---p 00000000 00:00 0 
7f869b5ee000-7f869b86e000 rwxp 00000000 00:00 0 
7f869b86e000-7f86a2b26000 ---p 00000000 00:00 0 
7f86a2b26000-7f86ac000000 r--s 00000000 08:01 948627                     /usr/lib/jvm/java-11-openjdk-amd64/lib/modules
7f86ac000000-7f86ac551000 rw-p 00000000 00:00 0 
7f86ac551000-7f86b0000000 ---p 00000000 00:00 0 
7f86b0084000-7f86b03fd000 rw-p 00000000 00:00 0 
7f86b03fd000-7f86b03fe000 ---p 00000000 00:00 0 
7f86b03fe000-7f86b04ff000 rw-p 00000000 00:00 0 
7f86b04ff000-7f86b0500000 ---p 00000000 00:00 0 
7f86b0500000-7f86b0601000 rw-p 00000000 00:00 0 
7f86b0601000-7f86b0602000 ---p 00000000 00:00 0 
7f86b0602000-7f86b078c000 rw-p 00000000 00:00 0 
7f86b078c000-7f86b09be000 ---p 00000000 00:00 0 
7f86b09be000-7f86b0a47000 rw-p 00000000 00:00 0 
7f86b0a47000-7f86b0c79000 ---p 00000000 00:00 0 
7f86b0c79000-7f86b0d02000 rw-p 00000000 00:00 0 
7f86b0d02000-7f86b0f34000 ---p 00000000 00:00 0 
7f86b0f34000-7f86b173c000 rw-p 00000000 00:00 0 
7f86b173c000-7f86b173d000 ---p 00000000 00:00 0 
7f86b173d000-7f86b183e000 rw-p 00000000 00:00 0 
7f86b183e000-7f86b183f000 ---p 00000000 00:00 0 
7f86b183f000-7f86b1940000 rw-p 00000000 00:00 0 
7f86b1940000-7f86b1941000 ---p 00000000 00:00 0 
7f86b1941000-7f86b1a42000 rw-p 00000000 00:00 0 
7f86b1a42000-7f86b1a43000 ---p 00000000 00:00 0 
7f86b1a43000-7f86b1b44000 rw-p 00000000 00:00 0 
7f86b1b44000-7f86b1b45000 ---p 00000000 00:00 0 
7f86b1b45000-7f86b1c46000 rw-p 00000000 00:00 0 
7f86b1c46000-7f86b1c47000 ---p 00000000 00:00 0 
7f86b1c47000-7f86b1d48000 rw-p 00000000 00:00 0 
7f86b1d48000-7f86b1d49000 ---p 00000000 00:00 0 
7f86b1d49000-7f86b1e4a000 rw-p 00000000 00:00 0 
7f86b1e4a000-7f86b1e4b000 ---p 00000000 00:00 0 
7f86b1e4b000-7f86b1f51000 rw-p 00000000 00:00 0 
7f86b1f51000-7f86b2037000 ---p 00000000 00:00 0 
7f86b2037000-7f86b2045000 rw-p 00000000 00:00 0 
7f86b2045000-7f86b2122000 ---p 00000000 00:00 0 
7f86b2122000-7f86b2127000 r-xp 00000000 08:01 948609                     /usr/lib/jvm/java-11-openjdk-amd64/lib/libjimage.so
7f86b2127000-7f86b2326000 ---p 00005000 08:01 948609                     /usr/lib/jvm/java-11-openjdk-amd64/lib/libjimage.so
7f86b2326000-7f86b2327000 r--p 00004000 08:01 948609                     /usr/lib/jvm/java-11-openjdk-amd64/lib/libjimage.so
7f86b2327000-7f86b2328000 rw-p 00005000 08:01 948609                     /usr/lib/jvm/java-11-openjdk-amd64/lib/libjimage.so
7f86b2328000-7f86b232f000 r-xp 00000000 08:01 948626                     /usr/lib/jvm/java-11-openjdk-amd64/lib/libzip.so
7f86b232f000-7f86b252e000 ---p 00007000 08:01 948626                     /usr/lib/jvm/java-11-openjdk-amd64/lib/libzip.so
7f86b252e000-7f86b252f000 r--p 00006000 08:01 948626                     /usr/lib/jvm/java-11-openjdk-amd64/lib/libzip.so
7f86b252f000-7f86b2530000 rw-p 00007000 08:01 948626                     /usr/lib/jvm/java-11-openjdk-amd64/lib/libzip.so
7f86b2530000-7f86b253b000 r-xp 00000000 08:01 399298                     /lib/x86_64-linux-gnu/libnss_files-2.27.so
7f86b253b000-7f86b273a000 ---p 0000b000 08:01 399298                     /lib/x86_64-linux-gnu/libnss_files-2.27.so
7f86b273a000-7f86b273b000 r--p 0000a000 08:01 399298                     /lib/x86_64-linux-gnu/libnss_files-2.27.so
7f86b273b000-7f86b273c000 rw-p 0000b000 08:01 399298                     /lib/x86_64-linux-gnu/libnss_files-2.27.so
7f86b273c000-7f86b2742000 rw-p 00000000 00:00 0 
7f86b2742000-7f86b2759000 r-xp 00000000 08:01 399292                     /lib/x86_64-linux-gnu/libnsl-2.27.so
7f86b2759000-7f86b2958000 ---p 00017000 08:01 399292                     /lib/x86_64-linux-gnu/libnsl-2.27.so
7f86b2958000-7f86b2959000 r--p 00016000 08:01 399292                     /lib/x86_64-linux-gnu/libnsl-2.27.so
7f86b2959000-7f86b295a000 rw-p 00017000 08:01 399292                     /lib/x86_64-linux-gnu/libnsl-2.27.so
7f86b295a000-7f86b295c000 rw-p 00000000 00:00 0 
7f86b295c000-7f86b2967000 r-xp 00000000 08:01 399309                     /lib/x86_64-linux-gnu/libnss_nis-2.27.so
7f86b2967000-7f86b2b66000 ---p 0000b000 08:01 399309                     /lib/x86_64-linux-gnu/libnss_nis-2.27.so
7f86b2b66000-7f86b2b67000 r--p 0000a000 08:01 399309                     /lib/x86_64-linux-gnu/libnss_nis-2.27.so
7f86b2b67000-7f86b2b68000 rw-p 0000b000 08:01 399309                     /lib/x86_64-linux-gnu/libnss_nis-2.27.so
7f86b2b68000-7f86b2b70000 r-xp 00000000 08:01 399294                     /lib/x86_64-linux-gnu/libnss_compat-2.27.so
7f86b2b70000-7f86b2d70000 ---p 00008000 08:01 399294                     /lib/x86_64-linux-gnu/libnss_compat-2.27.so
7f86b2d70000-7f86b2d71000 r--p 00008000 08:01 399294                     /lib/x86_64-linux-gnu/libnss_compat-2.27.so
7f86b2d71000-7f86b2d72000 rw-p 00009000 08:01 399294                     /lib/x86_64-linux-gnu/libnss_compat-2.27.so
7f86b2d72000-7f86b2d9e000 r-xp 00000000 08:01 948605                     /usr/lib/jvm/java-11-openjdk-amd64/lib/libjava.so
7f86b2d9e000-7f86b2f9d000 ---p 0002c000 08:01 948605                     /usr/lib/jvm/java-11-openjdk-amd64/lib/libjava.so
7f86b2f9d000-7f86b2f9e000 r--p 0002b000 08:01 948605                     /usr/lib/jvm/java-11-openjdk-amd64/lib/libjava.so
7f86b2f9e000-7f86b2fa0000 rw-p 0002c000 08:01 948605                     /usr/lib/jvm/java-11-openjdk-amd64/lib/libjava.so
7f86b2fa0000-7f86b2fad000 r-xp 00000000 08:01 948625                     /usr/lib/jvm/java-11-openjdk-amd64/lib/libverify.so
7f86b2fad000-7f86b31ac000 ---p 0000d000 08:01 948625                     /usr/lib/jvm/java-11-openjdk-amd64/lib/libverify.so
7f86b31ac000-7f86b31ae000 r--p 0000c000 08:01 948625                     /usr/lib/jvm/java-11-openjdk-amd64/lib/libverify.so
7f86b31ae000-7f86b31af000 rw-p 0000e000 08:01 948625                     /usr/lib/jvm/java-11-openjdk-amd64/lib/libverify.so
7f86b31af000-7f86b31b6000 r-xp 00000000 08:01 399349                     /lib/x86_64-linux-gnu/librt-2.27.so
7f86b31b6000-7f86b33b5000 ---p 00007000 08:01 399349                     /lib/x86_64-linux-gnu/librt-2.27.so
7f86b33b5000-7f86b33b6000 r--p 00006000 08:01 399349                     /lib/x86_64-linux-gnu/librt-2.27.so
7f86b33b6000-7f86b33b7000 rw-p 00007000 08:01 399349                     /lib/x86_64-linux-gnu/librt-2.27.so
7f86b33b7000-7f86b33ce000 r-xp 00000000 08:01 393301                     /lib/x86_64-linux-gnu/libgcc_s.so.1
7f86b33ce000-7f86b35cd000 ---p 00017000 08:01 393301                     /lib/x86_64-linux-gnu/libgcc_s.so.1
7f86b35cd000-7f86b35ce000 r--p 00016000 08:01 393301                     /lib/x86_64-linux-gnu/libgcc_s.so.1
7f86b35ce000-7f86b35cf000 rw-p 00017000 08:01 393301                     /lib/x86_64-linux-gnu/libgcc_s.so.1
7f86b35cf000-7f86b376c000 r-xp 00000000 08:01 399271                     /lib/x86_64-linux-gnu/libm-2.27.so
7f86b376c000-7f86b396b000 ---p 0019d000 08:01 399271                     /lib/x86_64-linux-gnu/libm-2.27.so
7f86b396b000-7f86b396c000 r--p 0019c000 08:01 399271                     /lib/x86_64-linux-gnu/libm-2.27.so
7f86b396c000-7f86b396d000 rw-p 0019d000 08:01 399271                     /lib/x86_64-linux-gnu/libm-2.27.so
7f86b396d000-7f86b3ae6000 r-xp 00000000 08:01 920236                     /usr/lib/x86_64-linux-gnu/libstdc++.so.6.0.25
7f86b3ae6000-7f86b3ce6000 ---p 00179000 08:01 920236                     /usr/lib/x86_64-linux-gnu/libstdc++.so.6.0.25
7f86b3ce6000-7f86b3cf0000 r--p 00179000 08:01 920236                     /usr/lib/x86_64-linux-gnu/libstdc++.so.6.0.25
7f86b3cf0000-7f86b3cf2000 rw-p 00183000 08:01 920236                     /usr/lib/x86_64-linux-gnu/libstdc++.so.6.0.25
7f86b3cf2000-7f86b3cf6000 rw-p 00000000 00:00 0 
7f86b3cf6000-7f86b4c93000 r-xp 00000000 08:01 1056032                    /usr/lib/jvm/java-11-openjdk-amd64/lib/server/libjvm.so
7f86b4c93000-7f86b4e93000 ---p 00f9d000 08:01 1056032                    /usr/lib/jvm/java-11-openjdk-amd64/lib/server/libjvm.so
7f86b4e93000-7f86b4f57000 r--p 00f9d000 08:01 1056032                    /usr/lib/jvm/java-11-openjdk-amd64/lib/server/libjvm.so
7f86b4f57000-7f86b4f8f000 rw-p 01061000 08:01 1056032                    /usr/lib/jvm/java-11-openjdk-amd64/lib/server/libjvm.so
7f86b4f8f000-7f86b4fd8000 rw-p 00000000 00:00 0 
7f86b4fd8000-7f86b4ff2000 r-xp 00000000 08:01 399341                     /lib/x86_64-linux-gnu/libpthread-2.27.so
7f86b4ff2000-7f86b51f1000 ---p 0001a000 08:01 399341                     /lib/x86_64-linux-gnu/libpthread-2.27.so
7f86b51f1000-7f86b51f2000 r--p 00019000 08:01 399341                     /lib/x86_64-linux-gnu/libpthread-2.27.so
7f86b51f2000-7f86b51f3000 rw-p 0001a000 08:01 399341                     /lib/x86_64-linux-gnu/libpthread-2.27.so
7f86b51f3000-7f86b51f7000 rw-p 00000000 00:00 0 
7f86b51f7000-7f86b51fa000 r-xp 00000000 08:01 399231                     /lib/x86_64-linux-gnu/libdl-2.27.so
7f86b51fa000-7f86b53f9000 ---p 00003000 08:01 399231                     /lib/x86_64-linux-gnu/libdl-2.27.so
7f86b53f9000-7f86b53fa000 r--p 00002000 08:01 399231                     /lib/x86_64-linux-gnu/libdl-2.27.so
7f86b53fa000-7f86b53fb000 rw-p 00003000 08:01 399231                     /lib/x86_64-linux-gnu/libdl-2.27.so
7f86b53fb000-7f86b5417000 r-xp 00000000 08:01 399380                     /lib/x86_64-linux-gnu/libz.so.1.2.11
7f86b5417000-7f86b5616000 ---p 0001c000 08:01 399380                     /lib/x86_64-linux-gnu/libz.so.1.2.11
7f86b5616000-7f86b5617000 r--p 0001b000 08:01 399380                     /lib/x86_64-linux-gnu/libz.so.1.2.11
7f86b5617000-7f86b5618000 rw-p 0001c000 08:01 399380                     /lib/x86_64-linux-gnu/libz.so.1.2.11
7f86b5618000-7f86b57ff000 r-xp 00000000 08:01 399208                     /lib/x86_64-linux-gnu/libc-2.27.so
7f86b57ff000-7f86b59ff000 ---p 001e7000 08:01 399208                     /lib/x86_64-linux-gnu/libc-2.27.so
7f86b59ff000-7f86b5a03000 r--p 001e7000 08:01 399208                     /lib/x86_64-linux-gnu/libc-2.27.so
7f86b5a03000-7f86b5a05000 rw-p 001eb000 08:01 399208                     /lib/x86_64-linux-gnu/libc-2.27.so
7f86b5a05000-7f86b5a09000 rw-p 00000000 00:00 0 
7f86b5a09000-7f86b5a18000 r-xp 00000000 08:01 948590                     /usr/lib/jvm/java-11-openjdk-amd64/lib/jli/libjli.so
7f86b5a18000-7f86b5c17000 ---p 0000f000 08:01 948590                     /usr/lib/jvm/java-11-openjdk-amd64/lib/jli/libjli.so
7f86b5c17000-7f86b5c18000 r--p 0000e000 08:01 948590                     /usr/lib/jvm/java-11-openjdk-amd64/lib/jli/libjli.so
7f86b5c18000-7f86b5c19000 rw-p 0000f000 08:01 948590                     /usr/lib/jvm/java-11-openjdk-amd64/lib/jli/libjli.so
7f86b5c19000-7f86b5c40000 r-xp 00000000 08:01 399180                     /lib/x86_64-linux-gnu/ld-2.27.so
7f86b5c68000-7f86b5d20000 rw-p 00000000 00:00 0 
7f86b5d20000-7f86b5d27000 ---p 00000000 00:00 0 
7f86b5d27000-7f86b5d2b000 ---p 00000000 00:00 0 
7f86b5d2b000-7f86b5e2a000 rw-p 00000000 00:00 0 
7f86b5e33000-7f86b5e34000 rw-p 00000000 00:00 0 
7f86b5e34000-7f86b5e3c000 rw-s 00000000 08:01 928501                     /tmp/hsperfdata_arslan/28426
7f86b5e3c000-7f86b5e3d000 ---p 00000000 00:00 0 
7f86b5e3d000-7f86b5e3e000 r--p 00000000 00:00 0 
7f86b5e3e000-7f86b5e40000 rw-p 00000000 00:00 0 
7f86b5e40000-7f86b5e41000 r--p 00027000 08:01 399180                     /lib/x86_64-linux-gnu/ld-2.27.so
7f86b5e41000-7f86b5e42000 rw-p 00028000 08:01 399180                     /lib/x86_64-linux-gnu/ld-2.27.so
7f86b5e42000-7f86b5e43000 rw-p 00000000 00:00 0 
7ffc11f86000-7ffc11fa7000 rw-p 00000000 00:00 0                          [stack]
7ffc11fe1000-7ffc11fe4000 r--p 00000000 00:00 0                          [vvar]
7ffc11fe4000-7ffc11fe6000 r-xp 00000000 00:00 0                          [vdso]
ffffffffff600000-ffffffffff601000 r-xp 00000000 00:00 0                  [vsyscall]


VM Arguments:
java_command: third-party/closure-compiler.jar --generate_exports --compilation_level ADVANCED_OPTIMIZATIONS --dependency_mode=STRICT --externs externs/gviz-externs.js --externs externs/interpreter-externs.js --externs externs/prettify-externs.js --externs externs/soundJS-externs.js --externs externs/storage-externs.js --externs appengine/third-party/blockly/externs/svg-externs.js --language_out ECMASCRIPT5_STRICT --entry_point=Puzzle --js='appengine/third-party/**.js' --js='!appengine/third-party/blockly/*.js' --js='!appengine/third-party/blockly/tests/**.js' --js='!appengine/third-party/blockly/externs/**.js' --js='!appengine/third-party/blockly/demos/**.js' --js='appengine/generated/en/*.js' --js='appengine/js/*.js' --warning_level QUIET --js='appengine/puzzle/generated/en/*.js' --js='appengine/puzzle/js/*.js'
java_class_path (initial): third-party/closure-compiler.jar
Launcher Type: SUN_STANDARD

Logging:
Log output configuration:
#0: stdout all=warning uptime,level,tags
#1: stderr all=off uptime,level,tags

Environment Variables:
PATH=/usr/local/sbin:/usr/local/bin:/usr/sbin:/usr/bin:/sbin:/bin:/usr/games:/usr/local/games:/snap/bin
USERNAME=arslan
SHELL=/bin/bash
DISPLAY=:0

Signal Handlers:
SIGSEGV: [libjvm.so+0xd28ad0], sa_mask[0]=11111111011111111101111111111110, sa_flags=SA_RESTART|SA_SIGINFO
SIGBUS: [libjvm.so+0xd28ad0], sa_mask[0]=11111111011111111101111111111110, sa_flags=SA_RESTART|SA_SIGINFO
SIGFPE: [libjvm.so+0xd28ad0], sa_mask[0]=11111111011111111101111111111110, sa_flags=SA_RESTART|SA_SIGINFO
SIGPIPE: [libjvm.so+0xb2a150], sa_mask[0]=11111111011111111101111111111110, sa_flags=SA_RESTART|SA_SIGINFO
SIGXFSZ: [libjvm.so+0xb2a150], sa_mask[0]=11111111011111111101111111111110, sa_flags=SA_RESTART|SA_SIGINFO
SIGILL: [libjvm.so+0xd28ad0], sa_mask[0]=11111111011111111101111111111110, sa_flags=SA_RESTART|SA_SIGINFO
SIGUSR2: [libjvm.so+0xb29f90], sa_mask[0]=00000000000000000000000000000000, sa_flags=SA_RESTART|SA_SIGINFO
SIGHUP: [libjvm.so+0xb2a0e0], sa_mask[0]=11111111011111111101111111111110, sa_flags=SA_RESTART|SA_SIGINFO
SIGINT: [libjvm.so+0xb2a0e0], sa_mask[0]=11111111011111111101111111111110, sa_flags=SA_RESTART|SA_SIGINFO
SIGTERM: [libjvm.so+0xb2a0e0], sa_mask[0]=11111111011111111101111111111110, sa_flags=SA_RESTART|SA_SIGINFO
SIGQUIT: [libjvm.so+0xb2a0e0], sa_mask[0]=11111111011111111101111111111110, sa_flags=SA_RESTART|SA_SIGINFO


---------------  S Y S T E M  ---------------

OS:DISTRIB_ID=Ubuntu
DISTRIB_RELEASE=18.04
DISTRIB_CODENAME=bionic
DISTRIB_DESCRIPTION="Ubuntu 18.04.1 LTS"
uname:Linux 4.15.0-36-generic #39-Ubuntu SMP Mon Sep 24 16:19:09 UTC 2018 x86_64
libc:glibc 2.27 NPTL 2.27 
rlimit: STACK 8192k, CORE 0k, NPROC 22121, NOFILE 4096, AS infinity, DATA infinity, FSIZE infinity
load average:1.41 0.83 0.69

/proc/meminfo:
MemTotal:        5723708 kB
MemFree:          112968 kB
MemAvailable:      49960 kB
Buffers:            1076 kB
Cached:           240588 kB
SwapCached:        40424 kB
Active:          3957460 kB
Inactive:         716844 kB
Active(anon):    3914004 kB
Inactive(anon):   687204 kB
Active(file):      43456 kB
Inactive(file):    29640 kB
Unevictable:        2860 kB
Mlocked:            2860 kB
SwapTotal:        969960 kB
SwapFree:              0 kB
Dirty:               320 kB
Writeback:             0 kB
AnonPages:       4396868 kB
Mapped:           232884 kB
Shmem:            168216 kB
Slab:             149304 kB
SReclaimable:      55676 kB
SUnreclaim:        93628 kB
KernelStack:       21888 kB
PageTables:        90444 kB
NFS_Unstable:          0 kB
Bounce:                0 kB
WritebackTmp:          0 kB
CommitLimit:     3831812 kB
Committed_AS:   14792872 kB
VmallocTotal:   34359738367 kB
VmallocUsed:           0 kB
VmallocChunk:          0 kB
HardwareCorrupted:     0 kB
AnonHugePages:         0 kB
ShmemHugePages:        0 kB
ShmemPmdMapped:        0 kB
CmaTotal:              0 kB
CmaFree:               0 kB
HugePages_Total:       0
HugePages_Free:        0
HugePages_Rsvd:        0
HugePages_Surp:        0
Hugepagesize:       2048 kB
DirectMap4k:      509760 kB
DirectMap2M:     5421056 kB
DirectMap1G:           0 kB

container (cgroup) information:
container_type: cgroupv1
cpu_cpuset_cpus: 0-7
cpu_memory_nodes: 0
active_processor_count: 8
cpu_quota: -1
cpu_period: 100000
cpu_shares: -1
memory_limit_in_bytes: -1
memory_and_swap_limit_in_bytes: -2
memory_soft_limit_in_bytes: -1
memory_usage_in_bytes: 4754149376
memory_max_usage_in_bytes: 442261504


CPU:total 8 (initial active 8) (4 cores per cpu, 1 threads per core) family 6 model 94 stepping 3, cmov, cx8, fxsr, mmx, sse, sse2, sse3, ssse3, sse4.1, sse4.2, popcnt, avx, avx2, aes, clmul, erms, rtm, 3dnowpref, lzcnt, tsc, tscinvbit, bmi1, bmi2, adx, fma
CPU Model and flags from /proc/cpuinfo:
model name	: Intel(R) Core(TM) i7-6700HQ CPU @ 2.60GHz
flags		: fpu vme de pse tsc msr pae mce cx8 apic sep mtrr pge mca cmov pat pse36 clflush mmx fxsr sse sse2 ss ht syscall nx pdpe1gb rdtscp lm constant_tsc arch_perfmon nopl xtopology tsc_reliable nonstop_tsc cpuid pni pclmulqdq vmx ssse3 fma cx16 pcid sse4_1 sse4_2 x2apic movbe popcnt tsc_deadline_timer aes xsave avx f16c rdrand hypervisor lahf_lm abm 3dnowprefetch cpuid_fault invpcid_single pti ibrs ibpb stibp tpr_shadow vnmi ept vpid fsgsbase tsc_adjust bmi1 hle avx2 smep bmi2 invpcid rtm mpx rdseed adx smap clflushopt xsaveopt xsavec xsaves arat arch_capabilities

Memory: 4k page, physical 5723708k(112720k free), swap 969960k(0k free)

vm_info: OpenJDK 64-Bit Server VM (10.0.2+13-Ubuntu-1ubuntu0.18.04.2) for linux-amd64 JRE (10.0.2+13-Ubuntu-1ubuntu0.18.04.2), built on Aug 24 2018 17:36:24 by "buildd" with gcc 7.3.0

END.
