#
# There is insufficient memory for the Java Runtime Environment to continue.
# Native memory allocation (mmap) failed to map 254803968 bytes for committing reserved memory.
# Possible reasons:
#   The system is out of physical RAM or swap space
#   The process is running with CompressedOops enabled, and the Java Heap may be blocking the growth of the native heap
# Possible solutions:
#   Reduce memory load on the system
#   Increase physical memory or swap space
#   Check if swap backing store is full
#   Decrease Java heap size (-Xmx/-Xms)
#   Decrease number of Java threads
#   Decrease Java thread stack sizes (-Xss)
#   Set larger code cache with -XX:ReservedCodeCacheSize=
#   JVM is running with Unscaled Compressed Oops mode in which the Java heap is
#     placed in the first 4GB address space. The Java Heap base address is the
#     maximum limit for the native heap growth. Please use -XX:HeapBaseMinAddress
#     to set the Java Heap base and to place the Java Heap above 4GB virtual address.
# This output file may be truncated or incomplete.
#
#  Out of Memory Error (os_linux.cpp:2706), pid=12658, tid=12680
#
# JRE version: OpenJDK Runtime Environment (10.0.2+13) (build 10.0.2+13-Ubuntu-1ubuntu0.18.04.4)
# Java VM: OpenJDK 64-Bit Server VM (10.0.2+13-Ubuntu-1ubuntu0.18.04.4, mixed mode, tiered, compressed oops, g1 gc, linux-amd64)
# Core dump will be written. Default location: Core dumps may be processed with "/usr/share/apport/apport %p %s %c %d %P" (or dumping to /home/arslan/Desktop/learnobot/blockly-games/core.12658)
#

---------------  S U M M A R Y ------------

Command Line: third-party/closure-compiler.jar --generate_exports --compilation_level ADVANCED_OPTIMIZATIONS --dependency_mode=STRICT --externs externs/gviz-externs.js --externs externs/interpreter-externs.js --externs externs/prettify-externs.js --externs externs/soundJS-externs.js --externs externs/storage-externs.js --externs appengine/third-party/blockly/externs/svg-externs.js --language_out ECMASCRIPT5_STRICT --entry_point=Energysource --js='appengine/third-party/**.js' --js='!appengine/third-party/blockly/*.js' --js='!appengine/third-party/blockly/tests/**.js' --js='!appengine/third-party/blockly/externs/**.js' --js='!appengine/third-party/blockly/demos/**.js' --js='appengine/generated/en/*.js' --js='appengine/js/*.js' --warning_level QUIET --js='appengine/energysource/generated/en/*.js' --js='appengine/energysource/js/*.js'

Host: Intel(R) Core(TM) i7-6700HQ CPU @ 2.60GHz, 8 cores, 5G, Ubuntu 18.04.1 LTS
Time: Fri Dec 14 00:21:01 2018 PST elapsed time: 6 seconds (0d 0h 0m 6s)

---------------  T H R E A D  ---------------

Current thread (0x00007fe99c165000):  VMThread "VM Thread" [stack: 0x00007fe950dee000,0x00007fe950eee000] [id=12680]

Stack: [0x00007fe950dee000,0x00007fe950eee000],  sp=0x00007fe950eec0a0,  free space=1016k
Native frames: (J=compiled Java code, A=aot compiled Java code, j=interpreted, Vv=VM code, C=native code)
V  [libjvm.so+0xd27ea4]
V  [libjvm.so+0xd28a4b]
V  [libjvm.so+0x64d415]
V  [libjvm.so+0xb2d7c8]
V  [libjvm.so+0xb2601d]
V  [libjvm.so+0x7662ff]
V  [libjvm.so+0x76653e]
V  [libjvm.so+0x769500]
V  [libjvm.so+0x7efa1c]
V  [libjvm.so+0x7f06df]
V  [libjvm.so+0x7f0b59]
V  [libjvm.so+0x7162cf]
V  [libjvm.so+0x71a3ba]
V  [libjvm.so+0xd3a008]
V  [libjvm.so+0xd38871]
V  [libjvm.so+0xd35b3b]
V  [libjvm.so+0xd3715e]
V  [libjvm.so+0xd37588]
V  [libjvm.so+0xb33d40]

VM_Operation (0x00007fe8f7ffdbf0): G1IncCollectionPause, mode: safepoint, requested by thread 0x00007fe99c531800


---------------  P R O C E S S  ---------------

Threads class SMR info:
_java_thread_list=0x00007fe99c530df0, length=12, elements={
0x00007fe99c012000, 0x00007fe99c16f000, 0x00007fe99c171000, 0x00007fe99c17a000,
0x00007fe99c184800, 0x00007fe99c186800, 0x00007fe99c188800, 0x00007fe99c18a800,
0x00007fe99c18c800, 0x00007fe99c251000, 0x00007fe99c261800, 0x00007fe99c531800
}

Java Threads: ( => current thread )
  0x00007fe99c012000 JavaThread "main" [_thread_blocked, id=12659, stack(0x00007fe9a5339000,0x00007fe9a543a000)]
  0x00007fe99c16f000 JavaThread "Reference Handler" daemon [_thread_blocked, id=12681, stack(0x00007fe950ceb000,0x00007fe950dec000)]
  0x00007fe99c171000 JavaThread "Finalizer" daemon [_thread_blocked, id=12682, stack(0x00007fe950bea000,0x00007fe950ceb000)]
  0x00007fe99c17a000 JavaThread "Signal Dispatcher" daemon [_thread_blocked, id=12683, stack(0x00007fe95011a000,0x00007fe95021b000)]
  0x00007fe99c184800 JavaThread "C2 CompilerThread0" daemon [_thread_in_native, id=12684, stack(0x00007fe950019000,0x00007fe95011a000)]
  0x00007fe99c186800 JavaThread "C2 CompilerThread1" daemon [_thread_blocked, id=12685, stack(0x00007fe91beff000,0x00007fe91c000000)]
  0x00007fe99c188800 JavaThread "C2 CompilerThread2" daemon [_thread_in_native, id=12686, stack(0x00007fe91bdfe000,0x00007fe91beff000)]
  0x00007fe99c18a800 JavaThread "C1 CompilerThread3" daemon [_thread_blocked, id=12687, stack(0x00007fe91bcfd000,0x00007fe91bdfe000)]
  0x00007fe99c18c800 JavaThread "Sweeper thread" daemon [_thread_blocked, id=12688, stack(0x00007fe91bbfc000,0x00007fe91bcfd000)]
  0x00007fe99c251000 JavaThread "Service Thread" daemon [_thread_blocked, id=12689, stack(0x00007fe91bafb000,0x00007fe91bbfc000)]
  0x00007fe99c261800 JavaThread "Common-Cleaner" daemon [_thread_blocked, id=12691, stack(0x00007fe91b8f8000,0x00007fe91b9f9000)]
  0x00007fe99c531800 JavaThread "jscompiler" daemon [_thread_blocked, id=12697, stack(0x00007fe8f3fff000,0x00007fe8f8000000)]

Other Threads:
=>0x00007fe99c165000 VMThread "VM Thread" [stack: 0x00007fe950dee000,0x00007fe950eee000] [id=12680]
  0x00007fe99c253000 WatcherThread [stack: 0x00007fe91b9fb000,0x00007fe91bafb000] [id=12690]
  0x00007fe99c029000 GCTaskThread "GC Thread#0" [stack: 0x00007fe9a145e000,0x00007fe9a155e000] [id=12660]
  0x00007fe99c02a800 GCTaskThread "GC Thread#1" [stack: 0x00007fe9a135c000,0x00007fe9a145c000] [id=12661]
  0x00007fe99c02c000 GCTaskThread "GC Thread#2" [stack: 0x00007fe9a125a000,0x00007fe9a135a000] [id=12662]
  0x00007fe99c02e000 GCTaskThread "GC Thread#3" [stack: 0x00007fe9a1158000,0x00007fe9a1258000] [id=12663]
  0x00007fe99c02f800 GCTaskThread "GC Thread#4" [stack: 0x00007fe9a1056000,0x00007fe9a1156000] [id=12664]
  0x00007fe99c031000 GCTaskThread "GC Thread#5" [stack: 0x00007fe9a0f54000,0x00007fe9a1054000] [id=12665]
  0x00007fe99c033000 GCTaskThread "GC Thread#6" [stack: 0x00007fe9a0e52000,0x00007fe9a0f52000] [id=12666]
  0x00007fe99c034800 GCTaskThread "GC Thread#7" [stack: 0x00007fe9a0d50000,0x00007fe9a0e50000] [id=12667]
  0x00007fe99c082000 ConcurrentGCThread "G1 Main Marker" [stack: 0x00007fe9a018b000,0x00007fe9a028b000] [id=12668]
  0x00007fe99c084000 ConcurrentGCThread "G1 Conc#0" [stack: 0x00007fe9a0089000,0x00007fe9a0189000] [id=12669]
  0x00007fe99c085800 ConcurrentGCThread "G1 Conc#1" [stack: 0x00007fe9808ff000,0x00007fe9809ff000] [id=12670]
  0x00007fe99c0cf000 ConcurrentGCThread "G1 Refine#0" [stack: 0x00007fe951f00000,0x00007fe952000000] [id=12671]
  0x00007fe99c0d1000 ConcurrentGCThread "G1 Refine#1" [stack: 0x00007fe951dfe000,0x00007fe951efe000] [id=12672]
  0x00007fe99c0d2800 ConcurrentGCThread "G1 Refine#2" [stack: 0x00007fe951cfc000,0x00007fe951dfc000] [id=12673]
  0x00007fe99c0d4800 ConcurrentGCThread "G1 Refine#3" [stack: 0x00007fe951bfa000,0x00007fe951cfa000] [id=12674]
  0x00007fe99c0d6000 ConcurrentGCThread "G1 Refine#4" [stack: 0x00007fe951af8000,0x00007fe951bf8000] [id=12675]
  0x00007fe99c0d8000 ConcurrentGCThread "G1 Refine#5" [stack: 0x00007fe9519f6000,0x00007fe951af6000] [id=12676]
  0x00007fe99c0d9800 ConcurrentGCThread "G1 Refine#6" [stack: 0x00007fe9518f4000,0x00007fe9519f4000] [id=12677]
  0x00007fe99c0db800 ConcurrentGCThread "G1 Refine#7" [stack: 0x00007fe9517f2000,0x00007fe9518f2000] [id=12678]
  0x00007fe99c0dd000 ConcurrentGCThread "G1 Young RemSet Sampling" [stack: 0x00007fe9516f0000,0x00007fe9517f0000] [id=12679]

Threads with active compile tasks:
C2 CompilerThread02322       4       com.google.javascript.jscomp.parsing.parser.Parser::parseAssignment (150 bytes)
C2 CompilerThread12718       4       com.google.javascript.jscomp.parsing.parser.Parser::parseArguments (119 bytes)
C2 CompilerThread22323       4       com.google.javascript.jscomp.parsing.parser.Parser::parseConditional (71 bytes)

VM state:at safepoint (normal execution)

VM Mutex/Monitor currently owned by a thread:  ([mutex/lock_event])
[0x00007fe99c00e640] Threads_lock - owner thread: 0x00007fe99c165000
[0x00007fe99c00ebe0] Heap_lock - owner thread: 0x00007fe99c531800

Heap address: 0x00000000a8a00000, size: 1398 MB, Compressed Oops mode: 32-bit
Narrow klass base: 0x0000000000000000, Narrow klass shift: 3
Compressed class space size: 1073741824 Address: 0x0000000100000000

Heap:
 garbage-first heap   total 493568K, used 132399K [0x00000000a8a00000, 0x0000000100000000)
  region size 1024K, 8 young (8192K), 8 survivors (8192K)
 Metaspace       used 16565K, capacity 16729K, committed 17024K, reserved 1064960K
  class space    used 1488K, capacity 1554K, committed 1664K, reserved 1048576K
Heap Regions: E=young(eden), S=young(survivor), O=old, HS=humongous(starts), HC=humongous(continues), CS=collection set, F=free, A=archive, TS=gc time stamp, AC=allocation context, TAMS=top-at-mark-start (previous, next)
|   0|0x00000000a8a00000, 0x00000000a8b00000, 0x00000000a8b00000|100%| O|  |TS  0|AC  0|TAMS 0x00000000a8b00000, 0x00000000a8b00000|
|   1|0x00000000a8b00000, 0x00000000a8c00000, 0x00000000a8c00000|100%| O|  |TS  0|AC  0|TAMS 0x00000000a8c00000, 0x00000000a8c00000|
|   2|0x00000000a8c00000, 0x00000000a8d00000, 0x00000000a8d00000|100%| O|  |TS  0|AC  0|TAMS 0x00000000a8d00000, 0x00000000a8d00000|
|   3|0x00000000a8d00000, 0x00000000a8e00000, 0x00000000a8e00000|100%| O|  |TS  0|AC  0|TAMS 0x00000000a8e00000, 0x00000000a8e00000|
|   4|0x00000000a8e00000, 0x00000000a8f00000, 0x00000000a8f00000|100%| O|  |TS  0|AC  0|TAMS 0x00000000a8f00000, 0x00000000a8f00000|
|   5|0x00000000a8f00000, 0x00000000a9000000, 0x00000000a9000000|100%| O|  |TS  0|AC  0|TAMS 0x00000000a9000000, 0x00000000a9000000|
|   6|0x00000000a9000000, 0x00000000a9100000, 0x00000000a9100000|100%| O|  |TS  0|AC  0|TAMS 0x00000000a9100000, 0x00000000a9100000|
|   7|0x00000000a9100000, 0x00000000a9200000, 0x00000000a9200000|100%| O|  |TS  0|AC  0|TAMS 0x00000000a9200000, 0x00000000a9200000|
|   8|0x00000000a9200000, 0x00000000a9300000, 0x00000000a9300000|100%| O|  |TS  0|AC  0|TAMS 0x00000000a9300000, 0x00000000a9300000|
|   9|0x00000000a9300000, 0x00000000a9400000, 0x00000000a9400000|100%| O|  |TS  0|AC  0|TAMS 0x00000000a9400000, 0x00000000a9400000|
|  10|0x00000000a9400000, 0x00000000a9500000, 0x00000000a9500000|100%| O|  |TS  0|AC  0|TAMS 0x00000000a9500000, 0x00000000a9500000|
|  11|0x00000000a9500000, 0x00000000a9600000, 0x00000000a9600000|100%| O|  |TS  0|AC  0|TAMS 0x00000000a9600000, 0x00000000a9600000|
|  12|0x00000000a9600000, 0x00000000a9700000, 0x00000000a9700000|100%| O|  |TS  0|AC  0|TAMS 0x00000000a9700000, 0x00000000a9700000|
|  13|0x00000000a9700000, 0x00000000a9800000, 0x00000000a9800000|100%| O|  |TS  0|AC  0|TAMS 0x00000000a9800000, 0x00000000a9800000|
|  14|0x00000000a9800000, 0x00000000a9900000, 0x00000000a9900000|100%| O|  |TS  0|AC  0|TAMS 0x00000000a9900000, 0x00000000a9900000|
|  15|0x00000000a9900000, 0x00000000a9a00000, 0x00000000a9a00000|100%| O|  |TS  0|AC  0|TAMS 0x00000000a9a00000, 0x00000000a9a00000|
|  16|0x00000000a9a00000, 0x00000000a9b00000, 0x00000000a9b00000|100%| O|  |TS  0|AC  0|TAMS 0x00000000a9b00000, 0x00000000a9b00000|
|  17|0x00000000a9b00000, 0x00000000a9c00000, 0x00000000a9c00000|100%|HS|  |TS  0|AC  0|TAMS 0x00000000a9c00000, 0x00000000a9c00000|
|  18|0x00000000a9c00000, 0x00000000a9d00000, 0x00000000a9d00000|100%| O|  |TS  3|AC  0|TAMS 0x00000000a9c00000, 0x00000000a9d00000|
|  19|0x00000000a9d00000, 0x00000000a9e00000, 0x00000000a9e00000|100%| O|  |TS  0|AC  0|TAMS 0x00000000a9e00000, 0x00000000a9e00000|
|  20|0x00000000a9e00000, 0x00000000a9f00000, 0x00000000a9f00000|100%| O|  |TS  0|AC  0|TAMS 0x00000000a9f00000, 0x00000000a9f00000|
|  21|0x00000000a9f00000, 0x00000000aa000000, 0x00000000aa000000|100%|HS|  |TS  0|AC  0|TAMS 0x00000000aa000000, 0x00000000aa000000|
|  22|0x00000000aa000000, 0x00000000aa100000, 0x00000000aa100000|100%| O|  |TS  3|AC  0|TAMS 0x00000000aa000000, 0x00000000aa100000|
|  23|0x00000000aa100000, 0x00000000aa200000, 0x00000000aa200000|100%| O|  |TS  0|AC  0|TAMS 0x00000000aa200000, 0x00000000aa200000|
|  24|0x00000000aa200000, 0x00000000aa300000, 0x00000000aa300000|100%| O|  |TS  0|AC  0|TAMS 0x00000000aa300000, 0x00000000aa300000|
|  25|0x00000000aa300000, 0x00000000aa400000, 0x00000000aa400000|100%| O|  |TS  0|AC  0|TAMS 0x00000000aa400000, 0x00000000aa400000|
|  26|0x00000000aa400000, 0x00000000aa500000, 0x00000000aa500000|100%| O|  |TS  0|AC  0|TAMS 0x00000000aa500000, 0x00000000aa500000|
|  27|0x00000000aa500000, 0x00000000aa600000, 0x00000000aa600000|100%| O|  |TS  0|AC  0|TAMS 0x00000000aa600000, 0x00000000aa600000|
|  28|0x00000000aa600000, 0x00000000aa700000, 0x00000000aa700000|100%| O|  |TS  0|AC  0|TAMS 0x00000000aa700000, 0x00000000aa700000|
|  29|0x00000000aa700000, 0x00000000aa800000, 0x00000000aa800000|100%| O|  |TS  0|AC  0|TAMS 0x00000000aa800000, 0x00000000aa800000|
|  30|0x00000000aa800000, 0x00000000aa900000, 0x00000000aa900000|100%| O|  |TS  0|AC  0|TAMS 0x00000000aa900000, 0x00000000aa900000|
|  31|0x00000000aa900000, 0x00000000aaa00000, 0x00000000aaa00000|100%| O|  |TS  0|AC  0|TAMS 0x00000000aaa00000, 0x00000000aaa00000|
|  32|0x00000000aaa00000, 0x00000000aab00000, 0x00000000aab00000|100%| O|  |TS  3|AC  0|TAMS 0x00000000aaa00000, 0x00000000aab00000|
|  33|0x00000000aab00000, 0x00000000aac00000, 0x00000000aac00000|100%| O|  |TS  3|AC  0|TAMS 0x00000000aab00000, 0x00000000aac00000|
|  34|0x00000000aac00000, 0x00000000aad00000, 0x00000000aad00000|100%| O|  |TS  3|AC  0|TAMS 0x00000000aac00000, 0x00000000aad00000|
|  35|0x00000000aad00000, 0x00000000aae00000, 0x00000000aae00000|100%| O|  |TS  3|AC  0|TAMS 0x00000000aad00000, 0x00000000aae00000|
|  36|0x00000000aae00000, 0x00000000aaf00000, 0x00000000aaf00000|100%| O|  |TS  0|AC  0|TAMS 0x00000000aaf00000, 0x00000000aaf00000|
|  37|0x00000000aaf00000, 0x00000000ab000000, 0x00000000ab000000|100%| O|  |TS  0|AC  0|TAMS 0x00000000ab000000, 0x00000000ab000000|
|  38|0x00000000ab000000, 0x00000000ab100000, 0x00000000ab100000|100%| O|  |TS  0|AC  0|TAMS 0x00000000ab100000, 0x00000000ab100000|
|  39|0x00000000ab100000, 0x00000000ab200000, 0x00000000ab200000|100%| O|  |TS  0|AC  0|TAMS 0x00000000ab200000, 0x00000000ab200000|
|  40|0x00000000ab200000, 0x00000000ab300000, 0x00000000ab300000|100%| O|  |TS  0|AC  0|TAMS 0x00000000ab300000, 0x00000000ab300000|
|  41|0x00000000ab300000, 0x00000000ab400000, 0x00000000ab400000|100%| O|  |TS  0|AC  0|TAMS 0x00000000ab400000, 0x00000000ab400000|
|  42|0x00000000ab400000, 0x00000000ab500000, 0x00000000ab500000|100%| O|  |TS  0|AC  0|TAMS 0x00000000ab500000, 0x00000000ab500000|
|  43|0x00000000ab500000, 0x00000000ab600000, 0x00000000ab600000|100%| O|  |TS  0|AC  0|TAMS 0x00000000ab600000, 0x00000000ab600000|
|  44|0x00000000ab600000, 0x00000000ab700000, 0x00000000ab700000|100%| O|  |TS  0|AC  0|TAMS 0x00000000ab700000, 0x00000000ab700000|
|  45|0x00000000ab700000, 0x00000000ab800000, 0x00000000ab800000|100%| O|  |TS  0|AC  0|TAMS 0x00000000ab800000, 0x00000000ab800000|
|  46|0x00000000ab800000, 0x00000000ab900000, 0x00000000ab900000|100%| O|  |TS  0|AC  0|TAMS 0x00000000ab900000, 0x00000000ab900000|
|  47|0x00000000ab900000, 0x00000000aba00000, 0x00000000aba00000|100%| O|  |TS  0|AC  0|TAMS 0x00000000aba00000, 0x00000000aba00000|
|  48|0x00000000aba00000, 0x00000000abb00000, 0x00000000abb00000|100%| O|  |TS  0|AC  0|TAMS 0x00000000abb00000, 0x00000000abb00000|
|  49|0x00000000abb00000, 0x00000000abc00000, 0x00000000abc00000|100%| O|  |TS  0|AC  0|TAMS 0x00000000abc00000, 0x00000000abc00000|
|  50|0x00000000abc00000, 0x00000000abd00000, 0x00000000abd00000|100%| O|  |TS  0|AC  0|TAMS 0x00000000abd00000, 0x00000000abd00000|
|  51|0x00000000abd00000, 0x00000000abe00000, 0x00000000abe00000|100%| O|  |TS  0|AC  0|TAMS 0x00000000abe00000, 0x00000000abe00000|
|  52|0x00000000abe00000, 0x00000000abf00000, 0x00000000abf00000|100%| O|  |TS  0|AC  0|TAMS 0x00000000abf00000, 0x00000000abf00000|
|  53|0x00000000abf00000, 0x00000000ac000000, 0x00000000ac000000|100%| O|  |TS  0|AC  0|TAMS 0x00000000ac000000, 0x00000000ac000000|
|  54|0x00000000ac000000, 0x00000000ac100000, 0x00000000ac100000|100%| O|  |TS  0|AC  0|TAMS 0x00000000ac100000, 0x00000000ac100000|
|  55|0x00000000ac100000, 0x00000000ac200000, 0x00000000ac200000|100%| O|  |TS  0|AC  0|TAMS 0x00000000ac200000, 0x00000000ac200000|
|  56|0x00000000ac200000, 0x00000000ac300000, 0x00000000ac300000|100%| O|  |TS  0|AC  0|TAMS 0x00000000ac300000, 0x00000000ac300000|
|  57|0x00000000ac300000, 0x00000000ac400000, 0x00000000ac400000|100%| O|  |TS  0|AC  0|TAMS 0x00000000ac400000, 0x00000000ac400000|
|  58|0x00000000ac400000, 0x00000000ac500000, 0x00000000ac500000|100%| O|  |TS  0|AC  0|TAMS 0x00000000ac500000, 0x00000000ac500000|
|  59|0x00000000ac500000, 0x00000000ac600000, 0x00000000ac600000|100%| O|  |TS  0|AC  0|TAMS 0x00000000ac600000, 0x00000000ac600000|
|  60|0x00000000ac600000, 0x00000000ac700000, 0x00000000ac700000|100%| O|  |TS  0|AC  0|TAMS 0x00000000ac700000, 0x00000000ac700000|
|  61|0x00000000ac700000, 0x00000000ac800000, 0x00000000ac800000|100%| O|  |TS  0|AC  0|TAMS 0x00000000ac800000, 0x00000000ac800000|
|  62|0x00000000ac800000, 0x00000000ac900000, 0x00000000ac900000|100%| O|  |TS  0|AC  0|TAMS 0x00000000ac900000, 0x00000000ac900000|
|  63|0x00000000ac900000, 0x00000000aca00000, 0x00000000aca00000|100%| O|  |TS  0|AC  0|TAMS 0x00000000aca00000, 0x00000000aca00000|
|  64|0x00000000aca00000, 0x00000000acb00000, 0x00000000acb00000|100%| O|  |TS  0|AC  0|TAMS 0x00000000acb00000, 0x00000000acb00000|
|  65|0x00000000acb00000, 0x00000000acc00000, 0x00000000acc00000|100%| O|  |TS  0|AC  0|TAMS 0x00000000acc00000, 0x00000000acc00000|
|  66|0x00000000acc00000, 0x00000000acd00000, 0x00000000acd00000|100%| O|  |TS  0|AC  0|TAMS 0x00000000acd00000, 0x00000000acd00000|
|  67|0x00000000acd00000, 0x00000000ace00000, 0x00000000ace00000|100%| O|  |TS  0|AC  0|TAMS 0x00000000ace00000, 0x00000000ace00000|
|  68|0x00000000ace00000, 0x00000000acf00000, 0x00000000acf00000|100%| O|  |TS  0|AC  0|TAMS 0x00000000acf00000, 0x00000000acf00000|
|  69|0x00000000acf00000, 0x00000000ad000000, 0x00000000ad000000|100%| O|  |TS  0|AC  0|TAMS 0x00000000ad000000, 0x00000000ad000000|
|  70|0x00000000ad000000, 0x00000000ad100000, 0x00000000ad100000|100%| O|  |TS  0|AC  0|TAMS 0x00000000ad100000, 0x00000000ad100000|
|  71|0x00000000ad100000, 0x00000000ad200000, 0x00000000ad200000|100%| O|  |TS  0|AC  0|TAMS 0x00000000ad200000, 0x00000000ad200000|
|  72|0x00000000ad200000, 0x00000000ad300000, 0x00000000ad300000|100%| O|  |TS  0|AC  0|TAMS 0x00000000ad300000, 0x00000000ad300000|
|  73|0x00000000ad300000, 0x00000000ad400000, 0x00000000ad400000|100%| O|  |TS  0|AC  0|TAMS 0x00000000ad400000, 0x00000000ad400000|
|  74|0x00000000ad400000, 0x00000000ad500000, 0x00000000ad500000|100%| O|  |TS  0|AC  0|TAMS 0x00000000ad500000, 0x00000000ad500000|
|  75|0x00000000ad500000, 0x00000000ad600000, 0x00000000ad600000|100%| O|  |TS  0|AC  0|TAMS 0x00000000ad600000, 0x00000000ad600000|
|  76|0x00000000ad600000, 0x00000000ad700000, 0x00000000ad700000|100%| O|  |TS  0|AC  0|TAMS 0x00000000ad700000, 0x00000000ad700000|
|  77|0x00000000ad700000, 0x00000000ad800000, 0x00000000ad800000|100%| O|  |TS  1|AC  0|TAMS 0x00000000ad731a00, 0x00000000ad800000|
|  78|0x00000000ad800000, 0x00000000ad900000, 0x00000000ad900000|100%| O|  |TS  2|AC  0|TAMS 0x00000000ad800000, 0x00000000ad900000|
|  79|0x00000000ad900000, 0x00000000ada00000, 0x00000000ada00000|100%| O|  |TS  1|AC  0|TAMS 0x00000000ad900000, 0x00000000ada00000|
|  80|0x00000000ada00000, 0x00000000adb00000, 0x00000000adb00000|100%| O|  |TS  1|AC  0|TAMS 0x00000000ada00000, 0x00000000adb00000|
|  81|0x00000000adb00000, 0x00000000adc00000, 0x00000000adc00000|100%| O|  |TS  1|AC  0|TAMS 0x00000000adb00000, 0x00000000adc00000|
|  82|0x00000000adc00000, 0x00000000add00000, 0x00000000add00000|100%| O|  |TS  1|AC  0|TAMS 0x00000000adc00000, 0x00000000add00000|
|  83|0x00000000add00000, 0x00000000ade00000, 0x00000000ade00000|100%| O|  |TS  1|AC  0|TAMS 0x00000000add00000, 0x00000000ade00000|
|  84|0x00000000ade00000, 0x00000000adf00000, 0x00000000adf00000|100%| O|  |TS  1|AC  0|TAMS 0x00000000ade00000, 0x00000000adf00000|
|  85|0x00000000adf00000, 0x00000000ae000000, 0x00000000ae000000|100%| O|  |TS  1|AC  0|TAMS 0x00000000adf00000, 0x00000000ae000000|
|  86|0x00000000ae000000, 0x00000000ae100000, 0x00000000ae100000|100%| O|  |TS  1|AC  0|TAMS 0x00000000ae000000, 0x00000000ae100000|
|  87|0x00000000ae100000, 0x00000000ae200000, 0x00000000ae200000|100%| O|  |TS  1|AC  0|TAMS 0x00000000ae100000, 0x00000000ae200000|
|  88|0x00000000ae200000, 0x00000000ae300000, 0x00000000ae300000|100%| O|  |TS  1|AC  0|TAMS 0x00000000ae200000, 0x00000000ae300000|
|  89|0x00000000ae300000, 0x00000000ae400000, 0x00000000ae400000|100%| O|  |TS  1|AC  0|TAMS 0x00000000ae300000, 0x00000000ae400000|
|  90|0x00000000ae400000, 0x00000000ae500000, 0x00000000ae500000|100%| O|  |TS  1|AC  0|TAMS 0x00000000ae400000, 0x00000000ae500000|
|  91|0x00000000ae500000, 0x00000000ae600000, 0x00000000ae600000|100%| O|  |TS  1|AC  0|TAMS 0x00000000ae500000, 0x00000000ae600000|
|  92|0x00000000ae600000, 0x00000000ae700000, 0x00000000ae700000|100%| O|  |TS  2|AC  0|TAMS 0x00000000ae600000, 0x00000000ae700000|
|  93|0x00000000ae700000, 0x00000000ae800000, 0x00000000ae800000|100%| O|  |TS  2|AC  0|TAMS 0x00000000ae700000, 0x00000000ae800000|
|  94|0x00000000ae800000, 0x00000000ae900000, 0x00000000ae900000|100%| O|  |TS  2|AC  0|TAMS 0x00000000ae800000, 0x00000000ae900000|
|  95|0x00000000ae900000, 0x00000000aea00000, 0x00000000aea00000|100%| O|  |TS  2|AC  0|TAMS 0x00000000ae900000, 0x00000000aea00000|
|  96|0x00000000aea00000, 0x00000000aeb00000, 0x00000000aeb00000|100%| O|  |TS  2|AC  0|TAMS 0x00000000aea00000, 0x00000000aeb00000|
|  97|0x00000000aeb00000, 0x00000000aec00000, 0x00000000aec00000|100%| O|  |TS  2|AC  0|TAMS 0x00000000aeb00000, 0x00000000aec00000|
|  98|0x00000000aec00000, 0x00000000aed00000, 0x00000000aed00000|100%| O|  |TS  2|AC  0|TAMS 0x00000000aec00000, 0x00000000aed00000|
|  99|0x00000000aed00000, 0x00000000aee00000, 0x00000000aee00000|100%| O|  |TS  2|AC  0|TAMS 0x00000000aed00000, 0x00000000aee00000|
| 100|0x00000000aee00000, 0x00000000aef00000, 0x00000000aef00000|100%| O|  |TS  2|AC  0|TAMS 0x00000000aee00000, 0x00000000aef00000|
| 101|0x00000000aef00000, 0x00000000af000000, 0x00000000af000000|100%| O|  |TS  2|AC  0|TAMS 0x00000000aef00000, 0x00000000af000000|
| 102|0x00000000af000000, 0x00000000af100000, 0x00000000af100000|100%| O|  |TS  3|AC  0|TAMS 0x00000000af000000, 0x00000000af100000|
| 103|0x00000000af100000, 0x00000000af200000, 0x00000000af200000|100%| O|  |TS  3|AC  0|TAMS 0x00000000af100000, 0x00000000af200000|
| 104|0x00000000af200000, 0x00000000af300000, 0x00000000af300000|100%| O|  |TS  3|AC  0|TAMS 0x00000000af200000, 0x00000000af300000|
| 105|0x00000000af300000, 0x00000000af400000, 0x00000000af400000|100%| O|  |TS  3|AC  0|TAMS 0x00000000af300000, 0x00000000af400000|
| 106|0x00000000af400000, 0x00000000af500000, 0x00000000af500000|100%| O|  |TS  3|AC  0|TAMS 0x00000000af400000, 0x00000000af500000|
| 107|0x00000000af500000, 0x00000000af600000, 0x00000000af600000|100%| O|  |TS  3|AC  0|TAMS 0x00000000af500000, 0x00000000af600000|
| 108|0x00000000af600000, 0x00000000af700000, 0x00000000af700000|100%| O|  |TS  3|AC  0|TAMS 0x00000000af600000, 0x00000000af700000|
| 109|0x00000000af700000, 0x00000000af800000, 0x00000000af800000|100%| O|  |TS  3|AC  0|TAMS 0x00000000af700000, 0x00000000af800000|
| 110|0x00000000af800000, 0x00000000af900000, 0x00000000af900000|100%| O|  |TS  4|AC  0|TAMS 0x00000000af800000, 0x00000000af900000|
| 111|0x00000000af900000, 0x00000000afa00000, 0x00000000afa00000|100%| O|  |TS  4|AC  0|TAMS 0x00000000af900000, 0x00000000afa00000|
| 112|0x00000000afa00000, 0x00000000afb00000, 0x00000000afb00000|100%| O|  |TS  4|AC  0|TAMS 0x00000000afa00000, 0x00000000afb00000|
| 113|0x00000000afb00000, 0x00000000afc00000, 0x00000000afc00000|100%| O|  |TS  4|AC  0|TAMS 0x00000000afb00000, 0x00000000afc00000|
| 114|0x00000000afc00000, 0x00000000afd00000, 0x00000000afd00000|100%| O|  |TS  4|AC  0|TAMS 0x00000000afc00000, 0x00000000afd00000|
| 115|0x00000000afd00000, 0x00000000afe00000, 0x00000000afe00000|100%| O|  |TS  4|AC  0|TAMS 0x00000000afd00000, 0x00000000afe00000|
| 116|0x00000000afe00000, 0x00000000aff00000, 0x00000000aff00000|100%| O|  |TS  4|AC  0|TAMS 0x00000000afe00000, 0x00000000aff00000|
| 117|0x00000000aff00000, 0x00000000b0000000, 0x00000000b0000000|100%| O|  |TS  4|AC  0|TAMS 0x00000000aff00000, 0x00000000b0000000|
| 118|0x00000000b0000000, 0x00000000b0100000, 0x00000000b0100000|100%| O|  |TS  4|AC  0|TAMS 0x00000000b0000000, 0x00000000b0100000|
| 119|0x00000000b0100000, 0x00000000b0200000, 0x00000000b0200000|100%| O|  |TS  4|AC  0|TAMS 0x00000000b0100000, 0x00000000b0200000|
| 120|0x00000000b0200000, 0x00000000b0300000, 0x00000000b0300000|100%| O|  |TS  4|AC  0|TAMS 0x00000000b0200000, 0x00000000b0300000|
| 121|0x00000000b0300000, 0x00000000b034bc00, 0x00000000b0400000| 29%| O|  |TS  4|AC  0|TAMS 0x00000000b0300000, 0x00000000b034bc00|
| 122|0x00000000b0400000, 0x00000000b0400000, 0x00000000b0500000|  0%| F|  |TS  0|AC  0|TAMS 0x00000000b0400000, 0x00000000b0400000|
| 123|0x00000000b0500000, 0x00000000b0500000, 0x00000000b0600000|  0%| F|  |TS  0|AC  0|TAMS 0x00000000b0500000, 0x00000000b0500000|
| 124|0x00000000b0600000, 0x00000000b0600000, 0x00000000b0700000|  0%| F|  |TS  0|AC  0|TAMS 0x00000000b0600000, 0x00000000b0600000|
| 125|0x00000000b0700000, 0x00000000b0700000, 0x00000000b0800000|  0%| F|  |TS  0|AC  0|TAMS 0x00000000b0700000, 0x00000000b0700000|
| 126|0x00000000b0800000, 0x00000000b0800000, 0x00000000b0900000|  0%| F|  |TS  0|AC  0|TAMS 0x00000000b0800000, 0x00000000b0800000|
| 127|0x00000000b0900000, 0x00000000b0900000, 0x00000000b0a00000|  0%| F|  |TS  0|AC  0|TAMS 0x00000000b0900000, 0x00000000b0900000|
| 128|0x00000000b0a00000, 0x00000000b0a00000, 0x00000000b0b00000|  0%| F|  |TS  0|AC  0|TAMS 0x00000000b0a00000, 0x00000000b0a00000|
| 129|0x00000000b0b00000, 0x00000000b0b00000, 0x00000000b0c00000|  0%| F|  |TS  0|AC  0|TAMS 0x00000000b0b00000, 0x00000000b0b00000|
| 130|0x00000000b0c00000, 0x00000000b0c00000, 0x00000000b0d00000|  0%| F|  |TS  0|AC  0|TAMS 0x00000000b0c00000, 0x00000000b0c00000|
| 131|0x00000000b0d00000, 0x00000000b0d00000, 0x00000000b0e00000|  0%| F|  |TS  0|AC  0|TAMS 0x00000000b0d00000, 0x00000000b0d00000|
| 132|0x00000000b0e00000, 0x00000000b0e00000, 0x00000000b0f00000|  0%| F|  |TS  0|AC  0|TAMS 0x00000000b0e00000, 0x00000000b0e00000|
| 133|0x00000000b0f00000, 0x00000000b0f00000, 0x00000000b1000000|  0%| F|  |TS  0|AC  0|TAMS 0x00000000b0f00000, 0x00000000b0f00000|
| 134|0x00000000b1000000, 0x00000000b1000000, 0x00000000b1100000|  0%| F|  |TS  0|AC  0|TAMS 0x00000000b1000000, 0x00000000b1000000|
| 135|0x00000000b1100000, 0x00000000b1100000, 0x00000000b1200000|  0%| F|  |TS  0|AC  0|TAMS 0x00000000b1100000, 0x00000000b1100000|
| 136|0x00000000b1200000, 0x00000000b1200000, 0x00000000b1300000|  0%| F|  |TS  0|AC  0|TAMS 0x00000000b1200000, 0x00000000b1200000|
| 137|0x00000000b1300000, 0x00000000b1300000, 0x00000000b1400000|  0%| F|  |TS  0|AC  0|TAMS 0x00000000b1300000, 0x00000000b1300000|
| 138|0x00000000b1400000, 0x00000000b1400000, 0x00000000b1500000|  0%| F|  |TS  0|AC  0|TAMS 0x00000000b1400000, 0x00000000b1400000|
| 139|0x00000000b1500000, 0x00000000b1500000, 0x00000000b1600000|  0%| F|  |TS  0|AC  0|TAMS 0x00000000b1500000, 0x00000000b1500000|
| 140|0x00000000b1600000, 0x00000000b1600000, 0x00000000b1700000|  0%| F|  |TS  0|AC  0|TAMS 0x00000000b1600000, 0x00000000b1600000|
| 141|0x00000000b1700000, 0x00000000b1700000, 0x00000000b1800000|  0%| F|  |TS  0|AC  0|TAMS 0x00000000b1700000, 0x00000000b1700000|
| 142|0x00000000b1800000, 0x00000000b1800000, 0x00000000b1900000|  0%| F|  |TS  0|AC  0|TAMS 0x00000000b1800000, 0x00000000b1800000|
| 143|0x00000000b1900000, 0x00000000b1900000, 0x00000000b1a00000|  0%| F|  |TS  0|AC  0|TAMS 0x00000000b1900000, 0x00000000b1900000|
| 144|0x00000000b1a00000, 0x00000000b1a00000, 0x00000000b1b00000|  0%| F|  |TS  0|AC  0|TAMS 0x00000000b1a00000, 0x00000000b1a00000|
| 145|0x00000000b1b00000, 0x00000000b1b00000, 0x00000000b1c00000|  0%| F|  |TS  0|AC  0|TAMS 0x00000000b1b00000, 0x00000000b1b00000|
| 146|0x00000000b1c00000, 0x00000000b1c00000, 0x00000000b1d00000|  0%| F|  |TS  0|AC  0|TAMS 0x00000000b1c00000, 0x00000000b1c00000|
| 147|0x00000000b1d00000, 0x00000000b1d00000, 0x00000000b1e00000|  0%| F|  |TS  0|AC  0|TAMS 0x00000000b1d00000, 0x00000000b1d00000|
| 148|0x00000000b1e00000, 0x00000000b1e00000, 0x00000000b1f00000|  0%| F|  |TS  0|AC  0|TAMS 0x00000000b1e00000, 0x00000000b1e00000|
| 149|0x00000000b1f00000, 0x00000000b1f00000, 0x00000000b2000000|  0%| F|  |TS  0|AC  0|TAMS 0x00000000b1f00000, 0x00000000b1f00000|
| 150|0x00000000b2000000, 0x00000000b2000000, 0x00000000b2100000|  0%| F|  |TS  0|AC  0|TAMS 0x00000000b2000000, 0x00000000b2000000|
| 151|0x00000000b2100000, 0x00000000b2100000, 0x00000000b2200000|  0%| F|  |TS  0|AC  0|TAMS 0x00000000b2100000, 0x00000000b2100000|
| 152|0x00000000b2200000, 0x00000000b2200000, 0x00000000b2300000|  0%| F|  |TS  0|AC  0|TAMS 0x00000000b2200000, 0x00000000b2200000|
| 153|0x00000000b2300000, 0x00000000b2300000, 0x00000000b2400000|  0%| F|  |TS  0|AC  0|TAMS 0x00000000b2300000, 0x00000000b2300000|
| 154|0x00000000b2400000, 0x00000000b2400000, 0x00000000b2500000|  0%| F|  |TS  0|AC  0|TAMS 0x00000000b2400000, 0x00000000b2400000|
| 155|0x00000000b2500000, 0x00000000b2500000, 0x00000000b2600000|  0%| F|  |TS  0|AC  0|TAMS 0x00000000b2500000, 0x00000000b2500000|
| 156|0x00000000b2600000, 0x00000000b2600000, 0x00000000b2700000|  0%| F|  |TS  0|AC  0|TAMS 0x00000000b2600000, 0x00000000b2600000|
| 157|0x00000000b2700000, 0x00000000b2700000, 0x00000000b2800000|  0%| F|  |TS  0|AC  0|TAMS 0x00000000b2700000, 0x00000000b2700000|
| 158|0x00000000b2800000, 0x00000000b2800000, 0x00000000b2900000|  0%| F|  |TS  0|AC  0|TAMS 0x00000000b2800000, 0x00000000b2800000|
| 159|0x00000000b2900000, 0x00000000b2900000, 0x00000000b2a00000|  0%| F|  |TS  0|AC  0|TAMS 0x00000000b2900000, 0x00000000b2900000|
| 160|0x00000000b2a00000, 0x00000000b2a00000, 0x00000000b2b00000|  0%| F|  |TS  0|AC  0|TAMS 0x00000000b2a00000, 0x00000000b2a00000|
| 161|0x00000000b2b00000, 0x00000000b2b00000, 0x00000000b2c00000|  0%| F|  |TS  0|AC  0|TAMS 0x00000000b2b00000, 0x00000000b2b00000|
| 162|0x00000000b2c00000, 0x00000000b2c00000, 0x00000000b2d00000|  0%| F|  |TS  0|AC  0|TAMS 0x00000000b2c00000, 0x00000000b2c00000|
| 163|0x00000000b2d00000, 0x00000000b2d00000, 0x00000000b2e00000|  0%| F|  |TS  0|AC  0|TAMS 0x00000000b2d00000, 0x00000000b2d00000|
| 164|0x00000000b2e00000, 0x00000000b2e00000, 0x00000000b2f00000|  0%| F|  |TS  4|AC  0|TAMS 0x00000000b2e00000, 0x00000000b2e00000|
| 165|0x00000000b2f00000, 0x00000000b2f00000, 0x00000000b3000000|  0%| F|  |TS  4|AC  0|TAMS 0x00000000b2f00000, 0x00000000b2f00000|
| 166|0x00000000b3000000, 0x00000000b3000000, 0x00000000b3100000|  0%| F|  |TS  4|AC  0|TAMS 0x00000000b3000000, 0x00000000b3000000|
| 167|0x00000000b3100000, 0x00000000b3100000, 0x00000000b3200000|  0%| F|  |TS  4|AC  0|TAMS 0x00000000b3100000, 0x00000000b3100000|
| 168|0x00000000b3200000, 0x00000000b3200000, 0x00000000b3300000|  0%| F|  |TS  4|AC  0|TAMS 0x00000000b3200000, 0x00000000b3200000|
| 169|0x00000000b3300000, 0x00000000b3300000, 0x00000000b3400000|  0%| F|  |TS  4|AC  0|TAMS 0x00000000b3300000, 0x00000000b3300000|
| 170|0x00000000b3400000, 0x00000000b3400000, 0x00000000b3500000|  0%| F|  |TS  4|AC  0|TAMS 0x00000000b3400000, 0x00000000b3400000|
| 171|0x00000000b3500000, 0x00000000b3500000, 0x00000000b3600000|  0%| F|  |TS  4|AC  0|TAMS 0x00000000b3500000, 0x00000000b3500000|
| 172|0x00000000b3600000, 0x00000000b3600000, 0x00000000b3700000|  0%| F|  |TS  4|AC  0|TAMS 0x00000000b3600000, 0x00000000b3600000|
| 173|0x00000000b3700000, 0x00000000b3700000, 0x00000000b3800000|  0%| F|  |TS  3|AC  0|TAMS 0x00000000b3700000, 0x00000000b3700000|
| 174|0x00000000b3800000, 0x00000000b3800000, 0x00000000b3900000|  0%| F|  |TS  3|AC  0|TAMS 0x00000000b3800000, 0x00000000b3800000|
| 175|0x00000000b3900000, 0x00000000b3900000, 0x00000000b3a00000|  0%| F|  |TS  3|AC  0|TAMS 0x00000000b3900000, 0x00000000b3900000|
| 176|0x00000000b3a00000, 0x00000000b3a00000, 0x00000000b3b00000|  0%| F|  |TS  3|AC  0|TAMS 0x00000000b3a00000, 0x00000000b3a00000|
| 177|0x00000000b3b00000, 0x00000000b3b00000, 0x00000000b3c00000|  0%| F|  |TS  3|AC  0|TAMS 0x00000000b3b00000, 0x00000000b3b00000|
| 178|0x00000000b3c00000, 0x00000000b3c00000, 0x00000000b3d00000|  0%| F|  |TS  3|AC  0|TAMS 0x00000000b3c00000, 0x00000000b3c00000|
| 179|0x00000000b3d00000, 0x00000000b3d00000, 0x00000000b3e00000|  0%| F|  |TS  3|AC  0|TAMS 0x00000000b3d00000, 0x00000000b3d00000|
| 180|0x00000000b3e00000, 0x00000000b3e00000, 0x00000000b3f00000|  0%| F|  |TS  3|AC  0|TAMS 0x00000000b3e00000, 0x00000000b3e00000|
| 181|0x00000000b3f00000, 0x00000000b3f00000, 0x00000000b4000000|  0%| F|  |TS  3|AC  0|TAMS 0x00000000b3f00000, 0x00000000b3f00000|
| 182|0x00000000b4000000, 0x00000000b4000000, 0x00000000b4100000|  0%| F|  |TS  3|AC  0|TAMS 0x00000000b4000000, 0x00000000b4000000|
| 183|0x00000000b4100000, 0x00000000b4100000, 0x00000000b4200000|  0%| F|  |TS  3|AC  0|TAMS 0x00000000b4100000, 0x00000000b4100000|
| 184|0x00000000b4200000, 0x00000000b4200000, 0x00000000b4300000|  0%| F|  |TS  3|AC  0|TAMS 0x00000000b4200000, 0x00000000b4200000|
| 185|0x00000000b4300000, 0x00000000b4300000, 0x00000000b4400000|  0%| F|  |TS  3|AC  0|TAMS 0x00000000b4300000, 0x00000000b4300000|
| 186|0x00000000b4400000, 0x00000000b4400000, 0x00000000b4500000|  0%| F|  |TS  3|AC  0|TAMS 0x00000000b4400000, 0x00000000b4400000|
| 187|0x00000000b4500000, 0x00000000b4500000, 0x00000000b4600000|  0%| F|  |TS  3|AC  0|TAMS 0x00000000b4500000, 0x00000000b4500000|
| 188|0x00000000b4600000, 0x00000000b4600000, 0x00000000b4700000|  0%| F|  |TS  3|AC  0|TAMS 0x00000000b4600000, 0x00000000b4600000|
| 189|0x00000000b4700000, 0x00000000b4700000, 0x00000000b4800000|  0%| F|  |TS  3|AC  0|TAMS 0x00000000b4700000, 0x00000000b4700000|
| 190|0x00000000b4800000, 0x00000000b4800000, 0x00000000b4900000|  0%| F|  |TS  3|AC  0|TAMS 0x00000000b4800000, 0x00000000b4800000|
| 191|0x00000000b4900000, 0x00000000b4900000, 0x00000000b4a00000|  0%| F|  |TS  3|AC  0|TAMS 0x00000000b4900000, 0x00000000b4900000|
| 192|0x00000000b4a00000, 0x00000000b4a00000, 0x00000000b4b00000|  0%| F|  |TS  3|AC  0|TAMS 0x00000000b4a00000, 0x00000000b4a00000|
| 193|0x00000000b4b00000, 0x00000000b4b00000, 0x00000000b4c00000|  0%| F|  |TS  3|AC  0|TAMS 0x00000000b4b00000, 0x00000000b4b00000|
| 194|0x00000000b4c00000, 0x00000000b4c00000, 0x00000000b4d00000|  0%| F|  |TS  3|AC  0|TAMS 0x00000000b4c00000, 0x00000000b4c00000|
| 195|0x00000000b4d00000, 0x00000000b4d00000, 0x00000000b4e00000|  0%| F|  |TS  3|AC  0|TAMS 0x00000000b4d00000, 0x00000000b4d00000|
| 196|0x00000000b4e00000, 0x00000000b4f00000, 0x00000000b4f00000|100%| S|CS|TS  4|AC  0|TAMS 0x00000000b4e00000, 0x00000000b4e00000|
| 197|0x00000000b4f00000, 0x00000000b5000000, 0x00000000b5000000|100%| S|CS|TS  4|AC  0|TAMS 0x00000000b4f00000, 0x00000000b4f00000|
| 198|0x00000000b5000000, 0x00000000b5100000, 0x00000000b5100000|100%| S|CS|TS  4|AC  0|TAMS 0x00000000b5000000, 0x00000000b5000000|
| 199|0x00000000b5100000, 0x00000000b5200000, 0x00000000b5200000|100%| S|CS|TS  4|AC  0|TAMS 0x00000000b5100000, 0x00000000b5100000|
| 200|0x00000000b5200000, 0x00000000b5300000, 0x00000000b5300000|100%| S|CS|TS  4|AC  0|TAMS 0x00000000b5200000, 0x00000000b5200000|
| 201|0x00000000b5300000, 0x00000000b5400000, 0x00000000b5400000|100%| S|CS|TS  4|AC  0|TAMS 0x00000000b5300000, 0x00000000b5300000|
| 202|0x00000000b5400000, 0x00000000b5500000, 0x00000000b5500000|100%| S|CS|TS  4|AC  0|TAMS 0x00000000b5400000, 0x00000000b5400000|
| 203|0x00000000b5500000, 0x00000000b5600000, 0x00000000b5600000|100%| S|CS|TS  4|AC  0|TAMS 0x00000000b5500000, 0x00000000b5500000|
| 204|0x00000000b5600000, 0x00000000b5600000, 0x00000000b5700000|  0%| F|  |TS  4|AC  0|TAMS 0x00000000b5600000, 0x00000000b5600000|
| 205|0x00000000b5700000, 0x00000000b5700000, 0x00000000b5800000|  0%| F|  |TS  4|AC  0|TAMS 0x00000000b5700000, 0x00000000b5700000|
| 206|0x00000000b5800000, 0x00000000b5800000, 0x00000000b5900000|  0%| F|  |TS  4|AC  0|TAMS 0x00000000b5800000, 0x00000000b5800000|
| 207|0x00000000b5900000, 0x00000000b5900000, 0x00000000b5a00000|  0%| F|  |TS  4|AC  0|TAMS 0x00000000b5900000, 0x00000000b5900000|
| 208|0x00000000b5a00000, 0x00000000b5a00000, 0x00000000b5b00000|  0%| F|  |TS  4|AC  0|TAMS 0x00000000b5a00000, 0x00000000b5a00000|
| 209|0x00000000b5b00000, 0x00000000b5b00000, 0x00000000b5c00000|  0%| F|  |TS  4|AC  0|TAMS 0x00000000b5b00000, 0x00000000b5b00000|
| 210|0x00000000b5c00000, 0x00000000b5c00000, 0x00000000b5d00000|  0%| F|  |TS  4|AC  0|TAMS 0x00000000b5c00000, 0x00000000b5c00000|
| 211|0x00000000b5d00000, 0x00000000b5d00000, 0x00000000b5e00000|  0%| F|  |TS  4|AC  0|TAMS 0x00000000b5d00000, 0x00000000b5d00000|
| 212|0x00000000b5e00000, 0x00000000b5e00000, 0x00000000b5f00000|  0%| F|  |TS  4|AC  0|TAMS 0x00000000b5e00000, 0x00000000b5e00000|
| 213|0x00000000b5f00000, 0x00000000b5f00000, 0x00000000b6000000|  0%| F|  |TS  4|AC  0|TAMS 0x00000000b5f00000, 0x00000000b5f00000|
| 214|0x00000000b6000000, 0x00000000b6000000, 0x00000000b6100000|  0%| F|  |TS  4|AC  0|TAMS 0x00000000b6000000, 0x00000000b6000000|
| 215|0x00000000b6100000, 0x00000000b6100000, 0x00000000b6200000|  0%| F|  |TS  4|AC  0|TAMS 0x00000000b6100000, 0x00000000b6100000|
| 216|0x00000000b6200000, 0x00000000b6200000, 0x00000000b6300000|  0%| F|  |TS  4|AC  0|TAMS 0x00000000b6200000, 0x00000000b6200000|
| 217|0x00000000b6300000, 0x00000000b6300000, 0x00000000b6400000|  0%| F|  |TS  4|AC  0|TAMS 0x00000000b6300000, 0x00000000b6300000|
| 218|0x00000000b6400000, 0x00000000b6400000, 0x00000000b6500000|  0%| F|  |TS  4|AC  0|TAMS 0x00000000b6400000, 0x00000000b6400000|
| 219|0x00000000b6500000, 0x00000000b6500000, 0x00000000b6600000|  0%| F|  |TS  4|AC  0|TAMS 0x00000000b6500000, 0x00000000b6500000|
| 220|0x00000000b6600000, 0x00000000b6600000, 0x00000000b6700000|  0%| F|  |TS  4|AC  0|TAMS 0x00000000b6600000, 0x00000000b6600000|
| 221|0x00000000b6700000, 0x00000000b6700000, 0x00000000b6800000|  0%| F|  |TS  4|AC  0|TAMS 0x00000000b6700000, 0x00000000b6700000|
| 222|0x00000000b6800000, 0x00000000b6800000, 0x00000000b6900000|  0%| F|  |TS  4|AC  0|TAMS 0x00000000b6800000, 0x00000000b6800000|
| 223|0x00000000b6900000, 0x00000000b6900000, 0x00000000b6a00000|  0%| F|  |TS  4|AC  0|TAMS 0x00000000b6900000, 0x00000000b6900000|
| 224|0x00000000b6a00000, 0x00000000b6a00000, 0x00000000b6b00000|  0%| F|  |TS  4|AC  0|TAMS 0x00000000b6a00000, 0x00000000b6a00000|
| 225|0x00000000b6b00000, 0x00000000b6b00000, 0x00000000b6c00000|  0%| F|  |TS  4|AC  0|TAMS 0x00000000b6b00000, 0x00000000b6b00000|
| 226|0x00000000b6c00000, 0x00000000b6c00000, 0x00000000b6d00000|  0%| F|  |TS  4|AC  0|TAMS 0x00000000b6c00000, 0x00000000b6c00000|
| 227|0x00000000b6d00000, 0x00000000b6d00000, 0x00000000b6e00000|  0%| F|  |TS  4|AC  0|TAMS 0x00000000b6d00000, 0x00000000b6d00000|
| 228|0x00000000b6e00000, 0x00000000b6e00000, 0x00000000b6f00000|  0%| F|  |TS  4|AC  0|TAMS 0x00000000b6e00000, 0x00000000b6e00000|
| 229|0x00000000b6f00000, 0x00000000b6f00000, 0x00000000b7000000|  0%| F|  |TS  4|AC  0|TAMS 0x00000000b6f00000, 0x00000000b6f00000|
| 230|0x00000000b7000000, 0x00000000b7000000, 0x00000000b7100000|  0%| F|  |TS  4|AC  0|TAMS 0x00000000b7000000, 0x00000000b7000000|
| 231|0x00000000b7100000, 0x00000000b7100000, 0x00000000b7200000|  0%| F|  |TS  4|AC  0|TAMS 0x00000000b7100000, 0x00000000b7100000|
| 232|0x00000000b7200000, 0x00000000b7200000, 0x00000000b7300000|  0%| F|  |TS  4|AC  0|TAMS 0x00000000b7200000, 0x00000000b7200000|
| 233|0x00000000b7300000, 0x00000000b7300000, 0x00000000b7400000|  0%| F|  |TS  4|AC  0|TAMS 0x00000000b7300000, 0x00000000b7300000|
| 234|0x00000000b7400000, 0x00000000b7400000, 0x00000000b7500000|  0%| F|  |TS  4|AC  0|TAMS 0x00000000b7400000, 0x00000000b7400000|
| 235|0x00000000b7500000, 0x00000000b7500000, 0x00000000b7600000|  0%| F|  |TS  4|AC  0|TAMS 0x00000000b7500000, 0x00000000b7500000|
| 236|0x00000000b7600000, 0x00000000b7600000, 0x00000000b7700000|  0%| F|  |TS  4|AC  0|TAMS 0x00000000b7600000, 0x00000000b7600000|
| 237|0x00000000b7700000, 0x00000000b7700000, 0x00000000b7800000|  0%| F|  |TS  4|AC  0|TAMS 0x00000000b7700000, 0x00000000b7700000|
| 238|0x00000000b7800000, 0x00000000b7800000, 0x00000000b7900000|  0%| F|  |TS  4|AC  0|TAMS 0x00000000b7800000, 0x00000000b7800000|

Card table byte_map: [0x00007fe98386a000,0x00007fe983b25000] byte_map_base: 0x00007fe983325000

Marking Bits (Prev, Next): (CMBitMap*) 0x00007fe99c081578, (CMBitMap*) 0x00007fe99c081540
 Prev Bits: [0x00007fe9809ff000, 0x00007fe981fd7000)
 Next Bits: [0x00007fe981fd7000, 0x00007fe9835af000)

Polling page: 0x00007fe9a544e000

CodeHeap 'non-profiled nmethods': size=120032Kb used=2202Kb max_used=2202Kb free=117829Kb
 bounds [0x00007fe98b5ed000, 0x00007fe98b85d000, 0x00007fe992b25000]
CodeHeap 'profiled nmethods': size=120028Kb used=7051Kb max_used=7051Kb free=112976Kb
 bounds [0x00007fe9840b6000, 0x00007fe9847a6000, 0x00007fe98b5ed000]
CodeHeap 'non-nmethods': size=5700Kb used=1069Kb max_used=1119Kb free=4630Kb
 bounds [0x00007fe983b25000, 0x00007fe983d95000, 0x00007fe9840b6000]
 total_blobs=3700 nmethods=2627 adapters=297
 compilation: enabled

Compilation events (10 events):
Event: 6.479 Thread 0x00007fe99c18a800 2714       2       com.google.javascript.jscomp.parsing.parser.Parser::parseForInStatement (44 bytes)
Event: 6.486 Thread 0x00007fe99c18a800 nmethod 2714 0x00007fe984796590 code [0x00007fe9847968a0, 0x00007fe984797638]
Event: 6.489 Thread 0x00007fe99c18a800 2715       2       com.google.javascript.jscomp.parsing.IRFactory$TransformDispatcher::processSwitchStatement (68 bytes)
Event: 6.490 Thread 0x00007fe99c18a800 nmethod 2715 0x00007fe984797e90 code [0x00007fe9847980c0, 0x00007fe9847985f8]
Event: 6.503 Thread 0x00007fe99c18a800 2716       2       com.google.javascript.jscomp.parsing.parser.FeatureSet::enumSetOf (20 bytes)
Event: 6.504 Thread 0x00007fe99c18a800 nmethod 2716 0x00007fe984798910 code [0x00007fe984798ae0, 0x00007fe984798c88]
Event: 6.579 Thread 0x00007fe99c186800 nmethod 2186 0x00007fe98b805010 code [0x00007fe98b805800, 0x00007fe98b80c470]
Event: 6.580 Thread 0x00007fe99c186800 2717       4       com.google.javascript.jscomp.parsing.parser.Parser::peekParameter (54 bytes)
Event: 6.628 Thread 0x00007fe99c186800 nmethod 2717 0x00007fe98b810c90 code [0x00007fe98b810f40, 0x00007fe98b812a00]
Event: 6.628 Thread 0x00007fe99c186800 2718       4       com.google.javascript.jscomp.parsing.parser.Parser::parseArguments (119 bytes)

GC Heap History (10 events):
Event: 5.299 GC heap after
{Heap after GC invocations=13 (full 0):
 garbage-first heap   total 163840K, used 80649K [0x00000000a8a00000, 0x0000000100000000)
  region size 1024K, 6 young (6144K), 6 survivors (6144K)
 Metaspace       used 16539K, capacity 16729K, committed 17024K, reserved 1064960K
  class space    used 1488K, capacity 1554K, committed 1664K, reserved 1048576K
}
Event: 5.469 GC heap before
{Heap before GC invocations=13 (full 0):
 garbage-first heap   total 163840K, used 121609K [0x00000000a8a00000, 0x0000000100000000)
  region size 1024K, 46 young (47104K), 6 survivors (6144K)
 Metaspace       used 16548K, capacity 16729K, committed 17024K, reserved 1064960K
  class space    used 1488K, capacity 1554K, committed 1664K, reserved 1048576K
}
Event: 5.482 GC heap after
{Heap after GC invocations=14 (full 0):
 garbage-first heap   total 244736K, used 85190K [0x00000000a8a00000, 0x0000000100000000)
  region size 1024K, 6 young (6144K), 6 survivors (6144K)
 Metaspace       used 16548K, capacity 16729K, committed 17024K, reserved 1064960K
  class space    used 1488K, capacity 1554K, committed 1664K, reserved 1048576K
}
Event: 5.983 GC heap before
{Heap before GC invocations=15 (full 0):
 garbage-first heap   total 244736K, used 151750K [0x00000000a8a00000, 0x0000000100000000)
  region size 1024K, 70 young (71680K), 6 survivors (6144K)
 Metaspace       used 16548K, capacity 16729K, committed 17024K, reserved 1064960K
  class space    used 1488K, capacity 1554K, committed 1664K, reserved 1048576K
}
Event: 6.045 GC heap after
{Heap after GC invocations=16 (full 0):
 garbage-first heap   total 244736K, used 102501K [0x00000000a8a00000, 0x0000000100000000)
  region size 1024K, 9 young (9216K), 9 survivors (9216K)
 Metaspace       used 16548K, capacity 16729K, committed 17024K, reserved 1064960K
  class space    used 1488K, capacity 1554K, committed 1664K, reserved 1048576K
}
Event: 6.058 GC heap before
{Heap before GC invocations=16 (full 0):
 garbage-first heap   total 244736K, used 104549K [0x00000000a8a00000, 0x0000000100000000)
  region size 1024K, 11 young (11264K), 9 survivors (9216K)
 Metaspace       used 16548K, capacity 16729K, committed 17024K, reserved 1064960K
  class space    used 1488K, capacity 1554K, committed 1664K, reserved 1048576K
}
Event: 6.100 GC heap after
{Heap after GC invocations=17 (full 0):
 garbage-first heap   total 244736K, used 100187K [0x00000000a8a00000, 0x0000000100000000)
  region size 1024K, 2 young (2048K), 2 survivors (2048K)
 Metaspace       used 16548K, capacity 16729K, committed 17024K, reserved 1064960K
  class space    used 1488K, capacity 1554K, committed 1664K, reserved 1048576K
}
Event: 6.428 GC heap before
{Heap before GC invocations=17 (full 0):
 garbage-first heap   total 244736K, used 165723K [0x00000000a8a00000, 0x0000000100000000)
  region size 1024K, 66 young (67584K), 2 survivors (2048K)
 Metaspace       used 16565K, capacity 16729K, committed 17024K, reserved 1064960K
  class space    used 1488K, capacity 1554K, committed 1664K, reserved 1048576K
}
Event: 6.459 GC heap after
{Heap after GC invocations=18 (full 0):
 garbage-first heap   total 244736K, used 121856K [0x00000000a8a00000, 0x0000000100000000)
  region size 1024K, 9 young (9216K), 9 survivors (9216K)
 Metaspace       used 16565K, capacity 16729K, committed 17024K, reserved 1064960K
  class space    used 1488K, capacity 1554K, committed 1664K, reserved 1048576K
}
Event: 6.630 GC heap before
{Heap before GC invocations=18 (full 0):
 garbage-first heap   total 244736K, used 156672K [0x00000000a8a00000, 0x0000000100000000)
  region size 1024K, 44 young (45056K), 9 survivors (9216K)
 Metaspace       used 16565K, capacity 16729K, committed 17024K, reserved 1064960K
  class space    used 1488K, capacity 1554K, committed 1664K, reserved 1048576K
}

Deoptimization events (10 events):
Event: 2.951 Thread 0x00007fe99c531800 Uncommon trap: reason=unstable_if action=reinterpret pc=0x00007fe98b6a61b8 method=com.google.javascript.rhino.Node.mergeLineCharNo(II)I @ 15 c2
Event: 2.951 Thread 0x00007fe99c531800 Uncommon trap: reason=unstable_if action=reinterpret pc=0x00007fe98b68f894 method=com.google.javascript.rhino.Node.mergeLineCharNo(II)I @ 15 c2
Event: 3.000 Thread 0x00007fe99c531800 Uncommon trap: reason=unstable_if action=reinterpret pc=0x00007fe98b6c45e8 method=com.google.javascript.rhino.Node.mergeLineCharNo(II)I @ 15 c2
Event: 3.001 Thread 0x00007fe99c531800 Uncommon trap: reason=unstable_if action=reinterpret pc=0x00007fe98b6ed5c4 method=com.google.javascript.rhino.Node.mergeLineCharNo(II)I @ 15 c2
Event: 3.031 Thread 0x00007fe99c531800 Uncommon trap: reason=unstable_if action=reinterpret pc=0x00007fe98b6f129c method=com.google.javascript.jscomp.parsing.IRFactory$TransformDispatcher.processBlock(Lcom/google/javascript/jscomp/parsing/parser/trees/BlockTree;)Lcom/google/javascript/rhino/No
Event: 3.108 Thread 0x00007fe99c531800 Uncommon trap: reason=unstable_if action=reinterpret pc=0x00007fe98b69d7d8 method=com.google.javascript.jscomp.parsing.parser.LineNumberTable.computeLineStartOffsets(Ljava/lang/String;)[I @ 53 c2
Event: 3.108 Thread 0x00007fe99c531800 Uncommon trap: reason=unstable_if action=reinterpret pc=0x00007fe98b6919a8 method=com.google.javascript.jscomp.parsing.parser.LineNumberTable.computeLineStartOffsets(Ljava/lang/String;)[I @ 53 c2
Event: 3.327 Thread 0x00007fe99c531800 Uncommon trap: reason=unstable_if action=reinterpret pc=0x00007fe98b703ec0 method=com.google.javascript.rhino.Node.isCatch()Z @ 7 c2
Event: 3.528 Thread 0x00007fe99c531800 Uncommon trap: reason=unstable_if action=reinterpret pc=0x00007fe98b6ff958 method=com.google.javascript.jscomp.parsing.parser.Scanner.isIdentifierPart(C)Z @ 91 c2
Event: 4.022 Thread 0x00007fe99c531800 Uncommon trap: reason=unstable_if action=reinterpret pc=0x00007fe98b6664b0 method=java.lang.AbstractStringBuilder.isLatin1()Z @ 10 c2

Classes redefined (0 events):
No events

Internal exceptions (10 events):
Event: 1.641 Thread 0x00007fe99c012000 Exception <a 'java/lang/NoSuchMethodError'{0x00000000add1ed38}: java.lang.invoke.Invokers$Holder.invoke_MT(Ljava/lang/Object;Ljava/lang/Object;Ljava/lang/Object;Ljava/lang/Object;Ljava/lang/Object;Ljava/lang/Object;Ljava/lang/Object;Ljava/lang/Object;Ljav
Event: 1.643 Thread 0x00007fe99c012000 Exception <a 'java/lang/NoSuchMethodError'{0x00000000add2ae30}: java.lang.invoke.DirectMethodHandle$Holder.invokeSpecial(Ljava/lang/Object;Ljava/lang/Object;Ljava/lang/Object;)I> (0x00000000add2ae30) thrown at [/build/openjdk-lts-Ae5PRQ/openjdk-lts-10.0.2
Event: 1.644 Thread 0x00007fe99c012000 Exception <a 'java/lang/NoSuchMethodError'{0x00000000add30a18}: method resolution failed> (0x00000000add30a18) thrown at [/build/openjdk-lts-Ae5PRQ/openjdk-lts-10.0.2+13/src/hotspot/share/prims/methodHandles.cpp, line 1226]
Event: 1.644 Thread 0x00007fe99c012000 Exception <a 'java/lang/NoSuchMethodError'{0x00000000add33db0}: java.lang.Object.lambda$thenComparing$36697e65$1(Ljava/util/Comparator;Ljava/lang/Object;Ljava/lang/Object;)I> (0x00000000add33db0) thrown at [/build/openjdk-lts-Ae5PRQ/openjdk-lts-10.0.2+13/
Event: 1.759 Thread 0x00007fe99c012000 Exception <a 'java/lang/NoSuchMethodError'{0x00000000adacea68}: java.lang.invoke.DirectMethodHandle$Holder.invokeStaticInit(Ljava/lang/Object;Ljava/lang/Object;)I> (0x00000000adacea68) thrown at [/build/openjdk-lts-Ae5PRQ/openjdk-lts-10.0.2+13/src/hotspot
Event: 1.912 Thread 0x00007fe99c531800 Implicit null exception at 0x00007fe98b62675a to 0x00007fe98b626852
Event: 1.922 Thread 0x00007fe99c531800 Implicit null exception at 0x00007fe98b64854f to 0x00007fe98b64864a
Event: 2.616 Thread 0x00007fe99c531800 Implicit null exception at 0x00007fe98b62f237 to 0x00007fe98b62f6b2
Event: 2.617 Thread 0x00007fe99c531800 Implicit null exception at 0x00007fe98b62ff31 to 0x00007fe98b6300f2
Event: 2.627 Thread 0x00007fe99c531800 Implicit null exception at 0x00007fe98b63f06e to 0x00007fe98b63f156

Events (10 events):
Event: 5.951 Thread 0x00007fe99c531800 DEOPT UNPACKING pc=0x00007fe983b4cdba sp=0x00007fe8f7ff32d8 mode 0
Event: 5.983 Executing VM operation: G1IncCollectionPause
Event: 6.045 Executing VM operation: G1IncCollectionPause done
Event: 6.058 Executing VM operation: G1IncCollectionPause
Event: 6.101 Executing VM operation: G1IncCollectionPause done
Event: 6.428 Executing VM operation: G1IncCollectionPause
Event: 6.459 Executing VM operation: G1IncCollectionPause done
Event: 6.586 Thread 0x00007fe99c531800 DEOPT PACKING pc=0x00007fe984756743 sp=0x00007fe8f7ffbcd0
Event: 6.586 Thread 0x00007fe99c531800 DEOPT UNPACKING pc=0x00007fe983b4cdba sp=0x00007fe8f7ffb1e8 mode 0
Event: 6.630 Executing VM operation: G1IncCollectionPause


Dynamic libraries:
a8a00000-b7900000 rw-p 00000000 00:00 0 
c6c00000-100000000 ---p 00000000 00:00 0 
100000000-1001a0000 rw-p 00000000 00:00 0 
1001a0000-140000000 ---p 00000000 00:00 0 
564bc1768000-564bc1769000 r-xp 00000000 08:01 921458                     /usr/lib/jvm/java-11-openjdk-amd64/bin/java
564bc1969000-564bc196a000 r--p 00001000 08:01 921458                     /usr/lib/jvm/java-11-openjdk-amd64/bin/java
564bc196a000-564bc196b000 rw-p 00002000 08:01 921458                     /usr/lib/jvm/java-11-openjdk-amd64/bin/java
564bc3892000-564bc38b3000 rw-p 00000000 00:00 0                          [heap]
7fe8ec000000-7fe8ec188000 rw-p 00000000 00:00 0 
7fe8ec188000-7fe8f0000000 ---p 00000000 00:00 0 
7fe8f3fff000-7fe8f4003000 ---p 00000000 00:00 0 
7fe8f4003000-7fe8f8000000 rw-p 00000000 00:00 0 
7fe8f8000000-7fe8f8021000 rw-p 00000000 00:00 0 
7fe8f8021000-7fe8fc000000 ---p 00000000 00:00 0 
7fe8fc000000-7fe8fc021000 rw-p 00000000 00:00 0 
7fe8fc021000-7fe900000000 ---p 00000000 00:00 0 
7fe900000000-7fe900021000 rw-p 00000000 00:00 0 
7fe900021000-7fe904000000 ---p 00000000 00:00 0 
7fe904000000-7fe904021000 rw-p 00000000 00:00 0 
7fe904021000-7fe908000000 ---p 00000000 00:00 0 
7fe908000000-7fe9094ad000 rw-p 00000000 00:00 0 
7fe9094ad000-7fe90c000000 ---p 00000000 00:00 0 
7fe90c000000-7fe90c9f8000 rw-p 00000000 00:00 0 
7fe90c9f8000-7fe910000000 ---p 00000000 00:00 0 
7fe910000000-7fe911a32000 rw-p 00000000 00:00 0 
7fe911a32000-7fe914000000 ---p 00000000 00:00 0 
7fe914000000-7fe91587c000 rw-p 00000000 00:00 0 
7fe91587c000-7fe918000000 ---p 00000000 00:00 0 
7fe91acce000-7fe91adce000 rw-p 00000000 00:00 0 
7fe91adce000-7fe91aece000 ---p 00000000 00:00 0 
7fe91aece000-7fe91b0ce000 rw-p 00000000 00:00 0 
7fe91b0ce000-7fe91b2ce000 rw-p 00000000 00:00 0 
7fe91b2ce000-7fe91b4ce000 rw-p 00000000 00:00 0 
7fe91b4ce000-7fe91b4e5000 r-xp 00000000 08:01 953209                     /usr/lib/jvm/java-11-openjdk-amd64/lib/libnet.so
7fe91b4e5000-7fe91b6e4000 ---p 00017000 08:01 953209                     /usr/lib/jvm/java-11-openjdk-amd64/lib/libnet.so
7fe91b6e4000-7fe91b6e5000 r--p 00016000 08:01 953209                     /usr/lib/jvm/java-11-openjdk-amd64/lib/libnet.so
7fe91b6e5000-7fe91b6e6000 rw-p 00017000 08:01 953209                     /usr/lib/jvm/java-11-openjdk-amd64/lib/libnet.so
7fe91b6e6000-7fe91b6f7000 r-xp 00000000 08:01 953211                     /usr/lib/jvm/java-11-openjdk-amd64/lib/libnio.so
7fe91b6f7000-7fe91b8f6000 ---p 00011000 08:01 953211                     /usr/lib/jvm/java-11-openjdk-amd64/lib/libnio.so
7fe91b8f6000-7fe91b8f7000 r--p 00010000 08:01 953211                     /usr/lib/jvm/java-11-openjdk-amd64/lib/libnio.so
7fe91b8f7000-7fe91b8f8000 rw-p 00011000 08:01 953211                     /usr/lib/jvm/java-11-openjdk-amd64/lib/libnio.so
7fe91b8f8000-7fe91b8fc000 ---p 00000000 00:00 0 
7fe91b8fc000-7fe91b9f9000 rw-p 00000000 00:00 0 
7fe91b9f9000-7fe91b9fa000 ---p 00000000 00:00 0 
7fe91b9fa000-7fe91bafb000 rw-p 00000000 00:00 0 
7fe91bafb000-7fe91baff000 ---p 00000000 00:00 0 
7fe91baff000-7fe91bbfc000 rw-p 00000000 00:00 0 
7fe91bbfc000-7fe91bc00000 ---p 00000000 00:00 0 
7fe91bc00000-7fe91bcfd000 rw-p 00000000 00:00 0 
7fe91bcfd000-7fe91bd01000 ---p 00000000 00:00 0 
7fe91bd01000-7fe91bdfe000 rw-p 00000000 00:00 0 
7fe91bdfe000-7fe91be02000 ---p 00000000 00:00 0 
7fe91be02000-7fe91beff000 rw-p 00000000 00:00 0 
7fe91beff000-7fe91bf03000 ---p 00000000 00:00 0 
7fe91bf03000-7fe91c000000 rw-p 00000000 00:00 0 
7fe91c000000-7fe91c021000 rw-p 00000000 00:00 0 
7fe91c021000-7fe920000000 ---p 00000000 00:00 0 
7fe920000000-7fe920021000 rw-p 00000000 00:00 0 
7fe920021000-7fe924000000 ---p 00000000 00:00 0 
7fe924000000-7fe924087000 rw-p 00000000 00:00 0 
7fe924087000-7fe928000000 ---p 00000000 00:00 0 
7fe928000000-7fe928021000 rw-p 00000000 00:00 0 
7fe928021000-7fe92c000000 ---p 00000000 00:00 0 
7fe92c000000-7fe92c021000 rw-p 00000000 00:00 0 
7fe92c021000-7fe930000000 ---p 00000000 00:00 0 
7fe930000000-7fe930021000 rw-p 00000000 00:00 0 
7fe930021000-7fe934000000 ---p 00000000 00:00 0 
7fe934000000-7fe934021000 rw-p 00000000 00:00 0 
7fe934021000-7fe938000000 ---p 00000000 00:00 0 
7fe938000000-7fe938021000 rw-p 00000000 00:00 0 
7fe938021000-7fe93c000000 ---p 00000000 00:00 0 
7fe93c000000-7fe93c021000 rw-p 00000000 00:00 0 
7fe93c021000-7fe940000000 ---p 00000000 00:00 0 
7fe940000000-7fe940021000 rw-p 00000000 00:00 0 
7fe940021000-7fe944000000 ---p 00000000 00:00 0 
7fe944000000-7fe944021000 rw-p 00000000 00:00 0 
7fe944021000-7fe948000000 ---p 00000000 00:00 0 
7fe948000000-7fe948021000 rw-p 00000000 00:00 0 
7fe948021000-7fe94c000000 ---p 00000000 00:00 0 
7fe94c000000-7fe94c02e000 rw-p 00000000 00:00 0 
7fe94c02e000-7fe950000000 ---p 00000000 00:00 0 
7fe950019000-7fe95001d000 ---p 00000000 00:00 0 
7fe95001d000-7fe95011a000 rw-p 00000000 00:00 0 
7fe95011a000-7fe95011e000 ---p 00000000 00:00 0 
7fe95011e000-7fe95021b000 rw-p 00000000 00:00 0 
7fe95021b000-7fe950bea000 r--p 00000000 08:01 924394                     /usr/lib/locale/locale-archive
7fe950bea000-7fe950bee000 ---p 00000000 00:00 0 
7fe950bee000-7fe950ceb000 rw-p 00000000 00:00 0 
7fe950ceb000-7fe950cef000 ---p 00000000 00:00 0 
7fe950cef000-7fe950dec000 rw-p 00000000 00:00 0 
7fe950dec000-7fe950ded000 ---p 00000000 00:00 0 
7fe950ded000-7fe9516ee000 rw-p 00000000 00:00 0 
7fe9516ee000-7fe9516ef000 ---p 00000000 00:00 0 
7fe9516ef000-7fe9517f0000 rw-p 00000000 00:00 0 
7fe9517f0000-7fe9517f1000 ---p 00000000 00:00 0 
7fe9517f1000-7fe9518f2000 rw-p 00000000 00:00 0 
7fe9518f2000-7fe9518f3000 ---p 00000000 00:00 0 
7fe9518f3000-7fe9519f4000 rw-p 00000000 00:00 0 
7fe9519f4000-7fe9519f5000 ---p 00000000 00:00 0 
7fe9519f5000-7fe951af6000 rw-p 00000000 00:00 0 
7fe951af6000-7fe951af7000 ---p 00000000 00:00 0 
7fe951af7000-7fe951bf8000 rw-p 00000000 00:00 0 
7fe951bf8000-7fe951bf9000 ---p 00000000 00:00 0 
7fe951bf9000-7fe951cfa000 rw-p 00000000 00:00 0 
7fe951cfa000-7fe951cfb000 ---p 00000000 00:00 0 
7fe951cfb000-7fe951dfc000 rw-p 00000000 00:00 0 
7fe951dfc000-7fe951dfd000 ---p 00000000 00:00 0 
7fe951dfd000-7fe951efe000 rw-p 00000000 00:00 0 
7fe951efe000-7fe951eff000 ---p 00000000 00:00 0 
7fe951eff000-7fe954000000 rw-p 00000000 00:00 0 
7fe954000000-7fe954021000 rw-p 00000000 00:00 0 
7fe954021000-7fe958000000 ---p 00000000 00:00 0 
7fe958000000-7fe958021000 rw-p 00000000 00:00 0 
7fe958021000-7fe95c000000 ---p 00000000 00:00 0 
7fe95c000000-7fe95c021000 rw-p 00000000 00:00 0 
7fe95c021000-7fe960000000 ---p 00000000 00:00 0 
7fe960000000-7fe960021000 rw-p 00000000 00:00 0 
7fe960021000-7fe964000000 ---p 00000000 00:00 0 
7fe964000000-7fe964021000 rw-p 00000000 00:00 0 
7fe964021000-7fe968000000 ---p 00000000 00:00 0 
7fe968000000-7fe968021000 rw-p 00000000 00:00 0 
7fe968021000-7fe96c000000 ---p 00000000 00:00 0 
7fe96c000000-7fe96c021000 rw-p 00000000 00:00 0 
7fe96c021000-7fe970000000 ---p 00000000 00:00 0 
7fe970000000-7fe970021000 rw-p 00000000 00:00 0 
7fe970021000-7fe974000000 ---p 00000000 00:00 0 
7fe974000000-7fe974021000 rw-p 00000000 00:00 0 
7fe974021000-7fe978000000 ---p 00000000 00:00 0 
7fe978000000-7fe978021000 rw-p 00000000 00:00 0 
7fe978021000-7fe97c000000 ---p 00000000 00:00 0 
7fe97c000000-7fe97c021000 rw-p 00000000 00:00 0 
7fe97c021000-7fe980000000 ---p 00000000 00:00 0 
7fe9800f5000-7fe9808fd000 rw-p 00000000 00:00 0 
7fe9808fd000-7fe9808fe000 ---p 00000000 00:00 0 
7fe9808fe000-7fe980dbb000 rw-p 00000000 00:00 0 
7fe980dbb000-7fe981fd7000 ---p 00000000 00:00 0 
7fe981fd7000-7fe982393000 rw-p 00000000 00:00 0 
7fe982393000-7fe9835af000 ---p 00000000 00:00 0 
7fe9835af000-7fe983627000 rw-p 00000000 00:00 0 
7fe983627000-7fe98386a000 ---p 00000000 00:00 0 
7fe98386a000-7fe9838e2000 rw-p 00000000 00:00 0 
7fe9838e2000-7fe983b25000 ---p 00000000 00:00 0 
7fe983b25000-7fe983d95000 rwxp 00000000 00:00 0 
7fe983d95000-7fe9840b6000 ---p 00000000 00:00 0 
7fe9840b6000-7fe9847a6000 rwxp 00000000 00:00 0 
7fe9847a6000-7fe98b5ed000 ---p 00000000 00:00 0 
7fe98b5ed000-7fe98b85d000 rwxp 00000000 00:00 0 
7fe98b85d000-7fe992b25000 ---p 00000000 00:00 0 
7fe992b25000-7fe99c000000 r--s 00000000 08:01 953235                     /usr/lib/jvm/java-11-openjdk-amd64/lib/modules
7fe99c000000-7fe99c538000 rw-p 00000000 00:00 0 
7fe99c538000-7fe9a0000000 ---p 00000000 00:00 0 
7fe9a0011000-7fe9a0087000 rw-p 00000000 00:00 0 
7fe9a0087000-7fe9a0088000 ---p 00000000 00:00 0 
7fe9a0088000-7fe9a0189000 rw-p 00000000 00:00 0 
7fe9a0189000-7fe9a018a000 ---p 00000000 00:00 0 
7fe9a018a000-7fe9a0303000 rw-p 00000000 00:00 0 
7fe9a0303000-7fe9a0546000 ---p 00000000 00:00 0 
7fe9a0546000-7fe9a0d4e000 rw-p 00000000 00:00 0 
7fe9a0d4e000-7fe9a0d4f000 ---p 00000000 00:00 0 
7fe9a0d4f000-7fe9a0e50000 rw-p 00000000 00:00 0 
7fe9a0e50000-7fe9a0e51000 ---p 00000000 00:00 0 
7fe9a0e51000-7fe9a0f52000 rw-p 00000000 00:00 0 
7fe9a0f52000-7fe9a0f53000 ---p 00000000 00:00 0 
7fe9a0f53000-7fe9a1054000 rw-p 00000000 00:00 0 
7fe9a1054000-7fe9a1055000 ---p 00000000 00:00 0 
7fe9a1055000-7fe9a1156000 rw-p 00000000 00:00 0 
7fe9a1156000-7fe9a1157000 ---p 00000000 00:00 0 
7fe9a1157000-7fe9a1258000 rw-p 00000000 00:00 0 
7fe9a1258000-7fe9a1259000 ---p 00000000 00:00 0 
7fe9a1259000-7fe9a135a000 rw-p 00000000 00:00 0 
7fe9a135a000-7fe9a135b000 ---p 00000000 00:00 0 
7fe9a135b000-7fe9a145c000 rw-p 00000000 00:00 0 
7fe9a145c000-7fe9a145d000 ---p 00000000 00:00 0 
7fe9a145d000-7fe9a1563000 rw-p 00000000 00:00 0 
7fe9a1563000-7fe9a1649000 ---p 00000000 00:00 0 
7fe9a1649000-7fe9a1657000 rw-p 00000000 00:00 0 
7fe9a1657000-7fe9a1734000 ---p 00000000 00:00 0 
7fe9a1734000-7fe9a1739000 r-xp 00000000 08:01 953185                     /usr/lib/jvm/java-11-openjdk-amd64/lib/libjimage.so
7fe9a1739000-7fe9a1938000 ---p 00005000 08:01 953185                     /usr/lib/jvm/java-11-openjdk-amd64/lib/libjimage.so
7fe9a1938000-7fe9a1939000 r--p 00004000 08:01 953185                     /usr/lib/jvm/java-11-openjdk-amd64/lib/libjimage.so
7fe9a1939000-7fe9a193a000 rw-p 00005000 08:01 953185                     /usr/lib/jvm/java-11-openjdk-amd64/lib/libjimage.so
7fe9a193a000-7fe9a1941000 r-xp 00000000 08:01 953233                     /usr/lib/jvm/java-11-openjdk-amd64/lib/libzip.so
7fe9a1941000-7fe9a1b40000 ---p 00007000 08:01 953233                     /usr/lib/jvm/java-11-openjdk-amd64/lib/libzip.so
7fe9a1b40000-7fe9a1b41000 r--p 00006000 08:01 953233                     /usr/lib/jvm/java-11-openjdk-amd64/lib/libzip.so
7fe9a1b41000-7fe9a1b42000 rw-p 00007000 08:01 953233                     /usr/lib/jvm/java-11-openjdk-amd64/lib/libzip.so
7fe9a1b42000-7fe9a1b4d000 r-xp 00000000 08:01 399298                     /lib/x86_64-linux-gnu/libnss_files-2.27.so
7fe9a1b4d000-7fe9a1d4c000 ---p 0000b000 08:01 399298                     /lib/x86_64-linux-gnu/libnss_files-2.27.so
7fe9a1d4c000-7fe9a1d4d000 r--p 0000a000 08:01 399298                     /lib/x86_64-linux-gnu/libnss_files-2.27.so
7fe9a1d4d000-7fe9a1d4e000 rw-p 0000b000 08:01 399298                     /lib/x86_64-linux-gnu/libnss_files-2.27.so
7fe9a1d4e000-7fe9a1d54000 rw-p 00000000 00:00 0 
7fe9a1d54000-7fe9a1d6b000 r-xp 00000000 08:01 399292                     /lib/x86_64-linux-gnu/libnsl-2.27.so
7fe9a1d6b000-7fe9a1f6a000 ---p 00017000 08:01 399292                     /lib/x86_64-linux-gnu/libnsl-2.27.so
7fe9a1f6a000-7fe9a1f6b000 r--p 00016000 08:01 399292                     /lib/x86_64-linux-gnu/libnsl-2.27.so
7fe9a1f6b000-7fe9a1f6c000 rw-p 00017000 08:01 399292                     /lib/x86_64-linux-gnu/libnsl-2.27.so
7fe9a1f6c000-7fe9a1f6e000 rw-p 00000000 00:00 0 
7fe9a1f6e000-7fe9a1f79000 r-xp 00000000 08:01 399309                     /lib/x86_64-linux-gnu/libnss_nis-2.27.so
7fe9a1f79000-7fe9a2178000 ---p 0000b000 08:01 399309                     /lib/x86_64-linux-gnu/libnss_nis-2.27.so
7fe9a2178000-7fe9a2179000 r--p 0000a000 08:01 399309                     /lib/x86_64-linux-gnu/libnss_nis-2.27.so
7fe9a2179000-7fe9a217a000 rw-p 0000b000 08:01 399309                     /lib/x86_64-linux-gnu/libnss_nis-2.27.so
7fe9a217a000-7fe9a2182000 r-xp 00000000 08:01 399294                     /lib/x86_64-linux-gnu/libnss_compat-2.27.so
7fe9a2182000-7fe9a2382000 ---p 00008000 08:01 399294                     /lib/x86_64-linux-gnu/libnss_compat-2.27.so
7fe9a2382000-7fe9a2383000 r--p 00008000 08:01 399294                     /lib/x86_64-linux-gnu/libnss_compat-2.27.so
7fe9a2383000-7fe9a2384000 rw-p 00009000 08:01 399294                     /lib/x86_64-linux-gnu/libnss_compat-2.27.so
7fe9a2384000-7fe9a23b0000 r-xp 00000000 08:01 953176                     /usr/lib/jvm/java-11-openjdk-amd64/lib/libjava.so
7fe9a23b0000-7fe9a25af000 ---p 0002c000 08:01 953176                     /usr/lib/jvm/java-11-openjdk-amd64/lib/libjava.so
7fe9a25af000-7fe9a25b0000 r--p 0002b000 08:01 953176                     /usr/lib/jvm/java-11-openjdk-amd64/lib/libjava.so
7fe9a25b0000-7fe9a25b2000 rw-p 0002c000 08:01 953176                     /usr/lib/jvm/java-11-openjdk-amd64/lib/libjava.so
7fe9a25b2000-7fe9a25bf000 r-xp 00000000 08:01 953230                     /usr/lib/jvm/java-11-openjdk-amd64/lib/libverify.so
7fe9a25bf000-7fe9a27be000 ---p 0000d000 08:01 953230                     /usr/lib/jvm/java-11-openjdk-amd64/lib/libverify.so
7fe9a27be000-7fe9a27c0000 r--p 0000c000 08:01 953230                     /usr/lib/jvm/java-11-openjdk-amd64/lib/libverify.so
7fe9a27c0000-7fe9a27c1000 rw-p 0000e000 08:01 953230                     /usr/lib/jvm/java-11-openjdk-amd64/lib/libverify.so
7fe9a27c1000-7fe9a27c8000 r-xp 00000000 08:01 399349                     /lib/x86_64-linux-gnu/librt-2.27.so
7fe9a27c8000-7fe9a29c7000 ---p 00007000 08:01 399349                     /lib/x86_64-linux-gnu/librt-2.27.so
7fe9a29c7000-7fe9a29c8000 r--p 00006000 08:01 399349                     /lib/x86_64-linux-gnu/librt-2.27.so
7fe9a29c8000-7fe9a29c9000 rw-p 00007000 08:01 399349                     /lib/x86_64-linux-gnu/librt-2.27.so
7fe9a29c9000-7fe9a29e0000 r-xp 00000000 08:01 393301                     /lib/x86_64-linux-gnu/libgcc_s.so.1
7fe9a29e0000-7fe9a2bdf000 ---p 00017000 08:01 393301                     /lib/x86_64-linux-gnu/libgcc_s.so.1
7fe9a2bdf000-7fe9a2be0000 r--p 00016000 08:01 393301                     /lib/x86_64-linux-gnu/libgcc_s.so.1
7fe9a2be0000-7fe9a2be1000 rw-p 00017000 08:01 393301                     /lib/x86_64-linux-gnu/libgcc_s.so.1
7fe9a2be1000-7fe9a2d7e000 r-xp 00000000 08:01 399271                     /lib/x86_64-linux-gnu/libm-2.27.so
7fe9a2d7e000-7fe9a2f7d000 ---p 0019d000 08:01 399271                     /lib/x86_64-linux-gnu/libm-2.27.so
7fe9a2f7d000-7fe9a2f7e000 r--p 0019c000 08:01 399271                     /lib/x86_64-linux-gnu/libm-2.27.so
7fe9a2f7e000-7fe9a2f7f000 rw-p 0019d000 08:01 399271                     /lib/x86_64-linux-gnu/libm-2.27.so
7fe9a2f7f000-7fe9a30f8000 r-xp 00000000 08:01 920236                     /usr/lib/x86_64-linux-gnu/libstdc++.so.6.0.25
7fe9a30f8000-7fe9a32f8000 ---p 00179000 08:01 920236                     /usr/lib/x86_64-linux-gnu/libstdc++.so.6.0.25
7fe9a32f8000-7fe9a3302000 r--p 00179000 08:01 920236                     /usr/lib/x86_64-linux-gnu/libstdc++.so.6.0.25
7fe9a3302000-7fe9a3304000 rw-p 00183000 08:01 920236                     /usr/lib/x86_64-linux-gnu/libstdc++.so.6.0.25
7fe9a3304000-7fe9a3308000 rw-p 00000000 00:00 0 
7fe9a3308000-7fe9a42a5000 r-xp 00000000 08:01 1055132                    /usr/lib/jvm/java-11-openjdk-amd64/lib/server/libjvm.so
7fe9a42a5000-7fe9a44a5000 ---p 00f9d000 08:01 1055132                    /usr/lib/jvm/java-11-openjdk-amd64/lib/server/libjvm.so
7fe9a44a5000-7fe9a4569000 r--p 00f9d000 08:01 1055132                    /usr/lib/jvm/java-11-openjdk-amd64/lib/server/libjvm.so
7fe9a4569000-7fe9a45a1000 rw-p 01061000 08:01 1055132                    /usr/lib/jvm/java-11-openjdk-amd64/lib/server/libjvm.so
7fe9a45a1000-7fe9a45ea000 rw-p 00000000 00:00 0 
7fe9a45ea000-7fe9a4604000 r-xp 00000000 08:01 399341                     /lib/x86_64-linux-gnu/libpthread-2.27.so
7fe9a4604000-7fe9a4803000 ---p 0001a000 08:01 399341                     /lib/x86_64-linux-gnu/libpthread-2.27.so
7fe9a4803000-7fe9a4804000 r--p 00019000 08:01 399341                     /lib/x86_64-linux-gnu/libpthread-2.27.so
7fe9a4804000-7fe9a4805000 rw-p 0001a000 08:01 399341                     /lib/x86_64-linux-gnu/libpthread-2.27.so
7fe9a4805000-7fe9a4809000 rw-p 00000000 00:00 0 
7fe9a4809000-7fe9a480c000 r-xp 00000000 08:01 399231                     /lib/x86_64-linux-gnu/libdl-2.27.so
7fe9a480c000-7fe9a4a0b000 ---p 00003000 08:01 399231                     /lib/x86_64-linux-gnu/libdl-2.27.so
7fe9a4a0b000-7fe9a4a0c000 r--p 00002000 08:01 399231                     /lib/x86_64-linux-gnu/libdl-2.27.so
7fe9a4a0c000-7fe9a4a0d000 rw-p 00003000 08:01 399231                     /lib/x86_64-linux-gnu/libdl-2.27.so
7fe9a4a0d000-7fe9a4a29000 r-xp 00000000 08:01 399380                     /lib/x86_64-linux-gnu/libz.so.1.2.11
7fe9a4a29000-7fe9a4c28000 ---p 0001c000 08:01 399380                     /lib/x86_64-linux-gnu/libz.so.1.2.11
7fe9a4c28000-7fe9a4c29000 r--p 0001b000 08:01 399380                     /lib/x86_64-linux-gnu/libz.so.1.2.11
7fe9a4c29000-7fe9a4c2a000 rw-p 0001c000 08:01 399380                     /lib/x86_64-linux-gnu/libz.so.1.2.11
7fe9a4c2a000-7fe9a4e11000 r-xp 00000000 08:01 399208                     /lib/x86_64-linux-gnu/libc-2.27.so
7fe9a4e11000-7fe9a5011000 ---p 001e7000 08:01 399208                     /lib/x86_64-linux-gnu/libc-2.27.so
7fe9a5011000-7fe9a5015000 r--p 001e7000 08:01 399208                     /lib/x86_64-linux-gnu/libc-2.27.so
7fe9a5015000-7fe9a5017000 rw-p 001eb000 08:01 399208                     /lib/x86_64-linux-gnu/libc-2.27.so
7fe9a5017000-7fe9a501b000 rw-p 00000000 00:00 0 
7fe9a501b000-7fe9a502a000 r-xp 00000000 08:01 948812                     /usr/lib/jvm/java-11-openjdk-amd64/lib/jli/libjli.so
7fe9a502a000-7fe9a5229000 ---p 0000f000 08:01 948812                     /usr/lib/jvm/java-11-openjdk-amd64/lib/jli/libjli.so
7fe9a5229000-7fe9a522a000 r--p 0000e000 08:01 948812                     /usr/lib/jvm/java-11-openjdk-amd64/lib/jli/libjli.so
7fe9a522a000-7fe9a522b000 rw-p 0000f000 08:01 948812                     /usr/lib/jvm/java-11-openjdk-amd64/lib/jli/libjli.so
7fe9a522b000-7fe9a5252000 r-xp 00000000 08:01 399180                     /lib/x86_64-linux-gnu/ld-2.27.so
7fe9a527a000-7fe9a5332000 rw-p 00000000 00:00 0 
7fe9a5332000-7fe9a5339000 ---p 00000000 00:00 0 
7fe9a5339000-7fe9a533d000 ---p 00000000 00:00 0 
7fe9a533d000-7fe9a543c000 rw-p 00000000 00:00 0 
7fe9a5445000-7fe9a5446000 rw-p 00000000 00:00 0 
7fe9a5446000-7fe9a544e000 rw-s 00000000 08:01 787339                     /tmp/hsperfdata_arslan/12658
7fe9a544e000-7fe9a544f000 ---p 00000000 00:00 0 
7fe9a544f000-7fe9a5450000 r--p 00000000 00:00 0 
7fe9a5450000-7fe9a5452000 rw-p 00000000 00:00 0 
7fe9a5452000-7fe9a5453000 r--p 00027000 08:01 399180                     /lib/x86_64-linux-gnu/ld-2.27.so
7fe9a5453000-7fe9a5454000 rw-p 00028000 08:01 399180                     /lib/x86_64-linux-gnu/ld-2.27.so
7fe9a5454000-7fe9a5455000 rw-p 00000000 00:00 0 
7ffd75540000-7ffd75561000 rw-p 00000000 00:00 0                          [stack]
7ffd75582000-7ffd75585000 r--p 00000000 00:00 0                          [vvar]
7ffd75585000-7ffd75587000 r-xp 00000000 00:00 0                          [vdso]
ffffffffff600000-ffffffffff601000 r-xp 00000000 00:00 0                  [vsyscall]


VM Arguments:
java_command: third-party/closure-compiler.jar --generate_exports --compilation_level ADVANCED_OPTIMIZATIONS --dependency_mode=STRICT --externs externs/gviz-externs.js --externs externs/interpreter-externs.js --externs externs/prettify-externs.js --externs externs/soundJS-externs.js --externs externs/storage-externs.js --externs appengine/third-party/blockly/externs/svg-externs.js --language_out ECMASCRIPT5_STRICT --entry_point=Energysource --js='appengine/third-party/**.js' --js='!appengine/third-party/blockly/*.js' --js='!appengine/third-party/blockly/tests/**.js' --js='!appengine/third-party/blockly/externs/**.js' --js='!appengine/third-party/blockly/demos/**.js' --js='appengine/generated/en/*.js' --js='appengine/js/*.js' --warning_level QUIET --js='appengine/energysource/generated/en/*.js' --js='appengine/energysource/js/*.js'
java_class_path (initial): third-party/closure-compiler.jar
Launcher Type: SUN_STANDARD

Logging:
Log output configuration:
#0: stdout all=warning uptime,level,tags
#1: stderr all=off uptime,level,tags

Environment Variables:
PATH=/usr/local/sbin:/usr/local/bin:/usr/sbin:/usr/bin:/sbin:/bin:/usr/games:/usr/local/games:/snap/bin
USERNAME=arslan
SHELL=/bin/bash
DISPLAY=:0

Signal Handlers:
SIGSEGV: [libjvm.so+0xd28b70], sa_mask[0]=11111111011111111101111111111110, sa_flags=SA_RESTART|SA_SIGINFO
SIGBUS: [libjvm.so+0xd28b70], sa_mask[0]=11111111011111111101111111111110, sa_flags=SA_RESTART|SA_SIGINFO
SIGFPE: [libjvm.so+0xd28b70], sa_mask[0]=11111111011111111101111111111110, sa_flags=SA_RESTART|SA_SIGINFO
SIGPIPE: [libjvm.so+0xb2a1f0], sa_mask[0]=11111111011111111101111111111110, sa_flags=SA_RESTART|SA_SIGINFO
SIGXFSZ: [libjvm.so+0xb2a1f0], sa_mask[0]=11111111011111111101111111111110, sa_flags=SA_RESTART|SA_SIGINFO
SIGILL: [libjvm.so+0xd28b70], sa_mask[0]=11111111011111111101111111111110, sa_flags=SA_RESTART|SA_SIGINFO
SIGUSR2: [libjvm.so+0xb2a030], sa_mask[0]=00000000000000000000000000000000, sa_flags=SA_RESTART|SA_SIGINFO
SIGHUP: [libjvm.so+0xb2a180], sa_mask[0]=11111111011111111101111111111110, sa_flags=SA_RESTART|SA_SIGINFO
SIGINT: [libjvm.so+0xb2a180], sa_mask[0]=11111111011111111101111111111110, sa_flags=SA_RESTART|SA_SIGINFO
SIGTERM: [libjvm.so+0xb2a180], sa_mask[0]=11111111011111111101111111111110, sa_flags=SA_RESTART|SA_SIGINFO
SIGQUIT: [libjvm.so+0xb2a180], sa_mask[0]=11111111011111111101111111111110, sa_flags=SA_RESTART|SA_SIGINFO


---------------  S Y S T E M  ---------------

OS:DISTRIB_ID=Ubuntu
DISTRIB_RELEASE=18.04
DISTRIB_CODENAME=bionic
DISTRIB_DESCRIPTION="Ubuntu 18.04.1 LTS"
uname:Linux 4.15.0-42-generic #45-Ubuntu SMP Thu Nov 15 19:32:57 UTC 2018 x86_64
libc:glibc 2.27 NPTL 2.27 
rlimit: STACK 8192k, CORE 0k, NPROC 22121, NOFILE 4096, AS infinity, DATA infinity, FSIZE infinity
load average:0.87 0.49 0.46

/proc/meminfo:
MemTotal:        5723704 kB
MemFree:          117064 kB
MemAvailable:     115184 kB
Buffers:           12400 kB
Cached:           237240 kB
SwapCached:         6404 kB
Active:          3011432 kB
Inactive:         679440 kB
Active(anon):    2929000 kB
Inactive(anon):   584288 kB
Active(file):      82432 kB
Inactive(file):    95152 kB
Unevictable:        1912 kB
Mlocked:            1912 kB
SwapTotal:        969960 kB
SwapFree:          10832 kB
Dirty:                36 kB
Writeback:             0 kB
AnonPages:       3437188 kB
Mapped:           207336 kB
Shmem:             71960 kB
Slab:             206452 kB
SReclaimable:      64796 kB
SUnreclaim:       141656 kB
KernelStack:       19888 kB
PageTables:        73352 kB
NFS_Unstable:          0 kB
Bounce:                0 kB
WritebackTmp:          0 kB
CommitLimit:     3831812 kB
Committed_AS:   11782712 kB
VmallocTotal:   34359738367 kB
VmallocUsed:           0 kB
VmallocChunk:          0 kB
HardwareCorrupted:     0 kB
AnonHugePages:         0 kB
ShmemHugePages:        0 kB
ShmemPmdMapped:        0 kB
CmaTotal:              0 kB
CmaFree:               0 kB
HugePages_Total:       0
HugePages_Free:        0
HugePages_Rsvd:        0
HugePages_Surp:        0
Hugepagesize:       2048 kB
DirectMap4k:      474944 kB
DirectMap2M:     5455872 kB
DirectMap1G:           0 kB

container (cgroup) information:
container_type: cgroupv1
cpu_cpuset_cpus: 0-7
cpu_memory_nodes: 0
active_processor_count: 8
cpu_quota: -1
cpu_period: 100000
cpu_shares: -1
memory_limit_in_bytes: -1
memory_and_swap_limit_in_bytes: -2
memory_soft_limit_in_bytes: -1
memory_usage_in_bytes: 3780337664
memory_max_usage_in_bytes: 221159424


CPU:total 8 (initial active 8) (4 cores per cpu, 1 threads per core) family 6 model 94 stepping 3, cmov, cx8, fxsr, mmx, sse, sse2, sse3, ssse3, sse4.1, sse4.2, popcnt, avx, avx2, aes, clmul, erms, rtm, 3dnowpref, lzcnt, tsc, tscinvbit, bmi1, bmi2, adx, fma
CPU Model and flags from /proc/cpuinfo:
model name	: Intel(R) Core(TM) i7-6700HQ CPU @ 2.60GHz
flags		: fpu vme de pse tsc msr pae mce cx8 apic sep mtrr pge mca cmov pat pse36 clflush mmx fxsr sse sse2 ss ht syscall nx pdpe1gb rdtscp lm constant_tsc arch_perfmon nopl xtopology tsc_reliable nonstop_tsc cpuid pni pclmulqdq vmx ssse3 fma cx16 pcid sse4_1 sse4_2 x2apic movbe popcnt tsc_deadline_timer aes xsave avx f16c rdrand hypervisor lahf_lm abm 3dnowprefetch cpuid_fault invpcid_single pti ibrs ibpb stibp tpr_shadow vnmi ept vpid fsgsbase tsc_adjust bmi1 hle avx2 smep bmi2 invpcid rtm mpx rdseed adx smap clflushopt xsaveopt xsavec xsaves arat arch_capabilities

Memory: 4k page, physical 5723704k(117064k free), swap 969960k(10832k free)

vm_info: OpenJDK 64-Bit Server VM (10.0.2+13-Ubuntu-1ubuntu0.18.04.4) for linux-amd64 JRE (10.0.2+13-Ubuntu-1ubuntu0.18.04.4), built on Nov 13 2018 12:53:39 by "buildd" with gcc 7.3.0

END.
