#
# There is insufficient memory for the Java Runtime Environment to continue.
# Native memory allocation (mmap) failed to map 221249536 bytes for committing reserved memory.
# Possible reasons:
#   The system is out of physical RAM or swap space
#   The process is running with CompressedOops enabled, and the Java Heap may be blocking the growth of the native heap
# Possible solutions:
#   Reduce memory load on the system
#   Increase physical memory or swap space
#   Check if swap backing store is full
#   Decrease Java heap size (-Xmx/-Xms)
#   Decrease number of Java threads
#   Decrease Java thread stack sizes (-Xss)
#   Set larger code cache with -XX:ReservedCodeCacheSize=
#   JVM is running with Unscaled Compressed Oops mode in which the Java heap is
#     placed in the first 4GB address space. The Java Heap base address is the
#     maximum limit for the native heap growth. Please use -XX:HeapBaseMinAddress
#     to set the Java Heap base and to place the Java Heap above 4GB virtual address.
# This output file may be truncated or incomplete.
#
#  Out of Memory Error (os_linux.cpp:2706), pid=28755, tid=28777
#
# JRE version: OpenJDK Runtime Environment (10.0.2+13) (build 10.0.2+13-Ubuntu-1ubuntu0.18.04.2)
# Java VM: OpenJDK 64-Bit Server VM (10.0.2+13-Ubuntu-1ubuntu0.18.04.2, mixed mode, tiered, compressed oops, g1 gc, linux-amd64)
# Core dump will be written. Default location: Core dumps may be processed with "/usr/share/apport/apport %p %s %c %d %P" (or dumping to /home/arslan/Desktop/learnobot/blockly-games/core.28755)
#

---------------  S U M M A R Y ------------

Command Line: third-party/closure-compiler.jar --generate_exports --compilation_level ADVANCED_OPTIMIZATIONS --dependency_mode=STRICT --externs externs/gviz-externs.js --externs externs/interpreter-externs.js --externs externs/prettify-externs.js --externs externs/soundJS-externs.js --externs externs/storage-externs.js --externs appengine/third-party/blockly/externs/svg-externs.js --language_out ECMASCRIPT5_STRICT --entry_point=Puzzle --js='appengine/third-party/**.js' --js='!appengine/third-party/blockly/*.js' --js='!appengine/third-party/blockly/tests/**.js' --js='!appengine/third-party/blockly/externs/**.js' --js='!appengine/third-party/blockly/demos/**.js' --js='appengine/generated/en/*.js' --js='appengine/js/*.js' --warning_level QUIET --js='appengine/puzzle/generated/en/*.js' --js='appengine/puzzle/js/*.js'

Host: Intel(R) Core(TM) i7-6700HQ CPU @ 2.60GHz, 8 cores, 5G, Ubuntu 18.04.1 LTS
Time: Sun Oct  7 23:19:37 2018 PDT elapsed time: 9 seconds (0d 0h 0m 9s)

---------------  T H R E A D  ---------------

Current thread (0x00007f21d0165000):  VMThread "VM Thread" [stack: 0x00007f2184ff2000,0x00007f21850f2000] [id=28777]

Stack: [0x00007f2184ff2000,0x00007f21850f2000],  sp=0x00007f21850f00a0,  free space=1016k
Native frames: (J=compiled Java code, A=aot compiled Java code, j=interpreted, Vv=VM code, C=native code)
V  [libjvm.so+0xd27e04]
V  [libjvm.so+0xd289ab]
V  [libjvm.so+0x64d415]
V  [libjvm.so+0xb2d728]
V  [libjvm.so+0xb25f7d]
V  [libjvm.so+0x7662ff]
V  [libjvm.so+0x76653e]
V  [libjvm.so+0x769500]
V  [libjvm.so+0x7efa1c]
V  [libjvm.so+0x7f06df]
V  [libjvm.so+0x7f0b59]
V  [libjvm.so+0x7162cf]
V  [libjvm.so+0x71a3ba]
V  [libjvm.so+0xd39f68]
V  [libjvm.so+0xd387d1]
V  [libjvm.so+0xd35a9b]
V  [libjvm.so+0xd370be]
V  [libjvm.so+0xd374e8]
V  [libjvm.so+0xb33ca0]

VM_Operation (0x00007f212bffdb90): G1IncCollectionPause, mode: safepoint, requested by thread 0x00007f21d050b800


---------------  P R O C E S S  ---------------

Threads class SMR info:
_java_thread_list=0x00007f21d050a940, length=12, elements={
0x00007f21d0012000, 0x00007f21d016f000, 0x00007f21d0171000, 0x00007f21d017a000,
0x00007f21d0184800, 0x00007f21d0186800, 0x00007f21d0188800, 0x00007f21d018a800,
0x00007f21d018c800, 0x00007f21d0211000, 0x00007f21d021f800, 0x00007f21d050b800
}

Java Threads: ( => current thread )
  0x00007f21d0012000 JavaThread "main" [_thread_blocked, id=28756, stack(0x00007f21d94a1000,0x00007f21d95a2000)]
  0x00007f21d016f000 JavaThread "Reference Handler" daemon [_thread_blocked, id=28778, stack(0x00007f2184eef000,0x00007f2184ff0000)]
  0x00007f21d0171000 JavaThread "Finalizer" daemon [_thread_blocked, id=28779, stack(0x00007f2184dee000,0x00007f2184eef000)]
  0x00007f21d017a000 JavaThread "Signal Dispatcher" daemon [_thread_blocked, id=28780, stack(0x00007f218431e000,0x00007f218441f000)]
  0x00007f21d0184800 JavaThread "C2 CompilerThread0" daemon [_thread_blocked, id=28781, stack(0x00007f218421d000,0x00007f218431e000)]
  0x00007f21d0186800 JavaThread "C2 CompilerThread1" daemon [_thread_blocked, id=28782, stack(0x00007f218411c000,0x00007f218421d000)]
  0x00007f21d0188800 JavaThread "C2 CompilerThread2" daemon [_thread_blocked, id=28783, stack(0x00007f218401b000,0x00007f218411c000)]
  0x00007f21d018a800 JavaThread "C1 CompilerThread3" daemon [_thread_blocked, id=28784, stack(0x00007f2147eff000,0x00007f2148000000)]
  0x00007f21d018c800 JavaThread "Sweeper thread" daemon [_thread_blocked, id=28785, stack(0x00007f2147dfe000,0x00007f2147eff000)]
  0x00007f21d0211000 JavaThread "Service Thread" daemon [_thread_blocked, id=28786, stack(0x00007f2147cfd000,0x00007f2147dfe000)]
  0x00007f21d021f800 JavaThread "Common-Cleaner" daemon [_thread_blocked, id=28788, stack(0x00007f2147afa000,0x00007f2147bfb000)]
  0x00007f21d050b800 JavaThread "jscompiler" daemon [_thread_blocked, id=28797, stack(0x00007f2127fff000,0x00007f212c000000)]

Other Threads:
=>0x00007f21d0165000 VMThread "VM Thread" [stack: 0x00007f2184ff2000,0x00007f21850f2000] [id=28777]
  0x00007f21d0213000 WatcherThread [stack: 0x00007f2147bfd000,0x00007f2147cfd000] [id=28787]
  0x00007f21d0029000 GCTaskThread "GC Thread#0" [stack: 0x00007f21d55c6000,0x00007f21d56c6000] [id=28757]
  0x00007f21d002a800 GCTaskThread "GC Thread#1" [stack: 0x00007f21d54c4000,0x00007f21d55c4000] [id=28758]
  0x00007f21d002c000 GCTaskThread "GC Thread#2" [stack: 0x00007f21d53c2000,0x00007f21d54c2000] [id=28759]
  0x00007f21d002e000 GCTaskThread "GC Thread#3" [stack: 0x00007f21d52c0000,0x00007f21d53c0000] [id=28760]
  0x00007f21d002f800 GCTaskThread "GC Thread#4" [stack: 0x00007f21d51be000,0x00007f21d52be000] [id=28761]
  0x00007f21d0031000 GCTaskThread "GC Thread#5" [stack: 0x00007f21d50bc000,0x00007f21d51bc000] [id=28762]
  0x00007f21d0033000 GCTaskThread "GC Thread#6" [stack: 0x00007f21d4fba000,0x00007f21d50ba000] [id=28763]
  0x00007f21d0034800 GCTaskThread "GC Thread#7" [stack: 0x00007f21d4eb8000,0x00007f21d4fb8000] [id=28764]
  0x00007f21d0082000 ConcurrentGCThread "G1 Main Marker" [stack: 0x00007f21d4038000,0x00007f21d4138000] [id=28765]
  0x00007f21d0084000 ConcurrentGCThread "G1 Conc#0" [stack: 0x00007f21b4bbb000,0x00007f21b4cbb000] [id=28766]
  0x00007f21d0085800 ConcurrentGCThread "G1 Conc#1" [stack: 0x00007f21b4ab9000,0x00007f21b4bb9000] [id=28767]
  0x00007f21d00cf000 ConcurrentGCThread "G1 Refine#0" [stack: 0x00007f21b41af000,0x00007f21b42af000] [id=28768]
  0x00007f21d00d1000 ConcurrentGCThread "G1 Refine#1" [stack: 0x00007f21b40ad000,0x00007f21b41ad000] [id=28769]
  0x00007f21d00d2800 ConcurrentGCThread "G1 Refine#2" [stack: 0x00007f2185f00000,0x00007f2186000000] [id=28770]
  0x00007f21d00d4800 ConcurrentGCThread "G1 Refine#3" [stack: 0x00007f2185dfe000,0x00007f2185efe000] [id=28771]
  0x00007f21d00d6000 ConcurrentGCThread "G1 Refine#4" [stack: 0x00007f2185cfc000,0x00007f2185dfc000] [id=28772]
  0x00007f21d00d8000 ConcurrentGCThread "G1 Refine#5" [stack: 0x00007f2185bfa000,0x00007f2185cfa000] [id=28773]
  0x00007f21d00d9800 ConcurrentGCThread "G1 Refine#6" [stack: 0x00007f2185af8000,0x00007f2185bf8000] [id=28774]
  0x00007f21d00db800 ConcurrentGCThread "G1 Refine#7" [stack: 0x00007f21859f6000,0x00007f2185af6000] [id=28775]
  0x00007f21d00dd000 ConcurrentGCThread "G1 Young RemSet Sampling" [stack: 0x00007f21858f4000,0x00007f21859f4000] [id=28776]

Threads with active compile tasks:
C2 CompilerThread02722       4       com.google.javascript.jscomp.NodeTraversal::traverseBranch (144 bytes)
C2 CompilerThread12715       4       com.google.javascript.jscomp.parsing.IRFactory$TransformDispatcher::processFunctionCall (71 bytes)
C2 CompilerThread22723       4       com.google.javascript.jscomp.NodeTraversal::traverseChildren (26 bytes)

VM state:at safepoint (normal execution)

VM Mutex/Monitor currently owned by a thread:  ([mutex/lock_event])
[0x00007f21d000e620] Threads_lock - owner thread: 0x00007f21d0165000
[0x00007f21d000ebc0] Heap_lock - owner thread: 0x00007f21d050b800

Heap address: 0x00000000a8a00000, size: 1398 MB, Compressed Oops mode: 32-bit
Narrow klass base: 0x0000000000000000, Narrow klass shift: 3
Compressed class space size: 1073741824 Address: 0x0000000100000000

Heap:
 garbage-first heap   total 570368K, used 210944K [0x00000000a8a00000, 0x0000000100000000)
  region size 1024K, 9 young (9216K), 9 survivors (9216K)
 Metaspace       used 16505K, capacity 16663K, committed 17024K, reserved 1064960K
  class space    used 1481K, capacity 1553K, committed 1664K, reserved 1048576K
Heap Regions: E=young(eden), S=young(survivor), O=old, HS=humongous(starts), HC=humongous(continues), CS=collection set, F=free, A=archive, TS=gc time stamp, AC=allocation context, TAMS=top-at-mark-start (previous, next)
|   0|0x00000000a8a00000, 0x00000000a8b00000, 0x00000000a8b00000|100%| O|  |TS  0|AC  0|TAMS 0x00000000a8b00000, 0x00000000a8b00000|
|   1|0x00000000a8b00000, 0x00000000a8c00000, 0x00000000a8c00000|100%| O|  |TS  0|AC  0|TAMS 0x00000000a8c00000, 0x00000000a8c00000|
|   2|0x00000000a8c00000, 0x00000000a8d00000, 0x00000000a8d00000|100%| O|  |TS  0|AC  0|TAMS 0x00000000a8d00000, 0x00000000a8d00000|
|   3|0x00000000a8d00000, 0x00000000a8e00000, 0x00000000a8e00000|100%| O|  |TS  0|AC  0|TAMS 0x00000000a8e00000, 0x00000000a8e00000|
|   4|0x00000000a8e00000, 0x00000000a8f00000, 0x00000000a8f00000|100%| O|  |TS  0|AC  0|TAMS 0x00000000a8f00000, 0x00000000a8f00000|
|   5|0x00000000a8f00000, 0x00000000a9000000, 0x00000000a9000000|100%| O|  |TS  0|AC  0|TAMS 0x00000000a9000000, 0x00000000a9000000|
|   6|0x00000000a9000000, 0x00000000a9100000, 0x00000000a9100000|100%| O|  |TS  0|AC  0|TAMS 0x00000000a9100000, 0x00000000a9100000|
|   7|0x00000000a9100000, 0x00000000a9200000, 0x00000000a9200000|100%| O|  |TS  0|AC  0|TAMS 0x00000000a9200000, 0x00000000a9200000|
|   8|0x00000000a9200000, 0x00000000a9300000, 0x00000000a9300000|100%| O|  |TS  0|AC  0|TAMS 0x00000000a9300000, 0x00000000a9300000|
|   9|0x00000000a9300000, 0x00000000a9400000, 0x00000000a9400000|100%| O|  |TS  0|AC  0|TAMS 0x00000000a9400000, 0x00000000a9400000|
|  10|0x00000000a9400000, 0x00000000a9500000, 0x00000000a9500000|100%| O|  |TS  0|AC  0|TAMS 0x00000000a9500000, 0x00000000a9500000|
|  11|0x00000000a9500000, 0x00000000a9600000, 0x00000000a9600000|100%| O|  |TS  0|AC  0|TAMS 0x00000000a9600000, 0x00000000a9600000|
|  12|0x00000000a9600000, 0x00000000a9700000, 0x00000000a9700000|100%| O|  |TS  0|AC  0|TAMS 0x00000000a9700000, 0x00000000a9700000|
|  13|0x00000000a9700000, 0x00000000a9800000, 0x00000000a9800000|100%| O|  |TS  0|AC  0|TAMS 0x00000000a9800000, 0x00000000a9800000|
|  14|0x00000000a9800000, 0x00000000a9900000, 0x00000000a9900000|100%| O|  |TS  0|AC  0|TAMS 0x00000000a9900000, 0x00000000a9900000|
|  15|0x00000000a9900000, 0x00000000a9a00000, 0x00000000a9a00000|100%| O|  |TS  0|AC  0|TAMS 0x00000000a9a00000, 0x00000000a9a00000|
|  16|0x00000000a9a00000, 0x00000000a9b00000, 0x00000000a9b00000|100%| O|  |TS  0|AC  0|TAMS 0x00000000a9b00000, 0x00000000a9b00000|
|  17|0x00000000a9b00000, 0x00000000a9c00000, 0x00000000a9c00000|100%| O|  |TS  5|AC  0|TAMS 0x00000000a9b00000, 0x00000000a9c00000|
|  18|0x00000000a9c00000, 0x00000000a9d00000, 0x00000000a9d00000|100%|HS|  |TS  0|AC  0|TAMS 0x00000000a9d00000, 0x00000000a9d00000|
|  19|0x00000000a9d00000, 0x00000000a9e00000, 0x00000000a9e00000|100%| O|  |TS  1|AC  0|TAMS 0x00000000a9d00000, 0x00000000a9e00000|
|  20|0x00000000a9e00000, 0x00000000a9f00000, 0x00000000a9f00000|100%| O|  |TS  5|AC  0|TAMS 0x00000000a9e00000, 0x00000000a9f00000|
|  21|0x00000000a9f00000, 0x00000000aa000000, 0x00000000aa000000|100%| O|  |TS  4|AC  0|TAMS 0x00000000a9f00000, 0x00000000aa000000|
|  22|0x00000000aa000000, 0x00000000aa100000, 0x00000000aa100000|100%|HS|  |TS  0|AC  0|TAMS 0x00000000aa100000, 0x00000000aa100000|
|  23|0x00000000aa100000, 0x00000000aa200000, 0x00000000aa200000|100%| O|  |TS  0|AC  0|TAMS 0x00000000aa200000, 0x00000000aa200000|
|  24|0x00000000aa200000, 0x00000000aa300000, 0x00000000aa300000|100%| O|  |TS  0|AC  0|TAMS 0x00000000aa300000, 0x00000000aa300000|
|  25|0x00000000aa300000, 0x00000000aa400000, 0x00000000aa400000|100%| O|  |TS  0|AC  0|TAMS 0x00000000aa400000, 0x00000000aa400000|
|  26|0x00000000aa400000, 0x00000000aa500000, 0x00000000aa500000|100%| O|  |TS  0|AC  0|TAMS 0x00000000aa500000, 0x00000000aa500000|
|  27|0x00000000aa500000, 0x00000000aa600000, 0x00000000aa600000|100%| O|  |TS  0|AC  0|TAMS 0x00000000aa600000, 0x00000000aa600000|
|  28|0x00000000aa600000, 0x00000000aa700000, 0x00000000aa700000|100%| O|  |TS  0|AC  0|TAMS 0x00000000aa700000, 0x00000000aa700000|
|  29|0x00000000aa700000, 0x00000000aa800000, 0x00000000aa800000|100%| O|  |TS  0|AC  0|TAMS 0x00000000aa800000, 0x00000000aa800000|
|  30|0x00000000aa800000, 0x00000000aa900000, 0x00000000aa900000|100%| O|  |TS  0|AC  0|TAMS 0x00000000aa900000, 0x00000000aa900000|
|  31|0x00000000aa900000, 0x00000000aaa00000, 0x00000000aaa00000|100%| O|  |TS  0|AC  0|TAMS 0x00000000aaa00000, 0x00000000aaa00000|
|  32|0x00000000aaa00000, 0x00000000aab00000, 0x00000000aab00000|100%| O|  |TS  4|AC  0|TAMS 0x00000000aaa00000, 0x00000000aab00000|
|  33|0x00000000aab00000, 0x00000000aac00000, 0x00000000aac00000|100%| O|  |TS  4|AC  0|TAMS 0x00000000aab00000, 0x00000000aac00000|
|  34|0x00000000aac00000, 0x00000000aad00000, 0x00000000aad00000|100%| O|  |TS  4|AC  0|TAMS 0x00000000aac00000, 0x00000000aad00000|
|  35|0x00000000aad00000, 0x00000000aae00000, 0x00000000aae00000|100%| O|  |TS  0|AC  0|TAMS 0x00000000aae00000, 0x00000000aae00000|
|  36|0x00000000aae00000, 0x00000000aaf00000, 0x00000000aaf00000|100%| O|  |TS  4|AC  0|TAMS 0x00000000aae00000, 0x00000000aaf00000|
|  37|0x00000000aaf00000, 0x00000000ab000000, 0x00000000ab000000|100%| O|  |TS  4|AC  0|TAMS 0x00000000aaf00000, 0x00000000ab000000|
|  38|0x00000000ab000000, 0x00000000ab100000, 0x00000000ab100000|100%| O|  |TS  5|AC  0|TAMS 0x00000000ab000000, 0x00000000ab100000|
|  39|0x00000000ab100000, 0x00000000ab200000, 0x00000000ab200000|100%| O|  |TS  5|AC  0|TAMS 0x00000000ab100000, 0x00000000ab200000|
|  40|0x00000000ab200000, 0x00000000ab300000, 0x00000000ab300000|100%| O|  |TS  0|AC  0|TAMS 0x00000000ab300000, 0x00000000ab300000|
|  41|0x00000000ab300000, 0x00000000ab400000, 0x00000000ab400000|100%| O|  |TS  0|AC  0|TAMS 0x00000000ab400000, 0x00000000ab400000|
|  42|0x00000000ab400000, 0x00000000ab500000, 0x00000000ab500000|100%| O|  |TS  0|AC  0|TAMS 0x00000000ab500000, 0x00000000ab500000|
|  43|0x00000000ab500000, 0x00000000ab600000, 0x00000000ab600000|100%| O|  |TS  0|AC  0|TAMS 0x00000000ab600000, 0x00000000ab600000|
|  44|0x00000000ab600000, 0x00000000ab700000, 0x00000000ab700000|100%| O|  |TS  5|AC  0|TAMS 0x00000000ab600000, 0x00000000ab700000|
|  45|0x00000000ab700000, 0x00000000ab800000, 0x00000000ab800000|100%| O|  |TS  0|AC  0|TAMS 0x00000000ab800000, 0x00000000ab800000|
|  46|0x00000000ab800000, 0x00000000ab900000, 0x00000000ab900000|100%| O|  |TS  0|AC  0|TAMS 0x00000000ab900000, 0x00000000ab900000|
|  47|0x00000000ab900000, 0x00000000aba00000, 0x00000000aba00000|100%| O|  |TS  0|AC  0|TAMS 0x00000000aba00000, 0x00000000aba00000|
|  48|0x00000000aba00000, 0x00000000abb00000, 0x00000000abb00000|100%| O|  |TS  0|AC  0|TAMS 0x00000000abb00000, 0x00000000abb00000|
|  49|0x00000000abb00000, 0x00000000abc00000, 0x00000000abc00000|100%| O|  |TS  0|AC  0|TAMS 0x00000000abc00000, 0x00000000abc00000|
|  50|0x00000000abc00000, 0x00000000abd00000, 0x00000000abd00000|100%| O|  |TS  0|AC  0|TAMS 0x00000000abd00000, 0x00000000abd00000|
|  51|0x00000000abd00000, 0x00000000abe00000, 0x00000000abe00000|100%| O|  |TS  0|AC  0|TAMS 0x00000000abe00000, 0x00000000abe00000|
|  52|0x00000000abe00000, 0x00000000abf00000, 0x00000000abf00000|100%| O|  |TS  0|AC  0|TAMS 0x00000000abf00000, 0x00000000abf00000|
|  53|0x00000000abf00000, 0x00000000ac000000, 0x00000000ac000000|100%| O|  |TS  0|AC  0|TAMS 0x00000000ac000000, 0x00000000ac000000|
|  54|0x00000000ac000000, 0x00000000ac100000, 0x00000000ac100000|100%| O|  |TS  1|AC  0|TAMS 0x00000000ac0c9200, 0x00000000ac100000|
|  55|0x00000000ac100000, 0x00000000ac200000, 0x00000000ac200000|100%| O|  |TS  1|AC  0|TAMS 0x00000000ac100000, 0x00000000ac200000|
|  56|0x00000000ac200000, 0x00000000ac300000, 0x00000000ac300000|100%| O|  |TS  2|AC  0|TAMS 0x00000000ac200000, 0x00000000ac300000|
|  57|0x00000000ac300000, 0x00000000ac400000, 0x00000000ac400000|100%| O|  |TS  2|AC  0|TAMS 0x00000000ac300000, 0x00000000ac400000|
|  58|0x00000000ac400000, 0x00000000ac500000, 0x00000000ac500000|100%| O|  |TS  2|AC  0|TAMS 0x00000000ac400000, 0x00000000ac500000|
|  59|0x00000000ac500000, 0x00000000ac600000, 0x00000000ac600000|100%| O|  |TS  2|AC  0|TAMS 0x00000000ac500000, 0x00000000ac600000|
|  60|0x00000000ac600000, 0x00000000ac700000, 0x00000000ac700000|100%| O|  |TS  2|AC  0|TAMS 0x00000000ac600000, 0x00000000ac700000|
|  61|0x00000000ac700000, 0x00000000ac800000, 0x00000000ac800000|100%| O|  |TS  4|AC  0|TAMS 0x00000000ac700000, 0x00000000ac800000|
|  62|0x00000000ac800000, 0x00000000ac900000, 0x00000000ac900000|100%| O|  |TS  5|AC  0|TAMS 0x00000000ac800000, 0x00000000ac900000|
|  63|0x00000000ac900000, 0x00000000aca00000, 0x00000000aca00000|100%| O|  |TS  5|AC  0|TAMS 0x00000000ac900000, 0x00000000aca00000|
|  64|0x00000000aca00000, 0x00000000acb00000, 0x00000000acb00000|100%| O|  |TS  6|AC  0|TAMS 0x00000000aca00000, 0x00000000acb00000|
|  65|0x00000000acb00000, 0x00000000acc00000, 0x00000000acc00000|100%| O|  |TS  8|AC  0|TAMS 0x00000000acb00000, 0x00000000acc00000|
|  66|0x00000000acc00000, 0x00000000acd00000, 0x00000000acd00000|100%| O|  |TS  6|AC  0|TAMS 0x00000000acc00000, 0x00000000acd00000|
|  67|0x00000000acd00000, 0x00000000ace00000, 0x00000000ace00000|100%| O|  |TS  6|AC  0|TAMS 0x00000000acd00000, 0x00000000ace00000|
|  68|0x00000000ace00000, 0x00000000acf00000, 0x00000000acf00000|100%| O|  |TS  6|AC  0|TAMS 0x00000000ace00000, 0x00000000acf00000|
|  69|0x00000000acf00000, 0x00000000ad000000, 0x00000000ad000000|100%| O|  |TS  6|AC  0|TAMS 0x00000000acf00000, 0x00000000ad000000|
|  70|0x00000000ad000000, 0x00000000ad100000, 0x00000000ad100000|100%| O|  |TS  6|AC  0|TAMS 0x00000000ad000000, 0x00000000ad100000|
|  71|0x00000000ad100000, 0x00000000ad200000, 0x00000000ad200000|100%| O|  |TS  6|AC  0|TAMS 0x00000000ad100000, 0x00000000ad200000|
|  72|0x00000000ad200000, 0x00000000ad300000, 0x00000000ad300000|100%| O|  |TS  6|AC  0|TAMS 0x00000000ad200000, 0x00000000ad300000|
|  73|0x00000000ad300000, 0x00000000ad400000, 0x00000000ad400000|100%| O|  |TS  6|AC  0|TAMS 0x00000000ad300000, 0x00000000ad400000|
|  74|0x00000000ad400000, 0x00000000ad500000, 0x00000000ad500000|100%| O|  |TS  6|AC  0|TAMS 0x00000000ad400000, 0x00000000ad500000|
|  75|0x00000000ad500000, 0x00000000ad600000, 0x00000000ad600000|100%| O|  |TS  6|AC  0|TAMS 0x00000000ad500000, 0x00000000ad600000|
|  76|0x00000000ad600000, 0x00000000ad700000, 0x00000000ad700000|100%| O|  |TS  6|AC  0|TAMS 0x00000000ad600000, 0x00000000ad700000|
|  77|0x00000000ad700000, 0x00000000ad800000, 0x00000000ad800000|100%| O|  |TS  6|AC  0|TAMS 0x00000000ad700000, 0x00000000ad800000|
|  78|0x00000000ad800000, 0x00000000ad900000, 0x00000000ad900000|100%| O|  |TS  6|AC  0|TAMS 0x00000000ad800000, 0x00000000ad900000|
|  79|0x00000000ad900000, 0x00000000ada00000, 0x00000000ada00000|100%| O|  |TS  6|AC  0|TAMS 0x00000000ad900000, 0x00000000ada00000|
|  80|0x00000000ada00000, 0x00000000adb00000, 0x00000000adb00000|100%| O|  |TS  6|AC  0|TAMS 0x00000000ada00000, 0x00000000adb00000|
|  81|0x00000000adb00000, 0x00000000adc00000, 0x00000000adc00000|100%| O|  |TS  6|AC  0|TAMS 0x00000000adb00000, 0x00000000adc00000|
|  82|0x00000000adc00000, 0x00000000add00000, 0x00000000add00000|100%| O|  |TS  6|AC  0|TAMS 0x00000000adc00000, 0x00000000add00000|
|  83|0x00000000add00000, 0x00000000ade00000, 0x00000000ade00000|100%| O|  |TS  6|AC  0|TAMS 0x00000000add00000, 0x00000000ade00000|
|  84|0x00000000ade00000, 0x00000000adf00000, 0x00000000adf00000|100%| O|  |TS  6|AC  0|TAMS 0x00000000ade00000, 0x00000000adf00000|
|  85|0x00000000adf00000, 0x00000000ae000000, 0x00000000ae000000|100%| O|  |TS  6|AC  0|TAMS 0x00000000adf00000, 0x00000000ae000000|
|  86|0x00000000ae000000, 0x00000000ae100000, 0x00000000ae100000|100%| O|  |TS  7|AC  0|TAMS 0x00000000ae000000, 0x00000000ae100000|
|  87|0x00000000ae100000, 0x00000000ae200000, 0x00000000ae200000|100%| O|  |TS  8|AC  0|TAMS 0x00000000ae100000, 0x00000000ae200000|
|  88|0x00000000ae200000, 0x00000000ae300000, 0x00000000ae300000|100%| O|  |TS  8|AC  0|TAMS 0x00000000ae200000, 0x00000000ae300000|
|  89|0x00000000ae300000, 0x00000000ae400000, 0x00000000ae400000|100%| O|  |TS  8|AC  0|TAMS 0x00000000ae300000, 0x00000000ae400000|
|  90|0x00000000ae400000, 0x00000000ae500000, 0x00000000ae500000|100%| O|  |TS  8|AC  0|TAMS 0x00000000ae400000, 0x00000000ae500000|
|  91|0x00000000ae500000, 0x00000000ae600000, 0x00000000ae600000|100%| O|  |TS  8|AC  0|TAMS 0x00000000ae500000, 0x00000000ae600000|
|  92|0x00000000ae600000, 0x00000000ae700000, 0x00000000ae700000|100%|HS|  |TS  1|AC  0|TAMS 0x00000000ae600000, 0x00000000ae700000|
|  93|0x00000000ae700000, 0x00000000ae800000, 0x00000000ae800000|100%|HC|  |TS  1|AC  0|TAMS 0x00000000ae700000, 0x00000000ae800000|
|  94|0x00000000ae800000, 0x00000000ae900000, 0x00000000ae900000|100%| O|  |TS  7|AC  0|TAMS 0x00000000ae800000, 0x00000000ae900000|
|  95|0x00000000ae900000, 0x00000000aea00000, 0x00000000aea00000|100%| O|  |TS  7|AC  0|TAMS 0x00000000ae900000, 0x00000000aea00000|
|  96|0x00000000aea00000, 0x00000000aeb00000, 0x00000000aeb00000|100%| O|  |TS  7|AC  0|TAMS 0x00000000aea00000, 0x00000000aeb00000|
|  97|0x00000000aeb00000, 0x00000000aec00000, 0x00000000aec00000|100%| O|  |TS  7|AC  0|TAMS 0x00000000aeb00000, 0x00000000aec00000|
|  98|0x00000000aec00000, 0x00000000aed00000, 0x00000000aed00000|100%| O|  |TS  7|AC  0|TAMS 0x00000000aec00000, 0x00000000aed00000|
|  99|0x00000000aed00000, 0x00000000aee00000, 0x00000000aee00000|100%| O|  |TS  7|AC  0|TAMS 0x00000000aed00000, 0x00000000aee00000|
| 100|0x00000000aee00000, 0x00000000aef00000, 0x00000000aef00000|100%| O|  |TS  7|AC  0|TAMS 0x00000000aee00000, 0x00000000aef00000|
| 101|0x00000000aef00000, 0x00000000af000000, 0x00000000af000000|100%| O|  |TS  7|AC  0|TAMS 0x00000000aef00000, 0x00000000af000000|
| 102|0x00000000af000000, 0x00000000af100000, 0x00000000af100000|100%| O|  |TS  7|AC  0|TAMS 0x00000000af000000, 0x00000000af100000|
| 103|0x00000000af100000, 0x00000000af200000, 0x00000000af200000|100%| O|  |TS  7|AC  0|TAMS 0x00000000af100000, 0x00000000af200000|
| 104|0x00000000af200000, 0x00000000af300000, 0x00000000af300000|100%| O|  |TS  7|AC  0|TAMS 0x00000000af200000, 0x00000000af300000|
| 105|0x00000000af300000, 0x00000000af400000, 0x00000000af400000|100%| O|  |TS  7|AC  0|TAMS 0x00000000af300000, 0x00000000af400000|
| 106|0x00000000af400000, 0x00000000af500000, 0x00000000af500000|100%| O|  |TS  7|AC  0|TAMS 0x00000000af400000, 0x00000000af500000|
| 107|0x00000000af500000, 0x00000000af600000, 0x00000000af600000|100%| O|  |TS  7|AC  0|TAMS 0x00000000af500000, 0x00000000af600000|
| 108|0x00000000af600000, 0x00000000af700000, 0x00000000af700000|100%| O|  |TS  7|AC  0|TAMS 0x00000000af600000, 0x00000000af700000|
| 109|0x00000000af700000, 0x00000000af800000, 0x00000000af800000|100%| O|  |TS  7|AC  0|TAMS 0x00000000af700000, 0x00000000af800000|
| 110|0x00000000af800000, 0x00000000af900000, 0x00000000af900000|100%| O|  |TS  7|AC  0|TAMS 0x00000000af800000, 0x00000000af900000|
| 111|0x00000000af900000, 0x00000000afa00000, 0x00000000afa00000|100%| O|  |TS  7|AC  0|TAMS 0x00000000af900000, 0x00000000afa00000|
| 112|0x00000000afa00000, 0x00000000afb00000, 0x00000000afb00000|100%| O|  |TS  7|AC  0|TAMS 0x00000000afa00000, 0x00000000afb00000|
| 113|0x00000000afb00000, 0x00000000afc00000, 0x00000000afc00000|100%| O|  |TS  7|AC  0|TAMS 0x00000000afb00000, 0x00000000afc00000|
| 114|0x00000000afc00000, 0x00000000afd00000, 0x00000000afd00000|100%| O|  |TS  7|AC  0|TAMS 0x00000000afc00000, 0x00000000afd00000|
| 115|0x00000000afd00000, 0x00000000afe00000, 0x00000000afe00000|100%| O|  |TS  7|AC  0|TAMS 0x00000000afd00000, 0x00000000afe00000|
| 116|0x00000000afe00000, 0x00000000aff00000, 0x00000000aff00000|100%| O|  |TS  7|AC  0|TAMS 0x00000000afe00000, 0x00000000aff00000|
| 117|0x00000000aff00000, 0x00000000b0000000, 0x00000000b0000000|100%| O|  |TS  7|AC  0|TAMS 0x00000000aff00000, 0x00000000b0000000|
| 118|0x00000000b0000000, 0x00000000b0100000, 0x00000000b0100000|100%| O|  |TS  7|AC  0|TAMS 0x00000000b0000000, 0x00000000b0100000|
| 119|0x00000000b0100000, 0x00000000b0200000, 0x00000000b0200000|100%| O|  |TS  7|AC  0|TAMS 0x00000000b0100000, 0x00000000b0200000|
| 120|0x00000000b0200000, 0x00000000b0300000, 0x00000000b0300000|100%| O|  |TS  7|AC  0|TAMS 0x00000000b0200000, 0x00000000b0300000|
| 121|0x00000000b0300000, 0x00000000b0400000, 0x00000000b0400000|100%| O|  |TS  7|AC  0|TAMS 0x00000000b0300000, 0x00000000b0400000|
| 122|0x00000000b0400000, 0x00000000b0500000, 0x00000000b0500000|100%| O|  |TS  7|AC  0|TAMS 0x00000000b0400000, 0x00000000b0500000|
| 123|0x00000000b0500000, 0x00000000b0600000, 0x00000000b0600000|100%| O|  |TS  7|AC  0|TAMS 0x00000000b0500000, 0x00000000b0600000|
| 124|0x00000000b0600000, 0x00000000b0700000, 0x00000000b0700000|100%| O|  |TS  7|AC  0|TAMS 0x00000000b0600000, 0x00000000b0700000|
| 125|0x00000000b0700000, 0x00000000b0800000, 0x00000000b0800000|100%| O|  |TS  7|AC  0|TAMS 0x00000000b0700000, 0x00000000b0800000|
| 126|0x00000000b0800000, 0x00000000b0900000, 0x00000000b0900000|100%| O|  |TS  7|AC  0|TAMS 0x00000000b0800000, 0x00000000b0900000|
| 127|0x00000000b0900000, 0x00000000b0a00000, 0x00000000b0a00000|100%| O|  |TS  7|AC  0|TAMS 0x00000000b0900000, 0x00000000b0a00000|
| 128|0x00000000b0a00000, 0x00000000b0b00000, 0x00000000b0b00000|100%| O|  |TS  7|AC  0|TAMS 0x00000000b0a00000, 0x00000000b0b00000|
| 129|0x00000000b0b00000, 0x00000000b0c00000, 0x00000000b0c00000|100%| O|  |TS  7|AC  0|TAMS 0x00000000b0b00000, 0x00000000b0c00000|
| 130|0x00000000b0c00000, 0x00000000b0d00000, 0x00000000b0d00000|100%| O|  |TS  8|AC  0|TAMS 0x00000000b0c00000, 0x00000000b0d00000|
| 131|0x00000000b0d00000, 0x00000000b0e00000, 0x00000000b0e00000|100%| O|  |TS  8|AC  0|TAMS 0x00000000b0d00000, 0x00000000b0e00000|
| 132|0x00000000b0e00000, 0x00000000b0f00000, 0x00000000b0f00000|100%| O|  |TS  8|AC  0|TAMS 0x00000000b0e00000, 0x00000000b0f00000|
| 133|0x00000000b0f00000, 0x00000000b1000000, 0x00000000b1000000|100%| O|  |TS  8|AC  0|TAMS 0x00000000b0f00000, 0x00000000b1000000|
| 134|0x00000000b1000000, 0x00000000b1100000, 0x00000000b1100000|100%| O|  |TS  8|AC  0|TAMS 0x00000000b1000000, 0x00000000b1100000|
| 135|0x00000000b1100000, 0x00000000b1200000, 0x00000000b1200000|100%| O|  |TS  8|AC  0|TAMS 0x00000000b1100000, 0x00000000b1200000|
| 136|0x00000000b1200000, 0x00000000b1300000, 0x00000000b1300000|100%| O|  |TS  8|AC  0|TAMS 0x00000000b1200000, 0x00000000b1300000|
| 137|0x00000000b1300000, 0x00000000b1400000, 0x00000000b1400000|100%| O|  |TS  8|AC  0|TAMS 0x00000000b1300000, 0x00000000b1400000|
| 138|0x00000000b1400000, 0x00000000b1500000, 0x00000000b1500000|100%| O|  |TS  8|AC  0|TAMS 0x00000000b1400000, 0x00000000b1500000|
| 139|0x00000000b1500000, 0x00000000b1600000, 0x00000000b1600000|100%| O|  |TS  8|AC  0|TAMS 0x00000000b1500000, 0x00000000b1600000|
| 140|0x00000000b1600000, 0x00000000b1700000, 0x00000000b1700000|100%| O|  |TS  8|AC  0|TAMS 0x00000000b1600000, 0x00000000b1700000|
| 141|0x00000000b1700000, 0x00000000b1800000, 0x00000000b1800000|100%| O|  |TS  8|AC  0|TAMS 0x00000000b1700000, 0x00000000b1800000|
| 142|0x00000000b1800000, 0x00000000b1900000, 0x00000000b1900000|100%| O|  |TS  8|AC  0|TAMS 0x00000000b1800000, 0x00000000b1900000|
| 143|0x00000000b1900000, 0x00000000b1a00000, 0x00000000b1a00000|100%| O|  |TS  8|AC  0|TAMS 0x00000000b1900000, 0x00000000b1a00000|
| 144|0x00000000b1a00000, 0x00000000b1b00000, 0x00000000b1b00000|100%| O|  |TS  8|AC  0|TAMS 0x00000000b1a00000, 0x00000000b1b00000|
| 145|0x00000000b1b00000, 0x00000000b1c00000, 0x00000000b1c00000|100%| O|  |TS  8|AC  0|TAMS 0x00000000b1b00000, 0x00000000b1c00000|
| 146|0x00000000b1c00000, 0x00000000b1d00000, 0x00000000b1d00000|100%| O|  |TS  8|AC  0|TAMS 0x00000000b1c00000, 0x00000000b1d00000|
| 147|0x00000000b1d00000, 0x00000000b1e00000, 0x00000000b1e00000|100%| O|  |TS  8|AC  0|TAMS 0x00000000b1d00000, 0x00000000b1e00000|
| 148|0x00000000b1e00000, 0x00000000b1f00000, 0x00000000b1f00000|100%| O|  |TS  8|AC  0|TAMS 0x00000000b1e00000, 0x00000000b1f00000|
| 149|0x00000000b1f00000, 0x00000000b2000000, 0x00000000b2000000|100%| O|  |TS  8|AC  0|TAMS 0x00000000b1f00000, 0x00000000b2000000|
| 150|0x00000000b2000000, 0x00000000b2100000, 0x00000000b2100000|100%| O|  |TS  8|AC  0|TAMS 0x00000000b2000000, 0x00000000b2100000|
| 151|0x00000000b2100000, 0x00000000b2200000, 0x00000000b2200000|100%| O|  |TS  8|AC  0|TAMS 0x00000000b2100000, 0x00000000b2200000|
| 152|0x00000000b2200000, 0x00000000b2300000, 0x00000000b2300000|100%| O|  |TS  8|AC  0|TAMS 0x00000000b2200000, 0x00000000b2300000|
| 153|0x00000000b2300000, 0x00000000b2400000, 0x00000000b2400000|100%| O|  |TS  8|AC  0|TAMS 0x00000000b2300000, 0x00000000b2400000|
| 154|0x00000000b2400000, 0x00000000b2500000, 0x00000000b2500000|100%| O|  |TS  8|AC  0|TAMS 0x00000000b2400000, 0x00000000b2500000|
| 155|0x00000000b2500000, 0x00000000b2600000, 0x00000000b2600000|100%| O|  |TS  8|AC  0|TAMS 0x00000000b2500000, 0x00000000b2600000|
| 156|0x00000000b2600000, 0x00000000b2700000, 0x00000000b2700000|100%| O|  |TS  8|AC  0|TAMS 0x00000000b2600000, 0x00000000b2700000|
| 157|0x00000000b2700000, 0x00000000b2800000, 0x00000000b2800000|100%| O|  |TS  8|AC  0|TAMS 0x00000000b2700000, 0x00000000b2800000|
| 158|0x00000000b2800000, 0x00000000b2900000, 0x00000000b2900000|100%| O|  |TS  8|AC  0|TAMS 0x00000000b2800000, 0x00000000b2900000|
| 159|0x00000000b2900000, 0x00000000b2a00000, 0x00000000b2a00000|100%| O|  |TS  8|AC  0|TAMS 0x00000000b2900000, 0x00000000b2a00000|
| 160|0x00000000b2a00000, 0x00000000b2b00000, 0x00000000b2b00000|100%| O|  |TS  8|AC  0|TAMS 0x00000000b2a00000, 0x00000000b2b00000|
| 161|0x00000000b2b00000, 0x00000000b2c00000, 0x00000000b2c00000|100%| O|  |TS  8|AC  0|TAMS 0x00000000b2b00000, 0x00000000b2c00000|
| 162|0x00000000b2c00000, 0x00000000b2d00000, 0x00000000b2d00000|100%| O|  |TS  8|AC  0|TAMS 0x00000000b2c00000, 0x00000000b2d00000|
| 163|0x00000000b2d00000, 0x00000000b2e00000, 0x00000000b2e00000|100%| O|  |TS  8|AC  0|TAMS 0x00000000b2d00000, 0x00000000b2e00000|
| 164|0x00000000b2e00000, 0x00000000b2f00000, 0x00000000b2f00000|100%| O|  |TS  8|AC  0|TAMS 0x00000000b2e00000, 0x00000000b2f00000|
| 165|0x00000000b2f00000, 0x00000000b3000000, 0x00000000b3000000|100%| O|  |TS  8|AC  0|TAMS 0x00000000b2f00000, 0x00000000b3000000|
| 166|0x00000000b3000000, 0x00000000b3100000, 0x00000000b3100000|100%| O|  |TS  8|AC  0|TAMS 0x00000000b3000000, 0x00000000b3100000|
| 167|0x00000000b3100000, 0x00000000b3200000, 0x00000000b3200000|100%| O|  |TS  8|AC  0|TAMS 0x00000000b3100000, 0x00000000b3200000|
| 168|0x00000000b3200000, 0x00000000b3300000, 0x00000000b3300000|100%| O|  |TS  8|AC  0|TAMS 0x00000000b3200000, 0x00000000b3300000|
| 169|0x00000000b3300000, 0x00000000b3400000, 0x00000000b3400000|100%| O|  |TS  8|AC  0|TAMS 0x00000000b3300000, 0x00000000b3400000|
| 170|0x00000000b3400000, 0x00000000b3500000, 0x00000000b3500000|100%| O|  |TS  8|AC  0|TAMS 0x00000000b3400000, 0x00000000b3500000|
| 171|0x00000000b3500000, 0x00000000b3600000, 0x00000000b3600000|100%| O|  |TS  8|AC  0|TAMS 0x00000000b3500000, 0x00000000b3600000|
| 172|0x00000000b3600000, 0x00000000b3700000, 0x00000000b3700000|100%| O|  |TS  8|AC  0|TAMS 0x00000000b3600000, 0x00000000b3700000|
| 173|0x00000000b3700000, 0x00000000b3800000, 0x00000000b3800000|100%| O|  |TS  8|AC  0|TAMS 0x00000000b3700000, 0x00000000b3800000|
| 174|0x00000000b3800000, 0x00000000b3900000, 0x00000000b3900000|100%| O|  |TS  8|AC  0|TAMS 0x00000000b3800000, 0x00000000b3900000|
| 175|0x00000000b3900000, 0x00000000b3a00000, 0x00000000b3a00000|100%| O|  |TS  8|AC  0|TAMS 0x00000000b3900000, 0x00000000b3a00000|
| 176|0x00000000b3a00000, 0x00000000b3b00000, 0x00000000b3b00000|100%| O|  |TS  8|AC  0|TAMS 0x00000000b3a00000, 0x00000000b3b00000|
| 177|0x00000000b3b00000, 0x00000000b3c00000, 0x00000000b3c00000|100%| O|  |TS  8|AC  0|TAMS 0x00000000b3b00000, 0x00000000b3c00000|
| 178|0x00000000b3c00000, 0x00000000b3d00000, 0x00000000b3d00000|100%| O|  |TS  8|AC  0|TAMS 0x00000000b3c00000, 0x00000000b3d00000|
| 179|0x00000000b3d00000, 0x00000000b3e00000, 0x00000000b3e00000|100%| O|  |TS  8|AC  0|TAMS 0x00000000b3d00000, 0x00000000b3e00000|
| 180|0x00000000b3e00000, 0x00000000b3f00000, 0x00000000b3f00000|100%| O|  |TS  8|AC  0|TAMS 0x00000000b3e00000, 0x00000000b3f00000|
| 181|0x00000000b3f00000, 0x00000000b4000000, 0x00000000b4000000|100%| O|  |TS  8|AC  0|TAMS 0x00000000b3f00000, 0x00000000b4000000|
| 182|0x00000000b4000000, 0x00000000b4100000, 0x00000000b4100000|100%| O|  |TS  8|AC  0|TAMS 0x00000000b4000000, 0x00000000b4100000|
| 183|0x00000000b4100000, 0x00000000b4200000, 0x00000000b4200000|100%| O|  |TS  8|AC  0|TAMS 0x00000000b4100000, 0x00000000b4200000|
| 184|0x00000000b4200000, 0x00000000b4300000, 0x00000000b4300000|100%| O|  |TS  8|AC  0|TAMS 0x00000000b4200000, 0x00000000b4300000|
| 185|0x00000000b4300000, 0x00000000b4400000, 0x00000000b4400000|100%| O|  |TS  9|AC  0|TAMS 0x00000000b4300000, 0x00000000b4400000|
| 186|0x00000000b4400000, 0x00000000b4500000, 0x00000000b4500000|100%| O|  |TS  9|AC  0|TAMS 0x00000000b4400000, 0x00000000b4500000|
| 187|0x00000000b4500000, 0x00000000b4600000, 0x00000000b4600000|100%| O|  |TS  9|AC  0|TAMS 0x00000000b4500000, 0x00000000b4600000|
| 188|0x00000000b4600000, 0x00000000b4700000, 0x00000000b4700000|100%| O|  |TS  9|AC  0|TAMS 0x00000000b4600000, 0x00000000b4700000|
| 189|0x00000000b4700000, 0x00000000b4800000, 0x00000000b4800000|100%| O|  |TS  9|AC  0|TAMS 0x00000000b4700000, 0x00000000b4800000|
| 190|0x00000000b4800000, 0x00000000b4900000, 0x00000000b4900000|100%| O|  |TS  9|AC  0|TAMS 0x00000000b4800000, 0x00000000b4900000|
| 191|0x00000000b4900000, 0x00000000b4a00000, 0x00000000b4a00000|100%| O|  |TS  9|AC  0|TAMS 0x00000000b4900000, 0x00000000b4a00000|
| 192|0x00000000b4a00000, 0x00000000b4b00000, 0x00000000b4b00000|100%| O|  |TS  9|AC  0|TAMS 0x00000000b4a00000, 0x00000000b4b00000|
| 193|0x00000000b4b00000, 0x00000000b4c00000, 0x00000000b4c00000|100%| O|  |TS  9|AC  0|TAMS 0x00000000b4b00000, 0x00000000b4c00000|
| 194|0x00000000b4c00000, 0x00000000b4d00000, 0x00000000b4d00000|100%| O|  |TS  9|AC  0|TAMS 0x00000000b4c00000, 0x00000000b4d00000|
| 195|0x00000000b4d00000, 0x00000000b4e00000, 0x00000000b4e00000|100%| O|  |TS  9|AC  0|TAMS 0x00000000b4d00000, 0x00000000b4e00000|
| 196|0x00000000b4e00000, 0x00000000b4f00000, 0x00000000b4f00000|100%| O|  |TS  9|AC  0|TAMS 0x00000000b4e00000, 0x00000000b4f00000|
| 197|0x00000000b4f00000, 0x00000000b4f00000, 0x00000000b5000000|  0%| F|  |TS  8|AC  0|TAMS 0x00000000b4f00000, 0x00000000b4f00000|
| 198|0x00000000b5000000, 0x00000000b5000000, 0x00000000b5100000|  0%| F|  |TS  8|AC  0|TAMS 0x00000000b5000000, 0x00000000b5000000|
| 199|0x00000000b5100000, 0x00000000b5100000, 0x00000000b5200000|  0%| F|  |TS  8|AC  0|TAMS 0x00000000b5100000, 0x00000000b5100000|
| 200|0x00000000b5200000, 0x00000000b5200000, 0x00000000b5300000|  0%| F|  |TS  8|AC  0|TAMS 0x00000000b5200000, 0x00000000b5200000|
| 201|0x00000000b5300000, 0x00000000b5300000, 0x00000000b5400000|  0%| F|  |TS  8|AC  0|TAMS 0x00000000b5300000, 0x00000000b5300000|
| 202|0x00000000b5400000, 0x00000000b5400000, 0x00000000b5500000|  0%| F|  |TS  8|AC  0|TAMS 0x00000000b5400000, 0x00000000b5400000|
| 203|0x00000000b5500000, 0x00000000b5500000, 0x00000000b5600000|  0%| F|  |TS  8|AC  0|TAMS 0x00000000b5500000, 0x00000000b5500000|
| 204|0x00000000b5600000, 0x00000000b5600000, 0x00000000b5700000|  0%| F|  |TS  8|AC  0|TAMS 0x00000000b5600000, 0x00000000b5600000|
| 205|0x00000000b5700000, 0x00000000b5700000, 0x00000000b5800000|  0%| F|  |TS  8|AC  0|TAMS 0x00000000b5700000, 0x00000000b5700000|
| 206|0x00000000b5800000, 0x00000000b5800000, 0x00000000b5900000|  0%| F|  |TS  8|AC  0|TAMS 0x00000000b5800000, 0x00000000b5800000|
| 207|0x00000000b5900000, 0x00000000b5900000, 0x00000000b5a00000|  0%| F|  |TS  8|AC  0|TAMS 0x00000000b5900000, 0x00000000b5900000|
| 208|0x00000000b5a00000, 0x00000000b5a00000, 0x00000000b5b00000|  0%| F|  |TS  8|AC  0|TAMS 0x00000000b5a00000, 0x00000000b5a00000|
| 209|0x00000000b5b00000, 0x00000000b5b00000, 0x00000000b5c00000|  0%| F|  |TS  8|AC  0|TAMS 0x00000000b5b00000, 0x00000000b5b00000|
| 210|0x00000000b5c00000, 0x00000000b5c00000, 0x00000000b5d00000|  0%| F|  |TS  7|AC  0|TAMS 0x00000000b5c00000, 0x00000000b5c00000|
| 211|0x00000000b5d00000, 0x00000000b5d00000, 0x00000000b5e00000|  0%| F|  |TS  7|AC  0|TAMS 0x00000000b5d00000, 0x00000000b5d00000|
| 212|0x00000000b5e00000, 0x00000000b5e00000, 0x00000000b5f00000|  0%| F|  |TS  7|AC  0|TAMS 0x00000000b5e00000, 0x00000000b5e00000|
| 213|0x00000000b5f00000, 0x00000000b5f00000, 0x00000000b6000000|  0%| F|  |TS  7|AC  0|TAMS 0x00000000b5f00000, 0x00000000b5f00000|
| 214|0x00000000b6000000, 0x00000000b6000000, 0x00000000b6100000|  0%| F|  |TS  7|AC  0|TAMS 0x00000000b6000000, 0x00000000b6000000|
| 215|0x00000000b6100000, 0x00000000b6100000, 0x00000000b6200000|  0%| F|  |TS  7|AC  0|TAMS 0x00000000b6100000, 0x00000000b6100000|
| 216|0x00000000b6200000, 0x00000000b6200000, 0x00000000b6300000|  0%| F|  |TS  7|AC  0|TAMS 0x00000000b6200000, 0x00000000b6200000|
| 217|0x00000000b6300000, 0x00000000b6300000, 0x00000000b6400000|  0%| F|  |TS  7|AC  0|TAMS 0x00000000b6300000, 0x00000000b6300000|
| 218|0x00000000b6400000, 0x00000000b6400000, 0x00000000b6500000|  0%| F|  |TS  7|AC  0|TAMS 0x00000000b6400000, 0x00000000b6400000|
| 219|0x00000000b6500000, 0x00000000b6500000, 0x00000000b6600000|  0%| F|  |TS  7|AC  0|TAMS 0x00000000b6500000, 0x00000000b6500000|
| 220|0x00000000b6600000, 0x00000000b6600000, 0x00000000b6700000|  0%| F|  |TS  7|AC  0|TAMS 0x00000000b6600000, 0x00000000b6600000|
| 221|0x00000000b6700000, 0x00000000b6700000, 0x00000000b6800000|  0%| F|  |TS  7|AC  0|TAMS 0x00000000b6700000, 0x00000000b6700000|
| 222|0x00000000b6800000, 0x00000000b6800000, 0x00000000b6900000|  0%| F|  |TS  7|AC  0|TAMS 0x00000000b6800000, 0x00000000b6800000|
| 223|0x00000000b6900000, 0x00000000b6900000, 0x00000000b6a00000|  0%| F|  |TS  7|AC  0|TAMS 0x00000000b6900000, 0x00000000b6900000|
| 224|0x00000000b6a00000, 0x00000000b6a00000, 0x00000000b6b00000|  0%| F|  |TS  7|AC  0|TAMS 0x00000000b6a00000, 0x00000000b6a00000|
| 225|0x00000000b6b00000, 0x00000000b6b00000, 0x00000000b6c00000|  0%| F|  |TS  7|AC  0|TAMS 0x00000000b6b00000, 0x00000000b6b00000|
| 226|0x00000000b6c00000, 0x00000000b6c00000, 0x00000000b6d00000|  0%| F|  |TS  7|AC  0|TAMS 0x00000000b6c00000, 0x00000000b6c00000|
| 227|0x00000000b6d00000, 0x00000000b6d00000, 0x00000000b6e00000|  0%| F|  |TS  7|AC  0|TAMS 0x00000000b6d00000, 0x00000000b6d00000|
| 228|0x00000000b6e00000, 0x00000000b6e00000, 0x00000000b6f00000|  0%| F|  |TS  7|AC  0|TAMS 0x00000000b6e00000, 0x00000000b6e00000|
| 229|0x00000000b6f00000, 0x00000000b6f00000, 0x00000000b7000000|  0%| F|  |TS  7|AC  0|TAMS 0x00000000b6f00000, 0x00000000b6f00000|
| 230|0x00000000b7000000, 0x00000000b7000000, 0x00000000b7100000|  0%| F|  |TS  7|AC  0|TAMS 0x00000000b7000000, 0x00000000b7000000|
| 231|0x00000000b7100000, 0x00000000b7100000, 0x00000000b7200000|  0%| F|  |TS  7|AC  0|TAMS 0x00000000b7100000, 0x00000000b7100000|
| 232|0x00000000b7200000, 0x00000000b7200000, 0x00000000b7300000|  0%| F|  |TS  7|AC  0|TAMS 0x00000000b7200000, 0x00000000b7200000|
| 233|0x00000000b7300000, 0x00000000b7300000, 0x00000000b7400000|  0%| F|  |TS  7|AC  0|TAMS 0x00000000b7300000, 0x00000000b7300000|
| 234|0x00000000b7400000, 0x00000000b7400000, 0x00000000b7500000|  0%| F|  |TS  7|AC  0|TAMS 0x00000000b7400000, 0x00000000b7400000|
| 235|0x00000000b7500000, 0x00000000b7500000, 0x00000000b7600000|  0%| F|  |TS  9|AC  0|TAMS 0x00000000b7500000, 0x00000000b7500000|
| 236|0x00000000b7600000, 0x00000000b7600000, 0x00000000b7700000|  0%| F|  |TS  9|AC  0|TAMS 0x00000000b7600000, 0x00000000b7600000|
| 237|0x00000000b7700000, 0x00000000b7700000, 0x00000000b7800000|  0%| F|  |TS  9|AC  0|TAMS 0x00000000b7700000, 0x00000000b7700000|
| 238|0x00000000b7800000, 0x00000000b7800000, 0x00000000b7900000|  0%| F|  |TS  9|AC  0|TAMS 0x00000000b7800000, 0x00000000b7800000|
| 239|0x00000000b7900000, 0x00000000b7900000, 0x00000000b7a00000|  0%| F|  |TS  9|AC  0|TAMS 0x00000000b7900000, 0x00000000b7900000|
| 240|0x00000000b7a00000, 0x00000000b7a00000, 0x00000000b7b00000|  0%| F|  |TS  9|AC  0|TAMS 0x00000000b7a00000, 0x00000000b7a00000|
| 241|0x00000000b7b00000, 0x00000000b7b00000, 0x00000000b7c00000|  0%| F|  |TS  9|AC  0|TAMS 0x00000000b7b00000, 0x00000000b7b00000|
| 242|0x00000000b7c00000, 0x00000000b7c00000, 0x00000000b7d00000|  0%| F|  |TS  9|AC  0|TAMS 0x00000000b7c00000, 0x00000000b7c00000|
| 243|0x00000000b7d00000, 0x00000000b7d00000, 0x00000000b7e00000|  0%| F|  |TS  9|AC  0|TAMS 0x00000000b7d00000, 0x00000000b7d00000|
| 244|0x00000000b7e00000, 0x00000000b7e00000, 0x00000000b7f00000|  0%| F|  |TS  9|AC  0|TAMS 0x00000000b7e00000, 0x00000000b7e00000|
| 245|0x00000000b7f00000, 0x00000000b7f00000, 0x00000000b8000000|  0%| F|  |TS  9|AC  0|TAMS 0x00000000b7f00000, 0x00000000b7f00000|
| 246|0x00000000b8000000, 0x00000000b8000000, 0x00000000b8100000|  0%| F|  |TS  9|AC  0|TAMS 0x00000000b8000000, 0x00000000b8000000|
| 247|0x00000000b8100000, 0x00000000b8100000, 0x00000000b8200000|  0%| F|  |TS  9|AC  0|TAMS 0x00000000b8100000, 0x00000000b8100000|
| 248|0x00000000b8200000, 0x00000000b8200000, 0x00000000b8300000|  0%| F|  |TS  9|AC  0|TAMS 0x00000000b8200000, 0x00000000b8200000|
| 249|0x00000000b8300000, 0x00000000b8300000, 0x00000000b8400000|  0%| F|  |TS  9|AC  0|TAMS 0x00000000b8300000, 0x00000000b8300000|
| 250|0x00000000b8400000, 0x00000000b8400000, 0x00000000b8500000|  0%| F|  |TS  8|AC  0|TAMS 0x00000000b8400000, 0x00000000b8400000|
| 251|0x00000000b8500000, 0x00000000b8500000, 0x00000000b8600000|  0%| F|  |TS  8|AC  0|TAMS 0x00000000b8500000, 0x00000000b8500000|
| 252|0x00000000b8600000, 0x00000000b8600000, 0x00000000b8700000|  0%| F|  |TS  8|AC  0|TAMS 0x00000000b8600000, 0x00000000b8600000|
| 253|0x00000000b8700000, 0x00000000b8700000, 0x00000000b8800000|  0%| F|  |TS  8|AC  0|TAMS 0x00000000b8700000, 0x00000000b8700000|
| 254|0x00000000b8800000, 0x00000000b8800000, 0x00000000b8900000|  0%| F|  |TS  8|AC  0|TAMS 0x00000000b8800000, 0x00000000b8800000|
| 255|0x00000000b8900000, 0x00000000b8900000, 0x00000000b8a00000|  0%| F|  |TS  8|AC  0|TAMS 0x00000000b8900000, 0x00000000b8900000|
| 256|0x00000000b8a00000, 0x00000000b8a00000, 0x00000000b8b00000|  0%| F|  |TS  8|AC  0|TAMS 0x00000000b8a00000, 0x00000000b8a00000|
| 257|0x00000000b8b00000, 0x00000000b8b00000, 0x00000000b8c00000|  0%| F|  |TS  8|AC  0|TAMS 0x00000000b8b00000, 0x00000000b8b00000|
| 258|0x00000000b8c00000, 0x00000000b8c00000, 0x00000000b8d00000|  0%| F|  |TS  8|AC  0|TAMS 0x00000000b8c00000, 0x00000000b8c00000|
| 259|0x00000000b8d00000, 0x00000000b8d00000, 0x00000000b8e00000|  0%| F|  |TS  8|AC  0|TAMS 0x00000000b8d00000, 0x00000000b8d00000|
| 260|0x00000000b8e00000, 0x00000000b8e00000, 0x00000000b8f00000|  0%| F|  |TS  8|AC  0|TAMS 0x00000000b8e00000, 0x00000000b8e00000|
| 261|0x00000000b8f00000, 0x00000000b8f00000, 0x00000000b9000000|  0%| F|  |TS  8|AC  0|TAMS 0x00000000b8f00000, 0x00000000b8f00000|
| 262|0x00000000b9000000, 0x00000000b9000000, 0x00000000b9100000|  0%| F|  |TS  8|AC  0|TAMS 0x00000000b9000000, 0x00000000b9000000|
| 263|0x00000000b9100000, 0x00000000b9100000, 0x00000000b9200000|  0%| F|  |TS  8|AC  0|TAMS 0x00000000b9100000, 0x00000000b9100000|
| 264|0x00000000b9200000, 0x00000000b9200000, 0x00000000b9300000|  0%| F|  |TS  8|AC  0|TAMS 0x00000000b9200000, 0x00000000b9200000|
| 265|0x00000000b9300000, 0x00000000b9300000, 0x00000000b9400000|  0%| F|  |TS  8|AC  0|TAMS 0x00000000b9300000, 0x00000000b9300000|
| 266|0x00000000b9400000, 0x00000000b9400000, 0x00000000b9500000|  0%| F|  |TS  8|AC  0|TAMS 0x00000000b9400000, 0x00000000b9400000|
| 267|0x00000000b9500000, 0x00000000b9500000, 0x00000000b9600000|  0%| F|  |TS  8|AC  0|TAMS 0x00000000b9500000, 0x00000000b9500000|
| 268|0x00000000b9600000, 0x00000000b9600000, 0x00000000b9700000|  0%| F|  |TS  8|AC  0|TAMS 0x00000000b9600000, 0x00000000b9600000|
| 269|0x00000000b9700000, 0x00000000b9700000, 0x00000000b9800000|  0%| F|  |TS  8|AC  0|TAMS 0x00000000b9700000, 0x00000000b9700000|
| 270|0x00000000b9800000, 0x00000000b9800000, 0x00000000b9900000|  0%| F|  |TS  8|AC  0|TAMS 0x00000000b9800000, 0x00000000b9800000|
| 271|0x00000000b9900000, 0x00000000b9900000, 0x00000000b9a00000|  0%| F|  |TS  8|AC  0|TAMS 0x00000000b9900000, 0x00000000b9900000|
| 272|0x00000000b9a00000, 0x00000000b9a00000, 0x00000000b9b00000|  0%| F|  |TS  8|AC  0|TAMS 0x00000000b9a00000, 0x00000000b9a00000|
| 273|0x00000000b9b00000, 0x00000000b9b00000, 0x00000000b9c00000|  0%| F|  |TS  8|AC  0|TAMS 0x00000000b9b00000, 0x00000000b9b00000|
| 274|0x00000000b9c00000, 0x00000000b9c00000, 0x00000000b9d00000|  0%| F|  |TS  8|AC  0|TAMS 0x00000000b9c00000, 0x00000000b9c00000|
| 275|0x00000000b9d00000, 0x00000000b9d00000, 0x00000000b9e00000|  0%| F|  |TS  8|AC  0|TAMS 0x00000000b9d00000, 0x00000000b9d00000|
| 276|0x00000000b9e00000, 0x00000000b9e00000, 0x00000000b9f00000|  0%| F|  |TS  8|AC  0|TAMS 0x00000000b9e00000, 0x00000000b9e00000|
| 277|0x00000000b9f00000, 0x00000000b9f00000, 0x00000000ba000000|  0%| F|  |TS  8|AC  0|TAMS 0x00000000b9f00000, 0x00000000b9f00000|
| 278|0x00000000ba000000, 0x00000000ba000000, 0x00000000ba100000|  0%| F|  |TS  8|AC  0|TAMS 0x00000000ba000000, 0x00000000ba000000|
| 279|0x00000000ba100000, 0x00000000ba100000, 0x00000000ba200000|  0%| F|  |TS  8|AC  0|TAMS 0x00000000ba100000, 0x00000000ba100000|
| 280|0x00000000ba200000, 0x00000000ba200000, 0x00000000ba300000|  0%| F|  |TS  8|AC  0|TAMS 0x00000000ba200000, 0x00000000ba200000|
| 281|0x00000000ba300000, 0x00000000ba300000, 0x00000000ba400000|  0%| F|  |TS  8|AC  0|TAMS 0x00000000ba300000, 0x00000000ba300000|
| 282|0x00000000ba400000, 0x00000000ba400000, 0x00000000ba500000|  0%| F|  |TS  8|AC  0|TAMS 0x00000000ba400000, 0x00000000ba400000|
| 283|0x00000000ba500000, 0x00000000ba500000, 0x00000000ba600000|  0%| F|  |TS  8|AC  0|TAMS 0x00000000ba500000, 0x00000000ba500000|
| 284|0x00000000ba600000, 0x00000000ba600000, 0x00000000ba700000|  0%| F|  |TS  8|AC  0|TAMS 0x00000000ba600000, 0x00000000ba600000|
| 285|0x00000000ba700000, 0x00000000ba700000, 0x00000000ba800000|  0%| F|  |TS  8|AC  0|TAMS 0x00000000ba700000, 0x00000000ba700000|
| 286|0x00000000ba800000, 0x00000000ba800000, 0x00000000ba900000|  0%| F|  |TS  8|AC  0|TAMS 0x00000000ba800000, 0x00000000ba800000|
| 287|0x00000000ba900000, 0x00000000ba900000, 0x00000000baa00000|  0%| F|  |TS  8|AC  0|TAMS 0x00000000ba900000, 0x00000000ba900000|
| 288|0x00000000baa00000, 0x00000000baa00000, 0x00000000bab00000|  0%| F|  |TS  8|AC  0|TAMS 0x00000000baa00000, 0x00000000baa00000|
| 289|0x00000000bab00000, 0x00000000bab00000, 0x00000000bac00000|  0%| F|  |TS  8|AC  0|TAMS 0x00000000bab00000, 0x00000000bab00000|
| 290|0x00000000bac00000, 0x00000000bac00000, 0x00000000bad00000|  0%| F|  |TS  8|AC  0|TAMS 0x00000000bac00000, 0x00000000bac00000|
| 291|0x00000000bad00000, 0x00000000bae00000, 0x00000000bae00000|100%| S|CS|TS  9|AC  0|TAMS 0x00000000bad00000, 0x00000000bad00000|
| 292|0x00000000bae00000, 0x00000000baf00000, 0x00000000baf00000|100%| S|CS|TS  9|AC  0|TAMS 0x00000000bae00000, 0x00000000bae00000|
| 293|0x00000000baf00000, 0x00000000bb000000, 0x00000000bb000000|100%| S|CS|TS  9|AC  0|TAMS 0x00000000baf00000, 0x00000000baf00000|
| 294|0x00000000bb000000, 0x00000000bb100000, 0x00000000bb100000|100%| S|CS|TS  9|AC  0|TAMS 0x00000000bb000000, 0x00000000bb000000|
| 295|0x00000000bb100000, 0x00000000bb200000, 0x00000000bb200000|100%| S|CS|TS  9|AC  0|TAMS 0x00000000bb100000, 0x00000000bb100000|
| 296|0x00000000bb200000, 0x00000000bb300000, 0x00000000bb300000|100%| S|CS|TS  9|AC  0|TAMS 0x00000000bb200000, 0x00000000bb200000|
| 297|0x00000000bb300000, 0x00000000bb400000, 0x00000000bb400000|100%| S|CS|TS  9|AC  0|TAMS 0x00000000bb300000, 0x00000000bb300000|
| 298|0x00000000bb400000, 0x00000000bb500000, 0x00000000bb500000|100%| S|CS|TS  9|AC  0|TAMS 0x00000000bb400000, 0x00000000bb400000|
| 299|0x00000000bb500000, 0x00000000bb600000, 0x00000000bb600000|100%| S|CS|TS  9|AC  0|TAMS 0x00000000bb500000, 0x00000000bb500000|
| 300|0x00000000bb600000, 0x00000000bb600000, 0x00000000bb700000|  0%| F|  |TS  9|AC  0|TAMS 0x00000000bb600000, 0x00000000bb600000|
| 301|0x00000000bb700000, 0x00000000bb700000, 0x00000000bb800000|  0%| F|  |TS  9|AC  0|TAMS 0x00000000bb700000, 0x00000000bb700000|
| 302|0x00000000bb800000, 0x00000000bb800000, 0x00000000bb900000|  0%| F|  |TS  9|AC  0|TAMS 0x00000000bb800000, 0x00000000bb800000|
| 303|0x00000000bb900000, 0x00000000bb900000, 0x00000000bba00000|  0%| F|  |TS  9|AC  0|TAMS 0x00000000bb900000, 0x00000000bb900000|
| 304|0x00000000bba00000, 0x00000000bba00000, 0x00000000bbb00000|  0%| F|  |TS  9|AC  0|TAMS 0x00000000bba00000, 0x00000000bba00000|
| 305|0x00000000bbb00000, 0x00000000bbb00000, 0x00000000bbc00000|  0%| F|  |TS  9|AC  0|TAMS 0x00000000bbb00000, 0x00000000bbb00000|
| 306|0x00000000bbc00000, 0x00000000bbc00000, 0x00000000bbd00000|  0%| F|  |TS  9|AC  0|TAMS 0x00000000bbc00000, 0x00000000bbc00000|
| 307|0x00000000bbd00000, 0x00000000bbd00000, 0x00000000bbe00000|  0%| F|  |TS  9|AC  0|TAMS 0x00000000bbd00000, 0x00000000bbd00000|
| 308|0x00000000bbe00000, 0x00000000bbe00000, 0x00000000bbf00000|  0%| F|  |TS  9|AC  0|TAMS 0x00000000bbe00000, 0x00000000bbe00000|
| 309|0x00000000bbf00000, 0x00000000bbf00000, 0x00000000bc000000|  0%| F|  |TS  9|AC  0|TAMS 0x00000000bbf00000, 0x00000000bbf00000|
| 310|0x00000000bc000000, 0x00000000bc000000, 0x00000000bc100000|  0%| F|  |TS  9|AC  0|TAMS 0x00000000bc000000, 0x00000000bc000000|
| 311|0x00000000bc100000, 0x00000000bc100000, 0x00000000bc200000|  0%| F|  |TS  9|AC  0|TAMS 0x00000000bc100000, 0x00000000bc100000|
| 312|0x00000000bc200000, 0x00000000bc200000, 0x00000000bc300000|  0%| F|  |TS  9|AC  0|TAMS 0x00000000bc200000, 0x00000000bc200000|
| 313|0x00000000bc300000, 0x00000000bc300000, 0x00000000bc400000|  0%| F|  |TS  9|AC  0|TAMS 0x00000000bc300000, 0x00000000bc300000|
| 314|0x00000000bc400000, 0x00000000bc400000, 0x00000000bc500000|  0%| F|  |TS  9|AC  0|TAMS 0x00000000bc400000, 0x00000000bc400000|
| 315|0x00000000bc500000, 0x00000000bc500000, 0x00000000bc600000|  0%| F|  |TS  9|AC  0|TAMS 0x00000000bc500000, 0x00000000bc500000|
| 316|0x00000000bc600000, 0x00000000bc600000, 0x00000000bc700000|  0%| F|  |TS  9|AC  0|TAMS 0x00000000bc600000, 0x00000000bc600000|
| 317|0x00000000bc700000, 0x00000000bc700000, 0x00000000bc800000|  0%| F|  |TS  9|AC  0|TAMS 0x00000000bc700000, 0x00000000bc700000|
| 318|0x00000000bc800000, 0x00000000bc800000, 0x00000000bc900000|  0%| F|  |TS  9|AC  0|TAMS 0x00000000bc800000, 0x00000000bc800000|
| 319|0x00000000bc900000, 0x00000000bc900000, 0x00000000bca00000|  0%| F|  |TS  9|AC  0|TAMS 0x00000000bc900000, 0x00000000bc900000|
| 320|0x00000000bca00000, 0x00000000bca00000, 0x00000000bcb00000|  0%| F|  |TS  9|AC  0|TAMS 0x00000000bca00000, 0x00000000bca00000|
| 321|0x00000000bcb00000, 0x00000000bcb00000, 0x00000000bcc00000|  0%| F|  |TS  9|AC  0|TAMS 0x00000000bcb00000, 0x00000000bcb00000|
| 322|0x00000000bcc00000, 0x00000000bcc00000, 0x00000000bcd00000|  0%| F|  |TS  9|AC  0|TAMS 0x00000000bcc00000, 0x00000000bcc00000|
| 323|0x00000000bcd00000, 0x00000000bcd00000, 0x00000000bce00000|  0%| F|  |TS  9|AC  0|TAMS 0x00000000bcd00000, 0x00000000bcd00000|
| 324|0x00000000bce00000, 0x00000000bce00000, 0x00000000bcf00000|  0%| F|  |TS  9|AC  0|TAMS 0x00000000bce00000, 0x00000000bce00000|
| 325|0x00000000bcf00000, 0x00000000bcf00000, 0x00000000bd000000|  0%| F|  |TS  9|AC  0|TAMS 0x00000000bcf00000, 0x00000000bcf00000|
| 326|0x00000000bd000000, 0x00000000bd000000, 0x00000000bd100000|  0%| F|  |TS  9|AC  0|TAMS 0x00000000bd000000, 0x00000000bd000000|
| 327|0x00000000bd100000, 0x00000000bd100000, 0x00000000bd200000|  0%| F|  |TS  9|AC  0|TAMS 0x00000000bd100000, 0x00000000bd100000|
| 328|0x00000000bd200000, 0x00000000bd200000, 0x00000000bd300000|  0%| F|  |TS  9|AC  0|TAMS 0x00000000bd200000, 0x00000000bd200000|
| 329|0x00000000bd300000, 0x00000000bd300000, 0x00000000bd400000|  0%| F|  |TS  9|AC  0|TAMS 0x00000000bd300000, 0x00000000bd300000|
| 330|0x00000000bd400000, 0x00000000bd400000, 0x00000000bd500000|  0%| F|  |TS  9|AC  0|TAMS 0x00000000bd400000, 0x00000000bd400000|
| 331|0x00000000bd500000, 0x00000000bd500000, 0x00000000bd600000|  0%| F|  |TS  9|AC  0|TAMS 0x00000000bd500000, 0x00000000bd500000|
| 332|0x00000000bd600000, 0x00000000bd600000, 0x00000000bd700000|  0%| F|  |TS  9|AC  0|TAMS 0x00000000bd600000, 0x00000000bd600000|
| 333|0x00000000bd700000, 0x00000000bd700000, 0x00000000bd800000|  0%| F|  |TS  9|AC  0|TAMS 0x00000000bd700000, 0x00000000bd700000|
| 334|0x00000000bd800000, 0x00000000bd800000, 0x00000000bd900000|  0%| F|  |TS  9|AC  0|TAMS 0x00000000bd800000, 0x00000000bd800000|
| 335|0x00000000bd900000, 0x00000000bd900000, 0x00000000bda00000|  0%| F|  |TS  9|AC  0|TAMS 0x00000000bd900000, 0x00000000bd900000|
| 336|0x00000000bda00000, 0x00000000bda00000, 0x00000000bdb00000|  0%| F|  |TS  9|AC  0|TAMS 0x00000000bda00000, 0x00000000bda00000|
| 337|0x00000000bdb00000, 0x00000000bdb00000, 0x00000000bdc00000|  0%| F|  |TS  9|AC  0|TAMS 0x00000000bdb00000, 0x00000000bdb00000|
| 338|0x00000000bdc00000, 0x00000000bdc00000, 0x00000000bdd00000|  0%| F|  |TS  9|AC  0|TAMS 0x00000000bdc00000, 0x00000000bdc00000|
| 339|0x00000000bdd00000, 0x00000000bdd00000, 0x00000000bde00000|  0%| F|  |TS  9|AC  0|TAMS 0x00000000bdd00000, 0x00000000bdd00000|
| 340|0x00000000bde00000, 0x00000000bde00000, 0x00000000bdf00000|  0%| F|  |TS  9|AC  0|TAMS 0x00000000bde00000, 0x00000000bde00000|
| 341|0x00000000bdf00000, 0x00000000bdf00000, 0x00000000be000000|  0%| F|  |TS  9|AC  0|TAMS 0x00000000bdf00000, 0x00000000bdf00000|
| 342|0x00000000be000000, 0x00000000be000000, 0x00000000be100000|  0%| F|  |TS  9|AC  0|TAMS 0x00000000be000000, 0x00000000be000000|
| 343|0x00000000be100000, 0x00000000be100000, 0x00000000be200000|  0%| F|  |TS  9|AC  0|TAMS 0x00000000be100000, 0x00000000be100000|
| 344|0x00000000be200000, 0x00000000be200000, 0x00000000be300000|  0%| F|  |TS  9|AC  0|TAMS 0x00000000be200000, 0x00000000be200000|
| 345|0x00000000be300000, 0x00000000be300000, 0x00000000be400000|  0%| F|  |TS  9|AC  0|TAMS 0x00000000be300000, 0x00000000be300000|

Card table byte_map: [0x00007f21d4138000,0x00007f21d43f3000] byte_map_base: 0x00007f21d3bf3000

Marking Bits (Prev, Next): (CMBitMap*) 0x00007f21d0081558, (CMBitMap*) 0x00007f21d0081520
 Prev Bits: [0x00007f21b4cbb000, 0x00007f21b6293000)
 Next Bits: [0x00007f21b6293000, 0x00007f21b786b000)

Polling page: 0x00007f21d95b6000

CodeHeap 'non-profiled nmethods': size=120032Kb used=2518Kb max_used=2518Kb free=117513Kb
 bounds [0x00007f21bf5ee000, 0x00007f21bf86e000, 0x00007f21c6b26000]
CodeHeap 'profiled nmethods': size=120028Kb used=7163Kb max_used=7163Kb free=112865Kb
 bounds [0x00007f21b80b7000, 0x00007f21b87b7000, 0x00007f21bf5ee000]
CodeHeap 'non-nmethods': size=5700Kb used=1074Kb max_used=1148Kb free=4625Kb
 bounds [0x00007f21b7b26000, 0x00007f21b7d96000, 0x00007f21b80b7000]
 total_blobs=3684 nmethods=2630 adapters=298
 compilation: enabled

Compilation events (10 events):
Event: 8.538 Thread 0x00007f21d018a800 2756       2       com.google.javascript.jscomp.parsing.parser.trees.ParseTree::asConditionalExpression (5 bytes)
Event: 8.538 Thread 0x00007f21d018a800 nmethod 2756 0x00007f21b87b4810 code [0x00007f21b87b49c0, 0x00007f21b87b4b50]
Event: 8.538 Thread 0x00007f21d018a800 2755       2       com.google.javascript.jscomp.parsing.parser.trees.ParseTree::asNewExpression (5 bytes)
Event: 8.538 Thread 0x00007f21d018a800 nmethod 2755 0x00007f21b87b4c10 code [0x00007f21b87b4dc0, 0x00007f21b87b4f50]
Event: 8.539 Thread 0x00007f21d018a800 2740       2       com.google.javascript.jscomp.parsing.parser.trees.ParseTree::asCaseClause (5 bytes)
Event: 8.539 Thread 0x00007f21d018a800 nmethod 2740 0x00007f21b87b5010 code [0x00007f21b87b51c0, 0x00007f21b87b5350]
Event: 8.539 Thread 0x00007f21d018a800 2750       2       com.google.javascript.jscomp.parsing.parser.trees.ParseTree::asForStatement (5 bytes)
Event: 8.539 Thread 0x00007f21d018a800 nmethod 2750 0x00007f21b87b5410 code [0x00007f21b87b55c0, 0x00007f21b87b5750]
Event: 8.540 Thread 0x00007f21d018a800 2760       2       com.google.javascript.jscomp.parsing.parser.trees.ParseTree::asUpdateExpression (5 bytes)
Event: 8.540 Thread 0x00007f21d018a800 nmethod 2760 0x00007f21b87b5810 code [0x00007f21b87b59c0, 0x00007f21b87b5b50]

GC Heap History (10 events):
Event: 6.298 GC heap after
{Heap after GC invocations=14 (full 0):
 garbage-first heap   total 177152K, used 66922K [0x00000000a8a00000, 0x0000000100000000)
  region size 1024K, 8 young (8192K), 8 survivors (8192K)
 Metaspace       used 16401K, capacity 16599K, committed 17024K, reserved 1064960K
  class space    used 1478K, capacity 1553K, committed 1664K, reserved 1048576K
}
Event: 6.712 GC heap before
{Heap before GC invocations=14 (full 0):
 garbage-first heap   total 177152K, used 118122K [0x00000000a8a00000, 0x0000000100000000)
  region size 1024K, 58 young (59392K), 8 survivors (8192K)
 Metaspace       used 16402K, capacity 16599K, committed 17024K, reserved 1064960K
  class space    used 1478K, capacity 1553K, committed 1664K, reserved 1048576K
}
Event: 6.743 GC heap after
{Heap after GC invocations=15 (full 0):
 garbage-first heap   total 354304K, used 74070K [0x00000000a8a00000, 0x0000000100000000)
  region size 1024K, 8 young (8192K), 8 survivors (8192K)
 Metaspace       used 16402K, capacity 16599K, committed 17024K, reserved 1064960K
  class space    used 1478K, capacity 1553K, committed 1664K, reserved 1048576K
}
Event: 7.361 GC heap before
{Heap before GC invocations=15 (full 0):
 garbage-first heap   total 354304K, used 185686K [0x00000000a8a00000, 0x0000000100000000)
  region size 1024K, 116 young (118784K), 8 survivors (8192K)
 Metaspace       used 16460K, capacity 16663K, committed 17024K, reserved 1064960K
  class space    used 1478K, capacity 1553K, committed 1664K, reserved 1048576K
}
Event: 7.398 GC heap after
{Heap after GC invocations=16 (full 0):
 garbage-first heap   total 354304K, used 103356K [0x00000000a8a00000, 0x0000000100000000)
  region size 1024K, 15 young (15360K), 15 survivors (15360K)
 Metaspace       used 16460K, capacity 16663K, committed 17024K, reserved 1064960K
  class space    used 1478K, capacity 1553K, committed 1664K, reserved 1048576K
}
Event: 7.859 GC heap before
{Heap before GC invocations=16 (full 0):
 garbage-first heap   total 354304K, used 235452K [0x00000000a8a00000, 0x0000000100000000)
  region size 1024K, 136 young (139264K), 15 survivors (15360K)
 Metaspace       used 16466K, capacity 16663K, committed 17024K, reserved 1064960K
  class space    used 1478K, capacity 1553K, committed 1664K, reserved 1048576K
}
Event: 7.913 GC heap after
{Heap after GC invocations=17 (full 0):
 garbage-first heap   total 354304K, used 144384K [0x00000000a8a00000, 0x0000000100000000)
  region size 1024K, 17 young (17408K), 17 survivors (17408K)
 Metaspace       used 16466K, capacity 16663K, committed 17024K, reserved 1064960K
  class space    used 1478K, capacity 1553K, committed 1664K, reserved 1048576K
}
Event: 8.138 GC heap before
{Heap before GC invocations=17 (full 0):
 garbage-first heap   total 354304K, used 242688K [0x00000000a8a00000, 0x0000000100000000)
  region size 1024K, 113 young (115712K), 17 survivors (17408K)
 Metaspace       used 16468K, capacity 16663K, committed 17024K, reserved 1064960K
  class space    used 1478K, capacity 1553K, committed 1664K, reserved 1048576K
}
Event: 8.222 GC heap after
{Heap after GC invocations=18 (full 0):
 garbage-first heap   total 354304K, used 204800K [0x00000000a8a00000, 0x0000000100000000)
  region size 1024K, 15 young (15360K), 15 survivors (15360K)
 Metaspace       used 16468K, capacity 16663K, committed 17024K, reserved 1064960K
  class space    used 1478K, capacity 1553K, committed 1664K, reserved 1048576K
}
Event: 8.689 GC heap before
{Heap before GC invocations=18 (full 0):
 garbage-first heap   total 354304K, used 250880K [0x00000000a8a00000, 0x0000000100000000)
  region size 1024K, 61 young (62464K), 15 survivors (15360K)
 Metaspace       used 16505K, capacity 16663K, committed 17024K, reserved 1064960K
  class space    used 1481K, capacity 1553K, committed 1664K, reserved 1048576K
}

Deoptimization events (10 events):
Event: 3.536 Thread 0x00007f21d050b800 Uncommon trap: reason=unstable_if action=reinterpret pc=0x00007f21bf69a62c method=com.google.javascript.jscomp.parsing.parser.LineNumberTable.computeLineStartOffsets(Ljava/lang/String;)[I @ 53 c2
Event: 3.919 Thread 0x00007f21d050b800 Uncommon trap: reason=unstable_if action=reinterpret pc=0x00007f21bf707934 method=com.google.javascript.jscomp.parsing.parser.Scanner.isIdentifierPart(C)Z @ 91 c2
Event: 3.994 Thread 0x00007f21d050b800 Uncommon trap: reason=unstable_if action=reinterpret pc=0x00007f21bf7140b8 method=com.google.javascript.jscomp.parsing.IRFactory.shouldAttachJSDocHere(Lcom/google/javascript/jscomp/parsing/parser/trees/ParseTree;)Z @ 78 c2
Event: 4.489 Thread 0x00007f21d050b800 Uncommon trap: reason=unstable_if action=reinterpret pc=0x00007f21bf671fb0 method=java.lang.AbstractStringBuilder.isLatin1()Z @ 10 c2
Event: 5.041 Thread 0x00007f21d050b800 Uncommon trap: reason=unstable_if action=reinterpret pc=0x00007f21bf75d560 method=com.google.javascript.jscomp.parsing.IRFactory.validateBlockScopedFunctions(Lcom/google/javascript/rhino/Node;)V @ 14 c2
Event: 7.447 Thread 0x00007f21d050b800 Uncommon trap: reason=unstable_if action=reinterpret pc=0x00007f21bf719ad8 method=com.google.javascript.jscomp.PrepareAst$PrepareAnnotations.annotateCalls(Lcom/google/javascript/rhino/Node;)V @ 58 c2
Event: 8.300 Thread 0x00007f21d050b800 Uncommon trap: reason=unstable_if action=reinterpret pc=0x00007f21bf7c924c method=jdk.internal.math.FloatingDecimal$ASCIIToBinaryBuffer.doubleValue()D @ 116 c2
Event: 8.325 Thread 0x00007f21d050b800 Uncommon trap: reason=unstable_if action=reinterpret pc=0x00007f21bf76e390 method=com.google.javascript.jscomp.parsing.IRFactory.validateLabel(Lcom/google/javascript/rhino/Node;)V @ 4 c2
Event: 8.326 Thread 0x00007f21d050b800 Uncommon trap: reason=null_check action=make_not_entrant pc=0x00007f21bf80a9e8 method=com.google.javascript.rhino.Node.getInputId()Lcom/google/javascript/rhino/InputId; @ 6 c2
Event: 8.447 Thread 0x00007f21d050b800 Uncommon trap: reason=null_assert_or_unreached0 action=make_not_entrant pc=0x00007f21bf815570 method=com.google.javascript.jscomp.parsing.IRFactory$TransformDispatcher.process(Lcom/google/javascript/jscomp/parsing/parser/trees/ParseTree;)Lcom/google/javas

Classes redefined (0 events):
No events

Internal exceptions (10 events):
Event: 2.045 Thread 0x00007f21d0012000 Exception <a 'java/lang/NoSuchMethodError'{0x00000000adfe3a58}: java.lang.invoke.DirectMethodHandle$Holder.invokeSpecial(Ljava/lang/Object;Ljava/lang/Object;Ljava/lang/Object;Ljava/lang/Object;Ljava/lang/Object;Ljava/lang/Object;Ljava/lang/Object;Ljava/la
Event: 2.046 Thread 0x00007f21d0012000 Exception <a 'java/lang/NoSuchMethodError'{0x00000000adfe8158}: java.lang.invoke.Invokers$Holder.invoke_MT(Ljava/lang/Object;Ljava/lang/Object;Ljava/lang/Object;Ljava/lang/Object;Ljava/lang/Object;Ljava/lang/Object;Ljava/lang/Object;Ljava/lang/Object;Ljav
Event: 2.047 Thread 0x00007f21d0012000 Exception <a 'java/lang/NoSuchMethodError'{0x00000000adff4250}: java.lang.invoke.DirectMethodHandle$Holder.invokeSpecial(Ljava/lang/Object;Ljava/lang/Object;Ljava/lang/Object;)I> (0x00000000adff4250) thrown at [/build/openjdk-lts-xioZJb/openjdk-lts-10.0.2
Event: 2.048 Thread 0x00007f21d0012000 Exception <a 'java/lang/NoSuchMethodError'{0x00000000adff9e58}: method resolution failed> (0x00000000adff9e58) thrown at [/build/openjdk-lts-xioZJb/openjdk-lts-10.0.2+13/src/hotspot/share/prims/methodHandles.cpp, line 1226]
Event: 2.048 Thread 0x00007f21d0012000 Exception <a 'java/lang/NoSuchMethodError'{0x00000000adffd1f0}: java.lang.Object.lambda$thenComparing$36697e65$1(Ljava/util/Comparator;Ljava/lang/Object;Ljava/lang/Object;)I> (0x00000000adffd1f0) thrown at [/build/openjdk-lts-xioZJb/openjdk-lts-10.0.2+13/
Event: 2.123 Thread 0x00007f21d0012000 Exception <a 'java/lang/NoSuchMethodError'{0x00000000adb987f8}: java.lang.invoke.DirectMethodHandle$Holder.invokeStaticInit(Ljava/lang/Object;Ljava/lang/Object;)I> (0x00000000adb987f8) thrown at [/build/openjdk-lts-xioZJb/openjdk-lts-10.0.2+13/src/hotspot
Event: 2.259 Thread 0x00007f21d050b800 Implicit null exception at 0x00007f21bf62d7da to 0x00007f21bf62d8d2
Event: 2.269 Thread 0x00007f21d050b800 Implicit null exception at 0x00007f21bf62e26e to 0x00007f21bf62e356
Event: 2.887 Thread 0x00007f21d050b800 Implicit null exception at 0x00007f21bf637937 to 0x00007f21bf637db2
Event: 2.887 Thread 0x00007f21d050b800 Implicit null exception at 0x00007f21bf6402b1 to 0x00007f21bf640472

Events (10 events):
Event: 8.328 Thread 0x00007f21d050b800 DEOPT PACKING pc=0x00007f21b8550418 sp=0x00007f212bffc7f0
Event: 8.328 Thread 0x00007f21d050b800 DEOPT UNPACKING pc=0x00007f21b7b4ddba sp=0x00007f212bffbc80 mode 0
Event: 8.408 Thread 0x00007f21d050b800 DEOPT PACKING pc=0x00007f21b8550418 sp=0x00007f212bffc460
Event: 8.408 Thread 0x00007f21d050b800 DEOPT UNPACKING pc=0x00007f21b7b4ddba sp=0x00007f212bffb8f0 mode 0
Event: 8.445 loading class com/google/javascript/jscomp/parsing/parser/trees/TemplateLiteralPortionTree
Event: 8.445 loading class com/google/javascript/jscomp/parsing/parser/trees/TemplateLiteralPortionTree done
Event: 8.447 Thread 0x00007f21d050b800 Uncommon trap: trap_request=0xffffffec fr.pc=0x00007f21bf815570 relative=0x00000000000004d0
Event: 8.448 Thread 0x00007f21d050b800 DEOPT PACKING pc=0x00007f21bf815570 sp=0x00007f212bffc0f0
Event: 8.448 Thread 0x00007f21d050b800 DEOPT UNPACKING pc=0x00007f21b7b4dfa5 sp=0x00007f212bffc168 mode 2
Event: 8.585 Executing VM operation: G1IncCollectionPause


Dynamic libraries:
a8a00000-be400000 rw-p 00000000 00:00 0 
cb700000-100000000 ---p 00000000 00:00 0 
100000000-1001a0000 rw-p 00000000 00:00 0 
1001a0000-140000000 ---p 00000000 00:00 0 
55b2167ea000-55b2167eb000 r-xp 00000000 08:01 930679                     /usr/lib/jvm/java-11-openjdk-amd64/bin/java
55b2169eb000-55b2169ec000 r--p 00001000 08:01 930679                     /usr/lib/jvm/java-11-openjdk-amd64/bin/java
55b2169ec000-55b2169ed000 rw-p 00002000 08:01 930679                     /usr/lib/jvm/java-11-openjdk-amd64/bin/java
55b216d8e000-55b216daf000 rw-p 00000000 00:00 0                          [heap]
7f2120000000-7f212019b000 rw-p 00000000 00:00 0 
7f212019b000-7f2124000000 ---p 00000000 00:00 0 
7f2127fff000-7f2128003000 ---p 00000000 00:00 0 
7f2128003000-7f212c000000 rw-p 00000000 00:00 0 
7f212c000000-7f212c021000 rw-p 00000000 00:00 0 
7f212c021000-7f2130000000 ---p 00000000 00:00 0 
7f2130000000-7f2130021000 rw-p 00000000 00:00 0 
7f2130021000-7f2134000000 ---p 00000000 00:00 0 
7f2134000000-7f2134021000 rw-p 00000000 00:00 0 
7f2134021000-7f2138000000 ---p 00000000 00:00 0 
7f2138000000-7f2138021000 rw-p 00000000 00:00 0 
7f2138021000-7f213c000000 ---p 00000000 00:00 0 
7f213c000000-7f213ca7e000 rw-p 00000000 00:00 0 
7f213ca7e000-7f2140000000 ---p 00000000 00:00 0 
7f2140000000-7f2141b8d000 rw-p 00000000 00:00 0 
7f2141b8d000-7f2144000000 ---p 00000000 00:00 0 
7f2146ed0000-7f2146fd0000 rw-p 00000000 00:00 0 
7f2146fd0000-7f21470d0000 ---p 00000000 00:00 0 
7f21470d0000-7f21472d0000 rw-p 00000000 00:00 0 
7f21472d0000-7f21474d0000 rw-p 00000000 00:00 0 
7f21474d0000-7f21476d0000 rw-p 00000000 00:00 0 
7f21476d0000-7f21476e7000 r-xp 00000000 08:01 948617                     /usr/lib/jvm/java-11-openjdk-amd64/lib/libnet.so
7f21476e7000-7f21478e6000 ---p 00017000 08:01 948617                     /usr/lib/jvm/java-11-openjdk-amd64/lib/libnet.so
7f21478e6000-7f21478e7000 r--p 00016000 08:01 948617                     /usr/lib/jvm/java-11-openjdk-amd64/lib/libnet.so
7f21478e7000-7f21478e8000 rw-p 00017000 08:01 948617                     /usr/lib/jvm/java-11-openjdk-amd64/lib/libnet.so
7f21478e8000-7f21478f9000 r-xp 00000000 08:01 948618                     /usr/lib/jvm/java-11-openjdk-amd64/lib/libnio.so
7f21478f9000-7f2147af8000 ---p 00011000 08:01 948618                     /usr/lib/jvm/java-11-openjdk-amd64/lib/libnio.so
7f2147af8000-7f2147af9000 r--p 00010000 08:01 948618                     /usr/lib/jvm/java-11-openjdk-amd64/lib/libnio.so
7f2147af9000-7f2147afa000 rw-p 00011000 08:01 948618                     /usr/lib/jvm/java-11-openjdk-amd64/lib/libnio.so
7f2147afa000-7f2147afe000 ---p 00000000 00:00 0 
7f2147afe000-7f2147bfb000 rw-p 00000000 00:00 0 
7f2147bfb000-7f2147bfc000 ---p 00000000 00:00 0 
7f2147bfc000-7f2147cfd000 rw-p 00000000 00:00 0 
7f2147cfd000-7f2147d01000 ---p 00000000 00:00 0 
7f2147d01000-7f2147dfe000 rw-p 00000000 00:00 0 
7f2147dfe000-7f2147e02000 ---p 00000000 00:00 0 
7f2147e02000-7f2147eff000 rw-p 00000000 00:00 0 
7f2147eff000-7f2147f03000 ---p 00000000 00:00 0 
7f2147f03000-7f2148000000 rw-p 00000000 00:00 0 
7f2148000000-7f2149aa6000 rw-p 00000000 00:00 0 
7f2149aa6000-7f214c000000 ---p 00000000 00:00 0 
7f214c000000-7f214e3b8000 rw-p 00000000 00:00 0 
7f214e3b8000-7f2150000000 ---p 00000000 00:00 0 
7f2150000000-7f2150021000 rw-p 00000000 00:00 0 
7f2150021000-7f2154000000 ---p 00000000 00:00 0 
7f2154000000-7f2154021000 rw-p 00000000 00:00 0 
7f2154021000-7f2158000000 ---p 00000000 00:00 0 
7f2158000000-7f21580df000 rw-p 00000000 00:00 0 
7f21580df000-7f215c000000 ---p 00000000 00:00 0 
7f215c000000-7f215c021000 rw-p 00000000 00:00 0 
7f215c021000-7f2160000000 ---p 00000000 00:00 0 
7f2160000000-7f2160021000 rw-p 00000000 00:00 0 
7f2160021000-7f2164000000 ---p 00000000 00:00 0 
7f2164000000-7f2164021000 rw-p 00000000 00:00 0 
7f2164021000-7f2168000000 ---p 00000000 00:00 0 
7f2168000000-7f2168021000 rw-p 00000000 00:00 0 
7f2168021000-7f216c000000 ---p 00000000 00:00 0 
7f216c000000-7f216c021000 rw-p 00000000 00:00 0 
7f216c021000-7f2170000000 ---p 00000000 00:00 0 
7f2170000000-7f2170021000 rw-p 00000000 00:00 0 
7f2170021000-7f2174000000 ---p 00000000 00:00 0 
7f2174000000-7f2174021000 rw-p 00000000 00:00 0 
7f2174021000-7f2178000000 ---p 00000000 00:00 0 
7f2178000000-7f217802d000 rw-p 00000000 00:00 0 
7f217802d000-7f217c000000 ---p 00000000 00:00 0 
7f217c000000-7f217c02c000 rw-p 00000000 00:00 0 
7f217c02c000-7f2180000000 ---p 00000000 00:00 0 
7f2180000000-7f218003c000 rw-p 00000000 00:00 0 
7f218003c000-7f2184000000 ---p 00000000 00:00 0 
7f218401b000-7f218401f000 ---p 00000000 00:00 0 
7f218401f000-7f218411c000 rw-p 00000000 00:00 0 
7f218411c000-7f2184120000 ---p 00000000 00:00 0 
7f2184120000-7f218421d000 rw-p 00000000 00:00 0 
7f218421d000-7f2184221000 ---p 00000000 00:00 0 
7f2184221000-7f218431e000 rw-p 00000000 00:00 0 
7f218431e000-7f2184322000 ---p 00000000 00:00 0 
7f2184322000-7f218441f000 rw-p 00000000 00:00 0 
7f218441f000-7f2184dee000 r--p 00000000 08:01 924394                     /usr/lib/locale/locale-archive
7f2184dee000-7f2184df2000 ---p 00000000 00:00 0 
7f2184df2000-7f2184eef000 rw-p 00000000 00:00 0 
7f2184eef000-7f2184ef3000 ---p 00000000 00:00 0 
7f2184ef3000-7f2184ff0000 rw-p 00000000 00:00 0 
7f2184ff0000-7f2184ff1000 ---p 00000000 00:00 0 
7f2184ff1000-7f21858f2000 rw-p 00000000 00:00 0 
7f21858f2000-7f21858f3000 ---p 00000000 00:00 0 
7f21858f3000-7f21859f4000 rw-p 00000000 00:00 0 
7f21859f4000-7f21859f5000 ---p 00000000 00:00 0 
7f21859f5000-7f2185af6000 rw-p 00000000 00:00 0 
7f2185af6000-7f2185af7000 ---p 00000000 00:00 0 
7f2185af7000-7f2185bf8000 rw-p 00000000 00:00 0 
7f2185bf8000-7f2185bf9000 ---p 00000000 00:00 0 
7f2185bf9000-7f2185cfa000 rw-p 00000000 00:00 0 
7f2185cfa000-7f2185cfb000 ---p 00000000 00:00 0 
7f2185cfb000-7f2185dfc000 rw-p 00000000 00:00 0 
7f2185dfc000-7f2185dfd000 ---p 00000000 00:00 0 
7f2185dfd000-7f2185efe000 rw-p 00000000 00:00 0 
7f2185efe000-7f2185eff000 ---p 00000000 00:00 0 
7f2185eff000-7f2188000000 rw-p 00000000 00:00 0 
7f2188000000-7f2188021000 rw-p 00000000 00:00 0 
7f2188021000-7f218c000000 ---p 00000000 00:00 0 
7f218c000000-7f218c021000 rw-p 00000000 00:00 0 
7f218c021000-7f2190000000 ---p 00000000 00:00 0 
7f2190000000-7f2190035000 rw-p 00000000 00:00 0 
7f2190035000-7f2194000000 ---p 00000000 00:00 0 
7f2194000000-7f2194021000 rw-p 00000000 00:00 0 
7f2194021000-7f2198000000 ---p 00000000 00:00 0 
7f2198000000-7f219802f000 rw-p 00000000 00:00 0 
7f219802f000-7f219c000000 ---p 00000000 00:00 0 
7f219c000000-7f219c026000 rw-p 00000000 00:00 0 
7f219c026000-7f21a0000000 ---p 00000000 00:00 0 
7f21a0000000-7f21a0038000 rw-p 00000000 00:00 0 
7f21a0038000-7f21a4000000 ---p 00000000 00:00 0 
7f21a4000000-7f21a403e000 rw-p 00000000 00:00 0 
7f21a403e000-7f21a8000000 ---p 00000000 00:00 0 
7f21a8000000-7f21a8045000 rw-p 00000000 00:00 0 
7f21a8045000-7f21ac000000 ---p 00000000 00:00 0 
7f21ac000000-7f21ac035000 rw-p 00000000 00:00 0 
7f21ac035000-7f21b0000000 ---p 00000000 00:00 0 
7f21b0000000-7f21b0037000 rw-p 00000000 00:00 0 
7f21b0037000-7f21b4000000 ---p 00000000 00:00 0 
7f21b4035000-7f21b40ab000 rw-p 00000000 00:00 0 
7f21b40ab000-7f21b40ac000 ---p 00000000 00:00 0 
7f21b40ac000-7f21b41ad000 rw-p 00000000 00:00 0 
7f21b41ad000-7f21b41ae000 ---p 00000000 00:00 0 
7f21b41ae000-7f21b4ab7000 rw-p 00000000 00:00 0 
7f21b4ab7000-7f21b4ab8000 ---p 00000000 00:00 0 
7f21b4ab8000-7f21b4bb9000 rw-p 00000000 00:00 0 
7f21b4bb9000-7f21b4bba000 ---p 00000000 00:00 0 
7f21b4bba000-7f21b5223000 rw-p 00000000 00:00 0 
7f21b5223000-7f21b6293000 ---p 00000000 00:00 0 
7f21b6293000-7f21b67fb000 rw-p 00000000 00:00 0 
7f21b67fb000-7f21b786b000 ---p 00000000 00:00 0 
7f21b786b000-7f21b7918000 rw-p 00000000 00:00 0 
7f21b7918000-7f21b7b26000 ---p 00000000 00:00 0 
7f21b7b26000-7f21b7d96000 rwxp 00000000 00:00 0 
7f21b7d96000-7f21b80b7000 ---p 00000000 00:00 0 
7f21b80b7000-7f21b87b7000 rwxp 00000000 00:00 0 
7f21b87b7000-7f21bf5ee000 ---p 00000000 00:00 0 
7f21bf5ee000-7f21bf86e000 rwxp 00000000 00:00 0 
7f21bf86e000-7f21c6b26000 ---p 00000000 00:00 0 
7f21c6b26000-7f21d0000000 r--s 00000000 08:01 948627                     /usr/lib/jvm/java-11-openjdk-amd64/lib/modules
7f21d0000000-7f21d050f000 rw-p 00000000 00:00 0 
7f21d050f000-7f21d4000000 ---p 00000000 00:00 0 
7f21d4036000-7f21d4037000 ---p 00000000 00:00 0 
7f21d4037000-7f21d41e5000 rw-p 00000000 00:00 0 
7f21d41e5000-7f21d43f3000 ---p 00000000 00:00 0 
7f21d43f3000-7f21d44a0000 rw-p 00000000 00:00 0 
7f21d44a0000-7f21d46ae000 ---p 00000000 00:00 0 
7f21d46ae000-7f21d4eb6000 rw-p 00000000 00:00 0 
7f21d4eb6000-7f21d4eb7000 ---p 00000000 00:00 0 
7f21d4eb7000-7f21d4fb8000 rw-p 00000000 00:00 0 
7f21d4fb8000-7f21d4fb9000 ---p 00000000 00:00 0 
7f21d4fb9000-7f21d50ba000 rw-p 00000000 00:00 0 
7f21d50ba000-7f21d50bb000 ---p 00000000 00:00 0 
7f21d50bb000-7f21d51bc000 rw-p 00000000 00:00 0 
7f21d51bc000-7f21d51bd000 ---p 00000000 00:00 0 
7f21d51bd000-7f21d52be000 rw-p 00000000 00:00 0 
7f21d52be000-7f21d52bf000 ---p 00000000 00:00 0 
7f21d52bf000-7f21d53c0000 rw-p 00000000 00:00 0 
7f21d53c0000-7f21d53c1000 ---p 00000000 00:00 0 
7f21d53c1000-7f21d54c2000 rw-p 00000000 00:00 0 
7f21d54c2000-7f21d54c3000 ---p 00000000 00:00 0 
7f21d54c3000-7f21d55c4000 rw-p 00000000 00:00 0 
7f21d55c4000-7f21d55c5000 ---p 00000000 00:00 0 
7f21d55c5000-7f21d56cb000 rw-p 00000000 00:00 0 
7f21d56cb000-7f21d57b1000 ---p 00000000 00:00 0 
7f21d57b1000-7f21d57bf000 rw-p 00000000 00:00 0 
7f21d57bf000-7f21d589c000 ---p 00000000 00:00 0 
7f21d589c000-7f21d58a1000 r-xp 00000000 08:01 948609                     /usr/lib/jvm/java-11-openjdk-amd64/lib/libjimage.so
7f21d58a1000-7f21d5aa0000 ---p 00005000 08:01 948609                     /usr/lib/jvm/java-11-openjdk-amd64/lib/libjimage.so
7f21d5aa0000-7f21d5aa1000 r--p 00004000 08:01 948609                     /usr/lib/jvm/java-11-openjdk-amd64/lib/libjimage.so
7f21d5aa1000-7f21d5aa2000 rw-p 00005000 08:01 948609                     /usr/lib/jvm/java-11-openjdk-amd64/lib/libjimage.so
7f21d5aa2000-7f21d5aa9000 r-xp 00000000 08:01 948626                     /usr/lib/jvm/java-11-openjdk-amd64/lib/libzip.so
7f21d5aa9000-7f21d5ca8000 ---p 00007000 08:01 948626                     /usr/lib/jvm/java-11-openjdk-amd64/lib/libzip.so
7f21d5ca8000-7f21d5ca9000 r--p 00006000 08:01 948626                     /usr/lib/jvm/java-11-openjdk-amd64/lib/libzip.so
7f21d5ca9000-7f21d5caa000 rw-p 00007000 08:01 948626                     /usr/lib/jvm/java-11-openjdk-amd64/lib/libzip.so
7f21d5caa000-7f21d5cb5000 r-xp 00000000 08:01 399298                     /lib/x86_64-linux-gnu/libnss_files-2.27.so
7f21d5cb5000-7f21d5eb4000 ---p 0000b000 08:01 399298                     /lib/x86_64-linux-gnu/libnss_files-2.27.so
7f21d5eb4000-7f21d5eb5000 r--p 0000a000 08:01 399298                     /lib/x86_64-linux-gnu/libnss_files-2.27.so
7f21d5eb5000-7f21d5eb6000 rw-p 0000b000 08:01 399298                     /lib/x86_64-linux-gnu/libnss_files-2.27.so
7f21d5eb6000-7f21d5ebc000 rw-p 00000000 00:00 0 
7f21d5ebc000-7f21d5ed3000 r-xp 00000000 08:01 399292                     /lib/x86_64-linux-gnu/libnsl-2.27.so
7f21d5ed3000-7f21d60d2000 ---p 00017000 08:01 399292                     /lib/x86_64-linux-gnu/libnsl-2.27.so
7f21d60d2000-7f21d60d3000 r--p 00016000 08:01 399292                     /lib/x86_64-linux-gnu/libnsl-2.27.so
7f21d60d3000-7f21d60d4000 rw-p 00017000 08:01 399292                     /lib/x86_64-linux-gnu/libnsl-2.27.so
7f21d60d4000-7f21d60d6000 rw-p 00000000 00:00 0 
7f21d60d6000-7f21d60e1000 r-xp 00000000 08:01 399309                     /lib/x86_64-linux-gnu/libnss_nis-2.27.so
7f21d60e1000-7f21d62e0000 ---p 0000b000 08:01 399309                     /lib/x86_64-linux-gnu/libnss_nis-2.27.so
7f21d62e0000-7f21d62e1000 r--p 0000a000 08:01 399309                     /lib/x86_64-linux-gnu/libnss_nis-2.27.so
7f21d62e1000-7f21d62e2000 rw-p 0000b000 08:01 399309                     /lib/x86_64-linux-gnu/libnss_nis-2.27.so
7f21d62e2000-7f21d62ea000 r-xp 00000000 08:01 399294                     /lib/x86_64-linux-gnu/libnss_compat-2.27.so
7f21d62ea000-7f21d64ea000 ---p 00008000 08:01 399294                     /lib/x86_64-linux-gnu/libnss_compat-2.27.so
7f21d64ea000-7f21d64eb000 r--p 00008000 08:01 399294                     /lib/x86_64-linux-gnu/libnss_compat-2.27.so
7f21d64eb000-7f21d64ec000 rw-p 00009000 08:01 399294                     /lib/x86_64-linux-gnu/libnss_compat-2.27.so
7f21d64ec000-7f21d6518000 r-xp 00000000 08:01 948605                     /usr/lib/jvm/java-11-openjdk-amd64/lib/libjava.so
7f21d6518000-7f21d6717000 ---p 0002c000 08:01 948605                     /usr/lib/jvm/java-11-openjdk-amd64/lib/libjava.so
7f21d6717000-7f21d6718000 r--p 0002b000 08:01 948605                     /usr/lib/jvm/java-11-openjdk-amd64/lib/libjava.so
7f21d6718000-7f21d671a000 rw-p 0002c000 08:01 948605                     /usr/lib/jvm/java-11-openjdk-amd64/lib/libjava.so
7f21d671a000-7f21d6727000 r-xp 00000000 08:01 948625                     /usr/lib/jvm/java-11-openjdk-amd64/lib/libverify.so
7f21d6727000-7f21d6926000 ---p 0000d000 08:01 948625                     /usr/lib/jvm/java-11-openjdk-amd64/lib/libverify.so
7f21d6926000-7f21d6928000 r--p 0000c000 08:01 948625                     /usr/lib/jvm/java-11-openjdk-amd64/lib/libverify.so
7f21d6928000-7f21d6929000 rw-p 0000e000 08:01 948625                     /usr/lib/jvm/java-11-openjdk-amd64/lib/libverify.so
7f21d6929000-7f21d6930000 r-xp 00000000 08:01 399349                     /lib/x86_64-linux-gnu/librt-2.27.so
7f21d6930000-7f21d6b2f000 ---p 00007000 08:01 399349                     /lib/x86_64-linux-gnu/librt-2.27.so
7f21d6b2f000-7f21d6b30000 r--p 00006000 08:01 399349                     /lib/x86_64-linux-gnu/librt-2.27.so
7f21d6b30000-7f21d6b31000 rw-p 00007000 08:01 399349                     /lib/x86_64-linux-gnu/librt-2.27.so
7f21d6b31000-7f21d6b48000 r-xp 00000000 08:01 393301                     /lib/x86_64-linux-gnu/libgcc_s.so.1
7f21d6b48000-7f21d6d47000 ---p 00017000 08:01 393301                     /lib/x86_64-linux-gnu/libgcc_s.so.1
7f21d6d47000-7f21d6d48000 r--p 00016000 08:01 393301                     /lib/x86_64-linux-gnu/libgcc_s.so.1
7f21d6d48000-7f21d6d49000 rw-p 00017000 08:01 393301                     /lib/x86_64-linux-gnu/libgcc_s.so.1
7f21d6d49000-7f21d6ee6000 r-xp 00000000 08:01 399271                     /lib/x86_64-linux-gnu/libm-2.27.so
7f21d6ee6000-7f21d70e5000 ---p 0019d000 08:01 399271                     /lib/x86_64-linux-gnu/libm-2.27.so
7f21d70e5000-7f21d70e6000 r--p 0019c000 08:01 399271                     /lib/x86_64-linux-gnu/libm-2.27.so
7f21d70e6000-7f21d70e7000 rw-p 0019d000 08:01 399271                     /lib/x86_64-linux-gnu/libm-2.27.so
7f21d70e7000-7f21d7260000 r-xp 00000000 08:01 920236                     /usr/lib/x86_64-linux-gnu/libstdc++.so.6.0.25
7f21d7260000-7f21d7460000 ---p 00179000 08:01 920236                     /usr/lib/x86_64-linux-gnu/libstdc++.so.6.0.25
7f21d7460000-7f21d746a000 r--p 00179000 08:01 920236                     /usr/lib/x86_64-linux-gnu/libstdc++.so.6.0.25
7f21d746a000-7f21d746c000 rw-p 00183000 08:01 920236                     /usr/lib/x86_64-linux-gnu/libstdc++.so.6.0.25
7f21d746c000-7f21d7470000 rw-p 00000000 00:00 0 
7f21d7470000-7f21d840d000 r-xp 00000000 08:01 1056032                    /usr/lib/jvm/java-11-openjdk-amd64/lib/server/libjvm.so
7f21d840d000-7f21d860d000 ---p 00f9d000 08:01 1056032                    /usr/lib/jvm/java-11-openjdk-amd64/lib/server/libjvm.so
7f21d860d000-7f21d86d1000 r--p 00f9d000 08:01 1056032                    /usr/lib/jvm/java-11-openjdk-amd64/lib/server/libjvm.so
7f21d86d1000-7f21d8709000 rw-p 01061000 08:01 1056032                    /usr/lib/jvm/java-11-openjdk-amd64/lib/server/libjvm.so
7f21d8709000-7f21d8752000 rw-p 00000000 00:00 0 
7f21d8752000-7f21d876c000 r-xp 00000000 08:01 399341                     /lib/x86_64-linux-gnu/libpthread-2.27.so
7f21d876c000-7f21d896b000 ---p 0001a000 08:01 399341                     /lib/x86_64-linux-gnu/libpthread-2.27.so
7f21d896b000-7f21d896c000 r--p 00019000 08:01 399341                     /lib/x86_64-linux-gnu/libpthread-2.27.so
7f21d896c000-7f21d896d000 rw-p 0001a000 08:01 399341                     /lib/x86_64-linux-gnu/libpthread-2.27.so
7f21d896d000-7f21d8971000 rw-p 00000000 00:00 0 
7f21d8971000-7f21d8974000 r-xp 00000000 08:01 399231                     /lib/x86_64-linux-gnu/libdl-2.27.so
7f21d8974000-7f21d8b73000 ---p 00003000 08:01 399231                     /lib/x86_64-linux-gnu/libdl-2.27.so
7f21d8b73000-7f21d8b74000 r--p 00002000 08:01 399231                     /lib/x86_64-linux-gnu/libdl-2.27.so
7f21d8b74000-7f21d8b75000 rw-p 00003000 08:01 399231                     /lib/x86_64-linux-gnu/libdl-2.27.so
7f21d8b75000-7f21d8b91000 r-xp 00000000 08:01 399380                     /lib/x86_64-linux-gnu/libz.so.1.2.11
7f21d8b91000-7f21d8d90000 ---p 0001c000 08:01 399380                     /lib/x86_64-linux-gnu/libz.so.1.2.11
7f21d8d90000-7f21d8d91000 r--p 0001b000 08:01 399380                     /lib/x86_64-linux-gnu/libz.so.1.2.11
7f21d8d91000-7f21d8d92000 rw-p 0001c000 08:01 399380                     /lib/x86_64-linux-gnu/libz.so.1.2.11
7f21d8d92000-7f21d8f79000 r-xp 00000000 08:01 399208                     /lib/x86_64-linux-gnu/libc-2.27.so
7f21d8f79000-7f21d9179000 ---p 001e7000 08:01 399208                     /lib/x86_64-linux-gnu/libc-2.27.so
7f21d9179000-7f21d917d000 r--p 001e7000 08:01 399208                     /lib/x86_64-linux-gnu/libc-2.27.so
7f21d917d000-7f21d917f000 rw-p 001eb000 08:01 399208                     /lib/x86_64-linux-gnu/libc-2.27.so
7f21d917f000-7f21d9183000 rw-p 00000000 00:00 0 
7f21d9183000-7f21d9192000 r-xp 00000000 08:01 948590                     /usr/lib/jvm/java-11-openjdk-amd64/lib/jli/libjli.so
7f21d9192000-7f21d9391000 ---p 0000f000 08:01 948590                     /usr/lib/jvm/java-11-openjdk-amd64/lib/jli/libjli.so
7f21d9391000-7f21d9392000 r--p 0000e000 08:01 948590                     /usr/lib/jvm/java-11-openjdk-amd64/lib/jli/libjli.so
7f21d9392000-7f21d9393000 rw-p 0000f000 08:01 948590                     /usr/lib/jvm/java-11-openjdk-amd64/lib/jli/libjli.so
7f21d9393000-7f21d93ba000 r-xp 00000000 08:01 399180                     /lib/x86_64-linux-gnu/ld-2.27.so
7f21d93e2000-7f21d949a000 rw-p 00000000 00:00 0 
7f21d949a000-7f21d94a1000 ---p 00000000 00:00 0 
7f21d94a1000-7f21d94a5000 ---p 00000000 00:00 0 
7f21d94a5000-7f21d95a4000 rw-p 00000000 00:00 0 
7f21d95ad000-7f21d95ae000 rw-p 00000000 00:00 0 
7f21d95ae000-7f21d95b6000 rw-s 00000000 08:01 928501                     /tmp/hsperfdata_arslan/28755
7f21d95b6000-7f21d95b7000 ---p 00000000 00:00 0 
7f21d95b7000-7f21d95b8000 r--p 00000000 00:00 0 
7f21d95b8000-7f21d95ba000 rw-p 00000000 00:00 0 
7f21d95ba000-7f21d95bb000 r--p 00027000 08:01 399180                     /lib/x86_64-linux-gnu/ld-2.27.so
7f21d95bb000-7f21d95bc000 rw-p 00028000 08:01 399180                     /lib/x86_64-linux-gnu/ld-2.27.so
7f21d95bc000-7f21d95bd000 rw-p 00000000 00:00 0 
7ffdf0a08000-7ffdf0a29000 rw-p 00000000 00:00 0                          [stack]
7ffdf0b56000-7ffdf0b59000 r--p 00000000 00:00 0                          [vvar]
7ffdf0b59000-7ffdf0b5b000 r-xp 00000000 00:00 0                          [vdso]
ffffffffff600000-ffffffffff601000 r-xp 00000000 00:00 0                  [vsyscall]


VM Arguments:
java_command: third-party/closure-compiler.jar --generate_exports --compilation_level ADVANCED_OPTIMIZATIONS --dependency_mode=STRICT --externs externs/gviz-externs.js --externs externs/interpreter-externs.js --externs externs/prettify-externs.js --externs externs/soundJS-externs.js --externs externs/storage-externs.js --externs appengine/third-party/blockly/externs/svg-externs.js --language_out ECMASCRIPT5_STRICT --entry_point=Puzzle --js='appengine/third-party/**.js' --js='!appengine/third-party/blockly/*.js' --js='!appengine/third-party/blockly/tests/**.js' --js='!appengine/third-party/blockly/externs/**.js' --js='!appengine/third-party/blockly/demos/**.js' --js='appengine/generated/en/*.js' --js='appengine/js/*.js' --warning_level QUIET --js='appengine/puzzle/generated/en/*.js' --js='appengine/puzzle/js/*.js'
java_class_path (initial): third-party/closure-compiler.jar
Launcher Type: SUN_STANDARD

Logging:
Log output configuration:
#0: stdout all=warning uptime,level,tags
#1: stderr all=off uptime,level,tags

Environment Variables:
PATH=/usr/local/sbin:/usr/local/bin:/usr/sbin:/usr/bin:/sbin:/bin:/usr/games:/usr/local/games:/snap/bin
USERNAME=arslan
SHELL=/bin/bash
DISPLAY=:0

Signal Handlers:
SIGSEGV: [libjvm.so+0xd28ad0], sa_mask[0]=11111111011111111101111111111110, sa_flags=SA_RESTART|SA_SIGINFO
SIGBUS: [libjvm.so+0xd28ad0], sa_mask[0]=11111111011111111101111111111110, sa_flags=SA_RESTART|SA_SIGINFO
SIGFPE: [libjvm.so+0xd28ad0], sa_mask[0]=11111111011111111101111111111110, sa_flags=SA_RESTART|SA_SIGINFO
SIGPIPE: [libjvm.so+0xb2a150], sa_mask[0]=11111111011111111101111111111110, sa_flags=SA_RESTART|SA_SIGINFO
SIGXFSZ: [libjvm.so+0xb2a150], sa_mask[0]=11111111011111111101111111111110, sa_flags=SA_RESTART|SA_SIGINFO
SIGILL: [libjvm.so+0xd28ad0], sa_mask[0]=11111111011111111101111111111110, sa_flags=SA_RESTART|SA_SIGINFO
SIGUSR2: [libjvm.so+0xb29f90], sa_mask[0]=00000000000000000000000000000000, sa_flags=SA_RESTART|SA_SIGINFO
SIGHUP: [libjvm.so+0xb2a0e0], sa_mask[0]=11111111011111111101111111111110, sa_flags=SA_RESTART|SA_SIGINFO
SIGINT: [libjvm.so+0xb2a0e0], sa_mask[0]=11111111011111111101111111111110, sa_flags=SA_RESTART|SA_SIGINFO
SIGTERM: [libjvm.so+0xb2a0e0], sa_mask[0]=11111111011111111101111111111110, sa_flags=SA_RESTART|SA_SIGINFO
SIGQUIT: [libjvm.so+0xb2a0e0], sa_mask[0]=11111111011111111101111111111110, sa_flags=SA_RESTART|SA_SIGINFO


---------------  S Y S T E M  ---------------

OS:DISTRIB_ID=Ubuntu
DISTRIB_RELEASE=18.04
DISTRIB_CODENAME=bionic
DISTRIB_DESCRIPTION="Ubuntu 18.04.1 LTS"
uname:Linux 4.15.0-36-generic #39-Ubuntu SMP Mon Sep 24 16:19:09 UTC 2018 x86_64
libc:glibc 2.27 NPTL 2.27 
rlimit: STACK 8192k, CORE 0k, NPROC 22121, NOFILE 4096, AS infinity, DATA infinity, FSIZE infinity
load average:1.73 1.04 0.78

/proc/meminfo:
MemTotal:        5723708 kB
MemFree:           93652 kB
MemAvailable:      14152 kB
Buffers:             432 kB
Cached:           201812 kB
SwapCached:        40676 kB
Active:          4010200 kB
Inactive:         683624 kB
Active(anon):    3988792 kB
Inactive(anon):   664972 kB
Active(file):      21408 kB
Inactive(file):    18652 kB
Unevictable:        2860 kB
Mlocked:            2860 kB
SwapTotal:        969960 kB
SwapFree:              0 kB
Dirty:               156 kB
Writeback:             4 kB
AnonPages:       4455688 kB
Mapped:           197780 kB
Shmem:            161592 kB
Slab:             149156 kB
SReclaimable:      55724 kB
SUnreclaim:        93432 kB
KernelStack:       21920 kB
PageTables:        90424 kB
NFS_Unstable:          0 kB
Bounce:                0 kB
WritebackTmp:          0 kB
CommitLimit:     3831812 kB
Committed_AS:   14873396 kB
VmallocTotal:   34359738367 kB
VmallocUsed:           0 kB
VmallocChunk:          0 kB
HardwareCorrupted:     0 kB
AnonHugePages:         0 kB
ShmemHugePages:        0 kB
ShmemPmdMapped:        0 kB
CmaTotal:              0 kB
CmaFree:               0 kB
HugePages_Total:       0
HugePages_Free:        0
HugePages_Rsvd:        0
HugePages_Surp:        0
Hugepagesize:       2048 kB
DirectMap4k:      509760 kB
DirectMap2M:     5421056 kB
DirectMap1G:           0 kB

container (cgroup) information:
container_type: cgroupv1
cpu_cpuset_cpus: 0-7
cpu_memory_nodes: 0
active_processor_count: 8
cpu_quota: -1
cpu_period: 100000
cpu_shares: -1
memory_limit_in_bytes: -1
memory_and_swap_limit_in_bytes: -2
memory_soft_limit_in_bytes: -1
memory_usage_in_bytes: 4768165888
memory_max_usage_in_bytes: 442261504


CPU:total 8 (initial active 8) (4 cores per cpu, 1 threads per core) family 6 model 94 stepping 3, cmov, cx8, fxsr, mmx, sse, sse2, sse3, ssse3, sse4.1, sse4.2, popcnt, avx, avx2, aes, clmul, erms, rtm, 3dnowpref, lzcnt, tsc, tscinvbit, bmi1, bmi2, adx, fma
CPU Model and flags from /proc/cpuinfo:
model name	: Intel(R) Core(TM) i7-6700HQ CPU @ 2.60GHz
flags		: fpu vme de pse tsc msr pae mce cx8 apic sep mtrr pge mca cmov pat pse36 clflush mmx fxsr sse sse2 ss ht syscall nx pdpe1gb rdtscp lm constant_tsc arch_perfmon nopl xtopology tsc_reliable nonstop_tsc cpuid pni pclmulqdq vmx ssse3 fma cx16 pcid sse4_1 sse4_2 x2apic movbe popcnt tsc_deadline_timer aes xsave avx f16c rdrand hypervisor lahf_lm abm 3dnowprefetch cpuid_fault invpcid_single pti ibrs ibpb stibp tpr_shadow vnmi ept vpid fsgsbase tsc_adjust bmi1 hle avx2 smep bmi2 invpcid rtm mpx rdseed adx smap clflushopt xsaveopt xsavec xsaves arat arch_capabilities

Memory: 4k page, physical 5723708k(95608k free), swap 969960k(0k free)

vm_info: OpenJDK 64-Bit Server VM (10.0.2+13-Ubuntu-1ubuntu0.18.04.2) for linux-amd64 JRE (10.0.2+13-Ubuntu-1ubuntu0.18.04.2), built on Aug 24 2018 17:36:24 by "buildd" with gcc 7.3.0

END.
