#
# There is insufficient memory for the Java Runtime Environment to continue.
# Native memory allocation (mmap) failed to map 209715200 bytes for committing reserved memory.
# Possible reasons:
#   The system is out of physical RAM or swap space
#   The process is running with CompressedOops enabled, and the Java Heap may be blocking the growth of the native heap
# Possible solutions:
#   Reduce memory load on the system
#   Increase physical memory or swap space
#   Check if swap backing store is full
#   Decrease Java heap size (-Xmx/-Xms)
#   Decrease number of Java threads
#   Decrease Java thread stack sizes (-Xss)
#   Set larger code cache with -XX:ReservedCodeCacheSize=
#   JVM is running with Unscaled Compressed Oops mode in which the Java heap is
#     placed in the first 4GB address space. The Java Heap base address is the
#     maximum limit for the native heap growth. Please use -XX:HeapBaseMinAddress
#     to set the Java Heap base and to place the Java Heap above 4GB virtual address.
# This output file may be truncated or incomplete.
#
#  Out of Memory Error (os_linux.cpp:2706), pid=13491, tid=13513
#
# JRE version: OpenJDK Runtime Environment (10.0.2+13) (build 10.0.2+13-Ubuntu-1ubuntu0.18.04.4)
# Java VM: OpenJDK 64-Bit Server VM (10.0.2+13-Ubuntu-1ubuntu0.18.04.4, mixed mode, tiered, compressed oops, g1 gc, linux-amd64)
# Core dump will be written. Default location: Core dumps may be processed with "/usr/share/apport/apport %p %s %c %d %P" (or dumping to /home/arslan/Desktop/learnobot/blockly-games/core.13491)
#

---------------  S U M M A R Y ------------

Command Line: third-party/closure-compiler.jar --generate_exports --compilation_level ADVANCED_OPTIMIZATIONS --dependency_mode=STRICT --externs externs/gviz-externs.js --externs externs/interpreter-externs.js --externs externs/prettify-externs.js --externs externs/soundJS-externs.js --externs externs/storage-externs.js --externs appengine/third-party/blockly/externs/svg-externs.js --language_out ECMASCRIPT5_STRICT --entry_point=Energysource --js='appengine/third-party/**.js' --js='!appengine/third-party/blockly/*.js' --js='!appengine/third-party/blockly/tests/**.js' --js='!appengine/third-party/blockly/externs/**.js' --js='!appengine/third-party/blockly/demos/**.js' --js='appengine/generated/en/*.js' --js='appengine/js/*.js' --warning_level QUIET --js='appengine/energysource/generated/en/*.js' --js='appengine/energysource/js/*.js'

Host: Intel(R) Core(TM) i7-6700HQ CPU @ 2.60GHz, 8 cores, 5G, Ubuntu 18.04.1 LTS
Time: Fri Dec 14 00:35:16 2018 PST elapsed time: 5 seconds (0d 0h 0m 5s)

---------------  T H R E A D  ---------------

Current thread (0x00007f3754165000):  VMThread "VM Thread" [stack: 0x00007f373815f000,0x00007f373825f000] [id=13513]

Stack: [0x00007f373815f000,0x00007f373825f000],  sp=0x00007f373825d0a0,  free space=1016k
Native frames: (J=compiled Java code, A=aot compiled Java code, j=interpreted, Vv=VM code, C=native code)
V  [libjvm.so+0xd27ea4]
V  [libjvm.so+0xd28a4b]
V  [libjvm.so+0x64d415]
V  [libjvm.so+0xb2d7c8]
V  [libjvm.so+0xb2601d]
V  [libjvm.so+0x7662ff]
V  [libjvm.so+0x76653e]
V  [libjvm.so+0x769500]
V  [libjvm.so+0x7efa1c]
V  [libjvm.so+0x7f06df]
V  [libjvm.so+0x7f0b59]
V  [libjvm.so+0x7162cf]
V  [libjvm.so+0x71a3ba]
V  [libjvm.so+0xd3a008]
V  [libjvm.so+0xd38871]
V  [libjvm.so+0xd35b3b]
V  [libjvm.so+0xd3715e]
V  [libjvm.so+0xd37588]
V  [libjvm.so+0xb33d40]

VM_Operation (0x00007f36b39d1f20): G1IncCollectionPause, mode: safepoint, requested by thread 0x00007f3754519000


---------------  P R O C E S S  ---------------

Threads class SMR info:
_java_thread_list=0x00007f3754518590, length=12, elements={
0x00007f3754012000, 0x00007f375416f000, 0x00007f3754171000, 0x00007f375417a000,
0x00007f3754184800, 0x00007f3754186800, 0x00007f3754188800, 0x00007f375418a800,
0x00007f375418c000, 0x00007f3754220000, 0x00007f3754231000, 0x00007f3754519000
}

Java Threads: ( => current thread )
  0x00007f3754012000 JavaThread "main" [_thread_blocked, id=13492, stack(0x00007f375dde3000,0x00007f375dee4000)]
  0x00007f375416f000 JavaThread "Reference Handler" daemon [_thread_blocked, id=13514, stack(0x00007f373805c000,0x00007f373815d000)]
  0x00007f3754171000 JavaThread "Finalizer" daemon [_thread_blocked, id=13515, stack(0x00007f37096ff000,0x00007f3709800000)]
  0x00007f375417a000 JavaThread "Signal Dispatcher" daemon [_thread_blocked, id=13516, stack(0x00007f3708c2f000,0x00007f3708d30000)]
  0x00007f3754184800 JavaThread "C2 CompilerThread0" daemon [_thread_in_native, id=13517, stack(0x00007f3708b2e000,0x00007f3708c2f000)]
  0x00007f3754186800 JavaThread "C2 CompilerThread1" daemon [_thread_blocked, id=13518, stack(0x00007f3708a2d000,0x00007f3708b2e000)]
  0x00007f3754188800 JavaThread "C2 CompilerThread2" daemon [_thread_in_native, id=13519, stack(0x00007f370892c000,0x00007f3708a2d000)]
  0x00007f375418a800 JavaThread "C1 CompilerThread3" daemon [_thread_blocked, id=13520, stack(0x00007f370882b000,0x00007f370892c000)]
  0x00007f375418c000 JavaThread "Sweeper thread" daemon [_thread_blocked, id=13521, stack(0x00007f370872a000,0x00007f370882b000)]
  0x00007f3754220000 JavaThread "Service Thread" daemon [_thread_blocked, id=13522, stack(0x00007f3708629000,0x00007f370872a000)]
  0x00007f3754231000 JavaThread "Common-Cleaner" daemon [_thread_blocked, id=13524, stack(0x00007f3708426000,0x00007f3708527000)]
  0x00007f3754519000 JavaThread "jscompiler" daemon [_thread_blocked, id=13525, stack(0x00007f36af9e7000,0x00007f36b39e8000)]

Other Threads:
=>0x00007f3754165000 VMThread "VM Thread" [stack: 0x00007f373815f000,0x00007f373825f000] [id=13513]
  0x00007f3754222800 WatcherThread [stack: 0x00007f3708529000,0x00007f3708629000] [id=13523]
  0x00007f3754029000 GCTaskThread "GC Thread#0" [stack: 0x00007f3759f08000,0x00007f375a008000] [id=13493]
  0x00007f375402a800 GCTaskThread "GC Thread#1" [stack: 0x00007f3759e06000,0x00007f3759f06000] [id=13494]
  0x00007f375402c000 GCTaskThread "GC Thread#2" [stack: 0x00007f3759d04000,0x00007f3759e04000] [id=13495]
  0x00007f375402e000 GCTaskThread "GC Thread#3" [stack: 0x00007f3759c02000,0x00007f3759d02000] [id=13496]
  0x00007f375402f800 GCTaskThread "GC Thread#4" [stack: 0x00007f3759b00000,0x00007f3759c00000] [id=13497]
  0x00007f3754031000 GCTaskThread "GC Thread#5" [stack: 0x00007f37599fe000,0x00007f3759afe000] [id=13498]
  0x00007f3754033000 GCTaskThread "GC Thread#6" [stack: 0x00007f37598fc000,0x00007f37599fc000] [id=13499]
  0x00007f3754034800 GCTaskThread "GC Thread#7" [stack: 0x00007f37597fa000,0x00007f37598fa000] [id=13500]
  0x00007f3754082000 ConcurrentGCThread "G1 Main Marker" [stack: 0x00007f37586bf000,0x00007f37587bf000] [id=13501]
  0x00007f3754084000 ConcurrentGCThread "G1 Conc#0" [stack: 0x00007f37585bd000,0x00007f37586bd000] [id=13502]
  0x00007f3754085800 ConcurrentGCThread "G1 Conc#1" [stack: 0x00007f37584bb000,0x00007f37585bb000] [id=13503]
  0x00007f37540cf000 ConcurrentGCThread "G1 Refine#0" [stack: 0x00007f3738a71000,0x00007f3738b71000] [id=13504]
  0x00007f37540d1000 ConcurrentGCThread "G1 Refine#1" [stack: 0x00007f373896f000,0x00007f3738a6f000] [id=13505]
  0x00007f37540d2800 ConcurrentGCThread "G1 Refine#2" [stack: 0x00007f373886d000,0x00007f373896d000] [id=13506]
  0x00007f37540d4800 ConcurrentGCThread "G1 Refine#3" [stack: 0x00007f373876b000,0x00007f373886b000] [id=13507]
  0x00007f37540d6000 ConcurrentGCThread "G1 Refine#4" [stack: 0x00007f3738669000,0x00007f3738769000] [id=13508]
  0x00007f37540d8000 ConcurrentGCThread "G1 Refine#5" [stack: 0x00007f3738567000,0x00007f3738667000] [id=13509]
  0x00007f37540d9800 ConcurrentGCThread "G1 Refine#6" [stack: 0x00007f3738465000,0x00007f3738565000] [id=13510]
  0x00007f37540db800 ConcurrentGCThread "G1 Refine#7" [stack: 0x00007f3738363000,0x00007f3738463000] [id=13511]
  0x00007f37540dd000 ConcurrentGCThread "G1 Young RemSet Sampling" [stack: 0x00007f3738261000,0x00007f3738361000] [id=13512]

Threads with active compile tasks:
C2 CompilerThread01800       4       com.google.javascript.jscomp.parsing.IRFactory$TransformDispatcher::process (1243 bytes)
C2 CompilerThread12296       4       com.google.javascript.jscomp.parsing.parser.Parser::parseAssignment (150 bytes)
C2 CompilerThread22595       4       com.google.javascript.jscomp.parsing.parser.Parser::parseArrayLiteral (171 bytes)
C1 CompilerThread32647       3       com.google.javascript.jscomp.parsing.IRFactory::normalizeString (813 bytes)

VM state:at safepoint (normal execution)

VM Mutex/Monitor currently owned by a thread:  ([mutex/lock_event])
[0x00007f375400e640] Threads_lock - owner thread: 0x00007f3754165000
[0x00007f375400ebe0] Heap_lock - owner thread: 0x00007f3754519000

Heap address: 0x00000000a8a00000, size: 1398 MB, Compressed Oops mode: 32-bit
Narrow klass base: 0x0000000000000000, Narrow klass shift: 3
Compressed class space size: 1073741824 Address: 0x0000000100000000

Heap:
 garbage-first heap   total 409600K, used 105186K [0x00000000a8a00000, 0x0000000100000000)
  region size 1024K, 9 young (9216K), 9 survivors (9216K)
 Metaspace       used 16567K, capacity 16793K, committed 17280K, reserved 1064960K
  class space    used 1488K, capacity 1554K, committed 1664K, reserved 1048576K
Heap Regions: E=young(eden), S=young(survivor), O=old, HS=humongous(starts), HC=humongous(continues), CS=collection set, F=free, A=archive, TS=gc time stamp, AC=allocation context, TAMS=top-at-mark-start (previous, next)
|   0|0x00000000a8a00000, 0x00000000a8b00000, 0x00000000a8b00000|100%| O|  |TS  2|AC  0|TAMS 0x00000000a8a00000, 0x00000000a8a00000|
|   1|0x00000000a8b00000, 0x00000000a8c00000, 0x00000000a8c00000|100%| O|  |TS  2|AC  0|TAMS 0x00000000a8b00000, 0x00000000a8b00000|
|   2|0x00000000a8c00000, 0x00000000a8d00000, 0x00000000a8d00000|100%| O|  |TS  2|AC  0|TAMS 0x00000000a8c00000, 0x00000000a8c00000|
|   3|0x00000000a8d00000, 0x00000000a8e00000, 0x00000000a8e00000|100%| O|  |TS  3|AC  0|TAMS 0x00000000a8d00000, 0x00000000a8d00000|
|   4|0x00000000a8e00000, 0x00000000a8f00000, 0x00000000a8f00000|100%| O|  |TS  3|AC  0|TAMS 0x00000000a8e00000, 0x00000000a8e00000|
|   5|0x00000000a8f00000, 0x00000000a9000000, 0x00000000a9000000|100%| O|  |TS  3|AC  0|TAMS 0x00000000a8f00000, 0x00000000a8f00000|
|   6|0x00000000a9000000, 0x00000000a9100000, 0x00000000a9100000|100%| O|  |TS  3|AC  0|TAMS 0x00000000a9000000, 0x00000000a9000000|
|   7|0x00000000a9100000, 0x00000000a9200000, 0x00000000a9200000|100%| O|  |TS  3|AC  0|TAMS 0x00000000a9100000, 0x00000000a9100000|
|   8|0x00000000a9200000, 0x00000000a9300000, 0x00000000a9300000|100%| O|  |TS  3|AC  0|TAMS 0x00000000a9200000, 0x00000000a9200000|
|   9|0x00000000a9300000, 0x00000000a9400000, 0x00000000a9400000|100%| O|  |TS  3|AC  0|TAMS 0x00000000a9300000, 0x00000000a9300000|
|  10|0x00000000a9400000, 0x00000000a9500000, 0x00000000a9500000|100%| O|  |TS  3|AC  0|TAMS 0x00000000a9400000, 0x00000000a9400000|
|  11|0x00000000a9500000, 0x00000000a9600000, 0x00000000a9600000|100%| O|  |TS  4|AC  0|TAMS 0x00000000a9500000, 0x00000000a9500000|
|  12|0x00000000a9600000, 0x00000000a9700000, 0x00000000a9700000|100%| O|  |TS  4|AC  0|TAMS 0x00000000a9600000, 0x00000000a9600000|
|  13|0x00000000a9700000, 0x00000000a9800000, 0x00000000a9800000|100%| O|  |TS  4|AC  0|TAMS 0x00000000a9700000, 0x00000000a9700000|
|  14|0x00000000a9800000, 0x00000000a9900000, 0x00000000a9900000|100%| O|  |TS  4|AC  0|TAMS 0x00000000a9800000, 0x00000000a9800000|
|  15|0x00000000a9900000, 0x00000000a9a00000, 0x00000000a9a00000|100%| O|  |TS  5|AC  0|TAMS 0x00000000a9900000, 0x00000000a9900000|
|  16|0x00000000a9a00000, 0x00000000a9b00000, 0x00000000a9b00000|100%| O|  |TS  7|AC  0|TAMS 0x00000000a9a00000, 0x00000000a9a00000|
|  17|0x00000000a9b00000, 0x00000000a9c00000, 0x00000000a9c00000|100%| O|  |TS  6|AC  0|TAMS 0x00000000a9b00000, 0x00000000a9b00000|
|  18|0x00000000a9c00000, 0x00000000a9d00000, 0x00000000a9d00000|100%| O|  |TS  6|AC  0|TAMS 0x00000000a9c00000, 0x00000000a9c00000|
|  19|0x00000000a9d00000, 0x00000000a9e00000, 0x00000000a9e00000|100%|HS|  |TS  0|AC  0|TAMS 0x00000000a9d00000, 0x00000000a9d00000|
|  20|0x00000000a9e00000, 0x00000000a9f00000, 0x00000000a9f00000|100%| O|  |TS  6|AC  0|TAMS 0x00000000a9e00000, 0x00000000a9e00000|
|  21|0x00000000a9f00000, 0x00000000aa000000, 0x00000000aa000000|100%| O|  |TS  6|AC  0|TAMS 0x00000000a9f00000, 0x00000000a9f00000|
|  22|0x00000000aa000000, 0x00000000aa100000, 0x00000000aa100000|100%| O|  |TS  6|AC  0|TAMS 0x00000000aa000000, 0x00000000aa000000|
|  23|0x00000000aa100000, 0x00000000aa200000, 0x00000000aa200000|100%|HS|  |TS  0|AC  0|TAMS 0x00000000aa100000, 0x00000000aa100000|
|  24|0x00000000aa200000, 0x00000000aa300000, 0x00000000aa300000|100%| O|  |TS  5|AC  0|TAMS 0x00000000aa200000, 0x00000000aa200000|
|  25|0x00000000aa300000, 0x00000000aa400000, 0x00000000aa400000|100%| O|  |TS  5|AC  0|TAMS 0x00000000aa300000, 0x00000000aa300000|
|  26|0x00000000aa400000, 0x00000000aa500000, 0x00000000aa500000|100%| O|  |TS  6|AC  0|TAMS 0x00000000aa400000, 0x00000000aa400000|
|  27|0x00000000aa500000, 0x00000000aa600000, 0x00000000aa600000|100%| O|  |TS  6|AC  0|TAMS 0x00000000aa500000, 0x00000000aa500000|
|  28|0x00000000aa600000, 0x00000000aa700000, 0x00000000aa700000|100%| O|  |TS  6|AC  0|TAMS 0x00000000aa600000, 0x00000000aa600000|
|  29|0x00000000aa700000, 0x00000000aa800000, 0x00000000aa800000|100%| O|  |TS  6|AC  0|TAMS 0x00000000aa700000, 0x00000000aa700000|
|  30|0x00000000aa800000, 0x00000000aa900000, 0x00000000aa900000|100%| O|  |TS  6|AC  0|TAMS 0x00000000aa800000, 0x00000000aa800000|
|  31|0x00000000aa900000, 0x00000000aaa00000, 0x00000000aaa00000|100%| O|  |TS  6|AC  0|TAMS 0x00000000aa900000, 0x00000000aa900000|
|  32|0x00000000aaa00000, 0x00000000aab00000, 0x00000000aab00000|100%| O|  |TS  7|AC  0|TAMS 0x00000000aaa00000, 0x00000000aaa00000|
|  33|0x00000000aab00000, 0x00000000aac00000, 0x00000000aac00000|100%| O|  |TS  7|AC  0|TAMS 0x00000000aab00000, 0x00000000aab00000|
|  34|0x00000000aac00000, 0x00000000aad00000, 0x00000000aad00000|100%| O|  |TS  7|AC  0|TAMS 0x00000000aac00000, 0x00000000aac00000|
|  35|0x00000000aad00000, 0x00000000aae00000, 0x00000000aae00000|100%| O|  |TS  7|AC  0|TAMS 0x00000000aad00000, 0x00000000aad00000|
|  36|0x00000000aae00000, 0x00000000aaf00000, 0x00000000aaf00000|100%| O|  |TS  7|AC  0|TAMS 0x00000000aae00000, 0x00000000aae00000|
|  37|0x00000000aaf00000, 0x00000000ab000000, 0x00000000ab000000|100%| O|  |TS  8|AC  0|TAMS 0x00000000aaf00000, 0x00000000aaf00000|
|  38|0x00000000ab000000, 0x00000000ab100000, 0x00000000ab100000|100%| O|  |TS  8|AC  0|TAMS 0x00000000ab000000, 0x00000000ab000000|
|  39|0x00000000ab100000, 0x00000000ab200000, 0x00000000ab200000|100%| O|  |TS  8|AC  0|TAMS 0x00000000ab100000, 0x00000000ab100000|
|  40|0x00000000ab200000, 0x00000000ab300000, 0x00000000ab300000|100%| O|  |TS  8|AC  0|TAMS 0x00000000ab200000, 0x00000000ab200000|
|  41|0x00000000ab300000, 0x00000000ab400000, 0x00000000ab400000|100%| O|  |TS  8|AC  0|TAMS 0x00000000ab300000, 0x00000000ab300000|
|  42|0x00000000ab400000, 0x00000000ab500000, 0x00000000ab500000|100%| O|  |TS  9|AC  0|TAMS 0x00000000ab400000, 0x00000000ab400000|
|  43|0x00000000ab500000, 0x00000000ab600000, 0x00000000ab600000|100%| O|  |TS  9|AC  0|TAMS 0x00000000ab500000, 0x00000000ab500000|
|  44|0x00000000ab600000, 0x00000000ab700000, 0x00000000ab700000|100%| O|  |TS  9|AC  0|TAMS 0x00000000ab600000, 0x00000000ab600000|
|  45|0x00000000ab700000, 0x00000000ab800000, 0x00000000ab800000|100%| O|  |TS  9|AC  0|TAMS 0x00000000ab700000, 0x00000000ab700000|
|  46|0x00000000ab800000, 0x00000000ab900000, 0x00000000ab900000|100%| O|  |TS  9|AC  0|TAMS 0x00000000ab800000, 0x00000000ab800000|
|  47|0x00000000ab900000, 0x00000000aba00000, 0x00000000aba00000|100%| O|  |TS 10|AC  0|TAMS 0x00000000ab900000, 0x00000000ab900000|
|  48|0x00000000aba00000, 0x00000000abb00000, 0x00000000abb00000|100%| O|  |TS 10|AC  0|TAMS 0x00000000aba00000, 0x00000000aba00000|
|  49|0x00000000abb00000, 0x00000000abc00000, 0x00000000abc00000|100%| O|  |TS 10|AC  0|TAMS 0x00000000abb00000, 0x00000000abb00000|
|  50|0x00000000abc00000, 0x00000000abd00000, 0x00000000abd00000|100%| O|  |TS 10|AC  0|TAMS 0x00000000abc00000, 0x00000000abc00000|
|  51|0x00000000abd00000, 0x00000000abe00000, 0x00000000abe00000|100%| O|  |TS 11|AC  0|TAMS 0x00000000abd00000, 0x00000000abd00000|
|  52|0x00000000abe00000, 0x00000000abf00000, 0x00000000abf00000|100%| O|  |TS 11|AC  0|TAMS 0x00000000abe00000, 0x00000000abe00000|
|  53|0x00000000abf00000, 0x00000000ac000000, 0x00000000ac000000|100%| O|  |TS 11|AC  0|TAMS 0x00000000abf00000, 0x00000000abf00000|
|  54|0x00000000ac000000, 0x00000000ac100000, 0x00000000ac100000|100%| O|  |TS 12|AC  0|TAMS 0x00000000ac000000, 0x00000000ac000000|
|  55|0x00000000ac100000, 0x00000000ac200000, 0x00000000ac200000|100%| O|  |TS 13|AC  0|TAMS 0x00000000ac100000, 0x00000000ac100000|
|  56|0x00000000ac200000, 0x00000000ac300000, 0x00000000ac300000|100%| O|  |TS 13|AC  0|TAMS 0x00000000ac200000, 0x00000000ac200000|
|  57|0x00000000ac300000, 0x00000000ac400000, 0x00000000ac400000|100%| O|  |TS 12|AC  0|TAMS 0x00000000ac300000, 0x00000000ac300000|
|  58|0x00000000ac400000, 0x00000000ac500000, 0x00000000ac500000|100%| O|  |TS 12|AC  0|TAMS 0x00000000ac400000, 0x00000000ac400000|
|  59|0x00000000ac500000, 0x00000000ac600000, 0x00000000ac600000|100%| O|  |TS 12|AC  0|TAMS 0x00000000ac500000, 0x00000000ac500000|
|  60|0x00000000ac600000, 0x00000000ac700000, 0x00000000ac700000|100%| O|  |TS 12|AC  0|TAMS 0x00000000ac600000, 0x00000000ac600000|
|  61|0x00000000ac700000, 0x00000000ac800000, 0x00000000ac800000|100%| O|  |TS 12|AC  0|TAMS 0x00000000ac700000, 0x00000000ac700000|
|  62|0x00000000ac800000, 0x00000000ac900000, 0x00000000ac900000|100%| O|  |TS 12|AC  0|TAMS 0x00000000ac800000, 0x00000000ac800000|
|  63|0x00000000ac900000, 0x00000000aca00000, 0x00000000aca00000|100%| O|  |TS 12|AC  0|TAMS 0x00000000ac900000, 0x00000000ac900000|
|  64|0x00000000aca00000, 0x00000000acb00000, 0x00000000acb00000|100%| O|  |TS 13|AC  0|TAMS 0x00000000aca00000, 0x00000000aca00000|
|  65|0x00000000acb00000, 0x00000000acc00000, 0x00000000acc00000|100%| O|  |TS 13|AC  0|TAMS 0x00000000acb00000, 0x00000000acb00000|
|  66|0x00000000acc00000, 0x00000000acd00000, 0x00000000acd00000|100%| O|  |TS 13|AC  0|TAMS 0x00000000acc00000, 0x00000000acc00000|
|  67|0x00000000acd00000, 0x00000000ace00000, 0x00000000ace00000|100%| O|  |TS 13|AC  0|TAMS 0x00000000acd00000, 0x00000000acd00000|
|  68|0x00000000ace00000, 0x00000000acf00000, 0x00000000acf00000|100%| O|  |TS 13|AC  0|TAMS 0x00000000ace00000, 0x00000000ace00000|
|  69|0x00000000acf00000, 0x00000000ad000000, 0x00000000ad000000|100%| O|  |TS 13|AC  0|TAMS 0x00000000acf00000, 0x00000000acf00000|
|  70|0x00000000ad000000, 0x00000000ad100000, 0x00000000ad100000|100%| O|  |TS 13|AC  0|TAMS 0x00000000ad000000, 0x00000000ad000000|
|  71|0x00000000ad100000, 0x00000000ad200000, 0x00000000ad200000|100%| O|  |TS 13|AC  0|TAMS 0x00000000ad100000, 0x00000000ad100000|
|  72|0x00000000ad200000, 0x00000000ad300000, 0x00000000ad300000|100%| O|  |TS 13|AC  0|TAMS 0x00000000ad200000, 0x00000000ad200000|
|  73|0x00000000ad300000, 0x00000000ad400000, 0x00000000ad400000|100%| O|  |TS 13|AC  0|TAMS 0x00000000ad300000, 0x00000000ad300000|
|  74|0x00000000ad400000, 0x00000000ad500000, 0x00000000ad500000|100%| O|  |TS 13|AC  0|TAMS 0x00000000ad400000, 0x00000000ad400000|
|  75|0x00000000ad500000, 0x00000000ad500000, 0x00000000ad600000|  0%| F|  |TS 14|AC  0|TAMS 0x00000000ad500000, 0x00000000ad500000|
|  76|0x00000000ad600000, 0x00000000ad700000, 0x00000000ad700000|100%| O|  |TS 14|AC  0|TAMS 0x00000000ad600000, 0x00000000ad600000|
|  77|0x00000000ad700000, 0x00000000ad800000, 0x00000000ad800000|100%| O|  |TS 14|AC  0|TAMS 0x00000000ad700000, 0x00000000ad700000|
|  78|0x00000000ad800000, 0x00000000ad900000, 0x00000000ad900000|100%| O|  |TS 14|AC  0|TAMS 0x00000000ad800000, 0x00000000ad800000|
|  79|0x00000000ad900000, 0x00000000ada00000, 0x00000000ada00000|100%| O|  |TS 14|AC  0|TAMS 0x00000000ad900000, 0x00000000ad900000|
|  80|0x00000000ada00000, 0x00000000adb00000, 0x00000000adb00000|100%| O|  |TS 14|AC  0|TAMS 0x00000000ada00000, 0x00000000ada00000|
|  81|0x00000000adb00000, 0x00000000adc00000, 0x00000000adc00000|100%| O|  |TS 14|AC  0|TAMS 0x00000000adb00000, 0x00000000adb00000|
|  82|0x00000000adc00000, 0x00000000add00000, 0x00000000add00000|100%| O|  |TS 14|AC  0|TAMS 0x00000000adc00000, 0x00000000adc00000|
|  83|0x00000000add00000, 0x00000000ade00000, 0x00000000ade00000|100%| O|  |TS 14|AC  0|TAMS 0x00000000add00000, 0x00000000add00000|
|  84|0x00000000ade00000, 0x00000000adf00000, 0x00000000adf00000|100%| O|  |TS 14|AC  0|TAMS 0x00000000ade00000, 0x00000000ade00000|
|  85|0x00000000adf00000, 0x00000000ae000000, 0x00000000ae000000|100%| O|  |TS 14|AC  0|TAMS 0x00000000adf00000, 0x00000000adf00000|
|  86|0x00000000ae000000, 0x00000000ae100000, 0x00000000ae100000|100%| O|  |TS 14|AC  0|TAMS 0x00000000ae000000, 0x00000000ae000000|
|  87|0x00000000ae100000, 0x00000000ae200000, 0x00000000ae200000|100%| O|  |TS 14|AC  0|TAMS 0x00000000ae100000, 0x00000000ae100000|
|  88|0x00000000ae200000, 0x00000000ae300000, 0x00000000ae300000|100%| O|  |TS 14|AC  0|TAMS 0x00000000ae200000, 0x00000000ae200000|
|  89|0x00000000ae300000, 0x00000000ae400000, 0x00000000ae400000|100%| O|  |TS 14|AC  0|TAMS 0x00000000ae300000, 0x00000000ae300000|
|  90|0x00000000ae400000, 0x00000000ae500000, 0x00000000ae500000|100%| O|  |TS 14|AC  0|TAMS 0x00000000ae400000, 0x00000000ae400000|
|  91|0x00000000ae500000, 0x00000000ae600000, 0x00000000ae600000|100%| O|  |TS 14|AC  0|TAMS 0x00000000ae500000, 0x00000000ae500000|
|  92|0x00000000ae600000, 0x00000000ae700000, 0x00000000ae700000|100%| O|  |TS 14|AC  0|TAMS 0x00000000ae600000, 0x00000000ae600000|
|  93|0x00000000ae700000, 0x00000000ae800000, 0x00000000ae800000|100%| O|  |TS 14|AC  0|TAMS 0x00000000ae700000, 0x00000000ae700000|
|  94|0x00000000ae800000, 0x00000000ae8b8800, 0x00000000ae900000| 72%| O|  |TS 14|AC  0|TAMS 0x00000000ae800000, 0x00000000ae800000|
|  95|0x00000000ae900000, 0x00000000ae900000, 0x00000000aea00000|  0%| F|  |TS 10|AC  0|TAMS 0x00000000ae900000, 0x00000000ae900000|
|  96|0x00000000aea00000, 0x00000000aea00000, 0x00000000aeb00000|  0%| F|  |TS 10|AC  0|TAMS 0x00000000aea00000, 0x00000000aea00000|
|  97|0x00000000aeb00000, 0x00000000aeb00000, 0x00000000aec00000|  0%| F|  |TS 10|AC  0|TAMS 0x00000000aeb00000, 0x00000000aeb00000|
|  98|0x00000000aec00000, 0x00000000aec00000, 0x00000000aed00000|  0%| F|  |TS 10|AC  0|TAMS 0x00000000aec00000, 0x00000000aec00000|
|  99|0x00000000aed00000, 0x00000000aed00000, 0x00000000aee00000|  0%| F|  |TS 10|AC  0|TAMS 0x00000000aed00000, 0x00000000aed00000|
| 100|0x00000000aee00000, 0x00000000aee00000, 0x00000000aef00000|  0%| F|  |TS 10|AC  0|TAMS 0x00000000aee00000, 0x00000000aee00000|
| 101|0x00000000aef00000, 0x00000000aef00000, 0x00000000af000000|  0%| F|  |TS 10|AC  0|TAMS 0x00000000aef00000, 0x00000000aef00000|
| 102|0x00000000af000000, 0x00000000af000000, 0x00000000af100000|  0%| F|  |TS 10|AC  0|TAMS 0x00000000af000000, 0x00000000af000000|
| 103|0x00000000af100000, 0x00000000af100000, 0x00000000af200000|  0%| F|  |TS 10|AC  0|TAMS 0x00000000af100000, 0x00000000af100000|
| 104|0x00000000af200000, 0x00000000af200000, 0x00000000af300000|  0%| F|  |TS 10|AC  0|TAMS 0x00000000af200000, 0x00000000af200000|
| 105|0x00000000af300000, 0x00000000af300000, 0x00000000af400000|  0%| F|  |TS 10|AC  0|TAMS 0x00000000af300000, 0x00000000af300000|
| 106|0x00000000af400000, 0x00000000af400000, 0x00000000af500000|  0%| F|  |TS 10|AC  0|TAMS 0x00000000af400000, 0x00000000af400000|
| 107|0x00000000af500000, 0x00000000af500000, 0x00000000af600000|  0%| F|  |TS 10|AC  0|TAMS 0x00000000af500000, 0x00000000af500000|
| 108|0x00000000af600000, 0x00000000af600000, 0x00000000af700000|  0%| F|  |TS 10|AC  0|TAMS 0x00000000af600000, 0x00000000af600000|
| 109|0x00000000af700000, 0x00000000af700000, 0x00000000af800000|  0%| F|  |TS 10|AC  0|TAMS 0x00000000af700000, 0x00000000af700000|
| 110|0x00000000af800000, 0x00000000af800000, 0x00000000af900000|  0%| F|  |TS 10|AC  0|TAMS 0x00000000af800000, 0x00000000af800000|
| 111|0x00000000af900000, 0x00000000af900000, 0x00000000afa00000|  0%| F|  |TS 10|AC  0|TAMS 0x00000000af900000, 0x00000000af900000|
| 112|0x00000000afa00000, 0x00000000afa00000, 0x00000000afb00000|  0%| F|  |TS 10|AC  0|TAMS 0x00000000afa00000, 0x00000000afa00000|
| 113|0x00000000afb00000, 0x00000000afb00000, 0x00000000afc00000|  0%| F|  |TS 10|AC  0|TAMS 0x00000000afb00000, 0x00000000afb00000|
| 114|0x00000000afc00000, 0x00000000afc00000, 0x00000000afd00000|  0%| F|  |TS 10|AC  0|TAMS 0x00000000afc00000, 0x00000000afc00000|
| 115|0x00000000afd00000, 0x00000000afd00000, 0x00000000afe00000|  0%| F|  |TS 10|AC  0|TAMS 0x00000000afd00000, 0x00000000afd00000|
| 116|0x00000000afe00000, 0x00000000afe00000, 0x00000000aff00000|  0%| F|  |TS 10|AC  0|TAMS 0x00000000afe00000, 0x00000000afe00000|
| 117|0x00000000aff00000, 0x00000000aff00000, 0x00000000b0000000|  0%| F|  |TS 10|AC  0|TAMS 0x00000000aff00000, 0x00000000aff00000|
| 118|0x00000000b0000000, 0x00000000b0000000, 0x00000000b0100000|  0%| F|  |TS 10|AC  0|TAMS 0x00000000b0000000, 0x00000000b0000000|
| 119|0x00000000b0100000, 0x00000000b0100000, 0x00000000b0200000|  0%| F|  |TS 13|AC  0|TAMS 0x00000000b0100000, 0x00000000b0100000|
| 120|0x00000000b0200000, 0x00000000b0200000, 0x00000000b0300000|  0%| F|  |TS 13|AC  0|TAMS 0x00000000b0200000, 0x00000000b0200000|
| 121|0x00000000b0300000, 0x00000000b0300000, 0x00000000b0400000|  0%| F|  |TS 13|AC  0|TAMS 0x00000000b0300000, 0x00000000b0300000|
| 122|0x00000000b0400000, 0x00000000b0400000, 0x00000000b0500000|  0%| F|  |TS 13|AC  0|TAMS 0x00000000b0400000, 0x00000000b0400000|
| 123|0x00000000b0500000, 0x00000000b0600000, 0x00000000b0600000|100%| S|CS|TS 14|AC  0|TAMS 0x00000000b0500000, 0x00000000b0500000|
| 124|0x00000000b0600000, 0x00000000b0700000, 0x00000000b0700000|100%| S|CS|TS 14|AC  0|TAMS 0x00000000b0600000, 0x00000000b0600000|
| 125|0x00000000b0700000, 0x00000000b0800000, 0x00000000b0800000|100%| S|CS|TS 14|AC  0|TAMS 0x00000000b0700000, 0x00000000b0700000|
| 126|0x00000000b0800000, 0x00000000b0900000, 0x00000000b0900000|100%| S|CS|TS 14|AC  0|TAMS 0x00000000b0800000, 0x00000000b0800000|
| 127|0x00000000b0900000, 0x00000000b0a00000, 0x00000000b0a00000|100%| S|CS|TS 14|AC  0|TAMS 0x00000000b0900000, 0x00000000b0900000|
| 128|0x00000000b0a00000, 0x00000000b0a00000, 0x00000000b0b00000|  0%| F|  |TS 14|AC  0|TAMS 0x00000000b0a00000, 0x00000000b0a00000|
| 129|0x00000000b0b00000, 0x00000000b0b00000, 0x00000000b0c00000|  0%| F|  |TS 14|AC  0|TAMS 0x00000000b0b00000, 0x00000000b0b00000|
| 130|0x00000000b0c00000, 0x00000000b0c00000, 0x00000000b0d00000|  0%| F|  |TS 14|AC  0|TAMS 0x00000000b0c00000, 0x00000000b0c00000|
| 131|0x00000000b0d00000, 0x00000000b0d00000, 0x00000000b0e00000|  0%| F|  |TS 14|AC  0|TAMS 0x00000000b0d00000, 0x00000000b0d00000|
| 132|0x00000000b0e00000, 0x00000000b0e00000, 0x00000000b0f00000|  0%| F|  |TS 14|AC  0|TAMS 0x00000000b0e00000, 0x00000000b0e00000|
| 133|0x00000000b0f00000, 0x00000000b0f00000, 0x00000000b1000000|  0%| F|  |TS 14|AC  0|TAMS 0x00000000b0f00000, 0x00000000b0f00000|
| 134|0x00000000b1000000, 0x00000000b1000000, 0x00000000b1100000|  0%| F|  |TS 14|AC  0|TAMS 0x00000000b1000000, 0x00000000b1000000|
| 135|0x00000000b1100000, 0x00000000b1100000, 0x00000000b1200000|  0%| F|  |TS 14|AC  0|TAMS 0x00000000b1100000, 0x00000000b1100000|
| 136|0x00000000b1200000, 0x00000000b1200000, 0x00000000b1300000|  0%| F|  |TS 14|AC  0|TAMS 0x00000000b1200000, 0x00000000b1200000|
| 137|0x00000000b1300000, 0x00000000b1400000, 0x00000000b1400000|100%| S|CS|TS 14|AC  0|TAMS 0x00000000b1300000, 0x00000000b1300000|
| 138|0x00000000b1400000, 0x00000000b1500000, 0x00000000b1500000|100%| S|CS|TS 14|AC  0|TAMS 0x00000000b1400000, 0x00000000b1400000|
| 139|0x00000000b1500000, 0x00000000b1600000, 0x00000000b1600000|100%| S|CS|TS 14|AC  0|TAMS 0x00000000b1500000, 0x00000000b1500000|
| 140|0x00000000b1600000, 0x00000000b1700000, 0x00000000b1700000|100%| S|CS|TS 14|AC  0|TAMS 0x00000000b1600000, 0x00000000b1600000|
| 141|0x00000000b1700000, 0x00000000b1700000, 0x00000000b1800000|  0%| F|  |TS 14|AC  0|TAMS 0x00000000b1700000, 0x00000000b1700000|
| 142|0x00000000b1800000, 0x00000000b1800000, 0x00000000b1900000|  0%| F|  |TS 14|AC  0|TAMS 0x00000000b1800000, 0x00000000b1800000|
| 143|0x00000000b1900000, 0x00000000b1900000, 0x00000000b1a00000|  0%| F|  |TS 14|AC  0|TAMS 0x00000000b1900000, 0x00000000b1900000|
| 144|0x00000000b1a00000, 0x00000000b1a00000, 0x00000000b1b00000|  0%| F|  |TS 14|AC  0|TAMS 0x00000000b1a00000, 0x00000000b1a00000|
| 145|0x00000000b1b00000, 0x00000000b1b00000, 0x00000000b1c00000|  0%| F|  |TS 14|AC  0|TAMS 0x00000000b1b00000, 0x00000000b1b00000|
| 146|0x00000000b1c00000, 0x00000000b1c00000, 0x00000000b1d00000|  0%| F|  |TS 14|AC  0|TAMS 0x00000000b1c00000, 0x00000000b1c00000|
| 147|0x00000000b1d00000, 0x00000000b1d00000, 0x00000000b1e00000|  0%| F|  |TS 14|AC  0|TAMS 0x00000000b1d00000, 0x00000000b1d00000|
| 148|0x00000000b1e00000, 0x00000000b1e00000, 0x00000000b1f00000|  0%| F|  |TS 14|AC  0|TAMS 0x00000000b1e00000, 0x00000000b1e00000|
| 149|0x00000000b1f00000, 0x00000000b1f00000, 0x00000000b2000000|  0%| F|  |TS 14|AC  0|TAMS 0x00000000b1f00000, 0x00000000b1f00000|
| 150|0x00000000b2000000, 0x00000000b2000000, 0x00000000b2100000|  0%| F|  |TS 14|AC  0|TAMS 0x00000000b2000000, 0x00000000b2000000|
| 151|0x00000000b2100000, 0x00000000b2100000, 0x00000000b2200000|  0%| F|  |TS 14|AC  0|TAMS 0x00000000b2100000, 0x00000000b2100000|
| 152|0x00000000b2200000, 0x00000000b2200000, 0x00000000b2300000|  0%| F|  |TS 14|AC  0|TAMS 0x00000000b2200000, 0x00000000b2200000|
| 153|0x00000000b2300000, 0x00000000b2300000, 0x00000000b2400000|  0%| F|  |TS 14|AC  0|TAMS 0x00000000b2300000, 0x00000000b2300000|
| 154|0x00000000b2400000, 0x00000000b2400000, 0x00000000b2500000|  0%| F|  |TS 14|AC  0|TAMS 0x00000000b2400000, 0x00000000b2400000|
| 155|0x00000000b2500000, 0x00000000b2500000, 0x00000000b2600000|  0%| F|  |TS 14|AC  0|TAMS 0x00000000b2500000, 0x00000000b2500000|
| 156|0x00000000b2600000, 0x00000000b2600000, 0x00000000b2700000|  0%| F|  |TS 14|AC  0|TAMS 0x00000000b2600000, 0x00000000b2600000|
| 157|0x00000000b2700000, 0x00000000b2700000, 0x00000000b2800000|  0%| F|  |TS 14|AC  0|TAMS 0x00000000b2700000, 0x00000000b2700000|
| 158|0x00000000b2800000, 0x00000000b2800000, 0x00000000b2900000|  0%| F|  |TS 14|AC  0|TAMS 0x00000000b2800000, 0x00000000b2800000|
| 159|0x00000000b2900000, 0x00000000b2900000, 0x00000000b2a00000|  0%| F|  |TS 14|AC  0|TAMS 0x00000000b2900000, 0x00000000b2900000|
| 160|0x00000000b2a00000, 0x00000000b2a00000, 0x00000000b2b00000|  0%| F|  |TS 14|AC  0|TAMS 0x00000000b2a00000, 0x00000000b2a00000|
| 161|0x00000000b2b00000, 0x00000000b2b00000, 0x00000000b2c00000|  0%| F|  |TS 14|AC  0|TAMS 0x00000000b2b00000, 0x00000000b2b00000|
| 162|0x00000000b2c00000, 0x00000000b2c00000, 0x00000000b2d00000|  0%| F|  |TS 14|AC  0|TAMS 0x00000000b2c00000, 0x00000000b2c00000|
| 163|0x00000000b2d00000, 0x00000000b2d00000, 0x00000000b2e00000|  0%| F|  |TS 14|AC  0|TAMS 0x00000000b2d00000, 0x00000000b2d00000|
| 164|0x00000000b2e00000, 0x00000000b2e00000, 0x00000000b2f00000|  0%| F|  |TS 14|AC  0|TAMS 0x00000000b2e00000, 0x00000000b2e00000|
| 165|0x00000000b2f00000, 0x00000000b2f00000, 0x00000000b3000000|  0%| F|  |TS 14|AC  0|TAMS 0x00000000b2f00000, 0x00000000b2f00000|
| 166|0x00000000b3000000, 0x00000000b3000000, 0x00000000b3100000|  0%| F|  |TS 14|AC  0|TAMS 0x00000000b3000000, 0x00000000b3000000|
| 167|0x00000000b3100000, 0x00000000b3100000, 0x00000000b3200000|  0%| F|  |TS 14|AC  0|TAMS 0x00000000b3100000, 0x00000000b3100000|
| 168|0x00000000b3200000, 0x00000000b3200000, 0x00000000b3300000|  0%| F|  |TS 14|AC  0|TAMS 0x00000000b3200000, 0x00000000b3200000|
| 169|0x00000000b3300000, 0x00000000b3300000, 0x00000000b3400000|  0%| F|  |TS 14|AC  0|TAMS 0x00000000b3300000, 0x00000000b3300000|
| 170|0x00000000b3400000, 0x00000000b3400000, 0x00000000b3500000|  0%| F|  |TS 14|AC  0|TAMS 0x00000000b3400000, 0x00000000b3400000|
| 171|0x00000000b3500000, 0x00000000b3500000, 0x00000000b3600000|  0%| F|  |TS 14|AC  0|TAMS 0x00000000b3500000, 0x00000000b3500000|
| 172|0x00000000b3600000, 0x00000000b3600000, 0x00000000b3700000|  0%| F|  |TS 14|AC  0|TAMS 0x00000000b3600000, 0x00000000b3600000|
| 173|0x00000000b3700000, 0x00000000b3700000, 0x00000000b3800000|  0%| F|  |TS 14|AC  0|TAMS 0x00000000b3700000, 0x00000000b3700000|
| 174|0x00000000b3800000, 0x00000000b3800000, 0x00000000b3900000|  0%| F|  |TS 14|AC  0|TAMS 0x00000000b3800000, 0x00000000b3800000|
| 175|0x00000000b3900000, 0x00000000b3900000, 0x00000000b3a00000|  0%| F|  |TS 14|AC  0|TAMS 0x00000000b3900000, 0x00000000b3900000|
| 176|0x00000000b3a00000, 0x00000000b3a00000, 0x00000000b3b00000|  0%| F|  |TS 14|AC  0|TAMS 0x00000000b3a00000, 0x00000000b3a00000|
| 177|0x00000000b3b00000, 0x00000000b3b00000, 0x00000000b3c00000|  0%| F|  |TS 14|AC  0|TAMS 0x00000000b3b00000, 0x00000000b3b00000|
| 178|0x00000000b3c00000, 0x00000000b3c00000, 0x00000000b3d00000|  0%| F|  |TS 14|AC  0|TAMS 0x00000000b3c00000, 0x00000000b3c00000|
| 179|0x00000000b3d00000, 0x00000000b3d00000, 0x00000000b3e00000|  0%| F|  |TS 14|AC  0|TAMS 0x00000000b3d00000, 0x00000000b3d00000|
| 180|0x00000000b3e00000, 0x00000000b3e00000, 0x00000000b3f00000|  0%| F|  |TS 14|AC  0|TAMS 0x00000000b3e00000, 0x00000000b3e00000|
| 181|0x00000000b3f00000, 0x00000000b3f00000, 0x00000000b4000000|  0%| F|  |TS 14|AC  0|TAMS 0x00000000b3f00000, 0x00000000b3f00000|
| 182|0x00000000b4000000, 0x00000000b4000000, 0x00000000b4100000|  0%| F|  |TS 14|AC  0|TAMS 0x00000000b4000000, 0x00000000b4000000|
| 183|0x00000000b4100000, 0x00000000b4100000, 0x00000000b4200000|  0%| F|  |TS 14|AC  0|TAMS 0x00000000b4100000, 0x00000000b4100000|
| 184|0x00000000b4200000, 0x00000000b4200000, 0x00000000b4300000|  0%| F|  |TS 14|AC  0|TAMS 0x00000000b4200000, 0x00000000b4200000|
| 185|0x00000000b4300000, 0x00000000b4300000, 0x00000000b4400000|  0%| F|  |TS 14|AC  0|TAMS 0x00000000b4300000, 0x00000000b4300000|
| 186|0x00000000b4400000, 0x00000000b4400000, 0x00000000b4500000|  0%| F|  |TS 14|AC  0|TAMS 0x00000000b4400000, 0x00000000b4400000|
| 187|0x00000000b4500000, 0x00000000b4500000, 0x00000000b4600000|  0%| F|  |TS 14|AC  0|TAMS 0x00000000b4500000, 0x00000000b4500000|
| 188|0x00000000b4600000, 0x00000000b4600000, 0x00000000b4700000|  0%| F|  |TS 14|AC  0|TAMS 0x00000000b4600000, 0x00000000b4600000|
| 189|0x00000000b4700000, 0x00000000b4700000, 0x00000000b4800000|  0%| F|  |TS 14|AC  0|TAMS 0x00000000b4700000, 0x00000000b4700000|
| 190|0x00000000b4800000, 0x00000000b4800000, 0x00000000b4900000|  0%| F|  |TS 14|AC  0|TAMS 0x00000000b4800000, 0x00000000b4800000|
| 191|0x00000000b4900000, 0x00000000b4900000, 0x00000000b4a00000|  0%| F|  |TS 14|AC  0|TAMS 0x00000000b4900000, 0x00000000b4900000|
| 192|0x00000000b4a00000, 0x00000000b4a00000, 0x00000000b4b00000|  0%| F|  |TS 14|AC  0|TAMS 0x00000000b4a00000, 0x00000000b4a00000|
| 193|0x00000000b4b00000, 0x00000000b4b00000, 0x00000000b4c00000|  0%| F|  |TS 14|AC  0|TAMS 0x00000000b4b00000, 0x00000000b4b00000|
| 194|0x00000000b4c00000, 0x00000000b4c00000, 0x00000000b4d00000|  0%| F|  |TS 14|AC  0|TAMS 0x00000000b4c00000, 0x00000000b4c00000|
| 195|0x00000000b4d00000, 0x00000000b4d00000, 0x00000000b4e00000|  0%| F|  |TS 14|AC  0|TAMS 0x00000000b4d00000, 0x00000000b4d00000|
| 196|0x00000000b4e00000, 0x00000000b4e00000, 0x00000000b4f00000|  0%| F|  |TS 14|AC  0|TAMS 0x00000000b4e00000, 0x00000000b4e00000|
| 197|0x00000000b4f00000, 0x00000000b4f00000, 0x00000000b5000000|  0%| F|  |TS 14|AC  0|TAMS 0x00000000b4f00000, 0x00000000b4f00000|
| 198|0x00000000b5000000, 0x00000000b5000000, 0x00000000b5100000|  0%| F|  |TS 14|AC  0|TAMS 0x00000000b5000000, 0x00000000b5000000|
| 199|0x00000000b5100000, 0x00000000b5100000, 0x00000000b5200000|  0%| F|  |TS 14|AC  0|TAMS 0x00000000b5100000, 0x00000000b5100000|

Card table byte_map: [0x00007f3758a7a000,0x00007f3758d35000] byte_map_base: 0x00007f3758535000

Marking Bits (Prev, Next): (CMBitMap*) 0x00007f3754081540, (CMBitMap*) 0x00007f3754081578
 Prev Bits: [0x00007f373a54d000, 0x00007f373bb25000)
 Next Bits: [0x00007f3738f75000, 0x00007f373a54d000)

Polling page: 0x00007f375def8000

CodeHeap 'non-profiled nmethods': size=120032Kb used=2064Kb max_used=2064Kb free=117967Kb
 bounds [0x00007f37435ed000, 0x00007f374385d000, 0x00007f374ab25000]
CodeHeap 'profiled nmethods': size=120028Kb used=6866Kb max_used=6866Kb free=113161Kb
 bounds [0x00007f373c0b6000, 0x00007f373c776000, 0x00007f37435ed000]
CodeHeap 'non-nmethods': size=5700Kb used=1071Kb max_used=1143Kb free=4628Kb
 bounds [0x00007f373bb25000, 0x00007f373bd95000, 0x00007f373c0b6000]
 total_blobs=3618 nmethods=2565 adapters=297
 compilation: enabled

Compilation events (10 events):
Event: 5.841 Thread 0x00007f3754186800 2193       4       com.google.javascript.jscomp.parsing.parser.Parser::peekEqualityOperator (44 bytes)
Event: 5.855 Thread 0x00007f3754186800 nmethod 2193 0x00007f37437ee090 code [0x00007f37437ee260, 0x00007f37437ee958]
Event: 5.855 Thread 0x00007f3754186800 2242       4       com.google.javascript.jscomp.parsing.parser.Parser::peekRelationalOperator (85 bytes)
Event: 5.868 Thread 0x00007f3754186800 nmethod 2242 0x00007f37437eee10 code [0x00007f37437eefe0, 0x00007f37437ef718]
Event: 5.868 Thread 0x00007f3754186800 2228       4       com.google.javascript.jscomp.parsing.parser.Parser::peekShiftOperator (40 bytes)
Event: 5.883 Thread 0x00007f3754186800 nmethod 2228 0x00007f37437efc10 code [0x00007f37437efde0, 0x00007f37437f04d8]
Event: 5.883 Thread 0x00007f3754186800 2009       4       com.google.common.collect.ImmutableList$Builder::getReadyToExpandTo (66 bytes)
Event: 5.888 Thread 0x00007f3754186800 nmethod 2009 0x00007f37437f0990 code [0x00007f37437f0b40, 0x00007f37437f0ee8]
Event: 5.888 Thread 0x00007f3754186800 2296       4       com.google.javascript.jscomp.parsing.parser.Parser::parseAssignment (150 bytes)
Event: 5.942 Thread 0x00007f375418a800 2647       3       com.google.javascript.jscomp.parsing.IRFactory::normalizeString (813 bytes)

GC Heap History (10 events):
Event: 4.337 GC heap after
{Heap after GC invocations=9 (full 0):
 garbage-first heap   total 123904K, used 52914K [0x00000000a8a00000, 0x0000000100000000)
  region size 1024K, 5 young (5120K), 5 survivors (5120K)
 Metaspace       used 16485K, capacity 16665K, committed 17024K, reserved 1064960K
  class space    used 1488K, capacity 1554K, committed 1664K, reserved 1048576K
}
Event: 4.517 GC heap before
{Heap before GC invocations=9 (full 0):
 garbage-first heap   total 123904K, used 84658K [0x00000000a8a00000, 0x0000000100000000)
  region size 1024K, 36 young (36864K), 5 survivors (5120K)
 Metaspace       used 16494K, capacity 16665K, committed 17024K, reserved 1064960K
  class space    used 1488K, capacity 1554K, committed 1664K, reserved 1048576K
}
Event: 4.535 GC heap after
{Heap after GC invocations=10 (full 0):
 garbage-first heap   total 204800K, used 57893K [0x00000000a8a00000, 0x0000000100000000)
  region size 1024K, 5 young (5120K), 5 survivors (5120K)
 Metaspace       used 16494K, capacity 16665K, committed 17024K, reserved 1064960K
  class space    used 1488K, capacity 1554K, committed 1664K, reserved 1048576K
}
Event: 4.950 GC heap before
{Heap before GC invocations=10 (full 0):
 garbage-first heap   total 204800K, used 120357K [0x00000000a8a00000, 0x0000000100000000)
  region size 1024K, 66 young (67584K), 5 survivors (5120K)
 Metaspace       used 16496K, capacity 16665K, committed 17024K, reserved 1064960K
  class space    used 1488K, capacity 1554K, committed 1664K, reserved 1048576K
}
Event: 4.970 GC heap after
{Heap after GC invocations=11 (full 0):
 garbage-first heap   total 204800K, used 64861K [0x00000000a8a00000, 0x0000000100000000)
  region size 1024K, 9 young (9216K), 9 survivors (9216K)
 Metaspace       used 16496K, capacity 16665K, committed 17024K, reserved 1064960K
  class space    used 1488K, capacity 1554K, committed 1664K, reserved 1048576K
}
Event: 5.293 GC heap before
{Heap before GC invocations=11 (full 0):
 garbage-first heap   total 204800K, used 131421K [0x00000000a8a00000, 0x0000000100000000)
  region size 1024K, 72 young (73728K), 9 survivors (9216K)
 Metaspace       used 16519K, capacity 16665K, committed 17024K, reserved 1064960K
  class space    used 1488K, capacity 1554K, committed 1664K, reserved 1048576K
}
Event: 5.358 GC heap after
{Heap after GC invocations=12 (full 0):
 garbage-first heap   total 204800K, used 73214K [0x00000000a8a00000, 0x0000000100000000)
  region size 1024K, 9 young (9216K), 9 survivors (9216K)
 Metaspace       used 16519K, capacity 16665K, committed 17024K, reserved 1064960K
  class space    used 1488K, capacity 1554K, committed 1664K, reserved 1048576K
}
Event: 5.643 GC heap before
{Heap before GC invocations=12 (full 0):
 garbage-first heap   total 204800K, used 137726K [0x00000000a8a00000, 0x0000000100000000)
  region size 1024K, 72 young (73728K), 9 survivors (9216K)
 Metaspace       used 16534K, capacity 16729K, committed 17024K, reserved 1064960K
  class space    used 1488K, capacity 1554K, committed 1664K, reserved 1048576K
}
Event: 5.663 GC heap after
{Heap after GC invocations=13 (full 0):
 garbage-first heap   total 204800K, used 86016K [0x00000000a8a00000, 0x0000000100000000)
  region size 1024K, 9 young (9216K), 9 survivors (9216K)
 Metaspace       used 16534K, capacity 16729K, committed 17024K, reserved 1064960K
  class space    used 1488K, capacity 1554K, committed 1664K, reserved 1048576K
}
Event: 5.944 GC heap before
{Heap before GC invocations=13 (full 0):
 garbage-first heap   total 204800K, used 147456K [0x00000000a8a00000, 0x0000000100000000)
  region size 1024K, 68 young (69632K), 9 survivors (9216K)
 Metaspace       used 16567K, capacity 16793K, committed 17280K, reserved 1064960K
  class space    used 1488K, capacity 1554K, committed 1664K, reserved 1048576K
}

Deoptimization events (10 events):
Event: 3.117 Thread 0x00007f3754519000 Uncommon trap: reason=unstable_if action=reinterpret pc=0x00007f37436f63c0 method=com.google.javascript.rhino.TokenStream.isKeyword(Ljava/lang/String;)Z @ 101 c2
Event: 3.118 Thread 0x00007f3754519000 Uncommon trap: reason=class_check action=maybe_recompile pc=0x00007f37436da748 method=com.google.common.collect.AbstractIndexedListIterator.next()Ljava/lang/Object; @ 27 c2
Event: 3.127 Thread 0x00007f3754519000 Uncommon trap: reason=unstable_if action=reinterpret pc=0x00007f37436fcc84 method=com.google.javascript.jscomp.parsing.parser.Scanner.skipMultiLineComment()V @ 114 c2
Event: 3.138 Thread 0x00007f3754519000 Uncommon trap: reason=unstable_if action=reinterpret pc=0x00007f37436f56c4 method=com.google.javascript.rhino.Node.mergeLineCharNo(II)I @ 15 c2
Event: 3.173 Thread 0x00007f3754519000 Uncommon trap: reason=unstable_if action=reinterpret pc=0x00007f37436a5058 method=com.google.javascript.jscomp.parsing.parser.LineNumberTable.computeLineStartOffsets(Ljava/lang/String;)[I @ 53 c2
Event: 3.174 Thread 0x00007f3754519000 Uncommon trap: reason=unstable_if action=reinterpret pc=0x00007f37436997a8 method=com.google.javascript.jscomp.parsing.parser.LineNumberTable.computeLineStartOffsets(Ljava/lang/String;)[I @ 53 c2
Event: 3.190 Thread 0x00007f3754519000 Uncommon trap: reason=unstable_if action=reinterpret pc=0x00007f37436a6d40 method=java.lang.String.substring(II)Ljava/lang/String; @ 31 c2
Event: 3.494 Thread 0x00007f3754519000 Uncommon trap: reason=unstable_if action=reinterpret pc=0x00007f37437025d0 method=com.google.javascript.jscomp.parsing.parser.Scanner.isIdentifierPart(C)Z @ 91 c2
Event: 3.570 Thread 0x00007f3754519000 Uncommon trap: reason=unstable_if action=reinterpret pc=0x00007f374371a6d8 method=com.google.javascript.jscomp.parsing.IRFactory.shouldAttachJSDocHere(Lcom/google/javascript/jscomp/parsing/parser/trees/ParseTree;)Z @ 78 c2
Event: 3.951 Thread 0x00007f3754519000 Uncommon trap: reason=unstable_if action=reinterpret pc=0x00007f374366c030 method=java.lang.AbstractStringBuilder.isLatin1()Z @ 10 c2

Classes redefined (0 events):
No events

Internal exceptions (10 events):
Event: 1.746 Thread 0x00007f3754012000 Exception <a 'java/lang/NoSuchMethodError'{0x00000000adeb9c30}: java.lang.invoke.Invokers$Holder.invoke_MT(Ljava/lang/Object;Ljava/lang/Object;Ljava/lang/Object;Ljava/lang/Object;Ljava/lang/Object;Ljava/lang/Object;Ljava/lang/Object;Ljava/lang/Object;Ljav
Event: 1.748 Thread 0x00007f3754012000 Exception <a 'java/lang/NoSuchMethodError'{0x00000000adec5d28}: java.lang.invoke.DirectMethodHandle$Holder.invokeSpecial(Ljava/lang/Object;Ljava/lang/Object;Ljava/lang/Object;)I> (0x00000000adec5d28) thrown at [/build/openjdk-lts-Ae5PRQ/openjdk-lts-10.0.2
Event: 1.748 Thread 0x00007f3754012000 Exception <a 'java/lang/NoSuchMethodError'{0x00000000adecb910}: method resolution failed> (0x00000000adecb910) thrown at [/build/openjdk-lts-Ae5PRQ/openjdk-lts-10.0.2+13/src/hotspot/share/prims/methodHandles.cpp, line 1226]
Event: 1.749 Thread 0x00007f3754012000 Exception <a 'java/lang/NoSuchMethodError'{0x00000000adececa8}: java.lang.Object.lambda$thenComparing$36697e65$1(Ljava/util/Comparator;Ljava/lang/Object;Ljava/lang/Object;)I> (0x00000000adececa8) thrown at [/build/openjdk-lts-Ae5PRQ/openjdk-lts-10.0.2+13/
Event: 1.861 Thread 0x00007f3754012000 Exception <a 'java/lang/NoSuchMethodError'{0x00000000ada6a3c0}: java.lang.invoke.DirectMethodHandle$Holder.invokeStaticInit(Ljava/lang/Object;Ljava/lang/Object;)I> (0x00000000ada6a3c0) thrown at [/build/openjdk-lts-Ae5PRQ/openjdk-lts-10.0.2+13/src/hotspot
Event: 1.997 Thread 0x00007f3754519000 Implicit null exception at 0x00007f374362645a to 0x00007f3743626552
Event: 2.004 Thread 0x00007f3754519000 Implicit null exception at 0x00007f374364854f to 0x00007f374364864a
Event: 2.634 Thread 0x00007f3754519000 Implicit null exception at 0x00007f374362edb7 to 0x00007f374362f232
Event: 2.635 Thread 0x00007f3754519000 Implicit null exception at 0x00007f374362e6b1 to 0x00007f374362e872
Event: 2.702 Thread 0x00007f3754519000 Implicit null exception at 0x00007f374362696e to 0x00007f3743626a56

Events (10 events):
Event: 5.670 Thread 0x00007f3754519000 DEOPT UNPACKING pc=0x00007f373bb4cdba sp=0x00007f36b39e02f8 mode 0
Event: 5.765 Thread 0x00007f3754519000 DEOPT PACKING pc=0x00007f373c75c6a2 sp=0x00007f36b39e2570
Event: 5.765 Thread 0x00007f3754519000 DEOPT UNPACKING pc=0x00007f373bb4cdba sp=0x00007f36b39e1a30 mode 0
Event: 5.865 Thread 0x00007f3754519000 DEOPT PACKING pc=0x00007f373c740f43 sp=0x00007f36b39df760
Event: 5.865 Thread 0x00007f3754519000 DEOPT UNPACKING pc=0x00007f373bb4cdba sp=0x00007f36b39dec78 mode 0
Event: 5.891 Thread 0x00007f3754519000 DEOPT PACKING pc=0x00007f373c740f43 sp=0x00007f36b39ddc60
Event: 5.891 Thread 0x00007f3754519000 DEOPT UNPACKING pc=0x00007f373bb4cdba sp=0x00007f36b39dd178 mode 0
Event: 5.909 Thread 0x00007f3754519000 DEOPT PACKING pc=0x00007f373c740f43 sp=0x00007f36b39ddc60
Event: 5.909 Thread 0x00007f3754519000 DEOPT UNPACKING pc=0x00007f373bb4cdba sp=0x00007f36b39dd178 mode 0
Event: 5.944 Executing VM operation: G1IncCollectionPause


Dynamic libraries:
a8a00000-b5200000 rw-p 00000000 00:00 0 
c1a00000-100000000 ---p 00000000 00:00 0 
100000000-1001a0000 rw-p 00000000 00:00 0 
1001a0000-140000000 ---p 00000000 00:00 0 
5598539ba000-5598539bb000 r-xp 00000000 08:01 921458                     /usr/lib/jvm/java-11-openjdk-amd64/bin/java
559853bbb000-559853bbc000 r--p 00001000 08:01 921458                     /usr/lib/jvm/java-11-openjdk-amd64/bin/java
559853bbc000-559853bbd000 rw-p 00002000 08:01 921458                     /usr/lib/jvm/java-11-openjdk-amd64/bin/java
559854821000-559854842000 rw-p 00000000 00:00 0                          [heap]
7f36a8000000-7f36a81db000 rw-p 00000000 00:00 0 
7f36a81db000-7f36ac000000 ---p 00000000 00:00 0 
7f36af7e7000-7f36af927000 rw-p 00000000 00:00 0 
7f36af927000-7f36af9e7000 ---p 00000000 00:00 0 
7f36af9e7000-7f36af9eb000 ---p 00000000 00:00 0 
7f36af9eb000-7f36b3be8000 rw-p 00000000 00:00 0 
7f36b3be8000-7f36b3de8000 rw-p 00000000 00:00 0 
7f36b3de8000-7f36b3dff000 r-xp 00000000 08:01 953209                     /usr/lib/jvm/java-11-openjdk-amd64/lib/libnet.so
7f36b3dff000-7f36b3ffe000 ---p 00017000 08:01 953209                     /usr/lib/jvm/java-11-openjdk-amd64/lib/libnet.so
7f36b3ffe000-7f36b3fff000 r--p 00016000 08:01 953209                     /usr/lib/jvm/java-11-openjdk-amd64/lib/libnet.so
7f36b3fff000-7f36b4000000 rw-p 00017000 08:01 953209                     /usr/lib/jvm/java-11-openjdk-amd64/lib/libnet.so
7f36b4000000-7f36b4021000 rw-p 00000000 00:00 0 
7f36b4021000-7f36b8000000 ---p 00000000 00:00 0 
7f36b8000000-7f36b8021000 rw-p 00000000 00:00 0 
7f36b8021000-7f36bc000000 ---p 00000000 00:00 0 
7f36bc000000-7f36bc021000 rw-p 00000000 00:00 0 
7f36bc021000-7f36c0000000 ---p 00000000 00:00 0 
7f36c0000000-7f36c0021000 rw-p 00000000 00:00 0 
7f36c0021000-7f36c4000000 ---p 00000000 00:00 0 
7f36c4000000-7f36c5ecd000 rw-p 00000000 00:00 0 
7f36c5ecd000-7f36c8000000 ---p 00000000 00:00 0 
7f36c8000000-7f36c8a79000 rw-p 00000000 00:00 0 
7f36c8a79000-7f36cc000000 ---p 00000000 00:00 0 
7f36cc000000-7f36cd839000 rw-p 00000000 00:00 0 
7f36cd839000-7f36d0000000 ---p 00000000 00:00 0 
7f36d0000000-7f36d2294000 rw-p 00000000 00:00 0 
7f36d2294000-7f36d4000000 ---p 00000000 00:00 0 
7f36d4000000-7f36d4021000 rw-p 00000000 00:00 0 
7f36d4021000-7f36d8000000 ---p 00000000 00:00 0 
7f36d8000000-7f36d8021000 rw-p 00000000 00:00 0 
7f36d8021000-7f36dc000000 ---p 00000000 00:00 0 
7f36dc000000-7f36dc066000 rw-p 00000000 00:00 0 
7f36dc066000-7f36e0000000 ---p 00000000 00:00 0 
7f36e0000000-7f36e0021000 rw-p 00000000 00:00 0 
7f36e0021000-7f36e4000000 ---p 00000000 00:00 0 
7f36e4000000-7f36e4021000 rw-p 00000000 00:00 0 
7f36e4021000-7f36e8000000 ---p 00000000 00:00 0 
7f36e8000000-7f36e8021000 rw-p 00000000 00:00 0 
7f36e8021000-7f36ec000000 ---p 00000000 00:00 0 
7f36ec000000-7f36ec021000 rw-p 00000000 00:00 0 
7f36ec021000-7f36f0000000 ---p 00000000 00:00 0 
7f36f0000000-7f36f0021000 rw-p 00000000 00:00 0 
7f36f0021000-7f36f4000000 ---p 00000000 00:00 0 
7f36f4000000-7f36f4021000 rw-p 00000000 00:00 0 
7f36f4021000-7f36f8000000 ---p 00000000 00:00 0 
7f36f8000000-7f36f8021000 rw-p 00000000 00:00 0 
7f36f8021000-7f36fc000000 ---p 00000000 00:00 0 
7f36fc000000-7f36fc021000 rw-p 00000000 00:00 0 
7f36fc021000-7f3700000000 ---p 00000000 00:00 0 
7f3700000000-7f3700021000 rw-p 00000000 00:00 0 
7f3700021000-7f3704000000 ---p 00000000 00:00 0 
7f3704000000-7f3704026000 rw-p 00000000 00:00 0 
7f3704026000-7f3708000000 ---p 00000000 00:00 0 
7f3708014000-7f3708214000 rw-p 00000000 00:00 0 
7f3708214000-7f3708225000 r-xp 00000000 08:01 953211                     /usr/lib/jvm/java-11-openjdk-amd64/lib/libnio.so
7f3708225000-7f3708424000 ---p 00011000 08:01 953211                     /usr/lib/jvm/java-11-openjdk-amd64/lib/libnio.so
7f3708424000-7f3708425000 r--p 00010000 08:01 953211                     /usr/lib/jvm/java-11-openjdk-amd64/lib/libnio.so
7f3708425000-7f3708426000 rw-p 00011000 08:01 953211                     /usr/lib/jvm/java-11-openjdk-amd64/lib/libnio.so
7f3708426000-7f370842a000 ---p 00000000 00:00 0 
7f370842a000-7f3708527000 rw-p 00000000 00:00 0 
7f3708527000-7f3708528000 ---p 00000000 00:00 0 
7f3708528000-7f3708629000 rw-p 00000000 00:00 0 
7f3708629000-7f370862d000 ---p 00000000 00:00 0 
7f370862d000-7f370872a000 rw-p 00000000 00:00 0 
7f370872a000-7f370872e000 ---p 00000000 00:00 0 
7f370872e000-7f370882b000 rw-p 00000000 00:00 0 
7f370882b000-7f370882f000 ---p 00000000 00:00 0 
7f370882f000-7f370892c000 rw-p 00000000 00:00 0 
7f370892c000-7f3708930000 ---p 00000000 00:00 0 
7f3708930000-7f3708a2d000 rw-p 00000000 00:00 0 
7f3708a2d000-7f3708a31000 ---p 00000000 00:00 0 
7f3708a31000-7f3708b2e000 rw-p 00000000 00:00 0 
7f3708b2e000-7f3708b32000 ---p 00000000 00:00 0 
7f3708b32000-7f3708c2f000 rw-p 00000000 00:00 0 
7f3708c2f000-7f3708c33000 ---p 00000000 00:00 0 
7f3708c33000-7f3708d30000 rw-p 00000000 00:00 0 
7f3708d30000-7f37096ff000 r--p 00000000 08:01 924394                     /usr/lib/locale/locale-archive
7f37096ff000-7f3709703000 ---p 00000000 00:00 0 
7f3709703000-7f370c000000 rw-p 00000000 00:00 0 
7f370c000000-7f370c021000 rw-p 00000000 00:00 0 
7f370c021000-7f3710000000 ---p 00000000 00:00 0 
7f3710000000-7f3710021000 rw-p 00000000 00:00 0 
7f3710021000-7f3714000000 ---p 00000000 00:00 0 
7f3714000000-7f3714021000 rw-p 00000000 00:00 0 
7f3714021000-7f3718000000 ---p 00000000 00:00 0 
7f3718000000-7f3718021000 rw-p 00000000 00:00 0 
7f3718021000-7f371c000000 ---p 00000000 00:00 0 
7f371c000000-7f371c021000 rw-p 00000000 00:00 0 
7f371c021000-7f3720000000 ---p 00000000 00:00 0 
7f3720000000-7f3720021000 rw-p 00000000 00:00 0 
7f3720021000-7f3724000000 ---p 00000000 00:00 0 
7f3724000000-7f3724021000 rw-p 00000000 00:00 0 
7f3724021000-7f3728000000 ---p 00000000 00:00 0 
7f3728000000-7f3728021000 rw-p 00000000 00:00 0 
7f3728021000-7f372c000000 ---p 00000000 00:00 0 
7f372c000000-7f372c021000 rw-p 00000000 00:00 0 
7f372c021000-7f3730000000 ---p 00000000 00:00 0 
7f3730000000-7f3730021000 rw-p 00000000 00:00 0 
7f3730021000-7f3734000000 ---p 00000000 00:00 0 
7f3734000000-7f3734021000 rw-p 00000000 00:00 0 
7f3734021000-7f3738000000 ---p 00000000 00:00 0 
7f373805c000-7f3738060000 ---p 00000000 00:00 0 
7f3738060000-7f373815d000 rw-p 00000000 00:00 0 
7f373815d000-7f373815e000 ---p 00000000 00:00 0 
7f373815e000-7f373825f000 rw-p 00000000 00:00 0 
7f373825f000-7f3738260000 ---p 00000000 00:00 0 
7f3738260000-7f3738361000 rw-p 00000000 00:00 0 
7f3738361000-7f3738362000 ---p 00000000 00:00 0 
7f3738362000-7f3738463000 rw-p 00000000 00:00 0 
7f3738463000-7f3738464000 ---p 00000000 00:00 0 
7f3738464000-7f3738565000 rw-p 00000000 00:00 0 
7f3738565000-7f3738566000 ---p 00000000 00:00 0 
7f3738566000-7f3738667000 rw-p 00000000 00:00 0 
7f3738667000-7f3738668000 ---p 00000000 00:00 0 
7f3738668000-7f3738769000 rw-p 00000000 00:00 0 
7f3738769000-7f373876a000 ---p 00000000 00:00 0 
7f373876a000-7f373886b000 rw-p 00000000 00:00 0 
7f373886b000-7f373886c000 ---p 00000000 00:00 0 
7f373886c000-7f373896d000 rw-p 00000000 00:00 0 
7f373896d000-7f373896e000 ---p 00000000 00:00 0 
7f373896e000-7f3738a6f000 rw-p 00000000 00:00 0 
7f3738a6f000-7f3738a70000 ---p 00000000 00:00 0 
7f3738a70000-7f3739295000 rw-p 00000000 00:00 0 
7f3739295000-7f373a54d000 ---p 00000000 00:00 0 
7f373a54d000-7f373a86d000 rw-p 00000000 00:00 0 
7f373a86d000-7f373bb25000 ---p 00000000 00:00 0 
7f373bb25000-7f373bd95000 rwxp 00000000 00:00 0 
7f373bd95000-7f373c0b6000 ---p 00000000 00:00 0 
7f373c0b6000-7f373c776000 rwxp 00000000 00:00 0 
7f373c776000-7f37435ed000 ---p 00000000 00:00 0 
7f37435ed000-7f374385d000 rwxp 00000000 00:00 0 
7f374385d000-7f374ab25000 ---p 00000000 00:00 0 
7f374ab25000-7f3754000000 r--s 00000000 08:01 953235                     /usr/lib/jvm/java-11-openjdk-amd64/lib/modules
7f3754000000-7f3754520000 rw-p 00000000 00:00 0 
7f3754520000-7f3758000000 ---p 00000000 00:00 0 
7f375803f000-7f37584b9000 rw-p 00000000 00:00 0 
7f37584b9000-7f37584ba000 ---p 00000000 00:00 0 
7f37584ba000-7f37585bb000 rw-p 00000000 00:00 0 
7f37585bb000-7f37585bc000 ---p 00000000 00:00 0 
7f37585bc000-7f37586bd000 rw-p 00000000 00:00 0 
7f37586bd000-7f37586be000 ---p 00000000 00:00 0 
7f37586be000-7f3758823000 rw-p 00000000 00:00 0 
7f3758823000-7f3758a7a000 ---p 00000000 00:00 0 
7f3758a7a000-7f3758ade000 rw-p 00000000 00:00 0 
7f3758ade000-7f3758d35000 ---p 00000000 00:00 0 
7f3758d35000-7f3758d99000 rw-p 00000000 00:00 0 
7f3758d99000-7f3758ff0000 ---p 00000000 00:00 0 
7f3758ff0000-7f37597f8000 rw-p 00000000 00:00 0 
7f37597f8000-7f37597f9000 ---p 00000000 00:00 0 
7f37597f9000-7f37598fa000 rw-p 00000000 00:00 0 
7f37598fa000-7f37598fb000 ---p 00000000 00:00 0 
7f37598fb000-7f37599fc000 rw-p 00000000 00:00 0 
7f37599fc000-7f37599fd000 ---p 00000000 00:00 0 
7f37599fd000-7f3759afe000 rw-p 00000000 00:00 0 
7f3759afe000-7f3759aff000 ---p 00000000 00:00 0 
7f3759aff000-7f3759c00000 rw-p 00000000 00:00 0 
7f3759c00000-7f3759c01000 ---p 00000000 00:00 0 
7f3759c01000-7f3759d02000 rw-p 00000000 00:00 0 
7f3759d02000-7f3759d03000 ---p 00000000 00:00 0 
7f3759d03000-7f3759e04000 rw-p 00000000 00:00 0 
7f3759e04000-7f3759e05000 ---p 00000000 00:00 0 
7f3759e05000-7f3759f06000 rw-p 00000000 00:00 0 
7f3759f06000-7f3759f07000 ---p 00000000 00:00 0 
7f3759f07000-7f375a00d000 rw-p 00000000 00:00 0 
7f375a00d000-7f375a0f3000 ---p 00000000 00:00 0 
7f375a0f3000-7f375a101000 rw-p 00000000 00:00 0 
7f375a101000-7f375a1de000 ---p 00000000 00:00 0 
7f375a1de000-7f375a1e3000 r-xp 00000000 08:01 953185                     /usr/lib/jvm/java-11-openjdk-amd64/lib/libjimage.so
7f375a1e3000-7f375a3e2000 ---p 00005000 08:01 953185                     /usr/lib/jvm/java-11-openjdk-amd64/lib/libjimage.so
7f375a3e2000-7f375a3e3000 r--p 00004000 08:01 953185                     /usr/lib/jvm/java-11-openjdk-amd64/lib/libjimage.so
7f375a3e3000-7f375a3e4000 rw-p 00005000 08:01 953185                     /usr/lib/jvm/java-11-openjdk-amd64/lib/libjimage.so
7f375a3e4000-7f375a3eb000 r-xp 00000000 08:01 953233                     /usr/lib/jvm/java-11-openjdk-amd64/lib/libzip.so
7f375a3eb000-7f375a5ea000 ---p 00007000 08:01 953233                     /usr/lib/jvm/java-11-openjdk-amd64/lib/libzip.so
7f375a5ea000-7f375a5eb000 r--p 00006000 08:01 953233                     /usr/lib/jvm/java-11-openjdk-amd64/lib/libzip.so
7f375a5eb000-7f375a5ec000 rw-p 00007000 08:01 953233                     /usr/lib/jvm/java-11-openjdk-amd64/lib/libzip.so
7f375a5ec000-7f375a5f7000 r-xp 00000000 08:01 399298                     /lib/x86_64-linux-gnu/libnss_files-2.27.so
7f375a5f7000-7f375a7f6000 ---p 0000b000 08:01 399298                     /lib/x86_64-linux-gnu/libnss_files-2.27.so
7f375a7f6000-7f375a7f7000 r--p 0000a000 08:01 399298                     /lib/x86_64-linux-gnu/libnss_files-2.27.so
7f375a7f7000-7f375a7f8000 rw-p 0000b000 08:01 399298                     /lib/x86_64-linux-gnu/libnss_files-2.27.so
7f375a7f8000-7f375a7fe000 rw-p 00000000 00:00 0 
7f375a7fe000-7f375a815000 r-xp 00000000 08:01 399292                     /lib/x86_64-linux-gnu/libnsl-2.27.so
7f375a815000-7f375aa14000 ---p 00017000 08:01 399292                     /lib/x86_64-linux-gnu/libnsl-2.27.so
7f375aa14000-7f375aa15000 r--p 00016000 08:01 399292                     /lib/x86_64-linux-gnu/libnsl-2.27.so
7f375aa15000-7f375aa16000 rw-p 00017000 08:01 399292                     /lib/x86_64-linux-gnu/libnsl-2.27.so
7f375aa16000-7f375aa18000 rw-p 00000000 00:00 0 
7f375aa18000-7f375aa23000 r-xp 00000000 08:01 399309                     /lib/x86_64-linux-gnu/libnss_nis-2.27.so
7f375aa23000-7f375ac22000 ---p 0000b000 08:01 399309                     /lib/x86_64-linux-gnu/libnss_nis-2.27.so
7f375ac22000-7f375ac23000 r--p 0000a000 08:01 399309                     /lib/x86_64-linux-gnu/libnss_nis-2.27.so
7f375ac23000-7f375ac24000 rw-p 0000b000 08:01 399309                     /lib/x86_64-linux-gnu/libnss_nis-2.27.so
7f375ac24000-7f375ac2c000 r-xp 00000000 08:01 399294                     /lib/x86_64-linux-gnu/libnss_compat-2.27.so
7f375ac2c000-7f375ae2c000 ---p 00008000 08:01 399294                     /lib/x86_64-linux-gnu/libnss_compat-2.27.so
7f375ae2c000-7f375ae2d000 r--p 00008000 08:01 399294                     /lib/x86_64-linux-gnu/libnss_compat-2.27.so
7f375ae2d000-7f375ae2e000 rw-p 00009000 08:01 399294                     /lib/x86_64-linux-gnu/libnss_compat-2.27.so
7f375ae2e000-7f375ae5a000 r-xp 00000000 08:01 953176                     /usr/lib/jvm/java-11-openjdk-amd64/lib/libjava.so
7f375ae5a000-7f375b059000 ---p 0002c000 08:01 953176                     /usr/lib/jvm/java-11-openjdk-amd64/lib/libjava.so
7f375b059000-7f375b05a000 r--p 0002b000 08:01 953176                     /usr/lib/jvm/java-11-openjdk-amd64/lib/libjava.so
7f375b05a000-7f375b05c000 rw-p 0002c000 08:01 953176                     /usr/lib/jvm/java-11-openjdk-amd64/lib/libjava.so
7f375b05c000-7f375b069000 r-xp 00000000 08:01 953230                     /usr/lib/jvm/java-11-openjdk-amd64/lib/libverify.so
7f375b069000-7f375b268000 ---p 0000d000 08:01 953230                     /usr/lib/jvm/java-11-openjdk-amd64/lib/libverify.so
7f375b268000-7f375b26a000 r--p 0000c000 08:01 953230                     /usr/lib/jvm/java-11-openjdk-amd64/lib/libverify.so
7f375b26a000-7f375b26b000 rw-p 0000e000 08:01 953230                     /usr/lib/jvm/java-11-openjdk-amd64/lib/libverify.so
7f375b26b000-7f375b272000 r-xp 00000000 08:01 399349                     /lib/x86_64-linux-gnu/librt-2.27.so
7f375b272000-7f375b471000 ---p 00007000 08:01 399349                     /lib/x86_64-linux-gnu/librt-2.27.so
7f375b471000-7f375b472000 r--p 00006000 08:01 399349                     /lib/x86_64-linux-gnu/librt-2.27.so
7f375b472000-7f375b473000 rw-p 00007000 08:01 399349                     /lib/x86_64-linux-gnu/librt-2.27.so
7f375b473000-7f375b48a000 r-xp 00000000 08:01 393301                     /lib/x86_64-linux-gnu/libgcc_s.so.1
7f375b48a000-7f375b689000 ---p 00017000 08:01 393301                     /lib/x86_64-linux-gnu/libgcc_s.so.1
7f375b689000-7f375b68a000 r--p 00016000 08:01 393301                     /lib/x86_64-linux-gnu/libgcc_s.so.1
7f375b68a000-7f375b68b000 rw-p 00017000 08:01 393301                     /lib/x86_64-linux-gnu/libgcc_s.so.1
7f375b68b000-7f375b828000 r-xp 00000000 08:01 399271                     /lib/x86_64-linux-gnu/libm-2.27.so
7f375b828000-7f375ba27000 ---p 0019d000 08:01 399271                     /lib/x86_64-linux-gnu/libm-2.27.so
7f375ba27000-7f375ba28000 r--p 0019c000 08:01 399271                     /lib/x86_64-linux-gnu/libm-2.27.so
7f375ba28000-7f375ba29000 rw-p 0019d000 08:01 399271                     /lib/x86_64-linux-gnu/libm-2.27.so
7f375ba29000-7f375bba2000 r-xp 00000000 08:01 920236                     /usr/lib/x86_64-linux-gnu/libstdc++.so.6.0.25
7f375bba2000-7f375bda2000 ---p 00179000 08:01 920236                     /usr/lib/x86_64-linux-gnu/libstdc++.so.6.0.25
7f375bda2000-7f375bdac000 r--p 00179000 08:01 920236                     /usr/lib/x86_64-linux-gnu/libstdc++.so.6.0.25
7f375bdac000-7f375bdae000 rw-p 00183000 08:01 920236                     /usr/lib/x86_64-linux-gnu/libstdc++.so.6.0.25
7f375bdae000-7f375bdb2000 rw-p 00000000 00:00 0 
7f375bdb2000-7f375cd4f000 r-xp 00000000 08:01 1055132                    /usr/lib/jvm/java-11-openjdk-amd64/lib/server/libjvm.so
7f375cd4f000-7f375cf4f000 ---p 00f9d000 08:01 1055132                    /usr/lib/jvm/java-11-openjdk-amd64/lib/server/libjvm.so
7f375cf4f000-7f375d013000 r--p 00f9d000 08:01 1055132                    /usr/lib/jvm/java-11-openjdk-amd64/lib/server/libjvm.so
7f375d013000-7f375d04b000 rw-p 01061000 08:01 1055132                    /usr/lib/jvm/java-11-openjdk-amd64/lib/server/libjvm.so
7f375d04b000-7f375d094000 rw-p 00000000 00:00 0 
7f375d094000-7f375d0ae000 r-xp 00000000 08:01 399341                     /lib/x86_64-linux-gnu/libpthread-2.27.so
7f375d0ae000-7f375d2ad000 ---p 0001a000 08:01 399341                     /lib/x86_64-linux-gnu/libpthread-2.27.so
7f375d2ad000-7f375d2ae000 r--p 00019000 08:01 399341                     /lib/x86_64-linux-gnu/libpthread-2.27.so
7f375d2ae000-7f375d2af000 rw-p 0001a000 08:01 399341                     /lib/x86_64-linux-gnu/libpthread-2.27.so
7f375d2af000-7f375d2b3000 rw-p 00000000 00:00 0 
7f375d2b3000-7f375d2b6000 r-xp 00000000 08:01 399231                     /lib/x86_64-linux-gnu/libdl-2.27.so
7f375d2b6000-7f375d4b5000 ---p 00003000 08:01 399231                     /lib/x86_64-linux-gnu/libdl-2.27.so
7f375d4b5000-7f375d4b6000 r--p 00002000 08:01 399231                     /lib/x86_64-linux-gnu/libdl-2.27.so
7f375d4b6000-7f375d4b7000 rw-p 00003000 08:01 399231                     /lib/x86_64-linux-gnu/libdl-2.27.so
7f375d4b7000-7f375d4d3000 r-xp 00000000 08:01 399380                     /lib/x86_64-linux-gnu/libz.so.1.2.11
7f375d4d3000-7f375d6d2000 ---p 0001c000 08:01 399380                     /lib/x86_64-linux-gnu/libz.so.1.2.11
7f375d6d2000-7f375d6d3000 r--p 0001b000 08:01 399380                     /lib/x86_64-linux-gnu/libz.so.1.2.11
7f375d6d3000-7f375d6d4000 rw-p 0001c000 08:01 399380                     /lib/x86_64-linux-gnu/libz.so.1.2.11
7f375d6d4000-7f375d8bb000 r-xp 00000000 08:01 399208                     /lib/x86_64-linux-gnu/libc-2.27.so
7f375d8bb000-7f375dabb000 ---p 001e7000 08:01 399208                     /lib/x86_64-linux-gnu/libc-2.27.so
7f375dabb000-7f375dabf000 r--p 001e7000 08:01 399208                     /lib/x86_64-linux-gnu/libc-2.27.so
7f375dabf000-7f375dac1000 rw-p 001eb000 08:01 399208                     /lib/x86_64-linux-gnu/libc-2.27.so
7f375dac1000-7f375dac5000 rw-p 00000000 00:00 0 
7f375dac5000-7f375dad4000 r-xp 00000000 08:01 948812                     /usr/lib/jvm/java-11-openjdk-amd64/lib/jli/libjli.so
7f375dad4000-7f375dcd3000 ---p 0000f000 08:01 948812                     /usr/lib/jvm/java-11-openjdk-amd64/lib/jli/libjli.so
7f375dcd3000-7f375dcd4000 r--p 0000e000 08:01 948812                     /usr/lib/jvm/java-11-openjdk-amd64/lib/jli/libjli.so
7f375dcd4000-7f375dcd5000 rw-p 0000f000 08:01 948812                     /usr/lib/jvm/java-11-openjdk-amd64/lib/jli/libjli.so
7f375dcd5000-7f375dcfc000 r-xp 00000000 08:01 399180                     /lib/x86_64-linux-gnu/ld-2.27.so
7f375dd24000-7f375dddc000 rw-p 00000000 00:00 0 
7f375dddc000-7f375dde3000 ---p 00000000 00:00 0 
7f375dde3000-7f375dde7000 ---p 00000000 00:00 0 
7f375dde7000-7f375dee6000 rw-p 00000000 00:00 0 
7f375deef000-7f375def0000 rw-p 00000000 00:00 0 
7f375def0000-7f375def8000 rw-s 00000000 08:01 787300                     /tmp/hsperfdata_arslan/13491
7f375def8000-7f375def9000 ---p 00000000 00:00 0 
7f375def9000-7f375defa000 r--p 00000000 00:00 0 
7f375defa000-7f375defc000 rw-p 00000000 00:00 0 
7f375defc000-7f375defd000 r--p 00027000 08:01 399180                     /lib/x86_64-linux-gnu/ld-2.27.so
7f375defd000-7f375defe000 rw-p 00028000 08:01 399180                     /lib/x86_64-linux-gnu/ld-2.27.so
7f375defe000-7f375deff000 rw-p 00000000 00:00 0 
7ffdc0066000-7ffdc0087000 rw-p 00000000 00:00 0                          [stack]
7ffdc01de000-7ffdc01e1000 r--p 00000000 00:00 0                          [vvar]
7ffdc01e1000-7ffdc01e3000 r-xp 00000000 00:00 0                          [vdso]
ffffffffff600000-ffffffffff601000 r-xp 00000000 00:00 0                  [vsyscall]


VM Arguments:
java_command: third-party/closure-compiler.jar --generate_exports --compilation_level ADVANCED_OPTIMIZATIONS --dependency_mode=STRICT --externs externs/gviz-externs.js --externs externs/interpreter-externs.js --externs externs/prettify-externs.js --externs externs/soundJS-externs.js --externs externs/storage-externs.js --externs appengine/third-party/blockly/externs/svg-externs.js --language_out ECMASCRIPT5_STRICT --entry_point=Energysource --js='appengine/third-party/**.js' --js='!appengine/third-party/blockly/*.js' --js='!appengine/third-party/blockly/tests/**.js' --js='!appengine/third-party/blockly/externs/**.js' --js='!appengine/third-party/blockly/demos/**.js' --js='appengine/generated/en/*.js' --js='appengine/js/*.js' --warning_level QUIET --js='appengine/energysource/generated/en/*.js' --js='appengine/energysource/js/*.js'
java_class_path (initial): third-party/closure-compiler.jar
Launcher Type: SUN_STANDARD

Logging:
Log output configuration:
#0: stdout all=warning uptime,level,tags
#1: stderr all=off uptime,level,tags

Environment Variables:
PATH=/usr/local/sbin:/usr/local/bin:/usr/sbin:/usr/bin:/sbin:/bin:/usr/games:/usr/local/games:/snap/bin
USERNAME=arslan
SHELL=/bin/bash
DISPLAY=:0

Signal Handlers:
SIGSEGV: [libjvm.so+0xd28b70], sa_mask[0]=11111111011111111101111111111110, sa_flags=SA_RESTART|SA_SIGINFO
SIGBUS: [libjvm.so+0xd28b70], sa_mask[0]=11111111011111111101111111111110, sa_flags=SA_RESTART|SA_SIGINFO
SIGFPE: [libjvm.so+0xd28b70], sa_mask[0]=11111111011111111101111111111110, sa_flags=SA_RESTART|SA_SIGINFO
SIGPIPE: [libjvm.so+0xb2a1f0], sa_mask[0]=11111111011111111101111111111110, sa_flags=SA_RESTART|SA_SIGINFO
SIGXFSZ: [libjvm.so+0xb2a1f0], sa_mask[0]=11111111011111111101111111111110, sa_flags=SA_RESTART|SA_SIGINFO
SIGILL: [libjvm.so+0xd28b70], sa_mask[0]=11111111011111111101111111111110, sa_flags=SA_RESTART|SA_SIGINFO
SIGUSR2: [libjvm.so+0xb2a030], sa_mask[0]=00000000000000000000000000000000, sa_flags=SA_RESTART|SA_SIGINFO
SIGHUP: [libjvm.so+0xb2a180], sa_mask[0]=11111111011111111101111111111110, sa_flags=SA_RESTART|SA_SIGINFO
SIGINT: [libjvm.so+0xb2a180], sa_mask[0]=11111111011111111101111111111110, sa_flags=SA_RESTART|SA_SIGINFO
SIGTERM: [libjvm.so+0xb2a180], sa_mask[0]=11111111011111111101111111111110, sa_flags=SA_RESTART|SA_SIGINFO
SIGQUIT: [libjvm.so+0xb2a180], sa_mask[0]=11111111011111111101111111111110, sa_flags=SA_RESTART|SA_SIGINFO


---------------  S Y S T E M  ---------------

OS:DISTRIB_ID=Ubuntu
DISTRIB_RELEASE=18.04
DISTRIB_CODENAME=bionic
DISTRIB_DESCRIPTION="Ubuntu 18.04.1 LTS"
uname:Linux 4.15.0-42-generic #45-Ubuntu SMP Thu Nov 15 19:32:57 UTC 2018 x86_64
libc:glibc 2.27 NPTL 2.27 
rlimit: STACK 8192k, CORE 0k, NPROC 22121, NOFILE 4096, AS infinity, DATA infinity, FSIZE infinity
load average:0.78 0.40 0.45

/proc/meminfo:
MemTotal:        5723704 kB
MemFree:          141724 kB
MemAvailable:      90220 kB
Buffers:           13380 kB
Cached:           115468 kB
SwapCached:         8328 kB
Active:          2975524 kB
Inactive:         636672 kB
Active(anon):    2937516 kB
Inactive(anon):   583576 kB
Active(file):      38008 kB
Inactive(file):    53096 kB
Unevictable:        1928 kB
Mlocked:            1928 kB
SwapTotal:        969960 kB
SwapFree:              0 kB
Dirty:               416 kB
Writeback:             0 kB
AnonPages:       3477520 kB
Mapped:            97032 kB
Shmem:             37604 kB
Slab:             205428 kB
SReclaimable:      60676 kB
SUnreclaim:       144752 kB
KernelStack:       19840 kB
PageTables:        75364 kB
NFS_Unstable:          0 kB
Bounce:                0 kB
WritebackTmp:          0 kB
CommitLimit:     3831812 kB
Committed_AS:   11862576 kB
VmallocTotal:   34359738367 kB
VmallocUsed:           0 kB
VmallocChunk:          0 kB
HardwareCorrupted:     0 kB
AnonHugePages:         0 kB
ShmemHugePages:        0 kB
ShmemPmdMapped:        0 kB
CmaTotal:              0 kB
CmaFree:               0 kB
HugePages_Total:       0
HugePages_Free:        0
HugePages_Rsvd:        0
HugePages_Surp:        0
Hugepagesize:       2048 kB
DirectMap4k:      493376 kB
DirectMap2M:     5437440 kB
DirectMap1G:           0 kB

container (cgroup) information:
container_type: cgroupv1
cpu_cpuset_cpus: 0-7
cpu_memory_nodes: 0
active_processor_count: 8
cpu_quota: -1
cpu_period: 100000
cpu_shares: -1
memory_limit_in_bytes: -1
memory_and_swap_limit_in_bytes: -2
memory_soft_limit_in_bytes: -1
memory_usage_in_bytes: 3697258496
memory_max_usage_in_bytes: 313577472


CPU:total 8 (initial active 8) (4 cores per cpu, 1 threads per core) family 6 model 94 stepping 3, cmov, cx8, fxsr, mmx, sse, sse2, sse3, ssse3, sse4.1, sse4.2, popcnt, avx, avx2, aes, clmul, erms, rtm, 3dnowpref, lzcnt, tsc, tscinvbit, bmi1, bmi2, adx, fma
CPU Model and flags from /proc/cpuinfo:
model name	: Intel(R) Core(TM) i7-6700HQ CPU @ 2.60GHz
flags		: fpu vme de pse tsc msr pae mce cx8 apic sep mtrr pge mca cmov pat pse36 clflush mmx fxsr sse sse2 ss ht syscall nx pdpe1gb rdtscp lm constant_tsc arch_perfmon nopl xtopology tsc_reliable nonstop_tsc cpuid pni pclmulqdq vmx ssse3 fma cx16 pcid sse4_1 sse4_2 x2apic movbe popcnt tsc_deadline_timer aes xsave avx f16c rdrand hypervisor lahf_lm abm 3dnowprefetch cpuid_fault invpcid_single pti ibrs ibpb stibp tpr_shadow vnmi ept vpid fsgsbase tsc_adjust bmi1 hle avx2 smep bmi2 invpcid rtm mpx rdseed adx smap clflushopt xsaveopt xsavec xsaves arat arch_capabilities

Memory: 4k page, physical 5723704k(141724k free), swap 969960k(0k free)

vm_info: OpenJDK 64-Bit Server VM (10.0.2+13-Ubuntu-1ubuntu0.18.04.4) for linux-amd64 JRE (10.0.2+13-Ubuntu-1ubuntu0.18.04.4), built on Nov 13 2018 12:53:39 by "buildd" with gcc 7.3.0

END.
