#
# There is insufficient memory for the Java Runtime Environment to continue.
# Native memory allocation (mmap) failed to map 214958080 bytes for committing reserved memory.
# Possible reasons:
#   The system is out of physical RAM or swap space
#   The process is running with CompressedOops enabled, and the Java Heap may be blocking the growth of the native heap
# Possible solutions:
#   Reduce memory load on the system
#   Increase physical memory or swap space
#   Check if swap backing store is full
#   Decrease Java heap size (-Xmx/-Xms)
#   Decrease number of Java threads
#   Decrease Java thread stack sizes (-Xss)
#   Set larger code cache with -XX:ReservedCodeCacheSize=
#   JVM is running with Unscaled Compressed Oops mode in which the Java heap is
#     placed in the first 4GB address space. The Java Heap base address is the
#     maximum limit for the native heap growth. Please use -XX:HeapBaseMinAddress
#     to set the Java Heap base and to place the Java Heap above 4GB virtual address.
# This output file may be truncated or incomplete.
#
#  Out of Memory Error (os_linux.cpp:2706), pid=12204, tid=12226
#
# JRE version: OpenJDK Runtime Environment (10.0.2+13) (build 10.0.2+13-Ubuntu-1ubuntu0.18.04.4)
# Java VM: OpenJDK 64-Bit Server VM (10.0.2+13-Ubuntu-1ubuntu0.18.04.4, mixed mode, tiered, compressed oops, g1 gc, linux-amd64)
# Core dump will be written. Default location: Core dumps may be processed with "/usr/share/apport/apport %p %s %c %d %P" (or dumping to /home/arslan/Desktop/learnobot/blockly-games/core.12204)
#

---------------  S U M M A R Y ------------

Command Line: third-party/closure-compiler.jar --generate_exports --compilation_level ADVANCED_OPTIMIZATIONS --dependency_mode=STRICT --externs externs/gviz-externs.js --externs externs/interpreter-externs.js --externs externs/prettify-externs.js --externs externs/soundJS-externs.js --externs externs/storage-externs.js --externs appengine/third-party/blockly/externs/svg-externs.js --language_out ECMASCRIPT5_STRICT --entry_point=Energysource --js='appengine/third-party/**.js' --js='!appengine/third-party/blockly/*.js' --js='!appengine/third-party/blockly/tests/**.js' --js='!appengine/third-party/blockly/externs/**.js' --js='!appengine/third-party/blockly/demos/**.js' --js='appengine/generated/en/*.js' --js='appengine/js/*.js' --warning_level QUIET --js='appengine/energysource/generated/en/*.js' --js='appengine/energysource/js/*.js'

Host: Intel(R) Core(TM) i7-6700HQ CPU @ 2.60GHz, 8 cores, 5G, Ubuntu 18.04.1 LTS
Time: Fri Dec 14 00:08:33 2018 PST elapsed time: 9 seconds (0d 0h 0m 9s)

---------------  T H R E A D  ---------------

Current thread (0x00007f0bd8165000):  VMThread "VM Thread" [stack: 0x00007f0b8caeb000,0x00007f0b8cbeb000] [id=12226]

Stack: [0x00007f0b8caeb000,0x00007f0b8cbeb000],  sp=0x00007f0b8cbe90a0,  free space=1016k
Native frames: (J=compiled Java code, A=aot compiled Java code, j=interpreted, Vv=VM code, C=native code)
V  [libjvm.so+0xd27ea4]
V  [libjvm.so+0xd28a4b]
V  [libjvm.so+0x64d415]
V  [libjvm.so+0xb2d7c8]
V  [libjvm.so+0xb2601d]
V  [libjvm.so+0x7662ff]
V  [libjvm.so+0x76653e]
V  [libjvm.so+0x769500]
V  [libjvm.so+0x7efa1c]
V  [libjvm.so+0x7f06df]
V  [libjvm.so+0x7f0b59]
V  [libjvm.so+0x7162cf]
V  [libjvm.so+0x71a3ba]
V  [libjvm.so+0xd3a008]
V  [libjvm.so+0xd38871]
V  [libjvm.so+0xd35b3b]
V  [libjvm.so+0xd3715e]
V  [libjvm.so+0xd37588]
V  [libjvm.so+0xb33d40]

VM_Operation (0x00007f0b33ffad00): G1IncCollectionPause, mode: safepoint, requested by thread 0x00007f0bd8511000


---------------  P R O C E S S  ---------------

Threads class SMR info:
_java_thread_list=0x00007f0bd8510780, length=12, elements={
0x00007f0bd8012000, 0x00007f0bd816f000, 0x00007f0bd8171000, 0x00007f0bd817a000,
0x00007f0bd8184800, 0x00007f0bd8186800, 0x00007f0bd8188800, 0x00007f0bd818a800,
0x00007f0bd818c800, 0x00007f0bd8230800, 0x00007f0bd8241800, 0x00007f0bd8511000
}

Java Threads: ( => current thread )
  0x00007f0bd8012000 JavaThread "main" [_thread_blocked, id=12205, stack(0x00007f0be0fc0000,0x00007f0be10c1000)]
  0x00007f0bd816f000 JavaThread "Reference Handler" daemon [_thread_blocked, id=12227, stack(0x00007f0b8c9e8000,0x00007f0b8cae9000)]
  0x00007f0bd8171000 JavaThread "Finalizer" daemon [_thread_blocked, id=12228, stack(0x00007f0b8c8e7000,0x00007f0b8c9e8000)]
  0x00007f0bd817a000 JavaThread "Signal Dispatcher" daemon [_thread_blocked, id=12229, stack(0x00007f0b8c7e6000,0x00007f0b8c8e7000)]
  0x00007f0bd8184800 JavaThread "C2 CompilerThread0" daemon [_thread_blocked, id=12230, stack(0x00007f0b8c6e5000,0x00007f0b8c7e6000)]
  0x00007f0bd8186800 JavaThread "C2 CompilerThread1" daemon [_thread_blocked, id=12231, stack(0x00007f0b8c5e4000,0x00007f0b8c6e5000)]
  0x00007f0bd8188800 JavaThread "C2 CompilerThread2" daemon [_thread_blocked, id=12232, stack(0x00007f0b8c4e3000,0x00007f0b8c5e4000)]
  0x00007f0bd818a800 JavaThread "C1 CompilerThread3" daemon [_thread_blocked, id=12233, stack(0x00007f0b8c3e2000,0x00007f0b8c4e3000)]
  0x00007f0bd818c800 JavaThread "Sweeper thread" daemon [_thread_blocked, id=12234, stack(0x00007f0b8c2e1000,0x00007f0b8c3e2000)]
  0x00007f0bd8230800 JavaThread "Service Thread" daemon [_thread_blocked, id=12235, stack(0x00007f0b8c1e0000,0x00007f0b8c2e1000)]
  0x00007f0bd8241800 JavaThread "Common-Cleaner" daemon [_thread_blocked, id=12237, stack(0x00007f0b5f530000,0x00007f0b5f631000)]
  0x00007f0bd8511000 JavaThread "jscompiler" daemon [_thread_blocked, id=12239, stack(0x00007f0b2ffff000,0x00007f0b34000000)]

Other Threads:
=>0x00007f0bd8165000 VMThread "VM Thread" [stack: 0x00007f0b8caeb000,0x00007f0b8cbeb000] [id=12226]
  0x00007f0bd8233000 WatcherThread [stack: 0x00007f0b8c0e0000,0x00007f0b8c1e0000] [id=12236]
  0x00007f0bd8029000 GCTaskThread "GC Thread#0" [stack: 0x00007f0bdd0e5000,0x00007f0bdd1e5000] [id=12206]
  0x00007f0bd802a800 GCTaskThread "GC Thread#1" [stack: 0x00007f0bdcfe3000,0x00007f0bdd0e3000] [id=12207]
  0x00007f0bd802c000 GCTaskThread "GC Thread#2" [stack: 0x00007f0bdcee1000,0x00007f0bdcfe1000] [id=12208]
  0x00007f0bd802e000 GCTaskThread "GC Thread#3" [stack: 0x00007f0bdcddf000,0x00007f0bdcedf000] [id=12209]
  0x00007f0bd802f800 GCTaskThread "GC Thread#4" [stack: 0x00007f0bdccdd000,0x00007f0bdcddd000] [id=12210]
  0x00007f0bd8031000 GCTaskThread "GC Thread#5" [stack: 0x00007f0bdcbdb000,0x00007f0bdccdb000] [id=12211]
  0x00007f0bd8033000 GCTaskThread "GC Thread#6" [stack: 0x00007f0bdcad9000,0x00007f0bdcbd9000] [id=12212]
  0x00007f0bd8034800 GCTaskThread "GC Thread#7" [stack: 0x00007f0bdc9d7000,0x00007f0bdcad7000] [id=12213]
  0x00007f0bd8082000 ConcurrentGCThread "G1 Main Marker" [stack: 0x00007f0bdc0cd000,0x00007f0bdc1cd000] [id=12214]
  0x00007f0bd8084000 ConcurrentGCThread "G1 Conc#0" [stack: 0x00007f0bbc644000,0x00007f0bbc744000] [id=12215]
  0x00007f0bd8085800 ConcurrentGCThread "G1 Conc#1" [stack: 0x00007f0bbc542000,0x00007f0bbc642000] [id=12216]
  0x00007f0bd80cf000 ConcurrentGCThread "G1 Refine#0" [stack: 0x00007f0b8dbfd000,0x00007f0b8dcfd000] [id=12217]
  0x00007f0bd80d1000 ConcurrentGCThread "G1 Refine#1" [stack: 0x00007f0b8dafb000,0x00007f0b8dbfb000] [id=12218]
  0x00007f0bd80d2800 ConcurrentGCThread "G1 Refine#2" [stack: 0x00007f0b8d9f9000,0x00007f0b8daf9000] [id=12219]
  0x00007f0bd80d4800 ConcurrentGCThread "G1 Refine#3" [stack: 0x00007f0b8d8f7000,0x00007f0b8d9f7000] [id=12220]
  0x00007f0bd80d6000 ConcurrentGCThread "G1 Refine#4" [stack: 0x00007f0b8d7f5000,0x00007f0b8d8f5000] [id=12221]
  0x00007f0bd80d8000 ConcurrentGCThread "G1 Refine#5" [stack: 0x00007f0b8d6f3000,0x00007f0b8d7f3000] [id=12222]
  0x00007f0bd80d9800 ConcurrentGCThread "G1 Refine#6" [stack: 0x00007f0b8d5f1000,0x00007f0b8d6f1000] [id=12223]
  0x00007f0bd80db800 ConcurrentGCThread "G1 Refine#7" [stack: 0x00007f0b8d4ef000,0x00007f0b8d5ef000] [id=12224]
  0x00007f0bd80dd000 ConcurrentGCThread "G1 Young RemSet Sampling" [stack: 0x00007f0b8d3ed000,0x00007f0b8d4ed000] [id=12225]

Threads with active compile tasks:
C2 CompilerThread02744       4       com.google.javascript.jscomp.parsing.parser.Parser::parseObjectLiteral (110 bytes)
C2 CompilerThread12535       4       com.google.javascript.jscomp.parsing.parser.Parser::parseSourceElement (57 bytes)
C2 CompilerThread22704       4       com.google.javascript.jscomp.parsing.IRFactory$TransformDispatcher::process (1243 bytes)

VM state:at safepoint (normal execution)

VM Mutex/Monitor currently owned by a thread:  ([mutex/lock_event])
[0x00007f0bd800e640] Threads_lock - owner thread: 0x00007f0bd8165000
[0x00007f0bd800ebe0] Heap_lock - owner thread: 0x00007f0bd8511000

Heap address: 0x00000000a8a00000, size: 1398 MB, Compressed Oops mode: 32-bit
Narrow klass base: 0x0000000000000000, Narrow klass shift: 3
Compressed class space size: 1073741824 Address: 0x0000000100000000

Heap:
 garbage-first heap   total 593920K, used 246272K [0x00000000a8a00000, 0x0000000100000000)
  region size 1024K, 8 young (8192K), 8 survivors (8192K)
 Metaspace       used 16618K, capacity 16793K, committed 17280K, reserved 1064960K
  class space    used 1491K, capacity 1554K, committed 1664K, reserved 1048576K
Heap Regions: E=young(eden), S=young(survivor), O=old, HS=humongous(starts), HC=humongous(continues), CS=collection set, F=free, A=archive, TS=gc time stamp, AC=allocation context, TAMS=top-at-mark-start (previous, next)
|   0|0x00000000a8a00000, 0x00000000a8b00000, 0x00000000a8b00000|100%| O|  |TS  2|AC  0|TAMS 0x00000000a8a00000, 0x00000000a8b00000|
|   1|0x00000000a8b00000, 0x00000000a8c00000, 0x00000000a8c00000|100%| O|  |TS  2|AC  0|TAMS 0x00000000a8b00000, 0x00000000a8c00000|
|   2|0x00000000a8c00000, 0x00000000a8d00000, 0x00000000a8d00000|100%| O|  |TS  2|AC  0|TAMS 0x00000000a8c00000, 0x00000000a8d00000|
|   3|0x00000000a8d00000, 0x00000000a8e00000, 0x00000000a8e00000|100%| O|  |TS  3|AC  0|TAMS 0x00000000a8d00000, 0x00000000a8e00000|
|   4|0x00000000a8e00000, 0x00000000a8f00000, 0x00000000a8f00000|100%| O|  |TS  3|AC  0|TAMS 0x00000000a8e00000, 0x00000000a8f00000|
|   5|0x00000000a8f00000, 0x00000000a9000000, 0x00000000a9000000|100%| O|  |TS  3|AC  0|TAMS 0x00000000a8f00000, 0x00000000a9000000|
|   6|0x00000000a9000000, 0x00000000a9100000, 0x00000000a9100000|100%| O|  |TS  3|AC  0|TAMS 0x00000000a9000000, 0x00000000a9100000|
|   7|0x00000000a9100000, 0x00000000a9200000, 0x00000000a9200000|100%| O|  |TS  3|AC  0|TAMS 0x00000000a9100000, 0x00000000a9200000|
|   8|0x00000000a9200000, 0x00000000a9300000, 0x00000000a9300000|100%| O|  |TS  3|AC  0|TAMS 0x00000000a9200000, 0x00000000a9300000|
|   9|0x00000000a9300000, 0x00000000a9400000, 0x00000000a9400000|100%| O|  |TS  3|AC  0|TAMS 0x00000000a9300000, 0x00000000a9400000|
|  10|0x00000000a9400000, 0x00000000a9500000, 0x00000000a9500000|100%| O|  |TS  4|AC  0|TAMS 0x00000000a9400000, 0x00000000a9500000|
|  11|0x00000000a9500000, 0x00000000a9600000, 0x00000000a9600000|100%| O|  |TS  4|AC  0|TAMS 0x00000000a9500000, 0x00000000a9600000|
|  12|0x00000000a9600000, 0x00000000a9700000, 0x00000000a9700000|100%| O|  |TS  4|AC  0|TAMS 0x00000000a9600000, 0x00000000a9700000|
|  13|0x00000000a9700000, 0x00000000a9800000, 0x00000000a9800000|100%| O|  |TS  4|AC  0|TAMS 0x00000000a9700000, 0x00000000a9800000|
|  14|0x00000000a9800000, 0x00000000a9900000, 0x00000000a9900000|100%| O|  |TS  5|AC  0|TAMS 0x00000000a9800000, 0x00000000a9900000|
|  15|0x00000000a9900000, 0x00000000a9a00000, 0x00000000a9a00000|100%| O|  |TS  7|AC  0|TAMS 0x00000000a9900000, 0x00000000a9a00000|
|  16|0x00000000a9a00000, 0x00000000a9b00000, 0x00000000a9b00000|100%| O|  |TS  7|AC  0|TAMS 0x00000000a9a00000, 0x00000000a9b00000|
|  17|0x00000000a9b00000, 0x00000000a9c00000, 0x00000000a9c00000|100%| O|  |TS  7|AC  0|TAMS 0x00000000a9b00000, 0x00000000a9c00000|
|  18|0x00000000a9c00000, 0x00000000a9d00000, 0x00000000a9d00000|100%|HS|  |TS  0|AC  0|TAMS 0x00000000a9c00000, 0x00000000a9d00000|
|  19|0x00000000a9d00000, 0x00000000a9e00000, 0x00000000a9e00000|100%| O|  |TS  5|AC  0|TAMS 0x00000000a9d00000, 0x00000000a9e00000|
|  20|0x00000000a9e00000, 0x00000000a9f00000, 0x00000000a9f00000|100%| O|  |TS  5|AC  0|TAMS 0x00000000a9e00000, 0x00000000a9f00000|
|  21|0x00000000a9f00000, 0x00000000aa000000, 0x00000000aa000000|100%| O|  |TS  5|AC  0|TAMS 0x00000000a9f00000, 0x00000000aa000000|
|  22|0x00000000aa000000, 0x00000000aa100000, 0x00000000aa100000|100%| O|  |TS  5|AC  0|TAMS 0x00000000aa000000, 0x00000000aa100000|
|  23|0x00000000aa100000, 0x00000000aa200000, 0x00000000aa200000|100%|HS|  |TS  0|AC  0|TAMS 0x00000000aa100000, 0x00000000aa200000|
|  24|0x00000000aa200000, 0x00000000aa300000, 0x00000000aa300000|100%| O|  |TS  8|AC  0|TAMS 0x00000000aa200000, 0x00000000aa300000|
|  25|0x00000000aa300000, 0x00000000aa400000, 0x00000000aa400000|100%| O|  |TS  6|AC  0|TAMS 0x00000000aa300000, 0x00000000aa400000|
|  26|0x00000000aa400000, 0x00000000aa500000, 0x00000000aa500000|100%| O|  |TS  6|AC  0|TAMS 0x00000000aa400000, 0x00000000aa500000|
|  27|0x00000000aa500000, 0x00000000aa600000, 0x00000000aa600000|100%| O|  |TS  6|AC  0|TAMS 0x00000000aa500000, 0x00000000aa600000|
|  28|0x00000000aa600000, 0x00000000aa700000, 0x00000000aa700000|100%| O|  |TS  6|AC  0|TAMS 0x00000000aa600000, 0x00000000aa700000|
|  29|0x00000000aa700000, 0x00000000aa800000, 0x00000000aa800000|100%| O|  |TS  6|AC  0|TAMS 0x00000000aa700000, 0x00000000aa800000|
|  30|0x00000000aa800000, 0x00000000aa900000, 0x00000000aa900000|100%| O|  |TS  6|AC  0|TAMS 0x00000000aa800000, 0x00000000aa900000|
|  31|0x00000000aa900000, 0x00000000aaa00000, 0x00000000aaa00000|100%| O|  |TS  6|AC  0|TAMS 0x00000000aa900000, 0x00000000aaa00000|
|  32|0x00000000aaa00000, 0x00000000aab00000, 0x00000000aab00000|100%| O|  |TS  6|AC  0|TAMS 0x00000000aaa00000, 0x00000000aab00000|
|  33|0x00000000aab00000, 0x00000000aac00000, 0x00000000aac00000|100%| O|  |TS  7|AC  0|TAMS 0x00000000aab00000, 0x00000000aac00000|
|  34|0x00000000aac00000, 0x00000000aad00000, 0x00000000aad00000|100%| O|  |TS  8|AC  0|TAMS 0x00000000aac00000, 0x00000000aad00000|
|  35|0x00000000aad00000, 0x00000000aae00000, 0x00000000aae00000|100%| O|  |TS  8|AC  0|TAMS 0x00000000aad00000, 0x00000000aae00000|
|  36|0x00000000aae00000, 0x00000000aaf00000, 0x00000000aaf00000|100%| O|  |TS  8|AC  0|TAMS 0x00000000aae00000, 0x00000000aaf00000|
|  37|0x00000000aaf00000, 0x00000000ab000000, 0x00000000ab000000|100%| O|  |TS  8|AC  0|TAMS 0x00000000aaf00000, 0x00000000ab000000|
|  38|0x00000000ab000000, 0x00000000ab100000, 0x00000000ab100000|100%| O|  |TS  8|AC  0|TAMS 0x00000000ab000000, 0x00000000ab100000|
|  39|0x00000000ab100000, 0x00000000ab200000, 0x00000000ab200000|100%| O|  |TS  8|AC  0|TAMS 0x00000000ab100000, 0x00000000ab200000|
|  40|0x00000000ab200000, 0x00000000ab300000, 0x00000000ab300000|100%| O|  |TS  9|AC  0|TAMS 0x00000000ab200000, 0x00000000ab300000|
|  41|0x00000000ab300000, 0x00000000ab400000, 0x00000000ab400000|100%| O|  |TS  9|AC  0|TAMS 0x00000000ab300000, 0x00000000ab400000|
|  42|0x00000000ab400000, 0x00000000ab500000, 0x00000000ab500000|100%| O|  |TS  9|AC  0|TAMS 0x00000000ab400000, 0x00000000ab500000|
|  43|0x00000000ab500000, 0x00000000ab600000, 0x00000000ab600000|100%| O|  |TS  9|AC  0|TAMS 0x00000000ab500000, 0x00000000ab600000|
|  44|0x00000000ab600000, 0x00000000ab700000, 0x00000000ab700000|100%| O|  |TS 10|AC  0|TAMS 0x00000000ab600000, 0x00000000ab700000|
|  45|0x00000000ab700000, 0x00000000ab800000, 0x00000000ab800000|100%| O|  |TS 10|AC  0|TAMS 0x00000000ab700000, 0x00000000ab800000|
|  46|0x00000000ab800000, 0x00000000ab900000, 0x00000000ab900000|100%| O|  |TS 10|AC  0|TAMS 0x00000000ab800000, 0x00000000ab900000|
|  47|0x00000000ab900000, 0x00000000aba00000, 0x00000000aba00000|100%| O|  |TS 10|AC  0|TAMS 0x00000000ab900000, 0x00000000aba00000|
|  48|0x00000000aba00000, 0x00000000abb00000, 0x00000000abb00000|100%| O|  |TS 11|AC  0|TAMS 0x00000000aba00000, 0x00000000abb00000|
|  49|0x00000000abb00000, 0x00000000abc00000, 0x00000000abc00000|100%| O|  |TS 11|AC  0|TAMS 0x00000000abb00000, 0x00000000abc00000|
|  50|0x00000000abc00000, 0x00000000abd00000, 0x00000000abd00000|100%| O|  |TS 11|AC  0|TAMS 0x00000000abc00000, 0x00000000abd00000|
|  51|0x00000000abd00000, 0x00000000abe00000, 0x00000000abe00000|100%| O|  |TS 11|AC  0|TAMS 0x00000000abd00000, 0x00000000abe00000|
|  52|0x00000000abe00000, 0x00000000abf00000, 0x00000000abf00000|100%| O|  |TS 12|AC  0|TAMS 0x00000000abe00000, 0x00000000abf00000|
|  53|0x00000000abf00000, 0x00000000ac000000, 0x00000000ac000000|100%| O|  |TS 13|AC  0|TAMS 0x00000000abf00000, 0x00000000ac000000|
|  54|0x00000000ac000000, 0x00000000ac100000, 0x00000000ac100000|100%| O|  |TS 13|AC  0|TAMS 0x00000000ac000000, 0x00000000ac100000|
|  55|0x00000000ac100000, 0x00000000ac200000, 0x00000000ac200000|100%| O|  |TS 12|AC  0|TAMS 0x00000000ac100000, 0x00000000ac200000|
|  56|0x00000000ac200000, 0x00000000ac300000, 0x00000000ac300000|100%| O|  |TS 12|AC  0|TAMS 0x00000000ac200000, 0x00000000ac300000|
|  57|0x00000000ac300000, 0x00000000ac400000, 0x00000000ac400000|100%| O|  |TS 12|AC  0|TAMS 0x00000000ac300000, 0x00000000ac400000|
|  58|0x00000000ac400000, 0x00000000ac500000, 0x00000000ac500000|100%| O|  |TS 12|AC  0|TAMS 0x00000000ac400000, 0x00000000ac500000|
|  59|0x00000000ac500000, 0x00000000ac600000, 0x00000000ac600000|100%| O|  |TS 12|AC  0|TAMS 0x00000000ac500000, 0x00000000ac600000|
|  60|0x00000000ac600000, 0x00000000ac700000, 0x00000000ac700000|100%| O|  |TS 12|AC  0|TAMS 0x00000000ac600000, 0x00000000ac700000|
|  61|0x00000000ac700000, 0x00000000ac800000, 0x00000000ac800000|100%| O|  |TS 12|AC  0|TAMS 0x00000000ac700000, 0x00000000ac800000|
|  62|0x00000000ac800000, 0x00000000ac900000, 0x00000000ac900000|100%| O|  |TS 12|AC  0|TAMS 0x00000000ac800000, 0x00000000ac900000|
|  63|0x00000000ac900000, 0x00000000aca00000, 0x00000000aca00000|100%| O|  |TS 13|AC  0|TAMS 0x00000000ac900000, 0x00000000aca00000|
|  64|0x00000000aca00000, 0x00000000acb00000, 0x00000000acb00000|100%| O|  |TS 13|AC  0|TAMS 0x00000000aca00000, 0x00000000acb00000|
|  65|0x00000000acb00000, 0x00000000acc00000, 0x00000000acc00000|100%| O|  |TS 13|AC  0|TAMS 0x00000000acb00000, 0x00000000acc00000|
|  66|0x00000000acc00000, 0x00000000acd00000, 0x00000000acd00000|100%| O|  |TS 13|AC  0|TAMS 0x00000000acc00000, 0x00000000acd00000|
|  67|0x00000000acd00000, 0x00000000ace00000, 0x00000000ace00000|100%| O|  |TS 13|AC  0|TAMS 0x00000000acd00000, 0x00000000ace00000|
|  68|0x00000000ace00000, 0x00000000acf00000, 0x00000000acf00000|100%| O|  |TS 13|AC  0|TAMS 0x00000000ace00000, 0x00000000acf00000|
|  69|0x00000000acf00000, 0x00000000ad000000, 0x00000000ad000000|100%| O|  |TS 14|AC  0|TAMS 0x00000000acf00000, 0x00000000ad000000|
|  70|0x00000000ad000000, 0x00000000ad100000, 0x00000000ad100000|100%| O|  |TS 16|AC  0|TAMS 0x00000000ad000000, 0x00000000ad100000|
|  71|0x00000000ad100000, 0x00000000ad200000, 0x00000000ad200000|100%| O|  |TS 14|AC  0|TAMS 0x00000000ad100000, 0x00000000ad200000|
|  72|0x00000000ad200000, 0x00000000ad300000, 0x00000000ad300000|100%| O|  |TS 14|AC  0|TAMS 0x00000000ad200000, 0x00000000ad300000|
|  73|0x00000000ad300000, 0x00000000ad400000, 0x00000000ad400000|100%| O|  |TS 14|AC  0|TAMS 0x00000000ad300000, 0x00000000ad400000|
|  74|0x00000000ad400000, 0x00000000ad500000, 0x00000000ad500000|100%| O|  |TS 14|AC  0|TAMS 0x00000000ad400000, 0x00000000ad500000|
|  75|0x00000000ad500000, 0x00000000ad600000, 0x00000000ad600000|100%| O|  |TS 14|AC  0|TAMS 0x00000000ad500000, 0x00000000ad600000|
|  76|0x00000000ad600000, 0x00000000ad700000, 0x00000000ad700000|100%| O|  |TS 14|AC  0|TAMS 0x00000000ad600000, 0x00000000ad700000|
|  77|0x00000000ad700000, 0x00000000ad800000, 0x00000000ad800000|100%| O|  |TS 14|AC  0|TAMS 0x00000000ad700000, 0x00000000ad800000|
|  78|0x00000000ad800000, 0x00000000ad900000, 0x00000000ad900000|100%| O|  |TS 14|AC  0|TAMS 0x00000000ad800000, 0x00000000ad900000|
|  79|0x00000000ad900000, 0x00000000ada00000, 0x00000000ada00000|100%| O|  |TS 14|AC  0|TAMS 0x00000000ad900000, 0x00000000ada00000|
|  80|0x00000000ada00000, 0x00000000adb00000, 0x00000000adb00000|100%| O|  |TS 14|AC  0|TAMS 0x00000000ada00000, 0x00000000adb00000|
|  81|0x00000000adb00000, 0x00000000adc00000, 0x00000000adc00000|100%| O|  |TS 14|AC  0|TAMS 0x00000000adb00000, 0x00000000adc00000|
|  82|0x00000000adc00000, 0x00000000add00000, 0x00000000add00000|100%| O|  |TS 15|AC  0|TAMS 0x00000000adc00000, 0x00000000add00000|
|  83|0x00000000add00000, 0x00000000ade00000, 0x00000000ade00000|100%| O|  |TS 16|AC  0|TAMS 0x00000000add00000, 0x00000000ade00000|
|  84|0x00000000ade00000, 0x00000000adf00000, 0x00000000adf00000|100%| O|  |TS 16|AC  0|TAMS 0x00000000ade00000, 0x00000000adf00000|
|  85|0x00000000adf00000, 0x00000000ae000000, 0x00000000ae000000|100%| O|  |TS 16|AC  0|TAMS 0x00000000adf00000, 0x00000000ae000000|
|  86|0x00000000ae000000, 0x00000000ae100000, 0x00000000ae100000|100%| O|  |TS 16|AC  0|TAMS 0x00000000ae000000, 0x00000000ae100000|
|  87|0x00000000ae100000, 0x00000000ae200000, 0x00000000ae200000|100%| O|  |TS 16|AC  0|TAMS 0x00000000ae100000, 0x00000000ae200000|
|  88|0x00000000ae200000, 0x00000000ae300000, 0x00000000ae300000|100%|HS|  |TS 10|AC  0|TAMS 0x00000000ae200000, 0x00000000ae300000|
|  89|0x00000000ae300000, 0x00000000ae400000, 0x00000000ae400000|100%|HC|  |TS 11|AC  0|TAMS 0x00000000ae300000, 0x00000000ae400000|
|  90|0x00000000ae400000, 0x00000000ae500000, 0x00000000ae500000|100%| O|  |TS 15|AC  0|TAMS 0x00000000ae400000, 0x00000000ae500000|
|  91|0x00000000ae500000, 0x00000000ae600000, 0x00000000ae600000|100%| O|  |TS 15|AC  0|TAMS 0x00000000ae500000, 0x00000000ae600000|
|  92|0x00000000ae600000, 0x00000000ae700000, 0x00000000ae700000|100%| O|  |TS 15|AC  0|TAMS 0x00000000ae600000, 0x00000000ae700000|
|  93|0x00000000ae700000, 0x00000000ae800000, 0x00000000ae800000|100%| O|  |TS 15|AC  0|TAMS 0x00000000ae700000, 0x00000000ae800000|
|  94|0x00000000ae800000, 0x00000000ae900000, 0x00000000ae900000|100%| O|  |TS 15|AC  0|TAMS 0x00000000ae800000, 0x00000000ae900000|
|  95|0x00000000ae900000, 0x00000000aea00000, 0x00000000aea00000|100%| O|  |TS 15|AC  0|TAMS 0x00000000ae900000, 0x00000000aea00000|
|  96|0x00000000aea00000, 0x00000000aeb00000, 0x00000000aeb00000|100%| O|  |TS 15|AC  0|TAMS 0x00000000aea00000, 0x00000000aeb00000|
|  97|0x00000000aeb00000, 0x00000000aec00000, 0x00000000aec00000|100%| O|  |TS 15|AC  0|TAMS 0x00000000aeb00000, 0x00000000aec00000|
|  98|0x00000000aec00000, 0x00000000aed00000, 0x00000000aed00000|100%| O|  |TS 15|AC  0|TAMS 0x00000000aec00000, 0x00000000aed00000|
|  99|0x00000000aed00000, 0x00000000aee00000, 0x00000000aee00000|100%| O|  |TS 15|AC  0|TAMS 0x00000000aed00000, 0x00000000aee00000|
| 100|0x00000000aee00000, 0x00000000aef00000, 0x00000000aef00000|100%| O|  |TS 15|AC  0|TAMS 0x00000000aee00000, 0x00000000aef00000|
| 101|0x00000000aef00000, 0x00000000af000000, 0x00000000af000000|100%| O|  |TS 15|AC  0|TAMS 0x00000000aef00000, 0x00000000af000000|
| 102|0x00000000af000000, 0x00000000af100000, 0x00000000af100000|100%| O|  |TS 15|AC  0|TAMS 0x00000000af000000, 0x00000000af100000|
| 103|0x00000000af100000, 0x00000000af200000, 0x00000000af200000|100%| O|  |TS 15|AC  0|TAMS 0x00000000af100000, 0x00000000af200000|
| 104|0x00000000af200000, 0x00000000af300000, 0x00000000af300000|100%| O|  |TS 15|AC  0|TAMS 0x00000000af200000, 0x00000000af300000|
| 105|0x00000000af300000, 0x00000000af400000, 0x00000000af400000|100%| O|  |TS 15|AC  0|TAMS 0x00000000af300000, 0x00000000af400000|
| 106|0x00000000af400000, 0x00000000af500000, 0x00000000af500000|100%| O|  |TS 15|AC  0|TAMS 0x00000000af400000, 0x00000000af500000|
| 107|0x00000000af500000, 0x00000000af600000, 0x00000000af600000|100%| O|  |TS 15|AC  0|TAMS 0x00000000af500000, 0x00000000af600000|
| 108|0x00000000af600000, 0x00000000af700000, 0x00000000af700000|100%| O|  |TS 15|AC  0|TAMS 0x00000000af600000, 0x00000000af700000|
| 109|0x00000000af700000, 0x00000000af800000, 0x00000000af800000|100%| O|  |TS 15|AC  0|TAMS 0x00000000af700000, 0x00000000af800000|
| 110|0x00000000af800000, 0x00000000af900000, 0x00000000af900000|100%| O|  |TS 15|AC  0|TAMS 0x00000000af800000, 0x00000000af900000|
| 111|0x00000000af900000, 0x00000000afa00000, 0x00000000afa00000|100%| O|  |TS 15|AC  0|TAMS 0x00000000af900000, 0x00000000afa00000|
| 112|0x00000000afa00000, 0x00000000afb00000, 0x00000000afb00000|100%| O|  |TS 15|AC  0|TAMS 0x00000000afa00000, 0x00000000afb00000|
| 113|0x00000000afb00000, 0x00000000afc00000, 0x00000000afc00000|100%| O|  |TS 15|AC  0|TAMS 0x00000000afb00000, 0x00000000afc00000|
| 114|0x00000000afc00000, 0x00000000afd00000, 0x00000000afd00000|100%| O|  |TS 15|AC  0|TAMS 0x00000000afc00000, 0x00000000afd00000|
| 115|0x00000000afd00000, 0x00000000afe00000, 0x00000000afe00000|100%| O|  |TS 15|AC  0|TAMS 0x00000000afd00000, 0x00000000afe00000|
| 116|0x00000000afe00000, 0x00000000aff00000, 0x00000000aff00000|100%| O|  |TS 15|AC  0|TAMS 0x00000000afe00000, 0x00000000aff00000|
| 117|0x00000000aff00000, 0x00000000b0000000, 0x00000000b0000000|100%| O|  |TS 15|AC  0|TAMS 0x00000000aff00000, 0x00000000b0000000|
| 118|0x00000000b0000000, 0x00000000b0100000, 0x00000000b0100000|100%| O|  |TS 15|AC  0|TAMS 0x00000000b0000000, 0x00000000b0100000|
| 119|0x00000000b0100000, 0x00000000b0200000, 0x00000000b0200000|100%| O|  |TS 15|AC  0|TAMS 0x00000000b0100000, 0x00000000b0200000|
| 120|0x00000000b0200000, 0x00000000b0300000, 0x00000000b0300000|100%| O|  |TS 15|AC  0|TAMS 0x00000000b0200000, 0x00000000b0300000|
| 121|0x00000000b0300000, 0x00000000b0400000, 0x00000000b0400000|100%| O|  |TS 15|AC  0|TAMS 0x00000000b0300000, 0x00000000b0400000|
| 122|0x00000000b0400000, 0x00000000b0500000, 0x00000000b0500000|100%| O|  |TS 15|AC  0|TAMS 0x00000000b0400000, 0x00000000b0500000|
| 123|0x00000000b0500000, 0x00000000b0600000, 0x00000000b0600000|100%| O|  |TS 16|AC  0|TAMS 0x00000000b0500000, 0x00000000b0600000|
| 124|0x00000000b0600000, 0x00000000b0700000, 0x00000000b0700000|100%| O|  |TS 16|AC  0|TAMS 0x00000000b0600000, 0x00000000b0700000|
| 125|0x00000000b0700000, 0x00000000b0800000, 0x00000000b0800000|100%| O|  |TS 16|AC  0|TAMS 0x00000000b0700000, 0x00000000b0800000|
| 126|0x00000000b0800000, 0x00000000b0900000, 0x00000000b0900000|100%| O|  |TS 16|AC  0|TAMS 0x00000000b0800000, 0x00000000b0900000|
| 127|0x00000000b0900000, 0x00000000b0a00000, 0x00000000b0a00000|100%| O|  |TS 16|AC  0|TAMS 0x00000000b0900000, 0x00000000b0a00000|
| 128|0x00000000b0a00000, 0x00000000b0b00000, 0x00000000b0b00000|100%| O|  |TS 16|AC  0|TAMS 0x00000000b0a00000, 0x00000000b0b00000|
| 129|0x00000000b0b00000, 0x00000000b0c00000, 0x00000000b0c00000|100%| O|  |TS 16|AC  0|TAMS 0x00000000b0b00000, 0x00000000b0c00000|
| 130|0x00000000b0c00000, 0x00000000b0d00000, 0x00000000b0d00000|100%| O|  |TS 16|AC  0|TAMS 0x00000000b0c00000, 0x00000000b0d00000|
| 131|0x00000000b0d00000, 0x00000000b0e00000, 0x00000000b0e00000|100%| O|  |TS 16|AC  0|TAMS 0x00000000b0d00000, 0x00000000b0e00000|
| 132|0x00000000b0e00000, 0x00000000b0f00000, 0x00000000b0f00000|100%| O|  |TS 15|AC  0|TAMS 0x00000000b0e00000, 0x00000000b0f00000|
| 133|0x00000000b0f00000, 0x00000000b1000000, 0x00000000b1000000|100%| O|  |TS 15|AC  0|TAMS 0x00000000b0f00000, 0x00000000b1000000|
| 134|0x00000000b1000000, 0x00000000b1100000, 0x00000000b1100000|100%| O|  |TS 15|AC  0|TAMS 0x00000000b1000000, 0x00000000b1100000|
| 135|0x00000000b1100000, 0x00000000b1200000, 0x00000000b1200000|100%| O|  |TS 15|AC  0|TAMS 0x00000000b1100000, 0x00000000b1200000|
| 136|0x00000000b1200000, 0x00000000b1300000, 0x00000000b1300000|100%| O|  |TS 15|AC  0|TAMS 0x00000000b1200000, 0x00000000b1300000|
| 137|0x00000000b1300000, 0x00000000b1400000, 0x00000000b1400000|100%| O|  |TS 16|AC  0|TAMS 0x00000000b1300000, 0x00000000b1400000|
| 138|0x00000000b1400000, 0x00000000b1500000, 0x00000000b1500000|100%| O|  |TS 16|AC  0|TAMS 0x00000000b1400000, 0x00000000b1500000|
| 139|0x00000000b1500000, 0x00000000b1600000, 0x00000000b1600000|100%| O|  |TS 16|AC  0|TAMS 0x00000000b1500000, 0x00000000b1600000|
| 140|0x00000000b1600000, 0x00000000b1700000, 0x00000000b1700000|100%| O|  |TS 16|AC  0|TAMS 0x00000000b1600000, 0x00000000b1700000|
| 141|0x00000000b1700000, 0x00000000b1800000, 0x00000000b1800000|100%| O|  |TS 16|AC  0|TAMS 0x00000000b1700000, 0x00000000b1800000|
| 142|0x00000000b1800000, 0x00000000b1900000, 0x00000000b1900000|100%| O|  |TS 16|AC  0|TAMS 0x00000000b1800000, 0x00000000b1900000|
| 143|0x00000000b1900000, 0x00000000b1a00000, 0x00000000b1a00000|100%| O|  |TS 16|AC  0|TAMS 0x00000000b1900000, 0x00000000b1a00000|
| 144|0x00000000b1a00000, 0x00000000b1b00000, 0x00000000b1b00000|100%| O|  |TS 16|AC  0|TAMS 0x00000000b1a00000, 0x00000000b1b00000|
| 145|0x00000000b1b00000, 0x00000000b1c00000, 0x00000000b1c00000|100%| O|  |TS 16|AC  0|TAMS 0x00000000b1b00000, 0x00000000b1c00000|
| 146|0x00000000b1c00000, 0x00000000b1d00000, 0x00000000b1d00000|100%| O|  |TS 16|AC  0|TAMS 0x00000000b1c00000, 0x00000000b1d00000|
| 147|0x00000000b1d00000, 0x00000000b1e00000, 0x00000000b1e00000|100%| O|  |TS 16|AC  0|TAMS 0x00000000b1d00000, 0x00000000b1e00000|
| 148|0x00000000b1e00000, 0x00000000b1f00000, 0x00000000b1f00000|100%| O|  |TS 16|AC  0|TAMS 0x00000000b1e00000, 0x00000000b1f00000|
| 149|0x00000000b1f00000, 0x00000000b2000000, 0x00000000b2000000|100%| O|  |TS 16|AC  0|TAMS 0x00000000b1f00000, 0x00000000b2000000|
| 150|0x00000000b2000000, 0x00000000b2100000, 0x00000000b2100000|100%| O|  |TS 16|AC  0|TAMS 0x00000000b2000000, 0x00000000b2100000|
| 151|0x00000000b2100000, 0x00000000b2200000, 0x00000000b2200000|100%| O|  |TS 16|AC  0|TAMS 0x00000000b2100000, 0x00000000b2200000|
| 152|0x00000000b2200000, 0x00000000b2300000, 0x00000000b2300000|100%| O|  |TS 16|AC  0|TAMS 0x00000000b2200000, 0x00000000b2300000|
| 153|0x00000000b2300000, 0x00000000b2400000, 0x00000000b2400000|100%| O|  |TS 16|AC  0|TAMS 0x00000000b2300000, 0x00000000b2400000|
| 154|0x00000000b2400000, 0x00000000b2500000, 0x00000000b2500000|100%| O|  |TS 16|AC  0|TAMS 0x00000000b2400000, 0x00000000b2500000|
| 155|0x00000000b2500000, 0x00000000b2600000, 0x00000000b2600000|100%| O|  |TS 16|AC  0|TAMS 0x00000000b2500000, 0x00000000b2600000|
| 156|0x00000000b2600000, 0x00000000b2700000, 0x00000000b2700000|100%| O|  |TS 16|AC  0|TAMS 0x00000000b2600000, 0x00000000b2700000|
| 157|0x00000000b2700000, 0x00000000b2800000, 0x00000000b2800000|100%| O|  |TS 16|AC  0|TAMS 0x00000000b2700000, 0x00000000b2800000|
| 158|0x00000000b2800000, 0x00000000b2900000, 0x00000000b2900000|100%| O|  |TS 16|AC  0|TAMS 0x00000000b2800000, 0x00000000b2900000|
| 159|0x00000000b2900000, 0x00000000b2a00000, 0x00000000b2a00000|100%| O|  |TS 16|AC  0|TAMS 0x00000000b2900000, 0x00000000b2a00000|
| 160|0x00000000b2a00000, 0x00000000b2b00000, 0x00000000b2b00000|100%| O|  |TS 16|AC  0|TAMS 0x00000000b2a00000, 0x00000000b2b00000|
| 161|0x00000000b2b00000, 0x00000000b2c00000, 0x00000000b2c00000|100%| O|  |TS 16|AC  0|TAMS 0x00000000b2b00000, 0x00000000b2c00000|
| 162|0x00000000b2c00000, 0x00000000b2d00000, 0x00000000b2d00000|100%| O|  |TS 16|AC  0|TAMS 0x00000000b2c00000, 0x00000000b2d00000|
| 163|0x00000000b2d00000, 0x00000000b2e00000, 0x00000000b2e00000|100%| O|  |TS 16|AC  0|TAMS 0x00000000b2d00000, 0x00000000b2e00000|
| 164|0x00000000b2e00000, 0x00000000b2f00000, 0x00000000b2f00000|100%| O|  |TS 16|AC  0|TAMS 0x00000000b2e00000, 0x00000000b2f00000|
| 165|0x00000000b2f00000, 0x00000000b3000000, 0x00000000b3000000|100%| O|  |TS 16|AC  0|TAMS 0x00000000b2f00000, 0x00000000b3000000|
| 166|0x00000000b3000000, 0x00000000b3100000, 0x00000000b3100000|100%| O|  |TS 16|AC  0|TAMS 0x00000000b3000000, 0x00000000b3100000|
| 167|0x00000000b3100000, 0x00000000b3200000, 0x00000000b3200000|100%| O|  |TS 16|AC  0|TAMS 0x00000000b3100000, 0x00000000b3200000|
| 168|0x00000000b3200000, 0x00000000b3300000, 0x00000000b3300000|100%| O|  |TS 16|AC  0|TAMS 0x00000000b3200000, 0x00000000b3300000|
| 169|0x00000000b3300000, 0x00000000b3400000, 0x00000000b3400000|100%| O|  |TS 16|AC  0|TAMS 0x00000000b3300000, 0x00000000b3400000|
| 170|0x00000000b3400000, 0x00000000b3500000, 0x00000000b3500000|100%| O|  |TS 16|AC  0|TAMS 0x00000000b3400000, 0x00000000b3500000|
| 171|0x00000000b3500000, 0x00000000b3600000, 0x00000000b3600000|100%| O|  |TS 16|AC  0|TAMS 0x00000000b3500000, 0x00000000b3600000|
| 172|0x00000000b3600000, 0x00000000b3700000, 0x00000000b3700000|100%| O|  |TS 16|AC  0|TAMS 0x00000000b3600000, 0x00000000b3700000|
| 173|0x00000000b3700000, 0x00000000b3800000, 0x00000000b3800000|100%| O|  |TS 16|AC  0|TAMS 0x00000000b3700000, 0x00000000b3800000|
| 174|0x00000000b3800000, 0x00000000b3900000, 0x00000000b3900000|100%| O|  |TS 16|AC  0|TAMS 0x00000000b3800000, 0x00000000b3900000|
| 175|0x00000000b3900000, 0x00000000b3a00000, 0x00000000b3a00000|100%| O|  |TS 16|AC  0|TAMS 0x00000000b3900000, 0x00000000b3a00000|
| 176|0x00000000b3a00000, 0x00000000b3b00000, 0x00000000b3b00000|100%| O|  |TS 16|AC  0|TAMS 0x00000000b3a00000, 0x00000000b3b00000|
| 177|0x00000000b3b00000, 0x00000000b3c00000, 0x00000000b3c00000|100%| O|  |TS 16|AC  0|TAMS 0x00000000b3b00000, 0x00000000b3c00000|
| 178|0x00000000b3c00000, 0x00000000b3d00000, 0x00000000b3d00000|100%| O|  |TS 16|AC  0|TAMS 0x00000000b3c00000, 0x00000000b3d00000|
| 179|0x00000000b3d00000, 0x00000000b3e00000, 0x00000000b3e00000|100%| O|  |TS 16|AC  0|TAMS 0x00000000b3d00000, 0x00000000b3e00000|
| 180|0x00000000b3e00000, 0x00000000b3f00000, 0x00000000b3f00000|100%| O|  |TS 16|AC  0|TAMS 0x00000000b3e00000, 0x00000000b3f00000|
| 181|0x00000000b3f00000, 0x00000000b4000000, 0x00000000b4000000|100%| O|  |TS 16|AC  0|TAMS 0x00000000b3f00000, 0x00000000b4000000|
| 182|0x00000000b4000000, 0x00000000b4100000, 0x00000000b4100000|100%| O|  |TS 16|AC  0|TAMS 0x00000000b4000000, 0x00000000b4100000|
| 183|0x00000000b4100000, 0x00000000b4200000, 0x00000000b4200000|100%| O|  |TS 16|AC  0|TAMS 0x00000000b4100000, 0x00000000b4200000|
| 184|0x00000000b4200000, 0x00000000b4300000, 0x00000000b4300000|100%| O|  |TS 16|AC  0|TAMS 0x00000000b4200000, 0x00000000b4300000|
| 185|0x00000000b4300000, 0x00000000b4400000, 0x00000000b4400000|100%| O|  |TS 16|AC  0|TAMS 0x00000000b4300000, 0x00000000b4400000|
| 186|0x00000000b4400000, 0x00000000b4500000, 0x00000000b4500000|100%| O|  |TS 17|AC  0|TAMS 0x00000000b4400000, 0x00000000b4500000|
| 187|0x00000000b4500000, 0x00000000b4600000, 0x00000000b4600000|100%| O|  |TS 17|AC  0|TAMS 0x00000000b4500000, 0x00000000b4600000|
| 188|0x00000000b4600000, 0x00000000b4700000, 0x00000000b4700000|100%| O|  |TS 17|AC  0|TAMS 0x00000000b4600000, 0x00000000b4700000|
| 189|0x00000000b4700000, 0x00000000b4800000, 0x00000000b4800000|100%| O|  |TS 17|AC  0|TAMS 0x00000000b4700000, 0x00000000b4800000|
| 190|0x00000000b4800000, 0x00000000b4900000, 0x00000000b4900000|100%| O|  |TS 17|AC  0|TAMS 0x00000000b4800000, 0x00000000b4900000|
| 191|0x00000000b4900000, 0x00000000b4a00000, 0x00000000b4a00000|100%| O|  |TS 17|AC  0|TAMS 0x00000000b4900000, 0x00000000b4a00000|
| 192|0x00000000b4a00000, 0x00000000b4b00000, 0x00000000b4b00000|100%| O|  |TS 17|AC  0|TAMS 0x00000000b4a00000, 0x00000000b4b00000|
| 193|0x00000000b4b00000, 0x00000000b4c00000, 0x00000000b4c00000|100%| O|  |TS 17|AC  0|TAMS 0x00000000b4b00000, 0x00000000b4c00000|
| 194|0x00000000b4c00000, 0x00000000b4d00000, 0x00000000b4d00000|100%| O|  |TS 17|AC  0|TAMS 0x00000000b4c00000, 0x00000000b4d00000|
| 195|0x00000000b4d00000, 0x00000000b4e00000, 0x00000000b4e00000|100%| O|  |TS 17|AC  0|TAMS 0x00000000b4d00000, 0x00000000b4e00000|
| 196|0x00000000b4e00000, 0x00000000b4f00000, 0x00000000b4f00000|100%| O|  |TS 17|AC  0|TAMS 0x00000000b4e00000, 0x00000000b4f00000|
| 197|0x00000000b4f00000, 0x00000000b5000000, 0x00000000b5000000|100%| O|  |TS 17|AC  0|TAMS 0x00000000b4f00000, 0x00000000b5000000|
| 198|0x00000000b5000000, 0x00000000b5100000, 0x00000000b5100000|100%| O|  |TS 17|AC  0|TAMS 0x00000000b5000000, 0x00000000b5100000|
| 199|0x00000000b5100000, 0x00000000b5200000, 0x00000000b5200000|100%| O|  |TS 17|AC  0|TAMS 0x00000000b5100000, 0x00000000b5200000|
| 200|0x00000000b5200000, 0x00000000b5300000, 0x00000000b5300000|100%| O|  |TS 17|AC  0|TAMS 0x00000000b5200000, 0x00000000b5300000|
| 201|0x00000000b5300000, 0x00000000b5300000, 0x00000000b5400000|  0%| F|  |TS 18|AC  0|TAMS 0x00000000b5300000, 0x00000000b5300000|
| 202|0x00000000b5400000, 0x00000000b5400000, 0x00000000b5500000|  0%| F|  |TS 18|AC  0|TAMS 0x00000000b5400000, 0x00000000b5400000|
| 203|0x00000000b5500000, 0x00000000b5500000, 0x00000000b5600000|  0%| F|  |TS 18|AC  0|TAMS 0x00000000b5500000, 0x00000000b5500000|
| 204|0x00000000b5600000, 0x00000000b5600000, 0x00000000b5700000|  0%| F|  |TS 18|AC  0|TAMS 0x00000000b5600000, 0x00000000b5600000|
| 205|0x00000000b5700000, 0x00000000b5700000, 0x00000000b5800000|  0%| F|  |TS 18|AC  0|TAMS 0x00000000b5700000, 0x00000000b5700000|
| 206|0x00000000b5800000, 0x00000000b5800000, 0x00000000b5900000|  0%| F|  |TS 18|AC  0|TAMS 0x00000000b5800000, 0x00000000b5800000|
| 207|0x00000000b5900000, 0x00000000b5900000, 0x00000000b5a00000|  0%| F|  |TS 18|AC  0|TAMS 0x00000000b5900000, 0x00000000b5900000|
| 208|0x00000000b5a00000, 0x00000000b5b00000, 0x00000000b5b00000|100%|HS|  |TS 14|AC  0|TAMS 0x00000000b5a00000, 0x00000000b5a00000|
| 209|0x00000000b5b00000, 0x00000000b5c00000, 0x00000000b5c00000|100%|HC|  |TS 14|AC  0|TAMS 0x00000000b5b00000, 0x00000000b5b00000|
| 210|0x00000000b5c00000, 0x00000000b5d00000, 0x00000000b5d00000|100%| O|  |TS 18|AC  0|TAMS 0x00000000b5c00000, 0x00000000b5c00000|
| 211|0x00000000b5d00000, 0x00000000b5e00000, 0x00000000b5e00000|100%| O|  |TS 18|AC  0|TAMS 0x00000000b5d00000, 0x00000000b5d00000|
| 212|0x00000000b5e00000, 0x00000000b5f00000, 0x00000000b5f00000|100%| O|  |TS 18|AC  0|TAMS 0x00000000b5e00000, 0x00000000b5e00000|
| 213|0x00000000b5f00000, 0x00000000b6000000, 0x00000000b6000000|100%| O|  |TS 18|AC  0|TAMS 0x00000000b5f00000, 0x00000000b5f00000|
| 214|0x00000000b6000000, 0x00000000b6100000, 0x00000000b6100000|100%| O|  |TS 18|AC  0|TAMS 0x00000000b6000000, 0x00000000b6000000|
| 215|0x00000000b6100000, 0x00000000b6200000, 0x00000000b6200000|100%| O|  |TS 18|AC  0|TAMS 0x00000000b6100000, 0x00000000b6100000|
| 216|0x00000000b6200000, 0x00000000b6300000, 0x00000000b6300000|100%| O|  |TS 18|AC  0|TAMS 0x00000000b6200000, 0x00000000b6200000|
| 217|0x00000000b6300000, 0x00000000b6400000, 0x00000000b6400000|100%| O|  |TS 18|AC  0|TAMS 0x00000000b6300000, 0x00000000b6300000|
| 218|0x00000000b6400000, 0x00000000b6500000, 0x00000000b6500000|100%| O|  |TS 18|AC  0|TAMS 0x00000000b6400000, 0x00000000b6400000|
| 219|0x00000000b6500000, 0x00000000b6600000, 0x00000000b6600000|100%| O|  |TS 18|AC  0|TAMS 0x00000000b6500000, 0x00000000b6500000|
| 220|0x00000000b6600000, 0x00000000b6700000, 0x00000000b6700000|100%| O|  |TS 18|AC  0|TAMS 0x00000000b6600000, 0x00000000b6600000|
| 221|0x00000000b6700000, 0x00000000b6800000, 0x00000000b6800000|100%| O|  |TS 18|AC  0|TAMS 0x00000000b6700000, 0x00000000b6700000|
| 222|0x00000000b6800000, 0x00000000b6900000, 0x00000000b6900000|100%| O|  |TS 18|AC  0|TAMS 0x00000000b6800000, 0x00000000b6800000|
| 223|0x00000000b6900000, 0x00000000b6a00000, 0x00000000b6a00000|100%| O|  |TS 18|AC  0|TAMS 0x00000000b6900000, 0x00000000b6900000|
| 224|0x00000000b6a00000, 0x00000000b6b00000, 0x00000000b6b00000|100%| O|  |TS 18|AC  0|TAMS 0x00000000b6a00000, 0x00000000b6a00000|
| 225|0x00000000b6b00000, 0x00000000b6c00000, 0x00000000b6c00000|100%| O|  |TS 18|AC  0|TAMS 0x00000000b6b00000, 0x00000000b6b00000|
| 226|0x00000000b6c00000, 0x00000000b6d00000, 0x00000000b6d00000|100%| O|  |TS 18|AC  0|TAMS 0x00000000b6c00000, 0x00000000b6c00000|
| 227|0x00000000b6d00000, 0x00000000b6e00000, 0x00000000b6e00000|100%| O|  |TS 18|AC  0|TAMS 0x00000000b6d00000, 0x00000000b6d00000|
| 228|0x00000000b6e00000, 0x00000000b6f00000, 0x00000000b6f00000|100%| O|  |TS 18|AC  0|TAMS 0x00000000b6e00000, 0x00000000b6e00000|
| 229|0x00000000b6f00000, 0x00000000b7000000, 0x00000000b7000000|100%| O|  |TS 18|AC  0|TAMS 0x00000000b6f00000, 0x00000000b6f00000|
| 230|0x00000000b7000000, 0x00000000b7100000, 0x00000000b7100000|100%| O|  |TS 18|AC  0|TAMS 0x00000000b7000000, 0x00000000b7000000|
| 231|0x00000000b7100000, 0x00000000b7200000, 0x00000000b7200000|100%| O|  |TS 18|AC  0|TAMS 0x00000000b7100000, 0x00000000b7100000|
| 232|0x00000000b7200000, 0x00000000b7300000, 0x00000000b7300000|100%| O|  |TS 18|AC  0|TAMS 0x00000000b7200000, 0x00000000b7200000|
| 233|0x00000000b7300000, 0x00000000b7400000, 0x00000000b7400000|100%| O|  |TS 18|AC  0|TAMS 0x00000000b7300000, 0x00000000b7300000|
| 234|0x00000000b7400000, 0x00000000b7500000, 0x00000000b7500000|100%| O|  |TS 18|AC  0|TAMS 0x00000000b7400000, 0x00000000b7400000|
| 235|0x00000000b7500000, 0x00000000b7600000, 0x00000000b7600000|100%| O|  |TS 18|AC  0|TAMS 0x00000000b7500000, 0x00000000b7500000|
| 236|0x00000000b7600000, 0x00000000b7700000, 0x00000000b7700000|100%| O|  |TS 18|AC  0|TAMS 0x00000000b7600000, 0x00000000b7600000|
| 237|0x00000000b7700000, 0x00000000b7800000, 0x00000000b7800000|100%| O|  |TS 18|AC  0|TAMS 0x00000000b7700000, 0x00000000b7700000|
| 238|0x00000000b7800000, 0x00000000b7900000, 0x00000000b7900000|100%| O|  |TS 18|AC  0|TAMS 0x00000000b7800000, 0x00000000b7800000|
| 239|0x00000000b7900000, 0x00000000b7980000, 0x00000000b7a00000| 50%| O|  |TS 18|AC  0|TAMS 0x00000000b7900000, 0x00000000b7900000|
| 240|0x00000000b7a00000, 0x00000000b7a00000, 0x00000000b7b00000|  0%| F|  |TS 16|AC  0|TAMS 0x00000000b7a00000, 0x00000000b7a00000|
| 241|0x00000000b7b00000, 0x00000000b7b00000, 0x00000000b7c00000|  0%| F|  |TS 16|AC  0|TAMS 0x00000000b7b00000, 0x00000000b7b00000|
| 242|0x00000000b7c00000, 0x00000000b7c00000, 0x00000000b7d00000|  0%| F|  |TS 16|AC  0|TAMS 0x00000000b7c00000, 0x00000000b7c00000|
| 243|0x00000000b7d00000, 0x00000000b7d00000, 0x00000000b7e00000|  0%| F|  |TS 16|AC  0|TAMS 0x00000000b7d00000, 0x00000000b7d00000|
| 244|0x00000000b7e00000, 0x00000000b7e00000, 0x00000000b7f00000|  0%| F|  |TS 16|AC  0|TAMS 0x00000000b7e00000, 0x00000000b7e00000|
| 245|0x00000000b7f00000, 0x00000000b7f00000, 0x00000000b8000000|  0%| F|  |TS 15|AC  0|TAMS 0x00000000b7f00000, 0x00000000b7f00000|
| 246|0x00000000b8000000, 0x00000000b8000000, 0x00000000b8100000|  0%| F|  |TS 15|AC  0|TAMS 0x00000000b8000000, 0x00000000b8000000|
| 247|0x00000000b8100000, 0x00000000b8100000, 0x00000000b8200000|  0%| F|  |TS 15|AC  0|TAMS 0x00000000b8100000, 0x00000000b8100000|
| 248|0x00000000b8200000, 0x00000000b8200000, 0x00000000b8300000|  0%| F|  |TS 15|AC  0|TAMS 0x00000000b8200000, 0x00000000b8200000|
| 249|0x00000000b8300000, 0x00000000b8300000, 0x00000000b8400000|  0%| F|  |TS 15|AC  0|TAMS 0x00000000b8300000, 0x00000000b8300000|
| 250|0x00000000b8400000, 0x00000000b8400000, 0x00000000b8500000|  0%| F|  |TS 15|AC  0|TAMS 0x00000000b8400000, 0x00000000b8400000|
| 251|0x00000000b8500000, 0x00000000b8500000, 0x00000000b8600000|  0%| F|  |TS 15|AC  0|TAMS 0x00000000b8500000, 0x00000000b8500000|
| 252|0x00000000b8600000, 0x00000000b8600000, 0x00000000b8700000|  0%| F|  |TS 17|AC  0|TAMS 0x00000000b8600000, 0x00000000b8600000|
| 253|0x00000000b8700000, 0x00000000b8700000, 0x00000000b8800000|  0%| F|  |TS 17|AC  0|TAMS 0x00000000b8700000, 0x00000000b8700000|
| 254|0x00000000b8800000, 0x00000000b8800000, 0x00000000b8900000|  0%| F|  |TS 17|AC  0|TAMS 0x00000000b8800000, 0x00000000b8800000|
| 255|0x00000000b8900000, 0x00000000b8900000, 0x00000000b8a00000|  0%| F|  |TS 17|AC  0|TAMS 0x00000000b8900000, 0x00000000b8900000|
| 256|0x00000000b8a00000, 0x00000000b8a00000, 0x00000000b8b00000|  0%| F|  |TS 17|AC  0|TAMS 0x00000000b8a00000, 0x00000000b8a00000|
| 257|0x00000000b8b00000, 0x00000000b8b00000, 0x00000000b8c00000|  0%| F|  |TS 17|AC  0|TAMS 0x00000000b8b00000, 0x00000000b8b00000|
| 258|0x00000000b8c00000, 0x00000000b8c00000, 0x00000000b8d00000|  0%| F|  |TS 17|AC  0|TAMS 0x00000000b8c00000, 0x00000000b8c00000|
| 259|0x00000000b8d00000, 0x00000000b8d00000, 0x00000000b8e00000|  0%| F|  |TS 17|AC  0|TAMS 0x00000000b8d00000, 0x00000000b8d00000|
| 260|0x00000000b8e00000, 0x00000000b8e00000, 0x00000000b8f00000|  0%| F|  |TS 17|AC  0|TAMS 0x00000000b8e00000, 0x00000000b8e00000|
| 261|0x00000000b8f00000, 0x00000000b8f00000, 0x00000000b9000000|  0%| F|  |TS 17|AC  0|TAMS 0x00000000b8f00000, 0x00000000b8f00000|
| 262|0x00000000b9000000, 0x00000000b9000000, 0x00000000b9100000|  0%| F|  |TS 17|AC  0|TAMS 0x00000000b9000000, 0x00000000b9000000|
| 263|0x00000000b9100000, 0x00000000b9100000, 0x00000000b9200000|  0%| F|  |TS 17|AC  0|TAMS 0x00000000b9100000, 0x00000000b9100000|
| 264|0x00000000b9200000, 0x00000000b9200000, 0x00000000b9300000|  0%| F|  |TS 17|AC  0|TAMS 0x00000000b9200000, 0x00000000b9200000|
| 265|0x00000000b9300000, 0x00000000b9300000, 0x00000000b9400000|  0%| F|  |TS 17|AC  0|TAMS 0x00000000b9300000, 0x00000000b9300000|
| 266|0x00000000b9400000, 0x00000000b9400000, 0x00000000b9500000|  0%| F|  |TS 17|AC  0|TAMS 0x00000000b9400000, 0x00000000b9400000|
| 267|0x00000000b9500000, 0x00000000b9500000, 0x00000000b9600000|  0%| F|  |TS 17|AC  0|TAMS 0x00000000b9500000, 0x00000000b9500000|
| 268|0x00000000b9600000, 0x00000000b9600000, 0x00000000b9700000|  0%| F|  |TS 16|AC  0|TAMS 0x00000000b9600000, 0x00000000b9600000|
| 269|0x00000000b9700000, 0x00000000b9700000, 0x00000000b9800000|  0%| F|  |TS 16|AC  0|TAMS 0x00000000b9700000, 0x00000000b9700000|
| 270|0x00000000b9800000, 0x00000000b9800000, 0x00000000b9900000|  0%| F|  |TS 16|AC  0|TAMS 0x00000000b9800000, 0x00000000b9800000|
| 271|0x00000000b9900000, 0x00000000b9900000, 0x00000000b9a00000|  0%| F|  |TS 16|AC  0|TAMS 0x00000000b9900000, 0x00000000b9900000|
| 272|0x00000000b9a00000, 0x00000000b9a00000, 0x00000000b9b00000|  0%| F|  |TS 16|AC  0|TAMS 0x00000000b9a00000, 0x00000000b9a00000|
| 273|0x00000000b9b00000, 0x00000000b9b00000, 0x00000000b9c00000|  0%| F|  |TS 16|AC  0|TAMS 0x00000000b9b00000, 0x00000000b9b00000|
| 274|0x00000000b9c00000, 0x00000000b9c00000, 0x00000000b9d00000|  0%| F|  |TS 16|AC  0|TAMS 0x00000000b9c00000, 0x00000000b9c00000|
| 275|0x00000000b9d00000, 0x00000000b9d00000, 0x00000000b9e00000|  0%| F|  |TS 16|AC  0|TAMS 0x00000000b9d00000, 0x00000000b9d00000|
| 276|0x00000000b9e00000, 0x00000000b9e00000, 0x00000000b9f00000|  0%| F|  |TS 16|AC  0|TAMS 0x00000000b9e00000, 0x00000000b9e00000|
| 277|0x00000000b9f00000, 0x00000000b9f00000, 0x00000000ba000000|  0%| F|  |TS 16|AC  0|TAMS 0x00000000b9f00000, 0x00000000b9f00000|
| 278|0x00000000ba000000, 0x00000000ba000000, 0x00000000ba100000|  0%| F|  |TS 16|AC  0|TAMS 0x00000000ba000000, 0x00000000ba000000|
| 279|0x00000000ba100000, 0x00000000ba100000, 0x00000000ba200000|  0%| F|  |TS 16|AC  0|TAMS 0x00000000ba100000, 0x00000000ba100000|
| 280|0x00000000ba200000, 0x00000000ba200000, 0x00000000ba300000|  0%| F|  |TS 16|AC  0|TAMS 0x00000000ba200000, 0x00000000ba200000|
| 281|0x00000000ba300000, 0x00000000ba300000, 0x00000000ba400000|  0%| F|  |TS 16|AC  0|TAMS 0x00000000ba300000, 0x00000000ba300000|
| 282|0x00000000ba400000, 0x00000000ba400000, 0x00000000ba500000|  0%| F|  |TS 16|AC  0|TAMS 0x00000000ba400000, 0x00000000ba400000|
| 283|0x00000000ba500000, 0x00000000ba500000, 0x00000000ba600000|  0%| F|  |TS 16|AC  0|TAMS 0x00000000ba500000, 0x00000000ba500000|
| 284|0x00000000ba600000, 0x00000000ba600000, 0x00000000ba700000|  0%| F|  |TS 16|AC  0|TAMS 0x00000000ba600000, 0x00000000ba600000|
| 285|0x00000000ba700000, 0x00000000ba700000, 0x00000000ba800000|  0%| F|  |TS 16|AC  0|TAMS 0x00000000ba700000, 0x00000000ba700000|
| 286|0x00000000ba800000, 0x00000000ba800000, 0x00000000ba900000|  0%| F|  |TS 16|AC  0|TAMS 0x00000000ba800000, 0x00000000ba800000|
| 287|0x00000000ba900000, 0x00000000ba900000, 0x00000000baa00000|  0%| F|  |TS 16|AC  0|TAMS 0x00000000ba900000, 0x00000000ba900000|
| 288|0x00000000baa00000, 0x00000000baa00000, 0x00000000bab00000|  0%| F|  |TS 16|AC  0|TAMS 0x00000000baa00000, 0x00000000baa00000|
| 289|0x00000000bab00000, 0x00000000bab00000, 0x00000000bac00000|  0%| F|  |TS 16|AC  0|TAMS 0x00000000bab00000, 0x00000000bab00000|
| 290|0x00000000bac00000, 0x00000000bac00000, 0x00000000bad00000|  0%| F|  |TS 16|AC  0|TAMS 0x00000000bac00000, 0x00000000bac00000|
| 291|0x00000000bad00000, 0x00000000bad00000, 0x00000000bae00000|  0%| F|  |TS 16|AC  0|TAMS 0x00000000bad00000, 0x00000000bad00000|
| 292|0x00000000bae00000, 0x00000000bae00000, 0x00000000baf00000|  0%| F|  |TS 16|AC  0|TAMS 0x00000000bae00000, 0x00000000bae00000|
| 293|0x00000000baf00000, 0x00000000baf00000, 0x00000000bb000000|  0%| F|  |TS 16|AC  0|TAMS 0x00000000baf00000, 0x00000000baf00000|
| 294|0x00000000bb000000, 0x00000000bb000000, 0x00000000bb100000|  0%| F|  |TS 16|AC  0|TAMS 0x00000000bb000000, 0x00000000bb000000|
| 295|0x00000000bb100000, 0x00000000bb100000, 0x00000000bb200000|  0%| F|  |TS 16|AC  0|TAMS 0x00000000bb100000, 0x00000000bb100000|
| 296|0x00000000bb200000, 0x00000000bb200000, 0x00000000bb300000|  0%| F|  |TS 16|AC  0|TAMS 0x00000000bb200000, 0x00000000bb200000|
| 297|0x00000000bb300000, 0x00000000bb300000, 0x00000000bb400000|  0%| F|  |TS 16|AC  0|TAMS 0x00000000bb300000, 0x00000000bb300000|
| 298|0x00000000bb400000, 0x00000000bb400000, 0x00000000bb500000|  0%| F|  |TS 16|AC  0|TAMS 0x00000000bb400000, 0x00000000bb400000|
| 299|0x00000000bb500000, 0x00000000bb500000, 0x00000000bb600000|  0%| F|  |TS 16|AC  0|TAMS 0x00000000bb500000, 0x00000000bb500000|
| 300|0x00000000bb600000, 0x00000000bb600000, 0x00000000bb700000|  0%| F|  |TS 16|AC  0|TAMS 0x00000000bb600000, 0x00000000bb600000|
| 301|0x00000000bb700000, 0x00000000bb700000, 0x00000000bb800000|  0%| F|  |TS 16|AC  0|TAMS 0x00000000bb700000, 0x00000000bb700000|
| 302|0x00000000bb800000, 0x00000000bb800000, 0x00000000bb900000|  0%| F|  |TS 16|AC  0|TAMS 0x00000000bb800000, 0x00000000bb800000|
| 303|0x00000000bb900000, 0x00000000bb900000, 0x00000000bba00000|  0%| F|  |TS 16|AC  0|TAMS 0x00000000bb900000, 0x00000000bb900000|
| 304|0x00000000bba00000, 0x00000000bba00000, 0x00000000bbb00000|  0%| F|  |TS 16|AC  0|TAMS 0x00000000bba00000, 0x00000000bba00000|
| 305|0x00000000bbb00000, 0x00000000bbb00000, 0x00000000bbc00000|  0%| F|  |TS 16|AC  0|TAMS 0x00000000bbb00000, 0x00000000bbb00000|
| 306|0x00000000bbc00000, 0x00000000bbc00000, 0x00000000bbd00000|  0%| F|  |TS 16|AC  0|TAMS 0x00000000bbc00000, 0x00000000bbc00000|
| 307|0x00000000bbd00000, 0x00000000bbd00000, 0x00000000bbe00000|  0%| F|  |TS 16|AC  0|TAMS 0x00000000bbd00000, 0x00000000bbd00000|
| 308|0x00000000bbe00000, 0x00000000bbe00000, 0x00000000bbf00000|  0%| F|  |TS 16|AC  0|TAMS 0x00000000bbe00000, 0x00000000bbe00000|
| 309|0x00000000bbf00000, 0x00000000bc000000, 0x00000000bc000000|100%| S|CS|TS 18|AC  0|TAMS 0x00000000bbf00000, 0x00000000bbf00000|
| 310|0x00000000bc000000, 0x00000000bc100000, 0x00000000bc100000|100%| S|CS|TS 18|AC  0|TAMS 0x00000000bc000000, 0x00000000bc000000|
| 311|0x00000000bc100000, 0x00000000bc200000, 0x00000000bc200000|100%| S|CS|TS 18|AC  0|TAMS 0x00000000bc100000, 0x00000000bc100000|
| 312|0x00000000bc200000, 0x00000000bc300000, 0x00000000bc300000|100%| S|CS|TS 18|AC  0|TAMS 0x00000000bc200000, 0x00000000bc200000|
| 313|0x00000000bc300000, 0x00000000bc400000, 0x00000000bc400000|100%| S|CS|TS 18|AC  0|TAMS 0x00000000bc300000, 0x00000000bc300000|
| 314|0x00000000bc400000, 0x00000000bc500000, 0x00000000bc500000|100%| S|CS|TS 18|AC  0|TAMS 0x00000000bc400000, 0x00000000bc400000|
| 315|0x00000000bc500000, 0x00000000bc600000, 0x00000000bc600000|100%| S|CS|TS 18|AC  0|TAMS 0x00000000bc500000, 0x00000000bc500000|
| 316|0x00000000bc600000, 0x00000000bc700000, 0x00000000bc700000|100%| S|CS|TS 18|AC  0|TAMS 0x00000000bc600000, 0x00000000bc600000|
| 317|0x00000000bc700000, 0x00000000bc700000, 0x00000000bc800000|  0%| F|  |TS 18|AC  0|TAMS 0x00000000bc700000, 0x00000000bc700000|
| 318|0x00000000bc800000, 0x00000000bc800000, 0x00000000bc900000|  0%| F|  |TS 18|AC  0|TAMS 0x00000000bc800000, 0x00000000bc800000|
| 319|0x00000000bc900000, 0x00000000bc900000, 0x00000000bca00000|  0%| F|  |TS 18|AC  0|TAMS 0x00000000bc900000, 0x00000000bc900000|
| 320|0x00000000bca00000, 0x00000000bca00000, 0x00000000bcb00000|  0%| F|  |TS 18|AC  0|TAMS 0x00000000bca00000, 0x00000000bca00000|
| 321|0x00000000bcb00000, 0x00000000bcb00000, 0x00000000bcc00000|  0%| F|  |TS 18|AC  0|TAMS 0x00000000bcb00000, 0x00000000bcb00000|
| 322|0x00000000bcc00000, 0x00000000bcc00000, 0x00000000bcd00000|  0%| F|  |TS 18|AC  0|TAMS 0x00000000bcc00000, 0x00000000bcc00000|
| 323|0x00000000bcd00000, 0x00000000bcd00000, 0x00000000bce00000|  0%| F|  |TS 18|AC  0|TAMS 0x00000000bcd00000, 0x00000000bcd00000|
| 324|0x00000000bce00000, 0x00000000bce00000, 0x00000000bcf00000|  0%| F|  |TS 18|AC  0|TAMS 0x00000000bce00000, 0x00000000bce00000|
| 325|0x00000000bcf00000, 0x00000000bcf00000, 0x00000000bd000000|  0%| F|  |TS 18|AC  0|TAMS 0x00000000bcf00000, 0x00000000bcf00000|
| 326|0x00000000bd000000, 0x00000000bd000000, 0x00000000bd100000|  0%| F|  |TS 18|AC  0|TAMS 0x00000000bd000000, 0x00000000bd000000|
| 327|0x00000000bd100000, 0x00000000bd100000, 0x00000000bd200000|  0%| F|  |TS 18|AC  0|TAMS 0x00000000bd100000, 0x00000000bd100000|
| 328|0x00000000bd200000, 0x00000000bd200000, 0x00000000bd300000|  0%| F|  |TS 18|AC  0|TAMS 0x00000000bd200000, 0x00000000bd200000|
| 329|0x00000000bd300000, 0x00000000bd300000, 0x00000000bd400000|  0%| F|  |TS 18|AC  0|TAMS 0x00000000bd300000, 0x00000000bd300000|
| 330|0x00000000bd400000, 0x00000000bd400000, 0x00000000bd500000|  0%| F|  |TS 18|AC  0|TAMS 0x00000000bd400000, 0x00000000bd400000|
| 331|0x00000000bd500000, 0x00000000bd500000, 0x00000000bd600000|  0%| F|  |TS 18|AC  0|TAMS 0x00000000bd500000, 0x00000000bd500000|
| 332|0x00000000bd600000, 0x00000000bd600000, 0x00000000bd700000|  0%| F|  |TS 18|AC  0|TAMS 0x00000000bd600000, 0x00000000bd600000|
| 333|0x00000000bd700000, 0x00000000bd700000, 0x00000000bd800000|  0%| F|  |TS 18|AC  0|TAMS 0x00000000bd700000, 0x00000000bd700000|
| 334|0x00000000bd800000, 0x00000000bd800000, 0x00000000bd900000|  0%| F|  |TS 18|AC  0|TAMS 0x00000000bd800000, 0x00000000bd800000|
| 335|0x00000000bd900000, 0x00000000bd900000, 0x00000000bda00000|  0%| F|  |TS 18|AC  0|TAMS 0x00000000bd900000, 0x00000000bd900000|
| 336|0x00000000bda00000, 0x00000000bda00000, 0x00000000bdb00000|  0%| F|  |TS 18|AC  0|TAMS 0x00000000bda00000, 0x00000000bda00000|
| 337|0x00000000bdb00000, 0x00000000bdb00000, 0x00000000bdc00000|  0%| F|  |TS 18|AC  0|TAMS 0x00000000bdb00000, 0x00000000bdb00000|
| 338|0x00000000bdc00000, 0x00000000bdc00000, 0x00000000bdd00000|  0%| F|  |TS 18|AC  0|TAMS 0x00000000bdc00000, 0x00000000bdc00000|
| 339|0x00000000bdd00000, 0x00000000bdd00000, 0x00000000bde00000|  0%| F|  |TS 18|AC  0|TAMS 0x00000000bdd00000, 0x00000000bdd00000|
| 340|0x00000000bde00000, 0x00000000bde00000, 0x00000000bdf00000|  0%| F|  |TS 18|AC  0|TAMS 0x00000000bde00000, 0x00000000bde00000|
| 341|0x00000000bdf00000, 0x00000000bdf00000, 0x00000000be000000|  0%| F|  |TS 18|AC  0|TAMS 0x00000000bdf00000, 0x00000000bdf00000|
| 342|0x00000000be000000, 0x00000000be000000, 0x00000000be100000|  0%| F|  |TS 18|AC  0|TAMS 0x00000000be000000, 0x00000000be000000|
| 343|0x00000000be100000, 0x00000000be100000, 0x00000000be200000|  0%| F|  |TS 18|AC  0|TAMS 0x00000000be100000, 0x00000000be100000|
| 344|0x00000000be200000, 0x00000000be200000, 0x00000000be300000|  0%| F|  |TS 18|AC  0|TAMS 0x00000000be200000, 0x00000000be200000|
| 345|0x00000000be300000, 0x00000000be300000, 0x00000000be400000|  0%| F|  |TS 18|AC  0|TAMS 0x00000000be300000, 0x00000000be300000|
| 346|0x00000000be400000, 0x00000000be400000, 0x00000000be500000|  0%| F|  |TS 18|AC  0|TAMS 0x00000000be400000, 0x00000000be400000|
| 347|0x00000000be500000, 0x00000000be500000, 0x00000000be600000|  0%| F|  |TS 18|AC  0|TAMS 0x00000000be500000, 0x00000000be500000|
| 348|0x00000000be600000, 0x00000000be600000, 0x00000000be700000|  0%| F|  |TS 18|AC  0|TAMS 0x00000000be600000, 0x00000000be600000|
| 349|0x00000000be700000, 0x00000000be700000, 0x00000000be800000|  0%| F|  |TS 18|AC  0|TAMS 0x00000000be700000, 0x00000000be700000|
| 350|0x00000000be800000, 0x00000000be800000, 0x00000000be900000|  0%| F|  |TS 18|AC  0|TAMS 0x00000000be800000, 0x00000000be800000|
| 351|0x00000000be900000, 0x00000000be900000, 0x00000000bea00000|  0%| F|  |TS 18|AC  0|TAMS 0x00000000be900000, 0x00000000be900000|
| 352|0x00000000bea00000, 0x00000000bea00000, 0x00000000beb00000|  0%| F|  |TS 18|AC  0|TAMS 0x00000000bea00000, 0x00000000bea00000|
| 353|0x00000000beb00000, 0x00000000beb00000, 0x00000000bec00000|  0%| F|  |TS 18|AC  0|TAMS 0x00000000beb00000, 0x00000000beb00000|
| 354|0x00000000bec00000, 0x00000000bec00000, 0x00000000bed00000|  0%| F|  |TS 18|AC  0|TAMS 0x00000000bec00000, 0x00000000bec00000|
| 355|0x00000000bed00000, 0x00000000bed00000, 0x00000000bee00000|  0%| F|  |TS 18|AC  0|TAMS 0x00000000bed00000, 0x00000000bed00000|
| 356|0x00000000bee00000, 0x00000000bee00000, 0x00000000bef00000|  0%| F|  |TS 18|AC  0|TAMS 0x00000000bee00000, 0x00000000bee00000|
| 357|0x00000000bef00000, 0x00000000bef00000, 0x00000000bf000000|  0%| F|  |TS 18|AC  0|TAMS 0x00000000bef00000, 0x00000000bef00000|
| 358|0x00000000bf000000, 0x00000000bf000000, 0x00000000bf100000|  0%| F|  |TS 18|AC  0|TAMS 0x00000000bf000000, 0x00000000bf000000|
| 359|0x00000000bf100000, 0x00000000bf100000, 0x00000000bf200000|  0%| F|  |TS 18|AC  0|TAMS 0x00000000bf100000, 0x00000000bf100000|
| 360|0x00000000bf200000, 0x00000000bf200000, 0x00000000bf300000|  0%| F|  |TS 18|AC  0|TAMS 0x00000000bf200000, 0x00000000bf200000|
| 361|0x00000000bf300000, 0x00000000bf300000, 0x00000000bf400000|  0%| F|  |TS 18|AC  0|TAMS 0x00000000bf300000, 0x00000000bf300000|
| 362|0x00000000bf400000, 0x00000000bf400000, 0x00000000bf500000|  0%| F|  |TS 18|AC  0|TAMS 0x00000000bf400000, 0x00000000bf400000|
| 363|0x00000000bf500000, 0x00000000bf500000, 0x00000000bf600000|  0%| F|  |TS 18|AC  0|TAMS 0x00000000bf500000, 0x00000000bf500000|
| 364|0x00000000bf600000, 0x00000000bf600000, 0x00000000bf700000|  0%| F|  |TS 18|AC  0|TAMS 0x00000000bf600000, 0x00000000bf600000|
| 365|0x00000000bf700000, 0x00000000bf700000, 0x00000000bf800000|  0%| F|  |TS 18|AC  0|TAMS 0x00000000bf700000, 0x00000000bf700000|
| 366|0x00000000bf800000, 0x00000000bf800000, 0x00000000bf900000|  0%| F|  |TS 18|AC  0|TAMS 0x00000000bf800000, 0x00000000bf800000|
| 367|0x00000000bf900000, 0x00000000bf900000, 0x00000000bfa00000|  0%| F|  |TS 18|AC  0|TAMS 0x00000000bf900000, 0x00000000bf900000|
| 368|0x00000000bfa00000, 0x00000000bfa00000, 0x00000000bfb00000|  0%| F|  |TS 18|AC  0|TAMS 0x00000000bfa00000, 0x00000000bfa00000|
| 369|0x00000000bfb00000, 0x00000000bfb00000, 0x00000000bfc00000|  0%| F|  |TS 18|AC  0|TAMS 0x00000000bfb00000, 0x00000000bfb00000|
| 370|0x00000000bfc00000, 0x00000000bfc00000, 0x00000000bfd00000|  0%| F|  |TS 18|AC  0|TAMS 0x00000000bfc00000, 0x00000000bfc00000|
| 371|0x00000000bfd00000, 0x00000000bfd00000, 0x00000000bfe00000|  0%| F|  |TS 18|AC  0|TAMS 0x00000000bfd00000, 0x00000000bfd00000|
| 372|0x00000000bfe00000, 0x00000000bfe00000, 0x00000000bff00000|  0%| F|  |TS 18|AC  0|TAMS 0x00000000bfe00000, 0x00000000bfe00000|
| 373|0x00000000bff00000, 0x00000000bff00000, 0x00000000c0000000|  0%| F|  |TS 18|AC  0|TAMS 0x00000000bff00000, 0x00000000bff00000|
| 374|0x00000000c0000000, 0x00000000c0000000, 0x00000000c0100000|  0%| F|  |TS 18|AC  0|TAMS 0x00000000c0000000, 0x00000000c0000000|

Card table byte_map: [0x00007f0bbf5af000,0x00007f0bbf86a000] byte_map_base: 0x00007f0bbf06a000

Marking Bits (Prev, Next): (CMBitMap*) 0x00007f0bd8081540, (CMBitMap*) 0x00007f0bd8081578
 Prev Bits: [0x00007f0bbdd1c000, 0x00007f0bbf2f4000)
 Next Bits: [0x00007f0bbc744000, 0x00007f0bbdd1c000)

Polling page: 0x00007f0be10d5000

CodeHeap 'non-profiled nmethods': size=120032Kb used=2859Kb max_used=2859Kb free=117172Kb
 bounds [0x00007f0bc75ed000, 0x00007f0bc78bd000, 0x00007f0bceb25000]
CodeHeap 'profiled nmethods': size=120028Kb used=7048Kb max_used=7048Kb free=112979Kb
 bounds [0x00007f0bc00b6000, 0x00007f0bc07a6000, 0x00007f0bc75ed000]
CodeHeap 'non-nmethods': size=5700Kb used=1070Kb max_used=1133Kb free=4629Kb
 bounds [0x00007f0bbfb25000, 0x00007f0bbfd95000, 0x00007f0bc00b6000]
 total_blobs=3858 nmethods=2668 adapters=298
 compilation: enabled

Compilation events (10 events):
Event: 9.397 Thread 0x00007f0bd818a800 nmethod 2746 0x00007f0bc0791090 code [0x00007f0bc07917e0, 0x00007f0bc0795a08]
Event: 9.437 Thread 0x00007f0bd818a800 2752       2       com.google.javascript.jscomp.parsing.parser.trees.ParseTree::asForStatement (5 bytes)
Event: 9.438 Thread 0x00007f0bd818a800 nmethod 2752 0x00007f0bc0797490 code [0x00007f0bc0797640, 0x00007f0bc07977d0]
Event: 9.467 Thread 0x00007f0bd818a800 2756       2       com.google.javascript.jscomp.parsing.parser.trees.ParseTree::asCaseClause (5 bytes)
Event: 9.467 Thread 0x00007f0bd818a800 nmethod 2756 0x00007f0bc0797890 code [0x00007f0bc0797a40, 0x00007f0bc0797bd0]
Event: 9.488 Thread 0x00007f0bd818a800 2758       2       com.google.javascript.jscomp.parsing.parser.trees.ParseTree::asThrowStatement (5 bytes)
Event: 9.488 Thread 0x00007f0bd818a800 nmethod 2758 0x00007f0bc0797c90 code [0x00007f0bc0797e40, 0x00007f0bc0797fd0]
Event: 9.552 Thread 0x00007f0bd8184800 nmethod 2697 0x00007f0bc789d110 code [0x00007f0bc789d7a0, 0x00007f0bc78a5938]
Event: 9.552 Thread 0x00007f0bd8184800 2744       4       com.google.javascript.jscomp.parsing.parser.Parser::parseObjectLiteral (110 bytes)
Event: 9.657 Thread 0x00007f0bd8188800 nmethod 2704 0x00007f0bc78a9b10 code [0x00007f0bc78aaba0, 0x00007f0bc78b2290]

GC Heap History (10 events):
Event: 7.665 GC heap after
{Heap after GC invocations=13 (full 0):
 garbage-first heap   total 212992K, used 81012K [0x00000000a8a00000, 0x0000000100000000)
  region size 1024K, 10 young (10240K), 10 survivors (10240K)
 Metaspace       used 16532K, capacity 16665K, committed 17024K, reserved 1064960K
  class space    used 1488K, capacity 1554K, committed 1664K, reserved 1048576K
}
Event: 8.010 GC heap before
{Heap before GC invocations=13 (full 0):
 garbage-first heap   total 212992K, used 149620K [0x00000000a8a00000, 0x0000000100000000)
  region size 1024K, 76 young (77824K), 10 survivors (10240K)
 Metaspace       used 16574K, capacity 16793K, committed 17280K, reserved 1064960K
  class space    used 1488K, capacity 1554K, committed 1664K, reserved 1048576K
}
Event: 8.030 GC heap after
{Heap after GC invocations=14 (full 0):
 garbage-first heap   total 384000K, used 93626K [0x00000000a8a00000, 0x0000000100000000)
  region size 1024K, 10 young (10240K), 10 survivors (10240K)
 Metaspace       used 16574K, capacity 16793K, committed 17280K, reserved 1064960K
  class space    used 1488K, capacity 1554K, committed 1664K, reserved 1048576K
}
Event: 8.558 GC heap before
{Heap before GC invocations=14 (full 0):
 garbage-first heap   total 384000K, used 234938K [0x00000000a8a00000, 0x0000000100000000)
  region size 1024K, 140 young (143360K), 10 survivors (10240K)
 Metaspace       used 16580K, capacity 16793K, committed 17280K, reserved 1064960K
  class space    used 1488K, capacity 1554K, committed 1664K, reserved 1048576K
}
Event: 8.629 GC heap after
{Heap after GC invocations=15 (full 0):
 garbage-first heap   total 384000K, used 144074K [0x00000000a8a00000, 0x0000000100000000)
  region size 1024K, 18 young (18432K), 18 survivors (18432K)
 Metaspace       used 16580K, capacity 16793K, committed 17280K, reserved 1064960K
  class space    used 1488K, capacity 1554K, committed 1664K, reserved 1048576K
}
Event: 8.995 GC heap before
{Heap before GC invocations=15 (full 0):
 garbage-first heap   total 384000K, used 253642K [0x00000000a8a00000, 0x0000000100000000)
  region size 1024K, 125 young (128000K), 18 survivors (18432K)
 Metaspace       used 16615K, capacity 16793K, committed 17280K, reserved 1064960K
  class space    used 1491K, capacity 1554K, committed 1664K, reserved 1048576K
}
Event: 9.117 GC heap after
{Heap after GC invocations=16 (full 0):
 garbage-first heap   total 384000K, used 207360K [0x00000000a8a00000, 0x0000000100000000)
  region size 1024K, 16 young (16384K), 16 survivors (16384K)
 Metaspace       used 16615K, capacity 16793K, committed 17280K, reserved 1064960K
  class space    used 1491K, capacity 1554K, committed 1664K, reserved 1048576K
}
Event: 9.210 GC heap before
{Heap before GC invocations=16 (full 0):
 garbage-first heap   total 384000K, used 217600K [0x00000000a8a00000, 0x0000000100000000)
  region size 1024K, 27 young (27648K), 16 survivors (16384K)
 Metaspace       used 16617K, capacity 16793K, committed 17280K, reserved 1064960K
  class space    used 1491K, capacity 1554K, committed 1664K, reserved 1048576K
}
Event: 9.252 GC heap after
{Heap after GC invocations=17 (full 0):
 garbage-first heap   total 384000K, used 210730K [0x00000000a8a00000, 0x0000000100000000)
  region size 1024K, 5 young (5120K), 5 survivors (5120K)
 Metaspace       used 16617K, capacity 16793K, committed 17280K, reserved 1064960K
  class space    used 1491K, capacity 1554K, committed 1664K, reserved 1048576K
}
Event: 9.658 GC heap before
{Heap before GC invocations=17 (full 0):
 garbage-first heap   total 384000K, used 274218K [0x00000000a8a00000, 0x0000000100000000)
  region size 1024K, 58 young (59392K), 5 survivors (5120K)
 Metaspace       used 16618K, capacity 16793K, committed 17280K, reserved 1064960K
  class space    used 1491K, capacity 1554K, committed 1664K, reserved 1048576K
}

Deoptimization events (10 events):
Event: 3.455 Thread 0x00007f0bd8511000 Uncommon trap: reason=unstable_if action=reinterpret pc=0x00007f0bc7694694 method=com.google.javascript.rhino.Node.mergeLineCharNo(II)I @ 15 c2
Event: 3.506 Thread 0x00007f0bd8511000 Uncommon trap: reason=unstable_if action=reinterpret pc=0x00007f0bc76fcfc0 method=com.google.javascript.rhino.TokenStream.isKeyword(Ljava/lang/String;)Z @ 101 c2
Event: 3.609 Thread 0x00007f0bd8511000 Uncommon trap: reason=unstable_if action=reinterpret pc=0x00007f0bc76a3e58 method=com.google.javascript.jscomp.parsing.parser.LineNumberTable.computeLineStartOffsets(Ljava/lang/String;)[I @ 53 c2
Event: 3.610 Thread 0x00007f0bd8511000 Uncommon trap: reason=unstable_if action=reinterpret pc=0x00007f0bc769ad24 method=com.google.javascript.jscomp.parsing.parser.LineNumberTable.computeLineStartOffsets(Ljava/lang/String;)[I @ 53 c2
Event: 3.639 Thread 0x00007f0bd8511000 Uncommon trap: reason=unstable_if action=reinterpret pc=0x00007f0bc76f7bcc method=com.google.javascript.jscomp.parsing.parser.Parser.peekPredefinedString(ILjava/lang/String;)Z @ 26 c2
Event: 3.690 Thread 0x00007f0bd8511000 Uncommon trap: reason=unstable_if action=reinterpret pc=0x00007f0bc770bbb4 method=com.google.javascript.jscomp.parsing.JsDocInfoParser.parseHelperLoop(Lcom/google/javascript/jscomp/parsing/JsDocToken;Ljava/util/List;)Z @ 189 c2
Event: 4.032 Thread 0x00007f0bd8511000 Uncommon trap: reason=unstable_if action=reinterpret pc=0x00007f0bc7714478 method=com.google.javascript.jscomp.NodeUtil.createsBlockScope(Lcom/google/javascript/rhino/Node;)Z @ 96 c2
Event: 4.884 Thread 0x00007f0bd8511000 Uncommon trap: reason=unstable_if action=reinterpret pc=0x00007f0bc766a330 method=java.lang.AbstractStringBuilder.isLatin1()Z @ 10 c2
Event: 8.895 Thread 0x00007f0bd8511000 Uncommon trap: reason=unstable_if action=reinterpret pc=0x00007f0bc780e44c method=jdk.internal.math.FloatingDecimal$ASCIIToBinaryBuffer.doubleValue()D @ 116 c2
Event: 8.947 Thread 0x00007f0bd8511000 Uncommon trap: reason=null_assert_or_unreached0 action=make_not_entrant pc=0x00007f0bc7801044 method=com.google.javascript.jscomp.parsing.IRFactory$TransformDispatcher.process(Lcom/google/javascript/jscomp/parsing/parser/trees/ParseTree;)Lcom/google/javas

Classes redefined (0 events):
No events

Internal exceptions (10 events):
Event: 1.394 Thread 0x00007f0bd8012000 Exception <a 'java/lang/NoSuchMethodError'{0x00000000adeb9c30}: java.lang.invoke.Invokers$Holder.invoke_MT(Ljava/lang/Object;Ljava/lang/Object;Ljava/lang/Object;Ljava/lang/Object;Ljava/lang/Object;Ljava/lang/Object;Ljava/lang/Object;Ljava/lang/Object;Ljav
Event: 1.396 Thread 0x00007f0bd8012000 Exception <a 'java/lang/NoSuchMethodError'{0x00000000adec5d28}: java.lang.invoke.DirectMethodHandle$Holder.invokeSpecial(Ljava/lang/Object;Ljava/lang/Object;Ljava/lang/Object;)I> (0x00000000adec5d28) thrown at [/build/openjdk-lts-Ae5PRQ/openjdk-lts-10.0.2
Event: 1.397 Thread 0x00007f0bd8012000 Exception <a 'java/lang/NoSuchMethodError'{0x00000000adecb910}: method resolution failed> (0x00000000adecb910) thrown at [/build/openjdk-lts-Ae5PRQ/openjdk-lts-10.0.2+13/src/hotspot/share/prims/methodHandles.cpp, line 1226]
Event: 1.397 Thread 0x00007f0bd8012000 Exception <a 'java/lang/NoSuchMethodError'{0x00000000adececa8}: java.lang.Object.lambda$thenComparing$36697e65$1(Ljava/util/Comparator;Ljava/lang/Object;Ljava/lang/Object;)I> (0x00000000adececa8) thrown at [/build/openjdk-lts-Ae5PRQ/openjdk-lts-10.0.2+13/
Event: 1.508 Thread 0x00007f0bd8012000 Exception <a 'java/lang/NoSuchMethodError'{0x00000000ada6a3c0}: java.lang.invoke.DirectMethodHandle$Holder.invokeStaticInit(Ljava/lang/Object;Ljava/lang/Object;)I> (0x00000000ada6a3c0) thrown at [/build/openjdk-lts-Ae5PRQ/openjdk-lts-10.0.2+13/src/hotspot
Event: 1.675 Thread 0x00007f0bd8511000 Implicit null exception at 0x00007f0bc762735a to 0x00007f0bc7627452
Event: 1.688 Thread 0x00007f0bd8511000 Implicit null exception at 0x00007f0bc763c0cf to 0x00007f0bc763c1ca
Event: 2.811 Thread 0x00007f0bd8511000 Implicit null exception at 0x00007f0bc762fcb7 to 0x00007f0bc7630132
Event: 2.811 Thread 0x00007f0bd8511000 Implicit null exception at 0x00007f0bc76309b1 to 0x00007f0bc7630b72
Event: 2.827 Thread 0x00007f0bd8511000 Implicit null exception at 0x00007f0bc7626eee to 0x00007f0bc7626fd6

Events (10 events):
Event: 8.945 loading class com/google/javascript/jscomp/parsing/parser/trees/TemplateLiteralPortionTree
Event: 8.945 loading class com/google/javascript/jscomp/parsing/parser/trees/TemplateLiteralPortionTree done
Event: 8.947 Thread 0x00007f0bd8511000 Uncommon trap: trap_request=0xffffffec fr.pc=0x00007f0bc7801044 relative=0x00000000000004c4
Event: 8.947 Thread 0x00007f0bd8511000 DEOPT PACKING pc=0x00007f0bc7801044 sp=0x00007f0b33ffcdd0
Event: 8.947 Thread 0x00007f0bd8511000 DEOPT UNPACKING pc=0x00007f0bbfb4cfa5 sp=0x00007f0b33ffcdf8 mode 2
Event: 8.993 Executing VM operation: G1IncCollectionPause
Event: 9.117 Executing VM operation: G1IncCollectionPause done
Event: 9.210 Executing VM operation: G1IncCollectionPause
Event: 9.252 Executing VM operation: G1IncCollectionPause done
Event: 9.657 Executing VM operation: G1IncCollectionPause


Dynamic libraries:
a8a00000-c0100000 rw-p 00000000 00:00 0 
cce00000-100000000 ---p 00000000 00:00 0 
100000000-1001a0000 rw-p 00000000 00:00 0 
1001a0000-140000000 ---p 00000000 00:00 0 
557a910a2000-557a910a3000 r-xp 00000000 08:01 921458                     /usr/lib/jvm/java-11-openjdk-amd64/bin/java
557a912a3000-557a912a4000 r--p 00001000 08:01 921458                     /usr/lib/jvm/java-11-openjdk-amd64/bin/java
557a912a4000-557a912a5000 rw-p 00002000 08:01 921458                     /usr/lib/jvm/java-11-openjdk-amd64/bin/java
557a92af5000-557a92b16000 rw-p 00000000 00:00 0                          [heap]
7f0b28000000-7f0b28271000 rw-p 00000000 00:00 0 
7f0b28271000-7f0b2c000000 ---p 00000000 00:00 0 
7f0b2ffff000-7f0b30003000 ---p 00000000 00:00 0 
7f0b30003000-7f0b34000000 rw-p 00000000 00:00 0 
7f0b34000000-7f0b34021000 rw-p 00000000 00:00 0 
7f0b34021000-7f0b38000000 ---p 00000000 00:00 0 
7f0b38000000-7f0b38021000 rw-p 00000000 00:00 0 
7f0b38021000-7f0b3c000000 ---p 00000000 00:00 0 
7f0b3c000000-7f0b3c021000 rw-p 00000000 00:00 0 
7f0b3c021000-7f0b40000000 ---p 00000000 00:00 0 
7f0b40000000-7f0b40021000 rw-p 00000000 00:00 0 
7f0b40021000-7f0b44000000 ---p 00000000 00:00 0 
7f0b44000000-7f0b45cb7000 rw-p 00000000 00:00 0 
7f0b45cb7000-7f0b48000000 ---p 00000000 00:00 0 
7f0b48000000-7f0b48c1b000 rw-p 00000000 00:00 0 
7f0b48c1b000-7f0b4c000000 ---p 00000000 00:00 0 
7f0b4c000000-7f0b4dc58000 rw-p 00000000 00:00 0 
7f0b4dc58000-7f0b50000000 ---p 00000000 00:00 0 
7f0b50000000-7f0b519d4000 rw-p 00000000 00:00 0 
7f0b519d4000-7f0b54000000 ---p 00000000 00:00 0 
7f0b54000000-7f0b54021000 rw-p 00000000 00:00 0 
7f0b54021000-7f0b58000000 ---p 00000000 00:00 0 
7f0b58000000-7f0b58021000 rw-p 00000000 00:00 0 
7f0b58021000-7f0b5c000000 ---p 00000000 00:00 0 
7f0b5e906000-7f0b5ea46000 rw-p 00000000 00:00 0 
7f0b5ea46000-7f0b5eb06000 ---p 00000000 00:00 0 
7f0b5eb06000-7f0b5ed06000 rw-p 00000000 00:00 0 
7f0b5ed06000-7f0b5ef06000 rw-p 00000000 00:00 0 
7f0b5ef06000-7f0b5f106000 rw-p 00000000 00:00 0 
7f0b5f106000-7f0b5f11d000 r-xp 00000000 08:01 953209                     /usr/lib/jvm/java-11-openjdk-amd64/lib/libnet.so
7f0b5f11d000-7f0b5f31c000 ---p 00017000 08:01 953209                     /usr/lib/jvm/java-11-openjdk-amd64/lib/libnet.so
7f0b5f31c000-7f0b5f31d000 r--p 00016000 08:01 953209                     /usr/lib/jvm/java-11-openjdk-amd64/lib/libnet.so
7f0b5f31d000-7f0b5f31e000 rw-p 00017000 08:01 953209                     /usr/lib/jvm/java-11-openjdk-amd64/lib/libnet.so
7f0b5f31e000-7f0b5f32f000 r-xp 00000000 08:01 953211                     /usr/lib/jvm/java-11-openjdk-amd64/lib/libnio.so
7f0b5f32f000-7f0b5f52e000 ---p 00011000 08:01 953211                     /usr/lib/jvm/java-11-openjdk-amd64/lib/libnio.so
7f0b5f52e000-7f0b5f52f000 r--p 00010000 08:01 953211                     /usr/lib/jvm/java-11-openjdk-amd64/lib/libnio.so
7f0b5f52f000-7f0b5f530000 rw-p 00011000 08:01 953211                     /usr/lib/jvm/java-11-openjdk-amd64/lib/libnio.so
7f0b5f530000-7f0b5f534000 ---p 00000000 00:00 0 
7f0b5f534000-7f0b5f631000 rw-p 00000000 00:00 0 
7f0b5f631000-7f0b60000000 r--p 00000000 08:01 924394                     /usr/lib/locale/locale-archive
7f0b60000000-7f0b600f6000 rw-p 00000000 00:00 0 
7f0b600f6000-7f0b64000000 ---p 00000000 00:00 0 
7f0b64000000-7f0b64021000 rw-p 00000000 00:00 0 
7f0b64021000-7f0b68000000 ---p 00000000 00:00 0 
7f0b68000000-7f0b68021000 rw-p 00000000 00:00 0 
7f0b68021000-7f0b6c000000 ---p 00000000 00:00 0 
7f0b6c000000-7f0b6c021000 rw-p 00000000 00:00 0 
7f0b6c021000-7f0b70000000 ---p 00000000 00:00 0 
7f0b70000000-7f0b70021000 rw-p 00000000 00:00 0 
7f0b70021000-7f0b74000000 ---p 00000000 00:00 0 
7f0b74000000-7f0b74021000 rw-p 00000000 00:00 0 
7f0b74021000-7f0b78000000 ---p 00000000 00:00 0 
7f0b78000000-7f0b78025000 rw-p 00000000 00:00 0 
7f0b78025000-7f0b7c000000 ---p 00000000 00:00 0 
7f0b7c000000-7f0b7c021000 rw-p 00000000 00:00 0 
7f0b7c021000-7f0b80000000 ---p 00000000 00:00 0 
7f0b80000000-7f0b80028000 rw-p 00000000 00:00 0 
7f0b80028000-7f0b84000000 ---p 00000000 00:00 0 
7f0b84000000-7f0b84024000 rw-p 00000000 00:00 0 
7f0b84024000-7f0b88000000 ---p 00000000 00:00 0 
7f0b88000000-7f0b88045000 rw-p 00000000 00:00 0 
7f0b88045000-7f0b8c000000 ---p 00000000 00:00 0 
7f0b8c0de000-7f0b8c0df000 ---p 00000000 00:00 0 
7f0b8c0df000-7f0b8c1e0000 rw-p 00000000 00:00 0 
7f0b8c1e0000-7f0b8c1e4000 ---p 00000000 00:00 0 
7f0b8c1e4000-7f0b8c2e1000 rw-p 00000000 00:00 0 
7f0b8c2e1000-7f0b8c2e5000 ---p 00000000 00:00 0 
7f0b8c2e5000-7f0b8c3e2000 rw-p 00000000 00:00 0 
7f0b8c3e2000-7f0b8c3e6000 ---p 00000000 00:00 0 
7f0b8c3e6000-7f0b8c4e3000 rw-p 00000000 00:00 0 
7f0b8c4e3000-7f0b8c4e7000 ---p 00000000 00:00 0 
7f0b8c4e7000-7f0b8c5e4000 rw-p 00000000 00:00 0 
7f0b8c5e4000-7f0b8c5e8000 ---p 00000000 00:00 0 
7f0b8c5e8000-7f0b8c6e5000 rw-p 00000000 00:00 0 
7f0b8c6e5000-7f0b8c6e9000 ---p 00000000 00:00 0 
7f0b8c6e9000-7f0b8c7e6000 rw-p 00000000 00:00 0 
7f0b8c7e6000-7f0b8c7ea000 ---p 00000000 00:00 0 
7f0b8c7ea000-7f0b8c8e7000 rw-p 00000000 00:00 0 
7f0b8c8e7000-7f0b8c8eb000 ---p 00000000 00:00 0 
7f0b8c8eb000-7f0b8c9e8000 rw-p 00000000 00:00 0 
7f0b8c9e8000-7f0b8c9ec000 ---p 00000000 00:00 0 
7f0b8c9ec000-7f0b8cae9000 rw-p 00000000 00:00 0 
7f0b8cae9000-7f0b8caea000 ---p 00000000 00:00 0 
7f0b8caea000-7f0b8d3eb000 rw-p 00000000 00:00 0 
7f0b8d3eb000-7f0b8d3ec000 ---p 00000000 00:00 0 
7f0b8d3ec000-7f0b8d4ed000 rw-p 00000000 00:00 0 
7f0b8d4ed000-7f0b8d4ee000 ---p 00000000 00:00 0 
7f0b8d4ee000-7f0b8d5ef000 rw-p 00000000 00:00 0 
7f0b8d5ef000-7f0b8d5f0000 ---p 00000000 00:00 0 
7f0b8d5f0000-7f0b8d6f1000 rw-p 00000000 00:00 0 
7f0b8d6f1000-7f0b8d6f2000 ---p 00000000 00:00 0 
7f0b8d6f2000-7f0b8d7f3000 rw-p 00000000 00:00 0 
7f0b8d7f3000-7f0b8d7f4000 ---p 00000000 00:00 0 
7f0b8d7f4000-7f0b8d8f5000 rw-p 00000000 00:00 0 
7f0b8d8f5000-7f0b8d8f6000 ---p 00000000 00:00 0 
7f0b8d8f6000-7f0b8d9f7000 rw-p 00000000 00:00 0 
7f0b8d9f7000-7f0b8d9f8000 ---p 00000000 00:00 0 
7f0b8d9f8000-7f0b8daf9000 rw-p 00000000 00:00 0 
7f0b8daf9000-7f0b8dafa000 ---p 00000000 00:00 0 
7f0b8dafa000-7f0b8dbfb000 rw-p 00000000 00:00 0 
7f0b8dbfb000-7f0b8dbfc000 ---p 00000000 00:00 0 
7f0b8dbfc000-7f0b90000000 rw-p 00000000 00:00 0 
7f0b90000000-7f0b90021000 rw-p 00000000 00:00 0 
7f0b90021000-7f0b94000000 ---p 00000000 00:00 0 
7f0b94000000-7f0b94021000 rw-p 00000000 00:00 0 
7f0b94021000-7f0b98000000 ---p 00000000 00:00 0 
7f0b98000000-7f0b98043000 rw-p 00000000 00:00 0 
7f0b98043000-7f0b9c000000 ---p 00000000 00:00 0 
7f0b9c000000-7f0b9c021000 rw-p 00000000 00:00 0 
7f0b9c021000-7f0ba0000000 ---p 00000000 00:00 0 
7f0ba0000000-7f0ba0044000 rw-p 00000000 00:00 0 
7f0ba0044000-7f0ba4000000 ---p 00000000 00:00 0 
7f0ba4000000-7f0ba4044000 rw-p 00000000 00:00 0 
7f0ba4044000-7f0ba8000000 ---p 00000000 00:00 0 
7f0ba8000000-7f0ba8035000 rw-p 00000000 00:00 0 
7f0ba8035000-7f0bac000000 ---p 00000000 00:00 0 
7f0bac000000-7f0bac036000 rw-p 00000000 00:00 0 
7f0bac036000-7f0bb0000000 ---p 00000000 00:00 0 
7f0bb0000000-7f0bb003e000 rw-p 00000000 00:00 0 
7f0bb003e000-7f0bb4000000 ---p 00000000 00:00 0 
7f0bb4000000-7f0bb4038000 rw-p 00000000 00:00 0 
7f0bb4038000-7f0bb8000000 ---p 00000000 00:00 0 
7f0bb8000000-7f0bb8048000 rw-p 00000000 00:00 0 
7f0bb8048000-7f0bbc000000 ---p 00000000 00:00 0 
7f0bbc03b000-7f0bbc540000 rw-p 00000000 00:00 0 
7f0bbc540000-7f0bbc541000 ---p 00000000 00:00 0 
7f0bbc541000-7f0bbc642000 rw-p 00000000 00:00 0 
7f0bbc642000-7f0bbc643000 ---p 00000000 00:00 0 
7f0bbc643000-7f0bbcd20000 rw-p 00000000 00:00 0 
7f0bbcd20000-7f0bbdd1c000 ---p 00000000 00:00 0 
7f0bbdd1c000-7f0bbe2f8000 rw-p 00000000 00:00 0 
7f0bbe2f8000-7f0bbf2f4000 ---p 00000000 00:00 0 
7f0bbf2f4000-7f0bbf3b0000 rw-p 00000000 00:00 0 
7f0bbf3b0000-7f0bbf5af000 ---p 00000000 00:00 0 
7f0bbf5af000-7f0bbf66b000 rw-p 00000000 00:00 0 
7f0bbf66b000-7f0bbf86a000 ---p 00000000 00:00 0 
7f0bbf86a000-7f0bbf926000 rw-p 00000000 00:00 0 
7f0bbf926000-7f0bbfb25000 ---p 00000000 00:00 0 
7f0bbfb25000-7f0bbfd95000 rwxp 00000000 00:00 0 
7f0bbfd95000-7f0bc00b6000 ---p 00000000 00:00 0 
7f0bc00b6000-7f0bc07a6000 rwxp 00000000 00:00 0 
7f0bc07a6000-7f0bc75ed000 ---p 00000000 00:00 0 
7f0bc75ed000-7f0bc78bd000 rwxp 00000000 00:00 0 
7f0bc78bd000-7f0bceb25000 ---p 00000000 00:00 0 
7f0bceb25000-7f0bd8000000 r--s 00000000 08:01 953235                     /usr/lib/jvm/java-11-openjdk-amd64/lib/modules
7f0bd8000000-7f0bd8518000 rw-p 00000000 00:00 0 
7f0bd8518000-7f0bdc000000 ---p 00000000 00:00 0 
7f0bdc055000-7f0bdc0cb000 rw-p 00000000 00:00 0 
7f0bdc0cb000-7f0bdc0cc000 ---p 00000000 00:00 0 
7f0bdc0cc000-7f0bdc9d5000 rw-p 00000000 00:00 0 
7f0bdc9d5000-7f0bdc9d6000 ---p 00000000 00:00 0 
7f0bdc9d6000-7f0bdcad7000 rw-p 00000000 00:00 0 
7f0bdcad7000-7f0bdcad8000 ---p 00000000 00:00 0 
7f0bdcad8000-7f0bdcbd9000 rw-p 00000000 00:00 0 
7f0bdcbd9000-7f0bdcbda000 ---p 00000000 00:00 0 
7f0bdcbda000-7f0bdccdb000 rw-p 00000000 00:00 0 
7f0bdccdb000-7f0bdccdc000 ---p 00000000 00:00 0 
7f0bdccdc000-7f0bdcddd000 rw-p 00000000 00:00 0 
7f0bdcddd000-7f0bdcdde000 ---p 00000000 00:00 0 
7f0bdcdde000-7f0bdcedf000 rw-p 00000000 00:00 0 
7f0bdcedf000-7f0bdcee0000 ---p 00000000 00:00 0 
7f0bdcee0000-7f0bdcfe1000 rw-p 00000000 00:00 0 
7f0bdcfe1000-7f0bdcfe2000 ---p 00000000 00:00 0 
7f0bdcfe2000-7f0bdd0e3000 rw-p 00000000 00:00 0 
7f0bdd0e3000-7f0bdd0e4000 ---p 00000000 00:00 0 
7f0bdd0e4000-7f0bdd1eb000 rw-p 00000000 00:00 0 
7f0bdd1eb000-7f0bdd2d0000 ---p 00000000 00:00 0 
7f0bdd2d0000-7f0bdd2de000 rw-p 00000000 00:00 0 
7f0bdd2de000-7f0bdd3bb000 ---p 00000000 00:00 0 
7f0bdd3bb000-7f0bdd3c0000 r-xp 00000000 08:01 953185                     /usr/lib/jvm/java-11-openjdk-amd64/lib/libjimage.so
7f0bdd3c0000-7f0bdd5bf000 ---p 00005000 08:01 953185                     /usr/lib/jvm/java-11-openjdk-amd64/lib/libjimage.so
7f0bdd5bf000-7f0bdd5c0000 r--p 00004000 08:01 953185                     /usr/lib/jvm/java-11-openjdk-amd64/lib/libjimage.so
7f0bdd5c0000-7f0bdd5c1000 rw-p 00005000 08:01 953185                     /usr/lib/jvm/java-11-openjdk-amd64/lib/libjimage.so
7f0bdd5c1000-7f0bdd5c8000 r-xp 00000000 08:01 953233                     /usr/lib/jvm/java-11-openjdk-amd64/lib/libzip.so
7f0bdd5c8000-7f0bdd7c7000 ---p 00007000 08:01 953233                     /usr/lib/jvm/java-11-openjdk-amd64/lib/libzip.so
7f0bdd7c7000-7f0bdd7c8000 r--p 00006000 08:01 953233                     /usr/lib/jvm/java-11-openjdk-amd64/lib/libzip.so
7f0bdd7c8000-7f0bdd7c9000 rw-p 00007000 08:01 953233                     /usr/lib/jvm/java-11-openjdk-amd64/lib/libzip.so
7f0bdd7c9000-7f0bdd7d4000 r-xp 00000000 08:01 399298                     /lib/x86_64-linux-gnu/libnss_files-2.27.so
7f0bdd7d4000-7f0bdd9d3000 ---p 0000b000 08:01 399298                     /lib/x86_64-linux-gnu/libnss_files-2.27.so
7f0bdd9d3000-7f0bdd9d4000 r--p 0000a000 08:01 399298                     /lib/x86_64-linux-gnu/libnss_files-2.27.so
7f0bdd9d4000-7f0bdd9d5000 rw-p 0000b000 08:01 399298                     /lib/x86_64-linux-gnu/libnss_files-2.27.so
7f0bdd9d5000-7f0bdd9db000 rw-p 00000000 00:00 0 
7f0bdd9db000-7f0bdd9f2000 r-xp 00000000 08:01 399292                     /lib/x86_64-linux-gnu/libnsl-2.27.so
7f0bdd9f2000-7f0bddbf1000 ---p 00017000 08:01 399292                     /lib/x86_64-linux-gnu/libnsl-2.27.so
7f0bddbf1000-7f0bddbf2000 r--p 00016000 08:01 399292                     /lib/x86_64-linux-gnu/libnsl-2.27.so
7f0bddbf2000-7f0bddbf3000 rw-p 00017000 08:01 399292                     /lib/x86_64-linux-gnu/libnsl-2.27.so
7f0bddbf3000-7f0bddbf5000 rw-p 00000000 00:00 0 
7f0bddbf5000-7f0bddc00000 r-xp 00000000 08:01 399309                     /lib/x86_64-linux-gnu/libnss_nis-2.27.so
7f0bddc00000-7f0bdddff000 ---p 0000b000 08:01 399309                     /lib/x86_64-linux-gnu/libnss_nis-2.27.so
7f0bdddff000-7f0bdde00000 r--p 0000a000 08:01 399309                     /lib/x86_64-linux-gnu/libnss_nis-2.27.so
7f0bdde00000-7f0bdde01000 rw-p 0000b000 08:01 399309                     /lib/x86_64-linux-gnu/libnss_nis-2.27.so
7f0bdde01000-7f0bdde09000 r-xp 00000000 08:01 399294                     /lib/x86_64-linux-gnu/libnss_compat-2.27.so
7f0bdde09000-7f0bde009000 ---p 00008000 08:01 399294                     /lib/x86_64-linux-gnu/libnss_compat-2.27.so
7f0bde009000-7f0bde00a000 r--p 00008000 08:01 399294                     /lib/x86_64-linux-gnu/libnss_compat-2.27.so
7f0bde00a000-7f0bde00b000 rw-p 00009000 08:01 399294                     /lib/x86_64-linux-gnu/libnss_compat-2.27.so
7f0bde00b000-7f0bde037000 r-xp 00000000 08:01 953176                     /usr/lib/jvm/java-11-openjdk-amd64/lib/libjava.so
7f0bde037000-7f0bde236000 ---p 0002c000 08:01 953176                     /usr/lib/jvm/java-11-openjdk-amd64/lib/libjava.so
7f0bde236000-7f0bde237000 r--p 0002b000 08:01 953176                     /usr/lib/jvm/java-11-openjdk-amd64/lib/libjava.so
7f0bde237000-7f0bde239000 rw-p 0002c000 08:01 953176                     /usr/lib/jvm/java-11-openjdk-amd64/lib/libjava.so
7f0bde239000-7f0bde246000 r-xp 00000000 08:01 953230                     /usr/lib/jvm/java-11-openjdk-amd64/lib/libverify.so
7f0bde246000-7f0bde445000 ---p 0000d000 08:01 953230                     /usr/lib/jvm/java-11-openjdk-amd64/lib/libverify.so
7f0bde445000-7f0bde447000 r--p 0000c000 08:01 953230                     /usr/lib/jvm/java-11-openjdk-amd64/lib/libverify.so
7f0bde447000-7f0bde448000 rw-p 0000e000 08:01 953230                     /usr/lib/jvm/java-11-openjdk-amd64/lib/libverify.so
7f0bde448000-7f0bde44f000 r-xp 00000000 08:01 399349                     /lib/x86_64-linux-gnu/librt-2.27.so
7f0bde44f000-7f0bde64e000 ---p 00007000 08:01 399349                     /lib/x86_64-linux-gnu/librt-2.27.so
7f0bde64e000-7f0bde64f000 r--p 00006000 08:01 399349                     /lib/x86_64-linux-gnu/librt-2.27.so
7f0bde64f000-7f0bde650000 rw-p 00007000 08:01 399349                     /lib/x86_64-linux-gnu/librt-2.27.so
7f0bde650000-7f0bde667000 r-xp 00000000 08:01 393301                     /lib/x86_64-linux-gnu/libgcc_s.so.1
7f0bde667000-7f0bde866000 ---p 00017000 08:01 393301                     /lib/x86_64-linux-gnu/libgcc_s.so.1
7f0bde866000-7f0bde867000 r--p 00016000 08:01 393301                     /lib/x86_64-linux-gnu/libgcc_s.so.1
7f0bde867000-7f0bde868000 rw-p 00017000 08:01 393301                     /lib/x86_64-linux-gnu/libgcc_s.so.1
7f0bde868000-7f0bdea05000 r-xp 00000000 08:01 399271                     /lib/x86_64-linux-gnu/libm-2.27.so
7f0bdea05000-7f0bdec04000 ---p 0019d000 08:01 399271                     /lib/x86_64-linux-gnu/libm-2.27.so
7f0bdec04000-7f0bdec05000 r--p 0019c000 08:01 399271                     /lib/x86_64-linux-gnu/libm-2.27.so
7f0bdec05000-7f0bdec06000 rw-p 0019d000 08:01 399271                     /lib/x86_64-linux-gnu/libm-2.27.so
7f0bdec06000-7f0bded7f000 r-xp 00000000 08:01 920236                     /usr/lib/x86_64-linux-gnu/libstdc++.so.6.0.25
7f0bded7f000-7f0bdef7f000 ---p 00179000 08:01 920236                     /usr/lib/x86_64-linux-gnu/libstdc++.so.6.0.25
7f0bdef7f000-7f0bdef89000 r--p 00179000 08:01 920236                     /usr/lib/x86_64-linux-gnu/libstdc++.so.6.0.25
7f0bdef89000-7f0bdef8b000 rw-p 00183000 08:01 920236                     /usr/lib/x86_64-linux-gnu/libstdc++.so.6.0.25
7f0bdef8b000-7f0bdef8f000 rw-p 00000000 00:00 0 
7f0bdef8f000-7f0bdff2c000 r-xp 00000000 08:01 1055132                    /usr/lib/jvm/java-11-openjdk-amd64/lib/server/libjvm.so
7f0bdff2c000-7f0be012c000 ---p 00f9d000 08:01 1055132                    /usr/lib/jvm/java-11-openjdk-amd64/lib/server/libjvm.so
7f0be012c000-7f0be01f0000 r--p 00f9d000 08:01 1055132                    /usr/lib/jvm/java-11-openjdk-amd64/lib/server/libjvm.so
7f0be01f0000-7f0be0228000 rw-p 01061000 08:01 1055132                    /usr/lib/jvm/java-11-openjdk-amd64/lib/server/libjvm.so
7f0be0228000-7f0be0271000 rw-p 00000000 00:00 0 
7f0be0271000-7f0be028b000 r-xp 00000000 08:01 399341                     /lib/x86_64-linux-gnu/libpthread-2.27.so
7f0be028b000-7f0be048a000 ---p 0001a000 08:01 399341                     /lib/x86_64-linux-gnu/libpthread-2.27.so
7f0be048a000-7f0be048b000 r--p 00019000 08:01 399341                     /lib/x86_64-linux-gnu/libpthread-2.27.so
7f0be048b000-7f0be048c000 rw-p 0001a000 08:01 399341                     /lib/x86_64-linux-gnu/libpthread-2.27.so
7f0be048c000-7f0be0490000 rw-p 00000000 00:00 0 
7f0be0490000-7f0be0493000 r-xp 00000000 08:01 399231                     /lib/x86_64-linux-gnu/libdl-2.27.so
7f0be0493000-7f0be0692000 ---p 00003000 08:01 399231                     /lib/x86_64-linux-gnu/libdl-2.27.so
7f0be0692000-7f0be0693000 r--p 00002000 08:01 399231                     /lib/x86_64-linux-gnu/libdl-2.27.so
7f0be0693000-7f0be0694000 rw-p 00003000 08:01 399231                     /lib/x86_64-linux-gnu/libdl-2.27.so
7f0be0694000-7f0be06b0000 r-xp 00000000 08:01 399380                     /lib/x86_64-linux-gnu/libz.so.1.2.11
7f0be06b0000-7f0be08af000 ---p 0001c000 08:01 399380                     /lib/x86_64-linux-gnu/libz.so.1.2.11
7f0be08af000-7f0be08b0000 r--p 0001b000 08:01 399380                     /lib/x86_64-linux-gnu/libz.so.1.2.11
7f0be08b0000-7f0be08b1000 rw-p 0001c000 08:01 399380                     /lib/x86_64-linux-gnu/libz.so.1.2.11
7f0be08b1000-7f0be0a98000 r-xp 00000000 08:01 399208                     /lib/x86_64-linux-gnu/libc-2.27.so
7f0be0a98000-7f0be0c98000 ---p 001e7000 08:01 399208                     /lib/x86_64-linux-gnu/libc-2.27.so
7f0be0c98000-7f0be0c9c000 r--p 001e7000 08:01 399208                     /lib/x86_64-linux-gnu/libc-2.27.so
7f0be0c9c000-7f0be0c9e000 rw-p 001eb000 08:01 399208                     /lib/x86_64-linux-gnu/libc-2.27.so
7f0be0c9e000-7f0be0ca2000 rw-p 00000000 00:00 0 
7f0be0ca2000-7f0be0cb1000 r-xp 00000000 08:01 948812                     /usr/lib/jvm/java-11-openjdk-amd64/lib/jli/libjli.so
7f0be0cb1000-7f0be0eb0000 ---p 0000f000 08:01 948812                     /usr/lib/jvm/java-11-openjdk-amd64/lib/jli/libjli.so
7f0be0eb0000-7f0be0eb1000 r--p 0000e000 08:01 948812                     /usr/lib/jvm/java-11-openjdk-amd64/lib/jli/libjli.so
7f0be0eb1000-7f0be0eb2000 rw-p 0000f000 08:01 948812                     /usr/lib/jvm/java-11-openjdk-amd64/lib/jli/libjli.so
7f0be0eb2000-7f0be0ed9000 r-xp 00000000 08:01 399180                     /lib/x86_64-linux-gnu/ld-2.27.so
7f0be0f01000-7f0be0fb9000 rw-p 00000000 00:00 0 
7f0be0fb9000-7f0be0fc0000 ---p 00000000 00:00 0 
7f0be0fc0000-7f0be0fc4000 ---p 00000000 00:00 0 
7f0be0fc4000-7f0be10c3000 rw-p 00000000 00:00 0 
7f0be10cc000-7f0be10cd000 rw-p 00000000 00:00 0 
7f0be10cd000-7f0be10d5000 rw-s 00000000 08:01 787353                     /tmp/hsperfdata_arslan/12204
7f0be10d5000-7f0be10d6000 ---p 00000000 00:00 0 
7f0be10d6000-7f0be10d7000 r--p 00000000 00:00 0 
7f0be10d7000-7f0be10d9000 rw-p 00000000 00:00 0 
7f0be10d9000-7f0be10da000 r--p 00027000 08:01 399180                     /lib/x86_64-linux-gnu/ld-2.27.so
7f0be10da000-7f0be10db000 rw-p 00028000 08:01 399180                     /lib/x86_64-linux-gnu/ld-2.27.so
7f0be10db000-7f0be10dc000 rw-p 00000000 00:00 0 
7ffd35a1c000-7ffd35a3d000 rw-p 00000000 00:00 0                          [stack]
7ffd35a94000-7ffd35a97000 r--p 00000000 00:00 0                          [vvar]
7ffd35a97000-7ffd35a99000 r-xp 00000000 00:00 0                          [vdso]
ffffffffff600000-ffffffffff601000 r-xp 00000000 00:00 0                  [vsyscall]


VM Arguments:
java_command: third-party/closure-compiler.jar --generate_exports --compilation_level ADVANCED_OPTIMIZATIONS --dependency_mode=STRICT --externs externs/gviz-externs.js --externs externs/interpreter-externs.js --externs externs/prettify-externs.js --externs externs/soundJS-externs.js --externs externs/storage-externs.js --externs appengine/third-party/blockly/externs/svg-externs.js --language_out ECMASCRIPT5_STRICT --entry_point=Energysource --js='appengine/third-party/**.js' --js='!appengine/third-party/blockly/*.js' --js='!appengine/third-party/blockly/tests/**.js' --js='!appengine/third-party/blockly/externs/**.js' --js='!appengine/third-party/blockly/demos/**.js' --js='appengine/generated/en/*.js' --js='appengine/js/*.js' --warning_level QUIET --js='appengine/energysource/generated/en/*.js' --js='appengine/energysource/js/*.js'
java_class_path (initial): third-party/closure-compiler.jar
Launcher Type: SUN_STANDARD

Logging:
Log output configuration:
#0: stdout all=warning uptime,level,tags
#1: stderr all=off uptime,level,tags

Environment Variables:
PATH=/usr/local/sbin:/usr/local/bin:/usr/sbin:/usr/bin:/sbin:/bin:/usr/games:/usr/local/games:/snap/bin
USERNAME=arslan
SHELL=/bin/bash
DISPLAY=:0

Signal Handlers:
SIGSEGV: [libjvm.so+0xd28b70], sa_mask[0]=11111111011111111101111111111110, sa_flags=SA_RESTART|SA_SIGINFO
SIGBUS: [libjvm.so+0xd28b70], sa_mask[0]=11111111011111111101111111111110, sa_flags=SA_RESTART|SA_SIGINFO
SIGFPE: [libjvm.so+0xd28b70], sa_mask[0]=11111111011111111101111111111110, sa_flags=SA_RESTART|SA_SIGINFO
SIGPIPE: [libjvm.so+0xb2a1f0], sa_mask[0]=11111111011111111101111111111110, sa_flags=SA_RESTART|SA_SIGINFO
SIGXFSZ: [libjvm.so+0xb2a1f0], sa_mask[0]=11111111011111111101111111111110, sa_flags=SA_RESTART|SA_SIGINFO
SIGILL: [libjvm.so+0xd28b70], sa_mask[0]=11111111011111111101111111111110, sa_flags=SA_RESTART|SA_SIGINFO
SIGUSR2: [libjvm.so+0xb2a030], sa_mask[0]=00000000000000000000000000000000, sa_flags=SA_RESTART|SA_SIGINFO
SIGHUP: [libjvm.so+0xb2a180], sa_mask[0]=11111111011111111101111111111110, sa_flags=SA_RESTART|SA_SIGINFO
SIGINT: [libjvm.so+0xb2a180], sa_mask[0]=11111111011111111101111111111110, sa_flags=SA_RESTART|SA_SIGINFO
SIGTERM: [libjvm.so+0xb2a180], sa_mask[0]=11111111011111111101111111111110, sa_flags=SA_RESTART|SA_SIGINFO
SIGQUIT: [libjvm.so+0xb2a180], sa_mask[0]=11111111011111111101111111111110, sa_flags=SA_RESTART|SA_SIGINFO


---------------  S Y S T E M  ---------------

OS:DISTRIB_ID=Ubuntu
DISTRIB_RELEASE=18.04
DISTRIB_CODENAME=bionic
DISTRIB_DESCRIPTION="Ubuntu 18.04.1 LTS"
uname:Linux 4.15.0-42-generic #45-Ubuntu SMP Thu Nov 15 19:32:57 UTC 2018 x86_64
libc:glibc 2.27 NPTL 2.27 
rlimit: STACK 8192k, CORE 0k, NPROC 22121, NOFILE 4096, AS infinity, DATA infinity, FSIZE infinity
load average:1.60 0.62 0.55

/proc/meminfo:
MemTotal:        5723704 kB
MemFree:           93412 kB
MemAvailable:      21104 kB
Buffers:            1244 kB
Cached:           130872 kB
SwapCached:        12496 kB
Active:          3110192 kB
Inactive:         637420 kB
Active(anon):    3083312 kB
Inactive(anon):   616672 kB
Active(file):      26880 kB
Inactive(file):    20748 kB
Unevictable:        1912 kB
Mlocked:            1912 kB
SwapTotal:        969960 kB
SwapFree:          87324 kB
Dirty:               104 kB
Writeback:          7748 kB
AnonPages:       3605600 kB
Mapped:           125208 kB
Shmem:             84272 kB
Slab:             203536 kB
SReclaimable:      62540 kB
SUnreclaim:       140996 kB
KernelStack:       19968 kB
PageTables:        73276 kB
NFS_Unstable:          0 kB
Bounce:                0 kB
WritebackTmp:          0 kB
CommitLimit:     3831812 kB
Committed_AS:   11811184 kB
VmallocTotal:   34359738367 kB
VmallocUsed:           0 kB
VmallocChunk:          0 kB
HardwareCorrupted:     0 kB
AnonHugePages:         0 kB
ShmemHugePages:        0 kB
ShmemPmdMapped:        0 kB
CmaTotal:              0 kB
CmaFree:               0 kB
HugePages_Total:       0
HugePages_Free:        0
HugePages_Rsvd:        0
HugePages_Surp:        0
Hugepagesize:       2048 kB
DirectMap4k:      464704 kB
DirectMap2M:     5466112 kB
DirectMap1G:           0 kB

container (cgroup) information:
container_type: cgroupv1
cpu_cpuset_cpus: 0-7
cpu_memory_nodes: 0
active_processor_count: 8
cpu_quota: -1
cpu_period: 100000
cpu_shares: -1
memory_limit_in_bytes: -1
memory_and_swap_limit_in_bytes: -2
memory_soft_limit_in_bytes: -1
memory_usage_in_bytes: 3838935040
memory_max_usage_in_bytes: 183095296


CPU:total 8 (initial active 8) (4 cores per cpu, 1 threads per core) family 6 model 94 stepping 3, cmov, cx8, fxsr, mmx, sse, sse2, sse3, ssse3, sse4.1, sse4.2, popcnt, avx, avx2, aes, clmul, erms, rtm, 3dnowpref, lzcnt, tsc, tscinvbit, bmi1, bmi2, adx, fma
CPU Model and flags from /proc/cpuinfo:
model name	: Intel(R) Core(TM) i7-6700HQ CPU @ 2.60GHz
flags		: fpu vme de pse tsc msr pae mce cx8 apic sep mtrr pge mca cmov pat pse36 clflush mmx fxsr sse sse2 ss ht syscall nx pdpe1gb rdtscp lm constant_tsc arch_perfmon nopl xtopology tsc_reliable nonstop_tsc cpuid pni pclmulqdq vmx ssse3 fma cx16 pcid sse4_1 sse4_2 x2apic movbe popcnt tsc_deadline_timer aes xsave avx f16c rdrand hypervisor lahf_lm abm 3dnowprefetch cpuid_fault invpcid_single pti ibrs ibpb stibp tpr_shadow vnmi ept vpid fsgsbase tsc_adjust bmi1 hle avx2 smep bmi2 invpcid rtm mpx rdseed adx smap clflushopt xsaveopt xsavec xsaves arat arch_capabilities

Memory: 4k page, physical 5723704k(93412k free), swap 969960k(87324k free)

vm_info: OpenJDK 64-Bit Server VM (10.0.2+13-Ubuntu-1ubuntu0.18.04.4) for linux-amd64 JRE (10.0.2+13-Ubuntu-1ubuntu0.18.04.4), built on Nov 13 2018 12:53:39 by "buildd" with gcc 7.3.0

END.
