#
# There is insufficient memory for the Java Runtime Environment to continue.
# Native memory allocation (mmap) failed to map 311427072 bytes for committing reserved memory.
# Possible reasons:
#   The system is out of physical RAM or swap space
#   The process is running with CompressedOops enabled, and the Java Heap may be blocking the growth of the native heap
# Possible solutions:
#   Reduce memory load on the system
#   Increase physical memory or swap space
#   Check if swap backing store is full
#   Decrease Java heap size (-Xmx/-Xms)
#   Decrease number of Java threads
#   Decrease Java thread stack sizes (-Xss)
#   Set larger code cache with -XX:ReservedCodeCacheSize=
#   JVM is running with Unscaled Compressed Oops mode in which the Java heap is
#     placed in the first 4GB address space. The Java Heap base address is the
#     maximum limit for the native heap growth. Please use -XX:HeapBaseMinAddress
#     to set the Java Heap base and to place the Java Heap above 4GB virtual address.
# This output file may be truncated or incomplete.
#
#  Out of Memory Error (os_linux.cpp:2706), pid=36291, tid=36313
#
# JRE version: OpenJDK Runtime Environment (10.0.2+13) (build 10.0.2+13-Ubuntu-1ubuntu0.18.04.2)
# Java VM: OpenJDK 64-Bit Server VM (10.0.2+13-Ubuntu-1ubuntu0.18.04.2, mixed mode, tiered, compressed oops, g1 gc, linux-amd64)
# Core dump will be written. Default location: Core dumps may be processed with "/usr/share/apport/apport %p %s %c %d %P" (or dumping to /home/arslan/Desktop/learnobot/blockly-games/core.36291)
#

---------------  S U M M A R Y ------------

Command Line: third-party/closure-compiler.jar --generate_exports --compilation_level ADVANCED_OPTIMIZATIONS --dependency_mode=STRICT --externs externs/gviz-externs.js --externs externs/interpreter-externs.js --externs externs/prettify-externs.js --externs externs/soundJS-externs.js --externs externs/storage-externs.js --externs appengine/third-party/blockly/externs/svg-externs.js --language_out ECMASCRIPT5_STRICT --entry_point=Puzzle --js='appengine/third-party/**.js' --js='!appengine/third-party/blockly/*.js' --js='!appengine/third-party/blockly/tests/**.js' --js='!appengine/third-party/blockly/externs/**.js' --js='!appengine/third-party/blockly/demos/**.js' --js='appengine/generated/en/*.js' --js='appengine/js/*.js' --warning_level QUIET --js='appengine/puzzle/generated/en/*.js' --js='appengine/puzzle/js/*.js'

Host: Intel(R) Core(TM) i7-6700HQ CPU @ 2.60GHz, 8 cores, 3G, Ubuntu 18.04.1 LTS
Time: Thu Oct  4 04:02:04 2018 PDT elapsed time: 8 seconds (0d 0h 0m 8s)

---------------  T H R E A D  ---------------

Current thread (0x00007f1a88139800):  VMThread "VM Thread" [stack: 0x00007f1a3d5fe000,0x00007f1a3d6fe000] [id=36313]

Stack: [0x00007f1a3d5fe000,0x00007f1a3d6fe000],  sp=0x00007f1a3d6fc0a0,  free space=1016k
Native frames: (J=compiled Java code, A=aot compiled Java code, j=interpreted, Vv=VM code, C=native code)
V  [libjvm.so+0xd27e04]
V  [libjvm.so+0xd289ab]
V  [libjvm.so+0x64d415]
V  [libjvm.so+0xb2d728]
V  [libjvm.so+0xb25f7d]
V  [libjvm.so+0x7662ff]
V  [libjvm.so+0x76653e]
V  [libjvm.so+0x769500]
V  [libjvm.so+0x7efa1c]
V  [libjvm.so+0x7f06df]
V  [libjvm.so+0x7f0b59]
V  [libjvm.so+0x7162cf]
V  [libjvm.so+0x71a3ba]
V  [libjvm.so+0xd39f68]
V  [libjvm.so+0xd387d1]
V  [libjvm.so+0xd35a9b]
V  [libjvm.so+0xd370be]
V  [libjvm.so+0xd374e8]
V  [libjvm.so+0xb33ca0]

VM_Operation (0x00007f19e75d0070): G1IncCollectionPause, mode: safepoint, requested by thread 0x00007f1a884d7800


---------------  P R O C E S S  ---------------

Threads class SMR info:
_java_thread_list=0x00007f1a884d6da0, length=12, elements={
0x00007f1a88012000, 0x00007f1a88143800, 0x00007f1a88145800, 0x00007f1a8814e800,
0x00007f1a88159000, 0x00007f1a8815b000, 0x00007f1a8815d000, 0x00007f1a8815f000,
0x00007f1a88161000, 0x00007f1a881f5800, 0x00007f1a88204000, 0x00007f1a884d7800
}

Java Threads: ( => current thread )
  0x00007f1a88012000 JavaThread "main" [_thread_blocked, id=36292, stack(0x00007f1a90b09000,0x00007f1a90c0a000)]
  0x00007f1a88143800 JavaThread "Reference Handler" daemon [_thread_blocked, id=36314, stack(0x00007f1a3d4fb000,0x00007f1a3d5fc000)]
  0x00007f1a88145800 JavaThread "Finalizer" daemon [_thread_blocked, id=36315, stack(0x00007f1a3d3fa000,0x00007f1a3d4fb000)]
  0x00007f1a8814e800 JavaThread "Signal Dispatcher" daemon [_thread_blocked, id=36316, stack(0x00007f1a3c92a000,0x00007f1a3ca2b000)]
  0x00007f1a88159000 JavaThread "C2 CompilerThread0" daemon [_thread_blocked, id=36317, stack(0x00007f1a3c829000,0x00007f1a3c92a000)]
  0x00007f1a8815b000 JavaThread "C2 CompilerThread1" daemon [_thread_blocked, id=36318, stack(0x00007f1a3c728000,0x00007f1a3c829000)]
  0x00007f1a8815d000 JavaThread "C2 CompilerThread2" daemon [_thread_blocked, id=36319, stack(0x00007f1a3c627000,0x00007f1a3c728000)]
  0x00007f1a8815f000 JavaThread "C1 CompilerThread3" daemon [_thread_blocked, id=36320, stack(0x00007f1a3c526000,0x00007f1a3c627000)]
  0x00007f1a88161000 JavaThread "Sweeper thread" daemon [_thread_blocked, id=36321, stack(0x00007f1a3c425000,0x00007f1a3c526000)]
  0x00007f1a881f5800 JavaThread "Service Thread" daemon [_thread_blocked, id=36322, stack(0x00007f1a3c324000,0x00007f1a3c425000)]
  0x00007f1a88204000 JavaThread "Common-Cleaner" daemon [_thread_blocked, id=36324, stack(0x00007f1a3c121000,0x00007f1a3c222000)]
  0x00007f1a884d7800 JavaThread "jscompiler" daemon [_thread_blocked, id=36331, stack(0x00007f19e35d5000,0x00007f19e75d6000)]

Other Threads:
=>0x00007f1a88139800 VMThread "VM Thread" [stack: 0x00007f1a3d5fe000,0x00007f1a3d6fe000] [id=36313]
  0x00007f1a881f7800 WatcherThread [stack: 0x00007f1a3c224000,0x00007f1a3c324000] [id=36323]
  0x00007f1a88029000 GCTaskThread "GC Thread#0" [stack: 0x00007f1a8cc2e000,0x00007f1a8cd2e000] [id=36293]
  0x00007f1a8802a800 GCTaskThread "GC Thread#1" [stack: 0x00007f1a8cb2c000,0x00007f1a8cc2c000] [id=36294]
  0x00007f1a8802c000 GCTaskThread "GC Thread#2" [stack: 0x00007f1a8ca2a000,0x00007f1a8cb2a000] [id=36295]
  0x00007f1a8802e000 GCTaskThread "GC Thread#3" [stack: 0x00007f1a8c928000,0x00007f1a8ca28000] [id=36296]
  0x00007f1a8802f800 GCTaskThread "GC Thread#4" [stack: 0x00007f1a8c826000,0x00007f1a8c926000] [id=36297]
  0x00007f1a88031000 GCTaskThread "GC Thread#5" [stack: 0x00007f1a8c724000,0x00007f1a8c824000] [id=36298]
  0x00007f1a88033000 GCTaskThread "GC Thread#6" [stack: 0x00007f1a8c622000,0x00007f1a8c722000] [id=36299]
  0x00007f1a88034800 GCTaskThread "GC Thread#7" [stack: 0x00007f1a8c520000,0x00007f1a8c620000] [id=36300]
  0x00007f1a8806c800 ConcurrentGCThread "G1 Main Marker" [stack: 0x00007f1a6d2b2000,0x00007f1a6d3b2000] [id=36301]
  0x00007f1a8806e800 ConcurrentGCThread "G1 Conc#0" [stack: 0x00007f1a6d1b0000,0x00007f1a6d2b0000] [id=36302]
  0x00007f1a88070000 ConcurrentGCThread "G1 Conc#1" [stack: 0x00007f1a6d0ae000,0x00007f1a6d1ae000] [id=36303]
  0x00007f1a880a4000 ConcurrentGCThread "G1 Refine#0" [stack: 0x00007f1a6c7a4000,0x00007f1a6c8a4000] [id=36304]
  0x00007f1a880a6000 ConcurrentGCThread "G1 Refine#1" [stack: 0x00007f1a6c6a2000,0x00007f1a6c7a2000] [id=36305]
  0x00007f1a880a7800 ConcurrentGCThread "G1 Refine#2" [stack: 0x00007f1a6c5a0000,0x00007f1a6c6a0000] [id=36306]
  0x00007f1a880a9800 ConcurrentGCThread "G1 Refine#3" [stack: 0x00007f1a6c49e000,0x00007f1a6c59e000] [id=36307]
  0x00007f1a880ab000 ConcurrentGCThread "G1 Refine#4" [stack: 0x00007f1a6c39c000,0x00007f1a6c49c000] [id=36308]
  0x00007f1a880ac800 ConcurrentGCThread "G1 Refine#5" [stack: 0x00007f1a6c29a000,0x00007f1a6c39a000] [id=36309]
  0x00007f1a880ae800 ConcurrentGCThread "G1 Refine#6" [stack: 0x00007f1a6c198000,0x00007f1a6c298000] [id=36310]
  0x00007f1a880b0000 ConcurrentGCThread "G1 Refine#7" [stack: 0x00007f1a6c096000,0x00007f1a6c196000] [id=36311]
  0x00007f1a880b2000 ConcurrentGCThread "G1 Young RemSet Sampling" [stack: 0x00007f1a3df00000,0x00007f1a3e000000] [id=36312]

Threads with active compile tasks:
C2 CompilerThread02205       4       com.google.javascript.jscomp.parsing.parser.Parser::parseExponentiationExpression (81 bytes)
C2 CompilerThread12695       4       com.google.javascript.jscomp.parsing.parser.Parser::parseArguments (119 bytes)
C2 CompilerThread22168       4       com.google.javascript.jscomp.parsing.parser.Parser::parseUnaryExpression (54 bytes)

VM state:at safepoint (normal execution)

VM Mutex/Monitor currently owned by a thread:  ([mutex/lock_event])
[0x00007f1a8800e660] Threads_lock - owner thread: 0x00007f1a88139800
[0x00007f1a8800ec00] Heap_lock - owner thread: 0x00007f1a884d7800

Heap address: 0x00000000c2a00000, size: 982 MB, Compressed Oops mode: 32-bit
Narrow klass base: 0x0000000000000000, Narrow klass shift: 3
Compressed class space size: 1073741824 Address: 0x0000000100000000

Heap:
 garbage-first heap   total 549888K, used 112640K [0x00000000c2a00000, 0x0000000100000000)
  region size 1024K, 10 young (10240K), 10 survivors (10240K)
 Metaspace       used 16442K, capacity 16662K, committed 17024K, reserved 1064960K
  class space    used 1478K, capacity 1553K, committed 1664K, reserved 1048576K
Heap Regions: E=young(eden), S=young(survivor), O=old, HS=humongous(starts), HC=humongous(continues), CS=collection set, F=free, A=archive, TS=gc time stamp, AC=allocation context, TAMS=top-at-mark-start (previous, next)
|   0|0x00000000c2a00000, 0x00000000c2b00000, 0x00000000c2b00000|100%| O|  |TS  0|AC  0|TAMS 0x00000000c2b00000, 0x00000000c2b00000|
|   1|0x00000000c2b00000, 0x00000000c2c00000, 0x00000000c2c00000|100%| O|  |TS  0|AC  0|TAMS 0x00000000c2c00000, 0x00000000c2c00000|
|   2|0x00000000c2c00000, 0x00000000c2d00000, 0x00000000c2d00000|100%| O|  |TS  0|AC  0|TAMS 0x00000000c2d00000, 0x00000000c2d00000|
|   3|0x00000000c2d00000, 0x00000000c2e00000, 0x00000000c2e00000|100%| O|  |TS  0|AC  0|TAMS 0x00000000c2e00000, 0x00000000c2e00000|
|   4|0x00000000c2e00000, 0x00000000c2f00000, 0x00000000c2f00000|100%| O|  |TS  0|AC  0|TAMS 0x00000000c2f00000, 0x00000000c2f00000|
|   5|0x00000000c2f00000, 0x00000000c3000000, 0x00000000c3000000|100%| O|  |TS  0|AC  0|TAMS 0x00000000c3000000, 0x00000000c3000000|
|   6|0x00000000c3000000, 0x00000000c3100000, 0x00000000c3100000|100%| O|  |TS  0|AC  0|TAMS 0x00000000c3100000, 0x00000000c3100000|
|   7|0x00000000c3100000, 0x00000000c3200000, 0x00000000c3200000|100%| O|  |TS  0|AC  0|TAMS 0x00000000c3200000, 0x00000000c3200000|
|   8|0x00000000c3200000, 0x00000000c3300000, 0x00000000c3300000|100%| O|  |TS  0|AC  0|TAMS 0x00000000c3300000, 0x00000000c3300000|
|   9|0x00000000c3300000, 0x00000000c3400000, 0x00000000c3400000|100%| O|  |TS  0|AC  0|TAMS 0x00000000c3400000, 0x00000000c3400000|
|  10|0x00000000c3400000, 0x00000000c3500000, 0x00000000c3500000|100%| O|  |TS  0|AC  0|TAMS 0x00000000c3500000, 0x00000000c3500000|
|  11|0x00000000c3500000, 0x00000000c3600000, 0x00000000c3600000|100%| O|  |TS  0|AC  0|TAMS 0x00000000c3600000, 0x00000000c3600000|
|  12|0x00000000c3600000, 0x00000000c3700000, 0x00000000c3700000|100%| O|  |TS  0|AC  0|TAMS 0x00000000c3700000, 0x00000000c3700000|
|  13|0x00000000c3700000, 0x00000000c3800000, 0x00000000c3800000|100%| O|  |TS  0|AC  0|TAMS 0x00000000c3800000, 0x00000000c3800000|
|  14|0x00000000c3800000, 0x00000000c3900000, 0x00000000c3900000|100%| O|  |TS  0|AC  0|TAMS 0x00000000c3900000, 0x00000000c3900000|
|  15|0x00000000c3900000, 0x00000000c3a00000, 0x00000000c3a00000|100%| O|  |TS  0|AC  0|TAMS 0x00000000c3a00000, 0x00000000c3a00000|
|  16|0x00000000c3a00000, 0x00000000c3b00000, 0x00000000c3b00000|100%| O|  |TS  0|AC  0|TAMS 0x00000000c3b00000, 0x00000000c3b00000|
|  17|0x00000000c3b00000, 0x00000000c3c00000, 0x00000000c3c00000|100%|HS|  |TS  0|AC  0|TAMS 0x00000000c3c00000, 0x00000000c3c00000|
|  18|0x00000000c3c00000, 0x00000000c3d00000, 0x00000000c3d00000|100%| O|  |TS  0|AC  0|TAMS 0x00000000c3d00000, 0x00000000c3d00000|
|  19|0x00000000c3d00000, 0x00000000c3e00000, 0x00000000c3e00000|100%| O|  |TS  0|AC  0|TAMS 0x00000000c3e00000, 0x00000000c3e00000|
|  20|0x00000000c3e00000, 0x00000000c3f00000, 0x00000000c3f00000|100%| O|  |TS  0|AC  0|TAMS 0x00000000c3f00000, 0x00000000c3f00000|
|  21|0x00000000c3f00000, 0x00000000c4000000, 0x00000000c4000000|100%| O|  |TS  0|AC  0|TAMS 0x00000000c4000000, 0x00000000c4000000|
|  22|0x00000000c4000000, 0x00000000c4100000, 0x00000000c4100000|100%|HS|  |TS  0|AC  0|TAMS 0x00000000c4100000, 0x00000000c4100000|
|  23|0x00000000c4100000, 0x00000000c4200000, 0x00000000c4200000|100%| O|  |TS  0|AC  0|TAMS 0x00000000c4200000, 0x00000000c4200000|
|  24|0x00000000c4200000, 0x00000000c4300000, 0x00000000c4300000|100%| O|  |TS  0|AC  0|TAMS 0x00000000c4300000, 0x00000000c4300000|
|  25|0x00000000c4300000, 0x00000000c4400000, 0x00000000c4400000|100%| O|  |TS  0|AC  0|TAMS 0x00000000c4400000, 0x00000000c4400000|
|  26|0x00000000c4400000, 0x00000000c4500000, 0x00000000c4500000|100%| O|  |TS  0|AC  0|TAMS 0x00000000c4500000, 0x00000000c4500000|
|  27|0x00000000c4500000, 0x00000000c4600000, 0x00000000c4600000|100%| O|  |TS  0|AC  0|TAMS 0x00000000c4600000, 0x00000000c4600000|
|  28|0x00000000c4600000, 0x00000000c4700000, 0x00000000c4700000|100%| O|  |TS  0|AC  0|TAMS 0x00000000c4700000, 0x00000000c4700000|
|  29|0x00000000c4700000, 0x00000000c4800000, 0x00000000c4800000|100%| O|  |TS  0|AC  0|TAMS 0x00000000c4800000, 0x00000000c4800000|
|  30|0x00000000c4800000, 0x00000000c4900000, 0x00000000c4900000|100%| O|  |TS  0|AC  0|TAMS 0x00000000c4900000, 0x00000000c4900000|
|  31|0x00000000c4900000, 0x00000000c4a00000, 0x00000000c4a00000|100%| O|  |TS  0|AC  0|TAMS 0x00000000c4a00000, 0x00000000c4a00000|
|  32|0x00000000c4a00000, 0x00000000c4b00000, 0x00000000c4b00000|100%| O|  |TS  0|AC  0|TAMS 0x00000000c4b00000, 0x00000000c4b00000|
|  33|0x00000000c4b00000, 0x00000000c4c00000, 0x00000000c4c00000|100%| O|  |TS  0|AC  0|TAMS 0x00000000c4c00000, 0x00000000c4c00000|
|  34|0x00000000c4c00000, 0x00000000c4d00000, 0x00000000c4d00000|100%| O|  |TS  0|AC  0|TAMS 0x00000000c4d00000, 0x00000000c4d00000|
|  35|0x00000000c4d00000, 0x00000000c4e00000, 0x00000000c4e00000|100%| O|  |TS  0|AC  0|TAMS 0x00000000c4e00000, 0x00000000c4e00000|
|  36|0x00000000c4e00000, 0x00000000c4f00000, 0x00000000c4f00000|100%| O|  |TS  0|AC  0|TAMS 0x00000000c4f00000, 0x00000000c4f00000|
|  37|0x00000000c4f00000, 0x00000000c5000000, 0x00000000c5000000|100%| O|  |TS  0|AC  0|TAMS 0x00000000c5000000, 0x00000000c5000000|
|  38|0x00000000c5000000, 0x00000000c5100000, 0x00000000c5100000|100%| O|  |TS  0|AC  0|TAMS 0x00000000c5100000, 0x00000000c5100000|
|  39|0x00000000c5100000, 0x00000000c5200000, 0x00000000c5200000|100%| O|  |TS  0|AC  0|TAMS 0x00000000c5200000, 0x00000000c5200000|
|  40|0x00000000c5200000, 0x00000000c5300000, 0x00000000c5300000|100%| O|  |TS  0|AC  0|TAMS 0x00000000c5300000, 0x00000000c5300000|
|  41|0x00000000c5300000, 0x00000000c5400000, 0x00000000c5400000|100%| O|  |TS  0|AC  0|TAMS 0x00000000c5400000, 0x00000000c5400000|
|  42|0x00000000c5400000, 0x00000000c5500000, 0x00000000c5500000|100%| O|  |TS  0|AC  0|TAMS 0x00000000c5500000, 0x00000000c5500000|
|  43|0x00000000c5500000, 0x00000000c5600000, 0x00000000c5600000|100%| O|  |TS  0|AC  0|TAMS 0x00000000c5600000, 0x00000000c5600000|
|  44|0x00000000c5600000, 0x00000000c5700000, 0x00000000c5700000|100%| O|  |TS  0|AC  0|TAMS 0x00000000c5700000, 0x00000000c5700000|
|  45|0x00000000c5700000, 0x00000000c5800000, 0x00000000c5800000|100%| O|  |TS  0|AC  0|TAMS 0x00000000c5800000, 0x00000000c5800000|
|  46|0x00000000c5800000, 0x00000000c5900000, 0x00000000c5900000|100%| O|  |TS  0|AC  0|TAMS 0x00000000c5900000, 0x00000000c5900000|
|  47|0x00000000c5900000, 0x00000000c5a00000, 0x00000000c5a00000|100%| O|  |TS  0|AC  0|TAMS 0x00000000c5a00000, 0x00000000c5a00000|
|  48|0x00000000c5a00000, 0x00000000c5b00000, 0x00000000c5b00000|100%| O|  |TS  0|AC  0|TAMS 0x00000000c5b00000, 0x00000000c5b00000|
|  49|0x00000000c5b00000, 0x00000000c5c00000, 0x00000000c5c00000|100%| O|  |TS  0|AC  0|TAMS 0x00000000c5c00000, 0x00000000c5c00000|
|  50|0x00000000c5c00000, 0x00000000c5d00000, 0x00000000c5d00000|100%| O|  |TS  0|AC  0|TAMS 0x00000000c5d00000, 0x00000000c5d00000|
|  51|0x00000000c5d00000, 0x00000000c5e00000, 0x00000000c5e00000|100%| O|  |TS  0|AC  0|TAMS 0x00000000c5e00000, 0x00000000c5e00000|
|  52|0x00000000c5e00000, 0x00000000c5f00000, 0x00000000c5f00000|100%| O|  |TS  0|AC  0|TAMS 0x00000000c5f00000, 0x00000000c5f00000|
|  53|0x00000000c5f00000, 0x00000000c6000000, 0x00000000c6000000|100%| O|  |TS  0|AC  0|TAMS 0x00000000c6000000, 0x00000000c6000000|
|  54|0x00000000c6000000, 0x00000000c6100000, 0x00000000c6100000|100%| O|  |TS  0|AC  0|TAMS 0x00000000c6100000, 0x00000000c6100000|
|  55|0x00000000c6100000, 0x00000000c6200000, 0x00000000c6200000|100%| O|  |TS  0|AC  0|TAMS 0x00000000c6200000, 0x00000000c6200000|
|  56|0x00000000c6200000, 0x00000000c6300000, 0x00000000c6300000|100%| O|  |TS  0|AC  0|TAMS 0x00000000c6300000, 0x00000000c6300000|
|  57|0x00000000c6300000, 0x00000000c6400000, 0x00000000c6400000|100%| O|  |TS  0|AC  0|TAMS 0x00000000c6400000, 0x00000000c6400000|
|  58|0x00000000c6400000, 0x00000000c6500000, 0x00000000c6500000|100%| O|  |TS  3|AC  0|TAMS 0x00000000c6400000, 0x00000000c6400000|
|  59|0x00000000c6500000, 0x00000000c6600000, 0x00000000c6600000|100%| O|  |TS  1|AC  0|TAMS 0x00000000c6500000, 0x00000000c6500000|
|  60|0x00000000c6600000, 0x00000000c6700000, 0x00000000c6700000|100%| O|  |TS  2|AC  0|TAMS 0x00000000c6600000, 0x00000000c6600000|
|  61|0x00000000c6700000, 0x00000000c6800000, 0x00000000c6800000|100%| O|  |TS  2|AC  0|TAMS 0x00000000c6700000, 0x00000000c6700000|
|  62|0x00000000c6800000, 0x00000000c6900000, 0x00000000c6900000|100%| O|  |TS  2|AC  0|TAMS 0x00000000c6800000, 0x00000000c6800000|
|  63|0x00000000c6900000, 0x00000000c6a00000, 0x00000000c6a00000|100%| O|  |TS  2|AC  0|TAMS 0x00000000c6900000, 0x00000000c6900000|
|  64|0x00000000c6a00000, 0x00000000c6b00000, 0x00000000c6b00000|100%| O|  |TS  2|AC  0|TAMS 0x00000000c6a00000, 0x00000000c6a00000|
|  65|0x00000000c6b00000, 0x00000000c6c00000, 0x00000000c6c00000|100%| O|  |TS  2|AC  0|TAMS 0x00000000c6b00000, 0x00000000c6b00000|
|  66|0x00000000c6c00000, 0x00000000c6d00000, 0x00000000c6d00000|100%| O|  |TS  2|AC  0|TAMS 0x00000000c6c00000, 0x00000000c6c00000|
|  67|0x00000000c6d00000, 0x00000000c6e00000, 0x00000000c6e00000|100%| O|  |TS  2|AC  0|TAMS 0x00000000c6d00000, 0x00000000c6d00000|
|  68|0x00000000c6e00000, 0x00000000c6f00000, 0x00000000c6f00000|100%| O|  |TS  2|AC  0|TAMS 0x00000000c6e00000, 0x00000000c6e00000|
|  69|0x00000000c6f00000, 0x00000000c7000000, 0x00000000c7000000|100%| O|  |TS  2|AC  0|TAMS 0x00000000c6f00000, 0x00000000c6f00000|
|  70|0x00000000c7000000, 0x00000000c7100000, 0x00000000c7100000|100%| O|  |TS  2|AC  0|TAMS 0x00000000c7000000, 0x00000000c7000000|
|  71|0x00000000c7100000, 0x00000000c7200000, 0x00000000c7200000|100%| O|  |TS  2|AC  0|TAMS 0x00000000c7100000, 0x00000000c7100000|
|  72|0x00000000c7200000, 0x00000000c7300000, 0x00000000c7300000|100%| O|  |TS  2|AC  0|TAMS 0x00000000c7200000, 0x00000000c7200000|
|  73|0x00000000c7300000, 0x00000000c7400000, 0x00000000c7400000|100%| O|  |TS  2|AC  0|TAMS 0x00000000c7300000, 0x00000000c7300000|
|  74|0x00000000c7400000, 0x00000000c7500000, 0x00000000c7500000|100%| O|  |TS  2|AC  0|TAMS 0x00000000c7400000, 0x00000000c7400000|
|  75|0x00000000c7500000, 0x00000000c7600000, 0x00000000c7600000|100%| O|  |TS  2|AC  0|TAMS 0x00000000c7500000, 0x00000000c7500000|
|  76|0x00000000c7600000, 0x00000000c7700000, 0x00000000c7700000|100%| O|  |TS  2|AC  0|TAMS 0x00000000c7600000, 0x00000000c7600000|
|  77|0x00000000c7700000, 0x00000000c7800000, 0x00000000c7800000|100%| O|  |TS  2|AC  0|TAMS 0x00000000c7700000, 0x00000000c7700000|
|  78|0x00000000c7800000, 0x00000000c7900000, 0x00000000c7900000|100%| O|  |TS  2|AC  0|TAMS 0x00000000c7800000, 0x00000000c7800000|
|  79|0x00000000c7900000, 0x00000000c7a00000, 0x00000000c7a00000|100%| O|  |TS  2|AC  0|TAMS 0x00000000c7900000, 0x00000000c7900000|
|  80|0x00000000c7a00000, 0x00000000c7b00000, 0x00000000c7b00000|100%| O|  |TS  3|AC  0|TAMS 0x00000000c7a00000, 0x00000000c7a00000|
|  81|0x00000000c7b00000, 0x00000000c7c00000, 0x00000000c7c00000|100%| O|  |TS  3|AC  0|TAMS 0x00000000c7b00000, 0x00000000c7b00000|
|  82|0x00000000c7c00000, 0x00000000c7d00000, 0x00000000c7d00000|100%| O|  |TS  3|AC  0|TAMS 0x00000000c7c00000, 0x00000000c7c00000|
|  83|0x00000000c7d00000, 0x00000000c7e00000, 0x00000000c7e00000|100%| O|  |TS  3|AC  0|TAMS 0x00000000c7d00000, 0x00000000c7d00000|
|  84|0x00000000c7e00000, 0x00000000c7f00000, 0x00000000c7f00000|100%| O|  |TS  3|AC  0|TAMS 0x00000000c7e00000, 0x00000000c7e00000|
|  85|0x00000000c7f00000, 0x00000000c8000000, 0x00000000c8000000|100%| O|  |TS  3|AC  0|TAMS 0x00000000c7f00000, 0x00000000c7f00000|
|  86|0x00000000c8000000, 0x00000000c8100000, 0x00000000c8100000|100%| O|  |TS  3|AC  0|TAMS 0x00000000c8000000, 0x00000000c8000000|
|  87|0x00000000c8100000, 0x00000000c8200000, 0x00000000c8200000|100%| O|  |TS  3|AC  0|TAMS 0x00000000c8100000, 0x00000000c8100000|
|  88|0x00000000c8200000, 0x00000000c8300000, 0x00000000c8300000|100%| O|  |TS  3|AC  0|TAMS 0x00000000c8200000, 0x00000000c8200000|
|  89|0x00000000c8300000, 0x00000000c8400000, 0x00000000c8400000|100%| O|  |TS  4|AC  0|TAMS 0x00000000c8300000, 0x00000000c8300000|
|  90|0x00000000c8400000, 0x00000000c8400000, 0x00000000c8500000|  0%| F|  |TS  4|AC  0|TAMS 0x00000000c8400000, 0x00000000c8400000|
|  91|0x00000000c8500000, 0x00000000c8500000, 0x00000000c8600000|  0%| F|  |TS  4|AC  0|TAMS 0x00000000c8500000, 0x00000000c8500000|
|  92|0x00000000c8600000, 0x00000000c8600000, 0x00000000c8700000|  0%| F|  |TS  4|AC  0|TAMS 0x00000000c8600000, 0x00000000c8600000|
|  93|0x00000000c8700000, 0x00000000c8700000, 0x00000000c8800000|  0%| F|  |TS  4|AC  0|TAMS 0x00000000c8700000, 0x00000000c8700000|
|  94|0x00000000c8800000, 0x00000000c8800000, 0x00000000c8900000|  0%| F|  |TS  4|AC  0|TAMS 0x00000000c8800000, 0x00000000c8800000|
|  95|0x00000000c8900000, 0x00000000c8900000, 0x00000000c8a00000|  0%| F|  |TS  4|AC  0|TAMS 0x00000000c8900000, 0x00000000c8900000|
|  96|0x00000000c8a00000, 0x00000000c8b00000, 0x00000000c8b00000|100%|HS|  |TS  0|AC  0|TAMS 0x00000000c8a00000, 0x00000000c8a00000|
|  97|0x00000000c8b00000, 0x00000000c8c00000, 0x00000000c8c00000|100%|HC|  |TS  0|AC  0|TAMS 0x00000000c8b00000, 0x00000000c8b00000|
|  98|0x00000000c8c00000, 0x00000000c8d00000, 0x00000000c8d00000|100%| O|  |TS  4|AC  0|TAMS 0x00000000c8c00000, 0x00000000c8c00000|
|  99|0x00000000c8d00000, 0x00000000c8e00000, 0x00000000c8e00000|100%| O|  |TS  4|AC  0|TAMS 0x00000000c8d00000, 0x00000000c8d00000|
| 100|0x00000000c8e00000, 0x00000000c8f00000, 0x00000000c8f00000|100%| O|  |TS  4|AC  0|TAMS 0x00000000c8e00000, 0x00000000c8e00000|
| 101|0x00000000c8f00000, 0x00000000c9000000, 0x00000000c9000000|100%| O|  |TS  4|AC  0|TAMS 0x00000000c8f00000, 0x00000000c8f00000|
| 102|0x00000000c9000000, 0x00000000c9100000, 0x00000000c9100000|100%| O|  |TS  4|AC  0|TAMS 0x00000000c9000000, 0x00000000c9000000|
| 103|0x00000000c9100000, 0x00000000c9200000, 0x00000000c9200000|100%| O|  |TS  4|AC  0|TAMS 0x00000000c9100000, 0x00000000c9100000|
| 104|0x00000000c9200000, 0x00000000c9300000, 0x00000000c9300000|100%| O|  |TS  4|AC  0|TAMS 0x00000000c9200000, 0x00000000c9200000|
| 105|0x00000000c9300000, 0x00000000c9400000, 0x00000000c9400000|100%| O|  |TS  4|AC  0|TAMS 0x00000000c9300000, 0x00000000c9300000|
| 106|0x00000000c9400000, 0x00000000c9400000, 0x00000000c9500000|  0%| F|  |TS  0|AC  0|TAMS 0x00000000c9400000, 0x00000000c9400000|
| 107|0x00000000c9500000, 0x00000000c9500000, 0x00000000c9600000|  0%| F|  |TS  0|AC  0|TAMS 0x00000000c9500000, 0x00000000c9500000|
| 108|0x00000000c9600000, 0x00000000c9600000, 0x00000000c9700000|  0%| F|  |TS  0|AC  0|TAMS 0x00000000c9600000, 0x00000000c9600000|
| 109|0x00000000c9700000, 0x00000000c9700000, 0x00000000c9800000|  0%| F|  |TS  0|AC  0|TAMS 0x00000000c9700000, 0x00000000c9700000|
| 110|0x00000000c9800000, 0x00000000c9800000, 0x00000000c9900000|  0%| F|  |TS  0|AC  0|TAMS 0x00000000c9800000, 0x00000000c9800000|
| 111|0x00000000c9900000, 0x00000000c9900000, 0x00000000c9a00000|  0%| F|  |TS  0|AC  0|TAMS 0x00000000c9900000, 0x00000000c9900000|
| 112|0x00000000c9a00000, 0x00000000c9a00000, 0x00000000c9b00000|  0%| F|  |TS  0|AC  0|TAMS 0x00000000c9a00000, 0x00000000c9a00000|
| 113|0x00000000c9b00000, 0x00000000c9b00000, 0x00000000c9c00000|  0%| F|  |TS  0|AC  0|TAMS 0x00000000c9b00000, 0x00000000c9b00000|
| 114|0x00000000c9c00000, 0x00000000c9c00000, 0x00000000c9d00000|  0%| F|  |TS  0|AC  0|TAMS 0x00000000c9c00000, 0x00000000c9c00000|
| 115|0x00000000c9d00000, 0x00000000c9d00000, 0x00000000c9e00000|  0%| F|  |TS  0|AC  0|TAMS 0x00000000c9d00000, 0x00000000c9d00000|
| 116|0x00000000c9e00000, 0x00000000c9e00000, 0x00000000c9f00000|  0%| F|  |TS  0|AC  0|TAMS 0x00000000c9e00000, 0x00000000c9e00000|
| 117|0x00000000c9f00000, 0x00000000c9f00000, 0x00000000ca000000|  0%| F|  |TS  0|AC  0|TAMS 0x00000000c9f00000, 0x00000000c9f00000|
| 118|0x00000000ca000000, 0x00000000ca000000, 0x00000000ca100000|  0%| F|  |TS  0|AC  0|TAMS 0x00000000ca000000, 0x00000000ca000000|
| 119|0x00000000ca100000, 0x00000000ca100000, 0x00000000ca200000|  0%| F|  |TS  0|AC  0|TAMS 0x00000000ca100000, 0x00000000ca100000|
| 120|0x00000000ca200000, 0x00000000ca200000, 0x00000000ca300000|  0%| F|  |TS  0|AC  0|TAMS 0x00000000ca200000, 0x00000000ca200000|
| 121|0x00000000ca300000, 0x00000000ca300000, 0x00000000ca400000|  0%| F|  |TS  0|AC  0|TAMS 0x00000000ca300000, 0x00000000ca300000|
| 122|0x00000000ca400000, 0x00000000ca400000, 0x00000000ca500000|  0%| F|  |TS  0|AC  0|TAMS 0x00000000ca400000, 0x00000000ca400000|
| 123|0x00000000ca500000, 0x00000000ca500000, 0x00000000ca600000|  0%| F|  |TS  0|AC  0|TAMS 0x00000000ca500000, 0x00000000ca500000|
| 124|0x00000000ca600000, 0x00000000ca600000, 0x00000000ca700000|  0%| F|  |TS  0|AC  0|TAMS 0x00000000ca600000, 0x00000000ca600000|
| 125|0x00000000ca700000, 0x00000000ca700000, 0x00000000ca800000|  0%| F|  |TS  0|AC  0|TAMS 0x00000000ca700000, 0x00000000ca700000|
| 126|0x00000000ca800000, 0x00000000ca800000, 0x00000000ca900000|  0%| F|  |TS  0|AC  0|TAMS 0x00000000ca800000, 0x00000000ca800000|
| 127|0x00000000ca900000, 0x00000000ca900000, 0x00000000caa00000|  0%| F|  |TS  0|AC  0|TAMS 0x00000000ca900000, 0x00000000ca900000|
| 128|0x00000000caa00000, 0x00000000caa00000, 0x00000000cab00000|  0%| F|  |TS  0|AC  0|TAMS 0x00000000caa00000, 0x00000000caa00000|
| 129|0x00000000cab00000, 0x00000000cab00000, 0x00000000cac00000|  0%| F|  |TS  0|AC  0|TAMS 0x00000000cab00000, 0x00000000cab00000|
| 130|0x00000000cac00000, 0x00000000cac00000, 0x00000000cad00000|  0%| F|  |TS  0|AC  0|TAMS 0x00000000cac00000, 0x00000000cac00000|
| 131|0x00000000cad00000, 0x00000000cad00000, 0x00000000cae00000|  0%| F|  |TS  0|AC  0|TAMS 0x00000000cad00000, 0x00000000cad00000|
| 132|0x00000000cae00000, 0x00000000cae00000, 0x00000000caf00000|  0%| F|  |TS  0|AC  0|TAMS 0x00000000cae00000, 0x00000000cae00000|
| 133|0x00000000caf00000, 0x00000000caf00000, 0x00000000cb000000|  0%| F|  |TS  0|AC  0|TAMS 0x00000000caf00000, 0x00000000caf00000|
| 134|0x00000000cb000000, 0x00000000cb000000, 0x00000000cb100000|  0%| F|  |TS  0|AC  0|TAMS 0x00000000cb000000, 0x00000000cb000000|
| 135|0x00000000cb100000, 0x00000000cb100000, 0x00000000cb200000|  0%| F|  |TS  0|AC  0|TAMS 0x00000000cb100000, 0x00000000cb100000|
| 136|0x00000000cb200000, 0x00000000cb200000, 0x00000000cb300000|  0%| F|  |TS  0|AC  0|TAMS 0x00000000cb200000, 0x00000000cb200000|
| 137|0x00000000cb300000, 0x00000000cb300000, 0x00000000cb400000|  0%| F|  |TS  0|AC  0|TAMS 0x00000000cb300000, 0x00000000cb300000|
| 138|0x00000000cb400000, 0x00000000cb400000, 0x00000000cb500000|  0%| F|  |TS  0|AC  0|TAMS 0x00000000cb400000, 0x00000000cb400000|
| 139|0x00000000cb500000, 0x00000000cb500000, 0x00000000cb600000|  0%| F|  |TS  3|AC  0|TAMS 0x00000000cb500000, 0x00000000cb500000|
| 140|0x00000000cb600000, 0x00000000cb600000, 0x00000000cb700000|  0%| F|  |TS  3|AC  0|TAMS 0x00000000cb600000, 0x00000000cb600000|
| 141|0x00000000cb700000, 0x00000000cb700000, 0x00000000cb800000|  0%| F|  |TS  3|AC  0|TAMS 0x00000000cb700000, 0x00000000cb700000|
| 142|0x00000000cb800000, 0x00000000cb800000, 0x00000000cb900000|  0%| F|  |TS  3|AC  0|TAMS 0x00000000cb800000, 0x00000000cb800000|
| 143|0x00000000cb900000, 0x00000000cb900000, 0x00000000cba00000|  0%| F|  |TS  3|AC  0|TAMS 0x00000000cb900000, 0x00000000cb900000|
| 144|0x00000000cba00000, 0x00000000cba00000, 0x00000000cbb00000|  0%| F|  |TS  3|AC  0|TAMS 0x00000000cba00000, 0x00000000cba00000|
| 145|0x00000000cbb00000, 0x00000000cbb00000, 0x00000000cbc00000|  0%| F|  |TS  3|AC  0|TAMS 0x00000000cbb00000, 0x00000000cbb00000|
| 146|0x00000000cbc00000, 0x00000000cbc00000, 0x00000000cbd00000|  0%| F|  |TS  3|AC  0|TAMS 0x00000000cbc00000, 0x00000000cbc00000|
| 147|0x00000000cbd00000, 0x00000000cbd00000, 0x00000000cbe00000|  0%| F|  |TS  3|AC  0|TAMS 0x00000000cbd00000, 0x00000000cbd00000|
| 148|0x00000000cbe00000, 0x00000000cbe00000, 0x00000000cbf00000|  0%| F|  |TS  3|AC  0|TAMS 0x00000000cbe00000, 0x00000000cbe00000|
| 149|0x00000000cbf00000, 0x00000000cbf00000, 0x00000000cc000000|  0%| F|  |TS  3|AC  0|TAMS 0x00000000cbf00000, 0x00000000cbf00000|
| 150|0x00000000cc000000, 0x00000000cc100000, 0x00000000cc100000|100%| S|CS|TS  4|AC  0|TAMS 0x00000000cc000000, 0x00000000cc000000|
| 151|0x00000000cc100000, 0x00000000cc200000, 0x00000000cc200000|100%| S|CS|TS  4|AC  0|TAMS 0x00000000cc100000, 0x00000000cc100000|
| 152|0x00000000cc200000, 0x00000000cc300000, 0x00000000cc300000|100%| S|CS|TS  4|AC  0|TAMS 0x00000000cc200000, 0x00000000cc200000|
| 153|0x00000000cc300000, 0x00000000cc400000, 0x00000000cc400000|100%| S|CS|TS  4|AC  0|TAMS 0x00000000cc300000, 0x00000000cc300000|
| 154|0x00000000cc400000, 0x00000000cc500000, 0x00000000cc500000|100%| S|CS|TS  4|AC  0|TAMS 0x00000000cc400000, 0x00000000cc400000|
| 155|0x00000000cc500000, 0x00000000cc600000, 0x00000000cc600000|100%| S|CS|TS  4|AC  0|TAMS 0x00000000cc500000, 0x00000000cc500000|
| 156|0x00000000cc600000, 0x00000000cc700000, 0x00000000cc700000|100%| S|CS|TS  4|AC  0|TAMS 0x00000000cc600000, 0x00000000cc600000|
| 157|0x00000000cc700000, 0x00000000cc800000, 0x00000000cc800000|100%| S|CS|TS  4|AC  0|TAMS 0x00000000cc700000, 0x00000000cc700000|
| 158|0x00000000cc800000, 0x00000000cc900000, 0x00000000cc900000|100%| S|CS|TS  4|AC  0|TAMS 0x00000000cc800000, 0x00000000cc800000|
| 159|0x00000000cc900000, 0x00000000cca00000, 0x00000000cca00000|100%| S|CS|TS  4|AC  0|TAMS 0x00000000cc900000, 0x00000000cc900000|
| 160|0x00000000cca00000, 0x00000000cca00000, 0x00000000ccb00000|  0%| F|  |TS  4|AC  0|TAMS 0x00000000cca00000, 0x00000000cca00000|
| 161|0x00000000ccb00000, 0x00000000ccb00000, 0x00000000ccc00000|  0%| F|  |TS  4|AC  0|TAMS 0x00000000ccb00000, 0x00000000ccb00000|
| 162|0x00000000ccc00000, 0x00000000ccc00000, 0x00000000ccd00000|  0%| F|  |TS  4|AC  0|TAMS 0x00000000ccc00000, 0x00000000ccc00000|
| 163|0x00000000ccd00000, 0x00000000ccd00000, 0x00000000cce00000|  0%| F|  |TS  4|AC  0|TAMS 0x00000000ccd00000, 0x00000000ccd00000|
| 164|0x00000000cce00000, 0x00000000cce00000, 0x00000000ccf00000|  0%| F|  |TS  4|AC  0|TAMS 0x00000000cce00000, 0x00000000cce00000|
| 165|0x00000000ccf00000, 0x00000000ccf00000, 0x00000000cd000000|  0%| F|  |TS  4|AC  0|TAMS 0x00000000ccf00000, 0x00000000ccf00000|
| 166|0x00000000cd000000, 0x00000000cd000000, 0x00000000cd100000|  0%| F|  |TS  4|AC  0|TAMS 0x00000000cd000000, 0x00000000cd000000|
| 167|0x00000000cd100000, 0x00000000cd100000, 0x00000000cd200000|  0%| F|  |TS  4|AC  0|TAMS 0x00000000cd100000, 0x00000000cd100000|
| 168|0x00000000cd200000, 0x00000000cd200000, 0x00000000cd300000|  0%| F|  |TS  4|AC  0|TAMS 0x00000000cd200000, 0x00000000cd200000|
| 169|0x00000000cd300000, 0x00000000cd300000, 0x00000000cd400000|  0%| F|  |TS  4|AC  0|TAMS 0x00000000cd300000, 0x00000000cd300000|
| 170|0x00000000cd400000, 0x00000000cd400000, 0x00000000cd500000|  0%| F|  |TS  4|AC  0|TAMS 0x00000000cd400000, 0x00000000cd400000|
| 171|0x00000000cd500000, 0x00000000cd500000, 0x00000000cd600000|  0%| F|  |TS  4|AC  0|TAMS 0x00000000cd500000, 0x00000000cd500000|
| 172|0x00000000cd600000, 0x00000000cd600000, 0x00000000cd700000|  0%| F|  |TS  4|AC  0|TAMS 0x00000000cd600000, 0x00000000cd600000|
| 173|0x00000000cd700000, 0x00000000cd700000, 0x00000000cd800000|  0%| F|  |TS  4|AC  0|TAMS 0x00000000cd700000, 0x00000000cd700000|
| 174|0x00000000cd800000, 0x00000000cd800000, 0x00000000cd900000|  0%| F|  |TS  4|AC  0|TAMS 0x00000000cd800000, 0x00000000cd800000|
| 175|0x00000000cd900000, 0x00000000cd900000, 0x00000000cda00000|  0%| F|  |TS  4|AC  0|TAMS 0x00000000cd900000, 0x00000000cd900000|
| 176|0x00000000cda00000, 0x00000000cda00000, 0x00000000cdb00000|  0%| F|  |TS  4|AC  0|TAMS 0x00000000cda00000, 0x00000000cda00000|
| 177|0x00000000cdb00000, 0x00000000cdb00000, 0x00000000cdc00000|  0%| F|  |TS  4|AC  0|TAMS 0x00000000cdb00000, 0x00000000cdb00000|
| 178|0x00000000cdc00000, 0x00000000cdc00000, 0x00000000cdd00000|  0%| F|  |TS  4|AC  0|TAMS 0x00000000cdc00000, 0x00000000cdc00000|
| 179|0x00000000cdd00000, 0x00000000cdd00000, 0x00000000cde00000|  0%| F|  |TS  4|AC  0|TAMS 0x00000000cdd00000, 0x00000000cdd00000|
| 180|0x00000000cde00000, 0x00000000cde00000, 0x00000000cdf00000|  0%| F|  |TS  4|AC  0|TAMS 0x00000000cde00000, 0x00000000cde00000|
| 181|0x00000000cdf00000, 0x00000000cdf00000, 0x00000000ce000000|  0%| F|  |TS  4|AC  0|TAMS 0x00000000cdf00000, 0x00000000cdf00000|
| 182|0x00000000ce000000, 0x00000000ce000000, 0x00000000ce100000|  0%| F|  |TS  4|AC  0|TAMS 0x00000000ce000000, 0x00000000ce000000|
| 183|0x00000000ce100000, 0x00000000ce100000, 0x00000000ce200000|  0%| F|  |TS  4|AC  0|TAMS 0x00000000ce100000, 0x00000000ce100000|
| 184|0x00000000ce200000, 0x00000000ce200000, 0x00000000ce300000|  0%| F|  |TS  4|AC  0|TAMS 0x00000000ce200000, 0x00000000ce200000|
| 185|0x00000000ce300000, 0x00000000ce300000, 0x00000000ce400000|  0%| F|  |TS  4|AC  0|TAMS 0x00000000ce300000, 0x00000000ce300000|
| 186|0x00000000ce400000, 0x00000000ce400000, 0x00000000ce500000|  0%| F|  |TS  4|AC  0|TAMS 0x00000000ce400000, 0x00000000ce400000|
| 187|0x00000000ce500000, 0x00000000ce500000, 0x00000000ce600000|  0%| F|  |TS  4|AC  0|TAMS 0x00000000ce500000, 0x00000000ce500000|
| 188|0x00000000ce600000, 0x00000000ce600000, 0x00000000ce700000|  0%| F|  |TS  4|AC  0|TAMS 0x00000000ce600000, 0x00000000ce600000|
| 189|0x00000000ce700000, 0x00000000ce700000, 0x00000000ce800000|  0%| F|  |TS  4|AC  0|TAMS 0x00000000ce700000, 0x00000000ce700000|
| 190|0x00000000ce800000, 0x00000000ce800000, 0x00000000ce900000|  0%| F|  |TS  4|AC  0|TAMS 0x00000000ce800000, 0x00000000ce800000|
| 191|0x00000000ce900000, 0x00000000ce900000, 0x00000000cea00000|  0%| F|  |TS  4|AC  0|TAMS 0x00000000ce900000, 0x00000000ce900000|
| 192|0x00000000cea00000, 0x00000000cea00000, 0x00000000ceb00000|  0%| F|  |TS  4|AC  0|TAMS 0x00000000cea00000, 0x00000000cea00000|
| 193|0x00000000ceb00000, 0x00000000ceb00000, 0x00000000cec00000|  0%| F|  |TS  4|AC  0|TAMS 0x00000000ceb00000, 0x00000000ceb00000|
| 194|0x00000000cec00000, 0x00000000cec00000, 0x00000000ced00000|  0%| F|  |TS  4|AC  0|TAMS 0x00000000cec00000, 0x00000000cec00000|
| 195|0x00000000ced00000, 0x00000000ced00000, 0x00000000cee00000|  0%| F|  |TS  4|AC  0|TAMS 0x00000000ced00000, 0x00000000ced00000|
| 196|0x00000000cee00000, 0x00000000cee00000, 0x00000000cef00000|  0%| F|  |TS  4|AC  0|TAMS 0x00000000cee00000, 0x00000000cee00000|
| 197|0x00000000cef00000, 0x00000000cef00000, 0x00000000cf000000|  0%| F|  |TS  4|AC  0|TAMS 0x00000000cef00000, 0x00000000cef00000|
| 198|0x00000000cf000000, 0x00000000cf000000, 0x00000000cf100000|  0%| F|  |TS  4|AC  0|TAMS 0x00000000cf000000, 0x00000000cf000000|
| 199|0x00000000cf100000, 0x00000000cf100000, 0x00000000cf200000|  0%| F|  |TS  4|AC  0|TAMS 0x00000000cf100000, 0x00000000cf100000|
| 200|0x00000000cf200000, 0x00000000cf200000, 0x00000000cf300000|  0%| F|  |TS  4|AC  0|TAMS 0x00000000cf200000, 0x00000000cf200000|
| 201|0x00000000cf300000, 0x00000000cf300000, 0x00000000cf400000|  0%| F|  |TS  4|AC  0|TAMS 0x00000000cf300000, 0x00000000cf300000|
| 202|0x00000000cf400000, 0x00000000cf400000, 0x00000000cf500000|  0%| F|  |TS  4|AC  0|TAMS 0x00000000cf400000, 0x00000000cf400000|
| 203|0x00000000cf500000, 0x00000000cf500000, 0x00000000cf600000|  0%| F|  |TS  4|AC  0|TAMS 0x00000000cf500000, 0x00000000cf500000|
| 204|0x00000000cf600000, 0x00000000cf600000, 0x00000000cf700000|  0%| F|  |TS  4|AC  0|TAMS 0x00000000cf600000, 0x00000000cf600000|
| 205|0x00000000cf700000, 0x00000000cf700000, 0x00000000cf800000|  0%| F|  |TS  4|AC  0|TAMS 0x00000000cf700000, 0x00000000cf700000|
| 206|0x00000000cf800000, 0x00000000cf800000, 0x00000000cf900000|  0%| F|  |TS  4|AC  0|TAMS 0x00000000cf800000, 0x00000000cf800000|
| 207|0x00000000cf900000, 0x00000000cf900000, 0x00000000cfa00000|  0%| F|  |TS  4|AC  0|TAMS 0x00000000cf900000, 0x00000000cf900000|
| 208|0x00000000cfa00000, 0x00000000cfa00000, 0x00000000cfb00000|  0%| F|  |TS  4|AC  0|TAMS 0x00000000cfa00000, 0x00000000cfa00000|
| 209|0x00000000cfb00000, 0x00000000cfb00000, 0x00000000cfc00000|  0%| F|  |TS  4|AC  0|TAMS 0x00000000cfb00000, 0x00000000cfb00000|
| 210|0x00000000cfc00000, 0x00000000cfc00000, 0x00000000cfd00000|  0%| F|  |TS  4|AC  0|TAMS 0x00000000cfc00000, 0x00000000cfc00000|
| 211|0x00000000cfd00000, 0x00000000cfd00000, 0x00000000cfe00000|  0%| F|  |TS  4|AC  0|TAMS 0x00000000cfd00000, 0x00000000cfd00000|
| 212|0x00000000cfe00000, 0x00000000cfe00000, 0x00000000cff00000|  0%| F|  |TS  4|AC  0|TAMS 0x00000000cfe00000, 0x00000000cfe00000|
| 213|0x00000000cff00000, 0x00000000cff00000, 0x00000000d0000000|  0%| F|  |TS  4|AC  0|TAMS 0x00000000cff00000, 0x00000000cff00000|
| 214|0x00000000d0000000, 0x00000000d0000000, 0x00000000d0100000|  0%| F|  |TS  4|AC  0|TAMS 0x00000000d0000000, 0x00000000d0000000|
| 215|0x00000000d0100000, 0x00000000d0100000, 0x00000000d0200000|  0%| F|  |TS  4|AC  0|TAMS 0x00000000d0100000, 0x00000000d0100000|
| 216|0x00000000d0200000, 0x00000000d0200000, 0x00000000d0300000|  0%| F|  |TS  4|AC  0|TAMS 0x00000000d0200000, 0x00000000d0200000|
| 217|0x00000000d0300000, 0x00000000d0300000, 0x00000000d0400000|  0%| F|  |TS  4|AC  0|TAMS 0x00000000d0300000, 0x00000000d0300000|
| 218|0x00000000d0400000, 0x00000000d0400000, 0x00000000d0500000|  0%| F|  |TS  4|AC  0|TAMS 0x00000000d0400000, 0x00000000d0400000|
| 219|0x00000000d0500000, 0x00000000d0500000, 0x00000000d0600000|  0%| F|  |TS  4|AC  0|TAMS 0x00000000d0500000, 0x00000000d0500000|
| 220|0x00000000d0600000, 0x00000000d0600000, 0x00000000d0700000|  0%| F|  |TS  4|AC  0|TAMS 0x00000000d0600000, 0x00000000d0600000|
| 221|0x00000000d0700000, 0x00000000d0700000, 0x00000000d0800000|  0%| F|  |TS  4|AC  0|TAMS 0x00000000d0700000, 0x00000000d0700000|
| 222|0x00000000d0800000, 0x00000000d0800000, 0x00000000d0900000|  0%| F|  |TS  4|AC  0|TAMS 0x00000000d0800000, 0x00000000d0800000|
| 223|0x00000000d0900000, 0x00000000d0900000, 0x00000000d0a00000|  0%| F|  |TS  4|AC  0|TAMS 0x00000000d0900000, 0x00000000d0900000|
| 224|0x00000000d0a00000, 0x00000000d0a00000, 0x00000000d0b00000|  0%| F|  |TS  4|AC  0|TAMS 0x00000000d0a00000, 0x00000000d0a00000|
| 225|0x00000000d0b00000, 0x00000000d0b00000, 0x00000000d0c00000|  0%| F|  |TS  4|AC  0|TAMS 0x00000000d0b00000, 0x00000000d0b00000|
| 226|0x00000000d0c00000, 0x00000000d0c00000, 0x00000000d0d00000|  0%| F|  |TS  4|AC  0|TAMS 0x00000000d0c00000, 0x00000000d0c00000|
| 227|0x00000000d0d00000, 0x00000000d0d00000, 0x00000000d0e00000|  0%| F|  |TS  4|AC  0|TAMS 0x00000000d0d00000, 0x00000000d0d00000|
| 228|0x00000000d0e00000, 0x00000000d0e00000, 0x00000000d0f00000|  0%| F|  |TS  4|AC  0|TAMS 0x00000000d0e00000, 0x00000000d0e00000|
| 229|0x00000000d0f00000, 0x00000000d0f00000, 0x00000000d1000000|  0%| F|  |TS  4|AC  0|TAMS 0x00000000d0f00000, 0x00000000d0f00000|
| 230|0x00000000d1000000, 0x00000000d1000000, 0x00000000d1100000|  0%| F|  |TS  4|AC  0|TAMS 0x00000000d1000000, 0x00000000d1000000|
| 231|0x00000000d1100000, 0x00000000d1100000, 0x00000000d1200000|  0%| F|  |TS  4|AC  0|TAMS 0x00000000d1100000, 0x00000000d1100000|
| 232|0x00000000d1200000, 0x00000000d1200000, 0x00000000d1300000|  0%| F|  |TS  4|AC  0|TAMS 0x00000000d1200000, 0x00000000d1200000|
| 233|0x00000000d1300000, 0x00000000d1300000, 0x00000000d1400000|  0%| F|  |TS  4|AC  0|TAMS 0x00000000d1300000, 0x00000000d1300000|
| 234|0x00000000d1400000, 0x00000000d1400000, 0x00000000d1500000|  0%| F|  |TS  4|AC  0|TAMS 0x00000000d1400000, 0x00000000d1400000|
| 235|0x00000000d1500000, 0x00000000d1500000, 0x00000000d1600000|  0%| F|  |TS  4|AC  0|TAMS 0x00000000d1500000, 0x00000000d1500000|
| 236|0x00000000d1600000, 0x00000000d1600000, 0x00000000d1700000|  0%| F|  |TS  4|AC  0|TAMS 0x00000000d1600000, 0x00000000d1600000|
| 237|0x00000000d1700000, 0x00000000d1700000, 0x00000000d1800000|  0%| F|  |TS  4|AC  0|TAMS 0x00000000d1700000, 0x00000000d1700000|
| 238|0x00000000d1800000, 0x00000000d1800000, 0x00000000d1900000|  0%| F|  |TS  4|AC  0|TAMS 0x00000000d1800000, 0x00000000d1800000|
| 239|0x00000000d1900000, 0x00000000d1900000, 0x00000000d1a00000|  0%| F|  |TS  4|AC  0|TAMS 0x00000000d1900000, 0x00000000d1900000|

Card table byte_map: [0x00007f1a6f44d000,0x00007f1a6f638000] byte_map_base: 0x00007f1a6ee38000

Marking Bits (Prev, Next): (CMBitMap*) 0x00007f1a8806bed8, (CMBitMap*) 0x00007f1a8806bea0
 Prev Bits: [0x00007f1a6d3b2000, 0x00007f1a6e30a000)
 Next Bits: [0x00007f1a6e30a000, 0x00007f1a6f262000)

Polling page: 0x00007f1a90c1e000

CodeHeap 'non-profiled nmethods': size=120032Kb used=2430Kb max_used=2430Kb free=117601Kb
 bounds [0x00007f1a775ee000, 0x00007f1a7785e000, 0x00007f1a7eb26000]
CodeHeap 'profiled nmethods': size=120028Kb used=7077Kb max_used=7077Kb free=112950Kb
 bounds [0x00007f1a700b7000, 0x00007f1a707a7000, 0x00007f1a775ee000]
CodeHeap 'non-nmethods': size=5700Kb used=1070Kb max_used=1163Kb free=4630Kb
 bounds [0x00007f1a6fb26000, 0x00007f1a6fd96000, 0x00007f1a700b7000]
 total_blobs=3715 nmethods=2612 adapters=297
 compilation: enabled

Compilation events (10 events):
Event: 8.163 Thread 0x00007f1a8815d000 nmethod 2316 0x00007f1a77833990 code [0x00007f1a77834240, 0x00007f1a7783bed0]
Event: 8.163 Thread 0x00007f1a8815d000 2547       4       com.google.javascript.jscomp.parsing.parser.Parser::peekAwaitExpression (8 bytes)
Event: 8.170 Thread 0x00007f1a8815d000 nmethod 2547 0x00007f1a77841110 code [0x00007f1a778412c0, 0x00007f1a77841348]
Event: 8.170 Thread 0x00007f1a8815d000 1843       4       com.google.common.base.Preconditions::checkState (13 bytes)
Event: 8.171 Thread 0x00007f1a8815d000 nmethod 1843 0x00007f1a77841410 code [0x00007f1a778415a0, 0x00007f1a778415f8]
Event: 8.171 Thread 0x00007f1a8815d000 1789       4       com.google.javascript.rhino.Node::removeProp (45 bytes)
Event: 8.177 Thread 0x00007f1a8815d000 nmethod 1789 0x00007f1a77841690 code [0x00007f1a77841840, 0x00007f1a77841ca8]
Event: 8.177 Thread 0x00007f1a8815d000 2168       4       com.google.javascript.jscomp.parsing.parser.Parser::parseUnaryExpression (54 bytes)
Event: 8.242 Thread 0x00007f1a88159000 nmethod 2196 0x00007f1a77841e10 code [0x00007f1a77842600, 0x00007f1a77849250]
Event: 8.242 Thread 0x00007f1a88159000 2205       4       com.google.javascript.jscomp.parsing.parser.Parser::parseExponentiationExpression (81 bytes)

GC Heap History (10 events):
Event: 5.484 GC heap after
{Heap after GC invocations=17 (full 0):
 garbage-first heap   total 122880K, used 60416K [0x00000000c2a00000, 0x0000000100000000)
  region size 1024K, 1 young (1024K), 1 survivors (1024K)
 Metaspace       used 16399K, capacity 16598K, committed 17024K, reserved 1064960K
  class space    used 1478K, capacity 1553K, committed 1664K, reserved 1048576K
}
Event: 5.585 GC heap before
{Heap before GC invocations=18 (full 0):
 garbage-first heap   total 122880K, used 75776K [0x00000000c2a00000, 0x0000000100000000)
  region size 1024K, 16 young (16384K), 1 survivors (1024K)
 Metaspace       used 16399K, capacity 16598K, committed 17024K, reserved 1064960K
  class space    used 1478K, capacity 1553K, committed 1664K, reserved 1048576K
}
Event: 5.596 GC heap after
{Heap after GC invocations=19 (full 0):
 garbage-first heap   total 245760K, used 62412K [0x00000000c2a00000, 0x0000000100000000)
  region size 1024K, 3 young (3072K), 3 survivors (3072K)
 Metaspace       used 16399K, capacity 16598K, committed 17024K, reserved 1064960K
  class space    used 1478K, capacity 1553K, committed 1664K, reserved 1048576K
}
Event: 6.293 GC heap before
{Heap before GC invocations=20 (full 0):
 garbage-first heap   total 245760K, used 136140K [0x00000000c2a00000, 0x0000000100000000)
  region size 1024K, 74 young (75776K), 3 survivors (3072K)
 Metaspace       used 16404K, capacity 16598K, committed 17024K, reserved 1064960K
  class space    used 1478K, capacity 1553K, committed 1664K, reserved 1048576K
}
Event: 6.328 GC heap after
{Heap after GC invocations=21 (full 0):
 garbage-first heap   total 245760K, used 71530K [0x00000000c2a00000, 0x0000000100000000)
  region size 1024K, 10 young (10240K), 10 survivors (10240K)
 Metaspace       used 16404K, capacity 16598K, committed 17024K, reserved 1064960K
  class space    used 1478K, capacity 1553K, committed 1664K, reserved 1048576K
}
Event: 6.870 GC heap before
{Heap before GC invocations=21 (full 0):
 garbage-first heap   total 245760K, used 153450K [0x00000000c2a00000, 0x0000000100000000)
  region size 1024K, 89 young (91136K), 10 survivors (10240K)
 Metaspace       used 16415K, capacity 16598K, committed 17024K, reserved 1064960K
  class space    used 1478K, capacity 1553K, committed 1664K, reserved 1048576K
}
Event: 7.415 GC heap after
{Heap after GC invocations=22 (full 0):
 garbage-first heap   total 245760K, used 93528K [0x00000000c2a00000, 0x0000000100000000)
  region size 1024K, 12 young (12288K), 12 survivors (12288K)
 Metaspace       used 16415K, capacity 16598K, committed 17024K, reserved 1064960K
  class space    used 1478K, capacity 1553K, committed 1664K, reserved 1048576K
}
Event: 7.699 GC heap before
{Heap before GC invocations=22 (full 0):
 garbage-first heap   total 245760K, used 125272K [0x00000000c2a00000, 0x0000000100000000)
  region size 1024K, 43 young (44032K), 12 survivors (12288K)
 Metaspace       used 16437K, capacity 16598K, committed 17024K, reserved 1064960K
  class space    used 1478K, capacity 1553K, committed 1664K, reserved 1048576K
}
Event: 7.730 GC heap after
{Heap after GC invocations=23 (full 0):
 garbage-first heap   total 245760K, used 97939K [0x00000000c2a00000, 0x0000000100000000)
  region size 1024K, 6 young (6144K), 6 survivors (6144K)
 Metaspace       used 16437K, capacity 16598K, committed 17024K, reserved 1064960K
  class space    used 1478K, capacity 1553K, committed 1664K, reserved 1048576K
}
Event: 8.540 GC heap before
{Heap before GC invocations=23 (full 0):
 garbage-first heap   total 245760K, used 181907K [0x00000000c2a00000, 0x0000000100000000)
  region size 1024K, 80 young (81920K), 6 survivors (6144K)
 Metaspace       used 16442K, capacity 16662K, committed 17024K, reserved 1064960K
  class space    used 1478K, capacity 1553K, committed 1664K, reserved 1048576K
}

Deoptimization events (10 events):
Event: 3.602 Thread 0x00007f1a884d7800 Uncommon trap: reason=unstable_if action=reinterpret pc=0x00007f1a776a213c method=java.util.regex.Pattern$BmpCharProperty.match(Ljava/util/regex/Matcher;ILjava/lang/CharSequence;)Z @ 39 c2
Event: 3.602 Thread 0x00007f1a884d7800 Uncommon trap: reason=unstable_if action=reinterpret pc=0x00007f1a776a3cac method=java.util.regex.Pattern$BmpCharProperty.match(Ljava/util/regex/Matcher;ILjava/lang/CharSequence;)Z @ 39 c2
Event: 3.617 Thread 0x00007f1a884d7800 Uncommon trap: reason=unstable_if action=reinterpret pc=0x00007f1a776c66e8 method=com.google.javascript.rhino.Node.mergeLineCharNo(II)I @ 15 c2
Event: 3.674 Thread 0x00007f1a884d7800 Uncommon trap: reason=unstable_if action=reinterpret pc=0x00007f1a77698e58 method=com.google.javascript.jscomp.parsing.parser.LineNumberTable.computeLineStartOffsets(Ljava/lang/String;)[I @ 53 c2
Event: 3.675 Thread 0x00007f1a884d7800 Uncommon trap: reason=unstable_if action=reinterpret pc=0x00007f1a77696328 method=com.google.javascript.jscomp.parsing.parser.LineNumberTable.computeLineStartOffsets(Ljava/lang/String;)[I @ 53 c2
Event: 3.688 Thread 0x00007f1a884d7800 Uncommon trap: reason=unstable_if action=reinterpret pc=0x00007f1a777133dc method=com.google.javascript.jscomp.parsing.parser.Scanner.skipMultiLineComment()V @ 114 c2
Event: 3.758 Thread 0x00007f1a884d7800 Uncommon trap: reason=unstable_if action=reinterpret pc=0x00007f1a776d7e48 method=com.google.javascript.rhino.Node.isCatch()Z @ 7 c2
Event: 3.787 Thread 0x00007f1a884d7800 Uncommon trap: reason=unstable_if action=reinterpret pc=0x00007f1a776e5f4c method=com.google.javascript.jscomp.parsing.parser.Scanner.scanToken()Lcom/google/javascript/jscomp/parsing/parser/Token; @ 481 c2
Event: 4.039 Thread 0x00007f1a884d7800 Uncommon trap: reason=unstable_if action=reinterpret pc=0x00007f1a7770dd78 method=com.google.javascript.jscomp.parsing.parser.Scanner.isIdentifierPart(C)Z @ 91 c2
Event: 4.373 Thread 0x00007f1a884d7800 Uncommon trap: reason=unstable_if action=reinterpret pc=0x00007f1a77669730 method=java.lang.AbstractStringBuilder.isLatin1()Z @ 10 c2

Classes redefined (0 events):
No events

Internal exceptions (10 events):
Event: 1.806 Thread 0x00007f1a88012000 Exception <a 'java/lang/NoSuchMethodError'{0x00000000c65c3320}: java.lang.invoke.DirectMethodHandle$Holder.invokeSpecial(Ljava/lang/Object;Ljava/lang/Object;Ljava/lang/Object;Ljava/lang/Object;Ljava/lang/Object;Ljava/lang/Object;Ljava/lang/Object;Ljava/la
Event: 1.807 Thread 0x00007f1a88012000 Exception <a 'java/lang/NoSuchMethodError'{0x00000000c65c7a20}: java.lang.invoke.Invokers$Holder.invoke_MT(Ljava/lang/Object;Ljava/lang/Object;Ljava/lang/Object;Ljava/lang/Object;Ljava/lang/Object;Ljava/lang/Object;Ljava/lang/Object;Ljava/lang/Object;Ljav
Event: 1.809 Thread 0x00007f1a88012000 Exception <a 'java/lang/NoSuchMethodError'{0x00000000c65d3b18}: java.lang.invoke.DirectMethodHandle$Holder.invokeSpecial(Ljava/lang/Object;Ljava/lang/Object;Ljava/lang/Object;)I> (0x00000000c65d3b18) thrown at [/build/openjdk-lts-xioZJb/openjdk-lts-10.0.2
Event: 1.810 Thread 0x00007f1a88012000 Exception <a 'java/lang/NoSuchMethodError'{0x00000000c65d9720}: method resolution failed> (0x00000000c65d9720) thrown at [/build/openjdk-lts-xioZJb/openjdk-lts-10.0.2+13/src/hotspot/share/prims/methodHandles.cpp, line 1226]
Event: 1.810 Thread 0x00007f1a88012000 Exception <a 'java/lang/NoSuchMethodError'{0x00000000c65dcab8}: java.lang.Object.lambda$thenComparing$36697e65$1(Ljava/util/Comparator;Ljava/lang/Object;Ljava/lang/Object;)I> (0x00000000c65dcab8) thrown at [/build/openjdk-lts-xioZJb/openjdk-lts-10.0.2+13/
Event: 1.924 Thread 0x00007f1a88012000 Exception <a 'java/lang/NoSuchMethodError'{0x00000000c6176418}: java.lang.invoke.DirectMethodHandle$Holder.invokeStaticInit(Ljava/lang/Object;Ljava/lang/Object;)I> (0x00000000c6176418) thrown at [/build/openjdk-lts-xioZJb/openjdk-lts-10.0.2+13/src/hotspot
Event: 2.054 Thread 0x00007f1a884d7800 Implicit null exception at 0x00007f1a776278da to 0x00007f1a776279d2
Event: 2.059 Thread 0x00007f1a884d7800 Implicit null exception at 0x00007f1a7762746e to 0x00007f1a77627556
Event: 3.029 Thread 0x00007f1a884d7800 Implicit null exception at 0x00007f1a7762ecb7 to 0x00007f1a7762f132
Event: 3.030 Thread 0x00007f1a884d7800 Implicit null exception at 0x00007f1a7762e5b1 to 0x00007f1a7762e772

Events (10 events):
Event: 7.437 Executing VM operation: G1IncCollectionPause done
Event: 7.688 Executing VM operation: G1IncCollectionPause
Event: 7.730 Executing VM operation: G1IncCollectionPause done
Event: 8.084 Thread 0x00007f1a884d7800 DEOPT PACKING pc=0x00007f1a7059bf43 sp=0x00007f19e75d1ae0
Event: 8.089 Thread 0x00007f1a884d7800 DEOPT UNPACKING pc=0x00007f1a6fb4ddba sp=0x00007f19e75d0ff8 mode 0
Event: 8.260 Thread 0x00007f1a884d7800 DEOPT PACKING pc=0x00007f1a7059bf43 sp=0x00007f19e75d03c0
Event: 8.260 Thread 0x00007f1a884d7800 DEOPT UNPACKING pc=0x00007f1a6fb4ddba sp=0x00007f19e75cf8d8 mode 0
Event: 8.262 Thread 0x00007f1a884d7800 DEOPT PACKING pc=0x00007f1a7059bf43 sp=0x00007f19e75d03c0
Event: 8.262 Thread 0x00007f1a884d7800 DEOPT UNPACKING pc=0x00007f1a6fb4ddba sp=0x00007f19e75cf8d8 mode 0
Event: 8.279 Executing VM operation: G1IncCollectionPause


Dynamic libraries:
c2a00000-d1a00000 rw-p 00000000 00:00 0 
e4300000-100000000 ---p 00000000 00:00 0 
100000000-1001a0000 rw-p 00000000 00:00 0 
1001a0000-140000000 ---p 00000000 00:00 0 
56275a5e8000-56275a5e9000 r-xp 00000000 08:01 930679                     /usr/lib/jvm/java-11-openjdk-amd64/bin/java
56275a7e9000-56275a7ea000 r--p 00001000 08:01 930679                     /usr/lib/jvm/java-11-openjdk-amd64/bin/java
56275a7ea000-56275a7eb000 rw-p 00002000 08:01 930679                     /usr/lib/jvm/java-11-openjdk-amd64/bin/java
56275c58f000-56275c5b0000 rw-p 00000000 00:00 0                          [heap]
7f19dc000000-7f19dc218000 rw-p 00000000 00:00 0 
7f19dc218000-7f19e0000000 ---p 00000000 00:00 0 
7f19e33d5000-7f19e34d5000 rw-p 00000000 00:00 0 
7f19e34d5000-7f19e35d5000 ---p 00000000 00:00 0 
7f19e35d5000-7f19e35d9000 ---p 00000000 00:00 0 
7f19e35d9000-7f19e77d6000 rw-p 00000000 00:00 0 
7f19e77d6000-7f19e79d6000 rw-p 00000000 00:00 0 
7f19e79d6000-7f19e7bd6000 rw-p 00000000 00:00 0 
7f19e7bd6000-7f19e7bed000 r-xp 00000000 08:01 948617                     /usr/lib/jvm/java-11-openjdk-amd64/lib/libnet.so
7f19e7bed000-7f19e7dec000 ---p 00017000 08:01 948617                     /usr/lib/jvm/java-11-openjdk-amd64/lib/libnet.so
7f19e7dec000-7f19e7ded000 r--p 00016000 08:01 948617                     /usr/lib/jvm/java-11-openjdk-amd64/lib/libnet.so
7f19e7ded000-7f19e7dee000 rw-p 00017000 08:01 948617                     /usr/lib/jvm/java-11-openjdk-amd64/lib/libnet.so
7f19e7dee000-7f19e7dff000 r-xp 00000000 08:01 948618                     /usr/lib/jvm/java-11-openjdk-amd64/lib/libnio.so
7f19e7dff000-7f19e7ffe000 ---p 00011000 08:01 948618                     /usr/lib/jvm/java-11-openjdk-amd64/lib/libnio.so
7f19e7ffe000-7f19e7fff000 r--p 00010000 08:01 948618                     /usr/lib/jvm/java-11-openjdk-amd64/lib/libnio.so
7f19e7fff000-7f19e8000000 rw-p 00011000 08:01 948618                     /usr/lib/jvm/java-11-openjdk-amd64/lib/libnio.so
7f19e8000000-7f19e8021000 rw-p 00000000 00:00 0 
7f19e8021000-7f19ec000000 ---p 00000000 00:00 0 
7f19ec000000-7f19ec021000 rw-p 00000000 00:00 0 
7f19ec021000-7f19f0000000 ---p 00000000 00:00 0 
7f19f0000000-7f19f0021000 rw-p 00000000 00:00 0 
7f19f0021000-7f19f4000000 ---p 00000000 00:00 0 
7f19f4000000-7f19f4021000 rw-p 00000000 00:00 0 
7f19f4021000-7f19f8000000 ---p 00000000 00:00 0 
7f19f8000000-7f19f9acd000 rw-p 00000000 00:00 0 
7f19f9acd000-7f19fc000000 ---p 00000000 00:00 0 
7f19fc000000-7f19fd37c000 rw-p 00000000 00:00 0 
7f19fd37c000-7f1a00000000 ---p 00000000 00:00 0 
7f1a00000000-7f1a01bc4000 rw-p 00000000 00:00 0 
7f1a01bc4000-7f1a04000000 ---p 00000000 00:00 0 
7f1a04000000-7f1a064fe000 rw-p 00000000 00:00 0 
7f1a064fe000-7f1a08000000 ---p 00000000 00:00 0 
7f1a08000000-7f1a08021000 rw-p 00000000 00:00 0 
7f1a08021000-7f1a0c000000 ---p 00000000 00:00 0 
7f1a0c000000-7f1a0c021000 rw-p 00000000 00:00 0 
7f1a0c021000-7f1a10000000 ---p 00000000 00:00 0 
7f1a10000000-7f1a1009c000 rw-p 00000000 00:00 0 
7f1a1009c000-7f1a14000000 ---p 00000000 00:00 0 
7f1a14000000-7f1a14021000 rw-p 00000000 00:00 0 
7f1a14021000-7f1a18000000 ---p 00000000 00:00 0 
7f1a18000000-7f1a18021000 rw-p 00000000 00:00 0 
7f1a18021000-7f1a1c000000 ---p 00000000 00:00 0 
7f1a1c000000-7f1a1c021000 rw-p 00000000 00:00 0 
7f1a1c021000-7f1a20000000 ---p 00000000 00:00 0 
7f1a20000000-7f1a20021000 rw-p 00000000 00:00 0 
7f1a20021000-7f1a24000000 ---p 00000000 00:00 0 
7f1a24000000-7f1a24021000 rw-p 00000000 00:00 0 
7f1a24021000-7f1a28000000 ---p 00000000 00:00 0 
7f1a28000000-7f1a28021000 rw-p 00000000 00:00 0 
7f1a28021000-7f1a2c000000 ---p 00000000 00:00 0 
7f1a2c000000-7f1a2c021000 rw-p 00000000 00:00 0 
7f1a2c021000-7f1a30000000 ---p 00000000 00:00 0 
7f1a30000000-7f1a30021000 rw-p 00000000 00:00 0 
7f1a30021000-7f1a34000000 ---p 00000000 00:00 0 
7f1a34000000-7f1a34021000 rw-p 00000000 00:00 0 
7f1a34021000-7f1a38000000 ---p 00000000 00:00 0 
7f1a38000000-7f1a38028000 rw-p 00000000 00:00 0 
7f1a38028000-7f1a3c000000 ---p 00000000 00:00 0 
7f1a3c121000-7f1a3c125000 ---p 00000000 00:00 0 
7f1a3c125000-7f1a3c222000 rw-p 00000000 00:00 0 
7f1a3c222000-7f1a3c223000 ---p 00000000 00:00 0 
7f1a3c223000-7f1a3c324000 rw-p 00000000 00:00 0 
7f1a3c324000-7f1a3c328000 ---p 00000000 00:00 0 
7f1a3c328000-7f1a3c425000 rw-p 00000000 00:00 0 
7f1a3c425000-7f1a3c429000 ---p 00000000 00:00 0 
7f1a3c429000-7f1a3c526000 rw-p 00000000 00:00 0 
7f1a3c526000-7f1a3c52a000 ---p 00000000 00:00 0 
7f1a3c52a000-7f1a3c627000 rw-p 00000000 00:00 0 
7f1a3c627000-7f1a3c62b000 ---p 00000000 00:00 0 
7f1a3c62b000-7f1a3c728000 rw-p 00000000 00:00 0 
7f1a3c728000-7f1a3c72c000 ---p 00000000 00:00 0 
7f1a3c72c000-7f1a3c829000 rw-p 00000000 00:00 0 
7f1a3c829000-7f1a3c82d000 ---p 00000000 00:00 0 
7f1a3c82d000-7f1a3c92a000 rw-p 00000000 00:00 0 
7f1a3c92a000-7f1a3c92e000 ---p 00000000 00:00 0 
7f1a3c92e000-7f1a3ca2b000 rw-p 00000000 00:00 0 
7f1a3ca2b000-7f1a3d3fa000 r--p 00000000 08:01 924394                     /usr/lib/locale/locale-archive
7f1a3d3fa000-7f1a3d3fe000 ---p 00000000 00:00 0 
7f1a3d3fe000-7f1a3d4fb000 rw-p 00000000 00:00 0 
7f1a3d4fb000-7f1a3d4ff000 ---p 00000000 00:00 0 
7f1a3d4ff000-7f1a3d5fc000 rw-p 00000000 00:00 0 
7f1a3d5fc000-7f1a3d5fd000 ---p 00000000 00:00 0 
7f1a3d5fd000-7f1a3defe000 rw-p 00000000 00:00 0 
7f1a3defe000-7f1a3deff000 ---p 00000000 00:00 0 
7f1a3deff000-7f1a40000000 rw-p 00000000 00:00 0 
7f1a40000000-7f1a40021000 rw-p 00000000 00:00 0 
7f1a40021000-7f1a44000000 ---p 00000000 00:00 0 
7f1a44000000-7f1a44021000 rw-p 00000000 00:00 0 
7f1a44021000-7f1a48000000 ---p 00000000 00:00 0 
7f1a48000000-7f1a48021000 rw-p 00000000 00:00 0 
7f1a48021000-7f1a4c000000 ---p 00000000 00:00 0 
7f1a4c000000-7f1a4c021000 rw-p 00000000 00:00 0 
7f1a4c021000-7f1a50000000 ---p 00000000 00:00 0 
7f1a50000000-7f1a50021000 rw-p 00000000 00:00 0 
7f1a50021000-7f1a54000000 ---p 00000000 00:00 0 
7f1a54000000-7f1a54025000 rw-p 00000000 00:00 0 
7f1a54025000-7f1a58000000 ---p 00000000 00:00 0 
7f1a58000000-7f1a58021000 rw-p 00000000 00:00 0 
7f1a58021000-7f1a5c000000 ---p 00000000 00:00 0 
7f1a5c000000-7f1a5c021000 rw-p 00000000 00:00 0 
7f1a5c021000-7f1a60000000 ---p 00000000 00:00 0 
7f1a60000000-7f1a60021000 rw-p 00000000 00:00 0 
7f1a60021000-7f1a64000000 ---p 00000000 00:00 0 
7f1a64000000-7f1a64021000 rw-p 00000000 00:00 0 
7f1a64021000-7f1a68000000 ---p 00000000 00:00 0 
7f1a68000000-7f1a68021000 rw-p 00000000 00:00 0 
7f1a68021000-7f1a6c000000 ---p 00000000 00:00 0 
7f1a6c01e000-7f1a6c094000 rw-p 00000000 00:00 0 
7f1a6c094000-7f1a6c095000 ---p 00000000 00:00 0 
7f1a6c095000-7f1a6c196000 rw-p 00000000 00:00 0 
7f1a6c196000-7f1a6c197000 ---p 00000000 00:00 0 
7f1a6c197000-7f1a6c298000 rw-p 00000000 00:00 0 
7f1a6c298000-7f1a6c299000 ---p 00000000 00:00 0 
7f1a6c299000-7f1a6c39a000 rw-p 00000000 00:00 0 
7f1a6c39a000-7f1a6c39b000 ---p 00000000 00:00 0 
7f1a6c39b000-7f1a6c49c000 rw-p 00000000 00:00 0 
7f1a6c49c000-7f1a6c49d000 ---p 00000000 00:00 0 
7f1a6c49d000-7f1a6c59e000 rw-p 00000000 00:00 0 
7f1a6c59e000-7f1a6c59f000 ---p 00000000 00:00 0 
7f1a6c59f000-7f1a6c6a0000 rw-p 00000000 00:00 0 
7f1a6c6a0000-7f1a6c6a1000 ---p 00000000 00:00 0 
7f1a6c6a1000-7f1a6c7a2000 rw-p 00000000 00:00 0 
7f1a6c7a2000-7f1a6c7a3000 ---p 00000000 00:00 0 
7f1a6c7a3000-7f1a6d0ac000 rw-p 00000000 00:00 0 
7f1a6d0ac000-7f1a6d0ad000 ---p 00000000 00:00 0 
7f1a6d0ad000-7f1a6d1ae000 rw-p 00000000 00:00 0 
7f1a6d1ae000-7f1a6d1af000 ---p 00000000 00:00 0 
7f1a6d1af000-7f1a6d2b0000 rw-p 00000000 00:00 0 
7f1a6d2b0000-7f1a6d2b1000 ---p 00000000 00:00 0 
7f1a6d2b1000-7f1a6d772000 rw-p 00000000 00:00 0 
7f1a6d772000-7f1a6e30a000 ---p 00000000 00:00 0 
7f1a6e30a000-7f1a6e6ca000 rw-p 00000000 00:00 0 
7f1a6e6ca000-7f1a6f262000 ---p 00000000 00:00 0 
7f1a6f262000-7f1a6f2da000 rw-p 00000000 00:00 0 
7f1a6f2da000-7f1a6f44d000 ---p 00000000 00:00 0 
7f1a6f44d000-7f1a6f4c5000 rw-p 00000000 00:00 0 
7f1a6f4c5000-7f1a6f638000 ---p 00000000 00:00 0 
7f1a6f638000-7f1a6f6b0000 rw-p 00000000 00:00 0 
7f1a6f6b0000-7f1a6f823000 ---p 00000000 00:00 0 
7f1a6f823000-7f1a6fb26000 rw-p 00000000 00:00 0 
7f1a6fb26000-7f1a6fd96000 rwxp 00000000 00:00 0 
7f1a6fd96000-7f1a700b7000 ---p 00000000 00:00 0 
7f1a700b7000-7f1a707a7000 rwxp 00000000 00:00 0 
7f1a707a7000-7f1a775ee000 ---p 00000000 00:00 0 
7f1a775ee000-7f1a7785e000 rwxp 00000000 00:00 0 
7f1a7785e000-7f1a7eb26000 ---p 00000000 00:00 0 
7f1a7eb26000-7f1a88000000 r--s 00000000 08:01 948627                     /usr/lib/jvm/java-11-openjdk-amd64/lib/modules
7f1a88000000-7f1a884dc000 rw-p 00000000 00:00 0 
7f1a884dc000-7f1a8c000000 ---p 00000000 00:00 0 
7f1a8c019000-7f1a8c51e000 rw-p 00000000 00:00 0 
7f1a8c51e000-7f1a8c51f000 ---p 00000000 00:00 0 
7f1a8c51f000-7f1a8c620000 rw-p 00000000 00:00 0 
7f1a8c620000-7f1a8c621000 ---p 00000000 00:00 0 
7f1a8c621000-7f1a8c722000 rw-p 00000000 00:00 0 
7f1a8c722000-7f1a8c723000 ---p 00000000 00:00 0 
7f1a8c723000-7f1a8c824000 rw-p 00000000 00:00 0 
7f1a8c824000-7f1a8c825000 ---p 00000000 00:00 0 
7f1a8c825000-7f1a8c926000 rw-p 00000000 00:00 0 
7f1a8c926000-7f1a8c927000 ---p 00000000 00:00 0 
7f1a8c927000-7f1a8ca28000 rw-p 00000000 00:00 0 
7f1a8ca28000-7f1a8ca29000 ---p 00000000 00:00 0 
7f1a8ca29000-7f1a8cb2a000 rw-p 00000000 00:00 0 
7f1a8cb2a000-7f1a8cb2b000 ---p 00000000 00:00 0 
7f1a8cb2b000-7f1a8cc2c000 rw-p 00000000 00:00 0 
7f1a8cc2c000-7f1a8cc2d000 ---p 00000000 00:00 0 
7f1a8cc2d000-7f1a8cd33000 rw-p 00000000 00:00 0 
7f1a8cd33000-7f1a8ce19000 ---p 00000000 00:00 0 
7f1a8ce19000-7f1a8ce27000 rw-p 00000000 00:00 0 
7f1a8ce27000-7f1a8cf04000 ---p 00000000 00:00 0 
7f1a8cf04000-7f1a8cf09000 r-xp 00000000 08:01 948609                     /usr/lib/jvm/java-11-openjdk-amd64/lib/libjimage.so
7f1a8cf09000-7f1a8d108000 ---p 00005000 08:01 948609                     /usr/lib/jvm/java-11-openjdk-amd64/lib/libjimage.so
7f1a8d108000-7f1a8d109000 r--p 00004000 08:01 948609                     /usr/lib/jvm/java-11-openjdk-amd64/lib/libjimage.so
7f1a8d109000-7f1a8d10a000 rw-p 00005000 08:01 948609                     /usr/lib/jvm/java-11-openjdk-amd64/lib/libjimage.so
7f1a8d10a000-7f1a8d111000 r-xp 00000000 08:01 948626                     /usr/lib/jvm/java-11-openjdk-amd64/lib/libzip.so
7f1a8d111000-7f1a8d310000 ---p 00007000 08:01 948626                     /usr/lib/jvm/java-11-openjdk-amd64/lib/libzip.so
7f1a8d310000-7f1a8d311000 r--p 00006000 08:01 948626                     /usr/lib/jvm/java-11-openjdk-amd64/lib/libzip.so
7f1a8d311000-7f1a8d312000 rw-p 00007000 08:01 948626                     /usr/lib/jvm/java-11-openjdk-amd64/lib/libzip.so
7f1a8d312000-7f1a8d31d000 r-xp 00000000 08:01 399298                     /lib/x86_64-linux-gnu/libnss_files-2.27.so
7f1a8d31d000-7f1a8d51c000 ---p 0000b000 08:01 399298                     /lib/x86_64-linux-gnu/libnss_files-2.27.so
7f1a8d51c000-7f1a8d51d000 r--p 0000a000 08:01 399298                     /lib/x86_64-linux-gnu/libnss_files-2.27.so
7f1a8d51d000-7f1a8d51e000 rw-p 0000b000 08:01 399298                     /lib/x86_64-linux-gnu/libnss_files-2.27.so
7f1a8d51e000-7f1a8d524000 rw-p 00000000 00:00 0 
7f1a8d524000-7f1a8d53b000 r-xp 00000000 08:01 399292                     /lib/x86_64-linux-gnu/libnsl-2.27.so
7f1a8d53b000-7f1a8d73a000 ---p 00017000 08:01 399292                     /lib/x86_64-linux-gnu/libnsl-2.27.so
7f1a8d73a000-7f1a8d73b000 r--p 00016000 08:01 399292                     /lib/x86_64-linux-gnu/libnsl-2.27.so
7f1a8d73b000-7f1a8d73c000 rw-p 00017000 08:01 399292                     /lib/x86_64-linux-gnu/libnsl-2.27.so
7f1a8d73c000-7f1a8d73e000 rw-p 00000000 00:00 0 
7f1a8d73e000-7f1a8d749000 r-xp 00000000 08:01 399309                     /lib/x86_64-linux-gnu/libnss_nis-2.27.so
7f1a8d749000-7f1a8d948000 ---p 0000b000 08:01 399309                     /lib/x86_64-linux-gnu/libnss_nis-2.27.so
7f1a8d948000-7f1a8d949000 r--p 0000a000 08:01 399309                     /lib/x86_64-linux-gnu/libnss_nis-2.27.so
7f1a8d949000-7f1a8d94a000 rw-p 0000b000 08:01 399309                     /lib/x86_64-linux-gnu/libnss_nis-2.27.so
7f1a8d94a000-7f1a8d952000 r-xp 00000000 08:01 399294                     /lib/x86_64-linux-gnu/libnss_compat-2.27.so
7f1a8d952000-7f1a8db52000 ---p 00008000 08:01 399294                     /lib/x86_64-linux-gnu/libnss_compat-2.27.so
7f1a8db52000-7f1a8db53000 r--p 00008000 08:01 399294                     /lib/x86_64-linux-gnu/libnss_compat-2.27.so
7f1a8db53000-7f1a8db54000 rw-p 00009000 08:01 399294                     /lib/x86_64-linux-gnu/libnss_compat-2.27.so
7f1a8db54000-7f1a8db80000 r-xp 00000000 08:01 948605                     /usr/lib/jvm/java-11-openjdk-amd64/lib/libjava.so
7f1a8db80000-7f1a8dd7f000 ---p 0002c000 08:01 948605                     /usr/lib/jvm/java-11-openjdk-amd64/lib/libjava.so
7f1a8dd7f000-7f1a8dd80000 r--p 0002b000 08:01 948605                     /usr/lib/jvm/java-11-openjdk-amd64/lib/libjava.so
7f1a8dd80000-7f1a8dd82000 rw-p 0002c000 08:01 948605                     /usr/lib/jvm/java-11-openjdk-amd64/lib/libjava.so
7f1a8dd82000-7f1a8dd8f000 r-xp 00000000 08:01 948625                     /usr/lib/jvm/java-11-openjdk-amd64/lib/libverify.so
7f1a8dd8f000-7f1a8df8e000 ---p 0000d000 08:01 948625                     /usr/lib/jvm/java-11-openjdk-amd64/lib/libverify.so
7f1a8df8e000-7f1a8df90000 r--p 0000c000 08:01 948625                     /usr/lib/jvm/java-11-openjdk-amd64/lib/libverify.so
7f1a8df90000-7f1a8df91000 rw-p 0000e000 08:01 948625                     /usr/lib/jvm/java-11-openjdk-amd64/lib/libverify.so
7f1a8df91000-7f1a8df98000 r-xp 00000000 08:01 399349                     /lib/x86_64-linux-gnu/librt-2.27.so
7f1a8df98000-7f1a8e197000 ---p 00007000 08:01 399349                     /lib/x86_64-linux-gnu/librt-2.27.so
7f1a8e197000-7f1a8e198000 r--p 00006000 08:01 399349                     /lib/x86_64-linux-gnu/librt-2.27.so
7f1a8e198000-7f1a8e199000 rw-p 00007000 08:01 399349                     /lib/x86_64-linux-gnu/librt-2.27.so
7f1a8e199000-7f1a8e1b0000 r-xp 00000000 08:01 393301                     /lib/x86_64-linux-gnu/libgcc_s.so.1
7f1a8e1b0000-7f1a8e3af000 ---p 00017000 08:01 393301                     /lib/x86_64-linux-gnu/libgcc_s.so.1
7f1a8e3af000-7f1a8e3b0000 r--p 00016000 08:01 393301                     /lib/x86_64-linux-gnu/libgcc_s.so.1
7f1a8e3b0000-7f1a8e3b1000 rw-p 00017000 08:01 393301                     /lib/x86_64-linux-gnu/libgcc_s.so.1
7f1a8e3b1000-7f1a8e54e000 r-xp 00000000 08:01 399271                     /lib/x86_64-linux-gnu/libm-2.27.so
7f1a8e54e000-7f1a8e74d000 ---p 0019d000 08:01 399271                     /lib/x86_64-linux-gnu/libm-2.27.so
7f1a8e74d000-7f1a8e74e000 r--p 0019c000 08:01 399271                     /lib/x86_64-linux-gnu/libm-2.27.so
7f1a8e74e000-7f1a8e74f000 rw-p 0019d000 08:01 399271                     /lib/x86_64-linux-gnu/libm-2.27.so
7f1a8e74f000-7f1a8e8c8000 r-xp 00000000 08:01 920236                     /usr/lib/x86_64-linux-gnu/libstdc++.so.6.0.25
7f1a8e8c8000-7f1a8eac8000 ---p 00179000 08:01 920236                     /usr/lib/x86_64-linux-gnu/libstdc++.so.6.0.25
7f1a8eac8000-7f1a8ead2000 r--p 00179000 08:01 920236                     /usr/lib/x86_64-linux-gnu/libstdc++.so.6.0.25
7f1a8ead2000-7f1a8ead4000 rw-p 00183000 08:01 920236                     /usr/lib/x86_64-linux-gnu/libstdc++.so.6.0.25
7f1a8ead4000-7f1a8ead8000 rw-p 00000000 00:00 0 
7f1a8ead8000-7f1a8fa75000 r-xp 00000000 08:01 1056032                    /usr/lib/jvm/java-11-openjdk-amd64/lib/server/libjvm.so
7f1a8fa75000-7f1a8fc75000 ---p 00f9d000 08:01 1056032                    /usr/lib/jvm/java-11-openjdk-amd64/lib/server/libjvm.so
7f1a8fc75000-7f1a8fd39000 r--p 00f9d000 08:01 1056032                    /usr/lib/jvm/java-11-openjdk-amd64/lib/server/libjvm.so
7f1a8fd39000-7f1a8fd71000 rw-p 01061000 08:01 1056032                    /usr/lib/jvm/java-11-openjdk-amd64/lib/server/libjvm.so
7f1a8fd71000-7f1a8fdba000 rw-p 00000000 00:00 0 
7f1a8fdba000-7f1a8fdd4000 r-xp 00000000 08:01 399341                     /lib/x86_64-linux-gnu/libpthread-2.27.so
7f1a8fdd4000-7f1a8ffd3000 ---p 0001a000 08:01 399341                     /lib/x86_64-linux-gnu/libpthread-2.27.so
7f1a8ffd3000-7f1a8ffd4000 r--p 00019000 08:01 399341                     /lib/x86_64-linux-gnu/libpthread-2.27.so
7f1a8ffd4000-7f1a8ffd5000 rw-p 0001a000 08:01 399341                     /lib/x86_64-linux-gnu/libpthread-2.27.so
7f1a8ffd5000-7f1a8ffd9000 rw-p 00000000 00:00 0 
7f1a8ffd9000-7f1a8ffdc000 r-xp 00000000 08:01 399231                     /lib/x86_64-linux-gnu/libdl-2.27.so
7f1a8ffdc000-7f1a901db000 ---p 00003000 08:01 399231                     /lib/x86_64-linux-gnu/libdl-2.27.so
7f1a901db000-7f1a901dc000 r--p 00002000 08:01 399231                     /lib/x86_64-linux-gnu/libdl-2.27.so
7f1a901dc000-7f1a901dd000 rw-p 00003000 08:01 399231                     /lib/x86_64-linux-gnu/libdl-2.27.so
7f1a901dd000-7f1a901f9000 r-xp 00000000 08:01 399380                     /lib/x86_64-linux-gnu/libz.so.1.2.11
7f1a901f9000-7f1a903f8000 ---p 0001c000 08:01 399380                     /lib/x86_64-linux-gnu/libz.so.1.2.11
7f1a903f8000-7f1a903f9000 r--p 0001b000 08:01 399380                     /lib/x86_64-linux-gnu/libz.so.1.2.11
7f1a903f9000-7f1a903fa000 rw-p 0001c000 08:01 399380                     /lib/x86_64-linux-gnu/libz.so.1.2.11
7f1a903fa000-7f1a905e1000 r-xp 00000000 08:01 399208                     /lib/x86_64-linux-gnu/libc-2.27.so
7f1a905e1000-7f1a907e1000 ---p 001e7000 08:01 399208                     /lib/x86_64-linux-gnu/libc-2.27.so
7f1a907e1000-7f1a907e5000 r--p 001e7000 08:01 399208                     /lib/x86_64-linux-gnu/libc-2.27.so
7f1a907e5000-7f1a907e7000 rw-p 001eb000 08:01 399208                     /lib/x86_64-linux-gnu/libc-2.27.so
7f1a907e7000-7f1a907eb000 rw-p 00000000 00:00 0 
7f1a907eb000-7f1a907fa000 r-xp 00000000 08:01 948590                     /usr/lib/jvm/java-11-openjdk-amd64/lib/jli/libjli.so
7f1a907fa000-7f1a909f9000 ---p 0000f000 08:01 948590                     /usr/lib/jvm/java-11-openjdk-amd64/lib/jli/libjli.so
7f1a909f9000-7f1a909fa000 r--p 0000e000 08:01 948590                     /usr/lib/jvm/java-11-openjdk-amd64/lib/jli/libjli.so
7f1a909fa000-7f1a909fb000 rw-p 0000f000 08:01 948590                     /usr/lib/jvm/java-11-openjdk-amd64/lib/jli/libjli.so
7f1a909fb000-7f1a90a22000 r-xp 00000000 08:01 399180                     /lib/x86_64-linux-gnu/ld-2.27.so
7f1a90a64000-7f1a90b02000 rw-p 00000000 00:00 0 
7f1a90b02000-7f1a90b09000 ---p 00000000 00:00 0 
7f1a90b09000-7f1a90b0d000 ---p 00000000 00:00 0 
7f1a90b0d000-7f1a90c0c000 rw-p 00000000 00:00 0 
7f1a90c15000-7f1a90c16000 rw-p 00000000 00:00 0 
7f1a90c16000-7f1a90c1e000 rw-s 00000000 08:01 799035                     /tmp/hsperfdata_root/36291
7f1a90c1e000-7f1a90c1f000 ---p 00000000 00:00 0 
7f1a90c1f000-7f1a90c20000 r--p 00000000 00:00 0 
7f1a90c20000-7f1a90c22000 rw-p 00000000 00:00 0 
7f1a90c22000-7f1a90c23000 r--p 00027000 08:01 399180                     /lib/x86_64-linux-gnu/ld-2.27.so
7f1a90c23000-7f1a90c24000 rw-p 00028000 08:01 399180                     /lib/x86_64-linux-gnu/ld-2.27.so
7f1a90c24000-7f1a90c25000 rw-p 00000000 00:00 0 
7ffd4d121000-7ffd4d142000 rw-p 00000000 00:00 0                          [stack]
7ffd4d187000-7ffd4d18a000 r--p 00000000 00:00 0                          [vvar]
7ffd4d18a000-7ffd4d18c000 r-xp 00000000 00:00 0                          [vdso]
ffffffffff600000-ffffffffff601000 r-xp 00000000 00:00 0                  [vsyscall]


VM Arguments:
java_command: third-party/closure-compiler.jar --generate_exports --compilation_level ADVANCED_OPTIMIZATIONS --dependency_mode=STRICT --externs externs/gviz-externs.js --externs externs/interpreter-externs.js --externs externs/prettify-externs.js --externs externs/soundJS-externs.js --externs externs/storage-externs.js --externs appengine/third-party/blockly/externs/svg-externs.js --language_out ECMASCRIPT5_STRICT --entry_point=Puzzle --js='appengine/third-party/**.js' --js='!appengine/third-party/blockly/*.js' --js='!appengine/third-party/blockly/tests/**.js' --js='!appengine/third-party/blockly/externs/**.js' --js='!appengine/third-party/blockly/demos/**.js' --js='appengine/generated/en/*.js' --js='appengine/js/*.js' --warning_level QUIET --js='appengine/puzzle/generated/en/*.js' --js='appengine/puzzle/js/*.js'
java_class_path (initial): third-party/closure-compiler.jar
Launcher Type: SUN_STANDARD

Logging:
Log output configuration:
#0: stdout all=warning uptime,level,tags
#1: stderr all=off uptime,level,tags

Environment Variables:
PATH=/usr/local/sbin:/usr/local/bin:/usr/sbin:/usr/bin:/sbin:/bin:/usr/games:/usr/local/games
USERNAME=root
SHELL=/bin/bash
DISPLAY=:0

Signal Handlers:
SIGSEGV: [libjvm.so+0xd28ad0], sa_mask[0]=11111111011111111101111111111110, sa_flags=SA_RESTART|SA_SIGINFO
SIGBUS: [libjvm.so+0xd28ad0], sa_mask[0]=11111111011111111101111111111110, sa_flags=SA_RESTART|SA_SIGINFO
SIGFPE: [libjvm.so+0xd28ad0], sa_mask[0]=11111111011111111101111111111110, sa_flags=SA_RESTART|SA_SIGINFO
SIGPIPE: [libjvm.so+0xb2a150], sa_mask[0]=11111111011111111101111111111110, sa_flags=SA_RESTART|SA_SIGINFO
SIGXFSZ: [libjvm.so+0xb2a150], sa_mask[0]=11111111011111111101111111111110, sa_flags=SA_RESTART|SA_SIGINFO
SIGILL: [libjvm.so+0xd28ad0], sa_mask[0]=11111111011111111101111111111110, sa_flags=SA_RESTART|SA_SIGINFO
SIGUSR2: [libjvm.so+0xb29f90], sa_mask[0]=00000000000000000000000000000000, sa_flags=SA_RESTART|SA_SIGINFO
SIGHUP: [libjvm.so+0xb2a0e0], sa_mask[0]=11111111011111111101111111111110, sa_flags=SA_RESTART|SA_SIGINFO
SIGINT: [libjvm.so+0xb2a0e0], sa_mask[0]=11111111011111111101111111111110, sa_flags=SA_RESTART|SA_SIGINFO
SIGTERM: [libjvm.so+0xb2a0e0], sa_mask[0]=11111111011111111101111111111110, sa_flags=SA_RESTART|SA_SIGINFO
SIGQUIT: [libjvm.so+0xb2a0e0], sa_mask[0]=11111111011111111101111111111110, sa_flags=SA_RESTART|SA_SIGINFO


---------------  S Y S T E M  ---------------

OS:DISTRIB_ID=Ubuntu
DISTRIB_RELEASE=18.04
DISTRIB_CODENAME=bionic
DISTRIB_DESCRIPTION="Ubuntu 18.04.1 LTS"
uname:Linux 4.15.0-36-generic #39-Ubuntu SMP Mon Sep 24 16:19:09 UTC 2018 x86_64
libc:glibc 2.27 NPTL 2.27 
rlimit: STACK 8192k, CORE 0k, NPROC 15449, NOFILE 1048576, AS infinity, DATA infinity, FSIZE infinity
load average:1.96 1.10 0.98

/proc/meminfo:
MemTotal:        4015684 kB
MemFree:           86964 kB
MemAvailable:      41608 kB
Buffers:            2656 kB
Cached:           200616 kB
SwapCached:        11172 kB
Active:          2418096 kB
Inactive:         636924 kB
Active(anon):    2369568 kB
Inactive(anon):   592448 kB
Active(file):      48528 kB
Inactive(file):    44476 kB
Unevictable:        1392 kB
Mlocked:            1392 kB
SwapTotal:        969960 kB
SwapFree:              0 kB
Dirty:               272 kB
Writeback:          7408 kB
AnonPages:       2843352 kB
Mapped:           178824 kB
Shmem:            109816 kB
Slab:             154392 kB
SReclaimable:      57012 kB
SUnreclaim:        97380 kB
KernelStack:       23216 kB
PageTables:        96396 kB
NFS_Unstable:          0 kB
Bounce:                0 kB
WritebackTmp:          0 kB
CommitLimit:     2977800 kB
Committed_AS:   15531540 kB
VmallocTotal:   34359738367 kB
VmallocUsed:           0 kB
VmallocChunk:          0 kB
HardwareCorrupted:     0 kB
AnonHugePages:         0 kB
ShmemHugePages:        0 kB
ShmemPmdMapped:        0 kB
CmaTotal:              0 kB
CmaFree:               0 kB
HugePages_Total:       0
HugePages_Free:        0
HugePages_Rsvd:        0
HugePages_Surp:        0
Hugepagesize:       2048 kB
DirectMap4k:      540480 kB
DirectMap2M:     3653632 kB
DirectMap1G:     2097152 kB

container (cgroup) information:
container_type: cgroupv1
cpu_cpuset_cpus: 0-7
cpu_memory_nodes: 0
active_processor_count: 8
cpu_quota: -1
cpu_period: 100000
cpu_shares: -1
memory_limit_in_bytes: -1
memory_and_swap_limit_in_bytes: -2
memory_soft_limit_in_bytes: -1
memory_usage_in_bytes: 3122778112
memory_max_usage_in_bytes: 743985152


CPU:total 8 (initial active 8) (4 cores per cpu, 1 threads per core) family 6 model 94 stepping 3, cmov, cx8, fxsr, mmx, sse, sse2, sse3, ssse3, sse4.1, sse4.2, popcnt, avx, avx2, aes, clmul, erms, rtm, 3dnowpref, lzcnt, tsc, tscinvbit, bmi1, bmi2, adx, fma
CPU Model and flags from /proc/cpuinfo:
model name	: Intel(R) Core(TM) i7-6700HQ CPU @ 2.60GHz
flags		: fpu vme de pse tsc msr pae mce cx8 apic sep mtrr pge mca cmov pat pse36 clflush mmx fxsr sse sse2 ss ht syscall nx pdpe1gb rdtscp lm constant_tsc arch_perfmon nopl xtopology tsc_reliable nonstop_tsc cpuid pni pclmulqdq vmx ssse3 fma cx16 pcid sse4_1 sse4_2 x2apic movbe popcnt tsc_deadline_timer aes xsave avx f16c rdrand hypervisor lahf_lm abm 3dnowprefetch cpuid_fault invpcid_single pti ibrs ibpb stibp tpr_shadow vnmi ept vpid fsgsbase tsc_adjust bmi1 hle avx2 smep bmi2 invpcid rtm mpx rdseed adx smap clflushopt xsaveopt xsavec xsaves arat arch_capabilities

Memory: 4k page, physical 4015684k(86964k free), swap 969960k(0k free)

vm_info: OpenJDK 64-Bit Server VM (10.0.2+13-Ubuntu-1ubuntu0.18.04.2) for linux-amd64 JRE (10.0.2+13-Ubuntu-1ubuntu0.18.04.2), built on Aug 24 2018 17:36:24 by "buildd" with gcc 7.3.0

END.
